2015-06-30 09:47:59,373 - com.numenta.nupic.swarming.HypersearchWorker(6032) - INFO - <BUILDID=N/A, WORKER=HS, WRKID=N/A, JOBID=N/A> Launched with command line arguments: ['--jobID=1033']
2015-06-30 09:47:59,373 - com.numenta.nupic.swarming.HypersearchWorker(6032) - INFO - <BUILDID=N/A, WORKER=HS, WRKID=N/A, JOBID=N/A> Connecting to the jobs database
2015-06-30 09:47:59,374 - com.numenta.nupic.database.Connection.ConnectionFactory(6032) - INFO - <BUILDID=N/A, WORKER=HS, WRKID=N/A, JOBID=N/A> Creating db connection policy via provider <bound method type._createDefaultPolicy of <class 'nupic.database.Connection.ConnectionFactory'>>
2015-06-30 09:47:59,377 - com.numenta.nupic.database.Connection.PooledConnectionPolicy(6032) - INFO - <BUILDID=N/A, WORKER=HS, WRKID=N/A, JOBID=N/A> Created PooledConnectionPolicy
2015-06-30 09:47:59,386 - com.numenta.nupic.database.ClientJobsDAO.ClientJobsDAO(6032) - INFO - <BUILDID=N/A, WORKER=HS, WRKID=N/A, JOBID=N/A> clientJobsConnectionID=81
2015-06-30 09:47:59,388 - com.numenta.nupic.swarming.HypersearchWorker(6032) - INFO - <BUILDID=N/A, WORKER=HW, WRKID=81, JOBID=1033> Job info retrieved: {'engModelMilestones': 'None', 'clientInfo': '', 'numFailedWorkers': '0', 'engJobType': 'hypersearch', 'results': 'None', 'jobId': '1033', 'completionMsg': 'None', 'cancel': '0', 'engWorkerState': 'None', 'workerCompletionMsg': 'None', 'jobHash': "\xc3e\x80\xf5\x1fG\x11\xe5\x97X\x08\x00'\x16\xdf\xd4", 'genBaseDescription': 'None', 'completionReason': 'None', 'priority': '0', 'cmdLine': '$HYPERSEARCH', 'params': '{"hsVersion": "v2", "maxModels": null, "persistentJobGUID": "c36...', 'workerCompletionReason': 'success', 'engAllocateNewWorkers': '1', 'lastFailedWorkerErrorMsg': 'None', 'engUntendedDeadWorkers': '0', 'engLastUpdateTime': '2015-06-30 16:47:58', 'status': 'notStarted', 'engStatus': 'None', 'startTime': 'None', 'minimumWorkers': '1', 'endTime': 'None', 'engCjmConnId': 'None', 'genPermutations': 'None', 'client': 'GRP', 'engCleaningStatus': 'notdone', 'clientKey': '', 'maximumWorkers': '4'}
2015-06-30 09:47:59,390 - com.numenta.nupic.swarming.HypersearchV2.HypersearchV2(6032) - INFO - <BUILDID=N/A, WORKER=HW, WRKID=81, JOBID=1033> searchParams: 
{u'description': {u'includedFields': [{u'fieldName': 'timestamp',
                                       u'fieldType': 'datetime'},
                                      {u'fieldName': 'euse',
                                       u'fieldType': 'float',
                                       u'maxValue': '35.0',
                                       u'minValue': '10.0'}],
                  u'inferenceArgs': {u'predictedField': 'euse',
                                     u'predictionSteps': ['4']},
                  u'inferenceType': 'TemporalMultiStep',
                  u'iterationCount': '-1',
                  u'streamDef': {u'info': 'kwh',
                                 u'streams': [{u'columns': ['timestamp',
                                                            'euse'],
                                               u'info': 'energy_only_252',
                                               u'source': 'file:///home/pat/workspace/pecan/house_data/252_data/252_clean_d...'}]},
                  u'swarmSize': 'small'},
 u'hsVersion': 'v2',
 u'maxModels': 'None',
 u'persistentJobGUID': 'c36580f4-1f47-11e5-9758-08002716dfd4',
 u'useTerminators': 'False'}
2015-06-30 09:48:19,283 - com.numenta.nupic.swarming.HypersearchV2.HypersearchV2(6032) - INFO - <BUILDID=N/A, WORKER=HW, WRKID=81, JOBID=1033> Ready to end hyperseach, but not all models have matured yet. Sleeping a bit to wait for all models to mature.
2015-06-30 09:48:22,484 - com.numenta.nupic.swarming.HypersearchV2.HypersearchV2(6032) - INFO - <BUILDID=N/A, WORKER=HW, WRKID=81, JOBID=1033> Ready to end hyperseach, but not all models have matured yet. Sleeping a bit to wait for all models to mature.
2015-06-30 09:48:22,613 - com.numenta.nupic.swarming.HypersearchV2.HypersearchV2(6032) - INFO - <BUILDID=N/A, WORKER=HW, WRKID=81, JOBID=1033> Ready to end hyperseach, but not all models have matured yet. Sleeping a bit to wait for all models to mature.
2015-06-30 09:48:23,992 - com.numenta.nupic.swarming.HypersearchV2.HypersearchV2(6032) - INFO - <BUILDID=N/A, WORKER=HW, WRKID=81, JOBID=1033> Ready to end hyperseach, but not all models have matured yet. Sleeping a bit to wait for all models to mature.
2015-06-30 09:48:25,113 - com.numenta.nupic.swarming.HypersearchV2.HypersearchV2(6032) - INFO - <BUILDID=N/A, WORKER=HW, WRKID=81, JOBID=1033> Ready to end hyperseach, but not all models have matured yet. Sleeping a bit to wait for all models to mature.
2015-06-30 09:48:28,800 - com.numenta.nupic.swarming.HypersearchV2.HypersearchV2(6032) - INFO - <BUILDID=N/A, WORKER=HW, WRKID=81, JOBID=1033> Ready to end hyperseach, but not all models have matured yet. Sleeping a bit to wait for all models to mature.
2015-06-30 09:48:32,188 - com.numenta.nupic.swarming.HypersearchV2.HypersearchV2(6032) - INFO - <BUILDID=N/A, WORKER=HW, WRKID=81, JOBID=1033> Ready to end hyperseach, but not all models have matured yet. Sleeping a bit to wait for all models to mature.
2015-06-30 09:48:36,655 - com.numenta.nupic.swarming.HypersearchV2.HypersearchV2(6032) - INFO - <BUILDID=N/A, WORKER=HW, WRKID=81, JOBID=1033> Ready to end hyperseach, but not all models have matured yet. Sleeping a bit to wait for all models to mature.
2015-06-30 09:48:37,094 - com.numenta.nupic.swarming.HypersearchV2.HypersearchV2(6032) - INFO - <BUILDID=N/A, WORKER=HW, WRKID=81, JOBID=1033> Ready to end hyperseach, but not all models have matured yet. Sleeping a bit to wait for all models to mature.
2015-06-30 09:48:39,209 - com.numenta.nupic.swarming.HypersearchV2.HypersearchV2(6032) - INFO - <BUILDID=N/A, WORKER=HW, WRKID=81, JOBID=1033> Ready to end hyperseach, but not all models have matured yet. Sleeping a bit to wait for all models to mature.
2015-06-30 09:48:39,359 - com.numenta.nupic.swarming.HypersearchV2.HypersearchV2(6032) - INFO - <BUILDID=N/A, WORKER=HW, WRKID=81, JOBID=1033> Ready to end hyperseach, but not all models have matured yet. Sleeping a bit to wait for all models to mature.
2015-06-30 09:48:40,455 - com.numenta.nupic.swarming.HypersearchV2.HypersearchV2(6032) - INFO - <BUILDID=N/A, WORKER=HW, WRKID=81, JOBID=1033> Ready to end hyperseach, but not all models have matured yet. Sleeping a bit to wait for all models to mature.
2015-06-30 09:48:42,988 - com.numenta.nupic.swarming.HypersearchV2.HypersearchV2(6032) - INFO - <BUILDID=N/A, WORKER=HW, WRKID=81, JOBID=1033> Ready to end hyperseach, but not all models have matured yet. Sleeping a bit to wait for all models to mature.
2015-06-30 09:48:43,122 - com.numenta.nupic.swarming.HypersearchV2.HypersearchV2(6032) - INFO - <BUILDID=N/A, WORKER=HW, WRKID=81, JOBID=1033> Ready to end hyperseach, but not all models have matured yet. Sleeping a bit to wait for all models to mature.
2015-06-30 09:48:44,120 - com.numenta.nupic.swarming.HypersearchV2.HypersearchV2(6032) - INFO - <BUILDID=N/A, WORKER=HW, WRKID=81, JOBID=1033> Ready to end hyperseach, but not all models have matured yet. Sleeping a bit to wait for all models to mature.
2015-06-30 09:48:47,374 - com.numenta.nupic.swarming.HypersearchV2.HypersearchV2(6032) - INFO - <BUILDID=N/A, WORKER=HW, WRKID=81, JOBID=1033> Ready to end hyperseach, but not all models have matured yet. Sleeping a bit to wait for all models to mature.
2015-06-30 09:48:50,105 - com.numenta.nupic.swarming.HypersearchV2.HypersearchV2(6032) - INFO - <BUILDID=N/A, WORKER=HW, WRKID=81, JOBID=1033> Ready to end hyperseach, but not all models have matured yet. Sleeping a bit to wait for all models to mature.
2015-06-30 09:48:51,211 - com.numenta.nupic.swarming.HypersearchV2.HypersearchV2(6032) - INFO - <BUILDID=N/A, WORKER=HW, WRKID=81, JOBID=1033> Ready to end hyperseach, but not all models have matured yet. Sleeping a bit to wait for all models to mature.
2015-06-30 09:48:54,161 - com.numenta.nupic.swarming.HypersearchV2.HypersearchV2(6032) - INFO - <BUILDID=N/A, WORKER=HW, WRKID=81, JOBID=1033> Ready to end hyperseach, but not all models have matured yet. Sleeping a bit to wait for all models to mature.
2015-06-30 09:48:58,214 - com.numenta.nupic.swarming.HypersearchV2.HypersearchV2(6032) - INFO - <BUILDID=N/A, WORKER=HW, WRKID=81, JOBID=1033> Ready to end hyperseach, but not all models have matured yet. Sleeping a bit to wait for all models to mature.
2015-06-30 09:48:58,249 - com.numenta.nupic.swarming.HypersearchV2.HypersearchV2(6032) - INFO - <BUILDID=N/A, WORKER=HW, WRKID=81, JOBID=1033> Ready to end hyperseach, but not all models have matured yet. Sleeping a bit to wait for all models to mature.
2015-06-30 09:49:02,284 - com.numenta.nupic.swarming.HypersearchV2.HypersearchV2(6032) - INFO - <BUILDID=N/A, WORKER=HW, WRKID=81, JOBID=1033> Ready to end hyperseach, but not all models have matured yet. Sleeping a bit to wait for all models to mature.
2015-06-30 09:49:05,780 - com.numenta.nupic.swarming.HypersearchV2.HypersearchV2(6032) - INFO - <BUILDID=N/A, WORKER=HW, WRKID=81, JOBID=1033> Ready to end hyperseach, but not all models have matured yet. Sleeping a bit to wait for all models to mature.
2015-06-30 09:49:07,485 - com.numenta.nupic.swarming.HypersearchV2.HypersearchV2(6032) - INFO - <BUILDID=N/A, WORKER=HW, WRKID=81, JOBID=1033> Ready to end hyperseach, but not all models have matured yet. Sleeping a bit to wait for all models to mature.
2015-06-30 09:49:08,268 - com.numenta.nupic.swarming.HypersearchV2.HypersearchV2(6032) - INFO - <BUILDID=N/A, WORKER=HW, WRKID=81, JOBID=1033> Ready to end hyperseach, but not all models have matured yet. Sleeping a bit to wait for all models to mature.
2015-06-30 09:49:13,060 - com.numenta.nupic.swarming.HypersearchV2.HypersearchV2(6032) - INFO - <BUILDID=N/A, WORKER=HW, WRKID=81, JOBID=1033> Ready to end hyperseach, but not all models have matured yet. Sleeping a bit to wait for all models to mature.
2015-06-30 09:49:14,748 - com.numenta.nupic.swarming.HypersearchV2.HypersearchV2(6032) - INFO - <BUILDID=N/A, WORKER=HW, WRKID=81, JOBID=1033> Ready to end hyperseach, but not all models have matured yet. Sleeping a bit to wait for all models to mature.
2015-06-30 09:49:15,213 - com.numenta.nupic.swarming.HypersearchV2.HypersearchV2(6032) - INFO - <BUILDID=N/A, WORKER=HW, WRKID=81, JOBID=1033> Ready to end hyperseach, but not all models have matured yet. Sleeping a bit to wait for all models to mature.
2015-06-30 09:49:15,699 - com.numenta.nupic.swarming.HypersearchV2.HypersearchV2(6032) - INFO - <BUILDID=N/A, WORKER=HW, WRKID=81, JOBID=1033> Ready to end hyperseach, but not all models have matured yet. Sleeping a bit to wait for all models to mature.
2015-06-30 09:49:19,944 - com.numenta.nupic.swarming.HypersearchV2.HypersearchV2(6032) - INFO - <BUILDID=N/A, WORKER=HW, WRKID=81, JOBID=1033> Ready to end hyperseach, but not all models have matured yet. Sleeping a bit to wait for all models to mature.
2015-06-30 09:49:22,968 - com.numenta.nupic.swarming.HypersearchV2.HypersearchV2(6032) - INFO - <BUILDID=N/A, WORKER=HW, WRKID=81, JOBID=1033> Ready to end hyperseach, but not all models have matured yet. Sleeping a bit to wait for all models to mature.
2015-06-30 09:49:27,010 - com.numenta.nupic.swarming.HypersearchV2.HypersearchV2(6032) - INFO - <BUILDID=N/A, WORKER=HW, WRKID=81, JOBID=1033> Ready to end hyperseach, but not all models have matured yet. Sleeping a bit to wait for all models to mature.
2015-06-30 09:49:30,665 - com.numenta.nupic.swarming.HypersearchV2.HypersearchV2(6032) - INFO - <BUILDID=N/A, WORKER=HW, WRKID=81, JOBID=1033> Ready to end hyperseach, but not all models have matured yet. Sleeping a bit to wait for all models to mature.
2015-06-30 09:49:33,351 - com.numenta.nupic.swarming.HypersearchV2.HypersearchV2(6032) - INFO - <BUILDID=N/A, WORKER=HW, WRKID=81, JOBID=1033> Ready to end hyperseach, but not all models have matured yet. Sleeping a bit to wait for all models to mature.
2015-06-30 09:49:38,224 - com.numenta.nupic.swarming.HypersearchV2.HypersearchV2(6032) - INFO - <BUILDID=N/A, WORKER=HW, WRKID=81, JOBID=1033> Ready to end hyperseach, but not all models have matured yet. Sleeping a bit to wait for all models to mature.
2015-06-30 09:49:40,121 - com.numenta.nupic.swarming.HypersearchV2.HypersearchV2(6032) - INFO - <BUILDID=N/A, WORKER=HW, WRKID=81, JOBID=1033> Ready to end hyperseach, but not all models have matured yet. Sleeping a bit to wait for all models to mature.
2015-06-30 09:49:42,886 - com.numenta.nupic.swarming.HypersearchV2.HypersearchV2(6032) - INFO - <BUILDID=N/A, WORKER=HW, WRKID=81, JOBID=1033> Ready to end hyperseach, but not all models have matured yet. Sleeping a bit to wait for all models to mature.
2015-06-30 09:49:47,041 - com.numenta.nupic.swarming.HypersearchV2.HypersearchV2(6032) - INFO - <BUILDID=N/A, WORKER=HW, WRKID=81, JOBID=1033> Ready to end hyperseach, but not all models have matured yet. Sleeping a bit to wait for all models to mature.
2015-06-30 09:49:50,140 - com.numenta.nupic.swarming.HypersearchV2.HypersearchV2(6032) - INFO - <BUILDID=N/A, WORKER=HW, WRKID=81, JOBID=1033> Ready to end hyperseach, but not all models have matured yet. Sleeping a bit to wait for all models to mature.
2015-06-30 09:49:54,456 - com.numenta.nupic.swarming.HypersearchV2.HypersearchV2(6032) - INFO - <BUILDID=N/A, WORKER=HW, WRKID=81, JOBID=1033> Ready to end hyperseach, but not all models have matured yet. Sleeping a bit to wait for all models to mature.
2015-06-30 09:49:57,348 - com.numenta.nupic.swarming.HypersearchV2.HypersearchV2(6032) - INFO - <BUILDID=N/A, WORKER=HW, WRKID=81, JOBID=1033> Ready to end hyperseach, but not all models have matured yet. Sleeping a bit to wait for all models to mature.
2015-06-30 09:50:00,877 - com.numenta.nupic.swarming.HypersearchV2.HypersearchV2(6032) - INFO - <BUILDID=N/A, WORKER=HW, WRKID=81, JOBID=1033> Ready to end hyperseach, but not all models have matured yet. Sleeping a bit to wait for all models to mature.
2015-06-30 09:50:01,108 - com.numenta.nupic.swarming.HypersearchV2.HypersearchV2(6032) - INFO - <BUILDID=N/A, WORKER=HW, WRKID=81, JOBID=1033> Ready to end hyperseach, but not all models have matured yet. Sleeping a bit to wait for all models to mature.
2015-06-30 09:50:02,251 - com.numenta.nupic.swarming.HypersearchV2.HypersearchV2(6032) - INFO - <BUILDID=N/A, WORKER=HW, WRKID=81, JOBID=1033> Ready to end hyperseach, but not all models have matured yet. Sleeping a bit to wait for all models to mature.
2015-06-30 09:50:03,702 - com.numenta.nupic.swarming.HypersearchV2.HypersearchV2(6032) - INFO - <BUILDID=N/A, WORKER=HW, WRKID=81, JOBID=1033> Ready to end hyperseach, but not all models have matured yet. Sleeping a bit to wait for all models to mature.
2015-06-30 09:50:04,104 - com.numenta.nupic.swarming.HypersearchV2.HypersearchV2(6032) - INFO - <BUILDID=N/A, WORKER=HW, WRKID=81, JOBID=1033> Ready to end hyperseach, but not all models have matured yet. Sleeping a bit to wait for all models to mature.
2015-06-30 09:50:05,271 - com.numenta.nupic.swarming.HypersearchV2.HypersearchV2(6032) - INFO - <BUILDID=N/A, WORKER=HW, WRKID=81, JOBID=1033> Ready to end hyperseach, but not all models have matured yet. Sleeping a bit to wait for all models to mature.
2015-06-30 09:50:05,779 - com.numenta.nupic.swarming.HypersearchV2.HypersearchV2(6032) - INFO - <BUILDID=N/A, WORKER=HW, WRKID=81, JOBID=1033> Ready to end hyperseach, but not all models have matured yet. Sleeping a bit to wait for all models to mature.
2015-06-30 09:50:07,174 - com.numenta.nupic.swarming.HypersearchV2.HypersearchV2(6032) - INFO - <BUILDID=N/A, WORKER=HW, WRKID=81, JOBID=1033> Ready to end hyperseach, but not all models have matured yet. Sleeping a bit to wait for all models to mature.
2015-06-30 09:50:10,358 - com.numenta.nupic.swarming.HypersearchV2.HypersearchV2(6032) - INFO - <BUILDID=N/A, WORKER=HW, WRKID=81, JOBID=1033> Ready to end hyperseach, but not all models have matured yet. Sleeping a bit to wait for all models to mature.
2015-06-30 09:50:12,187 - com.numenta.nupic.swarming.HypersearchV2.HypersearchV2(6032) - INFO - <BUILDID=N/A, WORKER=HW, WRKID=81, JOBID=1033> Ready to end hyperseach, but not all models have matured yet. Sleeping a bit to wait for all models to mature.
2015-06-30 09:50:14,042 - com.numenta.nupic.swarming.HypersearchV2.HypersearchV2(6032) - INFO - <BUILDID=N/A, WORKER=HW, WRKID=81, JOBID=1033> Ready to end hyperseach, but not all models have matured yet. Sleeping a bit to wait for all models to mature.
2015-06-30 09:50:15,094 - com.numenta.nupic.swarming.HypersearchV2.HypersearchV2(6032) - INFO - <BUILDID=N/A, WORKER=HW, WRKID=81, JOBID=1033> Ready to end hyperseach, but not all models have matured yet. Sleeping a bit to wait for all models to mature.
2015-06-30 09:50:16,432 - com.numenta.nupic.swarming.HypersearchV2.HypersearchV2(6032) - INFO - <BUILDID=N/A, WORKER=HW, WRKID=81, JOBID=1033> Ready to end hyperseach, but not all models have matured yet. Sleeping a bit to wait for all models to mature.
2015-06-30 09:50:21,119 - com.numenta.nupic.swarming.HypersearchV2.HypersearchV2(6032) - INFO - <BUILDID=N/A, WORKER=HW, WRKID=81, JOBID=1033> Ready to end hyperseach, but not all models have matured yet. Sleeping a bit to wait for all models to mature.
2015-06-30 09:50:24,366 - com.numenta.nupic.swarming.HypersearchV2.HypersearchV2(6032) - INFO - <BUILDID=N/A, WORKER=HW, WRKID=81, JOBID=1033> Ready to end hyperseach, but not all models have matured yet. Sleeping a bit to wait for all models to mature.
2015-06-30 09:50:27,417 - com.numenta.nupic.swarming.HypersearchV2.HypersearchV2(6032) - INFO - <BUILDID=N/A, WORKER=HW, WRKID=81, JOBID=1033> Ready to end hyperseach, but not all models have matured yet. Sleeping a bit to wait for all models to mature.
2015-06-30 09:50:28,294 - com.numenta.nupic.swarming.HypersearchV2.HypersearchV2(6032) - INFO - <BUILDID=N/A, WORKER=HW, WRKID=81, JOBID=1033> Ready to end hyperseach, but not all models have matured yet. Sleeping a bit to wait for all models to mature.
2015-06-30 09:50:31,946 - com.numenta.nupic.swarming.HypersearchV2.HypersearchV2(6032) - INFO - <BUILDID=N/A, WORKER=HW, WRKID=81, JOBID=1033> Ready to end hyperseach, but not all models have matured yet. Sleeping a bit to wait for all models to mature.
2015-06-30 09:50:32,771 - com.numenta.nupic.swarming.HypersearchV2.HypersearchV2(6032) - INFO - <BUILDID=N/A, WORKER=HW, WRKID=81, JOBID=1033> Ready to end hyperseach, but not all models have matured yet. Sleeping a bit to wait for all models to mature.
2015-06-30 09:50:34,672 - com.numenta.nupic.swarming.HypersearchV2.HypersearchV2(6032) - INFO - <BUILDID=N/A, WORKER=HW, WRKID=81, JOBID=1033> Ready to end hyperseach, but not all models have matured yet. Sleeping a bit to wait for all models to mature.
2015-06-30 09:50:39,627 - com.numenta.nupic.swarming.HypersearchV2.HypersearchV2(6032) - INFO - <BUILDID=N/A, WORKER=HW, WRKID=81, JOBID=1033> Ready to end hyperseach, but not all models have matured yet. Sleeping a bit to wait for all models to mature.
2015-06-30 09:50:42,833 - com.numenta.nupic.swarming.HypersearchV2.HypersearchV2(6032) - INFO - <BUILDID=N/A, WORKER=HW, WRKID=81, JOBID=1033> Ready to end hyperseach, but not all models have matured yet. Sleeping a bit to wait for all models to mature.
2015-06-30 09:50:45,624 - com.numenta.nupic.swarming.HypersearchV2.HypersearchV2(6032) - INFO - <BUILDID=N/A, WORKER=HW, WRKID=81, JOBID=1033> Ready to end hyperseach, but not all models have matured yet. Sleeping a bit to wait for all models to mature.
2015-06-30 09:50:49,054 - com.numenta.nupic.swarming.HypersearchV2.HypersearchV2(6032) - INFO - <BUILDID=N/A, WORKER=HW, WRKID=81, JOBID=1033> Ready to end hyperseach, but not all models have matured yet. Sleeping a bit to wait for all models to mature.
2015-06-30 09:50:53,272 - com.numenta.nupic.swarming.HypersearchV2.HypersearchV2(6032) - INFO - <BUILDID=N/A, WORKER=HW, WRKID=81, JOBID=1033> Ready to end hyperseach, but not all models have matured yet. Sleeping a bit to wait for all models to mature.
2015-06-30 09:50:57,158 - com.numenta.nupic.swarming.HypersearchV2.HypersearchV2(6032) - INFO - <BUILDID=N/A, WORKER=HW, WRKID=81, JOBID=1033> Ready to end hyperseach, but not all models have matured yet. Sleeping a bit to wait for all models to mature.
2015-06-30 09:50:58,308 - com.numenta.nupic.swarming.HypersearchV2.HypersearchV2(6032) - INFO - <BUILDID=N/A, WORKER=HW, WRKID=81, JOBID=1033> Ready to end hyperseach, but not all models have matured yet. Sleeping a bit to wait for all models to mature.
2015-06-30 09:50:58,472 - com.numenta.nupic.swarming.HypersearchV2.HypersearchV2(6032) - INFO - <BUILDID=N/A, WORKER=HW, WRKID=81, JOBID=1033> Ready to end hyperseach, but not all models have matured yet. Sleeping a bit to wait for all models to mature.
2015-06-30 09:51:00,053 - com.numenta.nupic.swarming.HypersearchV2.HypersearchV2(6032) - INFO - <BUILDID=N/A, WORKER=HW, WRKID=81, JOBID=1033> Ready to end hyperseach, but not all models have matured yet. Sleeping a bit to wait for all models to mature.
2015-06-30 09:51:01,395 - com.numenta.nupic.swarming.HypersearchV2.HypersearchV2(6032) - INFO - <BUILDID=N/A, WORKER=HW, WRKID=81, JOBID=1033> Ready to end hyperseach, but not all models have matured yet. Sleeping a bit to wait for all models to mature.
2015-06-30 09:51:02,454 - com.numenta.nupic.swarming.HypersearchV2.HypersearchV2(6032) - INFO - <BUILDID=N/A, WORKER=HW, WRKID=81, JOBID=1033> Ready to end hyperseach, but not all models have matured yet. Sleeping a bit to wait for all models to mature.
2015-06-30 09:51:07,176 - com.numenta.nupic.swarming.HypersearchV2.HypersearchV2(6032) - INFO - <BUILDID=N/A, WORKER=HW, WRKID=81, JOBID=1033> Ready to end hyperseach, but not all models have matured yet. Sleeping a bit to wait for all models to mature.
2015-06-30 09:51:11,562 - com.numenta.nupic.swarming.HypersearchV2.HypersearchV2(6032) - INFO - <BUILDID=N/A, WORKER=HW, WRKID=81, JOBID=1033> Ready to end hyperseach, but not all models have matured yet. Sleeping a bit to wait for all models to mature.
2015-06-30 09:51:13,139 - com.numenta.nupic.swarming.HypersearchV2.HypersearchV2(6032) - INFO - <BUILDID=N/A, WORKER=HW, WRKID=81, JOBID=1033> Ready to end hyperseach, but not all models have matured yet. Sleeping a bit to wait for all models to mature.
2015-06-30 09:51:16,422 - com.numenta.nupic.swarming.HypersearchV2.HypersearchV2(6032) - INFO - <BUILDID=N/A, WORKER=HW, WRKID=81, JOBID=1033> Ready to end hyperseach, but not all models have matured yet. Sleeping a bit to wait for all models to mature.
2015-06-30 09:51:18,404 - com.numenta.nupic.swarming.HypersearchV2.HypersearchV2(6032) - INFO - <BUILDID=N/A, WORKER=HW, WRKID=81, JOBID=1033> Ready to end hyperseach, but not all models have matured yet. Sleeping a bit to wait for all models to mature.
2015-06-30 09:51:22,984 - com.numenta.nupic.swarming.HypersearchV2.HypersearchV2(6032) - INFO - <BUILDID=N/A, WORKER=HW, WRKID=81, JOBID=1033> Ready to end hyperseach, but not all models have matured yet. Sleeping a bit to wait for all models to mature.
2015-06-30 09:51:25,284 - com.numenta.nupic.swarming.HypersearchV2.HypersearchV2(6032) - INFO - <BUILDID=N/A, WORKER=HW, WRKID=81, JOBID=1033> Ready to end hyperseach, but not all models have matured yet. Sleeping a bit to wait for all models to mature.
2015-06-30 09:51:26,611 - com.numenta.nupic.swarming.HypersearchV2.HypersearchV2(6032) - INFO - <BUILDID=N/A, WORKER=HW, WRKID=81, JOBID=1033> Ready to end hyperseach, but not all models have matured yet. Sleeping a bit to wait for all models to mature.
2015-06-30 09:51:27,848 - com.numenta.nupic.swarming.HypersearchV2.HypersearchV2(6032) - INFO - <BUILDID=N/A, WORKER=HW, WRKID=81, JOBID=1033> Ready to end hyperseach, but not all models have matured yet. Sleeping a bit to wait for all models to mature.
2015-06-30 09:51:30,660 - com.numenta.nupic.swarming.HypersearchV2.HypersearchV2(6032) - INFO - <BUILDID=N/A, WORKER=HW, WRKID=81, JOBID=1033> Ready to end hyperseach, but not all models have matured yet. Sleeping a bit to wait for all models to mature.
2015-06-30 09:51:31,978 - com.numenta.nupic.swarming.HypersearchV2.HypersearchV2(6032) - INFO - <BUILDID=N/A, WORKER=HW, WRKID=81, JOBID=1033> Ready to end hyperseach, but not all models have matured yet. Sleeping a bit to wait for all models to mature.
2015-06-30 09:51:34,907 - com.numenta.nupic.swarming.HypersearchV2.HypersearchV2(6032) - INFO - <BUILDID=N/A, WORKER=HW, WRKID=81, JOBID=1033> Ready to end hyperseach, but not all models have matured yet. Sleeping a bit to wait for all models to mature.
2015-06-30 09:51:39,404 - com.numenta.nupic.swarming.HypersearchV2.HypersearchV2(6032) - INFO - <BUILDID=N/A, WORKER=HW, WRKID=81, JOBID=1033> Ready to end hyperseach, but not all models have matured yet. Sleeping a bit to wait for all models to mature.
2015-06-30 09:51:41,406 - com.numenta.nupic.swarming.HypersearchV2.HypersearchV2(6032) - INFO - <BUILDID=N/A, WORKER=HW, WRKID=81, JOBID=1033> Ready to end hyperseach, but not all models have matured yet. Sleeping a bit to wait for all models to mature.
2015-06-30 09:51:42,506 - com.numenta.nupic.swarming.HypersearchV2.HypersearchV2(6032) - INFO - <BUILDID=N/A, WORKER=HW, WRKID=81, JOBID=1033> Ready to end hyperseach, but not all models have matured yet. Sleeping a bit to wait for all models to mature.
2015-06-30 09:51:47,502 - com.numenta.nupic.swarming.HypersearchV2.HypersearchV2(6032) - INFO - <BUILDID=N/A, WORKER=HW, WRKID=81, JOBID=1033> Ready to end hyperseach, but not all models have matured yet. Sleeping a bit to wait for all models to mature.
2015-06-30 09:51:50,055 - com.numenta.nupic.swarming.HypersearchV2.HypersearchV2(6032) - INFO - <BUILDID=N/A, WORKER=HW, WRKID=81, JOBID=1033> Ready to end hyperseach, but not all models have matured yet. Sleeping a bit to wait for all models to mature.
2015-06-30 09:51:50,512 - com.numenta.nupic.swarming.HypersearchV2.HypersearchV2(6032) - INFO - <BUILDID=N/A, WORKER=HW, WRKID=81, JOBID=1033> Ready to end hyperseach, but not all models have matured yet. Sleeping a bit to wait for all models to mature.
2015-06-30 09:51:50,749 - com.numenta.nupic.swarming.HypersearchV2.HypersearchV2(6032) - INFO - <BUILDID=N/A, WORKER=HW, WRKID=81, JOBID=1033> Ready to end hyperseach, but not all models have matured yet. Sleeping a bit to wait for all models to mature.
2015-06-30 09:51:51,299 - com.numenta.nupic.swarming.HypersearchV2.HypersearchV2(6032) - INFO - <BUILDID=N/A, WORKER=HW, WRKID=81, JOBID=1033> Ready to end hyperseach, but not all models have matured yet. Sleeping a bit to wait for all models to mature.
2015-06-30 09:51:54,442 - com.numenta.nupic.swarming.HypersearchV2.HypersearchV2(6032) - INFO - <BUILDID=N/A, WORKER=HW, WRKID=81, JOBID=1033> Ready to end hyperseach, but not all models have matured yet. Sleeping a bit to wait for all models to mature.
2015-06-30 09:51:58,409 - com.numenta.nupic.swarming.HypersearchV2.HypersearchV2(6032) - INFO - <BUILDID=N/A, WORKER=HW, WRKID=81, JOBID=1033> Ready to end hyperseach, but not all models have matured yet. Sleeping a bit to wait for all models to mature.
2015-06-30 09:52:00,525 - com.numenta.nupic.swarming.HypersearchV2.HypersearchV2(6032) - INFO - <BUILDID=N/A, WORKER=HW, WRKID=81, JOBID=1033> Ready to end hyperseach, but not all models have matured yet. Sleeping a bit to wait for all models to mature.
2015-06-30 09:52:00,845 - com.numenta.nupic.swarming.HypersearchV2.HypersearchV2(6032) - INFO - <BUILDID=N/A, WORKER=HW, WRKID=81, JOBID=1033> Ready to end hyperseach, but not all models have matured yet. Sleeping a bit to wait for all models to mature.
2015-06-30 09:52:02,757 - com.numenta.nupic.swarming.HypersearchV2.HypersearchV2(6032) - INFO - <BUILDID=N/A, WORKER=HW, WRKID=81, JOBID=1033> Ready to end hyperseach, but not all models have matured yet. Sleeping a bit to wait for all models to mature.
2015-06-30 09:52:07,746 - com.numenta.nupic.swarming.HypersearchV2.HypersearchV2(6032) - INFO - <BUILDID=N/A, WORKER=HW, WRKID=81, JOBID=1033> Ready to end hyperseach, but not all models have matured yet. Sleeping a bit to wait for all models to mature.
2015-06-30 09:52:10,399 - com.numenta.nupic.swarming.HypersearchV2.HypersearchV2(6032) - INFO - <BUILDID=N/A, WORKER=HW, WRKID=81, JOBID=1033> Ready to end hyperseach, but not all models have matured yet. Sleeping a bit to wait for all models to mature.
2015-06-30 09:52:15,260 - com.numenta.nupic.swarming.HypersearchV2.HypersearchV2(6032) - INFO - <BUILDID=N/A, WORKER=HW, WRKID=81, JOBID=1033> Ready to end hyperseach, but not all models have matured yet. Sleeping a bit to wait for all models to mature.
2015-06-30 09:52:19,568 - com.numenta.nupic.swarming.HypersearchV2.HypersearchV2(6032) - INFO - <BUILDID=N/A, WORKER=HW, WRKID=81, JOBID=1033> Ready to end hyperseach, but not all models have matured yet. Sleeping a bit to wait for all models to mature.
2015-06-30 09:52:19,627 - com.numenta.nupic.swarming.HypersearchV2.HypersearchV2(6032) - INFO - <BUILDID=N/A, WORKER=HW, WRKID=81, JOBID=1033> Ready to end hyperseach, but not all models have matured yet. Sleeping a bit to wait for all models to mature.
2015-06-30 09:52:23,236 - com.numenta.nupic.swarming.HypersearchV2.HypersearchV2(6032) - INFO - <BUILDID=N/A, WORKER=HW, WRKID=81, JOBID=1033> Ready to end hyperseach, but not all models have matured yet. Sleeping a bit to wait for all models to mature.
2015-06-30 09:52:26,650 - com.numenta.nupic.swarming.HypersearchV2.HypersearchV2(6032) - INFO - <BUILDID=N/A, WORKER=HW, WRKID=81, JOBID=1033> Ready to end hyperseach, but not all models have matured yet. Sleeping a bit to wait for all models to mature.
2015-06-30 09:52:29,345 - com.numenta.nupic.swarming.HypersearchV2.HypersearchV2(6032) - INFO - <BUILDID=N/A, WORKER=HW, WRKID=81, JOBID=1033> Ready to end hyperseach, but not all models have matured yet. Sleeping a bit to wait for all models to mature.
2015-06-30 09:52:30,683 - com.numenta.nupic.swarming.HypersearchV2.HypersearchV2(6032) - INFO - <BUILDID=N/A, WORKER=HW, WRKID=81, JOBID=1033> Ready to end hyperseach, but not all models have matured yet. Sleeping a bit to wait for all models to mature.
2015-06-30 09:52:33,893 - com.numenta.nupic.swarming.HypersearchV2.HypersearchV2(6032) - INFO - <BUILDID=N/A, WORKER=HW, WRKID=81, JOBID=1033> Ready to end hyperseach, but not all models have matured yet. Sleeping a bit to wait for all models to mature.
2015-06-30 09:52:34,454 - com.numenta.nupic.swarming.HypersearchV2.HypersearchV2(6032) - INFO - <BUILDID=N/A, WORKER=HW, WRKID=81, JOBID=1033> Ready to end hyperseach, but not all models have matured yet. Sleeping a bit to wait for all models to mature.
2015-06-30 09:52:36,633 - com.numenta.nupic.swarming.HypersearchV2.HypersearchV2(6032) - INFO - <BUILDID=N/A, WORKER=HW, WRKID=81, JOBID=1033> Ready to end hyperseach, but not all models have matured yet. Sleeping a bit to wait for all models to mature.
2015-06-30 09:52:38,904 - com.numenta.nupic.swarming.HypersearchV2.HypersearchV2(6032) - INFO - <BUILDID=N/A, WORKER=HW, WRKID=81, JOBID=1033> Ready to end hyperseach, but not all models have matured yet. Sleeping a bit to wait for all models to mature.
2015-06-30 09:52:43,680 - com.numenta.nupic.swarming.HypersearchV2.HypersearchV2(6032) - INFO - <BUILDID=N/A, WORKER=HW, WRKID=81, JOBID=1033> Ready to end hyperseach, but not all models have matured yet. Sleeping a bit to wait for all models to mature.
2015-06-30 09:52:48,066 - com.numenta.nupic.swarming.HypersearchV2.HypersearchV2(6032) - INFO - <BUILDID=N/A, WORKER=HW, WRKID=81, JOBID=1033> Ready to end hyperseach, but not all models have matured yet. Sleeping a bit to wait for all models to mature.
2015-06-30 09:52:49,386 - com.numenta.nupic.swarming.HypersearchV2.HypersearchV2(6032) - INFO - <BUILDID=N/A, WORKER=HW, WRKID=81, JOBID=1033> Ready to end hyperseach, but not all models have matured yet. Sleeping a bit to wait for all models to mature.
2015-06-30 09:52:51,895 - com.numenta.nupic.swarming.HypersearchV2.HypersearchV2(6032) - INFO - <BUILDID=N/A, WORKER=HW, WRKID=81, JOBID=1033> Ready to end hyperseach, but not all models have matured yet. Sleeping a bit to wait for all models to mature.
2015-06-30 09:52:52,792 - com.numenta.nupic.swarming.HypersearchV2.HypersearchV2(6032) - INFO - <BUILDID=N/A, WORKER=HW, WRKID=81, JOBID=1033> Ready to end hyperseach, but not all models have matured yet. Sleeping a bit to wait for all models to mature.
2015-06-30 09:52:57,361 - com.numenta.nupic.swarming.HypersearchV2.HypersearchV2(6032) - INFO - <BUILDID=N/A, WORKER=HW, WRKID=81, JOBID=1033> Ready to end hyperseach, but not all models have matured yet. Sleeping a bit to wait for all models to mature.
2015-06-30 09:53:01,721 - com.numenta.nupic.swarming.HypersearchV2.HypersearchV2(6032) - INFO - <BUILDID=N/A, WORKER=HW, WRKID=81, JOBID=1033> Ready to end hyperseach, but not all models have matured yet. Sleeping a bit to wait for all models to mature.
2015-06-30 09:53:03,215 - com.numenta.nupic.swarming.HypersearchV2.HypersearchV2(6032) - INFO - <BUILDID=N/A, WORKER=HW, WRKID=81, JOBID=1033> Ready to end hyperseach, but not all models have matured yet. Sleeping a bit to wait for all models to mature.
2015-06-30 09:53:06,415 - com.numenta.nupic.swarming.HypersearchV2.HypersearchV2(6032) - INFO - <BUILDID=N/A, WORKER=HW, WRKID=81, JOBID=1033> Ready to end hyperseach, but not all models have matured yet. Sleeping a bit to wait for all models to mature.
2015-06-30 09:53:09,467 - com.numenta.nupic.swarming.HypersearchV2.HypersearchV2(6032) - INFO - <BUILDID=N/A, WORKER=HW, WRKID=81, JOBID=1033> Ready to end hyperseach, but not all models have matured yet. Sleeping a bit to wait for all models to mature.
2015-06-30 09:53:10,233 - com.numenta.nupic.swarming.HypersearchV2.HypersearchV2(6032) - INFO - <BUILDID=N/A, WORKER=HW, WRKID=81, JOBID=1033> Ready to end hyperseach, but not all models have matured yet. Sleeping a bit to wait for all models to mature.
2015-06-30 09:53:14,051 - com.numenta.nupic.swarming.HypersearchV2.HypersearchV2(6032) - INFO - <BUILDID=N/A, WORKER=HW, WRKID=81, JOBID=1033> Ready to end hyperseach, but not all models have matured yet. Sleeping a bit to wait for all models to mature.
2015-06-30 09:53:16,752 - com.numenta.nupic.swarming.HypersearchV2.HypersearchV2(6032) - INFO - <BUILDID=N/A, WORKER=HW, WRKID=81, JOBID=1033> Ready to end hyperseach, but not all models have matured yet. Sleeping a bit to wait for all models to mature.
2015-06-30 09:53:20,651 - com.numenta.nupic.swarming.HypersearchV2.HypersearchV2(6032) - INFO - <BUILDID=N/A, WORKER=HW, WRKID=81, JOBID=1033> Ready to end hyperseach, but not all models have matured yet. Sleeping a bit to wait for all models to mature.
2015-06-30 09:53:23,308 - com.numenta.nupic.swarming.HypersearchV2.HypersearchV2(6032) - INFO - <BUILDID=N/A, WORKER=HW, WRKID=81, JOBID=1033> Ready to end hyperseach, but not all models have matured yet. Sleeping a bit to wait for all models to mature.
2015-06-30 09:53:23,314 - com.numenta.nupic.swarming.HypersearchV2.HypersearchV2(6032) - INFO - <BUILDID=N/A, WORKER=HW, WRKID=81, JOBID=1033> Ready to end hyperseach, but not all models have matured yet. Sleeping a bit to wait for all models to mature.
2015-06-30 09:53:24,938 - com.numenta.nupic.swarming.HypersearchV2.HypersearchV2(6032) - INFO - <BUILDID=N/A, WORKER=HW, WRKID=81, JOBID=1033> Ready to end hyperseach, but not all models have matured yet. Sleeping a bit to wait for all models to mature.
2015-06-30 09:53:25,037 - com.numenta.nupic.swarming.HypersearchV2.HypersearchV2(6032) - INFO - <BUILDID=N/A, WORKER=HW, WRKID=81, JOBID=1033> Ready to end hyperseach, but not all models have matured yet. Sleeping a bit to wait for all models to mature.
2015-06-30 09:53:29,690 - com.numenta.nupic.swarming.HypersearchV2.HypersearchV2(6032) - INFO - <BUILDID=N/A, WORKER=HW, WRKID=81, JOBID=1033> Ready to end hyperseach, but not all models have matured yet. Sleeping a bit to wait for all models to mature.
2015-06-30 09:53:34,088 - com.numenta.nupic.swarming.HypersearchV2.HypersearchV2(6032) - INFO - <BUILDID=N/A, WORKER=HW, WRKID=81, JOBID=1033> Ready to end hyperseach, but not all models have matured yet. Sleeping a bit to wait for all models to mature.
2015-06-30 09:53:38,253 - com.numenta.nupic.swarming.HypersearchV2.HypersearchV2(6032) - INFO - <BUILDID=N/A, WORKER=HW, WRKID=81, JOBID=1033> Ready to end hyperseach, but not all models have matured yet. Sleeping a bit to wait for all models to mature.
2015-06-30 09:53:39,795 - com.numenta.nupic.swarming.HypersearchV2.HypersearchV2(6032) - INFO - <BUILDID=N/A, WORKER=HW, WRKID=81, JOBID=1033> Ready to end hyperseach, but not all models have matured yet. Sleeping a bit to wait for all models to mature.
2015-06-30 09:53:40,086 - com.numenta.nupic.swarming.HypersearchV2.HypersearchV2(6032) - INFO - <BUILDID=N/A, WORKER=HW, WRKID=81, JOBID=1033> Ready to end hyperseach, but not all models have matured yet. Sleeping a bit to wait for all models to mature.
2015-06-30 09:53:44,483 - com.numenta.nupic.swarming.HypersearchV2.HypersearchV2(6032) - INFO - <BUILDID=N/A, WORKER=HW, WRKID=81, JOBID=1033> Ready to end hyperseach, but not all models have matured yet. Sleeping a bit to wait for all models to mature.
2015-06-30 09:53:49,227 - com.numenta.nupic.swarming.HypersearchV2.HypersearchV2(6032) - INFO - <BUILDID=N/A, WORKER=HW, WRKID=81, JOBID=1033> Ready to end hyperseach, but not all models have matured yet. Sleeping a bit to wait for all models to mature.
2015-06-30 09:53:49,657 - com.numenta.nupic.swarming.HypersearchV2.HypersearchV2(6032) - INFO - <BUILDID=N/A, WORKER=HW, WRKID=81, JOBID=1033> Ready to end hyperseach, but not all models have matured yet. Sleeping a bit to wait for all models to mature.
2015-06-30 09:53:52,093 - com.numenta.nupic.swarming.HypersearchV2.HypersearchV2(6032) - INFO - <BUILDID=N/A, WORKER=HW, WRKID=81, JOBID=1033> Ready to end hyperseach, but not all models have matured yet. Sleeping a bit to wait for all models to mature.
2015-06-30 09:53:52,441 - com.numenta.nupic.swarming.HypersearchV2.HypersearchV2(6032) - INFO - <BUILDID=N/A, WORKER=HW, WRKID=81, JOBID=1033> Ready to end hyperseach, but not all models have matured yet. Sleeping a bit to wait for all models to mature.
2015-06-30 09:53:56,250 - com.numenta.nupic.swarming.HypersearchV2.HypersearchV2(6032) - INFO - <BUILDID=N/A, WORKER=HW, WRKID=81, JOBID=1033> Ready to end hyperseach, but not all models have matured yet. Sleeping a bit to wait for all models to mature.
2015-06-30 09:54:00,085 - com.numenta.nupic.swarming.HypersearchV2.HypersearchV2(6032) - INFO - <BUILDID=N/A, WORKER=HW, WRKID=81, JOBID=1033> Ready to end hyperseach, but not all models have matured yet. Sleeping a bit to wait for all models to mature.
2015-06-30 09:54:00,730 - com.numenta.nupic.swarming.HypersearchV2.HypersearchV2(6032) - INFO - <BUILDID=N/A, WORKER=HW, WRKID=81, JOBID=1033> Ready to end hyperseach, but not all models have matured yet. Sleeping a bit to wait for all models to mature.
2015-06-30 09:54:03,111 - com.numenta.nupic.swarming.HypersearchV2.HypersearchV2(6032) - INFO - <BUILDID=N/A, WORKER=HW, WRKID=81, JOBID=1033> Ready to end hyperseach, but not all models have matured yet. Sleeping a bit to wait for all models to mature.
2015-06-30 09:54:05,865 - com.numenta.nupic.swarming.HypersearchV2.HypersearchV2(6032) - INFO - <BUILDID=N/A, WORKER=HW, WRKID=81, JOBID=1033> Ready to end hyperseach, but not all models have matured yet. Sleeping a bit to wait for all models to mature.
2015-06-30 09:54:07,194 - com.numenta.nupic.swarming.HypersearchV2.HypersearchV2(6032) - INFO - <BUILDID=N/A, WORKER=HW, WRKID=81, JOBID=1033> Ready to end hyperseach, but not all models have matured yet. Sleeping a bit to wait for all models to mature.
2015-06-30 09:54:11,564 - com.numenta.nupic.swarming.HypersearchV2.HypersearchV2(6032) - INFO - <BUILDID=N/A, WORKER=HW, WRKID=81, JOBID=1033> Ready to end hyperseach, but not all models have matured yet. Sleeping a bit to wait for all models to mature.
2015-06-30 09:54:13,690 - com.numenta.nupic.swarming.HypersearchV2.HypersearchV2(6032) - INFO - <BUILDID=N/A, WORKER=HW, WRKID=81, JOBID=1033> New best model after 1 evaluations: errScore 41.1173 on model 3349
2015-06-30 09:54:13,704 - com.numenta.nupic.swarming.HypersearchWorker(6032) - INFO - <BUILDID=N/A, WORKER=HW, WRKID=81, JOBID=1033> FINISHED. Evaluated 0 models.
