2014-12-27 10:01:53,515 - com.numenta.nupic.swarming.HypersearchWorker(7081) - INFO - <BUILDID=N/A, WORKER=HS, WRKID=N/A, JOBID=N/A> Launched with command line arguments: ['--jobID=1008']
2014-12-27 10:01:53,516 - com.numenta.nupic.swarming.HypersearchWorker(7081) - INFO - <BUILDID=N/A, WORKER=HS, WRKID=N/A, JOBID=N/A> Connecting to the jobs database
2014-12-27 10:01:53,516 - com.numenta.nupic.database.Connection.ConnectionFactory(7081) - INFO - <BUILDID=N/A, WORKER=HS, WRKID=N/A, JOBID=N/A> Creating db connection policy via provider <bound method type._createDefaultPolicy of <class 'nupic.database.Connection.ConnectionFactory'>>
2014-12-27 10:01:53,538 - com.numenta.nupic.database.Connection.PooledConnectionPolicy(7081) - INFO - <BUILDID=N/A, WORKER=HS, WRKID=N/A, JOBID=N/A> Created PooledConnectionPolicy
2014-12-27 10:01:53,546 - com.numenta.nupic.database.ClientJobsDAO.ClientJobsDAO(7081) - INFO - <BUILDID=N/A, WORKER=HS, WRKID=N/A, JOBID=N/A> clientJobsConnectionID=77
2014-12-27 10:01:53,553 - com.numenta.nupic.swarming.HypersearchWorker(7081) - INFO - <BUILDID=N/A, WORKER=HW, WRKID=77, JOBID=1008> Job info retrieved: {'engModelMilestones': 'None', 'clientInfo': '', 'numFailedWorkers': '0', 'engJobType': 'hypersearch', 'results': 'None', 'jobId': '1008', 'completionMsg': 'None', 'cancel': '0', 'engWorkerState': 'None', 'workerCompletionMsg': 'None', 'jobHash': "o\xfaM\xab\x8d\xf2\x11\xe4\x9c\x1f\x08\x00'\x16\xdf\xd4", 'genBaseDescription': 'None', 'completionReason': 'None', 'priority': '0', 'cmdLine': '$HYPERSEARCH', 'params': '{"hsVersion": "v2", "maxModels": null, "persistentJobGUID": "6ff...', 'workerCompletionReason': 'success', 'engAllocateNewWorkers': '1', 'lastFailedWorkerErrorMsg': 'None', 'engUntendedDeadWorkers': '0', 'engLastUpdateTime': '2014-12-27 18:01:52', 'status': 'notStarted', 'engStatus': 'None', 'startTime': 'None', 'minimumWorkers': '1', 'endTime': 'None', 'engCjmConnId': 'None', 'genPermutations': 'None', 'client': 'GRP', 'engCleaningStatus': 'notdone', 'clientKey': '', 'maximumWorkers': '4'}
2014-12-27 10:01:53,556 - com.numenta.nupic.swarming.HypersearchV2.HypersearchV2(7081) - INFO - <BUILDID=N/A, WORKER=HW, WRKID=77, JOBID=1008> searchParams: 
{u'description': {u'includedFields': [{u'fieldName': 'timestamp',
                                       u'fieldType': 'datetime'},
                                      {u'fieldName': 'kw_energy_consumption',
                                       u'fieldType': 'float',
                                       u'maxValue': '5.18',
                                       u'minValue': '0.0'}],
                  u'inferenceArgs': {u'predictedField': 'kw_energy_consumption',
                                     u'predictionSteps': ['1']},
                  u'inferenceType': 'TemporalMultiStep',
                  u'iterationCount': '-1',
                  u'streamDef': {u'info': 'kw_energy_consumption',
                                 u'streams': [{u'columns': ['*'],
                                               u'info': 'San Diego',
                                               u'source': 'file://sandiego.csv'}],
                                 u'version': '1'},
                  u'swarmSize': 'small'},
 u'hsVersion': 'v2',
 u'maxModels': 'None',
 u'persistentJobGUID': '6ffa4daa-8df2-11e4-9c1f-08002716dfd4',
 u'useTerminators': 'False'}
2014-12-27 10:01:53,778 - com.numenta.nupic.swarming.HypersearchV2.HypersearchV2(7081) - INFO - <BUILDID=N/A, WORKER=HW, WRKID=77, JOBID=1008> Active swarms changed to [u'modelParams|sensorParams|encoders|kw_energy_consumption'] (from None)
2014-12-27 10:01:53,859 - com.numenta.nupic.database.ClientJobsDAO.ClientJobsDAO(7081) - INFO - <BUILDID=N/A, WORKER=HW, WRKID=77, JOBID=1008> Model insert attempt failed with DUP_ENTRY: jobID=1008; paramsHash=0ef29c702faac17f2e7a49e1a9a11f3a OR particleHash=b3c7b83baa77e96e988074e0d083b2b1; IntegrityError(1062, u"Duplicate entry '1008-\\x0E\\xF2\\x9Cp/\\xAA\\xC1\\x7F.zI\\xE1\\xA9\\xA1\\x1F:' for key 'job_id'")
2014-12-27 10:01:53,869 - com.numenta.nupic.swarming.HypersearchWorker(7081) - INFO - <BUILDID=N/A, WORKER=HW, WRKID=77, JOBID=1008> Adding model 1421 to our internal DB because modelInsertAndStart() failed to insert it: paramsHash=0ef29c702faac17f2e7a49e1a9a11f3a, particleHash=f345bdc4ead4a2c33df1d806f8fce007, particleId='75.10.0'
2014-12-27 10:01:53,873 - com.numenta.nupic.database.ClientJobsDAO.ClientJobsDAO(7081) - INFO - <BUILDID=N/A, WORKER=HW, WRKID=77, JOBID=1008> Model insert attempt failed with DUP_ENTRY: jobID=1008; paramsHash=0ef29c702faac17f2e7a49e1a9a11f3a OR particleHash=c886f8f0351d08287ecfbaecfe1835db; IntegrityError(1062, u"Duplicate entry '1008-\\x0E\\xF2\\x9Cp/\\xAA\\xC1\\x7F.zI\\xE1\\xA9\\xA1\\x1F:' for key 'job_id'")
2014-12-27 10:01:53,880 - com.numenta.nupic.swarming.HypersearchWorker(7081) - INFO - <BUILDID=N/A, WORKER=HW, WRKID=77, JOBID=1008> Adding model 1421 to our internal DB because modelInsertAndStart() failed to insert it: paramsHash=0ef29c702faac17f2e7a49e1a9a11f3a, particleHash=f345bdc4ead4a2c33df1d806f8fce007, particleId='75.10.0'
2014-12-27 10:01:53,883 - com.numenta.nupic.database.ClientJobsDAO.ClientJobsDAO(7081) - INFO - <BUILDID=N/A, WORKER=HW, WRKID=77, JOBID=1008> Model insert attempt failed with DUP_ENTRY: jobID=1008; paramsHash=0ef29c702faac17f2e7a49e1a9a11f3a OR particleHash=052cf19e2554c76c92a2c11876224c67; IntegrityError(1062, u"Duplicate entry '1008-\\x0E\\xF2\\x9Cp/\\xAA\\xC1\\x7F.zI\\xE1\\xA9\\xA1\\x1F:' for key 'job_id'")
2014-12-27 10:01:53,891 - com.numenta.nupic.swarming.HypersearchWorker(7081) - INFO - <BUILDID=N/A, WORKER=HW, WRKID=77, JOBID=1008> Adding model 1421 to our internal DB because modelInsertAndStart() failed to insert it: paramsHash=0ef29c702faac17f2e7a49e1a9a11f3a, particleHash=f345bdc4ead4a2c33df1d806f8fce007, particleId='75.10.0'
2014-12-27 10:01:53,895 - com.numenta.nupic.database.ClientJobsDAO.ClientJobsDAO(7081) - INFO - <BUILDID=N/A, WORKER=HW, WRKID=77, JOBID=1008> Model insert attempt failed with DUP_ENTRY: jobID=1008; paramsHash=0ef29c702faac17f2e7a49e1a9a11f3a OR particleHash=8e4f7095809e03c0efb5ee1594f4b2a0; IntegrityError(1062, u"Duplicate entry '1008-\\x0E\\xF2\\x9Cp/\\xAA\\xC1\\x7F.zI\\xE1\\xA9\\xA1\\x1F:' for key 'job_id'")
2014-12-27 10:01:53,897 - com.numenta.nupic.swarming.HypersearchWorker(7081) - INFO - <BUILDID=N/A, WORKER=HW, WRKID=77, JOBID=1008> Adding model 1421 to our internal DB because modelInsertAndStart() failed to insert it: paramsHash=0ef29c702faac17f2e7a49e1a9a11f3a, particleHash=f345bdc4ead4a2c33df1d806f8fce007, particleId='75.10.0'
2014-12-27 10:01:53,901 - com.numenta.nupic.database.ClientJobsDAO.ClientJobsDAO(7081) - INFO - <BUILDID=N/A, WORKER=HW, WRKID=77, JOBID=1008> Model insert attempt failed with DUP_ENTRY: jobID=1008; paramsHash=0ef29c702faac17f2e7a49e1a9a11f3a OR particleHash=00e950ad929bfb1a71bba6253f40f09d; IntegrityError(1062, u"Duplicate entry '1008-\\x0E\\xF2\\x9Cp/\\xAA\\xC1\\x7F.zI\\xE1\\xA9\\xA1\\x1F:' for key 'job_id'")
2014-12-27 10:01:53,907 - com.numenta.nupic.swarming.HypersearchWorker(7081) - INFO - <BUILDID=N/A, WORKER=HW, WRKID=77, JOBID=1008> Adding model 1421 to our internal DB because modelInsertAndStart() failed to insert it: paramsHash=0ef29c702faac17f2e7a49e1a9a11f3a, particleHash=f345bdc4ead4a2c33df1d806f8fce007, particleId='75.10.0'
2014-12-27 10:01:53,911 - com.numenta.nupic.database.ClientJobsDAO.ClientJobsDAO(7081) - INFO - <BUILDID=N/A, WORKER=HW, WRKID=77, JOBID=1008> Model insert attempt failed with DUP_ENTRY: jobID=1008; paramsHash=0ef29c702faac17f2e7a49e1a9a11f3a OR particleHash=0bfae2db59805529c8710a0fc6858526; IntegrityError(1062, u"Duplicate entry '1008-\\x0E\\xF2\\x9Cp/\\xAA\\xC1\\x7F.zI\\xE1\\xA9\\xA1\\x1F:' for key 'job_id'")
2014-12-27 10:01:53,917 - com.numenta.nupic.swarming.HypersearchWorker(7081) - INFO - <BUILDID=N/A, WORKER=HW, WRKID=77, JOBID=1008> Adding model 1421 to our internal DB because modelInsertAndStart() failed to insert it: paramsHash=0ef29c702faac17f2e7a49e1a9a11f3a, particleHash=f345bdc4ead4a2c33df1d806f8fce007, particleId='75.10.0'
2014-12-27 10:01:53,921 - com.numenta.nupic.database.ClientJobsDAO.ClientJobsDAO(7081) - INFO - <BUILDID=N/A, WORKER=HW, WRKID=77, JOBID=1008> Model insert attempt failed with DUP_ENTRY: jobID=1008; paramsHash=0ef29c702faac17f2e7a49e1a9a11f3a OR particleHash=73154c2b985d4f268231ec3a84ee386a; IntegrityError(1062, u"Duplicate entry '1008-\\x0E\\xF2\\x9Cp/\\xAA\\xC1\\x7F.zI\\xE1\\xA9\\xA1\\x1F:' for key 'job_id'")
2014-12-27 10:01:53,929 - com.numenta.nupic.swarming.HypersearchWorker(7081) - INFO - <BUILDID=N/A, WORKER=HW, WRKID=77, JOBID=1008> Adding model 1421 to our internal DB because modelInsertAndStart() failed to insert it: paramsHash=0ef29c702faac17f2e7a49e1a9a11f3a, particleHash=f345bdc4ead4a2c33df1d806f8fce007, particleId='75.10.0'
2014-12-27 10:01:53,933 - com.numenta.nupic.database.ClientJobsDAO.ClientJobsDAO(7081) - INFO - <BUILDID=N/A, WORKER=HW, WRKID=77, JOBID=1008> Model insert attempt failed with DUP_ENTRY: jobID=1008; paramsHash=0ef29c702faac17f2e7a49e1a9a11f3a OR particleHash=d0da94f452446bbcd781b645f61f813b; IntegrityError(1062, u"Duplicate entry '1008-\\x0E\\xF2\\x9Cp/\\xAA\\xC1\\x7F.zI\\xE1\\xA9\\xA1\\x1F:' for key 'job_id'")
2014-12-27 10:01:53,952 - com.numenta.nupic.swarming.HypersearchWorker(7081) - INFO - <BUILDID=N/A, WORKER=HW, WRKID=77, JOBID=1008> Adding model 1421 to our internal DB because modelInsertAndStart() failed to insert it: paramsHash=0ef29c702faac17f2e7a49e1a9a11f3a, particleHash=f345bdc4ead4a2c33df1d806f8fce007, particleId='75.10.0'
2014-12-27 10:01:53,982 - com.numenta.nupic.database.ClientJobsDAO.ClientJobsDAO(7081) - INFO - <BUILDID=N/A, WORKER=HW, WRKID=77, JOBID=1008> Model insert attempt failed with DUP_ENTRY: jobID=1008; paramsHash=0ef29c702faac17f2e7a49e1a9a11f3a OR particleHash=d3c1c595f4c0a652d78f91d85d74cc43; IntegrityError(1062, u"Duplicate entry '1008-\\x0E\\xF2\\x9Cp/\\xAA\\xC1\\x7F.zI\\xE1\\xA9\\xA1\\x1F:' for key 'job_id'")
2014-12-27 10:01:53,986 - com.numenta.nupic.swarming.HypersearchWorker(7081) - INFO - <BUILDID=N/A, WORKER=HW, WRKID=77, JOBID=1008> Adding model 1421 to our internal DB because modelInsertAndStart() failed to insert it: paramsHash=0ef29c702faac17f2e7a49e1a9a11f3a, particleHash=f345bdc4ead4a2c33df1d806f8fce007, particleId='75.10.0'
2014-12-27 10:01:53,998 - com.numenta.nupic.database.ClientJobsDAO.ClientJobsDAO(7081) - INFO - <BUILDID=N/A, WORKER=HW, WRKID=77, JOBID=1008> Model insert attempt failed with DUP_ENTRY: jobID=1008; paramsHash=0ef29c702faac17f2e7a49e1a9a11f3a OR particleHash=222df0ab6e966e3bfc220beac7c0f147; IntegrityError(1062, u"Duplicate entry '1008-\\x0E\\xF2\\x9Cp/\\xAA\\xC1\\x7F.zI\\xE1\\xA9\\xA1\\x1F:' for key 'job_id'")
2014-12-27 10:01:54,012 - com.numenta.nupic.swarming.HypersearchWorker(7081) - INFO - <BUILDID=N/A, WORKER=HW, WRKID=77, JOBID=1008> Adding model 1421 to our internal DB because modelInsertAndStart() failed to insert it: paramsHash=0ef29c702faac17f2e7a49e1a9a11f3a, particleHash=f345bdc4ead4a2c33df1d806f8fce007, particleId='75.10.0'
2014-12-27 10:01:54,027 - com.numenta.nupic.swarming.HypersearchV2.HypersearchV2(7081) - INFO - <BUILDID=N/A, WORKER=HW, WRKID=77, JOBID=1008> Completed generation #0 of swarm 'modelParams|sensorParams|encoders|kw_energy_consumption' with a best errScore of inf
2014-12-27 10:01:54,227 - com.numenta.nupic.swarming.HypersearchWorker(7081) - INFO - <BUILDID=N/A, WORKER=HW, WRKID=77, JOBID=1008> Adding model 1443 to our internal DB because modelInsertAndStart() failed to insert it: paramsHash=82447107c1d57318b4b297c7580b4921, particleHash=ec5361ae4edccf29468e3535b1fbdad1, particleId='75.0.1'
2014-12-27 10:01:54,230 - com.numenta.nupic.swarming.HypersearchWorker(7081) - INFO - <BUILDID=N/A, WORKER=HW, WRKID=77, JOBID=1008> Adding model 1443 to our internal DB because modelInsertAndStart() failed to insert it: paramsHash=82447107c1d57318b4b297c7580b4921, particleHash=ec5361ae4edccf29468e3535b1fbdad1, particleId='75.0.1'
2014-12-27 10:01:54,233 - com.numenta.nupic.swarming.HypersearchWorker(7081) - INFO - <BUILDID=N/A, WORKER=HW, WRKID=77, JOBID=1008> Adding model 1443 to our internal DB because modelInsertAndStart() failed to insert it: paramsHash=82447107c1d57318b4b297c7580b4921, particleHash=ec5361ae4edccf29468e3535b1fbdad1, particleId='75.0.1'
2014-12-27 10:01:54,237 - com.numenta.nupic.swarming.HypersearchWorker(7081) - INFO - <BUILDID=N/A, WORKER=HW, WRKID=77, JOBID=1008> Adding model 1443 to our internal DB because modelInsertAndStart() failed to insert it: paramsHash=82447107c1d57318b4b297c7580b4921, particleHash=ec5361ae4edccf29468e3535b1fbdad1, particleId='75.0.1'
2014-12-27 10:01:54,239 - com.numenta.nupic.swarming.HypersearchWorker(7081) - INFO - <BUILDID=N/A, WORKER=HW, WRKID=77, JOBID=1008> Adding model 1443 to our internal DB because modelInsertAndStart() failed to insert it: paramsHash=82447107c1d57318b4b297c7580b4921, particleHash=ec5361ae4edccf29468e3535b1fbdad1, particleId='75.0.1'
2014-12-27 10:01:54,242 - com.numenta.nupic.swarming.HypersearchWorker(7081) - INFO - <BUILDID=N/A, WORKER=HW, WRKID=77, JOBID=1008> Adding model 1443 to our internal DB because modelInsertAndStart() failed to insert it: paramsHash=82447107c1d57318b4b297c7580b4921, particleHash=ec5361ae4edccf29468e3535b1fbdad1, particleId='75.0.1'
2014-12-27 10:01:54,244 - com.numenta.nupic.swarming.HypersearchWorker(7081) - INFO - <BUILDID=N/A, WORKER=HW, WRKID=77, JOBID=1008> Adding model 1443 to our internal DB because modelInsertAndStart() failed to insert it: paramsHash=82447107c1d57318b4b297c7580b4921, particleHash=ec5361ae4edccf29468e3535b1fbdad1, particleId='75.0.1'
2014-12-27 10:01:54,248 - com.numenta.nupic.swarming.HypersearchWorker(7081) - INFO - <BUILDID=N/A, WORKER=HW, WRKID=77, JOBID=1008> Adding model 1443 to our internal DB because modelInsertAndStart() failed to insert it: paramsHash=82447107c1d57318b4b297c7580b4921, particleHash=ec5361ae4edccf29468e3535b1fbdad1, particleId='75.0.1'
2014-12-27 10:01:54,251 - com.numenta.nupic.swarming.HypersearchWorker(7081) - INFO - <BUILDID=N/A, WORKER=HW, WRKID=77, JOBID=1008> Adding model 1443 to our internal DB because modelInsertAndStart() failed to insert it: paramsHash=82447107c1d57318b4b297c7580b4921, particleHash=ec5361ae4edccf29468e3535b1fbdad1, particleId='75.0.1'
2014-12-27 10:01:54,255 - com.numenta.nupic.swarming.HypersearchWorker(7081) - INFO - <BUILDID=N/A, WORKER=HW, WRKID=77, JOBID=1008> Adding model 1443 to our internal DB because modelInsertAndStart() failed to insert it: paramsHash=82447107c1d57318b4b297c7580b4921, particleHash=ec5361ae4edccf29468e3535b1fbdad1, particleId='75.0.1'
2014-12-27 10:01:54,302 - com.numenta.nupic.swarming.HypersearchWorker(7081) - INFO - <BUILDID=N/A, WORKER=HW, WRKID=77, JOBID=1008> RUNNING MODEL GID=1445, paramsHash=359ba31c92f4c66583c3387bd157a1c7, params={'particleState': {'varStates': {'modelParams|clParams|alpha': {'bestResult': None, 'position': 0.095005, 'bestPosition': 0.1, '_position': 0.095005, 'velocity': -0.004995}, 'modelParams|tpParams|minThreshold': {'bestResult': None, 'position': 12, 'bestPosition': 12, '_position': 12, 'velocity': 0.15}, 'modelParams|tpParams|activationThreshold': {'bestResult': None, 'position': 16, 'bestPosition': 16, '_position': 15.8, 'velocity': -0.2}, 'modelParams|tpParams|pamLength': {'bestResult': None, 'position': 5, 'bestPosition': 5, '_position': 4.8, 'velocity': -0.2}, u'modelParams|sensorParams|encoders|kw_energy_consumption:n': {'bestResult': None, 'position': 521, 'bestPosition': 521, '_position': 521, 'velocity': 24.95}, 'modelParams|sensorParams|encoders|_classifierInput|n': {'bestResult': None, 'position': 521, 'bestPosition': 521, '_position': 521, 'velocity': 24.65}, 'modelParams|spParams|synPermInactiveDec': {'bestResult': None, 'position': 0.005285000000000001, 'bestPosition': 0.0003, '_position': 0.005285000000000001, 'velocity': 0.004985000000000001}}, 'genIdx': 1, 'swarmId': u'modelParams|sensorParams|encoders|kw_energy_consumption', 'id': u'78.0'}, 'structuredParams': {'aggregationInfo': {'seconds': 0, 'fields': [], 'months': 0, 'days': 0, 'years': 0, 'hours': 0, 'microseconds': 0, 'weeks': 0, 'minutes': 0, 'milliseconds': 0}, 'modelParams': {'sensorParams': {'encoders': {'_classifierInput': {'maxval': 5.18, 'classifierOnly': True, 'minval': 0.0, 'clipInput': True, 'n': 521, 'fieldname': 'kw_energy_consumption', 'w': 21, 'type': 'ScalarEncoder'}, u'timestamp_timeOfDay': None, u'timestamp_dayOfWeek': None, u'kw_energy_consumption': {'maxval': 5.18, 'name': 'kw_energy_consumption', 'clipInput': True, 'minval': 0.0, 'n': 521, 'fieldname': 'kw_energy_consumption', 'w': 21, 'type': 'ScalarEncoder'}, u'timestamp_weekend': None}}, 'spParams': {'synPermInactiveDec': 0.005285000000000001}, 'tpParams': {'minThreshold': 12, 'activationThreshold': 16, 'pamLength': 5}, 'clParams': {'alpha': 0.095005}}}}
2014-12-27 10:01:54,305 - com.numenta.nupic.hypersearch.utils(7081) - INFO - <BUILDID=N/A, WORKER=HW, WRKID=77, JOBID=1008> Using experiment directory: /tmp/tmpL5HxHA
2014-12-27 10:01:54,327 - com.numenta.nupic.hypersearch.utils(7081) - ERROR - <BUILDID=N/A, WORKER=HW, WRKID=77, JOBID=1008> Exception occurred while running model 1445: Exception(u'Invalid file format for "/home/pat/workspace/nupic/examples/opf/clients/hotgym/prediction/sandiego/sandiego.csv" - field type ""2011-02-01 01:00:00"" not one of (\'string\', \'datetime\', \'int\', \'float\', \'bool\', \'sdr\') ',) (<type 'exceptions.Exception'>)
Traceback (most recent call last):
  File "/home/pat/workspace/nupic/nupic/swarming/utils.py", line 430, in runModelGivenBaseAndParams
    (completionReason, completionMsg) = runner.run()
  File "/home/pat/workspace/nupic/nupic/swarming/ModelRunner.py", line 237, in run
    maxTimeout=readTimeout)
  File "/home/pat/workspace/nupic/nupic/data/stream_reader.py", line 210, in __init__
    self._openStream(dataUrl, isBlocking, maxTimeout, bookmark, firstRecordIdx)
  File "/home/pat/workspace/nupic/nupic/data/stream_reader.py", line 298, in _openStream
    firstRecord=firstRecordIdx)
  File "/home/pat/workspace/nupic/nupic/data/file_record_stream.py", line 209, in __init__
    'not one of %s ' % (self._filename, t, allowedTypes))
Exception: Invalid file format for "/home/pat/workspace/nupic/examples/opf/clients/hotgym/prediction/sandiego/sandiego.csv" - field type ""2011-02-01 01:00:00"" not one of ('string', 'datetime', 'int', 'float', 'bool', 'sdr') 

2014-12-27 10:01:54,332 - com.numenta.nupic.swarming.HypersearchWorker(7081) - INFO - <BUILDID=N/A, WORKER=HW, WRKID=77, JOBID=1008> COMPLETED MODEL GID=1445; EVALUATED 1 MODELs
2014-12-27 10:01:54,343 - com.numenta.nupic.swarming.HypersearchV2.SwarmTerminator(7081) - INFO - <BUILDID=N/A, WORKER=HW, WRKID=77, JOBID=1008> Swarm modelParams|sensorParams|encoders|kw_energy_consumption has matured (no change in 2 generations).Stopping...
2014-12-27 10:01:54,343 - com.numenta.nupic.swarming.HypersearchV2.HypersearchV2(7081) - INFO - <BUILDID=N/A, WORKER=HW, WRKID=77, JOBID=1008> Completed generation #1 of swarm 'modelParams|sensorParams|encoders|kw_energy_consumption' with a best errScore of inf. Matured swarm(s): [u'modelParams|sensorParams|encoders|kw_energy_consumption']
2014-12-27 10:01:54,346 - com.numenta.nupic.swarming.HypersearchV2.HypersearchV2(7081) - INFO - <BUILDID=N/A, WORKER=HW, WRKID=77, JOBID=1008> Swarm matured: modelParams|sensorParams|encoders|kw_energy_consumption. Score at generation 1: inf
2014-12-27 10:01:54,350 - com.numenta.nupic.swarming.HypersearchV2.HypersearchV2(7081) - INFO - <BUILDID=N/A, WORKER=HW, WRKID=77, JOBID=1008> Active swarms changed to [] (from [u'modelParams|sensorParams|encoders|kw_energy_consumption'])
2014-12-27 10:01:54,352 - com.numenta.nupic.swarming.HypersearchV2.HypersearchV2(7081) - ERROR - <BUILDID=N/A, WORKER=HW, WRKID=77, JOBID=1008> E10002: Exiting due to receiving too many models failing from exceptions (6 out of 6). 
Model Exception: Exception occurred while running model 1443: Exception(u'Invalid file format for "/home/pat/workspace/nupic/examples/opf/clients/hotgym/prediction/sandiego/sandiego.csv" - field type ""2011-02-01 01:00:00"" not one of (\'string\', \'datetime\', \'int\', \'float\', \'bool\', \'sdr\') ',) (<type 'exceptions.Exception'>)
Traceback (most recent call last):
  File "/home/pat/workspace/nupic/nupic/swarming/utils.py", line 430, in runModelGivenBaseAndParams
    (completionReason, completionMsg) = runner.run()
  File "/home/pat/workspace/nupic/nupic/swarming/ModelRunner.py", line 237, in run
    maxTimeout=readTimeout)
  File "/home/pat/workspace/nupic/nupic/data/stream_reader.py", line 210, in __init__
    self._openStream(dataUrl, isBlocking, maxTimeout, bookmark, firstRecordIdx)
  File "/home/pat/workspace/nupic/nupic/data/stream_reader.py", line 298, in _openStream
    firstRecord=firstRecordIdx)
  File "/home/pat/workspace/nupic/nupic/data/file_record_stream.py", line 209, in __init__
    'not one of %s ' % (self._filename, t, allowedTypes))
Exception: Invalid file format for "/home/pat/workspace/nupic/examples/opf/clients/hotgym/prediction/sandiego/sandiego.csv" - field type ""2011-02-01 01:00:00"" not one of ('string', 'datetime', 'int', 'float', 'bool', 'sdr') 

2014-12-27 10:01:54,362 - com.numenta.nupic.swarming.HypersearchV2.HypersearchV2(7081) - INFO - <BUILDID=N/A, WORKER=HW, WRKID=77, JOBID=1008> Successfully updated the field contributions:{u'kw_energy_consumption': nan}
2014-12-27 10:01:54,363 - com.numenta.nupic.swarming.HypersearchWorker(7081) - INFO - <BUILDID=N/A, WORKER=HW, WRKID=77, JOBID=1008> FINISHED. Evaluated 1 models.
