2014-12-27 09:33:35,714 - com.numenta.nupic.swarming.HypersearchWorker(6886) - INFO - <BUILDID=N/A, WORKER=HS, WRKID=N/A, JOBID=N/A> Launched with command line arguments: ['--jobID=1003']
2014-12-27 09:33:35,718 - com.numenta.nupic.swarming.HypersearchWorker(6886) - INFO - <BUILDID=N/A, WORKER=HS, WRKID=N/A, JOBID=N/A> Connecting to the jobs database
2014-12-27 09:33:35,719 - com.numenta.nupic.database.Connection.ConnectionFactory(6886) - INFO - <BUILDID=N/A, WORKER=HS, WRKID=N/A, JOBID=N/A> Creating db connection policy via provider <bound method type._createDefaultPolicy of <class 'nupic.database.Connection.ConnectionFactory'>>
2014-12-27 09:33:35,740 - com.numenta.nupic.database.Connection.PooledConnectionPolicy(6886) - INFO - <BUILDID=N/A, WORKER=HS, WRKID=N/A, JOBID=N/A> Created PooledConnectionPolicy
2014-12-27 09:33:35,752 - com.numenta.nupic.database.ClientJobsDAO.ClientJobsDAO(6886) - INFO - <BUILDID=N/A, WORKER=HS, WRKID=N/A, JOBID=N/A> clientJobsConnectionID=52
2014-12-27 09:33:35,763 - com.numenta.nupic.swarming.HypersearchWorker(6886) - INFO - <BUILDID=N/A, WORKER=HW, WRKID=52, JOBID=1003> Job info retrieved: {'engModelMilestones': 'None', 'clientInfo': '', 'numFailedWorkers': '0', 'engJobType': 'hypersearch', 'results': 'None', 'jobId': '1003', 'completionMsg': 'None', 'cancel': '0', 'engWorkerState': '{"sprints": [{"status": "active", "bestModelId": null, "bestErrS...', 'workerCompletionMsg': 'None', 'jobHash': "|\x16\xf7}\x8d\xee\x11\xe4\x9c\x1f\x08\x00'\x16\xdf\xd4", 'genBaseDescription': '# --------------------------------------------------------------...', 'completionReason': 'None', 'priority': '0', 'cmdLine': '$HYPERSEARCH', 'params': '{"hsVersion": "v2", "maxModels": null, "persistentJobGUID": "7c1...', 'workerCompletionReason': 'success', 'engAllocateNewWorkers': '1', 'lastFailedWorkerErrorMsg': 'None', 'engUntendedDeadWorkers': '0', 'engLastUpdateTime': '2014-12-27 17:33:35', 'status': 'notStarted', 'engStatus': 'None', 'startTime': 'None', 'minimumWorkers': '1', 'endTime': 'None', 'engCjmConnId': 'None', 'genPermutations': '# --------------------------------------------------------------...', 'client': 'GRP', 'engCleaningStatus': 'notdone', 'clientKey': '', 'maximumWorkers': '4'}
2014-12-27 09:33:35,765 - com.numenta.nupic.swarming.HypersearchV2.HypersearchV2(6886) - INFO - <BUILDID=N/A, WORKER=HW, WRKID=52, JOBID=1003> searchParams: 
{u'description': {u'includedFields': [{u'fieldName': 'timestamp',
                                       u'fieldType': 'datetime'},
                                      {u'fieldName': 'kw_energy_consumption',
                                       u'fieldType': 'float',
                                       u'maxValue': '5.18',
                                       u'minValue': '0.0'}],
                  u'inferenceArgs': {u'predictedField': 'kw_energy_consumption',
                                     u'predictionSteps': ['1']},
                  u'inferenceType': 'TemporalMultiStep',
                  u'iterationCount': '-1',
                  u'streamDef': {u'info': 'kw_energy_consumption',
                                 u'streams': [{u'columns': ['*'],
                                               u'info': 'San Diego',
                                               u'source': 'file://sandiego.csv'}],
                                 u'version': '1'},
                  u'swarmSize': 'small'},
 u'hsVersion': 'v2',
 u'maxModels': 'None',
 u'persistentJobGUID': '7c16f77c-8dee-11e4-9c1f-08002716dfd4',
 u'useTerminators': 'False'}
2014-12-27 09:33:35,901 - com.numenta.nupic.swarming.HypersearchV2.HypersearchV2(6886) - INFO - <BUILDID=N/A, WORKER=HW, WRKID=52, JOBID=1003> Active swarms changed to [u'modelParams|sensorParams|encoders|kw_energy_consumption'] (from None)
2014-12-27 09:33:35,960 - com.numenta.nupic.database.ClientJobsDAO.ClientJobsDAO(6886) - INFO - <BUILDID=N/A, WORKER=HW, WRKID=52, JOBID=1003> Model insert attempt failed with DUP_ENTRY: jobID=1003; paramsHash=0ef29c702faac17f2e7a49e1a9a11f3a OR particleHash=d37f8e0c9127563cc761196bc58f9674; IntegrityError(1062, u"Duplicate entry '1003-\\x0E\\xF2\\x9Cp/\\xAA\\xC1\\x7F.zI\\xE1\\xA9\\xA1\\x1F:' for key 'job_id'")
2014-12-27 09:33:35,963 - com.numenta.nupic.swarming.HypersearchWorker(6886) - INFO - <BUILDID=N/A, WORKER=HW, WRKID=52, JOBID=1003> Adding model 1241 to our internal DB because modelInsertAndStart() failed to insert it: paramsHash=0ef29c702faac17f2e7a49e1a9a11f3a, particleHash=6a1a1cfbde1a6f109b957e2f7c746a3c, particleId='51.10.0'
2014-12-27 09:33:35,966 - com.numenta.nupic.database.ClientJobsDAO.ClientJobsDAO(6886) - INFO - <BUILDID=N/A, WORKER=HW, WRKID=52, JOBID=1003> Model insert attempt failed with DUP_ENTRY: jobID=1003; paramsHash=0ef29c702faac17f2e7a49e1a9a11f3a OR particleHash=1799a03587d4311251c3ac93270a25fc; IntegrityError(1062, u"Duplicate entry '1003-\\x0E\\xF2\\x9Cp/\\xAA\\xC1\\x7F.zI\\xE1\\xA9\\xA1\\x1F:' for key 'job_id'")
2014-12-27 09:33:35,973 - com.numenta.nupic.swarming.HypersearchWorker(6886) - INFO - <BUILDID=N/A, WORKER=HW, WRKID=52, JOBID=1003> Adding model 1241 to our internal DB because modelInsertAndStart() failed to insert it: paramsHash=0ef29c702faac17f2e7a49e1a9a11f3a, particleHash=6a1a1cfbde1a6f109b957e2f7c746a3c, particleId='51.10.0'
2014-12-27 09:33:35,977 - com.numenta.nupic.database.ClientJobsDAO.ClientJobsDAO(6886) - INFO - <BUILDID=N/A, WORKER=HW, WRKID=52, JOBID=1003> Model insert attempt failed with DUP_ENTRY: jobID=1003; paramsHash=0ef29c702faac17f2e7a49e1a9a11f3a OR particleHash=11069ab6e64918c93297a3beacaa6514; IntegrityError(1062, u"Duplicate entry '1003-\\x0E\\xF2\\x9Cp/\\xAA\\xC1\\x7F.zI\\xE1\\xA9\\xA1\\x1F:' for key 'job_id'")
2014-12-27 09:33:35,983 - com.numenta.nupic.swarming.HypersearchWorker(6886) - INFO - <BUILDID=N/A, WORKER=HW, WRKID=52, JOBID=1003> Adding model 1241 to our internal DB because modelInsertAndStart() failed to insert it: paramsHash=0ef29c702faac17f2e7a49e1a9a11f3a, particleHash=6a1a1cfbde1a6f109b957e2f7c746a3c, particleId='51.10.0'
2014-12-27 09:33:35,989 - com.numenta.nupic.database.ClientJobsDAO.ClientJobsDAO(6886) - INFO - <BUILDID=N/A, WORKER=HW, WRKID=52, JOBID=1003> Model insert attempt failed with DUP_ENTRY: jobID=1003; paramsHash=0ef29c702faac17f2e7a49e1a9a11f3a OR particleHash=a9f252f82d6780a7725209dc877e7bc7; IntegrityError(1062, u"Duplicate entry '1003-\\x0E\\xF2\\x9Cp/\\xAA\\xC1\\x7F.zI\\xE1\\xA9\\xA1\\x1F:' for key 'job_id'")
2014-12-27 09:33:35,995 - com.numenta.nupic.swarming.HypersearchWorker(6886) - INFO - <BUILDID=N/A, WORKER=HW, WRKID=52, JOBID=1003> Adding model 1241 to our internal DB because modelInsertAndStart() failed to insert it: paramsHash=0ef29c702faac17f2e7a49e1a9a11f3a, particleHash=6a1a1cfbde1a6f109b957e2f7c746a3c, particleId='51.10.0'
2014-12-27 09:33:35,998 - com.numenta.nupic.database.ClientJobsDAO.ClientJobsDAO(6886) - INFO - <BUILDID=N/A, WORKER=HW, WRKID=52, JOBID=1003> Model insert attempt failed with DUP_ENTRY: jobID=1003; paramsHash=0ef29c702faac17f2e7a49e1a9a11f3a OR particleHash=4a005af208e63390e42ea7085d371cac; IntegrityError(1062, u"Duplicate entry '1003-\\x0E\\xF2\\x9Cp/\\xAA\\xC1\\x7F.zI\\xE1\\xA9\\xA1\\x1F:' for key 'job_id'")
2014-12-27 09:33:36,004 - com.numenta.nupic.swarming.HypersearchWorker(6886) - INFO - <BUILDID=N/A, WORKER=HW, WRKID=52, JOBID=1003> Adding model 1241 to our internal DB because modelInsertAndStart() failed to insert it: paramsHash=0ef29c702faac17f2e7a49e1a9a11f3a, particleHash=6a1a1cfbde1a6f109b957e2f7c746a3c, particleId='51.10.0'
2014-12-27 09:33:36,011 - com.numenta.nupic.database.ClientJobsDAO.ClientJobsDAO(6886) - INFO - <BUILDID=N/A, WORKER=HW, WRKID=52, JOBID=1003> Model insert attempt failed with DUP_ENTRY: jobID=1003; paramsHash=0ef29c702faac17f2e7a49e1a9a11f3a OR particleHash=0d9adc52ed781fff1d17a9424f52dfc0; IntegrityError(1062, u"Duplicate entry '1003-\\x0E\\xF2\\x9Cp/\\xAA\\xC1\\x7F.zI\\xE1\\xA9\\xA1\\x1F:' for key 'job_id'")
2014-12-27 09:33:36,021 - com.numenta.nupic.swarming.HypersearchWorker(6886) - INFO - <BUILDID=N/A, WORKER=HW, WRKID=52, JOBID=1003> Adding model 1241 to our internal DB because modelInsertAndStart() failed to insert it: paramsHash=0ef29c702faac17f2e7a49e1a9a11f3a, particleHash=6a1a1cfbde1a6f109b957e2f7c746a3c, particleId='51.10.0'
2014-12-27 09:33:36,026 - com.numenta.nupic.database.ClientJobsDAO.ClientJobsDAO(6886) - INFO - <BUILDID=N/A, WORKER=HW, WRKID=52, JOBID=1003> Model insert attempt failed with DUP_ENTRY: jobID=1003; paramsHash=0ef29c702faac17f2e7a49e1a9a11f3a OR particleHash=5d7f0998d9a996388140447a341f42ff; IntegrityError(1062, u"Duplicate entry '1003-\\x0E\\xF2\\x9Cp/\\xAA\\xC1\\x7F.zI\\xE1\\xA9\\xA1\\x1F:' for key 'job_id'")
2014-12-27 09:33:36,031 - com.numenta.nupic.swarming.HypersearchWorker(6886) - INFO - <BUILDID=N/A, WORKER=HW, WRKID=52, JOBID=1003> Adding model 1241 to our internal DB because modelInsertAndStart() failed to insert it: paramsHash=0ef29c702faac17f2e7a49e1a9a11f3a, particleHash=6a1a1cfbde1a6f109b957e2f7c746a3c, particleId='51.10.0'
2014-12-27 09:33:36,036 - com.numenta.nupic.database.ClientJobsDAO.ClientJobsDAO(6886) - INFO - <BUILDID=N/A, WORKER=HW, WRKID=52, JOBID=1003> Model insert attempt failed with DUP_ENTRY: jobID=1003; paramsHash=0ef29c702faac17f2e7a49e1a9a11f3a OR particleHash=1c3b45b80127717a78fa056ad4d519e9; IntegrityError(1062, u"Duplicate entry '1003-\\x0E\\xF2\\x9Cp/\\xAA\\xC1\\x7F.zI\\xE1\\xA9\\xA1\\x1F:' for key 'job_id'")
2014-12-27 09:33:36,039 - com.numenta.nupic.swarming.HypersearchWorker(6886) - INFO - <BUILDID=N/A, WORKER=HW, WRKID=52, JOBID=1003> Adding model 1241 to our internal DB because modelInsertAndStart() failed to insert it: paramsHash=0ef29c702faac17f2e7a49e1a9a11f3a, particleHash=6a1a1cfbde1a6f109b957e2f7c746a3c, particleId='51.10.0'
2014-12-27 09:33:36,042 - com.numenta.nupic.database.ClientJobsDAO.ClientJobsDAO(6886) - INFO - <BUILDID=N/A, WORKER=HW, WRKID=52, JOBID=1003> Model insert attempt failed with DUP_ENTRY: jobID=1003; paramsHash=0ef29c702faac17f2e7a49e1a9a11f3a OR particleHash=1532e9e8c5c698d50081be614b98a1dc; IntegrityError(1062, u"Duplicate entry '1003-\\x0E\\xF2\\x9Cp/\\xAA\\xC1\\x7F.zI\\xE1\\xA9\\xA1\\x1F:' for key 'job_id'")
2014-12-27 09:33:36,045 - com.numenta.nupic.swarming.HypersearchWorker(6886) - INFO - <BUILDID=N/A, WORKER=HW, WRKID=52, JOBID=1003> Adding model 1241 to our internal DB because modelInsertAndStart() failed to insert it: paramsHash=0ef29c702faac17f2e7a49e1a9a11f3a, particleHash=6a1a1cfbde1a6f109b957e2f7c746a3c, particleId='51.10.0'
2014-12-27 09:33:36,049 - com.numenta.nupic.database.ClientJobsDAO.ClientJobsDAO(6886) - INFO - <BUILDID=N/A, WORKER=HW, WRKID=52, JOBID=1003> Model insert attempt failed with DUP_ENTRY: jobID=1003; paramsHash=0ef29c702faac17f2e7a49e1a9a11f3a OR particleHash=6cdfc4c9a9547e4fb64f191dcf89eb9a; IntegrityError(1062, u"Duplicate entry '1003-\\x0E\\xF2\\x9Cp/\\xAA\\xC1\\x7F.zI\\xE1\\xA9\\xA1\\x1F:' for key 'job_id'")
2014-12-27 09:33:36,052 - com.numenta.nupic.swarming.HypersearchWorker(6886) - INFO - <BUILDID=N/A, WORKER=HW, WRKID=52, JOBID=1003> Adding model 1241 to our internal DB because modelInsertAndStart() failed to insert it: paramsHash=0ef29c702faac17f2e7a49e1a9a11f3a, particleHash=6a1a1cfbde1a6f109b957e2f7c746a3c, particleId='51.10.0'
2014-12-27 09:33:36,057 - com.numenta.nupic.swarming.HypersearchV2.HypersearchV2(6886) - INFO - <BUILDID=N/A, WORKER=HW, WRKID=52, JOBID=1003> Completed generation #0 of swarm 'modelParams|sensorParams|encoders|kw_energy_consumption' with a best errScore of inf
2014-12-27 09:33:36,101 - com.numenta.nupic.swarming.HypersearchWorker(6886) - INFO - <BUILDID=N/A, WORKER=HW, WRKID=52, JOBID=1003> Adding model 1263 to our internal DB because modelInsertAndStart() failed to insert it: paramsHash=82447107c1d57318b4b297c7580b4921, particleHash=ef8d6de5206c99a696e6790a7a6dbf80, particleId='51.0.1'
2014-12-27 09:33:36,104 - com.numenta.nupic.swarming.HypersearchWorker(6886) - INFO - <BUILDID=N/A, WORKER=HW, WRKID=52, JOBID=1003> Adding model 1263 to our internal DB because modelInsertAndStart() failed to insert it: paramsHash=82447107c1d57318b4b297c7580b4921, particleHash=ef8d6de5206c99a696e6790a7a6dbf80, particleId='51.0.1'
2014-12-27 09:33:36,107 - com.numenta.nupic.swarming.HypersearchWorker(6886) - INFO - <BUILDID=N/A, WORKER=HW, WRKID=52, JOBID=1003> Adding model 1263 to our internal DB because modelInsertAndStart() failed to insert it: paramsHash=82447107c1d57318b4b297c7580b4921, particleHash=ef8d6de5206c99a696e6790a7a6dbf80, particleId='51.0.1'
2014-12-27 09:33:36,109 - com.numenta.nupic.swarming.HypersearchWorker(6886) - INFO - <BUILDID=N/A, WORKER=HW, WRKID=52, JOBID=1003> Adding model 1263 to our internal DB because modelInsertAndStart() failed to insert it: paramsHash=82447107c1d57318b4b297c7580b4921, particleHash=ef8d6de5206c99a696e6790a7a6dbf80, particleId='51.0.1'
2014-12-27 09:33:36,112 - com.numenta.nupic.swarming.HypersearchWorker(6886) - INFO - <BUILDID=N/A, WORKER=HW, WRKID=52, JOBID=1003> Adding model 1263 to our internal DB because modelInsertAndStart() failed to insert it: paramsHash=82447107c1d57318b4b297c7580b4921, particleHash=ef8d6de5206c99a696e6790a7a6dbf80, particleId='51.0.1'
2014-12-27 09:33:36,115 - com.numenta.nupic.swarming.HypersearchWorker(6886) - INFO - <BUILDID=N/A, WORKER=HW, WRKID=52, JOBID=1003> Adding model 1263 to our internal DB because modelInsertAndStart() failed to insert it: paramsHash=82447107c1d57318b4b297c7580b4921, particleHash=ef8d6de5206c99a696e6790a7a6dbf80, particleId='51.0.1'
2014-12-27 09:33:36,118 - com.numenta.nupic.swarming.HypersearchWorker(6886) - INFO - <BUILDID=N/A, WORKER=HW, WRKID=52, JOBID=1003> Adding model 1263 to our internal DB because modelInsertAndStart() failed to insert it: paramsHash=82447107c1d57318b4b297c7580b4921, particleHash=ef8d6de5206c99a696e6790a7a6dbf80, particleId='51.0.1'
2014-12-27 09:33:36,147 - com.numenta.nupic.swarming.HypersearchWorker(6886) - INFO - <BUILDID=N/A, WORKER=HW, WRKID=52, JOBID=1003> Adding model 1263 to our internal DB because modelInsertAndStart() failed to insert it: paramsHash=82447107c1d57318b4b297c7580b4921, particleHash=ef8d6de5206c99a696e6790a7a6dbf80, particleId='51.0.1'
2014-12-27 09:33:36,153 - com.numenta.nupic.swarming.HypersearchWorker(6886) - INFO - <BUILDID=N/A, WORKER=HW, WRKID=52, JOBID=1003> Adding model 1263 to our internal DB because modelInsertAndStart() failed to insert it: paramsHash=82447107c1d57318b4b297c7580b4921, particleHash=ef8d6de5206c99a696e6790a7a6dbf80, particleId='51.0.1'
2014-12-27 09:33:36,159 - com.numenta.nupic.swarming.HypersearchWorker(6886) - INFO - <BUILDID=N/A, WORKER=HW, WRKID=52, JOBID=1003> Adding model 1263 to our internal DB because modelInsertAndStart() failed to insert it: paramsHash=82447107c1d57318b4b297c7580b4921, particleHash=ef8d6de5206c99a696e6790a7a6dbf80, particleId='51.0.1'
2014-12-27 09:33:36,210 - com.numenta.nupic.database.ClientJobsDAO.ClientJobsDAO(6886) - INFO - <BUILDID=N/A, WORKER=HW, WRKID=52, JOBID=1003> Model insert attempt failed with DUP_ENTRY: jobID=1003; paramsHash=359ba31c92f4c66583c3387bd157a1c7 OR particleHash=7df9e889db0f031a3c12e7b4a49d26c0; IntegrityError(1062, u"Duplicate entry '1003-}\\xF9\\xE8\\x89\\xDB\\x0F\\x03\\x1A<\\x12\\xE7\\xB4\\xA4\\x9D&\\xC0' for key 'job_id_2'")
2014-12-27 09:33:36,216 - com.numenta.nupic.swarming.HypersearchWorker(6886) - INFO - <BUILDID=N/A, WORKER=HW, WRKID=52, JOBID=1003> Adding model 1265 to our internal DB because modelInsertAndStart() failed to insert it: paramsHash=ec01b8fbc31c102265c273f29975305f, particleHash=7df9e889db0f031a3c12e7b4a49d26c0, particleId='51.20.1'
2014-12-27 09:33:36,230 - com.numenta.nupic.database.ClientJobsDAO.ClientJobsDAO(6886) - INFO - <BUILDID=N/A, WORKER=HW, WRKID=52, JOBID=1003> Model insert attempt failed with DUP_ENTRY: jobID=1003; paramsHash=359ba31c92f4c66583c3387bd157a1c7 OR particleHash=7df9e889db0f031a3c12e7b4a49d26c0; IntegrityError(1062, u"Duplicate entry '1003-}\\xF9\\xE8\\x89\\xDB\\x0F\\x03\\x1A<\\x12\\xE7\\xB4\\xA4\\x9D&\\xC0' for key 'job_id_2'")
2014-12-27 09:33:36,237 - com.numenta.nupic.swarming.HypersearchWorker(6886) - INFO - <BUILDID=N/A, WORKER=HW, WRKID=52, JOBID=1003> Adding model 1265 to our internal DB because modelInsertAndStart() failed to insert it: paramsHash=ec01b8fbc31c102265c273f29975305f, particleHash=7df9e889db0f031a3c12e7b4a49d26c0, particleId='51.20.1'
2014-12-27 09:33:36,251 - com.numenta.nupic.database.ClientJobsDAO.ClientJobsDAO(6886) - INFO - <BUILDID=N/A, WORKER=HW, WRKID=52, JOBID=1003> Model insert attempt failed with DUP_ENTRY: jobID=1003; paramsHash=359ba31c92f4c66583c3387bd157a1c7 OR particleHash=7df9e889db0f031a3c12e7b4a49d26c0; IntegrityError(1062, u"Duplicate entry '1003-}\\xF9\\xE8\\x89\\xDB\\x0F\\x03\\x1A<\\x12\\xE7\\xB4\\xA4\\x9D&\\xC0' for key 'job_id_2'")
2014-12-27 09:33:36,254 - com.numenta.nupic.swarming.HypersearchWorker(6886) - INFO - <BUILDID=N/A, WORKER=HW, WRKID=52, JOBID=1003> Adding model 1265 to our internal DB because modelInsertAndStart() failed to insert it: paramsHash=ec01b8fbc31c102265c273f29975305f, particleHash=7df9e889db0f031a3c12e7b4a49d26c0, particleId='51.20.1'
2014-12-27 09:33:36,270 - com.numenta.nupic.database.ClientJobsDAO.ClientJobsDAO(6886) - INFO - <BUILDID=N/A, WORKER=HW, WRKID=52, JOBID=1003> Model insert attempt failed with DUP_ENTRY: jobID=1003; paramsHash=359ba31c92f4c66583c3387bd157a1c7 OR particleHash=7df9e889db0f031a3c12e7b4a49d26c0; IntegrityError(1062, u"Duplicate entry '1003-}\\xF9\\xE8\\x89\\xDB\\x0F\\x03\\x1A<\\x12\\xE7\\xB4\\xA4\\x9D&\\xC0' for key 'job_id_2'")
2014-12-27 09:33:36,276 - com.numenta.nupic.swarming.HypersearchWorker(6886) - INFO - <BUILDID=N/A, WORKER=HW, WRKID=52, JOBID=1003> Adding model 1265 to our internal DB because modelInsertAndStart() failed to insert it: paramsHash=ec01b8fbc31c102265c273f29975305f, particleHash=7df9e889db0f031a3c12e7b4a49d26c0, particleId='51.20.1'
2014-12-27 09:33:36,286 - com.numenta.nupic.database.ClientJobsDAO.ClientJobsDAO(6886) - INFO - <BUILDID=N/A, WORKER=HW, WRKID=52, JOBID=1003> Model insert attempt failed with DUP_ENTRY: jobID=1003; paramsHash=359ba31c92f4c66583c3387bd157a1c7 OR particleHash=7df9e889db0f031a3c12e7b4a49d26c0; IntegrityError(1062, u"Duplicate entry '1003-}\\xF9\\xE8\\x89\\xDB\\x0F\\x03\\x1A<\\x12\\xE7\\xB4\\xA4\\x9D&\\xC0' for key 'job_id_2'")
2014-12-27 09:33:36,295 - com.numenta.nupic.swarming.HypersearchWorker(6886) - INFO - <BUILDID=N/A, WORKER=HW, WRKID=52, JOBID=1003> Adding model 1265 to our internal DB because modelInsertAndStart() failed to insert it: paramsHash=ec01b8fbc31c102265c273f29975305f, particleHash=7df9e889db0f031a3c12e7b4a49d26c0, particleId='51.20.1'
2014-12-27 09:33:36,322 - com.numenta.nupic.database.ClientJobsDAO.ClientJobsDAO(6886) - INFO - <BUILDID=N/A, WORKER=HW, WRKID=52, JOBID=1003> Model insert attempt failed with DUP_ENTRY: jobID=1003; paramsHash=359ba31c92f4c66583c3387bd157a1c7 OR particleHash=7df9e889db0f031a3c12e7b4a49d26c0; IntegrityError(1062, u"Duplicate entry '1003-}\\xF9\\xE8\\x89\\xDB\\x0F\\x03\\x1A<\\x12\\xE7\\xB4\\xA4\\x9D&\\xC0' for key 'job_id_2'")
2014-12-27 09:33:36,326 - com.numenta.nupic.swarming.HypersearchWorker(6886) - INFO - <BUILDID=N/A, WORKER=HW, WRKID=52, JOBID=1003> Adding model 1265 to our internal DB because modelInsertAndStart() failed to insert it: paramsHash=ec01b8fbc31c102265c273f29975305f, particleHash=7df9e889db0f031a3c12e7b4a49d26c0, particleId='51.20.1'
2014-12-27 09:33:36,347 - com.numenta.nupic.database.ClientJobsDAO.ClientJobsDAO(6886) - INFO - <BUILDID=N/A, WORKER=HW, WRKID=52, JOBID=1003> Model insert attempt failed with DUP_ENTRY: jobID=1003; paramsHash=359ba31c92f4c66583c3387bd157a1c7 OR particleHash=7df9e889db0f031a3c12e7b4a49d26c0; IntegrityError(1062, u"Duplicate entry '1003-}\\xF9\\xE8\\x89\\xDB\\x0F\\x03\\x1A<\\x12\\xE7\\xB4\\xA4\\x9D&\\xC0' for key 'job_id_2'")
2014-12-27 09:33:36,353 - com.numenta.nupic.swarming.HypersearchWorker(6886) - INFO - <BUILDID=N/A, WORKER=HW, WRKID=52, JOBID=1003> Adding model 1265 to our internal DB because modelInsertAndStart() failed to insert it: paramsHash=ec01b8fbc31c102265c273f29975305f, particleHash=7df9e889db0f031a3c12e7b4a49d26c0, particleId='51.20.1'
2014-12-27 09:33:36,357 - com.numenta.nupic.database.ClientJobsDAO.ClientJobsDAO(6886) - INFO - <BUILDID=N/A, WORKER=HW, WRKID=52, JOBID=1003> Model insert attempt failed with DUP_ENTRY: jobID=1003; paramsHash=359ba31c92f4c66583c3387bd157a1c7 OR particleHash=7df9e889db0f031a3c12e7b4a49d26c0; IntegrityError(1062, u"Duplicate entry '1003-}\\xF9\\xE8\\x89\\xDB\\x0F\\x03\\x1A<\\x12\\xE7\\xB4\\xA4\\x9D&\\xC0' for key 'job_id_2'")
2014-12-27 09:33:36,362 - com.numenta.nupic.swarming.HypersearchWorker(6886) - INFO - <BUILDID=N/A, WORKER=HW, WRKID=52, JOBID=1003> Adding model 1265 to our internal DB because modelInsertAndStart() failed to insert it: paramsHash=ec01b8fbc31c102265c273f29975305f, particleHash=7df9e889db0f031a3c12e7b4a49d26c0, particleId='51.20.1'
2014-12-27 09:33:36,366 - com.numenta.nupic.database.ClientJobsDAO.ClientJobsDAO(6886) - INFO - <BUILDID=N/A, WORKER=HW, WRKID=52, JOBID=1003> Model insert attempt failed with DUP_ENTRY: jobID=1003; paramsHash=359ba31c92f4c66583c3387bd157a1c7 OR particleHash=7df9e889db0f031a3c12e7b4a49d26c0; IntegrityError(1062, u"Duplicate entry '1003-}\\xF9\\xE8\\x89\\xDB\\x0F\\x03\\x1A<\\x12\\xE7\\xB4\\xA4\\x9D&\\xC0' for key 'job_id_2'")
2014-12-27 09:33:36,371 - com.numenta.nupic.swarming.HypersearchWorker(6886) - INFO - <BUILDID=N/A, WORKER=HW, WRKID=52, JOBID=1003> Adding model 1265 to our internal DB because modelInsertAndStart() failed to insert it: paramsHash=ec01b8fbc31c102265c273f29975305f, particleHash=7df9e889db0f031a3c12e7b4a49d26c0, particleId='51.20.1'
2014-12-27 09:33:36,377 - com.numenta.nupic.database.ClientJobsDAO.ClientJobsDAO(6886) - INFO - <BUILDID=N/A, WORKER=HW, WRKID=52, JOBID=1003> Model insert attempt failed with DUP_ENTRY: jobID=1003; paramsHash=359ba31c92f4c66583c3387bd157a1c7 OR particleHash=7df9e889db0f031a3c12e7b4a49d26c0; IntegrityError(1062, u"Duplicate entry '1003-}\\xF9\\xE8\\x89\\xDB\\x0F\\x03\\x1A<\\x12\\xE7\\xB4\\xA4\\x9D&\\xC0' for key 'job_id_2'")
2014-12-27 09:33:36,382 - com.numenta.nupic.swarming.HypersearchWorker(6886) - INFO - <BUILDID=N/A, WORKER=HW, WRKID=52, JOBID=1003> Adding model 1265 to our internal DB because modelInsertAndStart() failed to insert it: paramsHash=ec01b8fbc31c102265c273f29975305f, particleHash=7df9e889db0f031a3c12e7b4a49d26c0, particleId='51.20.1'
2014-12-27 09:33:36,389 - com.numenta.nupic.swarming.HypersearchV2.HypersearchV2(6886) - ERROR - <BUILDID=N/A, WORKER=HW, WRKID=52, JOBID=1003> Exiting because some worker set the workerCompletionReason to error. WorkerCompletionMsg: E10002: Exiting due to receiving too many models failing from exceptions (6 out of 6). 
Model Exception: Exception occurred while running model 1256: Exception(u'Invalid file format for "/home/pat/workspace/nupic/examples/opf/clients/hotgym/prediction/sandiego/sandiego.csv" - field type ""2011-02-01 01:00:00"" not one of (\'string\', \'datetime\', \'int\', \'float\', \'bool\', \'sdr\') ',) (<type 'exceptions.Exception'>)
Traceback (most recent call last):
  File "/home/pat/workspace/nupic/nupic/swarming/utils.py", line 430, in runModelGivenBaseAndParams
    (completionReason, completionMsg) = runner.run()
  File "/home/pat/workspace/nupic/nupic/swarming/ModelRunner.py", line 237, in run
    maxTimeout=readTimeout)
  File "/home/pat/workspace/nupic/nupic/data/stream_reader.py", line 210, in __init__
    self._openStream(dataUrl, isBlocking, maxTimeout, bookmark, firstRecordIdx)
  File "/home/pat/workspace/nupic/nupic/data/stream_reader.py", line 298, in _openStream
    firstRecord=firstRecordIdx)
  File "/home/pat/workspace/nupic/nupic/data/file_record_stream.py", line 209, in __init__
    'not one of %s ' % (self._filename, t, allowedTypes))
Exception: Invalid file format for "/home/pat/workspace/nupic/examples/opf/clients/hotgym/prediction/sandiego/sandiego.csv" - field type ""2011-02-01 01:00:00"" not one of ('string', 'datetime', 'int', 'float', 'bool', 'sdr') 

2014-12-27 09:33:36,394 - com.numenta.nupic.swarming.HypersearchV2.HypersearchV2(6886) - INFO - <BUILDID=N/A, WORKER=HW, WRKID=52, JOBID=1003> Failed updating the field contributions, another hypersearch worker must have updated it
2014-12-27 09:33:36,395 - com.numenta.nupic.swarming.HypersearchWorker(6886) - INFO - <BUILDID=N/A, WORKER=HW, WRKID=52, JOBID=1003> FINISHED. Evaluated 0 models.
