2015-07-18 07:45:04,913 - com.numenta.nupic.swarming.HypersearchWorker(8742) - INFO - <BUILDID=N/A, WORKER=HS, WRKID=N/A, JOBID=N/A> Launched with command line arguments: ['--jobID=1046']
2015-07-18 07:45:04,913 - com.numenta.nupic.swarming.HypersearchWorker(8742) - INFO - <BUILDID=N/A, WORKER=HS, WRKID=N/A, JOBID=N/A> Connecting to the jobs database
2015-07-18 07:45:04,914 - com.numenta.nupic.database.Connection.ConnectionFactory(8742) - INFO - <BUILDID=N/A, WORKER=HS, WRKID=N/A, JOBID=N/A> Creating db connection policy via provider <bound method type._createDefaultPolicy of <class 'nupic.database.Connection.ConnectionFactory'>>
2015-07-18 07:45:04,940 - com.numenta.nupic.database.Connection.PooledConnectionPolicy(8742) - INFO - <BUILDID=N/A, WORKER=HS, WRKID=N/A, JOBID=N/A> Created PooledConnectionPolicy
2015-07-18 07:45:05,036 - com.numenta.nupic.database.ClientJobsDAO.ClientJobsDAO(8742) - INFO - <BUILDID=N/A, WORKER=HS, WRKID=N/A, JOBID=N/A> clientJobsConnectionID=59
2015-07-18 07:45:05,075 - com.numenta.nupic.swarming.HypersearchWorker(8742) - INFO - <BUILDID=N/A, WORKER=HW, WRKID=59, JOBID=1046> Job info retrieved: {'engModelMilestones': 'None', 'clientInfo': '', 'numFailedWorkers': '0', 'engJobType': 'hypersearch', 'results': 'None', 'jobId': '1046', 'completionMsg': 'None', 'cancel': '0', 'engWorkerState': 'None', 'workerCompletionMsg': 'None', 'jobHash': "\x91\xea\xb1\xbc-[\x11\xe5\x98\xe1\x08\x00'\x16\xdf\xd4", 'genBaseDescription': 'None', 'completionReason': 'None', 'priority': '0', 'cmdLine': '$HYPERSEARCH', 'params': '{"hsVersion": "v2", "maxModels": null, "persistentJobGUID": "6d1...', 'workerCompletionReason': 'success', 'engAllocateNewWorkers': '1', 'lastFailedWorkerErrorMsg': 'None', 'engUntendedDeadWorkers': '0', 'engLastUpdateTime': '2015-07-18 14:45:01', 'status': 'notStarted', 'engStatus': 'None', 'startTime': 'None', 'minimumWorkers': '1', 'endTime': 'None', 'engCjmConnId': 'None', 'genPermutations': 'None', 'client': 'GRP', 'engCleaningStatus': 'notdone', 'clientKey': '', 'maximumWorkers': '4'}
2015-07-18 07:45:05,091 - com.numenta.nupic.swarming.HypersearchV2.HypersearchV2(8742) - INFO - <BUILDID=N/A, WORKER=HW, WRKID=59, JOBID=1046> searchParams: 
{u'description': {u'includedFields': [{u'fieldName': 'timestamp',
                                       u'fieldType': 'datetime'},
                                      {u'fieldName': 'euse',
                                       u'fieldType': 'float',
                                       u'maxValue': '35.0',
                                       u'minValue': '0.0'},
                                      {u'fieldName': 'temp',
                                       u'fieldType': 'float',
                                       u'maxValue': '110.0',
                                       u'minValue': '0.0'},
                                      {u'fieldName': 'humid',
                                       u'fieldType': 'float',
                                       u'maxValue': '100.0',
                                       u'minValue': '0.0'},
                                      {u'fieldName': 'wind',
                                       u'fieldType': 'float',
                                       u'maxValue': '50.0',
                                       u'minValue': '0.0'},
                                      {u'fieldName': 'is_daylight',
                                       u'fieldType': 'float',
                                       u'maxValue': '0.0',
                                       u'minValue': '1.0'},
                                      {u'fieldName': 'buildup',
                                       u'fieldType': 'float',
                                       u'maxValue': '100.0',
                                       u'minValue': '0.0'},
                                      {u'fieldName': 'sec_since_rise',
                                       u'fieldType': 'float',
                                       u'maxValue': '50000',
                                       u'minValue': '0.0'}],
                  u'inferenceArgs': {u'predictedField': 'euse',
                                     u'predictionSteps': ['4']},
                  u'inferenceType': 'TemporalMultiStep',
                  u'iterationCount': '-1',
                  u'streamDef': {u'info': 'kwh',
                                 u'streams': [{u'columns': ['timestamp',
                                                            'euse',
                                                            'temp',
                                                            'humid',
                                                            'wind',
                                                            'is_daylight',
                                                            'buildup',
                                                            'sec_since_rise'],
                                               u'info': 'weather_plus_7531',
                                               u'source': 'file:///home/pat/workspace/pecan/house_data/7531_data/7531_clean...'}]},
                  u'swarmSize': 'medium'},
 u'hsVersion': 'v2',
 u'maxModels': 'None',
 u'persistentJobGUID': '6d153eb6-2d5b-11e5-98e1-08002716dfd4',
 u'useTerminators': 'False'}
2015-07-18 07:46:35,344 - com.numenta.nupic.swarming.HypersearchV2.HypersearchV2(8742) - INFO - <BUILDID=N/A, WORKER=HW, WRKID=59, JOBID=1046> Active swarms changed to [u'modelParams|sensorParams|encoders|humid', u'modelParams|sensorParams|encoders|wind', u'modelParams|sensorParams|encoders|is_daylight', u'modelParams|sensorParams|encoders|sec_since_rise', u'modelParams|sensorParams|encoders|timestamp_timeOfDay', u'modelParams|sensorParams|encoders|timestamp_dayOfWeek', u'modelParams|sensorParams|encoders|buildup', u'modelParams|sensorParams|encoders|euse', u'modelParams|sensorParams|encoders|temp', u'modelParams|sensorParams|encoders|timestamp_weekend'] (from None)
2015-07-18 07:46:35,916 - com.numenta.nupic.database.ClientJobsDAO.ClientJobsDAO(8742) - INFO - <BUILDID=N/A, WORKER=HW, WRKID=59, JOBID=1046> Model insert attempt failed with DUP_ENTRY: jobID=1046; paramsHash=64c67aa1f110afdc4de99d9c5dabe6c2 OR particleHash=10efa50a6b077d5e96e88bd310274bb7; IntegrityError(1062, u"Duplicate entry '1046-d\\xC6z\\xA1\\xF1\\x10\\xAF\\xDCM\\xE9\\x9D\\x9C]\\xAB\\xE6\\xC2' for key 'job_id'")
2015-07-18 07:46:35,931 - com.numenta.nupic.swarming.HypersearchWorker(8742) - INFO - <BUILDID=N/A, WORKER=HW, WRKID=59, JOBID=1046> Adding model 4533 to our internal DB because modelInsertAndStart() failed to insert it: paramsHash=64c67aa1f110afdc4de99d9c5dabe6c2, particleHash=68f0fd9d5bbad7e116e5569b1e813a2c, particleId='60.0.0'
2015-07-18 07:46:35,960 - com.numenta.nupic.database.ClientJobsDAO.ClientJobsDAO(8742) - INFO - <BUILDID=N/A, WORKER=HW, WRKID=59, JOBID=1046> Model insert attempt failed with DUP_ENTRY: jobID=1046; paramsHash=64c67aa1f110afdc4de99d9c5dabe6c2 OR particleHash=98f8eb9ccfa396f6657378ddecbf2a93; IntegrityError(1062, u"Duplicate entry '1046-d\\xC6z\\xA1\\xF1\\x10\\xAF\\xDCM\\xE9\\x9D\\x9C]\\xAB\\xE6\\xC2' for key 'job_id'")
2015-07-18 07:46:36,019 - com.numenta.nupic.swarming.HypersearchWorker(8742) - INFO - <BUILDID=N/A, WORKER=HW, WRKID=59, JOBID=1046> Adding model 4533 to our internal DB because modelInsertAndStart() failed to insert it: paramsHash=64c67aa1f110afdc4de99d9c5dabe6c2, particleHash=68f0fd9d5bbad7e116e5569b1e813a2c, particleId='60.0.0'
2015-07-18 07:46:36,032 - com.numenta.nupic.database.ClientJobsDAO.ClientJobsDAO(8742) - INFO - <BUILDID=N/A, WORKER=HW, WRKID=59, JOBID=1046> Model insert attempt failed with DUP_ENTRY: jobID=1046; paramsHash=64c67aa1f110afdc4de99d9c5dabe6c2 OR particleHash=a6883d5966671f0c3ceadd8ae1019f1b; IntegrityError(1062, u"Duplicate entry '1046-d\\xC6z\\xA1\\xF1\\x10\\xAF\\xDCM\\xE9\\x9D\\x9C]\\xAB\\xE6\\xC2' for key 'job_id'")
2015-07-18 07:46:36,064 - com.numenta.nupic.swarming.HypersearchWorker(8742) - INFO - <BUILDID=N/A, WORKER=HW, WRKID=59, JOBID=1046> Adding model 4533 to our internal DB because modelInsertAndStart() failed to insert it: paramsHash=64c67aa1f110afdc4de99d9c5dabe6c2, particleHash=68f0fd9d5bbad7e116e5569b1e813a2c, particleId='60.0.0'
2015-07-18 07:46:36,083 - com.numenta.nupic.database.ClientJobsDAO.ClientJobsDAO(8742) - INFO - <BUILDID=N/A, WORKER=HW, WRKID=59, JOBID=1046> Model insert attempt failed with DUP_ENTRY: jobID=1046; paramsHash=64c67aa1f110afdc4de99d9c5dabe6c2 OR particleHash=9b82a1101fb0033e2dc5262ed9b94dfb; IntegrityError(1062, u"Duplicate entry '1046-d\\xC6z\\xA1\\xF1\\x10\\xAF\\xDCM\\xE9\\x9D\\x9C]\\xAB\\xE6\\xC2' for key 'job_id'")
2015-07-18 07:46:36,121 - com.numenta.nupic.swarming.HypersearchWorker(8742) - INFO - <BUILDID=N/A, WORKER=HW, WRKID=59, JOBID=1046> Adding model 4533 to our internal DB because modelInsertAndStart() failed to insert it: paramsHash=64c67aa1f110afdc4de99d9c5dabe6c2, particleHash=68f0fd9d5bbad7e116e5569b1e813a2c, particleId='60.0.0'
2015-07-18 07:46:36,131 - com.numenta.nupic.database.ClientJobsDAO.ClientJobsDAO(8742) - INFO - <BUILDID=N/A, WORKER=HW, WRKID=59, JOBID=1046> Model insert attempt failed with DUP_ENTRY: jobID=1046; paramsHash=64c67aa1f110afdc4de99d9c5dabe6c2 OR particleHash=6d22f10bf14d46f5311e35a665ce813c; IntegrityError(1062, u"Duplicate entry '1046-d\\xC6z\\xA1\\xF1\\x10\\xAF\\xDCM\\xE9\\x9D\\x9C]\\xAB\\xE6\\xC2' for key 'job_id'")
2015-07-18 07:46:36,167 - com.numenta.nupic.swarming.HypersearchWorker(8742) - INFO - <BUILDID=N/A, WORKER=HW, WRKID=59, JOBID=1046> Adding model 4533 to our internal DB because modelInsertAndStart() failed to insert it: paramsHash=64c67aa1f110afdc4de99d9c5dabe6c2, particleHash=68f0fd9d5bbad7e116e5569b1e813a2c, particleId='60.0.0'
2015-07-18 07:46:36,182 - com.numenta.nupic.database.ClientJobsDAO.ClientJobsDAO(8742) - INFO - <BUILDID=N/A, WORKER=HW, WRKID=59, JOBID=1046> Model insert attempt failed with DUP_ENTRY: jobID=1046; paramsHash=64c67aa1f110afdc4de99d9c5dabe6c2 OR particleHash=5592214c378b7e2d4615a4b7ab8a7c48; IntegrityError(1062, u"Duplicate entry '1046-d\\xC6z\\xA1\\xF1\\x10\\xAF\\xDCM\\xE9\\x9D\\x9C]\\xAB\\xE6\\xC2' for key 'job_id'")
2015-07-18 07:46:36,219 - com.numenta.nupic.swarming.HypersearchWorker(8742) - INFO - <BUILDID=N/A, WORKER=HW, WRKID=59, JOBID=1046> Adding model 4533 to our internal DB because modelInsertAndStart() failed to insert it: paramsHash=64c67aa1f110afdc4de99d9c5dabe6c2, particleHash=68f0fd9d5bbad7e116e5569b1e813a2c, particleId='60.0.0'
2015-07-18 07:46:36,253 - com.numenta.nupic.database.ClientJobsDAO.ClientJobsDAO(8742) - INFO - <BUILDID=N/A, WORKER=HW, WRKID=59, JOBID=1046> Model insert attempt failed with DUP_ENTRY: jobID=1046; paramsHash=64c67aa1f110afdc4de99d9c5dabe6c2 OR particleHash=8a12f9c839ac517db0dd548305a010e6; IntegrityError(1062, u"Duplicate entry '1046-d\\xC6z\\xA1\\xF1\\x10\\xAF\\xDCM\\xE9\\x9D\\x9C]\\xAB\\xE6\\xC2' for key 'job_id'")
2015-07-18 07:46:36,268 - com.numenta.nupic.swarming.HypersearchWorker(8742) - INFO - <BUILDID=N/A, WORKER=HW, WRKID=59, JOBID=1046> Adding model 4533 to our internal DB because modelInsertAndStart() failed to insert it: paramsHash=64c67aa1f110afdc4de99d9c5dabe6c2, particleHash=68f0fd9d5bbad7e116e5569b1e813a2c, particleId='60.0.0'
2015-07-18 07:46:36,288 - com.numenta.nupic.database.ClientJobsDAO.ClientJobsDAO(8742) - INFO - <BUILDID=N/A, WORKER=HW, WRKID=59, JOBID=1046> Model insert attempt failed with DUP_ENTRY: jobID=1046; paramsHash=64c67aa1f110afdc4de99d9c5dabe6c2 OR particleHash=054d83ef236fccc0e49182a43b604512; IntegrityError(1062, u"Duplicate entry '1046-d\\xC6z\\xA1\\xF1\\x10\\xAF\\xDCM\\xE9\\x9D\\x9C]\\xAB\\xE6\\xC2' for key 'job_id'")
2015-07-18 07:46:36,317 - com.numenta.nupic.swarming.HypersearchWorker(8742) - INFO - <BUILDID=N/A, WORKER=HW, WRKID=59, JOBID=1046> Adding model 4533 to our internal DB because modelInsertAndStart() failed to insert it: paramsHash=64c67aa1f110afdc4de99d9c5dabe6c2, particleHash=68f0fd9d5bbad7e116e5569b1e813a2c, particleId='60.0.0'
2015-07-18 07:46:36,339 - com.numenta.nupic.database.ClientJobsDAO.ClientJobsDAO(8742) - INFO - <BUILDID=N/A, WORKER=HW, WRKID=59, JOBID=1046> Model insert attempt failed with DUP_ENTRY: jobID=1046; paramsHash=64c67aa1f110afdc4de99d9c5dabe6c2 OR particleHash=2066ac29fd7b98b92492b10e5cbea86a; IntegrityError(1062, u"Duplicate entry '1046-d\\xC6z\\xA1\\xF1\\x10\\xAF\\xDCM\\xE9\\x9D\\x9C]\\xAB\\xE6\\xC2' for key 'job_id'")
2015-07-18 07:46:36,371 - com.numenta.nupic.swarming.HypersearchWorker(8742) - INFO - <BUILDID=N/A, WORKER=HW, WRKID=59, JOBID=1046> Adding model 4533 to our internal DB because modelInsertAndStart() failed to insert it: paramsHash=64c67aa1f110afdc4de99d9c5dabe6c2, particleHash=68f0fd9d5bbad7e116e5569b1e813a2c, particleId='60.0.0'
2015-07-18 07:46:36,390 - com.numenta.nupic.database.ClientJobsDAO.ClientJobsDAO(8742) - INFO - <BUILDID=N/A, WORKER=HW, WRKID=59, JOBID=1046> Model insert attempt failed with DUP_ENTRY: jobID=1046; paramsHash=64c67aa1f110afdc4de99d9c5dabe6c2 OR particleHash=b65fe7cae7bcc30d64b8009fb70bc3b0; IntegrityError(1062, u"Duplicate entry '1046-d\\xC6z\\xA1\\xF1\\x10\\xAF\\xDCM\\xE9\\x9D\\x9C]\\xAB\\xE6\\xC2' for key 'job_id'")
2015-07-18 07:46:36,428 - com.numenta.nupic.swarming.HypersearchWorker(8742) - INFO - <BUILDID=N/A, WORKER=HW, WRKID=59, JOBID=1046> Adding model 4533 to our internal DB because modelInsertAndStart() failed to insert it: paramsHash=64c67aa1f110afdc4de99d9c5dabe6c2, particleHash=68f0fd9d5bbad7e116e5569b1e813a2c, particleId='60.0.0'
2015-07-18 07:46:36,974 - com.numenta.nupic.database.ClientJobsDAO.ClientJobsDAO(8742) - INFO - <BUILDID=N/A, WORKER=HW, WRKID=59, JOBID=1046> Model insert attempt failed with DUP_ENTRY: jobID=1046; paramsHash=8cc4fc4493e3aab34a64290e738c635b OR particleHash=a96d237a46aec0be80828fa1ef3ea7c8; IntegrityError(1062, u"Duplicate entry '1046-\\x8C\\xC4\\xFCD\\x93\\xE3\\xAA\\xB3Jd)\\x0Es\\x8Cc[' for key 'job_id'")
2015-07-18 07:46:37,012 - com.numenta.nupic.swarming.HypersearchWorker(8742) - INFO - <BUILDID=N/A, WORKER=HW, WRKID=59, JOBID=1046> Adding model 4564 to our internal DB because modelInsertAndStart() failed to insert it: paramsHash=8cc4fc4493e3aab34a64290e738c635b, particleHash=6f62529d507e8edd5a17927a7d85e62d, particleId='62.10.0'
2015-07-18 07:46:37,034 - com.numenta.nupic.database.ClientJobsDAO.ClientJobsDAO(8742) - INFO - <BUILDID=N/A, WORKER=HW, WRKID=59, JOBID=1046> Model insert attempt failed with DUP_ENTRY: jobID=1046; paramsHash=8cc4fc4493e3aab34a64290e738c635b OR particleHash=d8c27fc54b1fce1962ffe0d81a90c69d; IntegrityError(1062, u"Duplicate entry '1046-\\x8C\\xC4\\xFCD\\x93\\xE3\\xAA\\xB3Jd)\\x0Es\\x8Cc[' for key 'job_id'")
2015-07-18 07:46:37,068 - com.numenta.nupic.swarming.HypersearchWorker(8742) - INFO - <BUILDID=N/A, WORKER=HW, WRKID=59, JOBID=1046> Adding model 4564 to our internal DB because modelInsertAndStart() failed to insert it: paramsHash=8cc4fc4493e3aab34a64290e738c635b, particleHash=6f62529d507e8edd5a17927a7d85e62d, particleId='62.10.0'
2015-07-18 07:46:37,083 - com.numenta.nupic.database.ClientJobsDAO.ClientJobsDAO(8742) - INFO - <BUILDID=N/A, WORKER=HW, WRKID=59, JOBID=1046> Model insert attempt failed with DUP_ENTRY: jobID=1046; paramsHash=8cc4fc4493e3aab34a64290e738c635b OR particleHash=134dda312ed9eda2cda370423d048a3f; IntegrityError(1062, u"Duplicate entry '1046-\\x8C\\xC4\\xFCD\\x93\\xE3\\xAA\\xB3Jd)\\x0Es\\x8Cc[' for key 'job_id'")
2015-07-18 07:46:37,110 - com.numenta.nupic.swarming.HypersearchWorker(8742) - INFO - <BUILDID=N/A, WORKER=HW, WRKID=59, JOBID=1046> Adding model 4564 to our internal DB because modelInsertAndStart() failed to insert it: paramsHash=8cc4fc4493e3aab34a64290e738c635b, particleHash=6f62529d507e8edd5a17927a7d85e62d, particleId='62.10.0'
2015-07-18 07:46:37,131 - com.numenta.nupic.database.ClientJobsDAO.ClientJobsDAO(8742) - INFO - <BUILDID=N/A, WORKER=HW, WRKID=59, JOBID=1046> Model insert attempt failed with DUP_ENTRY: jobID=1046; paramsHash=8cc4fc4493e3aab34a64290e738c635b OR particleHash=fc062f5a20e834a11cf1ab9f2d734c0e; IntegrityError(1062, u"Duplicate entry '1046-\\x8C\\xC4\\xFCD\\x93\\xE3\\xAA\\xB3Jd)\\x0Es\\x8Cc[' for key 'job_id'")
2015-07-18 07:46:37,155 - com.numenta.nupic.swarming.HypersearchWorker(8742) - INFO - <BUILDID=N/A, WORKER=HW, WRKID=59, JOBID=1046> Adding model 4564 to our internal DB because modelInsertAndStart() failed to insert it: paramsHash=8cc4fc4493e3aab34a64290e738c635b, particleHash=6f62529d507e8edd5a17927a7d85e62d, particleId='62.10.0'
2015-07-18 07:46:37,165 - com.numenta.nupic.database.ClientJobsDAO.ClientJobsDAO(8742) - INFO - <BUILDID=N/A, WORKER=HW, WRKID=59, JOBID=1046> Model insert attempt failed with DUP_ENTRY: jobID=1046; paramsHash=8cc4fc4493e3aab34a64290e738c635b OR particleHash=e7267f0996d4af487c960f9c243e7f2b; IntegrityError(1062, u"Duplicate entry '1046-\\x8C\\xC4\\xFCD\\x93\\xE3\\xAA\\xB3Jd)\\x0Es\\x8Cc[' for key 'job_id'")
2015-07-18 07:46:37,212 - com.numenta.nupic.swarming.HypersearchWorker(8742) - INFO - <BUILDID=N/A, WORKER=HW, WRKID=59, JOBID=1046> Adding model 4564 to our internal DB because modelInsertAndStart() failed to insert it: paramsHash=8cc4fc4493e3aab34a64290e738c635b, particleHash=6f62529d507e8edd5a17927a7d85e62d, particleId='62.10.0'
2015-07-18 07:46:37,218 - com.numenta.nupic.database.ClientJobsDAO.ClientJobsDAO(8742) - INFO - <BUILDID=N/A, WORKER=HW, WRKID=59, JOBID=1046> Model insert attempt failed with DUP_ENTRY: jobID=1046; paramsHash=8cc4fc4493e3aab34a64290e738c635b OR particleHash=78fe4227ad98fcafcc48d4b9fabc5a26; IntegrityError(1062, u"Duplicate entry '1046-\\x8C\\xC4\\xFCD\\x93\\xE3\\xAA\\xB3Jd)\\x0Es\\x8Cc[' for key 'job_id'")
2015-07-18 07:46:37,260 - com.numenta.nupic.swarming.HypersearchWorker(8742) - INFO - <BUILDID=N/A, WORKER=HW, WRKID=59, JOBID=1046> Adding model 4564 to our internal DB because modelInsertAndStart() failed to insert it: paramsHash=8cc4fc4493e3aab34a64290e738c635b, particleHash=6f62529d507e8edd5a17927a7d85e62d, particleId='62.10.0'
2015-07-18 07:46:37,266 - com.numenta.nupic.database.ClientJobsDAO.ClientJobsDAO(8742) - INFO - <BUILDID=N/A, WORKER=HW, WRKID=59, JOBID=1046> Model insert attempt failed with DUP_ENTRY: jobID=1046; paramsHash=8cc4fc4493e3aab34a64290e738c635b OR particleHash=3c9c40e5568f1e625bc1e2fc99c56994; IntegrityError(1062, u"Duplicate entry '1046-\\x8C\\xC4\\xFCD\\x93\\xE3\\xAA\\xB3Jd)\\x0Es\\x8Cc[' for key 'job_id'")
2015-07-18 07:46:37,294 - com.numenta.nupic.swarming.HypersearchWorker(8742) - INFO - <BUILDID=N/A, WORKER=HW, WRKID=59, JOBID=1046> Adding model 4564 to our internal DB because modelInsertAndStart() failed to insert it: paramsHash=8cc4fc4493e3aab34a64290e738c635b, particleHash=6f62529d507e8edd5a17927a7d85e62d, particleId='62.10.0'
2015-07-18 07:46:37,312 - com.numenta.nupic.database.ClientJobsDAO.ClientJobsDAO(8742) - INFO - <BUILDID=N/A, WORKER=HW, WRKID=59, JOBID=1046> Model insert attempt failed with DUP_ENTRY: jobID=1046; paramsHash=8cc4fc4493e3aab34a64290e738c635b OR particleHash=377177116204a702964a61e8b2b87605; IntegrityError(1062, u"Duplicate entry '1046-\\x8C\\xC4\\xFCD\\x93\\xE3\\xAA\\xB3Jd)\\x0Es\\x8Cc[' for key 'job_id'")
2015-07-18 07:46:37,344 - com.numenta.nupic.swarming.HypersearchWorker(8742) - INFO - <BUILDID=N/A, WORKER=HW, WRKID=59, JOBID=1046> Adding model 4564 to our internal DB because modelInsertAndStart() failed to insert it: paramsHash=8cc4fc4493e3aab34a64290e738c635b, particleHash=6f62529d507e8edd5a17927a7d85e62d, particleId='62.10.0'
2015-07-18 07:46:37,362 - com.numenta.nupic.database.ClientJobsDAO.ClientJobsDAO(8742) - INFO - <BUILDID=N/A, WORKER=HW, WRKID=59, JOBID=1046> Model insert attempt failed with DUP_ENTRY: jobID=1046; paramsHash=8cc4fc4493e3aab34a64290e738c635b OR particleHash=eeb2ef77617aa26ff5998a7c3a41c585; IntegrityError(1062, u"Duplicate entry '1046-\\x8C\\xC4\\xFCD\\x93\\xE3\\xAA\\xB3Jd)\\x0Es\\x8Cc[' for key 'job_id'")
2015-07-18 07:46:37,398 - com.numenta.nupic.swarming.HypersearchWorker(8742) - INFO - <BUILDID=N/A, WORKER=HW, WRKID=59, JOBID=1046> Adding model 4564 to our internal DB because modelInsertAndStart() failed to insert it: paramsHash=8cc4fc4493e3aab34a64290e738c635b, particleHash=6f62529d507e8edd5a17927a7d85e62d, particleId='62.10.0'
2015-07-18 07:46:37,410 - com.numenta.nupic.database.ClientJobsDAO.ClientJobsDAO(8742) - INFO - <BUILDID=N/A, WORKER=HW, WRKID=59, JOBID=1046> Model insert attempt failed with DUP_ENTRY: jobID=1046; paramsHash=8cc4fc4493e3aab34a64290e738c635b OR particleHash=67ec014c2cbf357e3c6a78ec6cefa1b5; IntegrityError(1062, u"Duplicate entry '1046-\\x8C\\xC4\\xFCD\\x93\\xE3\\xAA\\xB3Jd)\\x0Es\\x8Cc[' for key 'job_id'")
2015-07-18 07:46:37,447 - com.numenta.nupic.swarming.HypersearchWorker(8742) - INFO - <BUILDID=N/A, WORKER=HW, WRKID=59, JOBID=1046> Adding model 4564 to our internal DB because modelInsertAndStart() failed to insert it: paramsHash=8cc4fc4493e3aab34a64290e738c635b, particleHash=6f62529d507e8edd5a17927a7d85e62d, particleId='62.10.0'
2015-07-18 07:46:38,008 - com.numenta.nupic.swarming.HypersearchWorker(8742) - INFO - <BUILDID=N/A, WORKER=HW, WRKID=59, JOBID=1046> RUNNING MODEL GID=4585, paramsHash=da19a99aafceef8efddf7eaf87bf30e1, params={'particleState': {'varStates': {'modelParams|clParams|alpha': {'bestResult': None, 'position': 0.050050000000000004, 'bestPosition': 0.050050000000000004, '_position': 0.050050000000000004, 'velocity': 0.01998}, 'modelParams|tpParams|minThreshold': {'bestResult': None, 'position': 11, 'bestPosition': 11, '_position': 10.5, 'velocity': 0.6}, 'modelParams|tpParams|activationThreshold': {'bestResult': None, 'position': 14, 'bestPosition': 14, '_position': 14.0, 'velocity': 0.8}, u'modelParams|sensorParams|encoders|humid:n': {'bestResult': None, 'position': 272, 'bestPosition': 272, '_position': 271.5, 'velocity': 99.8}, 'modelParams|tpParams|pamLength': {'bestResult': None, 'position': 3, 'bestPosition': 3, '_position': 3.0, 'velocity': 0.8}, 'modelParams|sensorParams|encoders|_classifierInput|n': {'bestResult': None, 'position': 275, 'bestPosition': 275, '_position': 274.5, 'velocity': 98.6}, 'modelParams|spParams|synPermInactiveDec': {'bestResult': None, 'position': 0.05015, 'bestPosition': 0.05015, '_position': 0.05015, 'velocity': 0.019940000000000003}}, 'genIdx': 0, 'swarmId': u'modelParams|sensorParams|encoders|humid', 'id': '59.20'}, 'structuredParams': {'aggregationInfo': {'seconds': 0, 'fields': [], 'months': 0, 'days': 0, 'years': 0, 'hours': 0, 'microseconds': 0, 'weeks': 0, 'minutes': 0, 'milliseconds': 0}, 'modelParams': {'sensorParams': {'encoders': {'_classifierInput': {'maxval': 35.0, 'classifierOnly': True, 'minval': 0.0, 'clipInput': True, 'n': 275, 'fieldname': 'euse', 'w': 21, 'type': 'ScalarEncoder'}, u'humid': {'maxval': 100.0, 'name': 'humid', 'clipInput': True, 'minval': 0.0, 'n': 272, 'fieldname': 'humid', 'w': 21, 'type': 'ScalarEncoder'}, u'is_daylight': None, u'temp': None, u'sec_since_rise': None, u'timestamp_dayOfWeek': None, u'timestamp_timeOfDay': None, u'euse': None, u'buildup': None, u'wind': None, u'timestamp_weekend': None}}, 'spParams': {'synPermInactiveDec': 0.05015}, 'tpParams': {'minThreshold': 11, 'activationThreshold': 14, 'pamLength': 3}, 'clParams': {'alpha': 0.050050000000000004}}}}
2015-07-18 07:46:38,022 - com.numenta.nupic.hypersearch.utils(8742) - INFO - <BUILDID=N/A, WORKER=HW, WRKID=59, JOBID=1046> Using experiment directory: /tmp/tmpRVISBF
