2014-12-27 09:57:06,001 - com.numenta.nupic.swarming.HypersearchWorker(6993) - INFO - <BUILDID=N/A, WORKER=HS, WRKID=N/A, JOBID=N/A> Launched with command line arguments: ['--jobID=1006']
2014-12-27 09:57:06,002 - com.numenta.nupic.swarming.HypersearchWorker(6993) - INFO - <BUILDID=N/A, WORKER=HS, WRKID=N/A, JOBID=N/A> Connecting to the jobs database
2014-12-27 09:57:06,002 - com.numenta.nupic.database.Connection.ConnectionFactory(6993) - INFO - <BUILDID=N/A, WORKER=HS, WRKID=N/A, JOBID=N/A> Creating db connection policy via provider <bound method type._createDefaultPolicy of <class 'nupic.database.Connection.ConnectionFactory'>>
2014-12-27 09:57:06,017 - com.numenta.nupic.database.Connection.PooledConnectionPolicy(6993) - INFO - <BUILDID=N/A, WORKER=HS, WRKID=N/A, JOBID=N/A> Created PooledConnectionPolicy
2014-12-27 09:57:06,029 - com.numenta.nupic.database.ClientJobsDAO.ClientJobsDAO(6993) - INFO - <BUILDID=N/A, WORKER=HS, WRKID=N/A, JOBID=N/A> clientJobsConnectionID=67
2014-12-27 09:57:06,032 - com.numenta.nupic.swarming.HypersearchWorker(6993) - INFO - <BUILDID=N/A, WORKER=HW, WRKID=67, JOBID=1006> Job info retrieved: {'engModelMilestones': 'None', 'clientInfo': '', 'numFailedWorkers': '0', 'engJobType': 'hypersearch', 'results': 'None', 'jobId': '1006', 'completionMsg': 'None', 'cancel': '0', 'engWorkerState': 'None', 'workerCompletionMsg': 'None', 'jobHash': "\xc4\xb7\x94!\x8d\xf1\x11\xe4\x9c\x1f\x08\x00'\x16\xdf\xd4", 'genBaseDescription': 'None', 'completionReason': 'None', 'priority': '0', 'cmdLine': '$HYPERSEARCH', 'params': '{"hsVersion": "v2", "maxModels": null, "persistentJobGUID": "c4b...', 'workerCompletionReason': 'success', 'engAllocateNewWorkers': '1', 'lastFailedWorkerErrorMsg': 'None', 'engUntendedDeadWorkers': '0', 'engLastUpdateTime': '2014-12-27 17:57:05', 'status': 'notStarted', 'engStatus': 'None', 'startTime': 'None', 'minimumWorkers': '1', 'endTime': 'None', 'engCjmConnId': 'None', 'genPermutations': 'None', 'client': 'GRP', 'engCleaningStatus': 'notdone', 'clientKey': '', 'maximumWorkers': '4'}
2014-12-27 09:57:06,034 - com.numenta.nupic.swarming.HypersearchV2.HypersearchV2(6993) - INFO - <BUILDID=N/A, WORKER=HW, WRKID=67, JOBID=1006> searchParams: 
{u'description': {u'includedFields': [{u'fieldName': 'timestamp',
                                       u'fieldType': 'datetime'},
                                      {u'fieldName': 'kw_energy_consumption',
                                       u'fieldType': 'float',
                                       u'maxValue': '5.18',
                                       u'minValue': '0.0'}],
                  u'inferenceArgs': {u'predictedField': 'kw_energy_consumption',
                                     u'predictionSteps': ['1']},
                  u'inferenceType': 'TemporalMultiStep',
                  u'iterationCount': '-1',
                  u'streamDef': {u'info': 'kw_energy_consumption',
                                 u'streams': [{u'columns': ['*'],
                                               u'info': 'San Diego',
                                               u'source': 'file://sandiego.csv'}],
                                 u'version': '1'},
                  u'swarmSize': 'small'},
 u'hsVersion': 'v2',
 u'maxModels': 'None',
 u'persistentJobGUID': 'c4b79420-8df1-11e4-9c1f-08002716dfd4',
 u'useTerminators': 'False'}
2014-12-27 09:57:06,162 - com.numenta.nupic.swarming.HypersearchV2.HypersearchV2(6993) - INFO - <BUILDID=N/A, WORKER=HW, WRKID=67, JOBID=1006> Active swarms changed to [u'modelParams|sensorParams|encoders|kw_energy_consumption'] (from None)
2014-12-27 09:57:06,205 - com.numenta.nupic.database.ClientJobsDAO.ClientJobsDAO(6993) - INFO - <BUILDID=N/A, WORKER=HW, WRKID=67, JOBID=1006> Model insert attempt failed with DUP_ENTRY: jobID=1006; paramsHash=b83e94a3acb214f3fdd3aee92e9fbdb5 OR particleHash=069e609ae31cd26b415c2a3fc71744f4; IntegrityError(1062, u"Duplicate entry '1006-\\xB8>\\x94\\xA3\\xAC\\xB2\\x14\\xF3\\xFD\\xD3\\xAE\\xE9.\\x9F\\xBD\\xB5' for key 'job_id'")
2014-12-27 09:57:06,208 - com.numenta.nupic.swarming.HypersearchWorker(6993) - INFO - <BUILDID=N/A, WORKER=HW, WRKID=67, JOBID=1006> Adding model 1348 to our internal DB because modelInsertAndStart() failed to insert it: paramsHash=b83e94a3acb214f3fdd3aee92e9fbdb5, particleHash=b2b1d5f114b183feca6f856b9d4d3a16, particleId='66.0.0'
2014-12-27 09:57:06,212 - com.numenta.nupic.database.ClientJobsDAO.ClientJobsDAO(6993) - INFO - <BUILDID=N/A, WORKER=HW, WRKID=67, JOBID=1006> Model insert attempt failed with DUP_ENTRY: jobID=1006; paramsHash=b83e94a3acb214f3fdd3aee92e9fbdb5 OR particleHash=5e0882abc3f055ed9d25de811906d0f7; IntegrityError(1062, u"Duplicate entry '1006-\\xB8>\\x94\\xA3\\xAC\\xB2\\x14\\xF3\\xFD\\xD3\\xAE\\xE9.\\x9F\\xBD\\xB5' for key 'job_id'")
2014-12-27 09:57:06,221 - com.numenta.nupic.swarming.HypersearchWorker(6993) - INFO - <BUILDID=N/A, WORKER=HW, WRKID=67, JOBID=1006> Adding model 1348 to our internal DB because modelInsertAndStart() failed to insert it: paramsHash=b83e94a3acb214f3fdd3aee92e9fbdb5, particleHash=b2b1d5f114b183feca6f856b9d4d3a16, particleId='66.0.0'
2014-12-27 09:57:06,231 - com.numenta.nupic.database.ClientJobsDAO.ClientJobsDAO(6993) - INFO - <BUILDID=N/A, WORKER=HW, WRKID=67, JOBID=1006> Model insert attempt failed with DUP_ENTRY: jobID=1006; paramsHash=b83e94a3acb214f3fdd3aee92e9fbdb5 OR particleHash=d5c29d73427babda3e6afc20456c675d; IntegrityError(1062, u"Duplicate entry '1006-\\xB8>\\x94\\xA3\\xAC\\xB2\\x14\\xF3\\xFD\\xD3\\xAE\\xE9.\\x9F\\xBD\\xB5' for key 'job_id'")
2014-12-27 09:57:06,235 - com.numenta.nupic.swarming.HypersearchWorker(6993) - INFO - <BUILDID=N/A, WORKER=HW, WRKID=67, JOBID=1006> Adding model 1348 to our internal DB because modelInsertAndStart() failed to insert it: paramsHash=b83e94a3acb214f3fdd3aee92e9fbdb5, particleHash=b2b1d5f114b183feca6f856b9d4d3a16, particleId='66.0.0'
2014-12-27 09:57:06,248 - com.numenta.nupic.database.ClientJobsDAO.ClientJobsDAO(6993) - INFO - <BUILDID=N/A, WORKER=HW, WRKID=67, JOBID=1006> Model insert attempt failed with DUP_ENTRY: jobID=1006; paramsHash=b83e94a3acb214f3fdd3aee92e9fbdb5 OR particleHash=7736772635059f14c65fa1d53505df6b; IntegrityError(1062, u"Duplicate entry '1006-\\xB8>\\x94\\xA3\\xAC\\xB2\\x14\\xF3\\xFD\\xD3\\xAE\\xE9.\\x9F\\xBD\\xB5' for key 'job_id'")
2014-12-27 09:57:06,258 - com.numenta.nupic.swarming.HypersearchWorker(6993) - INFO - <BUILDID=N/A, WORKER=HW, WRKID=67, JOBID=1006> Adding model 1348 to our internal DB because modelInsertAndStart() failed to insert it: paramsHash=b83e94a3acb214f3fdd3aee92e9fbdb5, particleHash=b2b1d5f114b183feca6f856b9d4d3a16, particleId='66.0.0'
2014-12-27 09:57:06,265 - com.numenta.nupic.database.ClientJobsDAO.ClientJobsDAO(6993) - INFO - <BUILDID=N/A, WORKER=HW, WRKID=67, JOBID=1006> Model insert attempt failed with DUP_ENTRY: jobID=1006; paramsHash=b83e94a3acb214f3fdd3aee92e9fbdb5 OR particleHash=2fad878661999721253e042087a50f8e; IntegrityError(1062, u"Duplicate entry '1006-\\xB8>\\x94\\xA3\\xAC\\xB2\\x14\\xF3\\xFD\\xD3\\xAE\\xE9.\\x9F\\xBD\\xB5' for key 'job_id'")
2014-12-27 09:57:06,269 - com.numenta.nupic.swarming.HypersearchWorker(6993) - INFO - <BUILDID=N/A, WORKER=HW, WRKID=67, JOBID=1006> Adding model 1348 to our internal DB because modelInsertAndStart() failed to insert it: paramsHash=b83e94a3acb214f3fdd3aee92e9fbdb5, particleHash=b2b1d5f114b183feca6f856b9d4d3a16, particleId='66.0.0'
2014-12-27 09:57:06,274 - com.numenta.nupic.database.ClientJobsDAO.ClientJobsDAO(6993) - INFO - <BUILDID=N/A, WORKER=HW, WRKID=67, JOBID=1006> Model insert attempt failed with DUP_ENTRY: jobID=1006; paramsHash=b83e94a3acb214f3fdd3aee92e9fbdb5 OR particleHash=b5589bb265263dd18033014c3393bef3; IntegrityError(1062, u"Duplicate entry '1006-\\xB8>\\x94\\xA3\\xAC\\xB2\\x14\\xF3\\xFD\\xD3\\xAE\\xE9.\\x9F\\xBD\\xB5' for key 'job_id'")
2014-12-27 09:57:06,277 - com.numenta.nupic.swarming.HypersearchWorker(6993) - INFO - <BUILDID=N/A, WORKER=HW, WRKID=67, JOBID=1006> Adding model 1348 to our internal DB because modelInsertAndStart() failed to insert it: paramsHash=b83e94a3acb214f3fdd3aee92e9fbdb5, particleHash=b2b1d5f114b183feca6f856b9d4d3a16, particleId='66.0.0'
2014-12-27 09:57:06,280 - com.numenta.nupic.database.ClientJobsDAO.ClientJobsDAO(6993) - INFO - <BUILDID=N/A, WORKER=HW, WRKID=67, JOBID=1006> Model insert attempt failed with DUP_ENTRY: jobID=1006; paramsHash=b83e94a3acb214f3fdd3aee92e9fbdb5 OR particleHash=66fbe6347325842fc1eb042e7d97dfbf; IntegrityError(1062, u"Duplicate entry '1006-\\xB8>\\x94\\xA3\\xAC\\xB2\\x14\\xF3\\xFD\\xD3\\xAE\\xE9.\\x9F\\xBD\\xB5' for key 'job_id'")
2014-12-27 09:57:06,284 - com.numenta.nupic.swarming.HypersearchWorker(6993) - INFO - <BUILDID=N/A, WORKER=HW, WRKID=67, JOBID=1006> Adding model 1348 to our internal DB because modelInsertAndStart() failed to insert it: paramsHash=b83e94a3acb214f3fdd3aee92e9fbdb5, particleHash=b2b1d5f114b183feca6f856b9d4d3a16, particleId='66.0.0'
2014-12-27 09:57:06,291 - com.numenta.nupic.database.ClientJobsDAO.ClientJobsDAO(6993) - INFO - <BUILDID=N/A, WORKER=HW, WRKID=67, JOBID=1006> Model insert attempt failed with DUP_ENTRY: jobID=1006; paramsHash=b83e94a3acb214f3fdd3aee92e9fbdb5 OR particleHash=7a0d7f74dc2a107b9f76960379858d89; IntegrityError(1062, u"Duplicate entry '1006-\\xB8>\\x94\\xA3\\xAC\\xB2\\x14\\xF3\\xFD\\xD3\\xAE\\xE9.\\x9F\\xBD\\xB5' for key 'job_id'")
2014-12-27 09:57:06,296 - com.numenta.nupic.swarming.HypersearchWorker(6993) - INFO - <BUILDID=N/A, WORKER=HW, WRKID=67, JOBID=1006> Adding model 1348 to our internal DB because modelInsertAndStart() failed to insert it: paramsHash=b83e94a3acb214f3fdd3aee92e9fbdb5, particleHash=b2b1d5f114b183feca6f856b9d4d3a16, particleId='66.0.0'
2014-12-27 09:57:06,311 - com.numenta.nupic.database.ClientJobsDAO.ClientJobsDAO(6993) - INFO - <BUILDID=N/A, WORKER=HW, WRKID=67, JOBID=1006> Model insert attempt failed with DUP_ENTRY: jobID=1006; paramsHash=b83e94a3acb214f3fdd3aee92e9fbdb5 OR particleHash=04a484fb16378e4f1b40eb266ff738f4; IntegrityError(1062, u"Duplicate entry '1006-\\xB8>\\x94\\xA3\\xAC\\xB2\\x14\\xF3\\xFD\\xD3\\xAE\\xE9.\\x9F\\xBD\\xB5' for key 'job_id'")
2014-12-27 09:57:06,315 - com.numenta.nupic.swarming.HypersearchWorker(6993) - INFO - <BUILDID=N/A, WORKER=HW, WRKID=67, JOBID=1006> Adding model 1348 to our internal DB because modelInsertAndStart() failed to insert it: paramsHash=b83e94a3acb214f3fdd3aee92e9fbdb5, particleHash=b2b1d5f114b183feca6f856b9d4d3a16, particleId='66.0.0'
2014-12-27 09:57:06,329 - com.numenta.nupic.database.ClientJobsDAO.ClientJobsDAO(6993) - INFO - <BUILDID=N/A, WORKER=HW, WRKID=67, JOBID=1006> Model insert attempt failed with DUP_ENTRY: jobID=1006; paramsHash=b83e94a3acb214f3fdd3aee92e9fbdb5 OR particleHash=2beedfee08c8b83e64db53fbaf8ecfaf; IntegrityError(1062, u"Duplicate entry '1006-\\xB8>\\x94\\xA3\\xAC\\xB2\\x14\\xF3\\xFD\\xD3\\xAE\\xE9.\\x9F\\xBD\\xB5' for key 'job_id'")
2014-12-27 09:57:06,333 - com.numenta.nupic.swarming.HypersearchWorker(6993) - INFO - <BUILDID=N/A, WORKER=HW, WRKID=67, JOBID=1006> Adding model 1348 to our internal DB because modelInsertAndStart() failed to insert it: paramsHash=b83e94a3acb214f3fdd3aee92e9fbdb5, particleHash=b2b1d5f114b183feca6f856b9d4d3a16, particleId='66.0.0'
2014-12-27 09:57:06,337 - com.numenta.nupic.swarming.HypersearchV2.HypersearchV2(6993) - INFO - <BUILDID=N/A, WORKER=HW, WRKID=67, JOBID=1006> Ready to end hyperseach, but not all models have matured yet. Sleeping a bit to wait for all models to mature.
2014-12-27 09:57:09,570 - com.numenta.nupic.swarming.HypersearchV2.HypersearchV2(6993) - ERROR - <BUILDID=N/A, WORKER=HW, WRKID=67, JOBID=1006> Exiting because some worker set the workerCompletionReason to error. WorkerCompletionMsg: E10002: Exiting due to receiving too many models failing from exceptions (6 out of 6). 
Model Exception: Exception occurred while running model 1380: Exception(u'Invalid file format for "/home/pat/workspace/nupic/examples/opf/clients/hotgym/prediction/sandiego/sandiego.csv" - field type ""2011-02-01 01:00:00"" not one of (\'string\', \'datetime\', \'int\', \'float\', \'bool\', \'sdr\') ',) (<type 'exceptions.Exception'>)
Traceback (most recent call last):
  File "/home/pat/workspace/nupic/nupic/swarming/utils.py", line 430, in runModelGivenBaseAndParams
    (completionReason, completionMsg) = runner.run()
  File "/home/pat/workspace/nupic/nupic/swarming/ModelRunner.py", line 237, in run
    maxTimeout=readTimeout)
  File "/home/pat/workspace/nupic/nupic/data/stream_reader.py", line 210, in __init__
    self._openStream(dataUrl, isBlocking, maxTimeout, bookmark, firstRecordIdx)
  File "/home/pat/workspace/nupic/nupic/data/stream_reader.py", line 298, in _openStream
    firstRecord=firstRecordIdx)
  File "/home/pat/workspace/nupic/nupic/data/file_record_stream.py", line 209, in __init__
    'not one of %s ' % (self._filename, t, allowedTypes))
Exception: Invalid file format for "/home/pat/workspace/nupic/examples/opf/clients/hotgym/prediction/sandiego/sandiego.csv" - field type ""2011-02-01 01:00:00"" not one of ('string', 'datetime', 'int', 'float', 'bool', 'sdr') 

2014-12-27 09:57:09,581 - com.numenta.nupic.swarming.HypersearchV2.HypersearchV2(6993) - INFO - <BUILDID=N/A, WORKER=HW, WRKID=67, JOBID=1006> Failed updating the field contributions, another hypersearch worker must have updated it
2014-12-27 09:57:09,581 - com.numenta.nupic.swarming.HypersearchWorker(6993) - INFO - <BUILDID=N/A, WORKER=HW, WRKID=67, JOBID=1006> FINISHED. Evaluated 0 models.
