2015-07-01 05:59:36,007 - com.numenta.nupic.swarming.HypersearchWorker(3987) - INFO - <BUILDID=N/A, WORKER=HS, WRKID=N/A, JOBID=N/A> Launched with command line arguments: ['--jobID=1039']
2015-07-01 05:59:36,008 - com.numenta.nupic.swarming.HypersearchWorker(3987) - INFO - <BUILDID=N/A, WORKER=HS, WRKID=N/A, JOBID=N/A> Connecting to the jobs database
2015-07-01 05:59:36,009 - com.numenta.nupic.database.Connection.ConnectionFactory(3987) - INFO - <BUILDID=N/A, WORKER=HS, WRKID=N/A, JOBID=N/A> Creating db connection policy via provider <bound method type._createDefaultPolicy of <class 'nupic.database.Connection.ConnectionFactory'>>
2015-07-01 05:59:36,025 - com.numenta.nupic.database.Connection.PooledConnectionPolicy(3987) - INFO - <BUILDID=N/A, WORKER=HS, WRKID=N/A, JOBID=N/A> Created PooledConnectionPolicy
2015-07-01 05:59:36,040 - com.numenta.nupic.database.ClientJobsDAO.ClientJobsDAO(3987) - INFO - <BUILDID=N/A, WORKER=HS, WRKID=N/A, JOBID=N/A> clientJobsConnectionID=56
2015-07-01 05:59:36,043 - com.numenta.nupic.swarming.HypersearchWorker(3987) - INFO - <BUILDID=N/A, WORKER=HW, WRKID=56, JOBID=1039> Job info retrieved: {'engModelMilestones': 'None', 'clientInfo': '', 'numFailedWorkers': '0', 'engJobType': 'hypersearch', 'results': 'None', 'jobId': '1039', 'completionMsg': 'None', 'cancel': '0', 'engWorkerState': 'None', 'workerCompletionMsg': 'None', 'jobHash': "\x06\x0e\xcc}\x1f\xf1\x11\xe5\xaf0\x08\x00'\x16\xdf\xd4", 'genBaseDescription': 'None', 'completionReason': 'None', 'priority': '0', 'cmdLine': '$HYPERSEARCH', 'params': '{"hsVersion": "v2", "maxModels": null, "persistentJobGUID": "060...', 'workerCompletionReason': 'success', 'engAllocateNewWorkers': '1', 'lastFailedWorkerErrorMsg': 'None', 'engUntendedDeadWorkers': '0', 'engLastUpdateTime': '2015-07-01 12:59:35', 'status': 'notStarted', 'engStatus': 'None', 'startTime': 'None', 'minimumWorkers': '1', 'endTime': 'None', 'engCjmConnId': 'None', 'genPermutations': 'None', 'client': 'GRP', 'engCleaningStatus': 'notdone', 'clientKey': '', 'maximumWorkers': '4'}
2015-07-01 05:59:36,052 - com.numenta.nupic.swarming.HypersearchV2.HypersearchV2(3987) - INFO - <BUILDID=N/A, WORKER=HW, WRKID=56, JOBID=1039> searchParams: 
{u'description': {u'includedFields': [{u'fieldName': 'timestamp',
                                       u'fieldType': 'datetime'},
                                      {u'fieldName': 'euse',
                                       u'fieldType': 'float',
                                       u'maxValue': '35.0',
                                       u'minValue': '10.0'},
                                      {u'fieldName': 'temp',
                                       u'fieldType': 'float',
                                       u'maxValue': '110.0',
                                       u'minValue': '0.0'},
                                      {u'fieldName': 'humid',
                                       u'fieldType': 'float',
                                       u'maxValue': '100.0',
                                       u'minValue': '0.0'},
                                      {u'fieldName': 'wind',
                                       u'fieldType': 'float',
                                       u'maxValue': '50.0',
                                       u'minValue': '0.0'}],
                  u'inferenceArgs': {u'predictedField': 'euse',
                                     u'predictionSteps': ['4']},
                  u'inferenceType': 'TemporalMultiStep',
                  u'iterationCount': '-1',
                  u'streamDef': {u'info': 'kwh',
                                 u'streams': [{u'columns': ['timestamp',
                                                            'euse',
                                                            'temp',
                                                            'humid',
                                                            'wind'],
                                               u'info': 'weather_252',
                                               u'source': 'file:///home/pat/workspace/pecan/house_data/252_data/252_clean_d...'}]},
                  u'swarmSize': 'medium'},
 u'hsVersion': 'v2',
 u'maxModels': 'None',
 u'persistentJobGUID': '060ecc7c-1ff1-11e5-af30-08002716dfd4',
 u'useTerminators': 'False'}
2015-07-01 05:59:54,000 - com.numenta.nupic.swarming.HypersearchV2.HypersearchV2(3987) - INFO - <BUILDID=N/A, WORKER=HW, WRKID=56, JOBID=1039> Active swarms changed to [u'modelParams|sensorParams|encoders|humid', u'modelParams|sensorParams|encoders|wind', u'modelParams|sensorParams|encoders|timestamp_timeOfDay', u'modelParams|sensorParams|encoders|timestamp_dayOfWeek', u'modelParams|sensorParams|encoders|euse', u'modelParams|sensorParams|encoders|temp', u'modelParams|sensorParams|encoders|timestamp_weekend'] (from None)
2015-07-01 05:59:54,041 - com.numenta.nupic.swarming.HypersearchWorker(3987) - INFO - <BUILDID=N/A, WORKER=HW, WRKID=56, JOBID=1039> RUNNING MODEL GID=3791, paramsHash=7f0f0773527e8f90cb4d0f8955ccc4c8, params={'particleState': {'varStates': {'modelParams|tpParams|activationThreshold': {'bestResult': None, 'position': 14, 'bestPosition': 14, '_position': 14.0, 'velocity': 0.8}, 'modelParams|clParams|alpha': {'bestResult': None, 'position': 0.050050000000000004, 'bestPosition': 0.050050000000000004, '_position': 0.050050000000000004, 'velocity': 0.01998}, 'modelParams|tpParams|minThreshold': {'bestResult': None, 'position': 11, 'bestPosition': 11, '_position': 10.5, 'velocity': 0.6}, u'modelParams|sensorParams|encoders|euse:n': {'bestResult': None, 'position': 272, 'bestPosition': 272, '_position': 271.5, 'velocity': 99.8}, 'modelParams|tpParams|pamLength': {'bestResult': None, 'position': 3, 'bestPosition': 3, '_position': 3.0, 'velocity': 0.8}, 'modelParams|sensorParams|encoders|_classifierInput|n': {'bestResult': None, 'position': 275, 'bestPosition': 275, '_position': 274.5, 'velocity': 98.6}, 'modelParams|spParams|synPermInactiveDec': {'bestResult': None, 'position': 0.05015, 'bestPosition': 0.05015, '_position': 0.05015, 'velocity': 0.019940000000000003}}, 'genIdx': 0, 'swarmId': u'modelParams|sensorParams|encoders|euse', 'id': '56.0'}, 'structuredParams': {'aggregationInfo': {'seconds': 0, 'fields': [], 'months': 0, 'days': 0, 'years': 0, 'hours': 0, 'microseconds': 0, 'weeks': 0, 'minutes': 0, 'milliseconds': 0}, 'modelParams': {'sensorParams': {'encoders': {'_classifierInput': {'maxval': 35.0, 'classifierOnly': True, 'minval': 10.0, 'clipInput': True, 'n': 275, 'fieldname': 'euse', 'w': 21, 'type': 'ScalarEncoder'}, u'humid': None, u'temp': None, u'timestamp_dayOfWeek': None, u'timestamp_timeOfDay': None, u'euse': {'maxval': 35.0, 'name': 'euse', 'clipInput': True, 'minval': 10.0, 'n': 272, 'fieldname': 'euse', 'w': 21, 'type': 'ScalarEncoder'}, u'wind': None, u'timestamp_weekend': None}}, 'spParams': {'synPermInactiveDec': 0.05015}, 'tpParams': {'minThreshold': 11, 'activationThreshold': 14, 'pamLength': 3}, 'clParams': {'alpha': 0.050050000000000004}}}}
2015-07-01 05:59:54,048 - com.numenta.nupic.hypersearch.utils(3987) - INFO - <BUILDID=N/A, WORKER=HW, WRKID=56, JOBID=1039> Using experiment directory: /tmp/tmpMnyf4C
2015-07-01 06:12:48,638 - com.numenta.nupic.swarming.ModelRunner.OPFModelRunner(3987) - INFO - <BUILDID=N/A, WORKER=HW, WRKID=56, JOBID=1039> Finished: modelID=3791; 17662 records processed. Performing final activities
2015-07-01 06:12:48,649 - com.numenta.nupic.swarming.HypersearchWorker(3987) - INFO - <BUILDID=N/A, WORKER=HW, WRKID=56, JOBID=1039> COMPLETED MODEL GID=3791; EVALUATED 1 MODELs
2015-07-01 06:12:48,652 - com.numenta.nupic.swarming.HypersearchV2.HypersearchV2(3987) - INFO - <BUILDID=N/A, WORKER=HW, WRKID=56, JOBID=1039> New best model after 1 evaluations: errScore 41.1173 on model 3791
2015-07-01 06:12:48,746 - com.numenta.nupic.swarming.HypersearchWorker(3987) - INFO - <BUILDID=N/A, WORKER=HW, WRKID=56, JOBID=1039> RUNNING MODEL GID=3796, paramsHash=ba06bf8afbde0c766df4674f14fbd48b, params={'particleState': {'varStates': {u'modelParams|sensorParams|encoders|timestamp_weekend:radius': {'bestResult': None, 'position': 1, 'bestPosition': 1, '_position': 1, 'velocity': None}, 'modelParams|clParams|alpha': {'bestResult': None, 'position': 0.050050000000000004, 'bestPosition': 0.050050000000000004, '_position': 0.050050000000000004, 'velocity': 0.01998}, 'modelParams|tpParams|minThreshold': {'bestResult': None, 'position': 11, 'bestPosition': 11, '_position': 10.5, 'velocity': 0.6}, 'modelParams|tpParams|activationThreshold': {'bestResult': None, 'position': 14, 'bestPosition': 14, '_position': 14.0, 'velocity': 0.8}, 'modelParams|tpParams|pamLength': {'bestResult': None, 'position': 3, 'bestPosition': 3, '_position': 3.0, 'velocity': 0.8}, 'modelParams|sensorParams|encoders|_classifierInput|n': {'bestResult': None, 'position': 275, 'bestPosition': 275, '_position': 274.5, 'velocity': 98.6}, 'modelParams|spParams|synPermInactiveDec': {'bestResult': None, 'position': 0.05015, 'bestPosition': 0.05015, '_position': 0.05015, 'velocity': 0.019940000000000003}}, 'genIdx': 0, 'swarmId': u'modelParams|sensorParams|encoders|timestamp_weekend', 'id': '56.10'}, 'structuredParams': {'aggregationInfo': {'seconds': 0, 'fields': [], 'months': 0, 'days': 0, 'years': 0, 'hours': 0, 'microseconds': 0, 'weeks': 0, 'minutes': 0, 'milliseconds': 0}, 'modelParams': {'sensorParams': {'encoders': {'_classifierInput': {'maxval': 35.0, 'classifierOnly': True, 'minval': 10.0, 'clipInput': True, 'n': 275, 'fieldname': 'euse', 'w': 21, 'type': 'ScalarEncoder'}, u'humid': None, u'temp': None, u'timestamp_dayOfWeek': None, u'timestamp_timeOfDay': None, u'euse': None, u'wind': None, u'timestamp_weekend': {'name': 'timestamp', 'type': 'DateEncoder', 'fieldname': 'timestamp', 'weekend': (21, 1)}}}, 'spParams': {'synPermInactiveDec': 0.05015}, 'tpParams': {'minThreshold': 11, 'activationThreshold': 14, 'pamLength': 3}, 'clParams': {'alpha': 0.050050000000000004}}}}
2015-07-01 06:12:48,747 - com.numenta.nupic.hypersearch.utils(3987) - INFO - <BUILDID=N/A, WORKER=HW, WRKID=56, JOBID=1039> Using experiment directory: /tmp/tmpQlKSPb
2015-07-01 06:23:38,567 - com.numenta.nupic.swarming.ModelRunner.OPFModelRunner(3987) - INFO - <BUILDID=N/A, WORKER=HW, WRKID=56, JOBID=1039> Finished: modelID=3796; 17662 records processed. Performing final activities
2015-07-01 06:23:38,577 - com.numenta.nupic.swarming.HypersearchWorker(3987) - INFO - <BUILDID=N/A, WORKER=HW, WRKID=56, JOBID=1039> COMPLETED MODEL GID=3796; EVALUATED 2 MODELs
2015-07-01 06:23:38,697 - com.numenta.nupic.swarming.HypersearchWorker(3987) - INFO - <BUILDID=N/A, WORKER=HW, WRKID=56, JOBID=1039> RUNNING MODEL GID=3799, paramsHash=c6b77ebec46d6cfb83ce9703e549ffaf, params={'particleState': {'varStates': {'modelParams|clParams|alpha': {'bestResult': None, 'position': 0.0001, 'bestPosition': 0.0001, '_position': 0.0001, 'velocity': -0.01998}, 'modelParams|tpParams|minThreshold': {'bestResult': None, 'position': 9, 'bestPosition': 9, '_position': 9.0, 'velocity': 0.6}, 'modelParams|tpParams|activationThreshold': {'bestResult': None, 'position': 12, 'bestPosition': 12, '_position': 12.0, 'velocity': -0.8}, u'modelParams|sensorParams|encoders|humid:n': {'bestResult': None, 'position': 22, 'bestPosition': 22, '_position': 22.0, 'velocity': -99.8}, 'modelParams|tpParams|pamLength': {'bestResult': None, 'position': 1, 'bestPosition': 1, '_position': 1.0, 'velocity': -0.8}, 'modelParams|sensorParams|encoders|_classifierInput|n': {'bestResult': None, 'position': 28, 'bestPosition': 28, '_position': 28.0, 'velocity': 98.6}, 'modelParams|spParams|synPermInactiveDec': {'bestResult': None, 'position': 0.10000000000000001, 'bestPosition': 0.10000000000000001, '_position': 0.10000000000000001, 'velocity': -0.019940000000000003}}, 'genIdx': 0, 'swarmId': u'modelParams|sensorParams|encoders|humid', 'id': '56.20'}, 'structuredParams': {'aggregationInfo': {'seconds': 0, 'fields': [], 'months': 0, 'days': 0, 'years': 0, 'hours': 0, 'microseconds': 0, 'weeks': 0, 'minutes': 0, 'milliseconds': 0}, 'modelParams': {'sensorParams': {'encoders': {'_classifierInput': {'maxval': 35.0, 'classifierOnly': True, 'minval': 10.0, 'clipInput': True, 'n': 28, 'fieldname': 'euse', 'w': 21, 'type': 'ScalarEncoder'}, u'humid': {'maxval': 100.0, 'name': 'humid', 'clipInput': True, 'minval': 0.0, 'n': 22, 'fieldname': 'humid', 'w': 21, 'type': 'ScalarEncoder'}, u'temp': None, u'timestamp_dayOfWeek': None, u'timestamp_timeOfDay': None, u'euse': None, u'wind': None, u'timestamp_weekend': None}}, 'spParams': {'synPermInactiveDec': 0.10000000000000001}, 'tpParams': {'minThreshold': 9, 'activationThreshold': 12, 'pamLength': 1}, 'clParams': {'alpha': 0.0001}}}}
2015-07-01 06:23:38,698 - com.numenta.nupic.hypersearch.utils(3987) - INFO - <BUILDID=N/A, WORKER=HW, WRKID=56, JOBID=1039> Using experiment directory: /tmp/tmpoOzu8u
2015-07-01 06:36:09,570 - com.numenta.nupic.swarming.ModelRunner.OPFModelRunner(3987) - INFO - <BUILDID=N/A, WORKER=HW, WRKID=56, JOBID=1039> Finished: modelID=3799; 17662 records processed. Performing final activities
2015-07-01 06:36:09,580 - com.numenta.nupic.swarming.HypersearchWorker(3987) - INFO - <BUILDID=N/A, WORKER=HW, WRKID=56, JOBID=1039> COMPLETED MODEL GID=3799; EVALUATED 3 MODELs
2015-07-01 06:36:09,701 - com.numenta.nupic.swarming.HypersearchWorker(3987) - INFO - <BUILDID=N/A, WORKER=HW, WRKID=56, JOBID=1039> RUNNING MODEL GID=3802, paramsHash=48c00a07c85154ea97ae262dc7afeb82, params={'particleState': {'varStates': {u'modelParams|sensorParams|encoders|timestamp_timeOfDay:radius': {'bestResult': None, 'position': 0.5, 'bestPosition': 0.5, '_position': 0.5, 'velocity': -2.3}, 'modelParams|clParams|alpha': {'bestResult': None, 'position': 0.0001, 'bestPosition': 0.0001, '_position': 0.0001, 'velocity': -0.01998}, 'modelParams|tpParams|minThreshold': {'bestResult': None, 'position': 9, 'bestPosition': 9, '_position': 9.0, 'velocity': 0.6}, 'modelParams|tpParams|activationThreshold': {'bestResult': None, 'position': 12, 'bestPosition': 12, '_position': 12.0, 'velocity': -0.8}, 'modelParams|tpParams|pamLength': {'bestResult': None, 'position': 1, 'bestPosition': 1, '_position': 1.0, 'velocity': -0.8}, 'modelParams|sensorParams|encoders|_classifierInput|n': {'bestResult': None, 'position': 28, 'bestPosition': 28, '_position': 28.0, 'velocity': 98.6}, 'modelParams|spParams|synPermInactiveDec': {'bestResult': None, 'position': 0.10000000000000001, 'bestPosition': 0.10000000000000001, '_position': 0.10000000000000001, 'velocity': -0.019940000000000003}}, 'genIdx': 0, 'swarmId': u'modelParams|sensorParams|encoders|timestamp_timeOfDay', 'id': '56.30'}, 'structuredParams': {'aggregationInfo': {'seconds': 0, 'fields': [], 'months': 0, 'days': 0, 'years': 0, 'hours': 0, 'microseconds': 0, 'weeks': 0, 'minutes': 0, 'milliseconds': 0}, 'modelParams': {'sensorParams': {'encoders': {'_classifierInput': {'maxval': 35.0, 'classifierOnly': True, 'minval': 10.0, 'clipInput': True, 'n': 28, 'fieldname': 'euse', 'w': 21, 'type': 'ScalarEncoder'}, u'humid': None, u'temp': None, u'timestamp_dayOfWeek': None, u'timestamp_timeOfDay': {'name': 'timestamp', 'fieldname': 'timestamp', 'timeOfDay': (21, 0.5), 'type': 'DateEncoder'}, u'euse': None, u'wind': None, u'timestamp_weekend': None}}, 'spParams': {'synPermInactiveDec': 0.10000000000000001}, 'tpParams': {'minThreshold': 9, 'activationThreshold': 12, 'pamLength': 1}, 'clParams': {'alpha': 0.0001}}}}
2015-07-01 06:36:09,701 - com.numenta.nupic.hypersearch.utils(3987) - INFO - <BUILDID=N/A, WORKER=HW, WRKID=56, JOBID=1039> Using experiment directory: /tmp/tmpXHbO_z
2015-07-01 06:46:15,123 - com.numenta.nupic.swarming.ModelRunner.OPFModelRunner(3987) - INFO - <BUILDID=N/A, WORKER=HW, WRKID=56, JOBID=1039> Finished: modelID=3802; 17662 records processed. Performing final activities
2015-07-01 06:46:15,142 - com.numenta.nupic.swarming.HypersearchWorker(3987) - INFO - <BUILDID=N/A, WORKER=HW, WRKID=56, JOBID=1039> COMPLETED MODEL GID=3802; EVALUATED 4 MODELs
2015-07-01 06:46:15,281 - com.numenta.nupic.swarming.HypersearchWorker(3987) - INFO - <BUILDID=N/A, WORKER=HW, WRKID=56, JOBID=1039> RUNNING MODEL GID=3805, paramsHash=34da776b94a5d0517bfdf4287cb793aa, params={'particleState': {'varStates': {'modelParams|tpParams|activationThreshold': {'bestResult': None, 'position': 16, 'bestPosition': 16, '_position': 16.0, 'velocity': -0.8}, 'modelParams|clParams|alpha': {'bestResult': None, 'position': 0.10000000000000001, 'bestPosition': 0.10000000000000001, '_position': 0.10000000000000001, 'velocity': -0.01998}, 'modelParams|tpParams|minThreshold': {'bestResult': None, 'position': 12, 'bestPosition': 12, '_position': 12.0, 'velocity': 0.6}, u'modelParams|sensorParams|encoders|euse:n': {'bestResult': None, 'position': 521, 'bestPosition': 521, '_position': 521.0, 'velocity': -99.8}, 'modelParams|tpParams|pamLength': {'bestResult': None, 'position': 5, 'bestPosition': 5, '_position': 5.0, 'velocity': 0.8}, 'modelParams|sensorParams|encoders|_classifierInput|n': {'bestResult': None, 'position': 521, 'bestPosition': 521, '_position': 521.0, 'velocity': 98.6}, 'modelParams|spParams|synPermInactiveDec': {'bestResult': None, 'position': 0.00029999999999999997, 'bestPosition': 0.00029999999999999997, '_position': 0.00029999999999999997, 'velocity': 0.019940000000000003}}, 'genIdx': 0, 'swarmId': u'modelParams|sensorParams|encoders|euse', 'id': '56.40'}, 'structuredParams': {'aggregationInfo': {'seconds': 0, 'fields': [], 'months': 0, 'days': 0, 'years': 0, 'hours': 0, 'microseconds': 0, 'weeks': 0, 'minutes': 0, 'milliseconds': 0}, 'modelParams': {'sensorParams': {'encoders': {'_classifierInput': {'maxval': 35.0, 'classifierOnly': True, 'minval': 10.0, 'clipInput': True, 'n': 521, 'fieldname': 'euse', 'w': 21, 'type': 'ScalarEncoder'}, u'humid': None, u'temp': None, u'timestamp_dayOfWeek': None, u'timestamp_timeOfDay': None, u'euse': {'maxval': 35.0, 'name': 'euse', 'clipInput': True, 'minval': 10.0, 'n': 521, 'fieldname': 'euse', 'w': 21, 'type': 'ScalarEncoder'}, u'wind': None, u'timestamp_weekend': None}}, 'spParams': {'synPermInactiveDec': 0.00029999999999999997}, 'tpParams': {'minThreshold': 12, 'activationThreshold': 16, 'pamLength': 5}, 'clParams': {'alpha': 0.10000000000000001}}}}
2015-07-01 06:46:15,282 - com.numenta.nupic.hypersearch.utils(3987) - INFO - <BUILDID=N/A, WORKER=HW, WRKID=56, JOBID=1039> Using experiment directory: /tmp/tmpySlcky
2015-07-01 07:02:38,999 - com.numenta.nupic.swarming.ModelRunner.OPFModelRunner(3987) - INFO - <BUILDID=N/A, WORKER=HW, WRKID=56, JOBID=1039> Finished: modelID=3805; 17662 records processed. Performing final activities
2015-07-01 07:02:39,007 - com.numenta.nupic.swarming.HypersearchWorker(3987) - INFO - <BUILDID=N/A, WORKER=HW, WRKID=56, JOBID=1039> COMPLETED MODEL GID=3805; EVALUATED 5 MODELs
2015-07-01 07:02:39,124 - com.numenta.nupic.swarming.HypersearchWorker(3987) - INFO - <BUILDID=N/A, WORKER=HW, WRKID=56, JOBID=1039> RUNNING MODEL GID=3809, paramsHash=a56f4e86eca2a6b3f7ee95e379380e5c, params={'particleState': {'varStates': {u'modelParams|sensorParams|encoders|timestamp_timeOfDay:radius': {'bestResult': None, 'position': 12.0, 'bestPosition': 12.0, '_position': 12.0, 'velocity': -2.3}, 'modelParams|clParams|alpha': {'bestResult': None, 'position': 0.10000000000000001, 'bestPosition': 0.10000000000000001, '_position': 0.10000000000000001, 'velocity': -0.01998}, 'modelParams|tpParams|minThreshold': {'bestResult': None, 'position': 12, 'bestPosition': 12, '_position': 12.0, 'velocity': 0.6}, 'modelParams|tpParams|activationThreshold': {'bestResult': None, 'position': 16, 'bestPosition': 16, '_position': 16.0, 'velocity': -0.8}, 'modelParams|tpParams|pamLength': {'bestResult': None, 'position': 5, 'bestPosition': 5, '_position': 5.0, 'velocity': -0.8}, 'modelParams|sensorParams|encoders|_classifierInput|n': {'bestResult': None, 'position': 521, 'bestPosition': 521, '_position': 521.0, 'velocity': -98.6}, 'modelParams|spParams|synPermInactiveDec': {'bestResult': None, 'position': 0.00029999999999999997, 'bestPosition': 0.00029999999999999997, '_position': 0.00029999999999999997, 'velocity': 0.019940000000000003}}, 'genIdx': 0, 'swarmId': u'modelParams|sensorParams|encoders|timestamp_timeOfDay', 'id': '56.50'}, 'structuredParams': {'aggregationInfo': {'seconds': 0, 'fields': [], 'months': 0, 'days': 0, 'years': 0, 'hours': 0, 'microseconds': 0, 'weeks': 0, 'minutes': 0, 'milliseconds': 0}, 'modelParams': {'sensorParams': {'encoders': {'_classifierInput': {'maxval': 35.0, 'classifierOnly': True, 'minval': 10.0, 'clipInput': True, 'n': 521, 'fieldname': 'euse', 'w': 21, 'type': 'ScalarEncoder'}, u'humid': None, u'temp': None, u'timestamp_dayOfWeek': None, u'timestamp_timeOfDay': {'name': 'timestamp', 'fieldname': 'timestamp', 'timeOfDay': (21, 12.0), 'type': 'DateEncoder'}, u'euse': None, u'wind': None, u'timestamp_weekend': None}}, 'spParams': {'synPermInactiveDec': 0.00029999999999999997}, 'tpParams': {'minThreshold': 12, 'activationThreshold': 16, 'pamLength': 5}, 'clParams': {'alpha': 0.10000000000000001}}}}
2015-07-01 07:02:39,124 - com.numenta.nupic.hypersearch.utils(3987) - INFO - <BUILDID=N/A, WORKER=HW, WRKID=56, JOBID=1039> Using experiment directory: /tmp/tmp9iz2hC
2015-07-01 07:10:26,327 - com.numenta.nupic.swarming.ModelRunner.OPFModelRunner(3987) - INFO - <BUILDID=N/A, WORKER=HW, WRKID=56, JOBID=1039> Finished: modelID=3809; 17662 records processed. Performing final activities
2015-07-01 07:10:26,339 - com.numenta.nupic.swarming.HypersearchWorker(3987) - INFO - <BUILDID=N/A, WORKER=HW, WRKID=56, JOBID=1039> COMPLETED MODEL GID=3809; EVALUATED 6 MODELs
2015-07-01 07:10:26,459 - com.numenta.nupic.swarming.HypersearchWorker(3987) - INFO - <BUILDID=N/A, WORKER=HW, WRKID=56, JOBID=1039> RUNNING MODEL GID=3811, paramsHash=ca3ff8532fe052509b97efbfb4559562, params={'particleState': {'varStates': {u'modelParams|sensorParams|encoders|wind:n': {'bestResult': None, 'position': 521, 'bestPosition': 521, '_position': 521.0, 'velocity': -99.8}, 'modelParams|clParams|alpha': {'bestResult': None, 'position': 0.10000000000000001, 'bestPosition': 0.10000000000000001, '_position': 0.10000000000000001, 'velocity': -0.01998}, 'modelParams|tpParams|minThreshold': {'bestResult': None, 'position': 12, 'bestPosition': 12, '_position': 12.0, 'velocity': 0.6}, 'modelParams|tpParams|activationThreshold': {'bestResult': None, 'position': 16, 'bestPosition': 16, '_position': 16.0, 'velocity': 0.8}, 'modelParams|tpParams|pamLength': {'bestResult': None, 'position': 5, 'bestPosition': 5, '_position': 5.0, 'velocity': -0.8}, 'modelParams|sensorParams|encoders|_classifierInput|n': {'bestResult': None, 'position': 521, 'bestPosition': 521, '_position': 521.0, 'velocity': 98.6}, 'modelParams|spParams|synPermInactiveDec': {'bestResult': None, 'position': 0.00029999999999999997, 'bestPosition': 0.00029999999999999997, '_position': 0.00029999999999999997, 'velocity': 0.019940000000000003}}, 'genIdx': 0, 'swarmId': u'modelParams|sensorParams|encoders|wind', 'id': '56.60'}, 'structuredParams': {'aggregationInfo': {'seconds': 0, 'fields': [], 'months': 0, 'days': 0, 'years': 0, 'hours': 0, 'microseconds': 0, 'weeks': 0, 'minutes': 0, 'milliseconds': 0}, 'modelParams': {'sensorParams': {'encoders': {'_classifierInput': {'maxval': 35.0, 'classifierOnly': True, 'minval': 10.0, 'clipInput': True, 'n': 521, 'fieldname': 'euse', 'w': 21, 'type': 'ScalarEncoder'}, u'humid': None, u'temp': None, u'timestamp_dayOfWeek': None, u'timestamp_timeOfDay': None, u'euse': None, u'wind': {'maxval': 50.0, 'name': 'wind', 'clipInput': True, 'minval': 0.0, 'n': 521, 'fieldname': 'wind', 'w': 21, 'type': 'ScalarEncoder'}, u'timestamp_weekend': None}}, 'spParams': {'synPermInactiveDec': 0.00029999999999999997}, 'tpParams': {'minThreshold': 12, 'activationThreshold': 16, 'pamLength': 5}, 'clParams': {'alpha': 0.10000000000000001}}}}
2015-07-01 07:10:26,459 - com.numenta.nupic.hypersearch.utils(3987) - INFO - <BUILDID=N/A, WORKER=HW, WRKID=56, JOBID=1039> Using experiment directory: /tmp/tmpKWgz3C
2015-07-01 08:17:41,417 - com.numenta.nupic.swarming.ModelRunner.OPFModelRunner(3987) - INFO - <BUILDID=N/A, WORKER=HW, WRKID=56, JOBID=1039> Finished: modelID=3811; 17662 records processed. Performing final activities
2015-07-01 08:17:41,431 - com.numenta.nupic.swarming.HypersearchWorker(3987) - INFO - <BUILDID=N/A, WORKER=HW, WRKID=56, JOBID=1039> COMPLETED MODEL GID=3811; EVALUATED 7 MODELs
2015-07-01 08:17:41,468 - com.numenta.nupic.swarming.HypersearchV2.HypersearchV2(3987) - INFO - <BUILDID=N/A, WORKER=HW, WRKID=56, JOBID=1039> Completed generation #0 of swarm 'modelParams|sensorParams|encoders|euse' with a best errScore of 41.1173
2015-07-01 08:17:41,603 - com.numenta.nupic.swarming.HypersearchWorker(3987) - INFO - <BUILDID=N/A, WORKER=HW, WRKID=56, JOBID=1039> RUNNING MODEL GID=3822, paramsHash=030ad219d6c63d941377247fd925e5ad, params={'particleState': {'varStates': {'modelParams|clParams|alpha': {'bestResult': None, 'position': 0.075025000000000008, 'bestPosition': 0.075025000000000008, '_position': 0.075025000000000008, 'velocity': -0.01998}, 'modelParams|tpParams|minThreshold': {'bestResult': None, 'position': 11, 'bestPosition': 11, '_position': 10.5, 'velocity': -0.6}, 'modelParams|tpParams|activationThreshold': {'bestResult': None, 'position': 15, 'bestPosition': 15, '_position': 15.0, 'velocity': -0.8}, 'modelParams|tpParams|pamLength': {'bestResult': None, 'position': 4, 'bestPosition': 4, '_position': 4.0, 'velocity': -0.8}, u'modelParams|sensorParams|encoders|timestamp_dayOfWeek:radius': {'bestResult': None, 'position': 2.25, 'bestPosition': 2.25, '_position': 2.25, 'velocity': 1.0}, 'modelParams|sensorParams|encoders|_classifierInput|n': {'bestResult': None, 'position': 398, 'bestPosition': 398, '_position': 397.75, 'velocity': 98.6}, 'modelParams|spParams|synPermInactiveDec': {'bestResult': None, 'position': 0.025225000000000004, 'bestPosition': 0.025225000000000004, '_position': 0.025225000000000004, 'velocity': -0.019940000000000003}}, 'genIdx': 0, 'swarmId': u'modelParams|sensorParams|encoders|timestamp_dayOfWeek', 'id': '56.70'}, 'structuredParams': {'aggregationInfo': {'seconds': 0, 'fields': [], 'months': 0, 'days': 0, 'years': 0, 'hours': 0, 'microseconds': 0, 'weeks': 0, 'minutes': 0, 'milliseconds': 0}, 'modelParams': {'sensorParams': {'encoders': {'_classifierInput': {'maxval': 35.0, 'classifierOnly': True, 'minval': 10.0, 'clipInput': True, 'n': 398, 'fieldname': 'euse', 'w': 21, 'type': 'ScalarEncoder'}, u'humid': None, u'temp': None, u'timestamp_dayOfWeek': {'dayOfWeek': (21, 2.25), 'name': 'timestamp', 'fieldname': 'timestamp', 'type': 'DateEncoder'}, u'timestamp_timeOfDay': None, u'euse': None, u'wind': None, u'timestamp_weekend': None}}, 'spParams': {'synPermInactiveDec': 0.025225000000000004}, 'tpParams': {'minThreshold': 11, 'activationThreshold': 15, 'pamLength': 4}, 'clParams': {'alpha': 0.075025000000000008}}}}
2015-07-01 08:17:41,604 - com.numenta.nupic.hypersearch.utils(3987) - INFO - <BUILDID=N/A, WORKER=HW, WRKID=56, JOBID=1039> Using experiment directory: /tmp/tmpZU5xgb
2015-07-01 08:27:05,222 - com.numenta.nupic.swarming.ModelRunner.OPFModelRunner(3987) - INFO - <BUILDID=N/A, WORKER=HW, WRKID=56, JOBID=1039> Finished: modelID=3822; 17662 records processed. Performing final activities
2015-07-01 08:27:05,233 - com.numenta.nupic.swarming.HypersearchWorker(3987) - INFO - <BUILDID=N/A, WORKER=HW, WRKID=56, JOBID=1039> COMPLETED MODEL GID=3822; EVALUATED 8 MODELs
2015-07-01 08:27:05,243 - com.numenta.nupic.swarming.HypersearchV2.HypersearchV2(3987) - INFO - <BUILDID=N/A, WORKER=HW, WRKID=56, JOBID=1039> Completed generation #0 of swarm 'modelParams|sensorParams|encoders|humid' with a best errScore of 41.1173
2015-07-01 08:27:05,245 - com.numenta.nupic.swarming.HypersearchV2.HypersearchV2(3987) - INFO - <BUILDID=N/A, WORKER=HW, WRKID=56, JOBID=1039> Completed generation #0 of swarm 'modelParams|sensorParams|encoders|temp' with a best errScore of 41.1173
2015-07-01 08:27:05,246 - com.numenta.nupic.swarming.HypersearchV2.HypersearchV2(3987) - INFO - <BUILDID=N/A, WORKER=HW, WRKID=56, JOBID=1039> Completed generation #0 of swarm 'modelParams|sensorParams|encoders|timestamp_dayOfWeek' with a best errScore of 41.1173
2015-07-01 08:27:05,356 - com.numenta.nupic.swarming.HypersearchWorker(3987) - INFO - <BUILDID=N/A, WORKER=HW, WRKID=56, JOBID=1039> RUNNING MODEL GID=3826, paramsHash=58feeeaa993cfc47b156905d0f63d217, params={'particleState': {'varStates': {'modelParams|tpParams|activationThreshold': {'bestResult': 41.117299535669794, 'position': 14, 'bestPosition': 14, '_position': 14.2, 'velocity': 0.2}, 'modelParams|clParams|alpha': {'bestResult': 41.117299535669794, 'position': 0.055045000000000004, 'bestPosition': 0.050050000000000004, '_position': 0.055045000000000004, 'velocity': 0.004995}, 'modelParams|tpParams|minThreshold': {'bestResult': 41.117299535669794, 'position': 11, 'bestPosition': 11, '_position': 10.65, 'velocity': 0.15}, u'modelParams|sensorParams|encoders|euse:n': {'bestResult': 41.117299535669794, 'position': 296, 'bestPosition': 272, '_position': 296.45, 'velocity': 24.95}, 'modelParams|tpParams|pamLength': {'bestResult': 41.117299535669794, 'position': 3, 'bestPosition': 3, '_position': 3.2, 'velocity': 0.2}, 'modelParams|sensorParams|encoders|_classifierInput|n': {'bestResult': 41.117299535669794, 'position': 299, 'bestPosition': 275, '_position': 299.15, 'velocity': 24.65}, 'modelParams|spParams|synPermInactiveDec': {'bestResult': 41.117299535669794, 'position': 0.055135, 'bestPosition': 0.05015, '_position': 0.055135, 'velocity': 0.004985000000000001}}, 'genIdx': 1, 'swarmId': u'modelParams|sensorParams|encoders|euse', 'id': '56.0'}, 'structuredParams': {'aggregationInfo': {'seconds': 0, 'fields': [], 'months': 0, 'days': 0, 'years': 0, 'hours': 0, 'microseconds': 0, 'weeks': 0, 'minutes': 0, 'milliseconds': 0}, 'modelParams': {'sensorParams': {'encoders': {'_classifierInput': {'maxval': 35.0, 'classifierOnly': True, 'minval': 10.0, 'clipInput': True, 'n': 299, 'fieldname': 'euse', 'w': 21, 'type': 'ScalarEncoder'}, u'humid': None, u'temp': None, u'timestamp_dayOfWeek': None, u'timestamp_timeOfDay': None, u'euse': {'maxval': 35.0, 'name': 'euse', 'clipInput': True, 'minval': 10.0, 'n': 296, 'fieldname': 'euse', 'w': 21, 'type': 'ScalarEncoder'}, u'wind': None, u'timestamp_weekend': None}}, 'spParams': {'synPermInactiveDec': 0.055135}, 'tpParams': {'minThreshold': 11, 'activationThreshold': 14, 'pamLength': 3}, 'clParams': {'alpha': 0.055045000000000004}}}}
2015-07-01 08:27:05,357 - com.numenta.nupic.hypersearch.utils(3987) - INFO - <BUILDID=N/A, WORKER=HW, WRKID=56, JOBID=1039> Using experiment directory: /tmp/tmppIKtQN
2015-07-01 08:34:06,606 - com.numenta.nupic.swarming.ModelRunner.OPFModelRunner(3987) - INFO - <BUILDID=N/A, WORKER=HW, WRKID=56, JOBID=1039> Finished: modelID=3826; 10723 records processed. Performing final activities
2015-07-01 08:34:08,478 - com.numenta.nupic.swarming.ModelRunner.OPFModelRunner(3987) - INFO - <BUILDID=N/A, WORKER=HW, WRKID=56, JOBID=1039> Flushed prediction cache; numrows=10723; elapsed=1.86837220192 sec.
2015-07-01 08:34:08,535 - com.numenta.nupic.swarming.ModelRunner.OPFModelRunner(3987) - INFO - <BUILDID=N/A, WORKER=HW, WRKID=56, JOBID=1039> Model 3826 chosen as best model
2015-07-01 08:34:08,539 - com.numenta.nupic.swarming.HypersearchWorker(3987) - INFO - <BUILDID=N/A, WORKER=HW, WRKID=56, JOBID=1039> COMPLETED MODEL GID=3826; EVALUATED 9 MODELs
2015-07-01 08:34:08,551 - com.numenta.nupic.swarming.HypersearchV2.HypersearchV2(3987) - INFO - <BUILDID=N/A, WORKER=HW, WRKID=56, JOBID=1039> New best model after 36 evaluations: errScore 33.1179 on model 3826
2015-07-01 08:34:08,555 - com.numenta.nupic.swarming.HypersearchV2.HypersearchV2(3987) - INFO - <BUILDID=N/A, WORKER=HW, WRKID=56, JOBID=1039> Completed generation #0 of swarm 'modelParams|sensorParams|encoders|timestamp_timeOfDay' with a best errScore of 41.1173
2015-07-01 08:34:08,558 - com.numenta.nupic.swarming.HypersearchV2.HypersearchV2(3987) - INFO - <BUILDID=N/A, WORKER=HW, WRKID=56, JOBID=1039> Completed generation #0 of swarm 'modelParams|sensorParams|encoders|timestamp_weekend' with a best errScore of 41.1173
2015-07-01 08:34:08,559 - com.numenta.nupic.swarming.HypersearchV2.HypersearchV2(3987) - INFO - <BUILDID=N/A, WORKER=HW, WRKID=56, JOBID=1039> Completed generation #0 of swarm 'modelParams|sensorParams|encoders|wind' with a best errScore of 41.1173
2015-07-01 08:34:08,679 - com.numenta.nupic.swarming.HypersearchWorker(3987) - INFO - <BUILDID=N/A, WORKER=HW, WRKID=56, JOBID=1039> RUNNING MODEL GID=3994, paramsHash=6640035e859211b1def7b6a70ed31f4d, params={'particleState': {'varStates': {'modelParams|clParams|alpha': {'bestResult': 41.117299535669794, 'position': 0.055045000000000004, 'bestPosition': 0.050050000000000004, '_position': 0.055045000000000004, 'velocity': 0.004995}, 'modelParams|tpParams|minThreshold': {'bestResult': 41.117299535669794, 'position': 11, 'bestPosition': 11, '_position': 10.65, 'velocity': 0.15}, 'modelParams|tpParams|activationThreshold': {'bestResult': 41.117299535669794, 'position': 14, 'bestPosition': 14, '_position': 14.2, 'velocity': 0.2}, 'modelParams|tpParams|pamLength': {'bestResult': 41.117299535669794, 'position': 3, 'bestPosition': 3, '_position': 3.2, 'velocity': 0.2}, u'modelParams|sensorParams|encoders|timestamp_dayOfWeek:radius': {'bestResult': 41.117299535669794, 'position': 3.75, 'bestPosition': 3.5, '_position': 3.75, 'velocity': 0.25}, 'modelParams|sensorParams|encoders|_classifierInput|n': {'bestResult': 41.117299535669794, 'position': 299, 'bestPosition': 275, '_position': 299.15, 'velocity': 24.65}, 'modelParams|spParams|synPermInactiveDec': {'bestResult': 41.117299535669794, 'position': 0.055135, 'bestPosition': 0.05015, '_position': 0.055135, 'velocity': 0.004985000000000001}}, 'genIdx': 1, 'swarmId': u'modelParams|sensorParams|encoders|timestamp_dayOfWeek', 'id': u'54.0'}, 'structuredParams': {'aggregationInfo': {'seconds': 0, 'fields': [], 'months': 0, 'days': 0, 'years': 0, 'hours': 0, 'microseconds': 0, 'weeks': 0, 'minutes': 0, 'milliseconds': 0}, 'modelParams': {'sensorParams': {'encoders': {'_classifierInput': {'maxval': 35.0, 'classifierOnly': True, 'minval': 10.0, 'clipInput': True, 'n': 299, 'fieldname': 'euse', 'w': 21, 'type': 'ScalarEncoder'}, u'humid': None, u'temp': None, u'timestamp_dayOfWeek': {'dayOfWeek': (21, 3.75), 'name': 'timestamp', 'fieldname': 'timestamp', 'type': 'DateEncoder'}, u'timestamp_timeOfDay': None, u'euse': None, u'wind': None, u'timestamp_weekend': None}}, 'spParams': {'synPermInactiveDec': 0.055135}, 'tpParams': {'minThreshold': 11, 'activationThreshold': 14, 'pamLength': 3}, 'clParams': {'alpha': 0.055045000000000004}}}}
2015-07-01 08:34:08,679 - com.numenta.nupic.hypersearch.utils(3987) - INFO - <BUILDID=N/A, WORKER=HW, WRKID=56, JOBID=1039> Using experiment directory: /tmp/tmp039be9
2015-07-01 08:35:51,747 - com.numenta.nupic.database.ClientJobsDAO.ClientJobsDAO(3987) - WARNING - <BUILDID=N/A, WORKER=HW, WRKID=56, JOBID=1039> [] First failure in <function modelUpdateResults at 0x7fb6eb8365f0>; initial retry in 0.1 sec.; timeoutSec=300. Caller stack:
  File "/usr/lib/python2.7/runpy.py", line 162, in _run_module_as_main
    "__main__", fname, loader, pkg_name)
  File "/usr/lib/python2.7/runpy.py", line 72, in _run_code
    exec code in run_globals
  File "/home/pat/workspace/nupic/nupic/swarming/HypersearchWorker.py", line 609, in <module>
    main(sys.argv)
  File "/home/pat/workspace/nupic/nupic/swarming/HypersearchWorker.py", line 551, in main
    jobID = hst.run()
  File "/home/pat/workspace/nupic/nupic/swarming/HypersearchWorker.py", line 453, in run
    jobsDAO=cjDAO, modelCheckpointGUID=modelCheckpointGUID)
  File "/home/pat/workspace/nupic/nupic/swarming/HypersearchV2.py", line 3994, in runModel
    predictionCacheMaxRecords=self._predictionCacheMaxRecords)
  File "/home/pat/workspace/nupic/nupic/swarming/utils.py", line 430, in runModelGivenBaseAndParams
    (completionReason, completionMsg) = runner.run()
  File "/home/pat/workspace/nupic/nupic/swarming/ModelRunner.py", line 283, in run
    self.__runTaskMainLoop(numIters, learningOffAt=learningOffAt)
  File "/home/pat/workspace/nupic/nupic/swarming/ModelRunner.py", line 380, in __runTaskMainLoop
    self._periodic.tick()
  File "/home/pat/workspace/nupic/nupic/frameworks/opf/periodic.py", line 85, in tick
    act.cb()
  File "/home/pat/workspace/nupic/nupic/swarming/ModelRunner.py", line 597, in _updateModelDBResults
    numRecords=(self._currentRecordIndex + 1))
  File "/home/pat/workspace/nupic/nupic/support/decorators.py", line 59, in exceptionLoggingWrap
    return func(*args, **kwargs)
  File "/home/pat/workspace/nupic/nupic/support/decorators.py", line 241, in retryWrap
    timeoutSec, ''.join(traceback.format_stack()), exc_info=True)
Traceback (most recent call last):
  File "/home/pat/workspace/nupic/nupic/support/decorators.py", line 214, in retryWrap
    result = func(*args, **kwargs)
  File "/home/pat/workspace/nupic/nupic/database/ClientJobsDAO.py", line 2837, in modelUpdateResults
    numRowsAffected = conn.cursor.execute(query, sqlParams)
  File "/home/pat/.envs/nupic/local/lib/python2.7/site-packages/DBUtils/SteadyDB.py", line 631, in tough_method
    raise error # reraise the original error again
OperationalError: (2013, 'Lost connection to MySQL server during query')
