2014-12-27 10:01:53,666 - com.numenta.nupic.swarming.HypersearchWorker(7083) - INFO - <BUILDID=N/A, WORKER=HS, WRKID=N/A, JOBID=N/A> Launched with command line arguments: ['--jobID=1008']
2014-12-27 10:01:53,667 - com.numenta.nupic.swarming.HypersearchWorker(7083) - INFO - <BUILDID=N/A, WORKER=HS, WRKID=N/A, JOBID=N/A> Connecting to the jobs database
2014-12-27 10:01:53,667 - com.numenta.nupic.database.Connection.ConnectionFactory(7083) - INFO - <BUILDID=N/A, WORKER=HS, WRKID=N/A, JOBID=N/A> Creating db connection policy via provider <bound method type._createDefaultPolicy of <class 'nupic.database.Connection.ConnectionFactory'>>
2014-12-27 10:01:53,686 - com.numenta.nupic.database.Connection.PooledConnectionPolicy(7083) - INFO - <BUILDID=N/A, WORKER=HS, WRKID=N/A, JOBID=N/A> Created PooledConnectionPolicy
2014-12-27 10:01:53,728 - com.numenta.nupic.database.ClientJobsDAO.ClientJobsDAO(7083) - INFO - <BUILDID=N/A, WORKER=HS, WRKID=N/A, JOBID=N/A> clientJobsConnectionID=78
2014-12-27 10:01:53,742 - com.numenta.nupic.swarming.HypersearchWorker(7083) - INFO - <BUILDID=N/A, WORKER=HW, WRKID=78, JOBID=1008> Job info retrieved: {'engModelMilestones': 'None', 'clientInfo': '', 'numFailedWorkers': '0', 'engJobType': 'hypersearch', 'results': 'None', 'jobId': '1008', 'completionMsg': 'None', 'cancel': '0', 'engWorkerState': '{"sprints": [{"status": "active", "bestModelId": null, "bestErrS...', 'workerCompletionMsg': 'None', 'jobHash': "o\xfaM\xab\x8d\xf2\x11\xe4\x9c\x1f\x08\x00'\x16\xdf\xd4", 'genBaseDescription': '# --------------------------------------------------------------...', 'completionReason': 'None', 'priority': '0', 'cmdLine': '$HYPERSEARCH', 'params': '{"hsVersion": "v2", "maxModels": null, "persistentJobGUID": "6ff...', 'workerCompletionReason': 'success', 'engAllocateNewWorkers': '1', 'lastFailedWorkerErrorMsg': 'None', 'engUntendedDeadWorkers': '0', 'engLastUpdateTime': '2014-12-27 18:01:53', 'status': 'notStarted', 'engStatus': 'None', 'startTime': 'None', 'minimumWorkers': '1', 'endTime': 'None', 'engCjmConnId': 'None', 'genPermutations': '# --------------------------------------------------------------...', 'client': 'GRP', 'engCleaningStatus': 'notdone', 'clientKey': '', 'maximumWorkers': '4'}
2014-12-27 10:01:53,744 - com.numenta.nupic.swarming.HypersearchV2.HypersearchV2(7083) - INFO - <BUILDID=N/A, WORKER=HW, WRKID=78, JOBID=1008> searchParams: 
{u'description': {u'includedFields': [{u'fieldName': 'timestamp',
                                       u'fieldType': 'datetime'},
                                      {u'fieldName': 'kw_energy_consumption',
                                       u'fieldType': 'float',
                                       u'maxValue': '5.18',
                                       u'minValue': '0.0'}],
                  u'inferenceArgs': {u'predictedField': 'kw_energy_consumption',
                                     u'predictionSteps': ['1']},
                  u'inferenceType': 'TemporalMultiStep',
                  u'iterationCount': '-1',
                  u'streamDef': {u'info': 'kw_energy_consumption',
                                 u'streams': [{u'columns': ['*'],
                                               u'info': 'San Diego',
                                               u'source': 'file://sandiego.csv'}],
                                 u'version': '1'},
                  u'swarmSize': 'small'},
 u'hsVersion': 'v2',
 u'maxModels': 'None',
 u'persistentJobGUID': '6ffa4daa-8df2-11e4-9c1f-08002716dfd4',
 u'useTerminators': 'False'}
2014-12-27 10:01:53,875 - com.numenta.nupic.swarming.HypersearchV2.HypersearchV2(7083) - INFO - <BUILDID=N/A, WORKER=HW, WRKID=78, JOBID=1008> Active swarms changed to [u'modelParams|sensorParams|encoders|kw_energy_consumption'] (from None)
2014-12-27 10:01:53,924 - com.numenta.nupic.swarming.HypersearchWorker(7083) - INFO - <BUILDID=N/A, WORKER=HW, WRKID=78, JOBID=1008> RUNNING MODEL GID=1429, paramsHash=19aec87b133d141c1453d8d3cfcea9d8, params={'particleState': {'varStates': {'modelParams|clParams|alpha': {'bestResult': None, 'position': 0.10000000000000001, 'bestPosition': 0.10000000000000001, '_position': 0.10000000000000001, 'velocity': -0.01998}, 'modelParams|tpParams|minThreshold': {'bestResult': None, 'position': 12, 'bestPosition': 12, '_position': 12.0, 'velocity': 0.6}, 'modelParams|tpParams|activationThreshold': {'bestResult': None, 'position': 16, 'bestPosition': 16, '_position': 16.0, 'velocity': -0.8}, 'modelParams|tpParams|pamLength': {'bestResult': None, 'position': 5, 'bestPosition': 5, '_position': 5.0, 'velocity': -0.8}, u'modelParams|sensorParams|encoders|kw_energy_consumption:n': {'bestResult': None, 'position': 521, 'bestPosition': 521, '_position': 521.0, 'velocity': 99.8}, 'modelParams|sensorParams|encoders|_classifierInput|n': {'bestResult': None, 'position': 521, 'bestPosition': 521, '_position': 521.0, 'velocity': 98.6}, 'modelParams|spParams|synPermInactiveDec': {'bestResult': None, 'position': 0.00029999999999999997, 'bestPosition': 0.00029999999999999997, '_position': 0.00029999999999999997, 'velocity': 0.019940000000000003}}, 'genIdx': 0, 'swarmId': u'modelParams|sensorParams|encoders|kw_energy_consumption', 'id': '78.0'}, 'structuredParams': {'aggregationInfo': {'seconds': 0, 'fields': [], 'months': 0, 'days': 0, 'years': 0, 'hours': 0, 'microseconds': 0, 'weeks': 0, 'minutes': 0, 'milliseconds': 0}, 'modelParams': {'sensorParams': {'encoders': {'_classifierInput': {'maxval': 5.18, 'classifierOnly': True, 'minval': 0.0, 'clipInput': True, 'n': 521, 'fieldname': 'kw_energy_consumption', 'w': 21, 'type': 'ScalarEncoder'}, u'timestamp_timeOfDay': None, u'timestamp_dayOfWeek': None, u'kw_energy_consumption': {'maxval': 5.18, 'name': 'kw_energy_consumption', 'clipInput': True, 'minval': 0.0, 'n': 521, 'fieldname': 'kw_energy_consumption', 'w': 21, 'type': 'ScalarEncoder'}, u'timestamp_weekend': None}}, 'spParams': {'synPermInactiveDec': 0.00029999999999999997}, 'tpParams': {'minThreshold': 12, 'activationThreshold': 16, 'pamLength': 5}, 'clParams': {'alpha': 0.10000000000000001}}}}
2014-12-27 10:01:53,928 - com.numenta.nupic.hypersearch.utils(7083) - INFO - <BUILDID=N/A, WORKER=HW, WRKID=78, JOBID=1008> Using experiment directory: /tmp/tmpmJownS
2014-12-27 10:01:53,956 - com.numenta.nupic.hypersearch.utils(7083) - ERROR - <BUILDID=N/A, WORKER=HW, WRKID=78, JOBID=1008> Exception occurred while running model 1429: Exception(u'Invalid file format for "/home/pat/workspace/nupic/examples/opf/clients/hotgym/prediction/sandiego/sandiego.csv" - field type ""2011-02-01 01:00:00"" not one of (\'string\', \'datetime\', \'int\', \'float\', \'bool\', \'sdr\') ',) (<type 'exceptions.Exception'>)
Traceback (most recent call last):
  File "/home/pat/workspace/nupic/nupic/swarming/utils.py", line 430, in runModelGivenBaseAndParams
    (completionReason, completionMsg) = runner.run()
  File "/home/pat/workspace/nupic/nupic/swarming/ModelRunner.py", line 237, in run
    maxTimeout=readTimeout)
  File "/home/pat/workspace/nupic/nupic/data/stream_reader.py", line 210, in __init__
    self._openStream(dataUrl, isBlocking, maxTimeout, bookmark, firstRecordIdx)
  File "/home/pat/workspace/nupic/nupic/data/stream_reader.py", line 298, in _openStream
    firstRecord=firstRecordIdx)
  File "/home/pat/workspace/nupic/nupic/data/file_record_stream.py", line 209, in __init__
    'not one of %s ' % (self._filename, t, allowedTypes))
Exception: Invalid file format for "/home/pat/workspace/nupic/examples/opf/clients/hotgym/prediction/sandiego/sandiego.csv" - field type ""2011-02-01 01:00:00"" not one of ('string', 'datetime', 'int', 'float', 'bool', 'sdr') 

2014-12-27 10:01:53,959 - com.numenta.nupic.swarming.HypersearchWorker(7083) - INFO - <BUILDID=N/A, WORKER=HW, WRKID=78, JOBID=1008> COMPLETED MODEL GID=1429; EVALUATED 1 MODELs
2014-12-27 10:01:53,964 - com.numenta.nupic.swarming.HypersearchV2.HypersearchV2(7083) - INFO - <BUILDID=N/A, WORKER=HW, WRKID=78, JOBID=1008> Completed generation #0 of swarm 'modelParams|sensorParams|encoders|kw_energy_consumption' with a best errScore of inf
2014-12-27 10:01:54,079 - com.numenta.nupic.swarming.HypersearchWorker(7083) - INFO - <BUILDID=N/A, WORKER=HW, WRKID=78, JOBID=1008> RUNNING MODEL GID=1443, paramsHash=82447107c1d57318b4b297c7580b4921, params={'particleState': {'varStates': {'modelParams|clParams|alpha': {'bestResult': None, 'position': 0.055045000000000004, 'bestPosition': 0.050050000000000004, '_position': 0.055045000000000004, 'velocity': 0.004995}, 'modelParams|tpParams|minThreshold': {'bestResult': None, 'position': 11, 'bestPosition': 11, '_position': 10.65, 'velocity': 0.15}, 'modelParams|tpParams|activationThreshold': {'bestResult': None, 'position': 14, 'bestPosition': 14, '_position': 14.2, 'velocity': 0.2}, 'modelParams|tpParams|pamLength': {'bestResult': None, 'position': 3, 'bestPosition': 3, '_position': 3.2, 'velocity': 0.2}, u'modelParams|sensorParams|encoders|kw_energy_consumption:n': {'bestResult': None, 'position': 296, 'bestPosition': 272, '_position': 296.45, 'velocity': 24.95}, 'modelParams|sensorParams|encoders|_classifierInput|n': {'bestResult': None, 'position': 299, 'bestPosition': 275, '_position': 299.15, 'velocity': 24.65}, 'modelParams|spParams|synPermInactiveDec': {'bestResult': None, 'position': 0.055135, 'bestPosition': 0.05015, '_position': 0.055135, 'velocity': 0.004985000000000001}}, 'genIdx': 1, 'swarmId': u'modelParams|sensorParams|encoders|kw_energy_consumption', 'id': u'75.0'}, 'structuredParams': {'aggregationInfo': {'seconds': 0, 'fields': [], 'months': 0, 'days': 0, 'years': 0, 'hours': 0, 'microseconds': 0, 'weeks': 0, 'minutes': 0, 'milliseconds': 0}, 'modelParams': {'sensorParams': {'encoders': {'_classifierInput': {'maxval': 5.18, 'classifierOnly': True, 'minval': 0.0, 'clipInput': True, 'n': 299, 'fieldname': 'kw_energy_consumption', 'w': 21, 'type': 'ScalarEncoder'}, u'timestamp_timeOfDay': None, u'timestamp_dayOfWeek': None, u'kw_energy_consumption': {'maxval': 5.18, 'name': 'kw_energy_consumption', 'clipInput': True, 'minval': 0.0, 'n': 296, 'fieldname': 'kw_energy_consumption', 'w': 21, 'type': 'ScalarEncoder'}, u'timestamp_weekend': None}}, 'spParams': {'synPermInactiveDec': 0.055135}, 'tpParams': {'minThreshold': 11, 'activationThreshold': 14, 'pamLength': 3}, 'clParams': {'alpha': 0.055045000000000004}}}}
2014-12-27 10:01:54,080 - com.numenta.nupic.hypersearch.utils(7083) - INFO - <BUILDID=N/A, WORKER=HW, WRKID=78, JOBID=1008> Using experiment directory: /tmp/tmpPMKmmH
2014-12-27 10:01:54,088 - com.numenta.nupic.hypersearch.utils(7083) - ERROR - <BUILDID=N/A, WORKER=HW, WRKID=78, JOBID=1008> Exception occurred while running model 1443: Exception(u'Invalid file format for "/home/pat/workspace/nupic/examples/opf/clients/hotgym/prediction/sandiego/sandiego.csv" - field type ""2011-02-01 01:00:00"" not one of (\'string\', \'datetime\', \'int\', \'float\', \'bool\', \'sdr\') ',) (<type 'exceptions.Exception'>)
Traceback (most recent call last):
  File "/home/pat/workspace/nupic/nupic/swarming/utils.py", line 430, in runModelGivenBaseAndParams
    (completionReason, completionMsg) = runner.run()
  File "/home/pat/workspace/nupic/nupic/swarming/ModelRunner.py", line 237, in run
    maxTimeout=readTimeout)
  File "/home/pat/workspace/nupic/nupic/data/stream_reader.py", line 210, in __init__
    self._openStream(dataUrl, isBlocking, maxTimeout, bookmark, firstRecordIdx)
  File "/home/pat/workspace/nupic/nupic/data/stream_reader.py", line 298, in _openStream
    firstRecord=firstRecordIdx)
  File "/home/pat/workspace/nupic/nupic/data/file_record_stream.py", line 209, in __init__
    'not one of %s ' % (self._filename, t, allowedTypes))
Exception: Invalid file format for "/home/pat/workspace/nupic/examples/opf/clients/hotgym/prediction/sandiego/sandiego.csv" - field type ""2011-02-01 01:00:00"" not one of ('string', 'datetime', 'int', 'float', 'bool', 'sdr') 

2014-12-27 10:01:54,094 - com.numenta.nupic.swarming.HypersearchWorker(7083) - INFO - <BUILDID=N/A, WORKER=HW, WRKID=78, JOBID=1008> COMPLETED MODEL GID=1443; EVALUATED 2 MODELs
2014-12-27 10:01:54,202 - com.numenta.nupic.swarming.HypersearchWorker(7083) - INFO - <BUILDID=N/A, WORKER=HW, WRKID=78, JOBID=1008> RUNNING MODEL GID=1444, paramsHash=64ee87e1fc85a50b6238a83ad6fd62da, params={'particleState': {'varStates': {'modelParams|clParams|alpha': {'bestResult': None, 'position': 0.0001, 'bestPosition': 0.0001, '_position': 0.0001, 'velocity': -0.004995}, 'modelParams|tpParams|minThreshold': {'bestResult': None, 'position': 9, 'bestPosition': 9, '_position': 9.15, 'velocity': 0.15}, 'modelParams|tpParams|activationThreshold': {'bestResult': None, 'position': 12, 'bestPosition': 12, '_position': 12, 'velocity': -0.2}, 'modelParams|tpParams|pamLength': {'bestResult': None, 'position': 1, 'bestPosition': 1, '_position': 1, 'velocity': -0.2}, u'modelParams|sensorParams|encoders|kw_energy_consumption:n': {'bestResult': None, 'position': 22, 'bestPosition': 22, '_position': 22, 'velocity': -24.95}, 'modelParams|sensorParams|encoders|_classifierInput|n': {'bestResult': None, 'position': 53, 'bestPosition': 28, '_position': 52.65, 'velocity': 24.65}, 'modelParams|spParams|synPermInactiveDec': {'bestResult': None, 'position': 0.095015, 'bestPosition': 0.1, '_position': 0.095015, 'velocity': -0.004985000000000001}}, 'genIdx': 1, 'swarmId': u'modelParams|sensorParams|encoders|kw_energy_consumption', 'id': u'75.10'}, 'structuredParams': {'aggregationInfo': {'seconds': 0, 'fields': [], 'months': 0, 'days': 0, 'years': 0, 'hours': 0, 'microseconds': 0, 'weeks': 0, 'minutes': 0, 'milliseconds': 0}, 'modelParams': {'sensorParams': {'encoders': {'_classifierInput': {'maxval': 5.18, 'classifierOnly': True, 'minval': 0.0, 'clipInput': True, 'n': 53, 'fieldname': 'kw_energy_consumption', 'w': 21, 'type': 'ScalarEncoder'}, u'timestamp_timeOfDay': None, u'timestamp_dayOfWeek': None, u'kw_energy_consumption': {'maxval': 5.18, 'name': 'kw_energy_consumption', 'clipInput': True, 'minval': 0.0, 'n': 22, 'fieldname': 'kw_energy_consumption', 'w': 21, 'type': 'ScalarEncoder'}, u'timestamp_weekend': None}}, 'spParams': {'synPermInactiveDec': 0.095015}, 'tpParams': {'minThreshold': 9, 'activationThreshold': 12, 'pamLength': 1}, 'clParams': {'alpha': 0.0001}}}}
2014-12-27 10:01:54,202 - com.numenta.nupic.hypersearch.utils(7083) - INFO - <BUILDID=N/A, WORKER=HW, WRKID=78, JOBID=1008> Using experiment directory: /tmp/tmp9E7dyq
2014-12-27 10:01:54,211 - com.numenta.nupic.hypersearch.utils(7083) - ERROR - <BUILDID=N/A, WORKER=HW, WRKID=78, JOBID=1008> Exception occurred while running model 1444: Exception(u'Invalid file format for "/home/pat/workspace/nupic/examples/opf/clients/hotgym/prediction/sandiego/sandiego.csv" - field type ""2011-02-01 01:00:00"" not one of (\'string\', \'datetime\', \'int\', \'float\', \'bool\', \'sdr\') ',) (<type 'exceptions.Exception'>)
Traceback (most recent call last):
  File "/home/pat/workspace/nupic/nupic/swarming/utils.py", line 430, in runModelGivenBaseAndParams
    (completionReason, completionMsg) = runner.run()
  File "/home/pat/workspace/nupic/nupic/swarming/ModelRunner.py", line 237, in run
    maxTimeout=readTimeout)
  File "/home/pat/workspace/nupic/nupic/data/stream_reader.py", line 210, in __init__
    self._openStream(dataUrl, isBlocking, maxTimeout, bookmark, firstRecordIdx)
  File "/home/pat/workspace/nupic/nupic/data/stream_reader.py", line 298, in _openStream
    firstRecord=firstRecordIdx)
  File "/home/pat/workspace/nupic/nupic/data/file_record_stream.py", line 209, in __init__
    'not one of %s ' % (self._filename, t, allowedTypes))
Exception: Invalid file format for "/home/pat/workspace/nupic/examples/opf/clients/hotgym/prediction/sandiego/sandiego.csv" - field type ""2011-02-01 01:00:00"" not one of ('string', 'datetime', 'int', 'float', 'bool', 'sdr') 

2014-12-27 10:01:54,227 - com.numenta.nupic.swarming.HypersearchWorker(7083) - INFO - <BUILDID=N/A, WORKER=HW, WRKID=78, JOBID=1008> COMPLETED MODEL GID=1444; EVALUATED 3 MODELs
2014-12-27 10:01:54,323 - com.numenta.nupic.database.ClientJobsDAO.ClientJobsDAO(7083) - INFO - <BUILDID=N/A, WORKER=HW, WRKID=78, JOBID=1008> Model insert attempt failed with DUP_ENTRY: jobID=1008; paramsHash=ec01b8fbc31c102265c273f29975305f OR particleHash=accf344d27492edf04c451b75b1053ac; IntegrityError(1062, u"Duplicate entry '1008-\\xAC\\xCF4M'I.\\xDF\\x04\\xC4Q\\xB7[\\x10S\\xAC' for key 'job_id_2'")
2014-12-27 10:01:54,331 - com.numenta.nupic.swarming.HypersearchWorker(7083) - INFO - <BUILDID=N/A, WORKER=HW, WRKID=78, JOBID=1008> Adding model 1445 to our internal DB because modelInsertAndStart() failed to insert it: paramsHash=359ba31c92f4c66583c3387bd157a1c7, particleHash=accf344d27492edf04c451b75b1053ac, particleId='78.0.1'
2014-12-27 10:01:54,337 - com.numenta.nupic.database.ClientJobsDAO.ClientJobsDAO(7083) - INFO - <BUILDID=N/A, WORKER=HW, WRKID=78, JOBID=1008> Model insert attempt failed with DUP_ENTRY: jobID=1008; paramsHash=ec01b8fbc31c102265c273f29975305f OR particleHash=accf344d27492edf04c451b75b1053ac; IntegrityError(1062, u"Duplicate entry '1008-\\xAC\\xCF4M'I.\\xDF\\x04\\xC4Q\\xB7[\\x10S\\xAC' for key 'job_id_2'")
2014-12-27 10:01:54,342 - com.numenta.nupic.swarming.HypersearchWorker(7083) - INFO - <BUILDID=N/A, WORKER=HW, WRKID=78, JOBID=1008> Adding model 1445 to our internal DB because modelInsertAndStart() failed to insert it: paramsHash=359ba31c92f4c66583c3387bd157a1c7, particleHash=accf344d27492edf04c451b75b1053ac, particleId='78.0.1'
2014-12-27 10:01:54,347 - com.numenta.nupic.database.ClientJobsDAO.ClientJobsDAO(7083) - INFO - <BUILDID=N/A, WORKER=HW, WRKID=78, JOBID=1008> Model insert attempt failed with DUP_ENTRY: jobID=1008; paramsHash=ec01b8fbc31c102265c273f29975305f OR particleHash=accf344d27492edf04c451b75b1053ac; IntegrityError(1062, u"Duplicate entry '1008-\\xAC\\xCF4M'I.\\xDF\\x04\\xC4Q\\xB7[\\x10S\\xAC' for key 'job_id_2'")
2014-12-27 10:01:54,353 - com.numenta.nupic.swarming.HypersearchWorker(7083) - INFO - <BUILDID=N/A, WORKER=HW, WRKID=78, JOBID=1008> Adding model 1445 to our internal DB because modelInsertAndStart() failed to insert it: paramsHash=359ba31c92f4c66583c3387bd157a1c7, particleHash=accf344d27492edf04c451b75b1053ac, particleId='78.0.1'
2014-12-27 10:01:54,359 - com.numenta.nupic.database.ClientJobsDAO.ClientJobsDAO(7083) - INFO - <BUILDID=N/A, WORKER=HW, WRKID=78, JOBID=1008> Model insert attempt failed with DUP_ENTRY: jobID=1008; paramsHash=ec01b8fbc31c102265c273f29975305f OR particleHash=accf344d27492edf04c451b75b1053ac; IntegrityError(1062, u"Duplicate entry '1008-\\xAC\\xCF4M'I.\\xDF\\x04\\xC4Q\\xB7[\\x10S\\xAC' for key 'job_id_2'")
2014-12-27 10:01:54,373 - com.numenta.nupic.swarming.HypersearchWorker(7083) - INFO - <BUILDID=N/A, WORKER=HW, WRKID=78, JOBID=1008> Adding model 1445 to our internal DB because modelInsertAndStart() failed to insert it: paramsHash=359ba31c92f4c66583c3387bd157a1c7, particleHash=accf344d27492edf04c451b75b1053ac, particleId='78.0.1'
2014-12-27 10:01:54,377 - com.numenta.nupic.database.ClientJobsDAO.ClientJobsDAO(7083) - INFO - <BUILDID=N/A, WORKER=HW, WRKID=78, JOBID=1008> Model insert attempt failed with DUP_ENTRY: jobID=1008; paramsHash=ec01b8fbc31c102265c273f29975305f OR particleHash=accf344d27492edf04c451b75b1053ac; IntegrityError(1062, u"Duplicate entry '1008-\\xAC\\xCF4M'I.\\xDF\\x04\\xC4Q\\xB7[\\x10S\\xAC' for key 'job_id_2'")
2014-12-27 10:01:54,379 - com.numenta.nupic.swarming.HypersearchWorker(7083) - INFO - <BUILDID=N/A, WORKER=HW, WRKID=78, JOBID=1008> Adding model 1445 to our internal DB because modelInsertAndStart() failed to insert it: paramsHash=359ba31c92f4c66583c3387bd157a1c7, particleHash=accf344d27492edf04c451b75b1053ac, particleId='78.0.1'
2014-12-27 10:01:54,382 - com.numenta.nupic.database.ClientJobsDAO.ClientJobsDAO(7083) - INFO - <BUILDID=N/A, WORKER=HW, WRKID=78, JOBID=1008> Model insert attempt failed with DUP_ENTRY: jobID=1008; paramsHash=ec01b8fbc31c102265c273f29975305f OR particleHash=accf344d27492edf04c451b75b1053ac; IntegrityError(1062, u"Duplicate entry '1008-\\xAC\\xCF4M'I.\\xDF\\x04\\xC4Q\\xB7[\\x10S\\xAC' for key 'job_id_2'")
2014-12-27 10:01:54,388 - com.numenta.nupic.swarming.HypersearchWorker(7083) - INFO - <BUILDID=N/A, WORKER=HW, WRKID=78, JOBID=1008> Adding model 1445 to our internal DB because modelInsertAndStart() failed to insert it: paramsHash=359ba31c92f4c66583c3387bd157a1c7, particleHash=accf344d27492edf04c451b75b1053ac, particleId='78.0.1'
2014-12-27 10:01:54,392 - com.numenta.nupic.database.ClientJobsDAO.ClientJobsDAO(7083) - INFO - <BUILDID=N/A, WORKER=HW, WRKID=78, JOBID=1008> Model insert attempt failed with DUP_ENTRY: jobID=1008; paramsHash=ec01b8fbc31c102265c273f29975305f OR particleHash=accf344d27492edf04c451b75b1053ac; IntegrityError(1062, u"Duplicate entry '1008-\\xAC\\xCF4M'I.\\xDF\\x04\\xC4Q\\xB7[\\x10S\\xAC' for key 'job_id_2'")
2014-12-27 10:01:54,395 - com.numenta.nupic.swarming.HypersearchWorker(7083) - INFO - <BUILDID=N/A, WORKER=HW, WRKID=78, JOBID=1008> Adding model 1445 to our internal DB because modelInsertAndStart() failed to insert it: paramsHash=359ba31c92f4c66583c3387bd157a1c7, particleHash=accf344d27492edf04c451b75b1053ac, particleId='78.0.1'
2014-12-27 10:01:54,397 - com.numenta.nupic.database.ClientJobsDAO.ClientJobsDAO(7083) - INFO - <BUILDID=N/A, WORKER=HW, WRKID=78, JOBID=1008> Model insert attempt failed with DUP_ENTRY: jobID=1008; paramsHash=ec01b8fbc31c102265c273f29975305f OR particleHash=accf344d27492edf04c451b75b1053ac; IntegrityError(1062, u"Duplicate entry '1008-\\xAC\\xCF4M'I.\\xDF\\x04\\xC4Q\\xB7[\\x10S\\xAC' for key 'job_id_2'")
2014-12-27 10:01:54,401 - com.numenta.nupic.swarming.HypersearchWorker(7083) - INFO - <BUILDID=N/A, WORKER=HW, WRKID=78, JOBID=1008> Adding model 1445 to our internal DB because modelInsertAndStart() failed to insert it: paramsHash=359ba31c92f4c66583c3387bd157a1c7, particleHash=accf344d27492edf04c451b75b1053ac, particleId='78.0.1'
2014-12-27 10:01:54,404 - com.numenta.nupic.database.ClientJobsDAO.ClientJobsDAO(7083) - INFO - <BUILDID=N/A, WORKER=HW, WRKID=78, JOBID=1008> Model insert attempt failed with DUP_ENTRY: jobID=1008; paramsHash=ec01b8fbc31c102265c273f29975305f OR particleHash=accf344d27492edf04c451b75b1053ac; IntegrityError(1062, u"Duplicate entry '1008-\\xAC\\xCF4M'I.\\xDF\\x04\\xC4Q\\xB7[\\x10S\\xAC' for key 'job_id_2'")
2014-12-27 10:01:54,408 - com.numenta.nupic.swarming.HypersearchWorker(7083) - INFO - <BUILDID=N/A, WORKER=HW, WRKID=78, JOBID=1008> Adding model 1445 to our internal DB because modelInsertAndStart() failed to insert it: paramsHash=359ba31c92f4c66583c3387bd157a1c7, particleHash=accf344d27492edf04c451b75b1053ac, particleId='78.0.1'
2014-12-27 10:01:54,411 - com.numenta.nupic.database.ClientJobsDAO.ClientJobsDAO(7083) - INFO - <BUILDID=N/A, WORKER=HW, WRKID=78, JOBID=1008> Model insert attempt failed with DUP_ENTRY: jobID=1008; paramsHash=ec01b8fbc31c102265c273f29975305f OR particleHash=accf344d27492edf04c451b75b1053ac; IntegrityError(1062, u"Duplicate entry '1008-\\xAC\\xCF4M'I.\\xDF\\x04\\xC4Q\\xB7[\\x10S\\xAC' for key 'job_id_2'")
2014-12-27 10:01:54,416 - com.numenta.nupic.swarming.HypersearchWorker(7083) - INFO - <BUILDID=N/A, WORKER=HW, WRKID=78, JOBID=1008> Adding model 1445 to our internal DB because modelInsertAndStart() failed to insert it: paramsHash=359ba31c92f4c66583c3387bd157a1c7, particleHash=accf344d27492edf04c451b75b1053ac, particleId='78.0.1'
2014-12-27 10:01:54,422 - com.numenta.nupic.swarming.HypersearchV2.HypersearchV2(7083) - ERROR - <BUILDID=N/A, WORKER=HW, WRKID=78, JOBID=1008> Exiting because some worker set the workerCompletionReason to error. WorkerCompletionMsg: E10002: Exiting due to receiving too many models failing from exceptions (6 out of 6). 
Model Exception: Exception occurred while running model 1443: Exception(u'Invalid file format for "/home/pat/workspace/nupic/examples/opf/clients/hotgym/prediction/sandiego/sandiego.csv" - field type ""2011-02-01 01:00:00"" not one of (\'string\', \'datetime\', \'int\', \'float\', \'bool\', \'sdr\') ',) (<type 'exceptions.Exception'>)
Traceback (most recent call last):
  File "/home/pat/workspace/nupic/nupic/swarming/utils.py", line 430, in runModelGivenBaseAndParams
    (completionReason, completionMsg) = runner.run()
  File "/home/pat/workspace/nupic/nupic/swarming/ModelRunner.py", line 237, in run
    maxTimeout=readTimeout)
  File "/home/pat/workspace/nupic/nupic/data/stream_reader.py", line 210, in __init__
    self._openStream(dataUrl, isBlocking, maxTimeout, bookmark, firstRecordIdx)
  File "/home/pat/workspace/nupic/nupic/data/stream_reader.py", line 298, in _openStream
    firstRecord=firstRecordIdx)
  File "/home/pat/workspace/nupic/nupic/data/file_record_stream.py", line 209, in __init__
    'not one of %s ' % (self._filename, t, allowedTypes))
Exception: Invalid file format for "/home/pat/workspace/nupic/examples/opf/clients/hotgym/prediction/sandiego/sandiego.csv" - field type ""2011-02-01 01:00:00"" not one of ('string', 'datetime', 'int', 'float', 'bool', 'sdr') 

2014-12-27 10:01:54,427 - com.numenta.nupic.swarming.HypersearchV2.HypersearchV2(7083) - INFO - <BUILDID=N/A, WORKER=HW, WRKID=78, JOBID=1008> Failed updating the field contributions, another hypersearch worker must have updated it
2014-12-27 10:01:54,427 - com.numenta.nupic.swarming.HypersearchWorker(7083) - INFO - <BUILDID=N/A, WORKER=HW, WRKID=78, JOBID=1008> FINISHED. Evaluated 3 models.
