2014-12-27 09:57:05,947 - com.numenta.nupic.swarming.HypersearchWorker(6990) - INFO - <BUILDID=N/A, WORKER=HS, WRKID=N/A, JOBID=N/A> Launched with command line arguments: ['--jobID=1006']
2014-12-27 09:57:05,947 - com.numenta.nupic.swarming.HypersearchWorker(6990) - INFO - <BUILDID=N/A, WORKER=HS, WRKID=N/A, JOBID=N/A> Connecting to the jobs database
2014-12-27 09:57:05,947 - com.numenta.nupic.database.Connection.ConnectionFactory(6990) - INFO - <BUILDID=N/A, WORKER=HS, WRKID=N/A, JOBID=N/A> Creating db connection policy via provider <bound method type._createDefaultPolicy of <class 'nupic.database.Connection.ConnectionFactory'>>
2014-12-27 09:57:05,961 - com.numenta.nupic.database.Connection.PooledConnectionPolicy(6990) - INFO - <BUILDID=N/A, WORKER=HS, WRKID=N/A, JOBID=N/A> Created PooledConnectionPolicy
2014-12-27 09:57:05,972 - com.numenta.nupic.database.ClientJobsDAO.ClientJobsDAO(6990) - INFO - <BUILDID=N/A, WORKER=HS, WRKID=N/A, JOBID=N/A> clientJobsConnectionID=65
2014-12-27 09:57:05,974 - com.numenta.nupic.swarming.HypersearchWorker(6990) - INFO - <BUILDID=N/A, WORKER=HW, WRKID=65, JOBID=1006> Job info retrieved: {'engModelMilestones': 'None', 'clientInfo': '', 'numFailedWorkers': '0', 'engJobType': 'hypersearch', 'results': 'None', 'jobId': '1006', 'completionMsg': 'None', 'cancel': '0', 'engWorkerState': 'None', 'workerCompletionMsg': 'None', 'jobHash': "\xc4\xb7\x94!\x8d\xf1\x11\xe4\x9c\x1f\x08\x00'\x16\xdf\xd4", 'genBaseDescription': 'None', 'completionReason': 'None', 'priority': '0', 'cmdLine': '$HYPERSEARCH', 'params': '{"hsVersion": "v2", "maxModels": null, "persistentJobGUID": "c4b...', 'workerCompletionReason': 'success', 'engAllocateNewWorkers': '1', 'lastFailedWorkerErrorMsg': 'None', 'engUntendedDeadWorkers': '0', 'engLastUpdateTime': '2014-12-27 17:57:05', 'status': 'notStarted', 'engStatus': 'None', 'startTime': 'None', 'minimumWorkers': '1', 'endTime': 'None', 'engCjmConnId': 'None', 'genPermutations': 'None', 'client': 'GRP', 'engCleaningStatus': 'notdone', 'clientKey': '', 'maximumWorkers': '4'}
2014-12-27 09:57:05,980 - com.numenta.nupic.swarming.HypersearchV2.HypersearchV2(6990) - INFO - <BUILDID=N/A, WORKER=HW, WRKID=65, JOBID=1006> searchParams: 
{u'description': {u'includedFields': [{u'fieldName': 'timestamp',
                                       u'fieldType': 'datetime'},
                                      {u'fieldName': 'kw_energy_consumption',
                                       u'fieldType': 'float',
                                       u'maxValue': '5.18',
                                       u'minValue': '0.0'}],
                  u'inferenceArgs': {u'predictedField': 'kw_energy_consumption',
                                     u'predictionSteps': ['1']},
                  u'inferenceType': 'TemporalMultiStep',
                  u'iterationCount': '-1',
                  u'streamDef': {u'info': 'kw_energy_consumption',
                                 u'streams': [{u'columns': ['*'],
                                               u'info': 'San Diego',
                                               u'source': 'file://sandiego.csv'}],
                                 u'version': '1'},
                  u'swarmSize': 'small'},
 u'hsVersion': 'v2',
 u'maxModels': 'None',
 u'persistentJobGUID': 'c4b79420-8df1-11e4-9c1f-08002716dfd4',
 u'useTerminators': 'False'}
2014-12-27 09:57:06,136 - com.numenta.nupic.swarming.HypersearchV2.HypersearchV2(6990) - INFO - <BUILDID=N/A, WORKER=HW, WRKID=65, JOBID=1006> Active swarms changed to [u'modelParams|sensorParams|encoders|kw_energy_consumption'] (from None)
2014-12-27 09:57:06,224 - com.numenta.nupic.database.ClientJobsDAO.ClientJobsDAO(6990) - INFO - <BUILDID=N/A, WORKER=HW, WRKID=65, JOBID=1006> Model insert attempt failed with DUP_ENTRY: jobID=1006; paramsHash=b83e94a3acb214f3fdd3aee92e9fbdb5 OR particleHash=a20455e6834d463d3aeaf904cca39934; IntegrityError(1062, u"Duplicate entry '1006-\\xB8>\\x94\\xA3\\xAC\\xB2\\x14\\xF3\\xFD\\xD3\\xAE\\xE9.\\x9F\\xBD\\xB5' for key 'job_id'")
2014-12-27 09:57:06,231 - com.numenta.nupic.swarming.HypersearchWorker(6990) - INFO - <BUILDID=N/A, WORKER=HW, WRKID=65, JOBID=1006> Adding model 1348 to our internal DB because modelInsertAndStart() failed to insert it: paramsHash=b83e94a3acb214f3fdd3aee92e9fbdb5, particleHash=b2b1d5f114b183feca6f856b9d4d3a16, particleId='66.0.0'
2014-12-27 09:57:06,234 - com.numenta.nupic.database.ClientJobsDAO.ClientJobsDAO(6990) - INFO - <BUILDID=N/A, WORKER=HW, WRKID=65, JOBID=1006> Model insert attempt failed with DUP_ENTRY: jobID=1006; paramsHash=b83e94a3acb214f3fdd3aee92e9fbdb5 OR particleHash=d4e9ca0dadb2d146c52ca0ba19d39819; IntegrityError(1062, u"Duplicate entry '1006-\\xB8>\\x94\\xA3\\xAC\\xB2\\x14\\xF3\\xFD\\xD3\\xAE\\xE9.\\x9F\\xBD\\xB5' for key 'job_id'")
2014-12-27 09:57:06,237 - com.numenta.nupic.swarming.HypersearchWorker(6990) - INFO - <BUILDID=N/A, WORKER=HW, WRKID=65, JOBID=1006> Adding model 1348 to our internal DB because modelInsertAndStart() failed to insert it: paramsHash=b83e94a3acb214f3fdd3aee92e9fbdb5, particleHash=b2b1d5f114b183feca6f856b9d4d3a16, particleId='66.0.0'
2014-12-27 09:57:06,250 - com.numenta.nupic.database.ClientJobsDAO.ClientJobsDAO(6990) - INFO - <BUILDID=N/A, WORKER=HW, WRKID=65, JOBID=1006> Model insert attempt failed with DUP_ENTRY: jobID=1006; paramsHash=b83e94a3acb214f3fdd3aee92e9fbdb5 OR particleHash=2038753ebbffae68fd36cba890f3e095; IntegrityError(1062, u"Duplicate entry '1006-\\xB8>\\x94\\xA3\\xAC\\xB2\\x14\\xF3\\xFD\\xD3\\xAE\\xE9.\\x9F\\xBD\\xB5' for key 'job_id'")
2014-12-27 09:57:06,254 - com.numenta.nupic.swarming.HypersearchWorker(6990) - INFO - <BUILDID=N/A, WORKER=HW, WRKID=65, JOBID=1006> Adding model 1348 to our internal DB because modelInsertAndStart() failed to insert it: paramsHash=b83e94a3acb214f3fdd3aee92e9fbdb5, particleHash=b2b1d5f114b183feca6f856b9d4d3a16, particleId='66.0.0'
2014-12-27 09:57:06,259 - com.numenta.nupic.database.ClientJobsDAO.ClientJobsDAO(6990) - INFO - <BUILDID=N/A, WORKER=HW, WRKID=65, JOBID=1006> Model insert attempt failed with DUP_ENTRY: jobID=1006; paramsHash=b83e94a3acb214f3fdd3aee92e9fbdb5 OR particleHash=d9ee98961208f5e49cfd84168f031708; IntegrityError(1062, u"Duplicate entry '1006-\\xB8>\\x94\\xA3\\xAC\\xB2\\x14\\xF3\\xFD\\xD3\\xAE\\xE9.\\x9F\\xBD\\xB5' for key 'job_id'")
2014-12-27 09:57:06,263 - com.numenta.nupic.swarming.HypersearchWorker(6990) - INFO - <BUILDID=N/A, WORKER=HW, WRKID=65, JOBID=1006> Adding model 1348 to our internal DB because modelInsertAndStart() failed to insert it: paramsHash=b83e94a3acb214f3fdd3aee92e9fbdb5, particleHash=b2b1d5f114b183feca6f856b9d4d3a16, particleId='66.0.0'
2014-12-27 09:57:06,270 - com.numenta.nupic.database.ClientJobsDAO.ClientJobsDAO(6990) - INFO - <BUILDID=N/A, WORKER=HW, WRKID=65, JOBID=1006> Model insert attempt failed with DUP_ENTRY: jobID=1006; paramsHash=b83e94a3acb214f3fdd3aee92e9fbdb5 OR particleHash=4d7a249bada523eb449b79a568cabb75; IntegrityError(1062, u"Duplicate entry '1006-\\xB8>\\x94\\xA3\\xAC\\xB2\\x14\\xF3\\xFD\\xD3\\xAE\\xE9.\\x9F\\xBD\\xB5' for key 'job_id'")
2014-12-27 09:57:06,278 - com.numenta.nupic.swarming.HypersearchWorker(6990) - INFO - <BUILDID=N/A, WORKER=HW, WRKID=65, JOBID=1006> Adding model 1348 to our internal DB because modelInsertAndStart() failed to insert it: paramsHash=b83e94a3acb214f3fdd3aee92e9fbdb5, particleHash=b2b1d5f114b183feca6f856b9d4d3a16, particleId='66.0.0'
2014-12-27 09:57:06,284 - com.numenta.nupic.database.ClientJobsDAO.ClientJobsDAO(6990) - INFO - <BUILDID=N/A, WORKER=HW, WRKID=65, JOBID=1006> Model insert attempt failed with DUP_ENTRY: jobID=1006; paramsHash=b83e94a3acb214f3fdd3aee92e9fbdb5 OR particleHash=7d96617654d411790ff05944e6f89368; IntegrityError(1062, u"Duplicate entry '1006-\\xB8>\\x94\\xA3\\xAC\\xB2\\x14\\xF3\\xFD\\xD3\\xAE\\xE9.\\x9F\\xBD\\xB5' for key 'job_id'")
2014-12-27 09:57:06,288 - com.numenta.nupic.swarming.HypersearchWorker(6990) - INFO - <BUILDID=N/A, WORKER=HW, WRKID=65, JOBID=1006> Adding model 1348 to our internal DB because modelInsertAndStart() failed to insert it: paramsHash=b83e94a3acb214f3fdd3aee92e9fbdb5, particleHash=b2b1d5f114b183feca6f856b9d4d3a16, particleId='66.0.0'
2014-12-27 09:57:06,294 - com.numenta.nupic.database.ClientJobsDAO.ClientJobsDAO(6990) - INFO - <BUILDID=N/A, WORKER=HW, WRKID=65, JOBID=1006> Model insert attempt failed with DUP_ENTRY: jobID=1006; paramsHash=b83e94a3acb214f3fdd3aee92e9fbdb5 OR particleHash=28fb5d87d57670e18ed41fbc58707bf9; IntegrityError(1062, u"Duplicate entry '1006-\\xB8>\\x94\\xA3\\xAC\\xB2\\x14\\xF3\\xFD\\xD3\\xAE\\xE9.\\x9F\\xBD\\xB5' for key 'job_id'")
2014-12-27 09:57:06,299 - com.numenta.nupic.swarming.HypersearchWorker(6990) - INFO - <BUILDID=N/A, WORKER=HW, WRKID=65, JOBID=1006> Adding model 1348 to our internal DB because modelInsertAndStart() failed to insert it: paramsHash=b83e94a3acb214f3fdd3aee92e9fbdb5, particleHash=b2b1d5f114b183feca6f856b9d4d3a16, particleId='66.0.0'
2014-12-27 09:57:06,313 - com.numenta.nupic.database.ClientJobsDAO.ClientJobsDAO(6990) - INFO - <BUILDID=N/A, WORKER=HW, WRKID=65, JOBID=1006> Model insert attempt failed with DUP_ENTRY: jobID=1006; paramsHash=b83e94a3acb214f3fdd3aee92e9fbdb5 OR particleHash=ea3410734a25ae1fe79386c0183eec65; IntegrityError(1062, u"Duplicate entry '1006-\\xB8>\\x94\\xA3\\xAC\\xB2\\x14\\xF3\\xFD\\xD3\\xAE\\xE9.\\x9F\\xBD\\xB5' for key 'job_id'")
2014-12-27 09:57:06,319 - com.numenta.nupic.swarming.HypersearchWorker(6990) - INFO - <BUILDID=N/A, WORKER=HW, WRKID=65, JOBID=1006> Adding model 1348 to our internal DB because modelInsertAndStart() failed to insert it: paramsHash=b83e94a3acb214f3fdd3aee92e9fbdb5, particleHash=b2b1d5f114b183feca6f856b9d4d3a16, particleId='66.0.0'
2014-12-27 09:57:06,329 - com.numenta.nupic.database.ClientJobsDAO.ClientJobsDAO(6990) - INFO - <BUILDID=N/A, WORKER=HW, WRKID=65, JOBID=1006> Model insert attempt failed with DUP_ENTRY: jobID=1006; paramsHash=b83e94a3acb214f3fdd3aee92e9fbdb5 OR particleHash=9e53733cd7480887457f4a45bc4bb260; IntegrityError(1062, u"Duplicate entry '1006-\\xB8>\\x94\\xA3\\xAC\\xB2\\x14\\xF3\\xFD\\xD3\\xAE\\xE9.\\x9F\\xBD\\xB5' for key 'job_id'")
2014-12-27 09:57:06,333 - com.numenta.nupic.swarming.HypersearchWorker(6990) - INFO - <BUILDID=N/A, WORKER=HW, WRKID=65, JOBID=1006> Adding model 1348 to our internal DB because modelInsertAndStart() failed to insert it: paramsHash=b83e94a3acb214f3fdd3aee92e9fbdb5, particleHash=b2b1d5f114b183feca6f856b9d4d3a16, particleId='66.0.0'
2014-12-27 09:57:06,340 - com.numenta.nupic.database.ClientJobsDAO.ClientJobsDAO(6990) - INFO - <BUILDID=N/A, WORKER=HW, WRKID=65, JOBID=1006> Model insert attempt failed with DUP_ENTRY: jobID=1006; paramsHash=b83e94a3acb214f3fdd3aee92e9fbdb5 OR particleHash=0a38775f4e231fc519929c9c49cb63aa; IntegrityError(1062, u"Duplicate entry '1006-\\xB8>\\x94\\xA3\\xAC\\xB2\\x14\\xF3\\xFD\\xD3\\xAE\\xE9.\\x9F\\xBD\\xB5' for key 'job_id'")
2014-12-27 09:57:06,345 - com.numenta.nupic.swarming.HypersearchWorker(6990) - INFO - <BUILDID=N/A, WORKER=HW, WRKID=65, JOBID=1006> Adding model 1348 to our internal DB because modelInsertAndStart() failed to insert it: paramsHash=b83e94a3acb214f3fdd3aee92e9fbdb5, particleHash=b2b1d5f114b183feca6f856b9d4d3a16, particleId='66.0.0'
2014-12-27 09:57:06,405 - com.numenta.nupic.database.ClientJobsDAO.ClientJobsDAO(6990) - INFO - <BUILDID=N/A, WORKER=HW, WRKID=65, JOBID=1006> Model insert attempt failed with DUP_ENTRY: jobID=1006; paramsHash=19aec87b133d141c1453d8d3cfcea9d8 OR particleHash=c59ac477dfc17a755a8798cfb9437305; IntegrityError(1062, u"Duplicate entry '1006-\\x19\\xAE\\xC8{\\x13=\\x14\\x1C\\x14S\\xD8\\xD3\\xCF\\xCE\\xA9\\xD8' for key 'job_id'")
2014-12-27 09:57:06,409 - com.numenta.nupic.swarming.HypersearchWorker(6990) - INFO - <BUILDID=N/A, WORKER=HW, WRKID=65, JOBID=1006> Adding model 1370 to our internal DB because modelInsertAndStart() failed to insert it: paramsHash=19aec87b133d141c1453d8d3cfcea9d8, particleHash=269f8cb3b6e9c6b5304c5090658426cd, particleId='66.20.0'
2014-12-27 09:57:06,425 - com.numenta.nupic.database.ClientJobsDAO.ClientJobsDAO(6990) - INFO - <BUILDID=N/A, WORKER=HW, WRKID=65, JOBID=1006> Model insert attempt failed with DUP_ENTRY: jobID=1006; paramsHash=19aec87b133d141c1453d8d3cfcea9d8 OR particleHash=0cbbff531a16b0e4b550f56963c223de; IntegrityError(1062, u"Duplicate entry '1006-\\x19\\xAE\\xC8{\\x13=\\x14\\x1C\\x14S\\xD8\\xD3\\xCF\\xCE\\xA9\\xD8' for key 'job_id'")
2014-12-27 09:57:06,428 - com.numenta.nupic.swarming.HypersearchWorker(6990) - INFO - <BUILDID=N/A, WORKER=HW, WRKID=65, JOBID=1006> Adding model 1370 to our internal DB because modelInsertAndStart() failed to insert it: paramsHash=19aec87b133d141c1453d8d3cfcea9d8, particleHash=269f8cb3b6e9c6b5304c5090658426cd, particleId='66.20.0'
2014-12-27 09:57:06,442 - com.numenta.nupic.database.ClientJobsDAO.ClientJobsDAO(6990) - INFO - <BUILDID=N/A, WORKER=HW, WRKID=65, JOBID=1006> Model insert attempt failed with DUP_ENTRY: jobID=1006; paramsHash=19aec87b133d141c1453d8d3cfcea9d8 OR particleHash=834d5fa924e5be3d6251aac44d7eeb6b; IntegrityError(1062, u"Duplicate entry '1006-\\x19\\xAE\\xC8{\\x13=\\x14\\x1C\\x14S\\xD8\\xD3\\xCF\\xCE\\xA9\\xD8' for key 'job_id'")
2014-12-27 09:57:06,447 - com.numenta.nupic.swarming.HypersearchWorker(6990) - INFO - <BUILDID=N/A, WORKER=HW, WRKID=65, JOBID=1006> Adding model 1370 to our internal DB because modelInsertAndStart() failed to insert it: paramsHash=19aec87b133d141c1453d8d3cfcea9d8, particleHash=269f8cb3b6e9c6b5304c5090658426cd, particleId='66.20.0'
2014-12-27 09:57:06,460 - com.numenta.nupic.database.ClientJobsDAO.ClientJobsDAO(6990) - INFO - <BUILDID=N/A, WORKER=HW, WRKID=65, JOBID=1006> Model insert attempt failed with DUP_ENTRY: jobID=1006; paramsHash=19aec87b133d141c1453d8d3cfcea9d8 OR particleHash=ced339e78aec5d0b93ce66176eef4c9a; IntegrityError(1062, u"Duplicate entry '1006-\\x19\\xAE\\xC8{\\x13=\\x14\\x1C\\x14S\\xD8\\xD3\\xCF\\xCE\\xA9\\xD8' for key 'job_id'")
2014-12-27 09:57:06,468 - com.numenta.nupic.swarming.HypersearchWorker(6990) - INFO - <BUILDID=N/A, WORKER=HW, WRKID=65, JOBID=1006> Adding model 1370 to our internal DB because modelInsertAndStart() failed to insert it: paramsHash=19aec87b133d141c1453d8d3cfcea9d8, particleHash=269f8cb3b6e9c6b5304c5090658426cd, particleId='66.20.0'
2014-12-27 09:57:06,474 - com.numenta.nupic.database.ClientJobsDAO.ClientJobsDAO(6990) - INFO - <BUILDID=N/A, WORKER=HW, WRKID=65, JOBID=1006> Model insert attempt failed with DUP_ENTRY: jobID=1006; paramsHash=19aec87b133d141c1453d8d3cfcea9d8 OR particleHash=9a5b8967bf3c087e277cf3c7fb93aa32; IntegrityError(1062, u"Duplicate entry '1006-\\x19\\xAE\\xC8{\\x13=\\x14\\x1C\\x14S\\xD8\\xD3\\xCF\\xCE\\xA9\\xD8' for key 'job_id'")
2014-12-27 09:57:06,486 - com.numenta.nupic.swarming.HypersearchWorker(6990) - INFO - <BUILDID=N/A, WORKER=HW, WRKID=65, JOBID=1006> Adding model 1370 to our internal DB because modelInsertAndStart() failed to insert it: paramsHash=19aec87b133d141c1453d8d3cfcea9d8, particleHash=269f8cb3b6e9c6b5304c5090658426cd, particleId='66.20.0'
2014-12-27 09:57:06,494 - com.numenta.nupic.database.ClientJobsDAO.ClientJobsDAO(6990) - INFO - <BUILDID=N/A, WORKER=HW, WRKID=65, JOBID=1006> Model insert attempt failed with DUP_ENTRY: jobID=1006; paramsHash=19aec87b133d141c1453d8d3cfcea9d8 OR particleHash=948f3f4d3376d23e22a2a2660b5fffca; IntegrityError(1062, u"Duplicate entry '1006-\\x19\\xAE\\xC8{\\x13=\\x14\\x1C\\x14S\\xD8\\xD3\\xCF\\xCE\\xA9\\xD8' for key 'job_id'")
2014-12-27 09:57:06,499 - com.numenta.nupic.swarming.HypersearchWorker(6990) - INFO - <BUILDID=N/A, WORKER=HW, WRKID=65, JOBID=1006> Adding model 1370 to our internal DB because modelInsertAndStart() failed to insert it: paramsHash=19aec87b133d141c1453d8d3cfcea9d8, particleHash=269f8cb3b6e9c6b5304c5090658426cd, particleId='66.20.0'
2014-12-27 09:57:06,506 - com.numenta.nupic.database.ClientJobsDAO.ClientJobsDAO(6990) - INFO - <BUILDID=N/A, WORKER=HW, WRKID=65, JOBID=1006> Model insert attempt failed with DUP_ENTRY: jobID=1006; paramsHash=19aec87b133d141c1453d8d3cfcea9d8 OR particleHash=277abb9bb3f6460efb7c692f2d9d4fd0; IntegrityError(1062, u"Duplicate entry '1006-\\x19\\xAE\\xC8{\\x13=\\x14\\x1C\\x14S\\xD8\\xD3\\xCF\\xCE\\xA9\\xD8' for key 'job_id'")
2014-12-27 09:57:06,510 - com.numenta.nupic.swarming.HypersearchWorker(6990) - INFO - <BUILDID=N/A, WORKER=HW, WRKID=65, JOBID=1006> Adding model 1370 to our internal DB because modelInsertAndStart() failed to insert it: paramsHash=19aec87b133d141c1453d8d3cfcea9d8, particleHash=269f8cb3b6e9c6b5304c5090658426cd, particleId='66.20.0'
2014-12-27 09:57:06,514 - com.numenta.nupic.database.ClientJobsDAO.ClientJobsDAO(6990) - INFO - <BUILDID=N/A, WORKER=HW, WRKID=65, JOBID=1006> Model insert attempt failed with DUP_ENTRY: jobID=1006; paramsHash=19aec87b133d141c1453d8d3cfcea9d8 OR particleHash=a28eadf10090af00951bf8badf222d73; IntegrityError(1062, u"Duplicate entry '1006-\\x19\\xAE\\xC8{\\x13=\\x14\\x1C\\x14S\\xD8\\xD3\\xCF\\xCE\\xA9\\xD8' for key 'job_id'")
2014-12-27 09:57:06,518 - com.numenta.nupic.swarming.HypersearchWorker(6990) - INFO - <BUILDID=N/A, WORKER=HW, WRKID=65, JOBID=1006> Adding model 1370 to our internal DB because modelInsertAndStart() failed to insert it: paramsHash=19aec87b133d141c1453d8d3cfcea9d8, particleHash=269f8cb3b6e9c6b5304c5090658426cd, particleId='66.20.0'
2014-12-27 09:57:06,520 - com.numenta.nupic.database.ClientJobsDAO.ClientJobsDAO(6990) - INFO - <BUILDID=N/A, WORKER=HW, WRKID=65, JOBID=1006> Model insert attempt failed with DUP_ENTRY: jobID=1006; paramsHash=19aec87b133d141c1453d8d3cfcea9d8 OR particleHash=9594749dc7f284d68c6a3398d6bed18d; IntegrityError(1062, u"Duplicate entry '1006-\\x19\\xAE\\xC8{\\x13=\\x14\\x1C\\x14S\\xD8\\xD3\\xCF\\xCE\\xA9\\xD8' for key 'job_id'")
2014-12-27 09:57:06,526 - com.numenta.nupic.swarming.HypersearchWorker(6990) - INFO - <BUILDID=N/A, WORKER=HW, WRKID=65, JOBID=1006> Adding model 1370 to our internal DB because modelInsertAndStart() failed to insert it: paramsHash=19aec87b133d141c1453d8d3cfcea9d8, particleHash=269f8cb3b6e9c6b5304c5090658426cd, particleId='66.20.0'
2014-12-27 09:57:06,531 - com.numenta.nupic.database.ClientJobsDAO.ClientJobsDAO(6990) - INFO - <BUILDID=N/A, WORKER=HW, WRKID=65, JOBID=1006> Model insert attempt failed with DUP_ENTRY: jobID=1006; paramsHash=19aec87b133d141c1453d8d3cfcea9d8 OR particleHash=1b3a10178f477887d2487d5e668da451; IntegrityError(1062, u"Duplicate entry '1006-\\x19\\xAE\\xC8{\\x13=\\x14\\x1C\\x14S\\xD8\\xD3\\xCF\\xCE\\xA9\\xD8' for key 'job_id'")
2014-12-27 09:57:06,535 - com.numenta.nupic.swarming.HypersearchWorker(6990) - INFO - <BUILDID=N/A, WORKER=HW, WRKID=65, JOBID=1006> Adding model 1370 to our internal DB because modelInsertAndStart() failed to insert it: paramsHash=19aec87b133d141c1453d8d3cfcea9d8, particleHash=269f8cb3b6e9c6b5304c5090658426cd, particleId='66.20.0'
2014-12-27 09:57:06,540 - com.numenta.nupic.swarming.HypersearchV2.HypersearchV2(6990) - INFO - <BUILDID=N/A, WORKER=HW, WRKID=65, JOBID=1006> Ready to end hyperseach, but not all models have matured yet. Sleeping a bit to wait for all models to mature.
2014-12-27 09:57:09,776 - com.numenta.nupic.swarming.HypersearchV2.HypersearchV2(6990) - ERROR - <BUILDID=N/A, WORKER=HW, WRKID=65, JOBID=1006> Exiting because some worker set the workerCompletionReason to error. WorkerCompletionMsg: E10002: Exiting due to receiving too many models failing from exceptions (6 out of 6). 
Model Exception: Exception occurred while running model 1380: Exception(u'Invalid file format for "/home/pat/workspace/nupic/examples/opf/clients/hotgym/prediction/sandiego/sandiego.csv" - field type ""2011-02-01 01:00:00"" not one of (\'string\', \'datetime\', \'int\', \'float\', \'bool\', \'sdr\') ',) (<type 'exceptions.Exception'>)
Traceback (most recent call last):
  File "/home/pat/workspace/nupic/nupic/swarming/utils.py", line 430, in runModelGivenBaseAndParams
    (completionReason, completionMsg) = runner.run()
  File "/home/pat/workspace/nupic/nupic/swarming/ModelRunner.py", line 237, in run
    maxTimeout=readTimeout)
  File "/home/pat/workspace/nupic/nupic/data/stream_reader.py", line 210, in __init__
    self._openStream(dataUrl, isBlocking, maxTimeout, bookmark, firstRecordIdx)
  File "/home/pat/workspace/nupic/nupic/data/stream_reader.py", line 298, in _openStream
    firstRecord=firstRecordIdx)
  File "/home/pat/workspace/nupic/nupic/data/file_record_stream.py", line 209, in __init__
    'not one of %s ' % (self._filename, t, allowedTypes))
Exception: Invalid file format for "/home/pat/workspace/nupic/examples/opf/clients/hotgym/prediction/sandiego/sandiego.csv" - field type ""2011-02-01 01:00:00"" not one of ('string', 'datetime', 'int', 'float', 'bool', 'sdr') 

2014-12-27 09:57:09,790 - com.numenta.nupic.swarming.HypersearchV2.HypersearchV2(6990) - INFO - <BUILDID=N/A, WORKER=HW, WRKID=65, JOBID=1006> Failed updating the field contributions, another hypersearch worker must have updated it
2014-12-27 09:57:09,792 - com.numenta.nupic.swarming.HypersearchWorker(6990) - INFO - <BUILDID=N/A, WORKER=HW, WRKID=65, JOBID=1006> FINISHED. Evaluated 0 models.
