2014-12-27 09:13:08,704 - com.numenta.nupic.swarming.HypersearchWorker(6808) - INFO - <BUILDID=N/A, WORKER=HS, WRKID=N/A, JOBID=N/A> Launched with command line arguments: ['--jobID=1002']
2014-12-27 09:13:08,705 - com.numenta.nupic.swarming.HypersearchWorker(6808) - INFO - <BUILDID=N/A, WORKER=HS, WRKID=N/A, JOBID=N/A> Connecting to the jobs database
2014-12-27 09:13:08,705 - com.numenta.nupic.database.Connection.ConnectionFactory(6808) - INFO - <BUILDID=N/A, WORKER=HS, WRKID=N/A, JOBID=N/A> Creating db connection policy via provider <bound method type._createDefaultPolicy of <class 'nupic.database.Connection.ConnectionFactory'>>
2014-12-27 09:13:08,707 - com.numenta.nupic.database.Connection.PooledConnectionPolicy(6808) - INFO - <BUILDID=N/A, WORKER=HS, WRKID=N/A, JOBID=N/A> Created PooledConnectionPolicy
2014-12-27 09:13:08,716 - com.numenta.nupic.database.ClientJobsDAO.ClientJobsDAO(6808) - INFO - <BUILDID=N/A, WORKER=HS, WRKID=N/A, JOBID=N/A> clientJobsConnectionID=47
2014-12-27 09:13:08,718 - com.numenta.nupic.swarming.HypersearchWorker(6808) - INFO - <BUILDID=N/A, WORKER=HW, WRKID=47, JOBID=1002> Job info retrieved: {'engModelMilestones': 'None', 'clientInfo': '', 'numFailedWorkers': '0', 'engJobType': 'hypersearch', 'results': 'None', 'jobId': '1002', 'completionMsg': 'None', 'cancel': '0', 'engWorkerState': 'None', 'workerCompletionMsg': 'None', 'jobHash': "\xa0\xc1\xe9\x9b\x8d\xeb\x11\xe4\x9c\x1f\x08\x00'\x16\xdf\xd4", 'genBaseDescription': 'None', 'completionReason': 'None', 'priority': '0', 'cmdLine': '$HYPERSEARCH', 'params': '{"hsVersion": "v2", "maxModels": null, "persistentJobGUID": "a0c...', 'workerCompletionReason': 'success', 'engAllocateNewWorkers': '1', 'lastFailedWorkerErrorMsg': 'None', 'engUntendedDeadWorkers': '0', 'engLastUpdateTime': '2014-12-27 17:13:08', 'status': 'notStarted', 'engStatus': 'None', 'startTime': 'None', 'minimumWorkers': '1', 'endTime': 'None', 'engCjmConnId': 'None', 'genPermutations': 'None', 'client': 'GRP', 'engCleaningStatus': 'notdone', 'clientKey': '', 'maximumWorkers': '4'}
2014-12-27 09:13:08,719 - com.numenta.nupic.swarming.HypersearchV2.HypersearchV2(6808) - INFO - <BUILDID=N/A, WORKER=HW, WRKID=47, JOBID=1002> searchParams: 
{u'description': {u'includedFields': [{u'fieldName': 'timestamp',
                                       u'fieldType': 'datetime'},
                                      {u'fieldName': 'kw_energy_consumption',
                                       u'fieldType': 'float',
                                       u'maxValue': '5.18',
                                       u'minValue': '0.0'}],
                  u'inferenceArgs': {u'predictedField': 'kw_energy_consumption',
                                     u'predictionSteps': ['1']},
                  u'inferenceType': 'TemporalMultiStep',
                  u'iterationCount': '-1',
                  u'streamDef': {u'info': 'kw_energy_consumption',
                                 u'streams': [{u'columns': ['*'],
                                               u'info': 'San Diego',
                                               u'source': 'file://sandiego.csv'}],
                                 u'version': '1'},
                  u'swarmSize': 'small'},
 u'hsVersion': 'v2',
 u'maxModels': 'None',
 u'persistentJobGUID': 'a0c1e99a-8deb-11e4-9c1f-08002716dfd4',
 u'useTerminators': 'False'}
2014-12-27 09:13:08,874 - com.numenta.nupic.swarming.HypersearchV2.HypersearchV2(6808) - INFO - <BUILDID=N/A, WORKER=HW, WRKID=47, JOBID=1002> Active swarms changed to [u'modelParams|sensorParams|encoders|kw_energy_consumption'] (from None)
2014-12-27 09:13:08,938 - com.numenta.nupic.database.ClientJobsDAO.ClientJobsDAO(6808) - INFO - <BUILDID=N/A, WORKER=HW, WRKID=47, JOBID=1002> Model insert attempt failed with DUP_ENTRY: jobID=1002; paramsHash=b83e94a3acb214f3fdd3aee92e9fbdb5 OR particleHash=e0eec1370ff310c451d9bce8c9b6efc9; IntegrityError(1062, u"Duplicate entry '1002-\\xB8>\\x94\\xA3\\xAC\\xB2\\x14\\xF3\\xFD\\xD3\\xAE\\xE9.\\x9F\\xBD\\xB5' for key 'job_id'")
2014-12-27 09:13:08,968 - com.numenta.nupic.swarming.HypersearchWorker(6808) - INFO - <BUILDID=N/A, WORKER=HW, WRKID=47, JOBID=1002> Adding model 1184 to our internal DB because modelInsertAndStart() failed to insert it: paramsHash=b83e94a3acb214f3fdd3aee92e9fbdb5, particleHash=c0d1076c915ab70fe3a9f0269e6efb20, particleId='46.0.0'
2014-12-27 09:13:08,978 - com.numenta.nupic.database.ClientJobsDAO.ClientJobsDAO(6808) - INFO - <BUILDID=N/A, WORKER=HW, WRKID=47, JOBID=1002> Model insert attempt failed with DUP_ENTRY: jobID=1002; paramsHash=b83e94a3acb214f3fdd3aee92e9fbdb5 OR particleHash=f1e32e5ae3f237b3809f41f7e51f1bee; IntegrityError(1062, u"Duplicate entry '1002-\\xB8>\\x94\\xA3\\xAC\\xB2\\x14\\xF3\\xFD\\xD3\\xAE\\xE9.\\x9F\\xBD\\xB5' for key 'job_id'")
2014-12-27 09:13:08,990 - com.numenta.nupic.swarming.HypersearchWorker(6808) - INFO - <BUILDID=N/A, WORKER=HW, WRKID=47, JOBID=1002> Adding model 1184 to our internal DB because modelInsertAndStart() failed to insert it: paramsHash=b83e94a3acb214f3fdd3aee92e9fbdb5, particleHash=c0d1076c915ab70fe3a9f0269e6efb20, particleId='46.0.0'
2014-12-27 09:13:08,997 - com.numenta.nupic.database.ClientJobsDAO.ClientJobsDAO(6808) - INFO - <BUILDID=N/A, WORKER=HW, WRKID=47, JOBID=1002> Model insert attempt failed with DUP_ENTRY: jobID=1002; paramsHash=b83e94a3acb214f3fdd3aee92e9fbdb5 OR particleHash=5bbcfe70f4026ad87ea8bac4c11c1e86; IntegrityError(1062, u"Duplicate entry '1002-\\xB8>\\x94\\xA3\\xAC\\xB2\\x14\\xF3\\xFD\\xD3\\xAE\\xE9.\\x9F\\xBD\\xB5' for key 'job_id'")
2014-12-27 09:13:09,004 - com.numenta.nupic.swarming.HypersearchWorker(6808) - INFO - <BUILDID=N/A, WORKER=HW, WRKID=47, JOBID=1002> Adding model 1184 to our internal DB because modelInsertAndStart() failed to insert it: paramsHash=b83e94a3acb214f3fdd3aee92e9fbdb5, particleHash=c0d1076c915ab70fe3a9f0269e6efb20, particleId='46.0.0'
2014-12-27 09:13:09,010 - com.numenta.nupic.database.ClientJobsDAO.ClientJobsDAO(6808) - INFO - <BUILDID=N/A, WORKER=HW, WRKID=47, JOBID=1002> Model insert attempt failed with DUP_ENTRY: jobID=1002; paramsHash=b83e94a3acb214f3fdd3aee92e9fbdb5 OR particleHash=e025f28b4e9be473967370a6997a1d10; IntegrityError(1062, u"Duplicate entry '1002-\\xB8>\\x94\\xA3\\xAC\\xB2\\x14\\xF3\\xFD\\xD3\\xAE\\xE9.\\x9F\\xBD\\xB5' for key 'job_id'")
2014-12-27 09:13:09,020 - com.numenta.nupic.swarming.HypersearchWorker(6808) - INFO - <BUILDID=N/A, WORKER=HW, WRKID=47, JOBID=1002> Adding model 1184 to our internal DB because modelInsertAndStart() failed to insert it: paramsHash=b83e94a3acb214f3fdd3aee92e9fbdb5, particleHash=c0d1076c915ab70fe3a9f0269e6efb20, particleId='46.0.0'
2014-12-27 09:13:09,029 - com.numenta.nupic.database.ClientJobsDAO.ClientJobsDAO(6808) - INFO - <BUILDID=N/A, WORKER=HW, WRKID=47, JOBID=1002> Model insert attempt failed with DUP_ENTRY: jobID=1002; paramsHash=b83e94a3acb214f3fdd3aee92e9fbdb5 OR particleHash=6ef77c2f7cf942114dd648c7b14f1247; IntegrityError(1062, u"Duplicate entry '1002-\\xB8>\\x94\\xA3\\xAC\\xB2\\x14\\xF3\\xFD\\xD3\\xAE\\xE9.\\x9F\\xBD\\xB5' for key 'job_id'")
2014-12-27 09:13:09,036 - com.numenta.nupic.swarming.HypersearchWorker(6808) - INFO - <BUILDID=N/A, WORKER=HW, WRKID=47, JOBID=1002> Adding model 1184 to our internal DB because modelInsertAndStart() failed to insert it: paramsHash=b83e94a3acb214f3fdd3aee92e9fbdb5, particleHash=c0d1076c915ab70fe3a9f0269e6efb20, particleId='46.0.0'
2014-12-27 09:13:09,041 - com.numenta.nupic.database.ClientJobsDAO.ClientJobsDAO(6808) - INFO - <BUILDID=N/A, WORKER=HW, WRKID=47, JOBID=1002> Model insert attempt failed with DUP_ENTRY: jobID=1002; paramsHash=b83e94a3acb214f3fdd3aee92e9fbdb5 OR particleHash=d2c4099031aca7aa187bbd763fa4b67d; IntegrityError(1062, u"Duplicate entry '1002-\\xB8>\\x94\\xA3\\xAC\\xB2\\x14\\xF3\\xFD\\xD3\\xAE\\xE9.\\x9F\\xBD\\xB5' for key 'job_id'")
2014-12-27 09:13:09,047 - com.numenta.nupic.swarming.HypersearchWorker(6808) - INFO - <BUILDID=N/A, WORKER=HW, WRKID=47, JOBID=1002> Adding model 1184 to our internal DB because modelInsertAndStart() failed to insert it: paramsHash=b83e94a3acb214f3fdd3aee92e9fbdb5, particleHash=c0d1076c915ab70fe3a9f0269e6efb20, particleId='46.0.0'
2014-12-27 09:13:09,056 - com.numenta.nupic.database.ClientJobsDAO.ClientJobsDAO(6808) - INFO - <BUILDID=N/A, WORKER=HW, WRKID=47, JOBID=1002> Model insert attempt failed with DUP_ENTRY: jobID=1002; paramsHash=b83e94a3acb214f3fdd3aee92e9fbdb5 OR particleHash=f49aef2ecc49c10fbd5833bb4a170001; IntegrityError(1062, u"Duplicate entry '1002-\\xB8>\\x94\\xA3\\xAC\\xB2\\x14\\xF3\\xFD\\xD3\\xAE\\xE9.\\x9F\\xBD\\xB5' for key 'job_id'")
2014-12-27 09:13:09,061 - com.numenta.nupic.swarming.HypersearchWorker(6808) - INFO - <BUILDID=N/A, WORKER=HW, WRKID=47, JOBID=1002> Adding model 1184 to our internal DB because modelInsertAndStart() failed to insert it: paramsHash=b83e94a3acb214f3fdd3aee92e9fbdb5, particleHash=c0d1076c915ab70fe3a9f0269e6efb20, particleId='46.0.0'
2014-12-27 09:13:09,066 - com.numenta.nupic.database.ClientJobsDAO.ClientJobsDAO(6808) - INFO - <BUILDID=N/A, WORKER=HW, WRKID=47, JOBID=1002> Model insert attempt failed with DUP_ENTRY: jobID=1002; paramsHash=b83e94a3acb214f3fdd3aee92e9fbdb5 OR particleHash=6fcb1469d73baf6fae1b00b33021a248; IntegrityError(1062, u"Duplicate entry '1002-\\xB8>\\x94\\xA3\\xAC\\xB2\\x14\\xF3\\xFD\\xD3\\xAE\\xE9.\\x9F\\xBD\\xB5' for key 'job_id'")
2014-12-27 09:13:09,070 - com.numenta.nupic.swarming.HypersearchWorker(6808) - INFO - <BUILDID=N/A, WORKER=HW, WRKID=47, JOBID=1002> Adding model 1184 to our internal DB because modelInsertAndStart() failed to insert it: paramsHash=b83e94a3acb214f3fdd3aee92e9fbdb5, particleHash=c0d1076c915ab70fe3a9f0269e6efb20, particleId='46.0.0'
2014-12-27 09:13:09,078 - com.numenta.nupic.database.ClientJobsDAO.ClientJobsDAO(6808) - INFO - <BUILDID=N/A, WORKER=HW, WRKID=47, JOBID=1002> Model insert attempt failed with DUP_ENTRY: jobID=1002; paramsHash=b83e94a3acb214f3fdd3aee92e9fbdb5 OR particleHash=e304d4d1e026569a000fa603e83016d4; IntegrityError(1062, u"Duplicate entry '1002-\\xB8>\\x94\\xA3\\xAC\\xB2\\x14\\xF3\\xFD\\xD3\\xAE\\xE9.\\x9F\\xBD\\xB5' for key 'job_id'")
2014-12-27 09:13:09,081 - com.numenta.nupic.swarming.HypersearchWorker(6808) - INFO - <BUILDID=N/A, WORKER=HW, WRKID=47, JOBID=1002> Adding model 1184 to our internal DB because modelInsertAndStart() failed to insert it: paramsHash=b83e94a3acb214f3fdd3aee92e9fbdb5, particleHash=c0d1076c915ab70fe3a9f0269e6efb20, particleId='46.0.0'
2014-12-27 09:13:09,084 - com.numenta.nupic.database.ClientJobsDAO.ClientJobsDAO(6808) - INFO - <BUILDID=N/A, WORKER=HW, WRKID=47, JOBID=1002> Model insert attempt failed with DUP_ENTRY: jobID=1002; paramsHash=b83e94a3acb214f3fdd3aee92e9fbdb5 OR particleHash=b2b746d10ce2acff1f7162c1941a17c9; IntegrityError(1062, u"Duplicate entry '1002-\\xB8>\\x94\\xA3\\xAC\\xB2\\x14\\xF3\\xFD\\xD3\\xAE\\xE9.\\x9F\\xBD\\xB5' for key 'job_id'")
2014-12-27 09:13:09,091 - com.numenta.nupic.swarming.HypersearchWorker(6808) - INFO - <BUILDID=N/A, WORKER=HW, WRKID=47, JOBID=1002> Adding model 1184 to our internal DB because modelInsertAndStart() failed to insert it: paramsHash=b83e94a3acb214f3fdd3aee92e9fbdb5, particleHash=c0d1076c915ab70fe3a9f0269e6efb20, particleId='46.0.0'
2014-12-27 09:13:09,168 - com.numenta.nupic.database.ClientJobsDAO.ClientJobsDAO(6808) - INFO - <BUILDID=N/A, WORKER=HW, WRKID=47, JOBID=1002> Model insert attempt failed with DUP_ENTRY: jobID=1002; paramsHash=19aec87b133d141c1453d8d3cfcea9d8 OR particleHash=a1d8fd3d96287b024b19e2d4bb0bbe22; IntegrityError(1062, u"Duplicate entry '1002-\\x19\\xAE\\xC8{\\x13=\\x14\\x1C\\x14S\\xD8\\xD3\\xCF\\xCE\\xA9\\xD8' for key 'job_id'")
2014-12-27 09:13:09,174 - com.numenta.nupic.swarming.HypersearchWorker(6808) - INFO - <BUILDID=N/A, WORKER=HW, WRKID=47, JOBID=1002> Adding model 1206 to our internal DB because modelInsertAndStart() failed to insert it: paramsHash=19aec87b133d141c1453d8d3cfcea9d8, particleHash=30962f991499125456db9b6201838027, particleId='46.20.0'
2014-12-27 09:13:09,183 - com.numenta.nupic.database.ClientJobsDAO.ClientJobsDAO(6808) - INFO - <BUILDID=N/A, WORKER=HW, WRKID=47, JOBID=1002> Model insert attempt failed with DUP_ENTRY: jobID=1002; paramsHash=19aec87b133d141c1453d8d3cfcea9d8 OR particleHash=24d6b44500d28251b275dbdf0ea0b0c3; IntegrityError(1062, u"Duplicate entry '1002-\\x19\\xAE\\xC8{\\x13=\\x14\\x1C\\x14S\\xD8\\xD3\\xCF\\xCE\\xA9\\xD8' for key 'job_id'")
2014-12-27 09:13:09,191 - com.numenta.nupic.swarming.HypersearchWorker(6808) - INFO - <BUILDID=N/A, WORKER=HW, WRKID=47, JOBID=1002> Adding model 1206 to our internal DB because modelInsertAndStart() failed to insert it: paramsHash=19aec87b133d141c1453d8d3cfcea9d8, particleHash=30962f991499125456db9b6201838027, particleId='46.20.0'
2014-12-27 09:13:09,196 - com.numenta.nupic.database.ClientJobsDAO.ClientJobsDAO(6808) - INFO - <BUILDID=N/A, WORKER=HW, WRKID=47, JOBID=1002> Model insert attempt failed with DUP_ENTRY: jobID=1002; paramsHash=19aec87b133d141c1453d8d3cfcea9d8 OR particleHash=31db8953b803e4dc5907bba8e92fb24b; IntegrityError(1062, u"Duplicate entry '1002-\\x19\\xAE\\xC8{\\x13=\\x14\\x1C\\x14S\\xD8\\xD3\\xCF\\xCE\\xA9\\xD8' for key 'job_id'")
2014-12-27 09:13:09,202 - com.numenta.nupic.swarming.HypersearchWorker(6808) - INFO - <BUILDID=N/A, WORKER=HW, WRKID=47, JOBID=1002> Adding model 1206 to our internal DB because modelInsertAndStart() failed to insert it: paramsHash=19aec87b133d141c1453d8d3cfcea9d8, particleHash=30962f991499125456db9b6201838027, particleId='46.20.0'
2014-12-27 09:13:09,209 - com.numenta.nupic.database.ClientJobsDAO.ClientJobsDAO(6808) - INFO - <BUILDID=N/A, WORKER=HW, WRKID=47, JOBID=1002> Model insert attempt failed with DUP_ENTRY: jobID=1002; paramsHash=19aec87b133d141c1453d8d3cfcea9d8 OR particleHash=6f1bababa32631819fd4f9a40c41fa72; IntegrityError(1062, u"Duplicate entry '1002-\\x19\\xAE\\xC8{\\x13=\\x14\\x1C\\x14S\\xD8\\xD3\\xCF\\xCE\\xA9\\xD8' for key 'job_id'")
2014-12-27 09:13:09,214 - com.numenta.nupic.swarming.HypersearchWorker(6808) - INFO - <BUILDID=N/A, WORKER=HW, WRKID=47, JOBID=1002> Adding model 1206 to our internal DB because modelInsertAndStart() failed to insert it: paramsHash=19aec87b133d141c1453d8d3cfcea9d8, particleHash=30962f991499125456db9b6201838027, particleId='46.20.0'
2014-12-27 09:13:09,218 - com.numenta.nupic.database.ClientJobsDAO.ClientJobsDAO(6808) - INFO - <BUILDID=N/A, WORKER=HW, WRKID=47, JOBID=1002> Model insert attempt failed with DUP_ENTRY: jobID=1002; paramsHash=19aec87b133d141c1453d8d3cfcea9d8 OR particleHash=66f5ce9f9d9679edbca9b5cec71261e0; IntegrityError(1062, u"Duplicate entry '1002-\\x19\\xAE\\xC8{\\x13=\\x14\\x1C\\x14S\\xD8\\xD3\\xCF\\xCE\\xA9\\xD8' for key 'job_id'")
2014-12-27 09:13:09,223 - com.numenta.nupic.swarming.HypersearchWorker(6808) - INFO - <BUILDID=N/A, WORKER=HW, WRKID=47, JOBID=1002> Adding model 1206 to our internal DB because modelInsertAndStart() failed to insert it: paramsHash=19aec87b133d141c1453d8d3cfcea9d8, particleHash=30962f991499125456db9b6201838027, particleId='46.20.0'
2014-12-27 09:13:09,233 - com.numenta.nupic.database.ClientJobsDAO.ClientJobsDAO(6808) - INFO - <BUILDID=N/A, WORKER=HW, WRKID=47, JOBID=1002> Model insert attempt failed with DUP_ENTRY: jobID=1002; paramsHash=19aec87b133d141c1453d8d3cfcea9d8 OR particleHash=17be9a8e76c6afef9206178cd1be93c8; IntegrityError(1062, u"Duplicate entry '1002-\\x19\\xAE\\xC8{\\x13=\\x14\\x1C\\x14S\\xD8\\xD3\\xCF\\xCE\\xA9\\xD8' for key 'job_id'")
2014-12-27 09:13:09,238 - com.numenta.nupic.swarming.HypersearchWorker(6808) - INFO - <BUILDID=N/A, WORKER=HW, WRKID=47, JOBID=1002> Adding model 1206 to our internal DB because modelInsertAndStart() failed to insert it: paramsHash=19aec87b133d141c1453d8d3cfcea9d8, particleHash=30962f991499125456db9b6201838027, particleId='46.20.0'
2014-12-27 09:13:09,244 - com.numenta.nupic.database.ClientJobsDAO.ClientJobsDAO(6808) - INFO - <BUILDID=N/A, WORKER=HW, WRKID=47, JOBID=1002> Model insert attempt failed with DUP_ENTRY: jobID=1002; paramsHash=19aec87b133d141c1453d8d3cfcea9d8 OR particleHash=0bc21a5bc22e67a01a5cb63870cdece2; IntegrityError(1062, u"Duplicate entry '1002-\\x19\\xAE\\xC8{\\x13=\\x14\\x1C\\x14S\\xD8\\xD3\\xCF\\xCE\\xA9\\xD8' for key 'job_id'")
2014-12-27 09:13:09,248 - com.numenta.nupic.swarming.HypersearchWorker(6808) - INFO - <BUILDID=N/A, WORKER=HW, WRKID=47, JOBID=1002> Adding model 1206 to our internal DB because modelInsertAndStart() failed to insert it: paramsHash=19aec87b133d141c1453d8d3cfcea9d8, particleHash=30962f991499125456db9b6201838027, particleId='46.20.0'
2014-12-27 09:13:09,253 - com.numenta.nupic.database.ClientJobsDAO.ClientJobsDAO(6808) - INFO - <BUILDID=N/A, WORKER=HW, WRKID=47, JOBID=1002> Model insert attempt failed with DUP_ENTRY: jobID=1002; paramsHash=19aec87b133d141c1453d8d3cfcea9d8 OR particleHash=93fcf57a88169ece7d806fb86defc604; IntegrityError(1062, u"Duplicate entry '1002-\\x19\\xAE\\xC8{\\x13=\\x14\\x1C\\x14S\\xD8\\xD3\\xCF\\xCE\\xA9\\xD8' for key 'job_id'")
2014-12-27 09:13:09,259 - com.numenta.nupic.swarming.HypersearchWorker(6808) - INFO - <BUILDID=N/A, WORKER=HW, WRKID=47, JOBID=1002> Adding model 1206 to our internal DB because modelInsertAndStart() failed to insert it: paramsHash=19aec87b133d141c1453d8d3cfcea9d8, particleHash=30962f991499125456db9b6201838027, particleId='46.20.0'
2014-12-27 09:13:09,265 - com.numenta.nupic.database.ClientJobsDAO.ClientJobsDAO(6808) - INFO - <BUILDID=N/A, WORKER=HW, WRKID=47, JOBID=1002> Model insert attempt failed with DUP_ENTRY: jobID=1002; paramsHash=19aec87b133d141c1453d8d3cfcea9d8 OR particleHash=471e53f092c9ed78050dd5197cec55b7; IntegrityError(1062, u"Duplicate entry '1002-\\x19\\xAE\\xC8{\\x13=\\x14\\x1C\\x14S\\xD8\\xD3\\xCF\\xCE\\xA9\\xD8' for key 'job_id'")
2014-12-27 09:13:09,270 - com.numenta.nupic.swarming.HypersearchWorker(6808) - INFO - <BUILDID=N/A, WORKER=HW, WRKID=47, JOBID=1002> Adding model 1206 to our internal DB because modelInsertAndStart() failed to insert it: paramsHash=19aec87b133d141c1453d8d3cfcea9d8, particleHash=30962f991499125456db9b6201838027, particleId='46.20.0'
2014-12-27 09:13:09,276 - com.numenta.nupic.database.ClientJobsDAO.ClientJobsDAO(6808) - INFO - <BUILDID=N/A, WORKER=HW, WRKID=47, JOBID=1002> Model insert attempt failed with DUP_ENTRY: jobID=1002; paramsHash=19aec87b133d141c1453d8d3cfcea9d8 OR particleHash=379791ff3b21879471a2a01e875b8129; IntegrityError(1062, u"Duplicate entry '1002-\\x19\\xAE\\xC8{\\x13=\\x14\\x1C\\x14S\\xD8\\xD3\\xCF\\xCE\\xA9\\xD8' for key 'job_id'")
2014-12-27 09:13:09,292 - com.numenta.nupic.swarming.HypersearchWorker(6808) - INFO - <BUILDID=N/A, WORKER=HW, WRKID=47, JOBID=1002> Adding model 1206 to our internal DB because modelInsertAndStart() failed to insert it: paramsHash=19aec87b133d141c1453d8d3cfcea9d8, particleHash=30962f991499125456db9b6201838027, particleId='46.20.0'
2014-12-27 09:13:09,297 - com.numenta.nupic.swarming.HypersearchV2.HypersearchV2(6808) - INFO - <BUILDID=N/A, WORKER=HW, WRKID=47, JOBID=1002> Ready to end hyperseach, but not all models have matured yet. Sleeping a bit to wait for all models to mature.
2014-12-27 09:13:12,533 - com.numenta.nupic.swarming.HypersearchV2.HypersearchV2(6808) - ERROR - <BUILDID=N/A, WORKER=HW, WRKID=47, JOBID=1002> Exiting because some worker set the workerCompletionReason to error. WorkerCompletionMsg: E10002: Exiting due to receiving too many models failing from exceptions (6 out of 6). 
Model Exception: Exception occurred while running model 1184: Exception(u'Invalid file format for "/home/pat/workspace/nupic/examples/opf/clients/hotgym/prediction/sandiego/sandiego.csv" - field type ""2011-02-01 01:00:00"" not one of (\'string\', \'datetime\', \'int\', \'float\', \'bool\', \'sdr\') ',) (<type 'exceptions.Exception'>)
Traceback (most recent call last):
  File "/home/pat/workspace/nupic/nupic/swarming/utils.py", line 430, in runModelGivenBaseAndParams
    (completionReason, completionMsg) = runner.run()
  File "/home/pat/workspace/nupic/nupic/swarming/ModelRunner.py", line 237, in run
    maxTimeout=readTimeout)
  File "/home/pat/workspace/nupic/nupic/data/stream_reader.py", line 210, in __init__
    self._openStream(dataUrl, isBlocking, maxTimeout, bookmark, firstRecordIdx)
  File "/home/pat/workspace/nupic/nupic/data/stream_reader.py", line 298, in _openStream
    firstRecord=firstRecordIdx)
  File "/home/pat/workspace/nupic/nupic/data/file_record_stream.py", line 209, in __init__
    'not one of %s ' % (self._filename, t, allowedTypes))
Exception: Invalid file format for "/home/pat/workspace/nupic/examples/opf/clients/hotgym/prediction/sandiego/sandiego.csv" - field type ""2011-02-01 01:00:00"" not one of ('string', 'datetime', 'int', 'float', 'bool', 'sdr') 

2014-12-27 09:13:12,545 - com.numenta.nupic.swarming.HypersearchV2.HypersearchV2(6808) - INFO - <BUILDID=N/A, WORKER=HW, WRKID=47, JOBID=1002> Failed updating the field contributions, another hypersearch worker must have updated it
2014-12-27 09:13:12,545 - com.numenta.nupic.swarming.HypersearchWorker(6808) - INFO - <BUILDID=N/A, WORKER=HW, WRKID=47, JOBID=1002> FINISHED. Evaluated 0 models.
