2015-06-30 09:47:59,305 - com.numenta.nupic.swarming.HypersearchWorker(6031) - INFO - <BUILDID=N/A, WORKER=HS, WRKID=N/A, JOBID=N/A> Launched with command line arguments: ['--jobID=1033']
2015-06-30 09:47:59,305 - com.numenta.nupic.swarming.HypersearchWorker(6031) - INFO - <BUILDID=N/A, WORKER=HS, WRKID=N/A, JOBID=N/A> Connecting to the jobs database
2015-06-30 09:47:59,305 - com.numenta.nupic.database.Connection.ConnectionFactory(6031) - INFO - <BUILDID=N/A, WORKER=HS, WRKID=N/A, JOBID=N/A> Creating db connection policy via provider <bound method type._createDefaultPolicy of <class 'nupic.database.Connection.ConnectionFactory'>>
2015-06-30 09:47:59,323 - com.numenta.nupic.database.Connection.PooledConnectionPolicy(6031) - INFO - <BUILDID=N/A, WORKER=HS, WRKID=N/A, JOBID=N/A> Created PooledConnectionPolicy
2015-06-30 09:47:59,330 - com.numenta.nupic.database.ClientJobsDAO.ClientJobsDAO(6031) - INFO - <BUILDID=N/A, WORKER=HS, WRKID=N/A, JOBID=N/A> clientJobsConnectionID=80
2015-06-30 09:47:59,332 - com.numenta.nupic.swarming.HypersearchWorker(6031) - INFO - <BUILDID=N/A, WORKER=HW, WRKID=80, JOBID=1033> Job info retrieved: {'engModelMilestones': 'None', 'clientInfo': '', 'numFailedWorkers': '0', 'engJobType': 'hypersearch', 'results': 'None', 'jobId': '1033', 'completionMsg': 'None', 'cancel': '0', 'engWorkerState': 'None', 'workerCompletionMsg': 'None', 'jobHash': "\xc3e\x80\xf5\x1fG\x11\xe5\x97X\x08\x00'\x16\xdf\xd4", 'genBaseDescription': 'None', 'completionReason': 'None', 'priority': '0', 'cmdLine': '$HYPERSEARCH', 'params': '{"hsVersion": "v2", "maxModels": null, "persistentJobGUID": "c36...', 'workerCompletionReason': 'success', 'engAllocateNewWorkers': '1', 'lastFailedWorkerErrorMsg': 'None', 'engUntendedDeadWorkers': '0', 'engLastUpdateTime': '2015-06-30 16:47:58', 'status': 'notStarted', 'engStatus': 'None', 'startTime': 'None', 'minimumWorkers': '1', 'endTime': 'None', 'engCjmConnId': 'None', 'genPermutations': 'None', 'client': 'GRP', 'engCleaningStatus': 'notdone', 'clientKey': '', 'maximumWorkers': '4'}
2015-06-30 09:47:59,335 - com.numenta.nupic.swarming.HypersearchV2.HypersearchV2(6031) - INFO - <BUILDID=N/A, WORKER=HW, WRKID=80, JOBID=1033> searchParams: 
{u'description': {u'includedFields': [{u'fieldName': 'timestamp',
                                       u'fieldType': 'datetime'},
                                      {u'fieldName': 'euse',
                                       u'fieldType': 'float',
                                       u'maxValue': '35.0',
                                       u'minValue': '10.0'}],
                  u'inferenceArgs': {u'predictedField': 'euse',
                                     u'predictionSteps': ['4']},
                  u'inferenceType': 'TemporalMultiStep',
                  u'iterationCount': '-1',
                  u'streamDef': {u'info': 'kwh',
                                 u'streams': [{u'columns': ['timestamp',
                                                            'euse'],
                                               u'info': 'energy_only_252',
                                               u'source': 'file:///home/pat/workspace/pecan/house_data/252_data/252_clean_d...'}]},
                  u'swarmSize': 'small'},
 u'hsVersion': 'v2',
 u'maxModels': 'None',
 u'persistentJobGUID': 'c36580f4-1f47-11e5-9758-08002716dfd4',
 u'useTerminators': 'False'}
2015-06-30 09:48:19,125 - com.numenta.nupic.swarming.HypersearchV2.HypersearchV2(6031) - INFO - <BUILDID=N/A, WORKER=HW, WRKID=80, JOBID=1033> Ready to end hyperseach, but not all models have matured yet. Sleeping a bit to wait for all models to mature.
2015-06-30 09:48:22,328 - com.numenta.nupic.swarming.HypersearchV2.HypersearchV2(6031) - INFO - <BUILDID=N/A, WORKER=HW, WRKID=80, JOBID=1033> Ready to end hyperseach, but not all models have matured yet. Sleeping a bit to wait for all models to mature.
2015-06-30 09:48:22,455 - com.numenta.nupic.swarming.HypersearchV2.HypersearchV2(6031) - INFO - <BUILDID=N/A, WORKER=HW, WRKID=80, JOBID=1033> Ready to end hyperseach, but not all models have matured yet. Sleeping a bit to wait for all models to mature.
2015-06-30 09:48:23,835 - com.numenta.nupic.swarming.HypersearchV2.HypersearchV2(6031) - INFO - <BUILDID=N/A, WORKER=HW, WRKID=80, JOBID=1033> Ready to end hyperseach, but not all models have matured yet. Sleeping a bit to wait for all models to mature.
2015-06-30 09:48:24,954 - com.numenta.nupic.swarming.HypersearchV2.HypersearchV2(6031) - INFO - <BUILDID=N/A, WORKER=HW, WRKID=80, JOBID=1033> Ready to end hyperseach, but not all models have matured yet. Sleeping a bit to wait for all models to mature.
2015-06-30 09:48:28,642 - com.numenta.nupic.swarming.HypersearchV2.HypersearchV2(6031) - INFO - <BUILDID=N/A, WORKER=HW, WRKID=80, JOBID=1033> Ready to end hyperseach, but not all models have matured yet. Sleeping a bit to wait for all models to mature.
2015-06-30 09:48:32,032 - com.numenta.nupic.swarming.HypersearchV2.HypersearchV2(6031) - INFO - <BUILDID=N/A, WORKER=HW, WRKID=80, JOBID=1033> Ready to end hyperseach, but not all models have matured yet. Sleeping a bit to wait for all models to mature.
2015-06-30 09:48:36,500 - com.numenta.nupic.swarming.HypersearchV2.HypersearchV2(6031) - INFO - <BUILDID=N/A, WORKER=HW, WRKID=80, JOBID=1033> Ready to end hyperseach, but not all models have matured yet. Sleeping a bit to wait for all models to mature.
2015-06-30 09:48:36,936 - com.numenta.nupic.swarming.HypersearchV2.HypersearchV2(6031) - INFO - <BUILDID=N/A, WORKER=HW, WRKID=80, JOBID=1033> Ready to end hyperseach, but not all models have matured yet. Sleeping a bit to wait for all models to mature.
2015-06-30 09:48:39,050 - com.numenta.nupic.swarming.HypersearchV2.HypersearchV2(6031) - INFO - <BUILDID=N/A, WORKER=HW, WRKID=80, JOBID=1033> Ready to end hyperseach, but not all models have matured yet. Sleeping a bit to wait for all models to mature.
2015-06-30 09:48:39,201 - com.numenta.nupic.swarming.HypersearchV2.HypersearchV2(6031) - INFO - <BUILDID=N/A, WORKER=HW, WRKID=80, JOBID=1033> Ready to end hyperseach, but not all models have matured yet. Sleeping a bit to wait for all models to mature.
2015-06-30 09:48:40,297 - com.numenta.nupic.swarming.HypersearchV2.HypersearchV2(6031) - INFO - <BUILDID=N/A, WORKER=HW, WRKID=80, JOBID=1033> Ready to end hyperseach, but not all models have matured yet. Sleeping a bit to wait for all models to mature.
2015-06-30 09:48:42,829 - com.numenta.nupic.swarming.HypersearchV2.HypersearchV2(6031) - INFO - <BUILDID=N/A, WORKER=HW, WRKID=80, JOBID=1033> Ready to end hyperseach, but not all models have matured yet. Sleeping a bit to wait for all models to mature.
2015-06-30 09:48:42,964 - com.numenta.nupic.swarming.HypersearchV2.HypersearchV2(6031) - INFO - <BUILDID=N/A, WORKER=HW, WRKID=80, JOBID=1033> Ready to end hyperseach, but not all models have matured yet. Sleeping a bit to wait for all models to mature.
2015-06-30 09:48:43,963 - com.numenta.nupic.swarming.HypersearchV2.HypersearchV2(6031) - INFO - <BUILDID=N/A, WORKER=HW, WRKID=80, JOBID=1033> Ready to end hyperseach, but not all models have matured yet. Sleeping a bit to wait for all models to mature.
2015-06-30 09:48:47,218 - com.numenta.nupic.swarming.HypersearchV2.HypersearchV2(6031) - INFO - <BUILDID=N/A, WORKER=HW, WRKID=80, JOBID=1033> Ready to end hyperseach, but not all models have matured yet. Sleeping a bit to wait for all models to mature.
2015-06-30 09:48:49,949 - com.numenta.nupic.swarming.HypersearchV2.HypersearchV2(6031) - INFO - <BUILDID=N/A, WORKER=HW, WRKID=80, JOBID=1033> Ready to end hyperseach, but not all models have matured yet. Sleeping a bit to wait for all models to mature.
2015-06-30 09:48:51,056 - com.numenta.nupic.swarming.HypersearchV2.HypersearchV2(6031) - INFO - <BUILDID=N/A, WORKER=HW, WRKID=80, JOBID=1033> Ready to end hyperseach, but not all models have matured yet. Sleeping a bit to wait for all models to mature.
2015-06-30 09:48:54,007 - com.numenta.nupic.swarming.HypersearchV2.HypersearchV2(6031) - INFO - <BUILDID=N/A, WORKER=HW, WRKID=80, JOBID=1033> Ready to end hyperseach, but not all models have matured yet. Sleeping a bit to wait for all models to mature.
2015-06-30 09:48:58,061 - com.numenta.nupic.swarming.HypersearchV2.HypersearchV2(6031) - INFO - <BUILDID=N/A, WORKER=HW, WRKID=80, JOBID=1033> Ready to end hyperseach, but not all models have matured yet. Sleeping a bit to wait for all models to mature.
2015-06-30 09:48:58,095 - com.numenta.nupic.swarming.HypersearchV2.HypersearchV2(6031) - INFO - <BUILDID=N/A, WORKER=HW, WRKID=80, JOBID=1033> Ready to end hyperseach, but not all models have matured yet. Sleeping a bit to wait for all models to mature.
2015-06-30 09:49:02,132 - com.numenta.nupic.swarming.HypersearchV2.HypersearchV2(6031) - INFO - <BUILDID=N/A, WORKER=HW, WRKID=80, JOBID=1033> Ready to end hyperseach, but not all models have matured yet. Sleeping a bit to wait for all models to mature.
2015-06-30 09:49:05,628 - com.numenta.nupic.swarming.HypersearchV2.HypersearchV2(6031) - INFO - <BUILDID=N/A, WORKER=HW, WRKID=80, JOBID=1033> Ready to end hyperseach, but not all models have matured yet. Sleeping a bit to wait for all models to mature.
2015-06-30 09:49:07,332 - com.numenta.nupic.swarming.HypersearchV2.HypersearchV2(6031) - INFO - <BUILDID=N/A, WORKER=HW, WRKID=80, JOBID=1033> Ready to end hyperseach, but not all models have matured yet. Sleeping a bit to wait for all models to mature.
2015-06-30 09:49:08,113 - com.numenta.nupic.swarming.HypersearchV2.HypersearchV2(6031) - INFO - <BUILDID=N/A, WORKER=HW, WRKID=80, JOBID=1033> Ready to end hyperseach, but not all models have matured yet. Sleeping a bit to wait for all models to mature.
2015-06-30 09:49:12,906 - com.numenta.nupic.swarming.HypersearchV2.HypersearchV2(6031) - INFO - <BUILDID=N/A, WORKER=HW, WRKID=80, JOBID=1033> Ready to end hyperseach, but not all models have matured yet. Sleeping a bit to wait for all models to mature.
2015-06-30 09:49:14,593 - com.numenta.nupic.swarming.HypersearchV2.HypersearchV2(6031) - INFO - <BUILDID=N/A, WORKER=HW, WRKID=80, JOBID=1033> Ready to end hyperseach, but not all models have matured yet. Sleeping a bit to wait for all models to mature.
2015-06-30 09:49:15,059 - com.numenta.nupic.swarming.HypersearchV2.HypersearchV2(6031) - INFO - <BUILDID=N/A, WORKER=HW, WRKID=80, JOBID=1033> Ready to end hyperseach, but not all models have matured yet. Sleeping a bit to wait for all models to mature.
2015-06-30 09:49:15,545 - com.numenta.nupic.swarming.HypersearchV2.HypersearchV2(6031) - INFO - <BUILDID=N/A, WORKER=HW, WRKID=80, JOBID=1033> Ready to end hyperseach, but not all models have matured yet. Sleeping a bit to wait for all models to mature.
2015-06-30 09:49:19,788 - com.numenta.nupic.swarming.HypersearchV2.HypersearchV2(6031) - INFO - <BUILDID=N/A, WORKER=HW, WRKID=80, JOBID=1033> Ready to end hyperseach, but not all models have matured yet. Sleeping a bit to wait for all models to mature.
2015-06-30 09:49:22,812 - com.numenta.nupic.swarming.HypersearchV2.HypersearchV2(6031) - INFO - <BUILDID=N/A, WORKER=HW, WRKID=80, JOBID=1033> Ready to end hyperseach, but not all models have matured yet. Sleeping a bit to wait for all models to mature.
2015-06-30 09:49:26,854 - com.numenta.nupic.swarming.HypersearchV2.HypersearchV2(6031) - INFO - <BUILDID=N/A, WORKER=HW, WRKID=80, JOBID=1033> Ready to end hyperseach, but not all models have matured yet. Sleeping a bit to wait for all models to mature.
2015-06-30 09:49:30,509 - com.numenta.nupic.swarming.HypersearchV2.HypersearchV2(6031) - INFO - <BUILDID=N/A, WORKER=HW, WRKID=80, JOBID=1033> Ready to end hyperseach, but not all models have matured yet. Sleeping a bit to wait for all models to mature.
2015-06-30 09:49:33,196 - com.numenta.nupic.swarming.HypersearchV2.HypersearchV2(6031) - INFO - <BUILDID=N/A, WORKER=HW, WRKID=80, JOBID=1033> Ready to end hyperseach, but not all models have matured yet. Sleeping a bit to wait for all models to mature.
2015-06-30 09:49:38,070 - com.numenta.nupic.swarming.HypersearchV2.HypersearchV2(6031) - INFO - <BUILDID=N/A, WORKER=HW, WRKID=80, JOBID=1033> Ready to end hyperseach, but not all models have matured yet. Sleeping a bit to wait for all models to mature.
2015-06-30 09:49:39,966 - com.numenta.nupic.swarming.HypersearchV2.HypersearchV2(6031) - INFO - <BUILDID=N/A, WORKER=HW, WRKID=80, JOBID=1033> Ready to end hyperseach, but not all models have matured yet. Sleeping a bit to wait for all models to mature.
2015-06-30 09:49:42,732 - com.numenta.nupic.swarming.HypersearchV2.HypersearchV2(6031) - INFO - <BUILDID=N/A, WORKER=HW, WRKID=80, JOBID=1033> Ready to end hyperseach, but not all models have matured yet. Sleeping a bit to wait for all models to mature.
2015-06-30 09:49:46,886 - com.numenta.nupic.swarming.HypersearchV2.HypersearchV2(6031) - INFO - <BUILDID=N/A, WORKER=HW, WRKID=80, JOBID=1033> Ready to end hyperseach, but not all models have matured yet. Sleeping a bit to wait for all models to mature.
2015-06-30 09:49:49,984 - com.numenta.nupic.swarming.HypersearchV2.HypersearchV2(6031) - INFO - <BUILDID=N/A, WORKER=HW, WRKID=80, JOBID=1033> Ready to end hyperseach, but not all models have matured yet. Sleeping a bit to wait for all models to mature.
2015-06-30 09:49:54,300 - com.numenta.nupic.swarming.HypersearchV2.HypersearchV2(6031) - INFO - <BUILDID=N/A, WORKER=HW, WRKID=80, JOBID=1033> Ready to end hyperseach, but not all models have matured yet. Sleeping a bit to wait for all models to mature.
2015-06-30 09:49:57,190 - com.numenta.nupic.swarming.HypersearchV2.HypersearchV2(6031) - INFO - <BUILDID=N/A, WORKER=HW, WRKID=80, JOBID=1033> Ready to end hyperseach, but not all models have matured yet. Sleeping a bit to wait for all models to mature.
2015-06-30 09:50:00,716 - com.numenta.nupic.swarming.HypersearchV2.HypersearchV2(6031) - INFO - <BUILDID=N/A, WORKER=HW, WRKID=80, JOBID=1033> Ready to end hyperseach, but not all models have matured yet. Sleeping a bit to wait for all models to mature.
2015-06-30 09:50:00,947 - com.numenta.nupic.swarming.HypersearchV2.HypersearchV2(6031) - INFO - <BUILDID=N/A, WORKER=HW, WRKID=80, JOBID=1033> Ready to end hyperseach, but not all models have matured yet. Sleeping a bit to wait for all models to mature.
2015-06-30 09:50:02,090 - com.numenta.nupic.swarming.HypersearchV2.HypersearchV2(6031) - INFO - <BUILDID=N/A, WORKER=HW, WRKID=80, JOBID=1033> Ready to end hyperseach, but not all models have matured yet. Sleeping a bit to wait for all models to mature.
2015-06-30 09:50:03,541 - com.numenta.nupic.swarming.HypersearchV2.HypersearchV2(6031) - INFO - <BUILDID=N/A, WORKER=HW, WRKID=80, JOBID=1033> Ready to end hyperseach, but not all models have matured yet. Sleeping a bit to wait for all models to mature.
2015-06-30 09:50:03,942 - com.numenta.nupic.swarming.HypersearchV2.HypersearchV2(6031) - INFO - <BUILDID=N/A, WORKER=HW, WRKID=80, JOBID=1033> Ready to end hyperseach, but not all models have matured yet. Sleeping a bit to wait for all models to mature.
2015-06-30 09:50:05,110 - com.numenta.nupic.swarming.HypersearchV2.HypersearchV2(6031) - INFO - <BUILDID=N/A, WORKER=HW, WRKID=80, JOBID=1033> Ready to end hyperseach, but not all models have matured yet. Sleeping a bit to wait for all models to mature.
2015-06-30 09:50:05,617 - com.numenta.nupic.swarming.HypersearchV2.HypersearchV2(6031) - INFO - <BUILDID=N/A, WORKER=HW, WRKID=80, JOBID=1033> Ready to end hyperseach, but not all models have matured yet. Sleeping a bit to wait for all models to mature.
2015-06-30 09:50:07,010 - com.numenta.nupic.swarming.HypersearchV2.HypersearchV2(6031) - INFO - <BUILDID=N/A, WORKER=HW, WRKID=80, JOBID=1033> Ready to end hyperseach, but not all models have matured yet. Sleeping a bit to wait for all models to mature.
2015-06-30 09:50:10,192 - com.numenta.nupic.swarming.HypersearchV2.HypersearchV2(6031) - INFO - <BUILDID=N/A, WORKER=HW, WRKID=80, JOBID=1033> Ready to end hyperseach, but not all models have matured yet. Sleeping a bit to wait for all models to mature.
2015-06-30 09:50:12,022 - com.numenta.nupic.swarming.HypersearchV2.HypersearchV2(6031) - INFO - <BUILDID=N/A, WORKER=HW, WRKID=80, JOBID=1033> Ready to end hyperseach, but not all models have matured yet. Sleeping a bit to wait for all models to mature.
2015-06-30 09:50:13,877 - com.numenta.nupic.swarming.HypersearchV2.HypersearchV2(6031) - INFO - <BUILDID=N/A, WORKER=HW, WRKID=80, JOBID=1033> Ready to end hyperseach, but not all models have matured yet. Sleeping a bit to wait for all models to mature.
2015-06-30 09:50:14,928 - com.numenta.nupic.swarming.HypersearchV2.HypersearchV2(6031) - INFO - <BUILDID=N/A, WORKER=HW, WRKID=80, JOBID=1033> Ready to end hyperseach, but not all models have matured yet. Sleeping a bit to wait for all models to mature.
2015-06-30 09:50:16,266 - com.numenta.nupic.swarming.HypersearchV2.HypersearchV2(6031) - INFO - <BUILDID=N/A, WORKER=HW, WRKID=80, JOBID=1033> Ready to end hyperseach, but not all models have matured yet. Sleeping a bit to wait for all models to mature.
2015-06-30 09:50:20,956 - com.numenta.nupic.swarming.HypersearchV2.HypersearchV2(6031) - INFO - <BUILDID=N/A, WORKER=HW, WRKID=80, JOBID=1033> Ready to end hyperseach, but not all models have matured yet. Sleeping a bit to wait for all models to mature.
2015-06-30 09:50:24,202 - com.numenta.nupic.swarming.HypersearchV2.HypersearchV2(6031) - INFO - <BUILDID=N/A, WORKER=HW, WRKID=80, JOBID=1033> Ready to end hyperseach, but not all models have matured yet. Sleeping a bit to wait for all models to mature.
2015-06-30 09:50:27,253 - com.numenta.nupic.swarming.HypersearchV2.HypersearchV2(6031) - INFO - <BUILDID=N/A, WORKER=HW, WRKID=80, JOBID=1033> Ready to end hyperseach, but not all models have matured yet. Sleeping a bit to wait for all models to mature.
2015-06-30 09:50:28,112 - com.numenta.nupic.swarming.HypersearchV2.HypersearchV2(6031) - INFO - <BUILDID=N/A, WORKER=HW, WRKID=80, JOBID=1033> Ready to end hyperseach, but not all models have matured yet. Sleeping a bit to wait for all models to mature.
2015-06-30 09:50:31,766 - com.numenta.nupic.swarming.HypersearchV2.HypersearchV2(6031) - INFO - <BUILDID=N/A, WORKER=HW, WRKID=80, JOBID=1033> Ready to end hyperseach, but not all models have matured yet. Sleeping a bit to wait for all models to mature.
2015-06-30 09:50:32,585 - com.numenta.nupic.swarming.HypersearchV2.HypersearchV2(6031) - INFO - <BUILDID=N/A, WORKER=HW, WRKID=80, JOBID=1033> Ready to end hyperseach, but not all models have matured yet. Sleeping a bit to wait for all models to mature.
2015-06-30 09:50:34,488 - com.numenta.nupic.swarming.HypersearchV2.HypersearchV2(6031) - INFO - <BUILDID=N/A, WORKER=HW, WRKID=80, JOBID=1033> Ready to end hyperseach, but not all models have matured yet. Sleeping a bit to wait for all models to mature.
2015-06-30 09:50:39,444 - com.numenta.nupic.swarming.HypersearchV2.HypersearchV2(6031) - INFO - <BUILDID=N/A, WORKER=HW, WRKID=80, JOBID=1033> Ready to end hyperseach, but not all models have matured yet. Sleeping a bit to wait for all models to mature.
2015-06-30 09:50:42,650 - com.numenta.nupic.swarming.HypersearchV2.HypersearchV2(6031) - INFO - <BUILDID=N/A, WORKER=HW, WRKID=80, JOBID=1033> Ready to end hyperseach, but not all models have matured yet. Sleeping a bit to wait for all models to mature.
2015-06-30 09:50:45,440 - com.numenta.nupic.swarming.HypersearchV2.HypersearchV2(6031) - INFO - <BUILDID=N/A, WORKER=HW, WRKID=80, JOBID=1033> Ready to end hyperseach, but not all models have matured yet. Sleeping a bit to wait for all models to mature.
2015-06-30 09:50:48,869 - com.numenta.nupic.swarming.HypersearchV2.HypersearchV2(6031) - INFO - <BUILDID=N/A, WORKER=HW, WRKID=80, JOBID=1033> Ready to end hyperseach, but not all models have matured yet. Sleeping a bit to wait for all models to mature.
2015-06-30 09:50:53,098 - com.numenta.nupic.swarming.HypersearchV2.HypersearchV2(6031) - INFO - <BUILDID=N/A, WORKER=HW, WRKID=80, JOBID=1033> Ready to end hyperseach, but not all models have matured yet. Sleeping a bit to wait for all models to mature.
2015-06-30 09:50:56,986 - com.numenta.nupic.swarming.HypersearchV2.HypersearchV2(6031) - INFO - <BUILDID=N/A, WORKER=HW, WRKID=80, JOBID=1033> Ready to end hyperseach, but not all models have matured yet. Sleeping a bit to wait for all models to mature.
2015-06-30 09:50:58,135 - com.numenta.nupic.swarming.HypersearchV2.HypersearchV2(6031) - INFO - <BUILDID=N/A, WORKER=HW, WRKID=80, JOBID=1033> Ready to end hyperseach, but not all models have matured yet. Sleeping a bit to wait for all models to mature.
2015-06-30 09:50:58,297 - com.numenta.nupic.swarming.HypersearchV2.HypersearchV2(6031) - INFO - <BUILDID=N/A, WORKER=HW, WRKID=80, JOBID=1033> Ready to end hyperseach, but not all models have matured yet. Sleeping a bit to wait for all models to mature.
2015-06-30 09:50:59,879 - com.numenta.nupic.swarming.HypersearchV2.HypersearchV2(6031) - INFO - <BUILDID=N/A, WORKER=HW, WRKID=80, JOBID=1033> Ready to end hyperseach, but not all models have matured yet. Sleeping a bit to wait for all models to mature.
2015-06-30 09:51:01,223 - com.numenta.nupic.swarming.HypersearchV2.HypersearchV2(6031) - INFO - <BUILDID=N/A, WORKER=HW, WRKID=80, JOBID=1033> Ready to end hyperseach, but not all models have matured yet. Sleeping a bit to wait for all models to mature.
2015-06-30 09:51:02,282 - com.numenta.nupic.swarming.HypersearchV2.HypersearchV2(6031) - INFO - <BUILDID=N/A, WORKER=HW, WRKID=80, JOBID=1033> Ready to end hyperseach, but not all models have matured yet. Sleeping a bit to wait for all models to mature.
2015-06-30 09:51:07,004 - com.numenta.nupic.swarming.HypersearchV2.HypersearchV2(6031) - INFO - <BUILDID=N/A, WORKER=HW, WRKID=80, JOBID=1033> Ready to end hyperseach, but not all models have matured yet. Sleeping a bit to wait for all models to mature.
2015-06-30 09:51:11,393 - com.numenta.nupic.swarming.HypersearchV2.HypersearchV2(6031) - INFO - <BUILDID=N/A, WORKER=HW, WRKID=80, JOBID=1033> Ready to end hyperseach, but not all models have matured yet. Sleeping a bit to wait for all models to mature.
2015-06-30 09:51:12,979 - com.numenta.nupic.swarming.HypersearchV2.HypersearchV2(6031) - INFO - <BUILDID=N/A, WORKER=HW, WRKID=80, JOBID=1033> Ready to end hyperseach, but not all models have matured yet. Sleeping a bit to wait for all models to mature.
2015-06-30 09:51:16,262 - com.numenta.nupic.swarming.HypersearchV2.HypersearchV2(6031) - INFO - <BUILDID=N/A, WORKER=HW, WRKID=80, JOBID=1033> Ready to end hyperseach, but not all models have matured yet. Sleeping a bit to wait for all models to mature.
2015-06-30 09:51:18,246 - com.numenta.nupic.swarming.HypersearchV2.HypersearchV2(6031) - INFO - <BUILDID=N/A, WORKER=HW, WRKID=80, JOBID=1033> Ready to end hyperseach, but not all models have matured yet. Sleeping a bit to wait for all models to mature.
2015-06-30 09:51:22,826 - com.numenta.nupic.swarming.HypersearchV2.HypersearchV2(6031) - INFO - <BUILDID=N/A, WORKER=HW, WRKID=80, JOBID=1033> Ready to end hyperseach, but not all models have matured yet. Sleeping a bit to wait for all models to mature.
2015-06-30 09:51:25,125 - com.numenta.nupic.swarming.HypersearchV2.HypersearchV2(6031) - INFO - <BUILDID=N/A, WORKER=HW, WRKID=80, JOBID=1033> Ready to end hyperseach, but not all models have matured yet. Sleeping a bit to wait for all models to mature.
2015-06-30 09:51:26,452 - com.numenta.nupic.swarming.HypersearchV2.HypersearchV2(6031) - INFO - <BUILDID=N/A, WORKER=HW, WRKID=80, JOBID=1033> Ready to end hyperseach, but not all models have matured yet. Sleeping a bit to wait for all models to mature.
2015-06-30 09:51:27,689 - com.numenta.nupic.swarming.HypersearchV2.HypersearchV2(6031) - INFO - <BUILDID=N/A, WORKER=HW, WRKID=80, JOBID=1033> Ready to end hyperseach, but not all models have matured yet. Sleeping a bit to wait for all models to mature.
2015-06-30 09:51:30,501 - com.numenta.nupic.swarming.HypersearchV2.HypersearchV2(6031) - INFO - <BUILDID=N/A, WORKER=HW, WRKID=80, JOBID=1033> Ready to end hyperseach, but not all models have matured yet. Sleeping a bit to wait for all models to mature.
2015-06-30 09:51:31,820 - com.numenta.nupic.swarming.HypersearchV2.HypersearchV2(6031) - INFO - <BUILDID=N/A, WORKER=HW, WRKID=80, JOBID=1033> Ready to end hyperseach, but not all models have matured yet. Sleeping a bit to wait for all models to mature.
2015-06-30 09:51:34,749 - com.numenta.nupic.swarming.HypersearchV2.HypersearchV2(6031) - INFO - <BUILDID=N/A, WORKER=HW, WRKID=80, JOBID=1033> Ready to end hyperseach, but not all models have matured yet. Sleeping a bit to wait for all models to mature.
2015-06-30 09:51:39,245 - com.numenta.nupic.swarming.HypersearchV2.HypersearchV2(6031) - INFO - <BUILDID=N/A, WORKER=HW, WRKID=80, JOBID=1033> Ready to end hyperseach, but not all models have matured yet. Sleeping a bit to wait for all models to mature.
2015-06-30 09:51:41,247 - com.numenta.nupic.swarming.HypersearchV2.HypersearchV2(6031) - INFO - <BUILDID=N/A, WORKER=HW, WRKID=80, JOBID=1033> Ready to end hyperseach, but not all models have matured yet. Sleeping a bit to wait for all models to mature.
2015-06-30 09:51:42,348 - com.numenta.nupic.swarming.HypersearchV2.HypersearchV2(6031) - INFO - <BUILDID=N/A, WORKER=HW, WRKID=80, JOBID=1033> Ready to end hyperseach, but not all models have matured yet. Sleeping a bit to wait for all models to mature.
2015-06-30 09:51:47,345 - com.numenta.nupic.swarming.HypersearchV2.HypersearchV2(6031) - INFO - <BUILDID=N/A, WORKER=HW, WRKID=80, JOBID=1033> Ready to end hyperseach, but not all models have matured yet. Sleeping a bit to wait for all models to mature.
2015-06-30 09:51:49,901 - com.numenta.nupic.swarming.HypersearchV2.HypersearchV2(6031) - INFO - <BUILDID=N/A, WORKER=HW, WRKID=80, JOBID=1033> Ready to end hyperseach, but not all models have matured yet. Sleeping a bit to wait for all models to mature.
2015-06-30 09:51:50,358 - com.numenta.nupic.swarming.HypersearchV2.HypersearchV2(6031) - INFO - <BUILDID=N/A, WORKER=HW, WRKID=80, JOBID=1033> Ready to end hyperseach, but not all models have matured yet. Sleeping a bit to wait for all models to mature.
2015-06-30 09:51:50,595 - com.numenta.nupic.swarming.HypersearchV2.HypersearchV2(6031) - INFO - <BUILDID=N/A, WORKER=HW, WRKID=80, JOBID=1033> Ready to end hyperseach, but not all models have matured yet. Sleeping a bit to wait for all models to mature.
2015-06-30 09:51:51,145 - com.numenta.nupic.swarming.HypersearchV2.HypersearchV2(6031) - INFO - <BUILDID=N/A, WORKER=HW, WRKID=80, JOBID=1033> Ready to end hyperseach, but not all models have matured yet. Sleeping a bit to wait for all models to mature.
2015-06-30 09:51:54,288 - com.numenta.nupic.swarming.HypersearchV2.HypersearchV2(6031) - INFO - <BUILDID=N/A, WORKER=HW, WRKID=80, JOBID=1033> Ready to end hyperseach, but not all models have matured yet. Sleeping a bit to wait for all models to mature.
2015-06-30 09:51:58,254 - com.numenta.nupic.swarming.HypersearchV2.HypersearchV2(6031) - INFO - <BUILDID=N/A, WORKER=HW, WRKID=80, JOBID=1033> Ready to end hyperseach, but not all models have matured yet. Sleeping a bit to wait for all models to mature.
2015-06-30 09:52:00,370 - com.numenta.nupic.swarming.HypersearchV2.HypersearchV2(6031) - INFO - <BUILDID=N/A, WORKER=HW, WRKID=80, JOBID=1033> Ready to end hyperseach, but not all models have matured yet. Sleeping a bit to wait for all models to mature.
2015-06-30 09:52:00,689 - com.numenta.nupic.swarming.HypersearchV2.HypersearchV2(6031) - INFO - <BUILDID=N/A, WORKER=HW, WRKID=80, JOBID=1033> Ready to end hyperseach, but not all models have matured yet. Sleeping a bit to wait for all models to mature.
2015-06-30 09:52:02,602 - com.numenta.nupic.swarming.HypersearchV2.HypersearchV2(6031) - INFO - <BUILDID=N/A, WORKER=HW, WRKID=80, JOBID=1033> Ready to end hyperseach, but not all models have matured yet. Sleeping a bit to wait for all models to mature.
2015-06-30 09:52:07,591 - com.numenta.nupic.swarming.HypersearchV2.HypersearchV2(6031) - INFO - <BUILDID=N/A, WORKER=HW, WRKID=80, JOBID=1033> Ready to end hyperseach, but not all models have matured yet. Sleeping a bit to wait for all models to mature.
2015-06-30 09:52:10,244 - com.numenta.nupic.swarming.HypersearchV2.HypersearchV2(6031) - INFO - <BUILDID=N/A, WORKER=HW, WRKID=80, JOBID=1033> Ready to end hyperseach, but not all models have matured yet. Sleeping a bit to wait for all models to mature.
2015-06-30 09:52:15,103 - com.numenta.nupic.swarming.HypersearchV2.HypersearchV2(6031) - INFO - <BUILDID=N/A, WORKER=HW, WRKID=80, JOBID=1033> Ready to end hyperseach, but not all models have matured yet. Sleeping a bit to wait for all models to mature.
2015-06-30 09:52:19,414 - com.numenta.nupic.swarming.HypersearchV2.HypersearchV2(6031) - INFO - <BUILDID=N/A, WORKER=HW, WRKID=80, JOBID=1033> Ready to end hyperseach, but not all models have matured yet. Sleeping a bit to wait for all models to mature.
2015-06-30 09:52:19,473 - com.numenta.nupic.swarming.HypersearchV2.HypersearchV2(6031) - INFO - <BUILDID=N/A, WORKER=HW, WRKID=80, JOBID=1033> Ready to end hyperseach, but not all models have matured yet. Sleeping a bit to wait for all models to mature.
2015-06-30 09:52:23,083 - com.numenta.nupic.swarming.HypersearchV2.HypersearchV2(6031) - INFO - <BUILDID=N/A, WORKER=HW, WRKID=80, JOBID=1033> Ready to end hyperseach, but not all models have matured yet. Sleeping a bit to wait for all models to mature.
2015-06-30 09:52:26,498 - com.numenta.nupic.swarming.HypersearchV2.HypersearchV2(6031) - INFO - <BUILDID=N/A, WORKER=HW, WRKID=80, JOBID=1033> Ready to end hyperseach, but not all models have matured yet. Sleeping a bit to wait for all models to mature.
2015-06-30 09:52:29,193 - com.numenta.nupic.swarming.HypersearchV2.HypersearchV2(6031) - INFO - <BUILDID=N/A, WORKER=HW, WRKID=80, JOBID=1033> Ready to end hyperseach, but not all models have matured yet. Sleeping a bit to wait for all models to mature.
2015-06-30 09:52:30,530 - com.numenta.nupic.swarming.HypersearchV2.HypersearchV2(6031) - INFO - <BUILDID=N/A, WORKER=HW, WRKID=80, JOBID=1033> Ready to end hyperseach, but not all models have matured yet. Sleeping a bit to wait for all models to mature.
2015-06-30 09:52:33,741 - com.numenta.nupic.swarming.HypersearchV2.HypersearchV2(6031) - INFO - <BUILDID=N/A, WORKER=HW, WRKID=80, JOBID=1033> Ready to end hyperseach, but not all models have matured yet. Sleeping a bit to wait for all models to mature.
2015-06-30 09:52:34,301 - com.numenta.nupic.swarming.HypersearchV2.HypersearchV2(6031) - INFO - <BUILDID=N/A, WORKER=HW, WRKID=80, JOBID=1033> Ready to end hyperseach, but not all models have matured yet. Sleeping a bit to wait for all models to mature.
2015-06-30 09:52:36,479 - com.numenta.nupic.swarming.HypersearchV2.HypersearchV2(6031) - INFO - <BUILDID=N/A, WORKER=HW, WRKID=80, JOBID=1033> Ready to end hyperseach, but not all models have matured yet. Sleeping a bit to wait for all models to mature.
2015-06-30 09:52:38,753 - com.numenta.nupic.swarming.HypersearchV2.HypersearchV2(6031) - INFO - <BUILDID=N/A, WORKER=HW, WRKID=80, JOBID=1033> Ready to end hyperseach, but not all models have matured yet. Sleeping a bit to wait for all models to mature.
2015-06-30 09:52:43,525 - com.numenta.nupic.swarming.HypersearchV2.HypersearchV2(6031) - INFO - <BUILDID=N/A, WORKER=HW, WRKID=80, JOBID=1033> Ready to end hyperseach, but not all models have matured yet. Sleeping a bit to wait for all models to mature.
2015-06-30 09:52:47,912 - com.numenta.nupic.swarming.HypersearchV2.HypersearchV2(6031) - INFO - <BUILDID=N/A, WORKER=HW, WRKID=80, JOBID=1033> Ready to end hyperseach, but not all models have matured yet. Sleeping a bit to wait for all models to mature.
2015-06-30 09:52:49,232 - com.numenta.nupic.swarming.HypersearchV2.HypersearchV2(6031) - INFO - <BUILDID=N/A, WORKER=HW, WRKID=80, JOBID=1033> Ready to end hyperseach, but not all models have matured yet. Sleeping a bit to wait for all models to mature.
2015-06-30 09:52:51,739 - com.numenta.nupic.swarming.HypersearchV2.HypersearchV2(6031) - INFO - <BUILDID=N/A, WORKER=HW, WRKID=80, JOBID=1033> Ready to end hyperseach, but not all models have matured yet. Sleeping a bit to wait for all models to mature.
2015-06-30 09:52:52,636 - com.numenta.nupic.swarming.HypersearchV2.HypersearchV2(6031) - INFO - <BUILDID=N/A, WORKER=HW, WRKID=80, JOBID=1033> Ready to end hyperseach, but not all models have matured yet. Sleeping a bit to wait for all models to mature.
2015-06-30 09:52:57,207 - com.numenta.nupic.swarming.HypersearchV2.HypersearchV2(6031) - INFO - <BUILDID=N/A, WORKER=HW, WRKID=80, JOBID=1033> Ready to end hyperseach, but not all models have matured yet. Sleeping a bit to wait for all models to mature.
2015-06-30 09:53:01,566 - com.numenta.nupic.swarming.HypersearchV2.HypersearchV2(6031) - INFO - <BUILDID=N/A, WORKER=HW, WRKID=80, JOBID=1033> Ready to end hyperseach, but not all models have matured yet. Sleeping a bit to wait for all models to mature.
2015-06-30 09:53:03,062 - com.numenta.nupic.swarming.HypersearchV2.HypersearchV2(6031) - INFO - <BUILDID=N/A, WORKER=HW, WRKID=80, JOBID=1033> Ready to end hyperseach, but not all models have matured yet. Sleeping a bit to wait for all models to mature.
2015-06-30 09:53:06,263 - com.numenta.nupic.swarming.HypersearchV2.HypersearchV2(6031) - INFO - <BUILDID=N/A, WORKER=HW, WRKID=80, JOBID=1033> Ready to end hyperseach, but not all models have matured yet. Sleeping a bit to wait for all models to mature.
2015-06-30 09:53:09,313 - com.numenta.nupic.swarming.HypersearchV2.HypersearchV2(6031) - INFO - <BUILDID=N/A, WORKER=HW, WRKID=80, JOBID=1033> Ready to end hyperseach, but not all models have matured yet. Sleeping a bit to wait for all models to mature.
2015-06-30 09:53:10,081 - com.numenta.nupic.swarming.HypersearchV2.HypersearchV2(6031) - INFO - <BUILDID=N/A, WORKER=HW, WRKID=80, JOBID=1033> Ready to end hyperseach, but not all models have matured yet. Sleeping a bit to wait for all models to mature.
2015-06-30 09:53:13,896 - com.numenta.nupic.swarming.HypersearchV2.HypersearchV2(6031) - INFO - <BUILDID=N/A, WORKER=HW, WRKID=80, JOBID=1033> Ready to end hyperseach, but not all models have matured yet. Sleeping a bit to wait for all models to mature.
2015-06-30 09:53:16,598 - com.numenta.nupic.swarming.HypersearchV2.HypersearchV2(6031) - INFO - <BUILDID=N/A, WORKER=HW, WRKID=80, JOBID=1033> Ready to end hyperseach, but not all models have matured yet. Sleeping a bit to wait for all models to mature.
2015-06-30 09:53:20,496 - com.numenta.nupic.swarming.HypersearchV2.HypersearchV2(6031) - INFO - <BUILDID=N/A, WORKER=HW, WRKID=80, JOBID=1033> Ready to end hyperseach, but not all models have matured yet. Sleeping a bit to wait for all models to mature.
2015-06-30 09:53:23,153 - com.numenta.nupic.swarming.HypersearchV2.HypersearchV2(6031) - INFO - <BUILDID=N/A, WORKER=HW, WRKID=80, JOBID=1033> Ready to end hyperseach, but not all models have matured yet. Sleeping a bit to wait for all models to mature.
2015-06-30 09:53:23,158 - com.numenta.nupic.swarming.HypersearchV2.HypersearchV2(6031) - INFO - <BUILDID=N/A, WORKER=HW, WRKID=80, JOBID=1033> Ready to end hyperseach, but not all models have matured yet. Sleeping a bit to wait for all models to mature.
2015-06-30 09:53:24,784 - com.numenta.nupic.swarming.HypersearchV2.HypersearchV2(6031) - INFO - <BUILDID=N/A, WORKER=HW, WRKID=80, JOBID=1033> Ready to end hyperseach, but not all models have matured yet. Sleeping a bit to wait for all models to mature.
2015-06-30 09:53:24,883 - com.numenta.nupic.swarming.HypersearchV2.HypersearchV2(6031) - INFO - <BUILDID=N/A, WORKER=HW, WRKID=80, JOBID=1033> Ready to end hyperseach, but not all models have matured yet. Sleeping a bit to wait for all models to mature.
2015-06-30 09:53:29,536 - com.numenta.nupic.swarming.HypersearchV2.HypersearchV2(6031) - INFO - <BUILDID=N/A, WORKER=HW, WRKID=80, JOBID=1033> Ready to end hyperseach, but not all models have matured yet. Sleeping a bit to wait for all models to mature.
2015-06-30 09:53:33,936 - com.numenta.nupic.swarming.HypersearchV2.HypersearchV2(6031) - INFO - <BUILDID=N/A, WORKER=HW, WRKID=80, JOBID=1033> Ready to end hyperseach, but not all models have matured yet. Sleeping a bit to wait for all models to mature.
2015-06-30 09:53:38,101 - com.numenta.nupic.swarming.HypersearchV2.HypersearchV2(6031) - INFO - <BUILDID=N/A, WORKER=HW, WRKID=80, JOBID=1033> Ready to end hyperseach, but not all models have matured yet. Sleeping a bit to wait for all models to mature.
2015-06-30 09:53:39,644 - com.numenta.nupic.swarming.HypersearchV2.HypersearchV2(6031) - INFO - <BUILDID=N/A, WORKER=HW, WRKID=80, JOBID=1033> Ready to end hyperseach, but not all models have matured yet. Sleeping a bit to wait for all models to mature.
2015-06-30 09:53:39,935 - com.numenta.nupic.swarming.HypersearchV2.HypersearchV2(6031) - INFO - <BUILDID=N/A, WORKER=HW, WRKID=80, JOBID=1033> Ready to end hyperseach, but not all models have matured yet. Sleeping a bit to wait for all models to mature.
2015-06-30 09:53:44,332 - com.numenta.nupic.swarming.HypersearchV2.HypersearchV2(6031) - INFO - <BUILDID=N/A, WORKER=HW, WRKID=80, JOBID=1033> Ready to end hyperseach, but not all models have matured yet. Sleeping a bit to wait for all models to mature.
2015-06-30 09:53:49,105 - com.numenta.nupic.swarming.HypersearchV2.HypersearchV2(6031) - INFO - <BUILDID=N/A, WORKER=HW, WRKID=80, JOBID=1033> Ready to end hyperseach, but not all models have matured yet. Sleeping a bit to wait for all models to mature.
2015-06-30 09:53:49,537 - com.numenta.nupic.swarming.HypersearchV2.HypersearchV2(6031) - INFO - <BUILDID=N/A, WORKER=HW, WRKID=80, JOBID=1033> Ready to end hyperseach, but not all models have matured yet. Sleeping a bit to wait for all models to mature.
2015-06-30 09:53:51,972 - com.numenta.nupic.swarming.HypersearchV2.HypersearchV2(6031) - INFO - <BUILDID=N/A, WORKER=HW, WRKID=80, JOBID=1033> Ready to end hyperseach, but not all models have matured yet. Sleeping a bit to wait for all models to mature.
2015-06-30 09:53:52,321 - com.numenta.nupic.swarming.HypersearchV2.HypersearchV2(6031) - INFO - <BUILDID=N/A, WORKER=HW, WRKID=80, JOBID=1033> Ready to end hyperseach, but not all models have matured yet. Sleeping a bit to wait for all models to mature.
2015-06-30 09:53:56,128 - com.numenta.nupic.swarming.HypersearchV2.HypersearchV2(6031) - INFO - <BUILDID=N/A, WORKER=HW, WRKID=80, JOBID=1033> Ready to end hyperseach, but not all models have matured yet. Sleeping a bit to wait for all models to mature.
2015-06-30 09:53:59,963 - com.numenta.nupic.swarming.HypersearchV2.HypersearchV2(6031) - INFO - <BUILDID=N/A, WORKER=HW, WRKID=80, JOBID=1033> Ready to end hyperseach, but not all models have matured yet. Sleeping a bit to wait for all models to mature.
2015-06-30 09:54:00,607 - com.numenta.nupic.swarming.HypersearchV2.HypersearchV2(6031) - INFO - <BUILDID=N/A, WORKER=HW, WRKID=80, JOBID=1033> Ready to end hyperseach, but not all models have matured yet. Sleeping a bit to wait for all models to mature.
2015-06-30 09:54:02,989 - com.numenta.nupic.swarming.HypersearchV2.HypersearchV2(6031) - INFO - <BUILDID=N/A, WORKER=HW, WRKID=80, JOBID=1033> Ready to end hyperseach, but not all models have matured yet. Sleeping a bit to wait for all models to mature.
2015-06-30 09:54:05,743 - com.numenta.nupic.swarming.HypersearchV2.HypersearchV2(6031) - INFO - <BUILDID=N/A, WORKER=HW, WRKID=80, JOBID=1033> Ready to end hyperseach, but not all models have matured yet. Sleeping a bit to wait for all models to mature.
2015-06-30 09:54:07,073 - com.numenta.nupic.swarming.HypersearchV2.HypersearchV2(6031) - INFO - <BUILDID=N/A, WORKER=HW, WRKID=80, JOBID=1033> Ready to end hyperseach, but not all models have matured yet. Sleeping a bit to wait for all models to mature.
2015-06-30 09:54:11,442 - com.numenta.nupic.swarming.HypersearchV2.HypersearchV2(6031) - INFO - <BUILDID=N/A, WORKER=HW, WRKID=80, JOBID=1033> Ready to end hyperseach, but not all models have matured yet. Sleeping a bit to wait for all models to mature.
2015-06-30 09:54:13,563 - com.numenta.nupic.swarming.HypersearchV2.HypersearchV2(6031) - INFO - <BUILDID=N/A, WORKER=HW, WRKID=80, JOBID=1033> New best model after 1 evaluations: errScore 41.1173 on model 3349
2015-06-30 09:54:13,568 - com.numenta.nupic.swarming.HypersearchWorker(6031) - INFO - <BUILDID=N/A, WORKER=HW, WRKID=80, JOBID=1033> FINISHED. Evaluated 0 models.
