2014-12-27 11:17:24,197 - com.numenta.nupic.swarming.HypersearchWorker(7477) - INFO - <BUILDID=N/A, WORKER=HS, WRKID=N/A, JOBID=N/A> Launched with command line arguments: ['--jobID=1016']
2014-12-27 11:17:24,197 - com.numenta.nupic.swarming.HypersearchWorker(7477) - INFO - <BUILDID=N/A, WORKER=HS, WRKID=N/A, JOBID=N/A> Connecting to the jobs database
2014-12-27 11:17:24,197 - com.numenta.nupic.database.Connection.ConnectionFactory(7477) - INFO - <BUILDID=N/A, WORKER=HS, WRKID=N/A, JOBID=N/A> Creating db connection policy via provider <bound method type._createDefaultPolicy of <class 'nupic.database.Connection.ConnectionFactory'>>
2014-12-27 11:17:24,221 - com.numenta.nupic.database.Connection.PooledConnectionPolicy(7477) - INFO - <BUILDID=N/A, WORKER=HS, WRKID=N/A, JOBID=N/A> Created PooledConnectionPolicy
2014-12-27 11:17:24,240 - com.numenta.nupic.database.ClientJobsDAO.ClientJobsDAO(7477) - INFO - <BUILDID=N/A, WORKER=HS, WRKID=N/A, JOBID=N/A> clientJobsConnectionID=115
2014-12-27 11:17:24,242 - com.numenta.nupic.swarming.HypersearchWorker(7477) - INFO - <BUILDID=N/A, WORKER=HW, WRKID=115, JOBID=1016> Job info retrieved: {'engModelMilestones': 'None', 'clientInfo': '', 'numFailedWorkers': '0', 'engJobType': 'hypersearch', 'results': 'None', 'jobId': '1016', 'completionMsg': 'None', 'cancel': '0', 'engWorkerState': 'None', 'workerCompletionMsg': 'None', 'jobHash': "\xfc\x9f\xbf\x7f\x8d\xfc\x11\xe4\x9c\x1f\x08\x00'\x16\xdf\xd4", 'genBaseDescription': 'None', 'completionReason': 'None', 'priority': '0', 'cmdLine': '$HYPERSEARCH', 'params': '{"hsVersion": "v2", "maxModels": null, "persistentJobGUID": "fc9...', 'workerCompletionReason': 'success', 'engAllocateNewWorkers': '1', 'lastFailedWorkerErrorMsg': 'None', 'engUntendedDeadWorkers': '0', 'engLastUpdateTime': '2014-12-27 19:17:23', 'status': 'notStarted', 'engStatus': 'None', 'startTime': 'None', 'minimumWorkers': '1', 'endTime': 'None', 'engCjmConnId': 'None', 'genPermutations': 'None', 'client': 'GRP', 'engCleaningStatus': 'notdone', 'clientKey': '', 'maximumWorkers': '4'}
2014-12-27 11:17:24,244 - com.numenta.nupic.swarming.HypersearchV2.HypersearchV2(7477) - INFO - <BUILDID=N/A, WORKER=HW, WRKID=115, JOBID=1016> searchParams: 
{u'description': {u'includedFields': [{u'fieldName': 'timestamp',
                                       u'fieldType': 'datetime'},
                                      {u'fieldName': 'kw_energy_consumption',
                                       u'fieldType': 'float',
                                       u'maxValue': '5.18',
                                       u'minValue': '0.0'}],
                  u'inferenceArgs': {u'predictedField': 'kw_energy_consumption',
                                     u'predictionSteps': ['1']},
                  u'inferenceType': 'TemporalMultiStep',
                  u'iterationCount': '-1',
                  u'streamDef': {u'info': 'kw_energy_consumption',
                                 u'streams': [{u'columns': ['*'],
                                               u'info': 'San Diego',
                                               u'source': 'file://sandiego.csv'}],
                                 u'version': '1'},
                  u'swarmSize': 'small'},
 u'hsVersion': 'v2',
 u'maxModels': 'None',
 u'persistentJobGUID': 'fc9fbf7e-8dfc-11e4-9c1f-08002716dfd4',
 u'useTerminators': 'False'}
2014-12-27 11:17:24,418 - com.numenta.nupic.swarming.HypersearchV2.HypersearchV2(7477) - INFO - <BUILDID=N/A, WORKER=HW, WRKID=115, JOBID=1016> Active swarms changed to [u'modelParams|sensorParams|encoders|kw_energy_consumption'] (from None)
2014-12-27 11:17:24,528 - com.numenta.nupic.database.ClientJobsDAO.ClientJobsDAO(7477) - INFO - <BUILDID=N/A, WORKER=HW, WRKID=115, JOBID=1016> Model insert attempt failed with DUP_ENTRY: jobID=1016; paramsHash=2006086f3fd241742205c6581012c02b OR particleHash=cab4a39b3a2f2c635af5bfb25174f93e; IntegrityError(1062, u'Duplicate entry \'1016- \\x06\\x08o?\\xD2At"\\x05\\xC6X\\x10\\x12\\xC0+\' for key \'job_id\'')
2014-12-27 11:17:24,541 - com.numenta.nupic.swarming.HypersearchWorker(7477) - INFO - <BUILDID=N/A, WORKER=HW, WRKID=115, JOBID=1016> Adding model 1648 to our internal DB because modelInsertAndStart() failed to insert it: paramsHash=2006086f3fd241742205c6581012c02b, particleHash=f0aa461cc1922c5b6fc9ca2766605035, particleId='118.0.0'
2014-12-27 11:17:24,553 - com.numenta.nupic.database.ClientJobsDAO.ClientJobsDAO(7477) - INFO - <BUILDID=N/A, WORKER=HW, WRKID=115, JOBID=1016> Model insert attempt failed with DUP_ENTRY: jobID=1016; paramsHash=2006086f3fd241742205c6581012c02b OR particleHash=941a80d32cad9bd2df5e1f355ac6044a; IntegrityError(1062, u'Duplicate entry \'1016- \\x06\\x08o?\\xD2At"\\x05\\xC6X\\x10\\x12\\xC0+\' for key \'job_id\'')
2014-12-27 11:17:24,560 - com.numenta.nupic.swarming.HypersearchWorker(7477) - INFO - <BUILDID=N/A, WORKER=HW, WRKID=115, JOBID=1016> Adding model 1648 to our internal DB because modelInsertAndStart() failed to insert it: paramsHash=2006086f3fd241742205c6581012c02b, particleHash=f0aa461cc1922c5b6fc9ca2766605035, particleId='118.0.0'
2014-12-27 11:17:24,564 - com.numenta.nupic.database.ClientJobsDAO.ClientJobsDAO(7477) - INFO - <BUILDID=N/A, WORKER=HW, WRKID=115, JOBID=1016> Model insert attempt failed with DUP_ENTRY: jobID=1016; paramsHash=2006086f3fd241742205c6581012c02b OR particleHash=cc3890bcdaac048c964d1601a61a2f43; IntegrityError(1062, u'Duplicate entry \'1016- \\x06\\x08o?\\xD2At"\\x05\\xC6X\\x10\\x12\\xC0+\' for key \'job_id\'')
2014-12-27 11:17:24,573 - com.numenta.nupic.swarming.HypersearchWorker(7477) - INFO - <BUILDID=N/A, WORKER=HW, WRKID=115, JOBID=1016> Adding model 1648 to our internal DB because modelInsertAndStart() failed to insert it: paramsHash=2006086f3fd241742205c6581012c02b, particleHash=f0aa461cc1922c5b6fc9ca2766605035, particleId='118.0.0'
2014-12-27 11:17:24,578 - com.numenta.nupic.database.ClientJobsDAO.ClientJobsDAO(7477) - INFO - <BUILDID=N/A, WORKER=HW, WRKID=115, JOBID=1016> Model insert attempt failed with DUP_ENTRY: jobID=1016; paramsHash=2006086f3fd241742205c6581012c02b OR particleHash=23d0c1615e92c78429246bfb0784f88a; IntegrityError(1062, u'Duplicate entry \'1016- \\x06\\x08o?\\xD2At"\\x05\\xC6X\\x10\\x12\\xC0+\' for key \'job_id\'')
2014-12-27 11:17:24,588 - com.numenta.nupic.swarming.HypersearchWorker(7477) - INFO - <BUILDID=N/A, WORKER=HW, WRKID=115, JOBID=1016> Adding model 1648 to our internal DB because modelInsertAndStart() failed to insert it: paramsHash=2006086f3fd241742205c6581012c02b, particleHash=f0aa461cc1922c5b6fc9ca2766605035, particleId='118.0.0'
2014-12-27 11:17:24,591 - com.numenta.nupic.database.ClientJobsDAO.ClientJobsDAO(7477) - INFO - <BUILDID=N/A, WORKER=HW, WRKID=115, JOBID=1016> Model insert attempt failed with DUP_ENTRY: jobID=1016; paramsHash=2006086f3fd241742205c6581012c02b OR particleHash=cae94ca6129c6e8174687baa6f40c0c2; IntegrityError(1062, u'Duplicate entry \'1016- \\x06\\x08o?\\xD2At"\\x05\\xC6X\\x10\\x12\\xC0+\' for key \'job_id\'')
2014-12-27 11:17:24,597 - com.numenta.nupic.swarming.HypersearchWorker(7477) - INFO - <BUILDID=N/A, WORKER=HW, WRKID=115, JOBID=1016> Adding model 1648 to our internal DB because modelInsertAndStart() failed to insert it: paramsHash=2006086f3fd241742205c6581012c02b, particleHash=f0aa461cc1922c5b6fc9ca2766605035, particleId='118.0.0'
2014-12-27 11:17:24,604 - com.numenta.nupic.database.ClientJobsDAO.ClientJobsDAO(7477) - INFO - <BUILDID=N/A, WORKER=HW, WRKID=115, JOBID=1016> Model insert attempt failed with DUP_ENTRY: jobID=1016; paramsHash=2006086f3fd241742205c6581012c02b OR particleHash=e6055580c60520e35ebf19e93f375192; IntegrityError(1062, u'Duplicate entry \'1016- \\x06\\x08o?\\xD2At"\\x05\\xC6X\\x10\\x12\\xC0+\' for key \'job_id\'')
2014-12-27 11:17:24,615 - com.numenta.nupic.swarming.HypersearchWorker(7477) - INFO - <BUILDID=N/A, WORKER=HW, WRKID=115, JOBID=1016> Adding model 1648 to our internal DB because modelInsertAndStart() failed to insert it: paramsHash=2006086f3fd241742205c6581012c02b, particleHash=f0aa461cc1922c5b6fc9ca2766605035, particleId='118.0.0'
2014-12-27 11:17:24,618 - com.numenta.nupic.database.ClientJobsDAO.ClientJobsDAO(7477) - INFO - <BUILDID=N/A, WORKER=HW, WRKID=115, JOBID=1016> Model insert attempt failed with DUP_ENTRY: jobID=1016; paramsHash=2006086f3fd241742205c6581012c02b OR particleHash=06dcdf8202c23c66f8abcdadad9d1506; IntegrityError(1062, u'Duplicate entry \'1016- \\x06\\x08o?\\xD2At"\\x05\\xC6X\\x10\\x12\\xC0+\' for key \'job_id\'')
2014-12-27 11:17:24,628 - com.numenta.nupic.swarming.HypersearchWorker(7477) - INFO - <BUILDID=N/A, WORKER=HW, WRKID=115, JOBID=1016> Adding model 1648 to our internal DB because modelInsertAndStart() failed to insert it: paramsHash=2006086f3fd241742205c6581012c02b, particleHash=f0aa461cc1922c5b6fc9ca2766605035, particleId='118.0.0'
2014-12-27 11:17:24,632 - com.numenta.nupic.database.ClientJobsDAO.ClientJobsDAO(7477) - INFO - <BUILDID=N/A, WORKER=HW, WRKID=115, JOBID=1016> Model insert attempt failed with DUP_ENTRY: jobID=1016; paramsHash=2006086f3fd241742205c6581012c02b OR particleHash=311fd436478befc78e9b09787a91a154; IntegrityError(1062, u'Duplicate entry \'1016- \\x06\\x08o?\\xD2At"\\x05\\xC6X\\x10\\x12\\xC0+\' for key \'job_id\'')
2014-12-27 11:17:24,643 - com.numenta.nupic.swarming.HypersearchWorker(7477) - INFO - <BUILDID=N/A, WORKER=HW, WRKID=115, JOBID=1016> Adding model 1648 to our internal DB because modelInsertAndStart() failed to insert it: paramsHash=2006086f3fd241742205c6581012c02b, particleHash=f0aa461cc1922c5b6fc9ca2766605035, particleId='118.0.0'
2014-12-27 11:17:24,649 - com.numenta.nupic.database.ClientJobsDAO.ClientJobsDAO(7477) - INFO - <BUILDID=N/A, WORKER=HW, WRKID=115, JOBID=1016> Model insert attempt failed with DUP_ENTRY: jobID=1016; paramsHash=2006086f3fd241742205c6581012c02b OR particleHash=00c1de7ad4427bdc245b8caf456b19b7; IntegrityError(1062, u'Duplicate entry \'1016- \\x06\\x08o?\\xD2At"\\x05\\xC6X\\x10\\x12\\xC0+\' for key \'job_id\'')
2014-12-27 11:17:24,662 - com.numenta.nupic.swarming.HypersearchWorker(7477) - INFO - <BUILDID=N/A, WORKER=HW, WRKID=115, JOBID=1016> Adding model 1648 to our internal DB because modelInsertAndStart() failed to insert it: paramsHash=2006086f3fd241742205c6581012c02b, particleHash=f0aa461cc1922c5b6fc9ca2766605035, particleId='118.0.0'
2014-12-27 11:17:24,669 - com.numenta.nupic.database.ClientJobsDAO.ClientJobsDAO(7477) - INFO - <BUILDID=N/A, WORKER=HW, WRKID=115, JOBID=1016> Model insert attempt failed with DUP_ENTRY: jobID=1016; paramsHash=2006086f3fd241742205c6581012c02b OR particleHash=cd12b4044e91260c361d68713c987b8d; IntegrityError(1062, u'Duplicate entry \'1016- \\x06\\x08o?\\xD2At"\\x05\\xC6X\\x10\\x12\\xC0+\' for key \'job_id\'')
2014-12-27 11:17:24,681 - com.numenta.nupic.swarming.HypersearchWorker(7477) - INFO - <BUILDID=N/A, WORKER=HW, WRKID=115, JOBID=1016> Adding model 1648 to our internal DB because modelInsertAndStart() failed to insert it: paramsHash=2006086f3fd241742205c6581012c02b, particleHash=f0aa461cc1922c5b6fc9ca2766605035, particleId='118.0.0'
2014-12-27 11:17:24,687 - com.numenta.nupic.swarming.HypersearchV2.HypersearchV2(7477) - INFO - <BUILDID=N/A, WORKER=HW, WRKID=115, JOBID=1016> Ready to end hyperseach, but not all models have matured yet. Sleeping a bit to wait for all models to mature.
2014-12-27 11:17:27,898 - com.numenta.nupic.swarming.HypersearchV2.HypersearchV2(7477) - INFO - <BUILDID=N/A, WORKER=HW, WRKID=115, JOBID=1016> New best model after 1 evaluations: errScore 19.4175 on model 1648
2014-12-27 11:17:27,916 - com.numenta.nupic.swarming.HypersearchWorker(7477) - INFO - <BUILDID=N/A, WORKER=HW, WRKID=115, JOBID=1016> FINISHED. Evaluated 0 models.
