2015-06-30 09:29:49,286 - com.numenta.nupic.swarming.HypersearchWorker(5951) - INFO - <BUILDID=N/A, WORKER=HS, WRKID=N/A, JOBID=N/A> Launched with command line arguments: ['--jobID=1031']
2015-06-30 09:29:49,286 - com.numenta.nupic.swarming.HypersearchWorker(5951) - INFO - <BUILDID=N/A, WORKER=HS, WRKID=N/A, JOBID=N/A> Connecting to the jobs database
2015-06-30 09:29:49,286 - com.numenta.nupic.database.Connection.ConnectionFactory(5951) - INFO - <BUILDID=N/A, WORKER=HS, WRKID=N/A, JOBID=N/A> Creating db connection policy via provider <bound method type._createDefaultPolicy of <class 'nupic.database.Connection.ConnectionFactory'>>
2015-06-30 09:29:49,312 - com.numenta.nupic.database.Connection.PooledConnectionPolicy(5951) - INFO - <BUILDID=N/A, WORKER=HS, WRKID=N/A, JOBID=N/A> Created PooledConnectionPolicy
2015-06-30 09:29:49,325 - com.numenta.nupic.database.ClientJobsDAO.ClientJobsDAO(5951) - INFO - <BUILDID=N/A, WORKER=HS, WRKID=N/A, JOBID=N/A> clientJobsConnectionID=71
2015-06-30 09:29:49,331 - com.numenta.nupic.swarming.HypersearchWorker(5951) - INFO - <BUILDID=N/A, WORKER=HW, WRKID=71, JOBID=1031> Job info retrieved: {'engModelMilestones': 'None', 'clientInfo': '', 'numFailedWorkers': '0', 'engJobType': 'hypersearch', 'results': 'None', 'jobId': '1031', 'completionMsg': 'None', 'cancel': '0', 'engWorkerState': 'None', 'workerCompletionMsg': 'None', 'jobHash': "9\xb6^\x03\x1fE\x11\xe5\x97X\x08\x00'\x16\xdf\xd4", 'genBaseDescription': 'None', 'completionReason': 'None', 'priority': '0', 'cmdLine': '$HYPERSEARCH', 'params': '{"hsVersion": "v2", "maxModels": null, "persistentJobGUID": "39b...', 'workerCompletionReason': 'success', 'engAllocateNewWorkers': '1', 'lastFailedWorkerErrorMsg': 'None', 'engUntendedDeadWorkers': '0', 'engLastUpdateTime': '2015-06-30 16:29:48', 'status': 'notStarted', 'engStatus': 'None', 'startTime': 'None', 'minimumWorkers': '1', 'endTime': 'None', 'engCjmConnId': 'None', 'genPermutations': 'None', 'client': 'GRP', 'engCleaningStatus': 'notdone', 'clientKey': '', 'maximumWorkers': '4'}
2015-06-30 09:29:49,333 - com.numenta.nupic.swarming.HypersearchV2.HypersearchV2(5951) - INFO - <BUILDID=N/A, WORKER=HW, WRKID=71, JOBID=1031> searchParams: 
{u'description': {u'includedFields': [{u'fieldName': 'timestamp',
                                       u'fieldType': 'datetime'},
                                      {u'fieldName': 'euse',
                                       u'fieldType': 'float',
                                       u'maxValue': '35.0',
                                       u'minValue': '10.0'}],
                  u'inferenceArgs': {u'predictedField': 'euse',
                                     u'predictionSteps': ['4']},
                  u'inferenceType': 'TemporalMultiStep',
                  u'iterationCount': '-1',
                  u'streamDef': {u'info': 'kwh',
                                 u'streams': [{u'columns': ['timestamp',
                                                            'euse'],
                                               u'info': 'energy_only_252',
                                               u'source': '/home/pat/workspace/pecan/house_data/252_data/252_clean_data.csv'}]},
                  u'swarmSize': 'small'},
 u'hsVersion': 'v2',
 u'maxModels': 'None',
 u'persistentJobGUID': '39b65e02-1f45-11e5-9758-08002716dfd4',
 u'useTerminators': 'False'}
2015-06-30 09:29:49,526 - com.numenta.nupic.swarming.HypersearchV2.HypersearchV2(5951) - INFO - <BUILDID=N/A, WORKER=HW, WRKID=71, JOBID=1031> Active swarms changed to [u'modelParams|sensorParams|encoders|euse'] (from None)
2015-06-30 09:29:49,596 - com.numenta.nupic.database.ClientJobsDAO.ClientJobsDAO(5951) - INFO - <BUILDID=N/A, WORKER=HW, WRKID=71, JOBID=1031> Model insert attempt failed with DUP_ENTRY: jobID=1031; paramsHash=47e79e321369d9146602405379ad11b0 OR particleHash=a9a41e394f756dd9907d5f8ff8a01bbb; IntegrityError(1062, u"Duplicate entry '1031-G\\xE7\\x9E2\\x13i\\xD9\\x14f\\x02@Sy\\xAD\\x11\\xB0' for key 'job_id'")
2015-06-30 09:29:49,607 - com.numenta.nupic.swarming.HypersearchWorker(5951) - INFO - <BUILDID=N/A, WORKER=HW, WRKID=71, JOBID=1031> Adding model 3227 to our internal DB because modelInsertAndStart() failed to insert it: paramsHash=47e79e321369d9146602405379ad11b0, particleHash=91e641f4372e3d515e9b46f5f26e9cd3, particleId='69.0.0'
2015-06-30 09:29:49,612 - com.numenta.nupic.database.ClientJobsDAO.ClientJobsDAO(5951) - INFO - <BUILDID=N/A, WORKER=HW, WRKID=71, JOBID=1031> Model insert attempt failed with DUP_ENTRY: jobID=1031; paramsHash=47e79e321369d9146602405379ad11b0 OR particleHash=61b1f81c363ef3fcbcfb8fb3a9409809; IntegrityError(1062, u"Duplicate entry '1031-G\\xE7\\x9E2\\x13i\\xD9\\x14f\\x02@Sy\\xAD\\x11\\xB0' for key 'job_id'")
2015-06-30 09:29:49,615 - com.numenta.nupic.swarming.HypersearchWorker(5951) - INFO - <BUILDID=N/A, WORKER=HW, WRKID=71, JOBID=1031> Adding model 3227 to our internal DB because modelInsertAndStart() failed to insert it: paramsHash=47e79e321369d9146602405379ad11b0, particleHash=91e641f4372e3d515e9b46f5f26e9cd3, particleId='69.0.0'
2015-06-30 09:29:49,621 - com.numenta.nupic.database.ClientJobsDAO.ClientJobsDAO(5951) - INFO - <BUILDID=N/A, WORKER=HW, WRKID=71, JOBID=1031> Model insert attempt failed with DUP_ENTRY: jobID=1031; paramsHash=47e79e321369d9146602405379ad11b0 OR particleHash=03295a202c91b3eaa4e1af908df48a05; IntegrityError(1062, u"Duplicate entry '1031-G\\xE7\\x9E2\\x13i\\xD9\\x14f\\x02@Sy\\xAD\\x11\\xB0' for key 'job_id'")
2015-06-30 09:29:49,624 - com.numenta.nupic.swarming.HypersearchWorker(5951) - INFO - <BUILDID=N/A, WORKER=HW, WRKID=71, JOBID=1031> Adding model 3227 to our internal DB because modelInsertAndStart() failed to insert it: paramsHash=47e79e321369d9146602405379ad11b0, particleHash=91e641f4372e3d515e9b46f5f26e9cd3, particleId='69.0.0'
2015-06-30 09:29:49,627 - com.numenta.nupic.database.ClientJobsDAO.ClientJobsDAO(5951) - INFO - <BUILDID=N/A, WORKER=HW, WRKID=71, JOBID=1031> Model insert attempt failed with DUP_ENTRY: jobID=1031; paramsHash=47e79e321369d9146602405379ad11b0 OR particleHash=3a6cc43b49514988df58349caaabe79f; IntegrityError(1062, u"Duplicate entry '1031-G\\xE7\\x9E2\\x13i\\xD9\\x14f\\x02@Sy\\xAD\\x11\\xB0' for key 'job_id'")
2015-06-30 09:29:49,634 - com.numenta.nupic.swarming.HypersearchWorker(5951) - INFO - <BUILDID=N/A, WORKER=HW, WRKID=71, JOBID=1031> Adding model 3227 to our internal DB because modelInsertAndStart() failed to insert it: paramsHash=47e79e321369d9146602405379ad11b0, particleHash=91e641f4372e3d515e9b46f5f26e9cd3, particleId='69.0.0'
2015-06-30 09:29:49,638 - com.numenta.nupic.database.ClientJobsDAO.ClientJobsDAO(5951) - INFO - <BUILDID=N/A, WORKER=HW, WRKID=71, JOBID=1031> Model insert attempt failed with DUP_ENTRY: jobID=1031; paramsHash=47e79e321369d9146602405379ad11b0 OR particleHash=dcadb7505f572c9ff841fe165fe843bf; IntegrityError(1062, u"Duplicate entry '1031-G\\xE7\\x9E2\\x13i\\xD9\\x14f\\x02@Sy\\xAD\\x11\\xB0' for key 'job_id'")
2015-06-30 09:29:49,645 - com.numenta.nupic.swarming.HypersearchWorker(5951) - INFO - <BUILDID=N/A, WORKER=HW, WRKID=71, JOBID=1031> Adding model 3227 to our internal DB because modelInsertAndStart() failed to insert it: paramsHash=47e79e321369d9146602405379ad11b0, particleHash=91e641f4372e3d515e9b46f5f26e9cd3, particleId='69.0.0'
2015-06-30 09:29:49,648 - com.numenta.nupic.database.ClientJobsDAO.ClientJobsDAO(5951) - INFO - <BUILDID=N/A, WORKER=HW, WRKID=71, JOBID=1031> Model insert attempt failed with DUP_ENTRY: jobID=1031; paramsHash=47e79e321369d9146602405379ad11b0 OR particleHash=593a49c4510e2d52758c6236da2a5743; IntegrityError(1062, u"Duplicate entry '1031-G\\xE7\\x9E2\\x13i\\xD9\\x14f\\x02@Sy\\xAD\\x11\\xB0' for key 'job_id'")
2015-06-30 09:29:49,655 - com.numenta.nupic.swarming.HypersearchWorker(5951) - INFO - <BUILDID=N/A, WORKER=HW, WRKID=71, JOBID=1031> Adding model 3227 to our internal DB because modelInsertAndStart() failed to insert it: paramsHash=47e79e321369d9146602405379ad11b0, particleHash=91e641f4372e3d515e9b46f5f26e9cd3, particleId='69.0.0'
2015-06-30 09:29:49,658 - com.numenta.nupic.database.ClientJobsDAO.ClientJobsDAO(5951) - INFO - <BUILDID=N/A, WORKER=HW, WRKID=71, JOBID=1031> Model insert attempt failed with DUP_ENTRY: jobID=1031; paramsHash=47e79e321369d9146602405379ad11b0 OR particleHash=670b484d6d401e27d9a1944c2f52ff9d; IntegrityError(1062, u"Duplicate entry '1031-G\\xE7\\x9E2\\x13i\\xD9\\x14f\\x02@Sy\\xAD\\x11\\xB0' for key 'job_id'")
2015-06-30 09:29:49,661 - com.numenta.nupic.swarming.HypersearchWorker(5951) - INFO - <BUILDID=N/A, WORKER=HW, WRKID=71, JOBID=1031> Adding model 3227 to our internal DB because modelInsertAndStart() failed to insert it: paramsHash=47e79e321369d9146602405379ad11b0, particleHash=91e641f4372e3d515e9b46f5f26e9cd3, particleId='69.0.0'
2015-06-30 09:29:49,667 - com.numenta.nupic.database.ClientJobsDAO.ClientJobsDAO(5951) - INFO - <BUILDID=N/A, WORKER=HW, WRKID=71, JOBID=1031> Model insert attempt failed with DUP_ENTRY: jobID=1031; paramsHash=47e79e321369d9146602405379ad11b0 OR particleHash=bf9a4f380c2e1aab5bbf026dd44c84fb; IntegrityError(1062, u"Duplicate entry '1031-G\\xE7\\x9E2\\x13i\\xD9\\x14f\\x02@Sy\\xAD\\x11\\xB0' for key 'job_id'")
2015-06-30 09:29:49,669 - com.numenta.nupic.swarming.HypersearchWorker(5951) - INFO - <BUILDID=N/A, WORKER=HW, WRKID=71, JOBID=1031> Adding model 3227 to our internal DB because modelInsertAndStart() failed to insert it: paramsHash=47e79e321369d9146602405379ad11b0, particleHash=91e641f4372e3d515e9b46f5f26e9cd3, particleId='69.0.0'
2015-06-30 09:29:49,682 - com.numenta.nupic.database.ClientJobsDAO.ClientJobsDAO(5951) - INFO - <BUILDID=N/A, WORKER=HW, WRKID=71, JOBID=1031> Model insert attempt failed with DUP_ENTRY: jobID=1031; paramsHash=47e79e321369d9146602405379ad11b0 OR particleHash=c941b2653af40bffe6f1f62b162a813f; IntegrityError(1062, u"Duplicate entry '1031-G\\xE7\\x9E2\\x13i\\xD9\\x14f\\x02@Sy\\xAD\\x11\\xB0' for key 'job_id'")
2015-06-30 09:29:49,684 - com.numenta.nupic.swarming.HypersearchWorker(5951) - INFO - <BUILDID=N/A, WORKER=HW, WRKID=71, JOBID=1031> Adding model 3227 to our internal DB because modelInsertAndStart() failed to insert it: paramsHash=47e79e321369d9146602405379ad11b0, particleHash=91e641f4372e3d515e9b46f5f26e9cd3, particleId='69.0.0'
2015-06-30 09:29:49,690 - com.numenta.nupic.database.ClientJobsDAO.ClientJobsDAO(5951) - INFO - <BUILDID=N/A, WORKER=HW, WRKID=71, JOBID=1031> Model insert attempt failed with DUP_ENTRY: jobID=1031; paramsHash=47e79e321369d9146602405379ad11b0 OR particleHash=9cae24ebb3759bb6ec47d2ebe4a871ce; IntegrityError(1062, u"Duplicate entry '1031-G\\xE7\\x9E2\\x13i\\xD9\\x14f\\x02@Sy\\xAD\\x11\\xB0' for key 'job_id'")
2015-06-30 09:29:49,694 - com.numenta.nupic.swarming.HypersearchWorker(5951) - INFO - <BUILDID=N/A, WORKER=HW, WRKID=71, JOBID=1031> Adding model 3227 to our internal DB because modelInsertAndStart() failed to insert it: paramsHash=47e79e321369d9146602405379ad11b0, particleHash=91e641f4372e3d515e9b46f5f26e9cd3, particleId='69.0.0'
2015-06-30 09:29:49,818 - com.numenta.nupic.database.ClientJobsDAO.ClientJobsDAO(5951) - INFO - <BUILDID=N/A, WORKER=HW, WRKID=71, JOBID=1031> Model insert attempt failed with DUP_ENTRY: jobID=1031; paramsHash=507d0ba6bd8a1885ca1e4857d7ee15aa OR particleHash=add8d62a62132388eb6f8e3c20117a89; IntegrityError(1062, u"Duplicate entry '1031-P}\\x0B\\xA6\\xBD\\x8A\\x18\\x85\\xCA\\x1EHW\\xD7\\xEE\\x15\\xAA' for key 'job_id'")
2015-06-30 09:29:49,821 - com.numenta.nupic.swarming.HypersearchWorker(5951) - INFO - <BUILDID=N/A, WORKER=HW, WRKID=71, JOBID=1031> Adding model 3254 to our internal DB because modelInsertAndStart() failed to insert it: paramsHash=507d0ba6bd8a1885ca1e4857d7ee15aa, particleHash=91a5aa3dc9f51e18cbea9b197ff7a6c7, particleId='69.10.0'
2015-06-30 09:29:49,824 - com.numenta.nupic.database.ClientJobsDAO.ClientJobsDAO(5951) - INFO - <BUILDID=N/A, WORKER=HW, WRKID=71, JOBID=1031> Model insert attempt failed with DUP_ENTRY: jobID=1031; paramsHash=507d0ba6bd8a1885ca1e4857d7ee15aa OR particleHash=b7dc739e547db763911bd9e00a30a218; IntegrityError(1062, u"Duplicate entry '1031-P}\\x0B\\xA6\\xBD\\x8A\\x18\\x85\\xCA\\x1EHW\\xD7\\xEE\\x15\\xAA' for key 'job_id'")
2015-06-30 09:29:49,827 - com.numenta.nupic.swarming.HypersearchWorker(5951) - INFO - <BUILDID=N/A, WORKER=HW, WRKID=71, JOBID=1031> Adding model 3254 to our internal DB because modelInsertAndStart() failed to insert it: paramsHash=507d0ba6bd8a1885ca1e4857d7ee15aa, particleHash=91a5aa3dc9f51e18cbea9b197ff7a6c7, particleId='69.10.0'
2015-06-30 09:29:49,830 - com.numenta.nupic.database.ClientJobsDAO.ClientJobsDAO(5951) - INFO - <BUILDID=N/A, WORKER=HW, WRKID=71, JOBID=1031> Model insert attempt failed with DUP_ENTRY: jobID=1031; paramsHash=507d0ba6bd8a1885ca1e4857d7ee15aa OR particleHash=b3a9061778a8f4d8f4d250bf86760634; IntegrityError(1062, u"Duplicate entry '1031-P}\\x0B\\xA6\\xBD\\x8A\\x18\\x85\\xCA\\x1EHW\\xD7\\xEE\\x15\\xAA' for key 'job_id'")
2015-06-30 09:29:49,841 - com.numenta.nupic.swarming.HypersearchWorker(5951) - INFO - <BUILDID=N/A, WORKER=HW, WRKID=71, JOBID=1031> Adding model 3254 to our internal DB because modelInsertAndStart() failed to insert it: paramsHash=507d0ba6bd8a1885ca1e4857d7ee15aa, particleHash=91a5aa3dc9f51e18cbea9b197ff7a6c7, particleId='69.10.0'
2015-06-30 09:29:49,848 - com.numenta.nupic.database.ClientJobsDAO.ClientJobsDAO(5951) - INFO - <BUILDID=N/A, WORKER=HW, WRKID=71, JOBID=1031> Model insert attempt failed with DUP_ENTRY: jobID=1031; paramsHash=507d0ba6bd8a1885ca1e4857d7ee15aa OR particleHash=336b04204e56aff6b51abf3eb34914e3; IntegrityError(1062, u"Duplicate entry '1031-P}\\x0B\\xA6\\xBD\\x8A\\x18\\x85\\xCA\\x1EHW\\xD7\\xEE\\x15\\xAA' for key 'job_id'")
2015-06-30 09:29:49,854 - com.numenta.nupic.swarming.HypersearchWorker(5951) - INFO - <BUILDID=N/A, WORKER=HW, WRKID=71, JOBID=1031> Adding model 3254 to our internal DB because modelInsertAndStart() failed to insert it: paramsHash=507d0ba6bd8a1885ca1e4857d7ee15aa, particleHash=91a5aa3dc9f51e18cbea9b197ff7a6c7, particleId='69.10.0'
2015-06-30 09:29:49,857 - com.numenta.nupic.database.ClientJobsDAO.ClientJobsDAO(5951) - INFO - <BUILDID=N/A, WORKER=HW, WRKID=71, JOBID=1031> Model insert attempt failed with DUP_ENTRY: jobID=1031; paramsHash=507d0ba6bd8a1885ca1e4857d7ee15aa OR particleHash=2eeb8c87f13c3fe958dfcd29fe3d7c10; IntegrityError(1062, u"Duplicate entry '1031-P}\\x0B\\xA6\\xBD\\x8A\\x18\\x85\\xCA\\x1EHW\\xD7\\xEE\\x15\\xAA' for key 'job_id'")
2015-06-30 09:29:49,862 - com.numenta.nupic.swarming.HypersearchWorker(5951) - INFO - <BUILDID=N/A, WORKER=HW, WRKID=71, JOBID=1031> Adding model 3254 to our internal DB because modelInsertAndStart() failed to insert it: paramsHash=507d0ba6bd8a1885ca1e4857d7ee15aa, particleHash=91a5aa3dc9f51e18cbea9b197ff7a6c7, particleId='69.10.0'
2015-06-30 09:29:49,870 - com.numenta.nupic.database.ClientJobsDAO.ClientJobsDAO(5951) - INFO - <BUILDID=N/A, WORKER=HW, WRKID=71, JOBID=1031> Model insert attempt failed with DUP_ENTRY: jobID=1031; paramsHash=507d0ba6bd8a1885ca1e4857d7ee15aa OR particleHash=ca4ab35f8770e1d5706cdfa59c2e18d0; IntegrityError(1062, u"Duplicate entry '1031-P}\\x0B\\xA6\\xBD\\x8A\\x18\\x85\\xCA\\x1EHW\\xD7\\xEE\\x15\\xAA' for key 'job_id'")
2015-06-30 09:29:49,878 - com.numenta.nupic.swarming.HypersearchWorker(5951) - INFO - <BUILDID=N/A, WORKER=HW, WRKID=71, JOBID=1031> Adding model 3254 to our internal DB because modelInsertAndStart() failed to insert it: paramsHash=507d0ba6bd8a1885ca1e4857d7ee15aa, particleHash=91a5aa3dc9f51e18cbea9b197ff7a6c7, particleId='69.10.0'
2015-06-30 09:29:49,882 - com.numenta.nupic.database.ClientJobsDAO.ClientJobsDAO(5951) - INFO - <BUILDID=N/A, WORKER=HW, WRKID=71, JOBID=1031> Model insert attempt failed with DUP_ENTRY: jobID=1031; paramsHash=507d0ba6bd8a1885ca1e4857d7ee15aa OR particleHash=8c35f88d7023b1e38937920c376ce417; IntegrityError(1062, u"Duplicate entry '1031-P}\\x0B\\xA6\\xBD\\x8A\\x18\\x85\\xCA\\x1EHW\\xD7\\xEE\\x15\\xAA' for key 'job_id'")
2015-06-30 09:29:49,887 - com.numenta.nupic.swarming.HypersearchWorker(5951) - INFO - <BUILDID=N/A, WORKER=HW, WRKID=71, JOBID=1031> Adding model 3254 to our internal DB because modelInsertAndStart() failed to insert it: paramsHash=507d0ba6bd8a1885ca1e4857d7ee15aa, particleHash=91a5aa3dc9f51e18cbea9b197ff7a6c7, particleId='69.10.0'
2015-06-30 09:29:49,890 - com.numenta.nupic.database.ClientJobsDAO.ClientJobsDAO(5951) - INFO - <BUILDID=N/A, WORKER=HW, WRKID=71, JOBID=1031> Model insert attempt failed with DUP_ENTRY: jobID=1031; paramsHash=507d0ba6bd8a1885ca1e4857d7ee15aa OR particleHash=fb7f167d20666ca8a693e6b2cd9ac0d5; IntegrityError(1062, u"Duplicate entry '1031-P}\\x0B\\xA6\\xBD\\x8A\\x18\\x85\\xCA\\x1EHW\\xD7\\xEE\\x15\\xAA' for key 'job_id'")
2015-06-30 09:29:49,909 - com.numenta.nupic.swarming.HypersearchWorker(5951) - INFO - <BUILDID=N/A, WORKER=HW, WRKID=71, JOBID=1031> Adding model 3254 to our internal DB because modelInsertAndStart() failed to insert it: paramsHash=507d0ba6bd8a1885ca1e4857d7ee15aa, particleHash=91a5aa3dc9f51e18cbea9b197ff7a6c7, particleId='69.10.0'
2015-06-30 09:29:49,917 - com.numenta.nupic.database.ClientJobsDAO.ClientJobsDAO(5951) - INFO - <BUILDID=N/A, WORKER=HW, WRKID=71, JOBID=1031> Model insert attempt failed with DUP_ENTRY: jobID=1031; paramsHash=507d0ba6bd8a1885ca1e4857d7ee15aa OR particleHash=1805fe41aefa16466ea5c00123ce13f0; IntegrityError(1062, u"Duplicate entry '1031-P}\\x0B\\xA6\\xBD\\x8A\\x18\\x85\\xCA\\x1EHW\\xD7\\xEE\\x15\\xAA' for key 'job_id'")
2015-06-30 09:29:49,922 - com.numenta.nupic.swarming.HypersearchWorker(5951) - INFO - <BUILDID=N/A, WORKER=HW, WRKID=71, JOBID=1031> Adding model 3254 to our internal DB because modelInsertAndStart() failed to insert it: paramsHash=507d0ba6bd8a1885ca1e4857d7ee15aa, particleHash=91a5aa3dc9f51e18cbea9b197ff7a6c7, particleId='69.10.0'
2015-06-30 09:29:49,925 - com.numenta.nupic.database.ClientJobsDAO.ClientJobsDAO(5951) - INFO - <BUILDID=N/A, WORKER=HW, WRKID=71, JOBID=1031> Model insert attempt failed with DUP_ENTRY: jobID=1031; paramsHash=507d0ba6bd8a1885ca1e4857d7ee15aa OR particleHash=c25a0ebe605dad9b61c3cbdadac64ef6; IntegrityError(1062, u"Duplicate entry '1031-P}\\x0B\\xA6\\xBD\\x8A\\x18\\x85\\xCA\\x1EHW\\xD7\\xEE\\x15\\xAA' for key 'job_id'")
2015-06-30 09:29:49,929 - com.numenta.nupic.swarming.HypersearchWorker(5951) - INFO - <BUILDID=N/A, WORKER=HW, WRKID=71, JOBID=1031> Adding model 3254 to our internal DB because modelInsertAndStart() failed to insert it: paramsHash=507d0ba6bd8a1885ca1e4857d7ee15aa, particleHash=91a5aa3dc9f51e18cbea9b197ff7a6c7, particleId='69.10.0'
2015-06-30 09:29:49,951 - com.numenta.nupic.swarming.HypersearchV2.HypersearchV2(5951) - INFO - <BUILDID=N/A, WORKER=HW, WRKID=71, JOBID=1031> Completed generation #0 of swarm 'modelParams|sensorParams|encoders|euse' with a best errScore of inf
2015-06-30 09:29:50,053 - com.numenta.nupic.swarming.HypersearchWorker(5951) - INFO - <BUILDID=N/A, WORKER=HW, WRKID=71, JOBID=1031> Adding model 3276 to our internal DB because modelInsertAndStart() failed to insert it: paramsHash=8e31bf9920c1a98714120b76b21e58a4, particleHash=9c60d646731b4667fce94ab502d278ef, particleId='69.0.1'
2015-06-30 09:29:50,055 - com.numenta.nupic.swarming.HypersearchWorker(5951) - INFO - <BUILDID=N/A, WORKER=HW, WRKID=71, JOBID=1031> Adding model 3276 to our internal DB because modelInsertAndStart() failed to insert it: paramsHash=8e31bf9920c1a98714120b76b21e58a4, particleHash=9c60d646731b4667fce94ab502d278ef, particleId='69.0.1'
2015-06-30 09:29:50,058 - com.numenta.nupic.swarming.HypersearchWorker(5951) - INFO - <BUILDID=N/A, WORKER=HW, WRKID=71, JOBID=1031> Adding model 3276 to our internal DB because modelInsertAndStart() failed to insert it: paramsHash=8e31bf9920c1a98714120b76b21e58a4, particleHash=9c60d646731b4667fce94ab502d278ef, particleId='69.0.1'
2015-06-30 09:29:50,060 - com.numenta.nupic.swarming.HypersearchWorker(5951) - INFO - <BUILDID=N/A, WORKER=HW, WRKID=71, JOBID=1031> Adding model 3276 to our internal DB because modelInsertAndStart() failed to insert it: paramsHash=8e31bf9920c1a98714120b76b21e58a4, particleHash=9c60d646731b4667fce94ab502d278ef, particleId='69.0.1'
2015-06-30 09:29:50,062 - com.numenta.nupic.swarming.HypersearchWorker(5951) - INFO - <BUILDID=N/A, WORKER=HW, WRKID=71, JOBID=1031> Adding model 3276 to our internal DB because modelInsertAndStart() failed to insert it: paramsHash=8e31bf9920c1a98714120b76b21e58a4, particleHash=9c60d646731b4667fce94ab502d278ef, particleId='69.0.1'
2015-06-30 09:29:50,065 - com.numenta.nupic.swarming.HypersearchWorker(5951) - INFO - <BUILDID=N/A, WORKER=HW, WRKID=71, JOBID=1031> Adding model 3276 to our internal DB because modelInsertAndStart() failed to insert it: paramsHash=8e31bf9920c1a98714120b76b21e58a4, particleHash=9c60d646731b4667fce94ab502d278ef, particleId='69.0.1'
2015-06-30 09:29:50,067 - com.numenta.nupic.swarming.HypersearchWorker(5951) - INFO - <BUILDID=N/A, WORKER=HW, WRKID=71, JOBID=1031> Adding model 3276 to our internal DB because modelInsertAndStart() failed to insert it: paramsHash=8e31bf9920c1a98714120b76b21e58a4, particleHash=9c60d646731b4667fce94ab502d278ef, particleId='69.0.1'
2015-06-30 09:29:50,070 - com.numenta.nupic.swarming.HypersearchWorker(5951) - INFO - <BUILDID=N/A, WORKER=HW, WRKID=71, JOBID=1031> Adding model 3276 to our internal DB because modelInsertAndStart() failed to insert it: paramsHash=8e31bf9920c1a98714120b76b21e58a4, particleHash=9c60d646731b4667fce94ab502d278ef, particleId='69.0.1'
2015-06-30 09:29:50,072 - com.numenta.nupic.swarming.HypersearchWorker(5951) - INFO - <BUILDID=N/A, WORKER=HW, WRKID=71, JOBID=1031> Adding model 3276 to our internal DB because modelInsertAndStart() failed to insert it: paramsHash=8e31bf9920c1a98714120b76b21e58a4, particleHash=9c60d646731b4667fce94ab502d278ef, particleId='69.0.1'
2015-06-30 09:29:50,074 - com.numenta.nupic.swarming.HypersearchWorker(5951) - INFO - <BUILDID=N/A, WORKER=HW, WRKID=71, JOBID=1031> Adding model 3276 to our internal DB because modelInsertAndStart() failed to insert it: paramsHash=8e31bf9920c1a98714120b76b21e58a4, particleHash=9c60d646731b4667fce94ab502d278ef, particleId='69.0.1'
2015-06-30 09:29:50,115 - com.numenta.nupic.swarming.HypersearchWorker(5951) - INFO - <BUILDID=N/A, WORKER=HW, WRKID=71, JOBID=1031> RUNNING MODEL GID=3281, paramsHash=d6ecb05f1e63ee1e95e00cebf30c57fe, params={'particleState': {'varStates': {u'modelParams|sensorParams|encoders|euse:n': {'bestResult': None, 'position': 22, 'bestPosition': 22, '_position': 22, 'velocity': -24.95}, 'modelParams|clParams|alpha': {'bestResult': None, 'position': 0.005095000000000001, 'bestPosition': 0.0001, '_position': 0.005095000000000001, 'velocity': 0.004995}, 'modelParams|tpParams|minThreshold': {'bestResult': None, 'position': 9, 'bestPosition': 9, '_position': 9.15, 'velocity': 0.15}, 'modelParams|tpParams|activationThreshold': {'bestResult': None, 'position': 12, 'bestPosition': 12, '_position': 12, 'velocity': -0.2}, 'modelParams|tpParams|pamLength': {'bestResult': None, 'position': 1, 'bestPosition': 1, '_position': 1, 'velocity': -0.2}, 'modelParams|sensorParams|encoders|_classifierInput|n': {'bestResult': None, 'position': 28, 'bestPosition': 28, '_position': 28, 'velocity': -24.65}, 'modelParams|spParams|synPermInactiveDec': {'bestResult': None, 'position': 0.095015, 'bestPosition': 0.1, '_position': 0.095015, 'velocity': -0.004985000000000001}}, 'genIdx': 1, 'swarmId': u'modelParams|sensorParams|encoders|euse', 'id': u'69.10'}, 'structuredParams': {'aggregationInfo': {'seconds': 0, 'fields': [], 'months': 0, 'days': 0, 'years': 0, 'hours': 0, 'microseconds': 0, 'weeks': 0, 'minutes': 0, 'milliseconds': 0}, 'modelParams': {'sensorParams': {'encoders': {'_classifierInput': {'maxval': 35.0, 'classifierOnly': True, 'minval': 10.0, 'clipInput': True, 'n': 28, 'fieldname': 'euse', 'w': 21, 'type': 'ScalarEncoder'}, u'timestamp_dayOfWeek': None, u'timestamp_timeOfDay': None, u'euse': {'maxval': 35.0, 'name': 'euse', 'clipInput': True, 'minval': 10.0, 'n': 22, 'fieldname': 'euse', 'w': 21, 'type': 'ScalarEncoder'}, u'timestamp_weekend': None}}, 'spParams': {'synPermInactiveDec': 0.095015}, 'tpParams': {'minThreshold': 9, 'activationThreshold': 12, 'pamLength': 1}, 'clParams': {'alpha': 0.005095000000000001}}}}
2015-06-30 09:29:50,121 - com.numenta.nupic.hypersearch.utils(5951) - INFO - <BUILDID=N/A, WORKER=HW, WRKID=71, JOBID=1031> Using experiment directory: /tmp/tmpGOGS1_
2015-06-30 09:29:50,185 - com.numenta.nupic.hypersearch.utils(5951) - ERROR - <BUILDID=N/A, WORKER=HW, WRKID=71, JOBID=1031> Exception occurred while running model 3281: Exception(u'Unable to locate: at/workspace/pecan/house_data/252_data/252_clean_data.csv using NTA_DATA_PATH of ',) (<type 'exceptions.Exception'>)
Traceback (most recent call last):
  File "/home/pat/workspace/nupic/nupic/swarming/utils.py", line 430, in runModelGivenBaseAndParams
    (completionReason, completionMsg) = runner.run()
  File "/home/pat/workspace/nupic/nupic/swarming/ModelRunner.py", line 237, in run
    maxTimeout=readTimeout)
  File "/home/pat/workspace/nupic/nupic/data/stream_reader.py", line 210, in __init__
    self._openStream(dataUrl, isBlocking, maxTimeout, bookmark, firstRecordIdx)
  File "/home/pat/workspace/nupic/nupic/data/stream_reader.py", line 294, in _openStream
    self._recordStoreName = findDataset(dataUrl[len(FILE_PREF):])
  File "/home/pat/workspace/nupic/nupic/data/datasethelpers.py", line 79, in findDataset
    (datasetPath, os.environ.get('NTA_DATA_PATH', '')))
Exception: Unable to locate: at/workspace/pecan/house_data/252_data/252_clean_data.csv using NTA_DATA_PATH of 

2015-06-30 09:29:50,193 - com.numenta.nupic.swarming.HypersearchWorker(5951) - INFO - <BUILDID=N/A, WORKER=HW, WRKID=71, JOBID=1031> COMPLETED MODEL GID=3281; EVALUATED 1 MODELs
2015-06-30 09:29:50,308 - com.numenta.nupic.swarming.HypersearchWorker(5951) - INFO - <BUILDID=N/A, WORKER=HW, WRKID=71, JOBID=1031> Adding model 3292 to our internal DB because modelInsertAndStart() failed to insert it: paramsHash=6f0d43966ff6be127d858a63ae703188, particleHash=e9f315d4b65df160cfa82d00925e2b22, particleId='69.20.1'
2015-06-30 09:29:50,315 - com.numenta.nupic.swarming.HypersearchWorker(5951) - INFO - <BUILDID=N/A, WORKER=HW, WRKID=71, JOBID=1031> Adding model 3292 to our internal DB because modelInsertAndStart() failed to insert it: paramsHash=6f0d43966ff6be127d858a63ae703188, particleHash=e9f315d4b65df160cfa82d00925e2b22, particleId='69.20.1'
2015-06-30 09:29:50,321 - com.numenta.nupic.swarming.HypersearchWorker(5951) - INFO - <BUILDID=N/A, WORKER=HW, WRKID=71, JOBID=1031> Adding model 3292 to our internal DB because modelInsertAndStart() failed to insert it: paramsHash=6f0d43966ff6be127d858a63ae703188, particleHash=e9f315d4b65df160cfa82d00925e2b22, particleId='69.20.1'
2015-06-30 09:29:50,325 - com.numenta.nupic.swarming.HypersearchWorker(5951) - INFO - <BUILDID=N/A, WORKER=HW, WRKID=71, JOBID=1031> Adding model 3292 to our internal DB because modelInsertAndStart() failed to insert it: paramsHash=6f0d43966ff6be127d858a63ae703188, particleHash=e9f315d4b65df160cfa82d00925e2b22, particleId='69.20.1'
2015-06-30 09:29:50,329 - com.numenta.nupic.swarming.HypersearchWorker(5951) - INFO - <BUILDID=N/A, WORKER=HW, WRKID=71, JOBID=1031> Adding model 3292 to our internal DB because modelInsertAndStart() failed to insert it: paramsHash=6f0d43966ff6be127d858a63ae703188, particleHash=e9f315d4b65df160cfa82d00925e2b22, particleId='69.20.1'
2015-06-30 09:29:50,331 - com.numenta.nupic.swarming.HypersearchWorker(5951) - INFO - <BUILDID=N/A, WORKER=HW, WRKID=71, JOBID=1031> Adding model 3292 to our internal DB because modelInsertAndStart() failed to insert it: paramsHash=6f0d43966ff6be127d858a63ae703188, particleHash=e9f315d4b65df160cfa82d00925e2b22, particleId='69.20.1'
2015-06-30 09:29:50,335 - com.numenta.nupic.swarming.HypersearchWorker(5951) - INFO - <BUILDID=N/A, WORKER=HW, WRKID=71, JOBID=1031> Adding model 3292 to our internal DB because modelInsertAndStart() failed to insert it: paramsHash=6f0d43966ff6be127d858a63ae703188, particleHash=e9f315d4b65df160cfa82d00925e2b22, particleId='69.20.1'
2015-06-30 09:29:50,338 - com.numenta.nupic.swarming.HypersearchWorker(5951) - INFO - <BUILDID=N/A, WORKER=HW, WRKID=71, JOBID=1031> Adding model 3292 to our internal DB because modelInsertAndStart() failed to insert it: paramsHash=6f0d43966ff6be127d858a63ae703188, particleHash=e9f315d4b65df160cfa82d00925e2b22, particleId='69.20.1'
2015-06-30 09:29:50,340 - com.numenta.nupic.swarming.HypersearchWorker(5951) - INFO - <BUILDID=N/A, WORKER=HW, WRKID=71, JOBID=1031> Adding model 3292 to our internal DB because modelInsertAndStart() failed to insert it: paramsHash=6f0d43966ff6be127d858a63ae703188, particleHash=e9f315d4b65df160cfa82d00925e2b22, particleId='69.20.1'
2015-06-30 09:29:50,344 - com.numenta.nupic.swarming.HypersearchWorker(5951) - INFO - <BUILDID=N/A, WORKER=HW, WRKID=71, JOBID=1031> Adding model 3292 to our internal DB because modelInsertAndStart() failed to insert it: paramsHash=6f0d43966ff6be127d858a63ae703188, particleHash=e9f315d4b65df160cfa82d00925e2b22, particleId='69.20.1'
2015-06-30 09:29:50,350 - com.numenta.nupic.swarming.HypersearchV2.HypersearchV2(5951) - ERROR - <BUILDID=N/A, WORKER=HW, WRKID=71, JOBID=1031> Exiting because some worker set the workerCompletionReason to error. WorkerCompletionMsg: E10002: Exiting due to receiving too many models failing from exceptions (6 out of 6). 
Model Exception: Exception occurred while running model 3264: Exception(u'Unable to locate: at/workspace/pecan/house_data/252_data/252_clean_data.csv using NTA_DATA_PATH of ',) (<type 'exceptions.Exception'>)
Traceback (most recent call last):
  File "/home/pat/workspace/nupic/nupic/swarming/utils.py", line 430, in runModelGivenBaseAndParams
    (completionReason, completionMsg) = runner.run()
  File "/home/pat/workspace/nupic/nupic/swarming/ModelRunner.py", line 237, in run
    maxTimeout=readTimeout)
  File "/home/pat/workspace/nupic/nupic/data/stream_reader.py", line 210, in __init__
    self._openStream(dataUrl, isBlocking, maxTimeout, bookmark, firstRecordIdx)
  File "/home/pat/workspace/nupic/nupic/data/stream_reader.py", line 294, in _openStream
    self._recordStoreName = findDataset(dataUrl[len(FILE_PREF):])
  File "/home/pat/workspace/nupic/nupic/data/datasethelpers.py", line 79, in findDataset
    (datasetPath, os.environ.get('NTA_DATA_PATH', '')))
Exception: Unable to locate: at/workspace/pecan/house_data/252_data/252_clean_data.csv using NTA_DATA_PATH of 

2015-06-30 09:29:50,354 - com.numenta.nupic.swarming.HypersearchV2.HypersearchV2(5951) - INFO - <BUILDID=N/A, WORKER=HW, WRKID=71, JOBID=1031> Failed updating the field contributions, another hypersearch worker must have updated it
2015-06-30 09:29:50,355 - com.numenta.nupic.swarming.HypersearchWorker(5951) - INFO - <BUILDID=N/A, WORKER=HW, WRKID=71, JOBID=1031> FINISHED. Evaluated 1 models.
