2014-12-27 10:11:14,206 - com.numenta.nupic.swarming.HypersearchWorker(7139) - INFO - <BUILDID=N/A, WORKER=HS, WRKID=N/A, JOBID=N/A> Launched with command line arguments: ['--jobID=1010']
2014-12-27 10:11:14,207 - com.numenta.nupic.swarming.HypersearchWorker(7139) - INFO - <BUILDID=N/A, WORKER=HS, WRKID=N/A, JOBID=N/A> Connecting to the jobs database
2014-12-27 10:11:14,207 - com.numenta.nupic.database.Connection.ConnectionFactory(7139) - INFO - <BUILDID=N/A, WORKER=HS, WRKID=N/A, JOBID=N/A> Creating db connection policy via provider <bound method type._createDefaultPolicy of <class 'nupic.database.Connection.ConnectionFactory'>>
2014-12-27 10:11:14,210 - com.numenta.nupic.database.Connection.PooledConnectionPolicy(7139) - INFO - <BUILDID=N/A, WORKER=HS, WRKID=N/A, JOBID=N/A> Created PooledConnectionPolicy
2014-12-27 10:11:14,226 - com.numenta.nupic.database.ClientJobsDAO.ClientJobsDAO(7139) - INFO - <BUILDID=N/A, WORKER=HS, WRKID=N/A, JOBID=N/A> clientJobsConnectionID=87
2014-12-27 10:11:14,228 - com.numenta.nupic.swarming.HypersearchWorker(7139) - INFO - <BUILDID=N/A, WORKER=HW, WRKID=87, JOBID=1010> Job info retrieved: {'engModelMilestones': 'None', 'clientInfo': '', 'numFailedWorkers': '0', 'engJobType': 'hypersearch', 'results': 'None', 'jobId': '1010', 'completionMsg': 'None', 'cancel': '0', 'engWorkerState': 'None', 'workerCompletionMsg': 'None', 'jobHash': "\xbeH8A\x8d\xf3\x11\xe4\x9c\x1f\x08\x00'\x16\xdf\xd4", 'genBaseDescription': 'None', 'completionReason': 'None', 'priority': '0', 'cmdLine': '$HYPERSEARCH', 'params': '{"hsVersion": "v2", "maxModels": null, "persistentJobGUID": "be4...', 'workerCompletionReason': 'success', 'engAllocateNewWorkers': '1', 'lastFailedWorkerErrorMsg': 'None', 'engUntendedDeadWorkers': '0', 'engLastUpdateTime': '2014-12-27 18:11:13', 'status': 'notStarted', 'engStatus': 'None', 'startTime': 'None', 'minimumWorkers': '1', 'endTime': 'None', 'engCjmConnId': 'None', 'genPermutations': 'None', 'client': 'GRP', 'engCleaningStatus': 'notdone', 'clientKey': '', 'maximumWorkers': '4'}
2014-12-27 10:11:14,230 - com.numenta.nupic.swarming.HypersearchV2.HypersearchV2(7139) - INFO - <BUILDID=N/A, WORKER=HW, WRKID=87, JOBID=1010> searchParams: 
{u'description': {u'includedFields': [{u'fieldName': 'timestamp',
                                       u'fieldType': 'datetime'},
                                      {u'fieldName': 'kw_energy_consumption',
                                       u'fieldType': 'float',
                                       u'maxValue': '5.18',
                                       u'minValue': '0.0'}],
                  u'inferenceArgs': {u'predictedField': 'kw_energy_consumption',
                                     u'predictionSteps': ['1']},
                  u'inferenceType': 'TemporalMultiStep',
                  u'iterationCount': '-1',
                  u'streamDef': {u'info': 'kw_energy_consumption',
                                 u'streams': [{u'columns': ['*'],
                                               u'info': 'San Diego',
                                               u'source': 'file://sandiego.csv'}],
                                 u'version': '1'},
                  u'swarmSize': 'small'},
 u'hsVersion': 'v2',
 u'maxModels': 'None',
 u'persistentJobGUID': 'be483840-8df3-11e4-9c1f-08002716dfd4',
 u'useTerminators': 'False'}
2014-12-27 10:11:14,384 - com.numenta.nupic.swarming.HypersearchV2.HypersearchV2(7139) - INFO - <BUILDID=N/A, WORKER=HW, WRKID=87, JOBID=1010> Active swarms changed to [u'modelParams|sensorParams|encoders|kw_energy_consumption'] (from None)
2014-12-27 10:11:14,526 - com.numenta.nupic.database.ClientJobsDAO.ClientJobsDAO(7139) - INFO - <BUILDID=N/A, WORKER=HW, WRKID=87, JOBID=1010> Model insert attempt failed with DUP_ENTRY: jobID=1010; paramsHash=b83e94a3acb214f3fdd3aee92e9fbdb5 OR particleHash=ae9a4a3eb7bdbc7f62922bcc5bd5c20d; IntegrityError(1062, u"Duplicate entry '1010-\\xB8>\\x94\\xA3\\xAC\\xB2\\x14\\xF3\\xFD\\xD3\\xAE\\xE9.\\x9F\\xBD\\xB5' for key 'job_id'")
2014-12-27 10:11:14,534 - com.numenta.nupic.swarming.HypersearchWorker(7139) - INFO - <BUILDID=N/A, WORKER=HW, WRKID=87, JOBID=1010> Adding model 1542 to our internal DB because modelInsertAndStart() failed to insert it: paramsHash=b83e94a3acb214f3fdd3aee92e9fbdb5, particleHash=9a02cd8248313b66146579a87edb88db, particleId='85.0.0'
2014-12-27 10:11:14,539 - com.numenta.nupic.database.ClientJobsDAO.ClientJobsDAO(7139) - INFO - <BUILDID=N/A, WORKER=HW, WRKID=87, JOBID=1010> Model insert attempt failed with DUP_ENTRY: jobID=1010; paramsHash=b83e94a3acb214f3fdd3aee92e9fbdb5 OR particleHash=8f69978236f54c74731d54da5b4f1d05; IntegrityError(1062, u"Duplicate entry '1010-\\xB8>\\x94\\xA3\\xAC\\xB2\\x14\\xF3\\xFD\\xD3\\xAE\\xE9.\\x9F\\xBD\\xB5' for key 'job_id'")
2014-12-27 10:11:14,544 - com.numenta.nupic.swarming.HypersearchWorker(7139) - INFO - <BUILDID=N/A, WORKER=HW, WRKID=87, JOBID=1010> Adding model 1542 to our internal DB because modelInsertAndStart() failed to insert it: paramsHash=b83e94a3acb214f3fdd3aee92e9fbdb5, particleHash=9a02cd8248313b66146579a87edb88db, particleId='85.0.0'
2014-12-27 10:11:14,551 - com.numenta.nupic.database.ClientJobsDAO.ClientJobsDAO(7139) - INFO - <BUILDID=N/A, WORKER=HW, WRKID=87, JOBID=1010> Model insert attempt failed with DUP_ENTRY: jobID=1010; paramsHash=b83e94a3acb214f3fdd3aee92e9fbdb5 OR particleHash=6203eecc8d142a9047b81445b505e4ac; IntegrityError(1062, u"Duplicate entry '1010-\\xB8>\\x94\\xA3\\xAC\\xB2\\x14\\xF3\\xFD\\xD3\\xAE\\xE9.\\x9F\\xBD\\xB5' for key 'job_id'")
2014-12-27 10:11:14,557 - com.numenta.nupic.swarming.HypersearchWorker(7139) - INFO - <BUILDID=N/A, WORKER=HW, WRKID=87, JOBID=1010> Adding model 1542 to our internal DB because modelInsertAndStart() failed to insert it: paramsHash=b83e94a3acb214f3fdd3aee92e9fbdb5, particleHash=9a02cd8248313b66146579a87edb88db, particleId='85.0.0'
2014-12-27 10:11:14,561 - com.numenta.nupic.database.ClientJobsDAO.ClientJobsDAO(7139) - INFO - <BUILDID=N/A, WORKER=HW, WRKID=87, JOBID=1010> Model insert attempt failed with DUP_ENTRY: jobID=1010; paramsHash=b83e94a3acb214f3fdd3aee92e9fbdb5 OR particleHash=fbfdeb1c51d367aa371280301741ebd9; IntegrityError(1062, u"Duplicate entry '1010-\\xB8>\\x94\\xA3\\xAC\\xB2\\x14\\xF3\\xFD\\xD3\\xAE\\xE9.\\x9F\\xBD\\xB5' for key 'job_id'")
2014-12-27 10:11:14,572 - com.numenta.nupic.swarming.HypersearchWorker(7139) - INFO - <BUILDID=N/A, WORKER=HW, WRKID=87, JOBID=1010> Adding model 1542 to our internal DB because modelInsertAndStart() failed to insert it: paramsHash=b83e94a3acb214f3fdd3aee92e9fbdb5, particleHash=9a02cd8248313b66146579a87edb88db, particleId='85.0.0'
2014-12-27 10:11:14,584 - com.numenta.nupic.database.ClientJobsDAO.ClientJobsDAO(7139) - INFO - <BUILDID=N/A, WORKER=HW, WRKID=87, JOBID=1010> Model insert attempt failed with DUP_ENTRY: jobID=1010; paramsHash=b83e94a3acb214f3fdd3aee92e9fbdb5 OR particleHash=b075166262a4f099e6d005fd45331310; IntegrityError(1062, u"Duplicate entry '1010-\\xB8>\\x94\\xA3\\xAC\\xB2\\x14\\xF3\\xFD\\xD3\\xAE\\xE9.\\x9F\\xBD\\xB5' for key 'job_id'")
2014-12-27 10:11:14,590 - com.numenta.nupic.swarming.HypersearchWorker(7139) - INFO - <BUILDID=N/A, WORKER=HW, WRKID=87, JOBID=1010> Adding model 1542 to our internal DB because modelInsertAndStart() failed to insert it: paramsHash=b83e94a3acb214f3fdd3aee92e9fbdb5, particleHash=9a02cd8248313b66146579a87edb88db, particleId='85.0.0'
2014-12-27 10:11:14,597 - com.numenta.nupic.database.ClientJobsDAO.ClientJobsDAO(7139) - INFO - <BUILDID=N/A, WORKER=HW, WRKID=87, JOBID=1010> Model insert attempt failed with DUP_ENTRY: jobID=1010; paramsHash=b83e94a3acb214f3fdd3aee92e9fbdb5 OR particleHash=7044fa861b92b1f5066f58e6b6d0556d; IntegrityError(1062, u"Duplicate entry '1010-\\xB8>\\x94\\xA3\\xAC\\xB2\\x14\\xF3\\xFD\\xD3\\xAE\\xE9.\\x9F\\xBD\\xB5' for key 'job_id'")
2014-12-27 10:11:14,602 - com.numenta.nupic.swarming.HypersearchWorker(7139) - INFO - <BUILDID=N/A, WORKER=HW, WRKID=87, JOBID=1010> Adding model 1542 to our internal DB because modelInsertAndStart() failed to insert it: paramsHash=b83e94a3acb214f3fdd3aee92e9fbdb5, particleHash=9a02cd8248313b66146579a87edb88db, particleId='85.0.0'
2014-12-27 10:11:14,607 - com.numenta.nupic.database.ClientJobsDAO.ClientJobsDAO(7139) - INFO - <BUILDID=N/A, WORKER=HW, WRKID=87, JOBID=1010> Model insert attempt failed with DUP_ENTRY: jobID=1010; paramsHash=b83e94a3acb214f3fdd3aee92e9fbdb5 OR particleHash=ba8883fae1cc2a4ae988cfb249f5dd2b; IntegrityError(1062, u"Duplicate entry '1010-\\xB8>\\x94\\xA3\\xAC\\xB2\\x14\\xF3\\xFD\\xD3\\xAE\\xE9.\\x9F\\xBD\\xB5' for key 'job_id'")
2014-12-27 10:11:14,614 - com.numenta.nupic.swarming.HypersearchWorker(7139) - INFO - <BUILDID=N/A, WORKER=HW, WRKID=87, JOBID=1010> Adding model 1542 to our internal DB because modelInsertAndStart() failed to insert it: paramsHash=b83e94a3acb214f3fdd3aee92e9fbdb5, particleHash=9a02cd8248313b66146579a87edb88db, particleId='85.0.0'
2014-12-27 10:11:14,618 - com.numenta.nupic.database.ClientJobsDAO.ClientJobsDAO(7139) - INFO - <BUILDID=N/A, WORKER=HW, WRKID=87, JOBID=1010> Model insert attempt failed with DUP_ENTRY: jobID=1010; paramsHash=b83e94a3acb214f3fdd3aee92e9fbdb5 OR particleHash=3035da4df6bbe4b941387dd49abb388a; IntegrityError(1062, u"Duplicate entry '1010-\\xB8>\\x94\\xA3\\xAC\\xB2\\x14\\xF3\\xFD\\xD3\\xAE\\xE9.\\x9F\\xBD\\xB5' for key 'job_id'")
2014-12-27 10:11:14,624 - com.numenta.nupic.swarming.HypersearchWorker(7139) - INFO - <BUILDID=N/A, WORKER=HW, WRKID=87, JOBID=1010> Adding model 1542 to our internal DB because modelInsertAndStart() failed to insert it: paramsHash=b83e94a3acb214f3fdd3aee92e9fbdb5, particleHash=9a02cd8248313b66146579a87edb88db, particleId='85.0.0'
2014-12-27 10:11:14,629 - com.numenta.nupic.database.ClientJobsDAO.ClientJobsDAO(7139) - INFO - <BUILDID=N/A, WORKER=HW, WRKID=87, JOBID=1010> Model insert attempt failed with DUP_ENTRY: jobID=1010; paramsHash=b83e94a3acb214f3fdd3aee92e9fbdb5 OR particleHash=a96e9d0664f590c21b672dc4f1841368; IntegrityError(1062, u"Duplicate entry '1010-\\xB8>\\x94\\xA3\\xAC\\xB2\\x14\\xF3\\xFD\\xD3\\xAE\\xE9.\\x9F\\xBD\\xB5' for key 'job_id'")
2014-12-27 10:11:14,636 - com.numenta.nupic.swarming.HypersearchWorker(7139) - INFO - <BUILDID=N/A, WORKER=HW, WRKID=87, JOBID=1010> Adding model 1542 to our internal DB because modelInsertAndStart() failed to insert it: paramsHash=b83e94a3acb214f3fdd3aee92e9fbdb5, particleHash=9a02cd8248313b66146579a87edb88db, particleId='85.0.0'
2014-12-27 10:11:14,640 - com.numenta.nupic.database.ClientJobsDAO.ClientJobsDAO(7139) - INFO - <BUILDID=N/A, WORKER=HW, WRKID=87, JOBID=1010> Model insert attempt failed with DUP_ENTRY: jobID=1010; paramsHash=b83e94a3acb214f3fdd3aee92e9fbdb5 OR particleHash=1baa919cb43256ab7200ef9ee2bedb9b; IntegrityError(1062, u"Duplicate entry '1010-\\xB8>\\x94\\xA3\\xAC\\xB2\\x14\\xF3\\xFD\\xD3\\xAE\\xE9.\\x9F\\xBD\\xB5' for key 'job_id'")
2014-12-27 10:11:14,644 - com.numenta.nupic.swarming.HypersearchWorker(7139) - INFO - <BUILDID=N/A, WORKER=HW, WRKID=87, JOBID=1010> Adding model 1542 to our internal DB because modelInsertAndStart() failed to insert it: paramsHash=b83e94a3acb214f3fdd3aee92e9fbdb5, particleHash=9a02cd8248313b66146579a87edb88db, particleId='85.0.0'
2014-12-27 10:11:14,648 - com.numenta.nupic.swarming.HypersearchV2.HypersearchV2(7139) - INFO - <BUILDID=N/A, WORKER=HW, WRKID=87, JOBID=1010> Ready to end hyperseach, but not all models have matured yet. Sleeping a bit to wait for all models to mature.
2014-12-27 10:11:17,858 - com.numenta.nupic.swarming.HypersearchV2.HypersearchV2(7139) - ERROR - <BUILDID=N/A, WORKER=HW, WRKID=87, JOBID=1010> Exiting because some worker set the workerCompletionReason to error. WorkerCompletionMsg: E10002: Exiting due to receiving too many models failing from exceptions (6 out of 6). 
Model Exception: Exception occurred while running model 1572: Exception(u'Invalid file format for "/home/pat/workspace/nupic/examples/opf/clients/hotgym/prediction/sandiego/sandiego.csv" - field type ""2011-02-01 01:00:00"" not one of (\'string\', \'datetime\', \'int\', \'float\', \'bool\', \'sdr\') ',) (<type 'exceptions.Exception'>)
Traceback (most recent call last):
  File "/home/pat/workspace/nupic/nupic/swarming/utils.py", line 430, in runModelGivenBaseAndParams
    (completionReason, completionMsg) = runner.run()
  File "/home/pat/workspace/nupic/nupic/swarming/ModelRunner.py", line 237, in run
    maxTimeout=readTimeout)
  File "/home/pat/workspace/nupic/nupic/data/stream_reader.py", line 210, in __init__
    self._openStream(dataUrl, isBlocking, maxTimeout, bookmark, firstRecordIdx)
  File "/home/pat/workspace/nupic/nupic/data/stream_reader.py", line 298, in _openStream
    firstRecord=firstRecordIdx)
  File "/home/pat/workspace/nupic/nupic/data/file_record_stream.py", line 209, in __init__
    'not one of %s ' % (self._filename, t, allowedTypes))
Exception: Invalid file format for "/home/pat/workspace/nupic/examples/opf/clients/hotgym/prediction/sandiego/sandiego.csv" - field type ""2011-02-01 01:00:00"" not one of ('string', 'datetime', 'int', 'float', 'bool', 'sdr') 

2014-12-27 10:11:17,865 - com.numenta.nupic.swarming.HypersearchV2.HypersearchV2(7139) - INFO - <BUILDID=N/A, WORKER=HW, WRKID=87, JOBID=1010> Failed updating the field contributions, another hypersearch worker must have updated it
2014-12-27 10:11:17,866 - com.numenta.nupic.swarming.HypersearchWorker(7139) - INFO - <BUILDID=N/A, WORKER=HW, WRKID=87, JOBID=1010> FINISHED. Evaluated 0 models.
