2014-12-27 10:28:38,493 - com.numenta.nupic.swarming.HypersearchWorker(7215) - INFO - <BUILDID=N/A, WORKER=HS, WRKID=N/A, JOBID=N/A> Launched with command line arguments: ['--jobID=1012']
2014-12-27 10:28:38,494 - com.numenta.nupic.swarming.HypersearchWorker(7215) - INFO - <BUILDID=N/A, WORKER=HS, WRKID=N/A, JOBID=N/A> Connecting to the jobs database
2014-12-27 10:28:38,494 - com.numenta.nupic.database.Connection.ConnectionFactory(7215) - INFO - <BUILDID=N/A, WORKER=HS, WRKID=N/A, JOBID=N/A> Creating db connection policy via provider <bound method type._createDefaultPolicy of <class 'nupic.database.Connection.ConnectionFactory'>>
2014-12-27 10:28:38,518 - com.numenta.nupic.database.Connection.PooledConnectionPolicy(7215) - INFO - <BUILDID=N/A, WORKER=HS, WRKID=N/A, JOBID=N/A> Created PooledConnectionPolicy
2014-12-27 10:28:38,528 - com.numenta.nupic.database.ClientJobsDAO.ClientJobsDAO(7215) - INFO - <BUILDID=N/A, WORKER=HS, WRKID=N/A, JOBID=N/A> clientJobsConnectionID=96
2014-12-27 10:28:38,530 - com.numenta.nupic.swarming.HypersearchWorker(7215) - INFO - <BUILDID=N/A, WORKER=HW, WRKID=96, JOBID=1012> Job info retrieved: {'engModelMilestones': 'None', 'clientInfo': '', 'numFailedWorkers': '0', 'engJobType': 'hypersearch', 'results': 'None', 'jobId': '1012', 'completionMsg': 'None', 'cancel': '0', 'engWorkerState': 'None', 'workerCompletionMsg': 'None', 'jobHash': ",\xb47\xf1\x8d\xf6\x11\xe4\x9c\x1f\x08\x00'\x16\xdf\xd4", 'genBaseDescription': 'None', 'completionReason': 'None', 'priority': '0', 'cmdLine': '$HYPERSEARCH', 'params': '{"hsVersion": "v2", "maxModels": null, "persistentJobGUID": "2cb...', 'workerCompletionReason': 'success', 'engAllocateNewWorkers': '1', 'lastFailedWorkerErrorMsg': 'None', 'engUntendedDeadWorkers': '0', 'engLastUpdateTime': '2014-12-27 18:28:37', 'status': 'notStarted', 'engStatus': 'None', 'startTime': 'None', 'minimumWorkers': '1', 'endTime': 'None', 'engCjmConnId': 'None', 'genPermutations': 'None', 'client': 'GRP', 'engCleaningStatus': 'notdone', 'clientKey': '', 'maximumWorkers': '4'}
2014-12-27 10:28:38,532 - com.numenta.nupic.swarming.HypersearchV2.HypersearchV2(7215) - INFO - <BUILDID=N/A, WORKER=HW, WRKID=96, JOBID=1012> searchParams: 
{u'description': {u'includedFields': [{u'fieldName': 'timestamp',
                                       u'fieldType': 'datetime'},
                                      {u'fieldName': 'kw_energy_consumption',
                                       u'fieldType': 'float',
                                       u'maxValue': '5.18',
                                       u'minValue': '0.0'}],
                  u'inferenceArgs': {u'predictedField': 'kw_energy_consumption',
                                     u'predictionSteps': ['1']},
                  u'inferenceType': 'TemporalMultiStep',
                  u'iterationCount': '-1',
                  u'streamDef': {u'info': 'kw_energy_consumption',
                                 u'streams': [{u'columns': ['*'],
                                               u'info': 'San Diego',
                                               u'source': 'file://sandiego.csv'}],
                                 u'version': '1'},
                  u'swarmSize': 'small'},
 u'hsVersion': 'v2',
 u'maxModels': 'None',
 u'persistentJobGUID': '2cb437f0-8df6-11e4-9c1f-08002716dfd4',
 u'useTerminators': 'False'}
2014-12-27 10:28:38,652 - com.numenta.nupic.swarming.HypersearchV2.HypersearchV2(7215) - INFO - <BUILDID=N/A, WORKER=HW, WRKID=96, JOBID=1012> Active swarms changed to [u'modelParams|sensorParams|encoders|kw_energy_consumption'] (from None)
2014-12-27 10:28:38,818 - com.numenta.nupic.database.ClientJobsDAO.ClientJobsDAO(7215) - INFO - <BUILDID=N/A, WORKER=HW, WRKID=96, JOBID=1012> Model insert attempt failed with DUP_ENTRY: jobID=1012; paramsHash=b83e94a3acb214f3fdd3aee92e9fbdb5 OR particleHash=ce48cb39689e7edff38faa3cc9a69385; IntegrityError(1062, u"Duplicate entry '1012-\\xB8>\\x94\\xA3\\xAC\\xB2\\x14\\xF3\\xFD\\xD3\\xAE\\xE9.\\x9F\\xBD\\xB5' for key 'job_id'")
2014-12-27 10:28:38,821 - com.numenta.nupic.swarming.HypersearchWorker(7215) - INFO - <BUILDID=N/A, WORKER=HW, WRKID=96, JOBID=1012> Adding model 1609 to our internal DB because modelInsertAndStart() failed to insert it: paramsHash=b83e94a3acb214f3fdd3aee92e9fbdb5, particleHash=2d971205dc1dbb8b82fb645ed3e3be95, particleId='95.0.0'
2014-12-27 10:28:38,826 - com.numenta.nupic.database.ClientJobsDAO.ClientJobsDAO(7215) - INFO - <BUILDID=N/A, WORKER=HW, WRKID=96, JOBID=1012> Model insert attempt failed with DUP_ENTRY: jobID=1012; paramsHash=b83e94a3acb214f3fdd3aee92e9fbdb5 OR particleHash=70daf84a8a14a46b252f5801bd509a08; IntegrityError(1062, u"Duplicate entry '1012-\\xB8>\\x94\\xA3\\xAC\\xB2\\x14\\xF3\\xFD\\xD3\\xAE\\xE9.\\x9F\\xBD\\xB5' for key 'job_id'")
2014-12-27 10:28:38,837 - com.numenta.nupic.swarming.HypersearchWorker(7215) - INFO - <BUILDID=N/A, WORKER=HW, WRKID=96, JOBID=1012> Adding model 1609 to our internal DB because modelInsertAndStart() failed to insert it: paramsHash=b83e94a3acb214f3fdd3aee92e9fbdb5, particleHash=2d971205dc1dbb8b82fb645ed3e3be95, particleId='95.0.0'
2014-12-27 10:28:38,853 - com.numenta.nupic.database.ClientJobsDAO.ClientJobsDAO(7215) - INFO - <BUILDID=N/A, WORKER=HW, WRKID=96, JOBID=1012> Model insert attempt failed with DUP_ENTRY: jobID=1012; paramsHash=b83e94a3acb214f3fdd3aee92e9fbdb5 OR particleHash=bd1efffb6319e0fd0d3cdf7e3607736a; IntegrityError(1062, u"Duplicate entry '1012-\\xB8>\\x94\\xA3\\xAC\\xB2\\x14\\xF3\\xFD\\xD3\\xAE\\xE9.\\x9F\\xBD\\xB5' for key 'job_id'")
2014-12-27 10:28:38,858 - com.numenta.nupic.swarming.HypersearchWorker(7215) - INFO - <BUILDID=N/A, WORKER=HW, WRKID=96, JOBID=1012> Adding model 1609 to our internal DB because modelInsertAndStart() failed to insert it: paramsHash=b83e94a3acb214f3fdd3aee92e9fbdb5, particleHash=2d971205dc1dbb8b82fb645ed3e3be95, particleId='95.0.0'
2014-12-27 10:28:38,861 - com.numenta.nupic.database.ClientJobsDAO.ClientJobsDAO(7215) - INFO - <BUILDID=N/A, WORKER=HW, WRKID=96, JOBID=1012> Model insert attempt failed with DUP_ENTRY: jobID=1012; paramsHash=b83e94a3acb214f3fdd3aee92e9fbdb5 OR particleHash=4d411adab9d462007a3a6badbda012cb; IntegrityError(1062, u"Duplicate entry '1012-\\xB8>\\x94\\xA3\\xAC\\xB2\\x14\\xF3\\xFD\\xD3\\xAE\\xE9.\\x9F\\xBD\\xB5' for key 'job_id'")
2014-12-27 10:28:38,880 - com.numenta.nupic.swarming.HypersearchWorker(7215) - INFO - <BUILDID=N/A, WORKER=HW, WRKID=96, JOBID=1012> Adding model 1609 to our internal DB because modelInsertAndStart() failed to insert it: paramsHash=b83e94a3acb214f3fdd3aee92e9fbdb5, particleHash=2d971205dc1dbb8b82fb645ed3e3be95, particleId='95.0.0'
2014-12-27 10:28:38,884 - com.numenta.nupic.database.ClientJobsDAO.ClientJobsDAO(7215) - INFO - <BUILDID=N/A, WORKER=HW, WRKID=96, JOBID=1012> Model insert attempt failed with DUP_ENTRY: jobID=1012; paramsHash=b83e94a3acb214f3fdd3aee92e9fbdb5 OR particleHash=f085f312d7759f900b959cae924747b5; IntegrityError(1062, u"Duplicate entry '1012-\\xB8>\\x94\\xA3\\xAC\\xB2\\x14\\xF3\\xFD\\xD3\\xAE\\xE9.\\x9F\\xBD\\xB5' for key 'job_id'")
2014-12-27 10:28:38,888 - com.numenta.nupic.swarming.HypersearchWorker(7215) - INFO - <BUILDID=N/A, WORKER=HW, WRKID=96, JOBID=1012> Adding model 1609 to our internal DB because modelInsertAndStart() failed to insert it: paramsHash=b83e94a3acb214f3fdd3aee92e9fbdb5, particleHash=2d971205dc1dbb8b82fb645ed3e3be95, particleId='95.0.0'
2014-12-27 10:28:38,892 - com.numenta.nupic.database.ClientJobsDAO.ClientJobsDAO(7215) - INFO - <BUILDID=N/A, WORKER=HW, WRKID=96, JOBID=1012> Model insert attempt failed with DUP_ENTRY: jobID=1012; paramsHash=b83e94a3acb214f3fdd3aee92e9fbdb5 OR particleHash=91655eb9a6f01f5dda6f31d866eb2691; IntegrityError(1062, u"Duplicate entry '1012-\\xB8>\\x94\\xA3\\xAC\\xB2\\x14\\xF3\\xFD\\xD3\\xAE\\xE9.\\x9F\\xBD\\xB5' for key 'job_id'")
2014-12-27 10:28:38,895 - com.numenta.nupic.swarming.HypersearchWorker(7215) - INFO - <BUILDID=N/A, WORKER=HW, WRKID=96, JOBID=1012> Adding model 1609 to our internal DB because modelInsertAndStart() failed to insert it: paramsHash=b83e94a3acb214f3fdd3aee92e9fbdb5, particleHash=2d971205dc1dbb8b82fb645ed3e3be95, particleId='95.0.0'
2014-12-27 10:28:38,898 - com.numenta.nupic.database.ClientJobsDAO.ClientJobsDAO(7215) - INFO - <BUILDID=N/A, WORKER=HW, WRKID=96, JOBID=1012> Model insert attempt failed with DUP_ENTRY: jobID=1012; paramsHash=b83e94a3acb214f3fdd3aee92e9fbdb5 OR particleHash=13b4eaa697fcb3e48cf75e22984ca27d; IntegrityError(1062, u"Duplicate entry '1012-\\xB8>\\x94\\xA3\\xAC\\xB2\\x14\\xF3\\xFD\\xD3\\xAE\\xE9.\\x9F\\xBD\\xB5' for key 'job_id'")
2014-12-27 10:28:38,901 - com.numenta.nupic.swarming.HypersearchWorker(7215) - INFO - <BUILDID=N/A, WORKER=HW, WRKID=96, JOBID=1012> Adding model 1609 to our internal DB because modelInsertAndStart() failed to insert it: paramsHash=b83e94a3acb214f3fdd3aee92e9fbdb5, particleHash=2d971205dc1dbb8b82fb645ed3e3be95, particleId='95.0.0'
2014-12-27 10:28:38,905 - com.numenta.nupic.database.ClientJobsDAO.ClientJobsDAO(7215) - INFO - <BUILDID=N/A, WORKER=HW, WRKID=96, JOBID=1012> Model insert attempt failed with DUP_ENTRY: jobID=1012; paramsHash=b83e94a3acb214f3fdd3aee92e9fbdb5 OR particleHash=dcfa8f1808e64bbabedf753275a7d890; IntegrityError(1062, u"Duplicate entry '1012-\\xB8>\\x94\\xA3\\xAC\\xB2\\x14\\xF3\\xFD\\xD3\\xAE\\xE9.\\x9F\\xBD\\xB5' for key 'job_id'")
2014-12-27 10:28:38,908 - com.numenta.nupic.swarming.HypersearchWorker(7215) - INFO - <BUILDID=N/A, WORKER=HW, WRKID=96, JOBID=1012> Adding model 1609 to our internal DB because modelInsertAndStart() failed to insert it: paramsHash=b83e94a3acb214f3fdd3aee92e9fbdb5, particleHash=2d971205dc1dbb8b82fb645ed3e3be95, particleId='95.0.0'
2014-12-27 10:28:38,910 - com.numenta.nupic.database.ClientJobsDAO.ClientJobsDAO(7215) - INFO - <BUILDID=N/A, WORKER=HW, WRKID=96, JOBID=1012> Model insert attempt failed with DUP_ENTRY: jobID=1012; paramsHash=b83e94a3acb214f3fdd3aee92e9fbdb5 OR particleHash=fd6fadc29ac6bae69c98f5f1a6a0ef13; IntegrityError(1062, u"Duplicate entry '1012-\\xB8>\\x94\\xA3\\xAC\\xB2\\x14\\xF3\\xFD\\xD3\\xAE\\xE9.\\x9F\\xBD\\xB5' for key 'job_id'")
2014-12-27 10:28:38,913 - com.numenta.nupic.swarming.HypersearchWorker(7215) - INFO - <BUILDID=N/A, WORKER=HW, WRKID=96, JOBID=1012> Adding model 1609 to our internal DB because modelInsertAndStart() failed to insert it: paramsHash=b83e94a3acb214f3fdd3aee92e9fbdb5, particleHash=2d971205dc1dbb8b82fb645ed3e3be95, particleId='95.0.0'
2014-12-27 10:28:38,916 - com.numenta.nupic.database.ClientJobsDAO.ClientJobsDAO(7215) - INFO - <BUILDID=N/A, WORKER=HW, WRKID=96, JOBID=1012> Model insert attempt failed with DUP_ENTRY: jobID=1012; paramsHash=b83e94a3acb214f3fdd3aee92e9fbdb5 OR particleHash=5e0d459aa08a4c6f3b9be9a0d302070d; IntegrityError(1062, u"Duplicate entry '1012-\\xB8>\\x94\\xA3\\xAC\\xB2\\x14\\xF3\\xFD\\xD3\\xAE\\xE9.\\x9F\\xBD\\xB5' for key 'job_id'")
2014-12-27 10:28:38,918 - com.numenta.nupic.swarming.HypersearchWorker(7215) - INFO - <BUILDID=N/A, WORKER=HW, WRKID=96, JOBID=1012> Adding model 1609 to our internal DB because modelInsertAndStart() failed to insert it: paramsHash=b83e94a3acb214f3fdd3aee92e9fbdb5, particleHash=2d971205dc1dbb8b82fb645ed3e3be95, particleId='95.0.0'
2014-12-27 10:28:38,921 - com.numenta.nupic.swarming.HypersearchV2.HypersearchV2(7215) - INFO - <BUILDID=N/A, WORKER=HW, WRKID=96, JOBID=1012> Ready to end hyperseach, but not all models have matured yet. Sleeping a bit to wait for all models to mature.
2014-12-27 10:28:42,126 - com.numenta.nupic.swarming.HypersearchV2.HypersearchV2(7215) - ERROR - <BUILDID=N/A, WORKER=HW, WRKID=96, JOBID=1012> Exiting because some worker set the workerCompletionReason to error. WorkerCompletionMsg: E10001: ('The provided timestamp "2011-02-01 01:00:00" is malformed. The supported formats are: [%Y-%m-%d %H:%M:%S.%f, %Y-%m-%d %H:%M:%S:%f, %Y-%m-%d %H:%M:%S, %Y-%m-%d %H:%M, %Y-%m-%d, %m/%d/%Y %H:%M, %m/%d/%y %H:%M, %Y-%m-%dT%H:%M:%S.%fZ, %Y-%m-%dT%H:%M:%SZ, %Y-%m-%dT%H:%M:%S]',): Traceback (most recent call last):
  File "/home/pat/workspace/nupic/nupic/swarming/ModelRunner.py", line 346, in __runTaskMainLoop
    inputRecord = self._inputSource.getNextRecordDict()
  File "/home/pat/workspace/nupic/nupic/data/record_stream.py", line 75, in getNextRecordDict
    values = self.getNextRecord()
  File "/home/pat/workspace/nupic/nupic/data/stream_reader.py", line 327, in getNextRecord
    preAggValues = self._recordStore.getNextRecord()
  File "/home/pat/workspace/nupic/nupic/data/file_record_stream.py", line 374, in getNextRecord
    record.append(self._adapters[i](f))
  File "/home/pat/workspace/nupic/nupic/data/utils.py", line 60, in parseTimestamp
    'formats are: [%s]' % (s, ', '.join(DATETIME_FORMATS)))
ValueError: The provided timestamp "2011-02-01 01:00:00" is malformed. The supported formats are: [%Y-%m-%d %H:%M:%S.%f, %Y-%m-%d %H:%M:%S:%f, %Y-%m-%d %H:%M:%S, %Y-%m-%d %H:%M, %Y-%m-%d, %m/%d/%Y %H:%M, %m/%d/%y %H:%M, %Y-%m-%dT%H:%M:%S.%fZ, %Y-%m-%dT%H:%M:%SZ, %Y-%m-%dT%H:%M:%S]

2014-12-27 10:28:42,133 - com.numenta.nupic.swarming.HypersearchV2.HypersearchV2(7215) - INFO - <BUILDID=N/A, WORKER=HW, WRKID=96, JOBID=1012> Failed updating the field contributions, another hypersearch worker must have updated it
2014-12-27 10:28:42,133 - com.numenta.nupic.swarming.HypersearchWorker(7215) - INFO - <BUILDID=N/A, WORKER=HW, WRKID=96, JOBID=1012> FINISHED. Evaluated 0 models.
