2014-12-27 11:17:24,252 - com.numenta.nupic.swarming.HypersearchWorker(7476) - INFO - <BUILDID=N/A, WORKER=HS, WRKID=N/A, JOBID=N/A> Launched with command line arguments: ['--jobID=1016']
2014-12-27 11:17:24,253 - com.numenta.nupic.swarming.HypersearchWorker(7476) - INFO - <BUILDID=N/A, WORKER=HS, WRKID=N/A, JOBID=N/A> Connecting to the jobs database
2014-12-27 11:17:24,253 - com.numenta.nupic.database.Connection.ConnectionFactory(7476) - INFO - <BUILDID=N/A, WORKER=HS, WRKID=N/A, JOBID=N/A> Creating db connection policy via provider <bound method type._createDefaultPolicy of <class 'nupic.database.Connection.ConnectionFactory'>>
2014-12-27 11:17:24,269 - com.numenta.nupic.database.Connection.PooledConnectionPolicy(7476) - INFO - <BUILDID=N/A, WORKER=HS, WRKID=N/A, JOBID=N/A> Created PooledConnectionPolicy
2014-12-27 11:17:24,296 - com.numenta.nupic.database.ClientJobsDAO.ClientJobsDAO(7476) - INFO - <BUILDID=N/A, WORKER=HS, WRKID=N/A, JOBID=N/A> clientJobsConnectionID=116
2014-12-27 11:17:24,306 - com.numenta.nupic.swarming.HypersearchWorker(7476) - INFO - <BUILDID=N/A, WORKER=HW, WRKID=116, JOBID=1016> Job info retrieved: {'engModelMilestones': 'None', 'clientInfo': '', 'numFailedWorkers': '0', 'engJobType': 'hypersearch', 'results': 'None', 'jobId': '1016', 'completionMsg': 'None', 'cancel': '0', 'engWorkerState': 'None', 'workerCompletionMsg': 'None', 'jobHash': "\xfc\x9f\xbf\x7f\x8d\xfc\x11\xe4\x9c\x1f\x08\x00'\x16\xdf\xd4", 'genBaseDescription': 'None', 'completionReason': 'None', 'priority': '0', 'cmdLine': '$HYPERSEARCH', 'params': '{"hsVersion": "v2", "maxModels": null, "persistentJobGUID": "fc9...', 'workerCompletionReason': 'success', 'engAllocateNewWorkers': '1', 'lastFailedWorkerErrorMsg': 'None', 'engUntendedDeadWorkers': '0', 'engLastUpdateTime': '2014-12-27 19:17:23', 'status': 'notStarted', 'engStatus': 'None', 'startTime': 'None', 'minimumWorkers': '1', 'endTime': 'None', 'engCjmConnId': 'None', 'genPermutations': 'None', 'client': 'GRP', 'engCleaningStatus': 'notdone', 'clientKey': '', 'maximumWorkers': '4'}
2014-12-27 11:17:24,308 - com.numenta.nupic.swarming.HypersearchV2.HypersearchV2(7476) - INFO - <BUILDID=N/A, WORKER=HW, WRKID=116, JOBID=1016> searchParams: 
{u'description': {u'includedFields': [{u'fieldName': 'timestamp',
                                       u'fieldType': 'datetime'},
                                      {u'fieldName': 'kw_energy_consumption',
                                       u'fieldType': 'float',
                                       u'maxValue': '5.18',
                                       u'minValue': '0.0'}],
                  u'inferenceArgs': {u'predictedField': 'kw_energy_consumption',
                                     u'predictionSteps': ['1']},
                  u'inferenceType': 'TemporalMultiStep',
                  u'iterationCount': '-1',
                  u'streamDef': {u'info': 'kw_energy_consumption',
                                 u'streams': [{u'columns': ['*'],
                                               u'info': 'San Diego',
                                               u'source': 'file://sandiego.csv'}],
                                 u'version': '1'},
                  u'swarmSize': 'small'},
 u'hsVersion': 'v2',
 u'maxModels': 'None',
 u'persistentJobGUID': 'fc9fbf7e-8dfc-11e4-9c1f-08002716dfd4',
 u'useTerminators': 'False'}
2014-12-27 11:17:24,467 - com.numenta.nupic.swarming.HypersearchV2.HypersearchV2(7476) - INFO - <BUILDID=N/A, WORKER=HW, WRKID=116, JOBID=1016> Active swarms changed to [u'modelParams|sensorParams|encoders|kw_energy_consumption'] (from None)
2014-12-27 11:17:24,641 - com.numenta.nupic.database.ClientJobsDAO.ClientJobsDAO(7476) - INFO - <BUILDID=N/A, WORKER=HW, WRKID=116, JOBID=1016> Model insert attempt failed with DUP_ENTRY: jobID=1016; paramsHash=2006086f3fd241742205c6581012c02b OR particleHash=5995ab194eaa74b5dc212e127a00ce2d; IntegrityError(1062, u'Duplicate entry \'1016- \\x06\\x08o?\\xD2At"\\x05\\xC6X\\x10\\x12\\xC0+\' for key \'job_id\'')
2014-12-27 11:17:24,652 - com.numenta.nupic.swarming.HypersearchWorker(7476) - INFO - <BUILDID=N/A, WORKER=HW, WRKID=116, JOBID=1016> Adding model 1648 to our internal DB because modelInsertAndStart() failed to insert it: paramsHash=2006086f3fd241742205c6581012c02b, particleHash=f0aa461cc1922c5b6fc9ca2766605035, particleId='118.0.0'
2014-12-27 11:17:24,659 - com.numenta.nupic.database.ClientJobsDAO.ClientJobsDAO(7476) - INFO - <BUILDID=N/A, WORKER=HW, WRKID=116, JOBID=1016> Model insert attempt failed with DUP_ENTRY: jobID=1016; paramsHash=2006086f3fd241742205c6581012c02b OR particleHash=27a358b467a44d327d63ed29f28aca3e; IntegrityError(1062, u'Duplicate entry \'1016- \\x06\\x08o?\\xD2At"\\x05\\xC6X\\x10\\x12\\xC0+\' for key \'job_id\'')
2014-12-27 11:17:24,674 - com.numenta.nupic.swarming.HypersearchWorker(7476) - INFO - <BUILDID=N/A, WORKER=HW, WRKID=116, JOBID=1016> Adding model 1648 to our internal DB because modelInsertAndStart() failed to insert it: paramsHash=2006086f3fd241742205c6581012c02b, particleHash=f0aa461cc1922c5b6fc9ca2766605035, particleId='118.0.0'
2014-12-27 11:17:24,679 - com.numenta.nupic.database.ClientJobsDAO.ClientJobsDAO(7476) - INFO - <BUILDID=N/A, WORKER=HW, WRKID=116, JOBID=1016> Model insert attempt failed with DUP_ENTRY: jobID=1016; paramsHash=2006086f3fd241742205c6581012c02b OR particleHash=f9143ace9b2962b9723c4366af7edfea; IntegrityError(1062, u'Duplicate entry \'1016- \\x06\\x08o?\\xD2At"\\x05\\xC6X\\x10\\x12\\xC0+\' for key \'job_id\'')
2014-12-27 11:17:24,685 - com.numenta.nupic.swarming.HypersearchWorker(7476) - INFO - <BUILDID=N/A, WORKER=HW, WRKID=116, JOBID=1016> Adding model 1648 to our internal DB because modelInsertAndStart() failed to insert it: paramsHash=2006086f3fd241742205c6581012c02b, particleHash=f0aa461cc1922c5b6fc9ca2766605035, particleId='118.0.0'
2014-12-27 11:17:24,689 - com.numenta.nupic.database.ClientJobsDAO.ClientJobsDAO(7476) - INFO - <BUILDID=N/A, WORKER=HW, WRKID=116, JOBID=1016> Model insert attempt failed with DUP_ENTRY: jobID=1016; paramsHash=2006086f3fd241742205c6581012c02b OR particleHash=8dbc53db953bd7d3c4c1523fd192c596; IntegrityError(1062, u'Duplicate entry \'1016- \\x06\\x08o?\\xD2At"\\x05\\xC6X\\x10\\x12\\xC0+\' for key \'job_id\'')
2014-12-27 11:17:24,695 - com.numenta.nupic.swarming.HypersearchWorker(7476) - INFO - <BUILDID=N/A, WORKER=HW, WRKID=116, JOBID=1016> Adding model 1648 to our internal DB because modelInsertAndStart() failed to insert it: paramsHash=2006086f3fd241742205c6581012c02b, particleHash=f0aa461cc1922c5b6fc9ca2766605035, particleId='118.0.0'
2014-12-27 11:17:24,704 - com.numenta.nupic.database.ClientJobsDAO.ClientJobsDAO(7476) - INFO - <BUILDID=N/A, WORKER=HW, WRKID=116, JOBID=1016> Model insert attempt failed with DUP_ENTRY: jobID=1016; paramsHash=2006086f3fd241742205c6581012c02b OR particleHash=5e3706313ea786d8e6832e6cde000807; IntegrityError(1062, u'Duplicate entry \'1016- \\x06\\x08o?\\xD2At"\\x05\\xC6X\\x10\\x12\\xC0+\' for key \'job_id\'')
2014-12-27 11:17:24,718 - com.numenta.nupic.swarming.HypersearchWorker(7476) - INFO - <BUILDID=N/A, WORKER=HW, WRKID=116, JOBID=1016> Adding model 1648 to our internal DB because modelInsertAndStart() failed to insert it: paramsHash=2006086f3fd241742205c6581012c02b, particleHash=f0aa461cc1922c5b6fc9ca2766605035, particleId='118.0.0'
2014-12-27 11:17:24,728 - com.numenta.nupic.database.ClientJobsDAO.ClientJobsDAO(7476) - INFO - <BUILDID=N/A, WORKER=HW, WRKID=116, JOBID=1016> Model insert attempt failed with DUP_ENTRY: jobID=1016; paramsHash=2006086f3fd241742205c6581012c02b OR particleHash=bd1e5ca11005e8c80a4b3a0f56d5f223; IntegrityError(1062, u'Duplicate entry \'1016- \\x06\\x08o?\\xD2At"\\x05\\xC6X\\x10\\x12\\xC0+\' for key \'job_id\'')
2014-12-27 11:17:24,749 - com.numenta.nupic.swarming.HypersearchWorker(7476) - INFO - <BUILDID=N/A, WORKER=HW, WRKID=116, JOBID=1016> Adding model 1648 to our internal DB because modelInsertAndStart() failed to insert it: paramsHash=2006086f3fd241742205c6581012c02b, particleHash=f0aa461cc1922c5b6fc9ca2766605035, particleId='118.0.0'
2014-12-27 11:17:24,752 - com.numenta.nupic.database.ClientJobsDAO.ClientJobsDAO(7476) - INFO - <BUILDID=N/A, WORKER=HW, WRKID=116, JOBID=1016> Model insert attempt failed with DUP_ENTRY: jobID=1016; paramsHash=2006086f3fd241742205c6581012c02b OR particleHash=39ef0dd149d40c1d54a161941bec4f9e; IntegrityError(1062, u'Duplicate entry \'1016- \\x06\\x08o?\\xD2At"\\x05\\xC6X\\x10\\x12\\xC0+\' for key \'job_id\'')
2014-12-27 11:17:24,755 - com.numenta.nupic.swarming.HypersearchWorker(7476) - INFO - <BUILDID=N/A, WORKER=HW, WRKID=116, JOBID=1016> Adding model 1648 to our internal DB because modelInsertAndStart() failed to insert it: paramsHash=2006086f3fd241742205c6581012c02b, particleHash=f0aa461cc1922c5b6fc9ca2766605035, particleId='118.0.0'
2014-12-27 11:17:24,758 - com.numenta.nupic.database.ClientJobsDAO.ClientJobsDAO(7476) - INFO - <BUILDID=N/A, WORKER=HW, WRKID=116, JOBID=1016> Model insert attempt failed with DUP_ENTRY: jobID=1016; paramsHash=2006086f3fd241742205c6581012c02b OR particleHash=6d48b2ddb224c09352aa473f3b7b5191; IntegrityError(1062, u'Duplicate entry \'1016- \\x06\\x08o?\\xD2At"\\x05\\xC6X\\x10\\x12\\xC0+\' for key \'job_id\'')
2014-12-27 11:17:24,764 - com.numenta.nupic.swarming.HypersearchWorker(7476) - INFO - <BUILDID=N/A, WORKER=HW, WRKID=116, JOBID=1016> Adding model 1648 to our internal DB because modelInsertAndStart() failed to insert it: paramsHash=2006086f3fd241742205c6581012c02b, particleHash=f0aa461cc1922c5b6fc9ca2766605035, particleId='118.0.0'
2014-12-27 11:17:24,768 - com.numenta.nupic.database.ClientJobsDAO.ClientJobsDAO(7476) - INFO - <BUILDID=N/A, WORKER=HW, WRKID=116, JOBID=1016> Model insert attempt failed with DUP_ENTRY: jobID=1016; paramsHash=2006086f3fd241742205c6581012c02b OR particleHash=23dffbad28b87a0a16b5c75fd2d32695; IntegrityError(1062, u'Duplicate entry \'1016- \\x06\\x08o?\\xD2At"\\x05\\xC6X\\x10\\x12\\xC0+\' for key \'job_id\'')
2014-12-27 11:17:24,771 - com.numenta.nupic.swarming.HypersearchWorker(7476) - INFO - <BUILDID=N/A, WORKER=HW, WRKID=116, JOBID=1016> Adding model 1648 to our internal DB because modelInsertAndStart() failed to insert it: paramsHash=2006086f3fd241742205c6581012c02b, particleHash=f0aa461cc1922c5b6fc9ca2766605035, particleId='118.0.0'
2014-12-27 11:17:24,773 - com.numenta.nupic.database.ClientJobsDAO.ClientJobsDAO(7476) - INFO - <BUILDID=N/A, WORKER=HW, WRKID=116, JOBID=1016> Model insert attempt failed with DUP_ENTRY: jobID=1016; paramsHash=2006086f3fd241742205c6581012c02b OR particleHash=5bd4d2880d40444442a7b85776eef1a6; IntegrityError(1062, u'Duplicate entry \'1016- \\x06\\x08o?\\xD2At"\\x05\\xC6X\\x10\\x12\\xC0+\' for key \'job_id\'')
2014-12-27 11:17:24,776 - com.numenta.nupic.swarming.HypersearchWorker(7476) - INFO - <BUILDID=N/A, WORKER=HW, WRKID=116, JOBID=1016> Adding model 1648 to our internal DB because modelInsertAndStart() failed to insert it: paramsHash=2006086f3fd241742205c6581012c02b, particleHash=f0aa461cc1922c5b6fc9ca2766605035, particleId='118.0.0'
2014-12-27 11:17:24,780 - com.numenta.nupic.swarming.HypersearchV2.HypersearchV2(7476) - INFO - <BUILDID=N/A, WORKER=HW, WRKID=116, JOBID=1016> Ready to end hyperseach, but not all models have matured yet. Sleeping a bit to wait for all models to mature.
2014-12-27 11:17:27,983 - com.numenta.nupic.swarming.HypersearchV2.HypersearchV2(7476) - INFO - <BUILDID=N/A, WORKER=HW, WRKID=116, JOBID=1016> New best model after 1 evaluations: errScore 19.4175 on model 1648
2014-12-27 11:17:27,986 - com.numenta.nupic.swarming.HypersearchWorker(7476) - INFO - <BUILDID=N/A, WORKER=HW, WRKID=116, JOBID=1016> FINISHED. Evaluated 0 models.
