2014-12-27 10:07:20,270 - com.numenta.nupic.swarming.HypersearchWorker(7108) - INFO - <BUILDID=N/A, WORKER=HS, WRKID=N/A, JOBID=N/A> Launched with command line arguments: ['--jobID=1009']
2014-12-27 10:07:20,270 - com.numenta.nupic.swarming.HypersearchWorker(7108) - INFO - <BUILDID=N/A, WORKER=HS, WRKID=N/A, JOBID=N/A> Connecting to the jobs database
2014-12-27 10:07:20,271 - com.numenta.nupic.database.Connection.ConnectionFactory(7108) - INFO - <BUILDID=N/A, WORKER=HS, WRKID=N/A, JOBID=N/A> Creating db connection policy via provider <bound method type._createDefaultPolicy of <class 'nupic.database.Connection.ConnectionFactory'>>
2014-12-27 10:07:20,297 - com.numenta.nupic.database.Connection.PooledConnectionPolicy(7108) - INFO - <BUILDID=N/A, WORKER=HS, WRKID=N/A, JOBID=N/A> Created PooledConnectionPolicy
2014-12-27 10:07:20,312 - com.numenta.nupic.database.ClientJobsDAO.ClientJobsDAO(7108) - INFO - <BUILDID=N/A, WORKER=HS, WRKID=N/A, JOBID=N/A> clientJobsConnectionID=81
2014-12-27 10:07:20,314 - com.numenta.nupic.swarming.HypersearchWorker(7108) - INFO - <BUILDID=N/A, WORKER=HW, WRKID=81, JOBID=1009> Job info retrieved: {'engModelMilestones': 'None', 'clientInfo': '', 'numFailedWorkers': '0', 'engJobType': 'hypersearch', 'results': 'None', 'jobId': '1009', 'completionMsg': 'None', 'cancel': '0', 'engWorkerState': 'None', 'workerCompletionMsg': 'None', 'jobHash': "2\xd1\xf7%\x8d\xf3\x11\xe4\x9c\x1f\x08\x00'\x16\xdf\xd4", 'genBaseDescription': 'None', 'completionReason': 'None', 'priority': '0', 'cmdLine': '$HYPERSEARCH', 'params': '{"hsVersion": "v2", "maxModels": null, "persistentJobGUID": "32d...', 'workerCompletionReason': 'success', 'engAllocateNewWorkers': '1', 'lastFailedWorkerErrorMsg': 'None', 'engUntendedDeadWorkers': '0', 'engLastUpdateTime': '2014-12-27 18:07:19', 'status': 'notStarted', 'engStatus': 'None', 'startTime': 'None', 'minimumWorkers': '1', 'endTime': 'None', 'engCjmConnId': 'None', 'genPermutations': 'None', 'client': 'GRP', 'engCleaningStatus': 'notdone', 'clientKey': '', 'maximumWorkers': '4'}
2014-12-27 10:07:20,316 - com.numenta.nupic.swarming.HypersearchV2.HypersearchV2(7108) - INFO - <BUILDID=N/A, WORKER=HW, WRKID=81, JOBID=1009> searchParams: 
{u'description': {u'includedFields': [{u'fieldName': 'timestamp',
                                       u'fieldType': 'datetime'},
                                      {u'fieldName': 'kw_energy_consumption',
                                       u'fieldType': 'float',
                                       u'maxValue': '5.18',
                                       u'minValue': '0.0'}],
                  u'inferenceArgs': {u'predictedField': 'kw_energy_consumption',
                                     u'predictionSteps': ['1']},
                  u'inferenceType': 'TemporalMultiStep',
                  u'iterationCount': '-1',
                  u'streamDef': {u'info': 'kw_energy_consumption',
                                 u'streams': [{u'columns': ['*'],
                                               u'info': 'San Diego',
                                               u'source': 'file://sandiego.csv'}],
                                 u'version': '1'},
                  u'swarmSize': 'small'},
 u'hsVersion': 'v2',
 u'maxModels': 'None',
 u'persistentJobGUID': '32d1f724-8df3-11e4-9c1f-08002716dfd4',
 u'useTerminators': 'False'}
2014-12-27 10:07:20,465 - com.numenta.nupic.swarming.HypersearchV2.HypersearchV2(7108) - INFO - <BUILDID=N/A, WORKER=HW, WRKID=81, JOBID=1009> Active swarms changed to [u'modelParams|sensorParams|encoders|kw_energy_consumption'] (from None)
2014-12-27 10:07:20,600 - com.numenta.nupic.database.ClientJobsDAO.ClientJobsDAO(7108) - INFO - <BUILDID=N/A, WORKER=HW, WRKID=81, JOBID=1009> Model insert attempt failed with DUP_ENTRY: jobID=1009; paramsHash=b83e94a3acb214f3fdd3aee92e9fbdb5 OR particleHash=bed97803afbc5f4dda5d6d210a43f3c8; IntegrityError(1062, u"Duplicate entry '1009-\\xB8>\\x94\\xA3\\xAC\\xB2\\x14\\xF3\\xFD\\xD3\\xAE\\xE9.\\x9F\\xBD\\xB5' for key 'job_id'")
2014-12-27 10:07:20,625 - com.numenta.nupic.swarming.HypersearchWorker(7108) - INFO - <BUILDID=N/A, WORKER=HW, WRKID=81, JOBID=1009> Adding model 1456 to our internal DB because modelInsertAndStart() failed to insert it: paramsHash=b83e94a3acb214f3fdd3aee92e9fbdb5, particleHash=c87da378e1099ab9822fc9f21053734c, particleId='80.0.0'
2014-12-27 10:07:20,637 - com.numenta.nupic.database.ClientJobsDAO.ClientJobsDAO(7108) - INFO - <BUILDID=N/A, WORKER=HW, WRKID=81, JOBID=1009> Model insert attempt failed with DUP_ENTRY: jobID=1009; paramsHash=b83e94a3acb214f3fdd3aee92e9fbdb5 OR particleHash=134735852de8d89ceac83986dc1823a4; IntegrityError(1062, u"Duplicate entry '1009-\\xB8>\\x94\\xA3\\xAC\\xB2\\x14\\xF3\\xFD\\xD3\\xAE\\xE9.\\x9F\\xBD\\xB5' for key 'job_id'")
2014-12-27 10:07:20,640 - com.numenta.nupic.swarming.HypersearchWorker(7108) - INFO - <BUILDID=N/A, WORKER=HW, WRKID=81, JOBID=1009> Adding model 1456 to our internal DB because modelInsertAndStart() failed to insert it: paramsHash=b83e94a3acb214f3fdd3aee92e9fbdb5, particleHash=c87da378e1099ab9822fc9f21053734c, particleId='80.0.0'
2014-12-27 10:07:20,655 - com.numenta.nupic.database.ClientJobsDAO.ClientJobsDAO(7108) - INFO - <BUILDID=N/A, WORKER=HW, WRKID=81, JOBID=1009> Model insert attempt failed with DUP_ENTRY: jobID=1009; paramsHash=b83e94a3acb214f3fdd3aee92e9fbdb5 OR particleHash=19eda7f5f370d7b1c71fdca4c5aaba29; IntegrityError(1062, u"Duplicate entry '1009-\\xB8>\\x94\\xA3\\xAC\\xB2\\x14\\xF3\\xFD\\xD3\\xAE\\xE9.\\x9F\\xBD\\xB5' for key 'job_id'")
2014-12-27 10:07:20,676 - com.numenta.nupic.swarming.HypersearchWorker(7108) - INFO - <BUILDID=N/A, WORKER=HW, WRKID=81, JOBID=1009> Adding model 1456 to our internal DB because modelInsertAndStart() failed to insert it: paramsHash=b83e94a3acb214f3fdd3aee92e9fbdb5, particleHash=c87da378e1099ab9822fc9f21053734c, particleId='80.0.0'
2014-12-27 10:07:20,687 - com.numenta.nupic.database.ClientJobsDAO.ClientJobsDAO(7108) - INFO - <BUILDID=N/A, WORKER=HW, WRKID=81, JOBID=1009> Model insert attempt failed with DUP_ENTRY: jobID=1009; paramsHash=b83e94a3acb214f3fdd3aee92e9fbdb5 OR particleHash=61be7dc2a5b02a8546c9efa7709df6fc; IntegrityError(1062, u"Duplicate entry '1009-\\xB8>\\x94\\xA3\\xAC\\xB2\\x14\\xF3\\xFD\\xD3\\xAE\\xE9.\\x9F\\xBD\\xB5' for key 'job_id'")
2014-12-27 10:07:20,697 - com.numenta.nupic.swarming.HypersearchWorker(7108) - INFO - <BUILDID=N/A, WORKER=HW, WRKID=81, JOBID=1009> Adding model 1456 to our internal DB because modelInsertAndStart() failed to insert it: paramsHash=b83e94a3acb214f3fdd3aee92e9fbdb5, particleHash=c87da378e1099ab9822fc9f21053734c, particleId='80.0.0'
2014-12-27 10:07:20,702 - com.numenta.nupic.database.ClientJobsDAO.ClientJobsDAO(7108) - INFO - <BUILDID=N/A, WORKER=HW, WRKID=81, JOBID=1009> Model insert attempt failed with DUP_ENTRY: jobID=1009; paramsHash=b83e94a3acb214f3fdd3aee92e9fbdb5 OR particleHash=4ec288ec7b7d0e5f5f971c1811d18e4b; IntegrityError(1062, u"Duplicate entry '1009-\\xB8>\\x94\\xA3\\xAC\\xB2\\x14\\xF3\\xFD\\xD3\\xAE\\xE9.\\x9F\\xBD\\xB5' for key 'job_id'")
2014-12-27 10:07:20,729 - com.numenta.nupic.swarming.HypersearchWorker(7108) - INFO - <BUILDID=N/A, WORKER=HW, WRKID=81, JOBID=1009> Adding model 1456 to our internal DB because modelInsertAndStart() failed to insert it: paramsHash=b83e94a3acb214f3fdd3aee92e9fbdb5, particleHash=c87da378e1099ab9822fc9f21053734c, particleId='80.0.0'
2014-12-27 10:07:20,733 - com.numenta.nupic.database.ClientJobsDAO.ClientJobsDAO(7108) - INFO - <BUILDID=N/A, WORKER=HW, WRKID=81, JOBID=1009> Model insert attempt failed with DUP_ENTRY: jobID=1009; paramsHash=b83e94a3acb214f3fdd3aee92e9fbdb5 OR particleHash=76aaf1e7c45c53d3a6d6cb1112f8a618; IntegrityError(1062, u"Duplicate entry '1009-\\xB8>\\x94\\xA3\\xAC\\xB2\\x14\\xF3\\xFD\\xD3\\xAE\\xE9.\\x9F\\xBD\\xB5' for key 'job_id'")
2014-12-27 10:07:20,735 - com.numenta.nupic.swarming.HypersearchWorker(7108) - INFO - <BUILDID=N/A, WORKER=HW, WRKID=81, JOBID=1009> Adding model 1456 to our internal DB because modelInsertAndStart() failed to insert it: paramsHash=b83e94a3acb214f3fdd3aee92e9fbdb5, particleHash=c87da378e1099ab9822fc9f21053734c, particleId='80.0.0'
2014-12-27 10:07:20,751 - com.numenta.nupic.database.ClientJobsDAO.ClientJobsDAO(7108) - INFO - <BUILDID=N/A, WORKER=HW, WRKID=81, JOBID=1009> Model insert attempt failed with DUP_ENTRY: jobID=1009; paramsHash=b83e94a3acb214f3fdd3aee92e9fbdb5 OR particleHash=2655e45e0346d7f8fec3379c68e2e138; IntegrityError(1062, u"Duplicate entry '1009-\\xB8>\\x94\\xA3\\xAC\\xB2\\x14\\xF3\\xFD\\xD3\\xAE\\xE9.\\x9F\\xBD\\xB5' for key 'job_id'")
2014-12-27 10:07:20,761 - com.numenta.nupic.swarming.HypersearchWorker(7108) - INFO - <BUILDID=N/A, WORKER=HW, WRKID=81, JOBID=1009> Adding model 1456 to our internal DB because modelInsertAndStart() failed to insert it: paramsHash=b83e94a3acb214f3fdd3aee92e9fbdb5, particleHash=c87da378e1099ab9822fc9f21053734c, particleId='80.0.0'
2014-12-27 10:07:20,766 - com.numenta.nupic.database.ClientJobsDAO.ClientJobsDAO(7108) - INFO - <BUILDID=N/A, WORKER=HW, WRKID=81, JOBID=1009> Model insert attempt failed with DUP_ENTRY: jobID=1009; paramsHash=b83e94a3acb214f3fdd3aee92e9fbdb5 OR particleHash=cef2cf3e74ffbbefd7ef6a18ec5b04da; IntegrityError(1062, u"Duplicate entry '1009-\\xB8>\\x94\\xA3\\xAC\\xB2\\x14\\xF3\\xFD\\xD3\\xAE\\xE9.\\x9F\\xBD\\xB5' for key 'job_id'")
2014-12-27 10:07:20,775 - com.numenta.nupic.swarming.HypersearchWorker(7108) - INFO - <BUILDID=N/A, WORKER=HW, WRKID=81, JOBID=1009> Adding model 1456 to our internal DB because modelInsertAndStart() failed to insert it: paramsHash=b83e94a3acb214f3fdd3aee92e9fbdb5, particleHash=c87da378e1099ab9822fc9f21053734c, particleId='80.0.0'
2014-12-27 10:07:20,778 - com.numenta.nupic.database.ClientJobsDAO.ClientJobsDAO(7108) - INFO - <BUILDID=N/A, WORKER=HW, WRKID=81, JOBID=1009> Model insert attempt failed with DUP_ENTRY: jobID=1009; paramsHash=b83e94a3acb214f3fdd3aee92e9fbdb5 OR particleHash=3ddb253c715c9e341a97d70cfda17f2d; IntegrityError(1062, u"Duplicate entry '1009-\\xB8>\\x94\\xA3\\xAC\\xB2\\x14\\xF3\\xFD\\xD3\\xAE\\xE9.\\x9F\\xBD\\xB5' for key 'job_id'")
2014-12-27 10:07:20,782 - com.numenta.nupic.swarming.HypersearchWorker(7108) - INFO - <BUILDID=N/A, WORKER=HW, WRKID=81, JOBID=1009> Adding model 1456 to our internal DB because modelInsertAndStart() failed to insert it: paramsHash=b83e94a3acb214f3fdd3aee92e9fbdb5, particleHash=c87da378e1099ab9822fc9f21053734c, particleId='80.0.0'
2014-12-27 10:07:20,791 - com.numenta.nupic.database.ClientJobsDAO.ClientJobsDAO(7108) - INFO - <BUILDID=N/A, WORKER=HW, WRKID=81, JOBID=1009> Model insert attempt failed with DUP_ENTRY: jobID=1009; paramsHash=b83e94a3acb214f3fdd3aee92e9fbdb5 OR particleHash=c9fec1a307e60f8fb5a05167ff15912c; IntegrityError(1062, u"Duplicate entry '1009-\\xB8>\\x94\\xA3\\xAC\\xB2\\x14\\xF3\\xFD\\xD3\\xAE\\xE9.\\x9F\\xBD\\xB5' for key 'job_id'")
2014-12-27 10:07:20,793 - com.numenta.nupic.swarming.HypersearchWorker(7108) - INFO - <BUILDID=N/A, WORKER=HW, WRKID=81, JOBID=1009> Adding model 1456 to our internal DB because modelInsertAndStart() failed to insert it: paramsHash=b83e94a3acb214f3fdd3aee92e9fbdb5, particleHash=c87da378e1099ab9822fc9f21053734c, particleId='80.0.0'
2014-12-27 10:07:20,801 - com.numenta.nupic.swarming.HypersearchV2.HypersearchV2(7108) - INFO - <BUILDID=N/A, WORKER=HW, WRKID=81, JOBID=1009> Ready to end hyperseach, but not all models have matured yet. Sleeping a bit to wait for all models to mature.
2014-12-27 10:07:24,022 - com.numenta.nupic.swarming.HypersearchV2.HypersearchV2(7108) - ERROR - <BUILDID=N/A, WORKER=HW, WRKID=81, JOBID=1009> Exiting because some worker set the workerCompletionReason to error. WorkerCompletionMsg: E10002: Exiting due to receiving too many models failing from exceptions (6 out of 6). 
Model Exception: Exception occurred while running model 1508: Exception(u'Invalid file format for "/home/pat/workspace/nupic/examples/opf/clients/hotgym/prediction/sandiego/sandiego.csv" - field type ""2011-02-01 01:00:00"" not one of (\'string\', \'datetime\', \'int\', \'float\', \'bool\', \'sdr\') ',) (<type 'exceptions.Exception'>)
Traceback (most recent call last):
  File "/home/pat/workspace/nupic/nupic/swarming/utils.py", line 430, in runModelGivenBaseAndParams
    (completionReason, completionMsg) = runner.run()
  File "/home/pat/workspace/nupic/nupic/swarming/ModelRunner.py", line 237, in run
    maxTimeout=readTimeout)
  File "/home/pat/workspace/nupic/nupic/data/stream_reader.py", line 210, in __init__
    self._openStream(dataUrl, isBlocking, maxTimeout, bookmark, firstRecordIdx)
  File "/home/pat/workspace/nupic/nupic/data/stream_reader.py", line 298, in _openStream
    firstRecord=firstRecordIdx)
  File "/home/pat/workspace/nupic/nupic/data/file_record_stream.py", line 209, in __init__
    'not one of %s ' % (self._filename, t, allowedTypes))
Exception: Invalid file format for "/home/pat/workspace/nupic/examples/opf/clients/hotgym/prediction/sandiego/sandiego.csv" - field type ""2011-02-01 01:00:00"" not one of ('string', 'datetime', 'int', 'float', 'bool', 'sdr') 

2014-12-27 10:07:24,033 - com.numenta.nupic.swarming.HypersearchV2.HypersearchV2(7108) - INFO - <BUILDID=N/A, WORKER=HW, WRKID=81, JOBID=1009> Successfully updated the field contributions:{u'kw_energy_consumption': nan}
2014-12-27 10:07:24,033 - com.numenta.nupic.swarming.HypersearchWorker(7108) - INFO - <BUILDID=N/A, WORKER=HW, WRKID=81, JOBID=1009> FINISHED. Evaluated 0 models.
