2015-06-30 10:36:33,841 - com.numenta.nupic.swarming.HypersearchWorker(6150) - INFO - <BUILDID=N/A, WORKER=HS, WRKID=N/A, JOBID=N/A> Launched with command line arguments: ['--jobID=1034']
2015-06-30 10:36:33,841 - com.numenta.nupic.swarming.HypersearchWorker(6150) - INFO - <BUILDID=N/A, WORKER=HS, WRKID=N/A, JOBID=N/A> Connecting to the jobs database
2015-06-30 10:36:33,842 - com.numenta.nupic.database.Connection.ConnectionFactory(6150) - INFO - <BUILDID=N/A, WORKER=HS, WRKID=N/A, JOBID=N/A> Creating db connection policy via provider <bound method type._createDefaultPolicy of <class 'nupic.database.Connection.ConnectionFactory'>>
2015-06-30 10:36:33,844 - com.numenta.nupic.database.Connection.PooledConnectionPolicy(6150) - INFO - <BUILDID=N/A, WORKER=HS, WRKID=N/A, JOBID=N/A> Created PooledConnectionPolicy
2015-06-30 10:36:33,854 - com.numenta.nupic.database.ClientJobsDAO.ClientJobsDAO(6150) - INFO - <BUILDID=N/A, WORKER=HS, WRKID=N/A, JOBID=N/A> clientJobsConnectionID=84
2015-06-30 10:36:33,857 - com.numenta.nupic.swarming.HypersearchWorker(6150) - INFO - <BUILDID=N/A, WORKER=HW, WRKID=84, JOBID=1034> Job info retrieved: {'engModelMilestones': 'None', 'clientInfo': '', 'numFailedWorkers': '0', 'engJobType': 'hypersearch', 'results': 'None', 'jobId': '1034', 'completionMsg': 'None', 'cancel': '0', 'engWorkerState': 'None', 'workerCompletionMsg': 'None', 'jobHash': "\x8c\xa9\xe8\xf1\x1fN\x11\xe5\x97X\x08\x00'\x16\xdf\xd4", 'genBaseDescription': 'None', 'completionReason': 'None', 'priority': '0', 'cmdLine': '$HYPERSEARCH', 'params': '{"hsVersion": "v2", "maxModels": null, "persistentJobGUID": "8ca...', 'workerCompletionReason': 'success', 'engAllocateNewWorkers': '1', 'lastFailedWorkerErrorMsg': 'None', 'engUntendedDeadWorkers': '0', 'engLastUpdateTime': '2015-06-30 17:36:33', 'status': 'notStarted', 'engStatus': 'None', 'startTime': 'None', 'minimumWorkers': '1', 'endTime': 'None', 'engCjmConnId': 'None', 'genPermutations': 'None', 'client': 'GRP', 'engCleaningStatus': 'notdone', 'clientKey': '', 'maximumWorkers': '4'}
2015-06-30 10:36:33,859 - com.numenta.nupic.swarming.HypersearchV2.HypersearchV2(6150) - INFO - <BUILDID=N/A, WORKER=HW, WRKID=84, JOBID=1034> searchParams: 
{u'description': {u'includedFields': [{u'fieldName': 'timestamp',
                                       u'fieldType': 'datetime'},
                                      {u'fieldName': 'euse',
                                       u'fieldType': 'float',
                                       u'maxValue': '35.0',
                                       u'minValue': '10.0'}],
                  u'inferenceArgs': {u'predictedField': 'euse',
                                     u'predictionSteps': ['4']},
                  u'inferenceType': 'TemporalMultiStep',
                  u'iterationCount': '-1',
                  u'streamDef': {u'info': 'kwh',
                                 u'streams': [{u'columns': ['timestamp',
                                                            'euse'],
                                               u'info': 'energy_only_252',
                                               u'source': 'file:///home/pat/workspace/pecan/house_data/252_data/252_clean_d...'}]},
                  u'swarmSize': 'medium'},
 u'hsVersion': 'v2',
 u'maxModels': 'None',
 u'persistentJobGUID': '8ca9e8f0-1f4e-11e5-9758-08002716dfd4',
 u'useTerminators': 'False'}
2015-06-30 10:36:55,839 - com.numenta.nupic.swarming.HypersearchV2.HypersearchV2(6150) - INFO - <BUILDID=N/A, WORKER=HW, WRKID=84, JOBID=1034> Active swarms changed to [u'modelParams|sensorParams|encoders|euse', u'modelParams|sensorParams|encoders|timestamp_dayOfWeek', u'modelParams|sensorParams|encoders|timestamp_timeOfDay', u'modelParams|sensorParams|encoders|timestamp_weekend'] (from None)
2015-06-30 10:36:55,988 - com.numenta.nupic.database.ClientJobsDAO.ClientJobsDAO(6150) - INFO - <BUILDID=N/A, WORKER=HW, WRKID=84, JOBID=1034> Model insert attempt failed with DUP_ENTRY: jobID=1034; paramsHash=6e7c2529a6a7b2bb14694b97904eedc8 OR particleHash=0474519df4e0fe5dc5b7596970ee8d2b; IntegrityError(1062, u"Duplicate entry '1034-n|%)\\xA6\\xA7\\xB2\\xBB\\x14iK\\x97\\x90N\\xED\\xC8' for key 'job_id'")
2015-06-30 10:36:56,001 - com.numenta.nupic.swarming.HypersearchWorker(6150) - INFO - <BUILDID=N/A, WORKER=HW, WRKID=84, JOBID=1034> Adding model 3361 to our internal DB because modelInsertAndStart() failed to insert it: paramsHash=6e7c2529a6a7b2bb14694b97904eedc8, particleHash=75695b30c1738cf5cf96b8b125489592, particleId='87.10.0'
2015-06-30 10:36:56,007 - com.numenta.nupic.database.ClientJobsDAO.ClientJobsDAO(6150) - INFO - <BUILDID=N/A, WORKER=HW, WRKID=84, JOBID=1034> Model insert attempt failed with DUP_ENTRY: jobID=1034; paramsHash=6e7c2529a6a7b2bb14694b97904eedc8 OR particleHash=1b27f73e47b2af6efa4c13e870245f76; IntegrityError(1062, u"Duplicate entry '1034-n|%)\\xA6\\xA7\\xB2\\xBB\\x14iK\\x97\\x90N\\xED\\xC8' for key 'job_id'")
2015-06-30 10:36:56,015 - com.numenta.nupic.swarming.HypersearchWorker(6150) - INFO - <BUILDID=N/A, WORKER=HW, WRKID=84, JOBID=1034> Adding model 3361 to our internal DB because modelInsertAndStart() failed to insert it: paramsHash=6e7c2529a6a7b2bb14694b97904eedc8, particleHash=75695b30c1738cf5cf96b8b125489592, particleId='87.10.0'
2015-06-30 10:36:56,024 - com.numenta.nupic.database.ClientJobsDAO.ClientJobsDAO(6150) - INFO - <BUILDID=N/A, WORKER=HW, WRKID=84, JOBID=1034> Model insert attempt failed with DUP_ENTRY: jobID=1034; paramsHash=6e7c2529a6a7b2bb14694b97904eedc8 OR particleHash=7ffbf89e0f61f2bdf01b3cbaf8e5589d; IntegrityError(1062, u"Duplicate entry '1034-n|%)\\xA6\\xA7\\xB2\\xBB\\x14iK\\x97\\x90N\\xED\\xC8' for key 'job_id'")
2015-06-30 10:36:56,029 - com.numenta.nupic.swarming.HypersearchWorker(6150) - INFO - <BUILDID=N/A, WORKER=HW, WRKID=84, JOBID=1034> Adding model 3361 to our internal DB because modelInsertAndStart() failed to insert it: paramsHash=6e7c2529a6a7b2bb14694b97904eedc8, particleHash=75695b30c1738cf5cf96b8b125489592, particleId='87.10.0'
2015-06-30 10:36:56,032 - com.numenta.nupic.database.ClientJobsDAO.ClientJobsDAO(6150) - INFO - <BUILDID=N/A, WORKER=HW, WRKID=84, JOBID=1034> Model insert attempt failed with DUP_ENTRY: jobID=1034; paramsHash=6e7c2529a6a7b2bb14694b97904eedc8 OR particleHash=fa5425f1c7396c50025f1892df63e67b; IntegrityError(1062, u"Duplicate entry '1034-n|%)\\xA6\\xA7\\xB2\\xBB\\x14iK\\x97\\x90N\\xED\\xC8' for key 'job_id'")
2015-06-30 10:36:56,047 - com.numenta.nupic.swarming.HypersearchWorker(6150) - INFO - <BUILDID=N/A, WORKER=HW, WRKID=84, JOBID=1034> Adding model 3361 to our internal DB because modelInsertAndStart() failed to insert it: paramsHash=6e7c2529a6a7b2bb14694b97904eedc8, particleHash=75695b30c1738cf5cf96b8b125489592, particleId='87.10.0'
2015-06-30 10:36:56,052 - com.numenta.nupic.database.ClientJobsDAO.ClientJobsDAO(6150) - INFO - <BUILDID=N/A, WORKER=HW, WRKID=84, JOBID=1034> Model insert attempt failed with DUP_ENTRY: jobID=1034; paramsHash=6e7c2529a6a7b2bb14694b97904eedc8 OR particleHash=d5a4332ec364d4e1a9c2e27919043934; IntegrityError(1062, u"Duplicate entry '1034-n|%)\\xA6\\xA7\\xB2\\xBB\\x14iK\\x97\\x90N\\xED\\xC8' for key 'job_id'")
2015-06-30 10:36:56,059 - com.numenta.nupic.swarming.HypersearchWorker(6150) - INFO - <BUILDID=N/A, WORKER=HW, WRKID=84, JOBID=1034> Adding model 3361 to our internal DB because modelInsertAndStart() failed to insert it: paramsHash=6e7c2529a6a7b2bb14694b97904eedc8, particleHash=75695b30c1738cf5cf96b8b125489592, particleId='87.10.0'
2015-06-30 10:36:56,063 - com.numenta.nupic.database.ClientJobsDAO.ClientJobsDAO(6150) - INFO - <BUILDID=N/A, WORKER=HW, WRKID=84, JOBID=1034> Model insert attempt failed with DUP_ENTRY: jobID=1034; paramsHash=6e7c2529a6a7b2bb14694b97904eedc8 OR particleHash=98b6e3f44299979a8249a176d0744519; IntegrityError(1062, u"Duplicate entry '1034-n|%)\\xA6\\xA7\\xB2\\xBB\\x14iK\\x97\\x90N\\xED\\xC8' for key 'job_id'")
2015-06-30 10:36:56,070 - com.numenta.nupic.swarming.HypersearchWorker(6150) - INFO - <BUILDID=N/A, WORKER=HW, WRKID=84, JOBID=1034> Adding model 3361 to our internal DB because modelInsertAndStart() failed to insert it: paramsHash=6e7c2529a6a7b2bb14694b97904eedc8, particleHash=75695b30c1738cf5cf96b8b125489592, particleId='87.10.0'
2015-06-30 10:36:56,077 - com.numenta.nupic.database.ClientJobsDAO.ClientJobsDAO(6150) - INFO - <BUILDID=N/A, WORKER=HW, WRKID=84, JOBID=1034> Model insert attempt failed with DUP_ENTRY: jobID=1034; paramsHash=6e7c2529a6a7b2bb14694b97904eedc8 OR particleHash=1fd52d45ef3034337f589739d0cfff9b; IntegrityError(1062, u"Duplicate entry '1034-n|%)\\xA6\\xA7\\xB2\\xBB\\x14iK\\x97\\x90N\\xED\\xC8' for key 'job_id'")
2015-06-30 10:36:56,090 - com.numenta.nupic.swarming.HypersearchWorker(6150) - INFO - <BUILDID=N/A, WORKER=HW, WRKID=84, JOBID=1034> Adding model 3361 to our internal DB because modelInsertAndStart() failed to insert it: paramsHash=6e7c2529a6a7b2bb14694b97904eedc8, particleHash=75695b30c1738cf5cf96b8b125489592, particleId='87.10.0'
2015-06-30 10:36:56,094 - com.numenta.nupic.database.ClientJobsDAO.ClientJobsDAO(6150) - INFO - <BUILDID=N/A, WORKER=HW, WRKID=84, JOBID=1034> Model insert attempt failed with DUP_ENTRY: jobID=1034; paramsHash=6e7c2529a6a7b2bb14694b97904eedc8 OR particleHash=ec0f2a12dd11ea6d85dfc4a7984554f2; IntegrityError(1062, u"Duplicate entry '1034-n|%)\\xA6\\xA7\\xB2\\xBB\\x14iK\\x97\\x90N\\xED\\xC8' for key 'job_id'")
2015-06-30 10:36:56,105 - com.numenta.nupic.swarming.HypersearchWorker(6150) - INFO - <BUILDID=N/A, WORKER=HW, WRKID=84, JOBID=1034> Adding model 3361 to our internal DB because modelInsertAndStart() failed to insert it: paramsHash=6e7c2529a6a7b2bb14694b97904eedc8, particleHash=75695b30c1738cf5cf96b8b125489592, particleId='87.10.0'
2015-06-30 10:36:56,110 - com.numenta.nupic.database.ClientJobsDAO.ClientJobsDAO(6150) - INFO - <BUILDID=N/A, WORKER=HW, WRKID=84, JOBID=1034> Model insert attempt failed with DUP_ENTRY: jobID=1034; paramsHash=6e7c2529a6a7b2bb14694b97904eedc8 OR particleHash=97d042c6d90681f9a54f8c822fd1c0b4; IntegrityError(1062, u"Duplicate entry '1034-n|%)\\xA6\\xA7\\xB2\\xBB\\x14iK\\x97\\x90N\\xED\\xC8' for key 'job_id'")
2015-06-30 10:36:56,135 - com.numenta.nupic.swarming.HypersearchWorker(6150) - INFO - <BUILDID=N/A, WORKER=HW, WRKID=84, JOBID=1034> Adding model 3361 to our internal DB because modelInsertAndStart() failed to insert it: paramsHash=6e7c2529a6a7b2bb14694b97904eedc8, particleHash=75695b30c1738cf5cf96b8b125489592, particleId='87.10.0'
2015-06-30 10:36:56,140 - com.numenta.nupic.database.ClientJobsDAO.ClientJobsDAO(6150) - INFO - <BUILDID=N/A, WORKER=HW, WRKID=84, JOBID=1034> Model insert attempt failed with DUP_ENTRY: jobID=1034; paramsHash=6e7c2529a6a7b2bb14694b97904eedc8 OR particleHash=16d71766b348aced44f6abc14c5ab332; IntegrityError(1062, u"Duplicate entry '1034-n|%)\\xA6\\xA7\\xB2\\xBB\\x14iK\\x97\\x90N\\xED\\xC8' for key 'job_id'")
2015-06-30 10:36:56,153 - com.numenta.nupic.swarming.HypersearchWorker(6150) - INFO - <BUILDID=N/A, WORKER=HW, WRKID=84, JOBID=1034> Adding model 3361 to our internal DB because modelInsertAndStart() failed to insert it: paramsHash=6e7c2529a6a7b2bb14694b97904eedc8, particleHash=75695b30c1738cf5cf96b8b125489592, particleId='87.10.0'
2015-06-30 10:36:56,361 - com.numenta.nupic.swarming.HypersearchWorker(6150) - INFO - <BUILDID=N/A, WORKER=HW, WRKID=84, JOBID=1034> RUNNING MODEL GID=3382, paramsHash=73789c9faaf7a2e06e6557a38b2db575, params={'particleState': {'varStates': {u'modelParams|sensorParams|encoders|timestamp_timeOfDay:radius': {'bestResult': None, 'position': 6.25, 'bestPosition': 6.25, '_position': 6.25, 'velocity': 2.3}, 'modelParams|clParams|alpha': {'bestResult': None, 'position': 0.050050000000000004, 'bestPosition': 0.050050000000000004, '_position': 0.050050000000000004, 'velocity': 0.01998}, 'modelParams|tpParams|minThreshold': {'bestResult': None, 'position': 11, 'bestPosition': 11, '_position': 10.5, 'velocity': 0.6}, 'modelParams|tpParams|activationThreshold': {'bestResult': None, 'position': 14, 'bestPosition': 14, '_position': 14.0, 'velocity': 0.8}, 'modelParams|tpParams|pamLength': {'bestResult': None, 'position': 3, 'bestPosition': 3, '_position': 3.0, 'velocity': 0.8}, 'modelParams|sensorParams|encoders|_classifierInput|n': {'bestResult': None, 'position': 275, 'bestPosition': 275, '_position': 274.5, 'velocity': 98.6}, 'modelParams|spParams|synPermInactiveDec': {'bestResult': None, 'position': 0.05015, 'bestPosition': 0.05015, '_position': 0.05015, 'velocity': 0.019940000000000003}}, 'genIdx': 0, 'swarmId': u'modelParams|sensorParams|encoders|timestamp_timeOfDay', 'id': '84.10'}, 'structuredParams': {'aggregationInfo': {'seconds': 0, 'fields': [], 'months': 0, 'days': 0, 'years': 0, 'hours': 0, 'microseconds': 0, 'weeks': 0, 'minutes': 0, 'milliseconds': 0}, 'modelParams': {'sensorParams': {'encoders': {'_classifierInput': {'maxval': 35.0, 'classifierOnly': True, 'minval': 10.0, 'clipInput': True, 'n': 275, 'fieldname': 'euse', 'w': 21, 'type': 'ScalarEncoder'}, u'timestamp_dayOfWeek': None, u'timestamp_timeOfDay': {'name': 'timestamp', 'fieldname': 'timestamp', 'timeOfDay': (21, 6.25), 'type': 'DateEncoder'}, u'euse': None, u'timestamp_weekend': None}}, 'spParams': {'synPermInactiveDec': 0.05015}, 'tpParams': {'minThreshold': 11, 'activationThreshold': 14, 'pamLength': 3}, 'clParams': {'alpha': 0.050050000000000004}}}}
2015-06-30 10:36:56,364 - com.numenta.nupic.hypersearch.utils(6150) - INFO - <BUILDID=N/A, WORKER=HW, WRKID=84, JOBID=1034> Using experiment directory: /tmp/tmp7Yhrm5
