2015-06-30 09:29:49,275 - com.numenta.nupic.swarming.HypersearchWorker(5953) - INFO - <BUILDID=N/A, WORKER=HS, WRKID=N/A, JOBID=N/A> Launched with command line arguments: ['--jobID=1031']
2015-06-30 09:29:49,279 - com.numenta.nupic.swarming.HypersearchWorker(5953) - INFO - <BUILDID=N/A, WORKER=HS, WRKID=N/A, JOBID=N/A> Connecting to the jobs database
2015-06-30 09:29:49,279 - com.numenta.nupic.database.Connection.ConnectionFactory(5953) - INFO - <BUILDID=N/A, WORKER=HS, WRKID=N/A, JOBID=N/A> Creating db connection policy via provider <bound method type._createDefaultPolicy of <class 'nupic.database.Connection.ConnectionFactory'>>
2015-06-30 09:29:49,297 - com.numenta.nupic.database.Connection.PooledConnectionPolicy(5953) - INFO - <BUILDID=N/A, WORKER=HS, WRKID=N/A, JOBID=N/A> Created PooledConnectionPolicy
2015-06-30 09:29:49,307 - com.numenta.nupic.database.ClientJobsDAO.ClientJobsDAO(5953) - INFO - <BUILDID=N/A, WORKER=HS, WRKID=N/A, JOBID=N/A> clientJobsConnectionID=69
2015-06-30 09:29:49,314 - com.numenta.nupic.swarming.HypersearchWorker(5953) - INFO - <BUILDID=N/A, WORKER=HW, WRKID=69, JOBID=1031> Job info retrieved: {'engModelMilestones': 'None', 'clientInfo': '', 'numFailedWorkers': '0', 'engJobType': 'hypersearch', 'results': 'None', 'jobId': '1031', 'completionMsg': 'None', 'cancel': '0', 'engWorkerState': 'None', 'workerCompletionMsg': 'None', 'jobHash': "9\xb6^\x03\x1fE\x11\xe5\x97X\x08\x00'\x16\xdf\xd4", 'genBaseDescription': 'None', 'completionReason': 'None', 'priority': '0', 'cmdLine': '$HYPERSEARCH', 'params': '{"hsVersion": "v2", "maxModels": null, "persistentJobGUID": "39b...', 'workerCompletionReason': 'success', 'engAllocateNewWorkers': '1', 'lastFailedWorkerErrorMsg': 'None', 'engUntendedDeadWorkers': '0', 'engLastUpdateTime': '2015-06-30 16:29:48', 'status': 'notStarted', 'engStatus': 'None', 'startTime': 'None', 'minimumWorkers': '1', 'endTime': 'None', 'engCjmConnId': 'None', 'genPermutations': 'None', 'client': 'GRP', 'engCleaningStatus': 'notdone', 'clientKey': '', 'maximumWorkers': '4'}
2015-06-30 09:29:49,315 - com.numenta.nupic.swarming.HypersearchV2.HypersearchV2(5953) - INFO - <BUILDID=N/A, WORKER=HW, WRKID=69, JOBID=1031> searchParams: 
{u'description': {u'includedFields': [{u'fieldName': 'timestamp',
                                       u'fieldType': 'datetime'},
                                      {u'fieldName': 'euse',
                                       u'fieldType': 'float',
                                       u'maxValue': '35.0',
                                       u'minValue': '10.0'}],
                  u'inferenceArgs': {u'predictedField': 'euse',
                                     u'predictionSteps': ['4']},
                  u'inferenceType': 'TemporalMultiStep',
                  u'iterationCount': '-1',
                  u'streamDef': {u'info': 'kwh',
                                 u'streams': [{u'columns': ['timestamp',
                                                            'euse'],
                                               u'info': 'energy_only_252',
                                               u'source': '/home/pat/workspace/pecan/house_data/252_data/252_clean_data.csv'}]},
                  u'swarmSize': 'small'},
 u'hsVersion': 'v2',
 u'maxModels': 'None',
 u'persistentJobGUID': '39b65e02-1f45-11e5-9758-08002716dfd4',
 u'useTerminators': 'False'}
2015-06-30 09:29:49,440 - com.numenta.nupic.swarming.HypersearchV2.HypersearchV2(5953) - INFO - <BUILDID=N/A, WORKER=HW, WRKID=69, JOBID=1031> Active swarms changed to [u'modelParams|sensorParams|encoders|euse'] (from None)
2015-06-30 09:29:49,534 - com.numenta.nupic.swarming.HypersearchWorker(5953) - INFO - <BUILDID=N/A, WORKER=HW, WRKID=69, JOBID=1031> RUNNING MODEL GID=3227, paramsHash=47e79e321369d9146602405379ad11b0, params={'particleState': {'varStates': {u'modelParams|sensorParams|encoders|euse:n': {'bestResult': None, 'position': 272, 'bestPosition': 272, '_position': 271.5, 'velocity': 99.8}, 'modelParams|clParams|alpha': {'bestResult': None, 'position': 0.050050000000000004, 'bestPosition': 0.050050000000000004, '_position': 0.050050000000000004, 'velocity': 0.01998}, 'modelParams|tpParams|minThreshold': {'bestResult': None, 'position': 11, 'bestPosition': 11, '_position': 10.5, 'velocity': 0.6}, 'modelParams|tpParams|activationThreshold': {'bestResult': None, 'position': 14, 'bestPosition': 14, '_position': 14.0, 'velocity': 0.8}, 'modelParams|tpParams|pamLength': {'bestResult': None, 'position': 3, 'bestPosition': 3, '_position': 3.0, 'velocity': 0.8}, 'modelParams|sensorParams|encoders|_classifierInput|n': {'bestResult': None, 'position': 275, 'bestPosition': 275, '_position': 274.5, 'velocity': 98.6}, 'modelParams|spParams|synPermInactiveDec': {'bestResult': None, 'position': 0.05015, 'bestPosition': 0.05015, '_position': 0.05015, 'velocity': 0.019940000000000003}}, 'genIdx': 0, 'swarmId': u'modelParams|sensorParams|encoders|euse', 'id': '69.0'}, 'structuredParams': {'aggregationInfo': {'seconds': 0, 'fields': [], 'months': 0, 'days': 0, 'years': 0, 'hours': 0, 'microseconds': 0, 'weeks': 0, 'minutes': 0, 'milliseconds': 0}, 'modelParams': {'sensorParams': {'encoders': {'_classifierInput': {'maxval': 35.0, 'classifierOnly': True, 'minval': 10.0, 'clipInput': True, 'n': 275, 'fieldname': 'euse', 'w': 21, 'type': 'ScalarEncoder'}, u'timestamp_dayOfWeek': None, u'timestamp_timeOfDay': None, u'euse': {'maxval': 35.0, 'name': 'euse', 'clipInput': True, 'minval': 10.0, 'n': 272, 'fieldname': 'euse', 'w': 21, 'type': 'ScalarEncoder'}, u'timestamp_weekend': None}}, 'spParams': {'synPermInactiveDec': 0.05015}, 'tpParams': {'minThreshold': 11, 'activationThreshold': 14, 'pamLength': 3}, 'clParams': {'alpha': 0.050050000000000004}}}}
2015-06-30 09:29:49,537 - com.numenta.nupic.hypersearch.utils(5953) - INFO - <BUILDID=N/A, WORKER=HW, WRKID=69, JOBID=1031> Using experiment directory: /tmp/tmp0UMNC4
2015-06-30 09:29:49,592 - com.numenta.nupic.hypersearch.utils(5953) - ERROR - <BUILDID=N/A, WORKER=HW, WRKID=69, JOBID=1031> Exception occurred while running model 3227: Exception(u'Unable to locate: at/workspace/pecan/house_data/252_data/252_clean_data.csv using NTA_DATA_PATH of ',) (<type 'exceptions.Exception'>)
Traceback (most recent call last):
  File "/home/pat/workspace/nupic/nupic/swarming/utils.py", line 430, in runModelGivenBaseAndParams
    (completionReason, completionMsg) = runner.run()
  File "/home/pat/workspace/nupic/nupic/swarming/ModelRunner.py", line 237, in run
    maxTimeout=readTimeout)
  File "/home/pat/workspace/nupic/nupic/data/stream_reader.py", line 210, in __init__
    self._openStream(dataUrl, isBlocking, maxTimeout, bookmark, firstRecordIdx)
  File "/home/pat/workspace/nupic/nupic/data/stream_reader.py", line 294, in _openStream
    self._recordStoreName = findDataset(dataUrl[len(FILE_PREF):])
  File "/home/pat/workspace/nupic/nupic/data/datasethelpers.py", line 79, in findDataset
    (datasetPath, os.environ.get('NTA_DATA_PATH', '')))
Exception: Unable to locate: at/workspace/pecan/house_data/252_data/252_clean_data.csv using NTA_DATA_PATH of 

2015-06-30 09:29:49,597 - com.numenta.nupic.swarming.HypersearchWorker(5953) - INFO - <BUILDID=N/A, WORKER=HW, WRKID=69, JOBID=1031> COMPLETED MODEL GID=3227; EVALUATED 1 MODELs
2015-06-30 09:29:49,719 - com.numenta.nupic.swarming.HypersearchWorker(5953) - INFO - <BUILDID=N/A, WORKER=HW, WRKID=69, JOBID=1031> RUNNING MODEL GID=3254, paramsHash=507d0ba6bd8a1885ca1e4857d7ee15aa, params={'particleState': {'varStates': {u'modelParams|sensorParams|encoders|euse:n': {'bestResult': None, 'position': 22, 'bestPosition': 22, '_position': 22.0, 'velocity': -99.8}, 'modelParams|clParams|alpha': {'bestResult': None, 'position': 0.0001, 'bestPosition': 0.0001, '_position': 0.0001, 'velocity': 0.01998}, 'modelParams|tpParams|minThreshold': {'bestResult': None, 'position': 9, 'bestPosition': 9, '_position': 9.0, 'velocity': 0.6}, 'modelParams|tpParams|activationThreshold': {'bestResult': None, 'position': 12, 'bestPosition': 12, '_position': 12.0, 'velocity': -0.8}, 'modelParams|tpParams|pamLength': {'bestResult': None, 'position': 1, 'bestPosition': 1, '_position': 1.0, 'velocity': -0.8}, 'modelParams|sensorParams|encoders|_classifierInput|n': {'bestResult': None, 'position': 28, 'bestPosition': 28, '_position': 28.0, 'velocity': -98.6}, 'modelParams|spParams|synPermInactiveDec': {'bestResult': None, 'position': 0.10000000000000001, 'bestPosition': 0.10000000000000001, '_position': 0.10000000000000001, 'velocity': -0.019940000000000003}}, 'genIdx': 0, 'swarmId': u'modelParams|sensorParams|encoders|euse', 'id': '69.10'}, 'structuredParams': {'aggregationInfo': {'seconds': 0, 'fields': [], 'months': 0, 'days': 0, 'years': 0, 'hours': 0, 'microseconds': 0, 'weeks': 0, 'minutes': 0, 'milliseconds': 0}, 'modelParams': {'sensorParams': {'encoders': {'_classifierInput': {'maxval': 35.0, 'classifierOnly': True, 'minval': 10.0, 'clipInput': True, 'n': 28, 'fieldname': 'euse', 'w': 21, 'type': 'ScalarEncoder'}, u'timestamp_dayOfWeek': None, u'timestamp_timeOfDay': None, u'euse': {'maxval': 35.0, 'name': 'euse', 'clipInput': True, 'minval': 10.0, 'n': 22, 'fieldname': 'euse', 'w': 21, 'type': 'ScalarEncoder'}, u'timestamp_weekend': None}}, 'spParams': {'synPermInactiveDec': 0.10000000000000001}, 'tpParams': {'minThreshold': 9, 'activationThreshold': 12, 'pamLength': 1}, 'clParams': {'alpha': 0.0001}}}}
2015-06-30 09:29:49,720 - com.numenta.nupic.hypersearch.utils(5953) - INFO - <BUILDID=N/A, WORKER=HW, WRKID=69, JOBID=1031> Using experiment directory: /tmp/tmp4NaLc2
2015-06-30 09:29:49,732 - com.numenta.nupic.hypersearch.utils(5953) - ERROR - <BUILDID=N/A, WORKER=HW, WRKID=69, JOBID=1031> Exception occurred while running model 3254: Exception(u'Unable to locate: at/workspace/pecan/house_data/252_data/252_clean_data.csv using NTA_DATA_PATH of ',) (<type 'exceptions.Exception'>)
Traceback (most recent call last):
  File "/home/pat/workspace/nupic/nupic/swarming/utils.py", line 430, in runModelGivenBaseAndParams
    (completionReason, completionMsg) = runner.run()
  File "/home/pat/workspace/nupic/nupic/swarming/ModelRunner.py", line 237, in run
    maxTimeout=readTimeout)
  File "/home/pat/workspace/nupic/nupic/data/stream_reader.py", line 210, in __init__
    self._openStream(dataUrl, isBlocking, maxTimeout, bookmark, firstRecordIdx)
  File "/home/pat/workspace/nupic/nupic/data/stream_reader.py", line 294, in _openStream
    self._recordStoreName = findDataset(dataUrl[len(FILE_PREF):])
  File "/home/pat/workspace/nupic/nupic/data/datasethelpers.py", line 79, in findDataset
    (datasetPath, os.environ.get('NTA_DATA_PATH', '')))
Exception: Unable to locate: at/workspace/pecan/house_data/252_data/252_clean_data.csv using NTA_DATA_PATH of 

2015-06-30 09:29:49,738 - com.numenta.nupic.swarming.HypersearchWorker(5953) - INFO - <BUILDID=N/A, WORKER=HW, WRKID=69, JOBID=1031> COMPLETED MODEL GID=3254; EVALUATED 2 MODELs
2015-06-30 09:29:49,868 - com.numenta.nupic.swarming.HypersearchWorker(5953) - INFO - <BUILDID=N/A, WORKER=HW, WRKID=69, JOBID=1031> RUNNING MODEL GID=3264, paramsHash=18e2da62253fb38effeef3188ec3e860, params={'particleState': {'varStates': {u'modelParams|sensorParams|encoders|euse:n': {'bestResult': None, 'position': 521, 'bestPosition': 521, '_position': 521.0, 'velocity': -99.8}, 'modelParams|clParams|alpha': {'bestResult': None, 'position': 0.10000000000000001, 'bestPosition': 0.10000000000000001, '_position': 0.10000000000000001, 'velocity': 0.01998}, 'modelParams|tpParams|minThreshold': {'bestResult': None, 'position': 12, 'bestPosition': 12, '_position': 12.0, 'velocity': 0.6}, 'modelParams|tpParams|activationThreshold': {'bestResult': None, 'position': 16, 'bestPosition': 16, '_position': 16.0, 'velocity': -0.8}, 'modelParams|tpParams|pamLength': {'bestResult': None, 'position': 5, 'bestPosition': 5, '_position': 5.0, 'velocity': -0.8}, 'modelParams|sensorParams|encoders|_classifierInput|n': {'bestResult': None, 'position': 521, 'bestPosition': 521, '_position': 521.0, 'velocity': 98.6}, 'modelParams|spParams|synPermInactiveDec': {'bestResult': None, 'position': 0.00029999999999999997, 'bestPosition': 0.00029999999999999997, '_position': 0.00029999999999999997, 'velocity': 0.019940000000000003}}, 'genIdx': 0, 'swarmId': u'modelParams|sensorParams|encoders|euse', 'id': '69.20'}, 'structuredParams': {'aggregationInfo': {'seconds': 0, 'fields': [], 'months': 0, 'days': 0, 'years': 0, 'hours': 0, 'microseconds': 0, 'weeks': 0, 'minutes': 0, 'milliseconds': 0}, 'modelParams': {'sensorParams': {'encoders': {'_classifierInput': {'maxval': 35.0, 'classifierOnly': True, 'minval': 10.0, 'clipInput': True, 'n': 521, 'fieldname': 'euse', 'w': 21, 'type': 'ScalarEncoder'}, u'timestamp_dayOfWeek': None, u'timestamp_timeOfDay': None, u'euse': {'maxval': 35.0, 'name': 'euse', 'clipInput': True, 'minval': 10.0, 'n': 521, 'fieldname': 'euse', 'w': 21, 'type': 'ScalarEncoder'}, u'timestamp_weekend': None}}, 'spParams': {'synPermInactiveDec': 0.00029999999999999997}, 'tpParams': {'minThreshold': 12, 'activationThreshold': 16, 'pamLength': 5}, 'clParams': {'alpha': 0.10000000000000001}}}}
2015-06-30 09:29:49,869 - com.numenta.nupic.hypersearch.utils(5953) - INFO - <BUILDID=N/A, WORKER=HW, WRKID=69, JOBID=1031> Using experiment directory: /tmp/tmpi7_18M
2015-06-30 09:29:49,895 - com.numenta.nupic.hypersearch.utils(5953) - ERROR - <BUILDID=N/A, WORKER=HW, WRKID=69, JOBID=1031> Exception occurred while running model 3264: Exception(u'Unable to locate: at/workspace/pecan/house_data/252_data/252_clean_data.csv using NTA_DATA_PATH of ',) (<type 'exceptions.Exception'>)
Traceback (most recent call last):
  File "/home/pat/workspace/nupic/nupic/swarming/utils.py", line 430, in runModelGivenBaseAndParams
    (completionReason, completionMsg) = runner.run()
  File "/home/pat/workspace/nupic/nupic/swarming/ModelRunner.py", line 237, in run
    maxTimeout=readTimeout)
  File "/home/pat/workspace/nupic/nupic/data/stream_reader.py", line 210, in __init__
    self._openStream(dataUrl, isBlocking, maxTimeout, bookmark, firstRecordIdx)
  File "/home/pat/workspace/nupic/nupic/data/stream_reader.py", line 294, in _openStream
    self._recordStoreName = findDataset(dataUrl[len(FILE_PREF):])
  File "/home/pat/workspace/nupic/nupic/data/datasethelpers.py", line 79, in findDataset
    (datasetPath, os.environ.get('NTA_DATA_PATH', '')))
Exception: Unable to locate: at/workspace/pecan/house_data/252_data/252_clean_data.csv using NTA_DATA_PATH of 

2015-06-30 09:29:49,916 - com.numenta.nupic.swarming.HypersearchWorker(5953) - INFO - <BUILDID=N/A, WORKER=HW, WRKID=69, JOBID=1031> COMPLETED MODEL GID=3264; EVALUATED 3 MODELs
2015-06-30 09:29:49,924 - com.numenta.nupic.swarming.HypersearchV2.HypersearchV2(5953) - INFO - <BUILDID=N/A, WORKER=HW, WRKID=69, JOBID=1031> Completed generation #0 of swarm 'modelParams|sensorParams|encoders|euse' with a best errScore of inf
2015-06-30 09:29:49,999 - com.numenta.nupic.swarming.HypersearchWorker(5953) - INFO - <BUILDID=N/A, WORKER=HW, WRKID=69, JOBID=1031> RUNNING MODEL GID=3276, paramsHash=8e31bf9920c1a98714120b76b21e58a4, params={'particleState': {'varStates': {u'modelParams|sensorParams|encoders|euse:n': {'bestResult': None, 'position': 296, 'bestPosition': 272, '_position': 296.45, 'velocity': 24.95}, 'modelParams|clParams|alpha': {'bestResult': None, 'position': 0.055045000000000004, 'bestPosition': 0.050050000000000004, '_position': 0.055045000000000004, 'velocity': 0.004995}, 'modelParams|tpParams|minThreshold': {'bestResult': None, 'position': 11, 'bestPosition': 11, '_position': 10.65, 'velocity': 0.15}, 'modelParams|tpParams|activationThreshold': {'bestResult': None, 'position': 14, 'bestPosition': 14, '_position': 14.2, 'velocity': 0.2}, 'modelParams|tpParams|pamLength': {'bestResult': None, 'position': 3, 'bestPosition': 3, '_position': 3.2, 'velocity': 0.2}, 'modelParams|sensorParams|encoders|_classifierInput|n': {'bestResult': None, 'position': 299, 'bestPosition': 275, '_position': 299.15, 'velocity': 24.65}, 'modelParams|spParams|synPermInactiveDec': {'bestResult': None, 'position': 0.055135, 'bestPosition': 0.05015, '_position': 0.055135, 'velocity': 0.004985000000000001}}, 'genIdx': 1, 'swarmId': u'modelParams|sensorParams|encoders|euse', 'id': '69.0'}, 'structuredParams': {'aggregationInfo': {'seconds': 0, 'fields': [], 'months': 0, 'days': 0, 'years': 0, 'hours': 0, 'microseconds': 0, 'weeks': 0, 'minutes': 0, 'milliseconds': 0}, 'modelParams': {'sensorParams': {'encoders': {'_classifierInput': {'maxval': 35.0, 'classifierOnly': True, 'minval': 10.0, 'clipInput': True, 'n': 299, 'fieldname': 'euse', 'w': 21, 'type': 'ScalarEncoder'}, u'timestamp_dayOfWeek': None, u'timestamp_timeOfDay': None, u'euse': {'maxval': 35.0, 'name': 'euse', 'clipInput': True, 'minval': 10.0, 'n': 296, 'fieldname': 'euse', 'w': 21, 'type': 'ScalarEncoder'}, u'timestamp_weekend': None}}, 'spParams': {'synPermInactiveDec': 0.055135}, 'tpParams': {'minThreshold': 11, 'activationThreshold': 14, 'pamLength': 3}, 'clParams': {'alpha': 0.055045000000000004}}}}
2015-06-30 09:29:50,000 - com.numenta.nupic.hypersearch.utils(5953) - INFO - <BUILDID=N/A, WORKER=HW, WRKID=69, JOBID=1031> Using experiment directory: /tmp/tmprNPo7Z
2015-06-30 09:29:50,017 - com.numenta.nupic.hypersearch.utils(5953) - ERROR - <BUILDID=N/A, WORKER=HW, WRKID=69, JOBID=1031> Exception occurred while running model 3276: Exception(u'Unable to locate: at/workspace/pecan/house_data/252_data/252_clean_data.csv using NTA_DATA_PATH of ',) (<type 'exceptions.Exception'>)
Traceback (most recent call last):
  File "/home/pat/workspace/nupic/nupic/swarming/utils.py", line 430, in runModelGivenBaseAndParams
    (completionReason, completionMsg) = runner.run()
  File "/home/pat/workspace/nupic/nupic/swarming/ModelRunner.py", line 237, in run
    maxTimeout=readTimeout)
  File "/home/pat/workspace/nupic/nupic/data/stream_reader.py", line 210, in __init__
    self._openStream(dataUrl, isBlocking, maxTimeout, bookmark, firstRecordIdx)
  File "/home/pat/workspace/nupic/nupic/data/stream_reader.py", line 294, in _openStream
    self._recordStoreName = findDataset(dataUrl[len(FILE_PREF):])
  File "/home/pat/workspace/nupic/nupic/data/datasethelpers.py", line 79, in findDataset
    (datasetPath, os.environ.get('NTA_DATA_PATH', '')))
Exception: Unable to locate: at/workspace/pecan/house_data/252_data/252_clean_data.csv using NTA_DATA_PATH of 

2015-06-30 09:29:50,032 - com.numenta.nupic.swarming.HypersearchWorker(5953) - INFO - <BUILDID=N/A, WORKER=HW, WRKID=69, JOBID=1031> COMPLETED MODEL GID=3276; EVALUATED 4 MODELs
2015-06-30 09:29:50,121 - com.numenta.nupic.database.ClientJobsDAO.ClientJobsDAO(5953) - INFO - <BUILDID=N/A, WORKER=HW, WRKID=69, JOBID=1031> Model insert attempt failed with DUP_ENTRY: jobID=1031; paramsHash=76fb2ea3a6eddef004330513b7a0375c OR particleHash=9ef094b2ec009bfa102e3fab31165c4e; IntegrityError(1062, u"Duplicate entry '1031-\\x9E\\xF0\\x94\\xB2\\xEC\\x00\\x9B\\xFA\\x10.?\\xAB1\\x16\\N' for key 'job_id_2'")
2015-06-30 09:29:50,126 - com.numenta.nupic.swarming.HypersearchWorker(5953) - INFO - <BUILDID=N/A, WORKER=HW, WRKID=69, JOBID=1031> Adding model 3281 to our internal DB because modelInsertAndStart() failed to insert it: paramsHash=d6ecb05f1e63ee1e95e00cebf30c57fe, particleHash=9ef094b2ec009bfa102e3fab31165c4e, particleId='69.10.1'
2015-06-30 09:29:50,132 - com.numenta.nupic.database.ClientJobsDAO.ClientJobsDAO(5953) - INFO - <BUILDID=N/A, WORKER=HW, WRKID=69, JOBID=1031> Model insert attempt failed with DUP_ENTRY: jobID=1031; paramsHash=76fb2ea3a6eddef004330513b7a0375c OR particleHash=9ef094b2ec009bfa102e3fab31165c4e; IntegrityError(1062, u"Duplicate entry '1031-\\x9E\\xF0\\x94\\xB2\\xEC\\x00\\x9B\\xFA\\x10.?\\xAB1\\x16\\N' for key 'job_id_2'")
2015-06-30 09:29:50,138 - com.numenta.nupic.swarming.HypersearchWorker(5953) - INFO - <BUILDID=N/A, WORKER=HW, WRKID=69, JOBID=1031> Adding model 3281 to our internal DB because modelInsertAndStart() failed to insert it: paramsHash=d6ecb05f1e63ee1e95e00cebf30c57fe, particleHash=9ef094b2ec009bfa102e3fab31165c4e, particleId='69.10.1'
2015-06-30 09:29:50,141 - com.numenta.nupic.database.ClientJobsDAO.ClientJobsDAO(5953) - INFO - <BUILDID=N/A, WORKER=HW, WRKID=69, JOBID=1031> Model insert attempt failed with DUP_ENTRY: jobID=1031; paramsHash=76fb2ea3a6eddef004330513b7a0375c OR particleHash=9ef094b2ec009bfa102e3fab31165c4e; IntegrityError(1062, u"Duplicate entry '1031-\\x9E\\xF0\\x94\\xB2\\xEC\\x00\\x9B\\xFA\\x10.?\\xAB1\\x16\\N' for key 'job_id_2'")
2015-06-30 09:29:50,144 - com.numenta.nupic.swarming.HypersearchWorker(5953) - INFO - <BUILDID=N/A, WORKER=HW, WRKID=69, JOBID=1031> Adding model 3281 to our internal DB because modelInsertAndStart() failed to insert it: paramsHash=d6ecb05f1e63ee1e95e00cebf30c57fe, particleHash=9ef094b2ec009bfa102e3fab31165c4e, particleId='69.10.1'
2015-06-30 09:29:50,147 - com.numenta.nupic.database.ClientJobsDAO.ClientJobsDAO(5953) - INFO - <BUILDID=N/A, WORKER=HW, WRKID=69, JOBID=1031> Model insert attempt failed with DUP_ENTRY: jobID=1031; paramsHash=76fb2ea3a6eddef004330513b7a0375c OR particleHash=9ef094b2ec009bfa102e3fab31165c4e; IntegrityError(1062, u"Duplicate entry '1031-\\x9E\\xF0\\x94\\xB2\\xEC\\x00\\x9B\\xFA\\x10.?\\xAB1\\x16\\N' for key 'job_id_2'")
2015-06-30 09:29:50,150 - com.numenta.nupic.swarming.HypersearchWorker(5953) - INFO - <BUILDID=N/A, WORKER=HW, WRKID=69, JOBID=1031> Adding model 3281 to our internal DB because modelInsertAndStart() failed to insert it: paramsHash=d6ecb05f1e63ee1e95e00cebf30c57fe, particleHash=9ef094b2ec009bfa102e3fab31165c4e, particleId='69.10.1'
2015-06-30 09:29:50,153 - com.numenta.nupic.database.ClientJobsDAO.ClientJobsDAO(5953) - INFO - <BUILDID=N/A, WORKER=HW, WRKID=69, JOBID=1031> Model insert attempt failed with DUP_ENTRY: jobID=1031; paramsHash=76fb2ea3a6eddef004330513b7a0375c OR particleHash=9ef094b2ec009bfa102e3fab31165c4e; IntegrityError(1062, u"Duplicate entry '1031-\\x9E\\xF0\\x94\\xB2\\xEC\\x00\\x9B\\xFA\\x10.?\\xAB1\\x16\\N' for key 'job_id_2'")
2015-06-30 09:29:50,160 - com.numenta.nupic.swarming.HypersearchWorker(5953) - INFO - <BUILDID=N/A, WORKER=HW, WRKID=69, JOBID=1031> Adding model 3281 to our internal DB because modelInsertAndStart() failed to insert it: paramsHash=d6ecb05f1e63ee1e95e00cebf30c57fe, particleHash=9ef094b2ec009bfa102e3fab31165c4e, particleId='69.10.1'
2015-06-30 09:29:50,163 - com.numenta.nupic.database.ClientJobsDAO.ClientJobsDAO(5953) - INFO - <BUILDID=N/A, WORKER=HW, WRKID=69, JOBID=1031> Model insert attempt failed with DUP_ENTRY: jobID=1031; paramsHash=76fb2ea3a6eddef004330513b7a0375c OR particleHash=9ef094b2ec009bfa102e3fab31165c4e; IntegrityError(1062, u"Duplicate entry '1031-\\x9E\\xF0\\x94\\xB2\\xEC\\x00\\x9B\\xFA\\x10.?\\xAB1\\x16\\N' for key 'job_id_2'")
2015-06-30 09:29:50,167 - com.numenta.nupic.swarming.HypersearchWorker(5953) - INFO - <BUILDID=N/A, WORKER=HW, WRKID=69, JOBID=1031> Adding model 3281 to our internal DB because modelInsertAndStart() failed to insert it: paramsHash=d6ecb05f1e63ee1e95e00cebf30c57fe, particleHash=9ef094b2ec009bfa102e3fab31165c4e, particleId='69.10.1'
2015-06-30 09:29:50,171 - com.numenta.nupic.database.ClientJobsDAO.ClientJobsDAO(5953) - INFO - <BUILDID=N/A, WORKER=HW, WRKID=69, JOBID=1031> Model insert attempt failed with DUP_ENTRY: jobID=1031; paramsHash=76fb2ea3a6eddef004330513b7a0375c OR particleHash=9ef094b2ec009bfa102e3fab31165c4e; IntegrityError(1062, u"Duplicate entry '1031-\\x9E\\xF0\\x94\\xB2\\xEC\\x00\\x9B\\xFA\\x10.?\\xAB1\\x16\\N' for key 'job_id_2'")
2015-06-30 09:29:50,179 - com.numenta.nupic.swarming.HypersearchWorker(5953) - INFO - <BUILDID=N/A, WORKER=HW, WRKID=69, JOBID=1031> Adding model 3281 to our internal DB because modelInsertAndStart() failed to insert it: paramsHash=d6ecb05f1e63ee1e95e00cebf30c57fe, particleHash=9ef094b2ec009bfa102e3fab31165c4e, particleId='69.10.1'
2015-06-30 09:29:50,182 - com.numenta.nupic.database.ClientJobsDAO.ClientJobsDAO(5953) - INFO - <BUILDID=N/A, WORKER=HW, WRKID=69, JOBID=1031> Model insert attempt failed with DUP_ENTRY: jobID=1031; paramsHash=76fb2ea3a6eddef004330513b7a0375c OR particleHash=9ef094b2ec009bfa102e3fab31165c4e; IntegrityError(1062, u"Duplicate entry '1031-\\x9E\\xF0\\x94\\xB2\\xEC\\x00\\x9B\\xFA\\x10.?\\xAB1\\x16\\N' for key 'job_id_2'")
2015-06-30 09:29:50,187 - com.numenta.nupic.swarming.HypersearchWorker(5953) - INFO - <BUILDID=N/A, WORKER=HW, WRKID=69, JOBID=1031> Adding model 3281 to our internal DB because modelInsertAndStart() failed to insert it: paramsHash=d6ecb05f1e63ee1e95e00cebf30c57fe, particleHash=9ef094b2ec009bfa102e3fab31165c4e, particleId='69.10.1'
2015-06-30 09:29:50,192 - com.numenta.nupic.database.ClientJobsDAO.ClientJobsDAO(5953) - INFO - <BUILDID=N/A, WORKER=HW, WRKID=69, JOBID=1031> Model insert attempt failed with DUP_ENTRY: jobID=1031; paramsHash=76fb2ea3a6eddef004330513b7a0375c OR particleHash=9ef094b2ec009bfa102e3fab31165c4e; IntegrityError(1062, u"Duplicate entry '1031-\\x9E\\xF0\\x94\\xB2\\xEC\\x00\\x9B\\xFA\\x10.?\\xAB1\\x16\\N' for key 'job_id_2'")
2015-06-30 09:29:50,205 - com.numenta.nupic.swarming.HypersearchWorker(5953) - INFO - <BUILDID=N/A, WORKER=HW, WRKID=69, JOBID=1031> Adding model 3281 to our internal DB because modelInsertAndStart() failed to insert it: paramsHash=d6ecb05f1e63ee1e95e00cebf30c57fe, particleHash=9ef094b2ec009bfa102e3fab31165c4e, particleId='69.10.1'
2015-06-30 09:29:50,211 - com.numenta.nupic.database.ClientJobsDAO.ClientJobsDAO(5953) - INFO - <BUILDID=N/A, WORKER=HW, WRKID=69, JOBID=1031> Model insert attempt failed with DUP_ENTRY: jobID=1031; paramsHash=76fb2ea3a6eddef004330513b7a0375c OR particleHash=9ef094b2ec009bfa102e3fab31165c4e; IntegrityError(1062, u"Duplicate entry '1031-\\x9E\\xF0\\x94\\xB2\\xEC\\x00\\x9B\\xFA\\x10.?\\xAB1\\x16\\N' for key 'job_id_2'")
2015-06-30 09:29:50,218 - com.numenta.nupic.swarming.HypersearchWorker(5953) - INFO - <BUILDID=N/A, WORKER=HW, WRKID=69, JOBID=1031> Adding model 3281 to our internal DB because modelInsertAndStart() failed to insert it: paramsHash=d6ecb05f1e63ee1e95e00cebf30c57fe, particleHash=9ef094b2ec009bfa102e3fab31165c4e, particleId='69.10.1'
2015-06-30 09:29:50,282 - com.numenta.nupic.database.ClientJobsDAO.ClientJobsDAO(5953) - INFO - <BUILDID=N/A, WORKER=HW, WRKID=69, JOBID=1031> Model insert attempt failed with DUP_ENTRY: jobID=1031; paramsHash=df67ae8295300bc597b490ce4180d2da OR particleHash=e9f315d4b65df160cfa82d00925e2b22; IntegrityError(1062, u'Duplicate entry \'1031-\\xE9\\xF3\\x15\\xD4\\xB6]\\xF1`\\xCF\\xA8-\\x00\\x92^+"\' for key \'job_id_2\'')
2015-06-30 09:29:50,285 - com.numenta.nupic.swarming.HypersearchWorker(5953) - INFO - <BUILDID=N/A, WORKER=HW, WRKID=69, JOBID=1031> Adding model 3292 to our internal DB because modelInsertAndStart() failed to insert it: paramsHash=6f0d43966ff6be127d858a63ae703188, particleHash=e9f315d4b65df160cfa82d00925e2b22, particleId='69.20.1'
2015-06-30 09:29:50,288 - com.numenta.nupic.database.ClientJobsDAO.ClientJobsDAO(5953) - INFO - <BUILDID=N/A, WORKER=HW, WRKID=69, JOBID=1031> Model insert attempt failed with DUP_ENTRY: jobID=1031; paramsHash=df67ae8295300bc597b490ce4180d2da OR particleHash=e9f315d4b65df160cfa82d00925e2b22; IntegrityError(1062, u'Duplicate entry \'1031-\\xE9\\xF3\\x15\\xD4\\xB6]\\xF1`\\xCF\\xA8-\\x00\\x92^+"\' for key \'job_id_2\'')
2015-06-30 09:29:50,291 - com.numenta.nupic.swarming.HypersearchWorker(5953) - INFO - <BUILDID=N/A, WORKER=HW, WRKID=69, JOBID=1031> Adding model 3292 to our internal DB because modelInsertAndStart() failed to insert it: paramsHash=6f0d43966ff6be127d858a63ae703188, particleHash=e9f315d4b65df160cfa82d00925e2b22, particleId='69.20.1'
2015-06-30 09:29:50,294 - com.numenta.nupic.database.ClientJobsDAO.ClientJobsDAO(5953) - INFO - <BUILDID=N/A, WORKER=HW, WRKID=69, JOBID=1031> Model insert attempt failed with DUP_ENTRY: jobID=1031; paramsHash=df67ae8295300bc597b490ce4180d2da OR particleHash=e9f315d4b65df160cfa82d00925e2b22; IntegrityError(1062, u'Duplicate entry \'1031-\\xE9\\xF3\\x15\\xD4\\xB6]\\xF1`\\xCF\\xA8-\\x00\\x92^+"\' for key \'job_id_2\'')
2015-06-30 09:29:50,297 - com.numenta.nupic.swarming.HypersearchWorker(5953) - INFO - <BUILDID=N/A, WORKER=HW, WRKID=69, JOBID=1031> Adding model 3292 to our internal DB because modelInsertAndStart() failed to insert it: paramsHash=6f0d43966ff6be127d858a63ae703188, particleHash=e9f315d4b65df160cfa82d00925e2b22, particleId='69.20.1'
2015-06-30 09:29:50,299 - com.numenta.nupic.database.ClientJobsDAO.ClientJobsDAO(5953) - INFO - <BUILDID=N/A, WORKER=HW, WRKID=69, JOBID=1031> Model insert attempt failed with DUP_ENTRY: jobID=1031; paramsHash=df67ae8295300bc597b490ce4180d2da OR particleHash=e9f315d4b65df160cfa82d00925e2b22; IntegrityError(1062, u'Duplicate entry \'1031-\\xE9\\xF3\\x15\\xD4\\xB6]\\xF1`\\xCF\\xA8-\\x00\\x92^+"\' for key \'job_id_2\'')
2015-06-30 09:29:50,301 - com.numenta.nupic.swarming.HypersearchWorker(5953) - INFO - <BUILDID=N/A, WORKER=HW, WRKID=69, JOBID=1031> Adding model 3292 to our internal DB because modelInsertAndStart() failed to insert it: paramsHash=6f0d43966ff6be127d858a63ae703188, particleHash=e9f315d4b65df160cfa82d00925e2b22, particleId='69.20.1'
2015-06-30 09:29:50,305 - com.numenta.nupic.database.ClientJobsDAO.ClientJobsDAO(5953) - INFO - <BUILDID=N/A, WORKER=HW, WRKID=69, JOBID=1031> Model insert attempt failed with DUP_ENTRY: jobID=1031; paramsHash=df67ae8295300bc597b490ce4180d2da OR particleHash=e9f315d4b65df160cfa82d00925e2b22; IntegrityError(1062, u'Duplicate entry \'1031-\\xE9\\xF3\\x15\\xD4\\xB6]\\xF1`\\xCF\\xA8-\\x00\\x92^+"\' for key \'job_id_2\'')
2015-06-30 09:29:50,307 - com.numenta.nupic.swarming.HypersearchWorker(5953) - INFO - <BUILDID=N/A, WORKER=HW, WRKID=69, JOBID=1031> Adding model 3292 to our internal DB because modelInsertAndStart() failed to insert it: paramsHash=6f0d43966ff6be127d858a63ae703188, particleHash=e9f315d4b65df160cfa82d00925e2b22, particleId='69.20.1'
2015-06-30 09:29:50,310 - com.numenta.nupic.database.ClientJobsDAO.ClientJobsDAO(5953) - INFO - <BUILDID=N/A, WORKER=HW, WRKID=69, JOBID=1031> Model insert attempt failed with DUP_ENTRY: jobID=1031; paramsHash=df67ae8295300bc597b490ce4180d2da OR particleHash=e9f315d4b65df160cfa82d00925e2b22; IntegrityError(1062, u'Duplicate entry \'1031-\\xE9\\xF3\\x15\\xD4\\xB6]\\xF1`\\xCF\\xA8-\\x00\\x92^+"\' for key \'job_id_2\'')
2015-06-30 09:29:50,315 - com.numenta.nupic.swarming.HypersearchWorker(5953) - INFO - <BUILDID=N/A, WORKER=HW, WRKID=69, JOBID=1031> Adding model 3292 to our internal DB because modelInsertAndStart() failed to insert it: paramsHash=6f0d43966ff6be127d858a63ae703188, particleHash=e9f315d4b65df160cfa82d00925e2b22, particleId='69.20.1'
2015-06-30 09:29:50,318 - com.numenta.nupic.database.ClientJobsDAO.ClientJobsDAO(5953) - INFO - <BUILDID=N/A, WORKER=HW, WRKID=69, JOBID=1031> Model insert attempt failed with DUP_ENTRY: jobID=1031; paramsHash=df67ae8295300bc597b490ce4180d2da OR particleHash=e9f315d4b65df160cfa82d00925e2b22; IntegrityError(1062, u'Duplicate entry \'1031-\\xE9\\xF3\\x15\\xD4\\xB6]\\xF1`\\xCF\\xA8-\\x00\\x92^+"\' for key \'job_id_2\'')
2015-06-30 09:29:50,324 - com.numenta.nupic.swarming.HypersearchWorker(5953) - INFO - <BUILDID=N/A, WORKER=HW, WRKID=69, JOBID=1031> Adding model 3292 to our internal DB because modelInsertAndStart() failed to insert it: paramsHash=6f0d43966ff6be127d858a63ae703188, particleHash=e9f315d4b65df160cfa82d00925e2b22, particleId='69.20.1'
2015-06-30 09:29:50,327 - com.numenta.nupic.database.ClientJobsDAO.ClientJobsDAO(5953) - INFO - <BUILDID=N/A, WORKER=HW, WRKID=69, JOBID=1031> Model insert attempt failed with DUP_ENTRY: jobID=1031; paramsHash=df67ae8295300bc597b490ce4180d2da OR particleHash=e9f315d4b65df160cfa82d00925e2b22; IntegrityError(1062, u'Duplicate entry \'1031-\\xE9\\xF3\\x15\\xD4\\xB6]\\xF1`\\xCF\\xA8-\\x00\\x92^+"\' for key \'job_id_2\'')
2015-06-30 09:29:50,331 - com.numenta.nupic.swarming.HypersearchWorker(5953) - INFO - <BUILDID=N/A, WORKER=HW, WRKID=69, JOBID=1031> Adding model 3292 to our internal DB because modelInsertAndStart() failed to insert it: paramsHash=6f0d43966ff6be127d858a63ae703188, particleHash=e9f315d4b65df160cfa82d00925e2b22, particleId='69.20.1'
2015-06-30 09:29:50,336 - com.numenta.nupic.database.ClientJobsDAO.ClientJobsDAO(5953) - INFO - <BUILDID=N/A, WORKER=HW, WRKID=69, JOBID=1031> Model insert attempt failed with DUP_ENTRY: jobID=1031; paramsHash=df67ae8295300bc597b490ce4180d2da OR particleHash=e9f315d4b65df160cfa82d00925e2b22; IntegrityError(1062, u'Duplicate entry \'1031-\\xE9\\xF3\\x15\\xD4\\xB6]\\xF1`\\xCF\\xA8-\\x00\\x92^+"\' for key \'job_id_2\'')
2015-06-30 09:29:50,341 - com.numenta.nupic.swarming.HypersearchWorker(5953) - INFO - <BUILDID=N/A, WORKER=HW, WRKID=69, JOBID=1031> Adding model 3292 to our internal DB because modelInsertAndStart() failed to insert it: paramsHash=6f0d43966ff6be127d858a63ae703188, particleHash=e9f315d4b65df160cfa82d00925e2b22, particleId='69.20.1'
2015-06-30 09:29:50,347 - com.numenta.nupic.database.ClientJobsDAO.ClientJobsDAO(5953) - INFO - <BUILDID=N/A, WORKER=HW, WRKID=69, JOBID=1031> Model insert attempt failed with DUP_ENTRY: jobID=1031; paramsHash=df67ae8295300bc597b490ce4180d2da OR particleHash=e9f315d4b65df160cfa82d00925e2b22; IntegrityError(1062, u'Duplicate entry \'1031-\\xE9\\xF3\\x15\\xD4\\xB6]\\xF1`\\xCF\\xA8-\\x00\\x92^+"\' for key \'job_id_2\'')
2015-06-30 09:29:50,359 - com.numenta.nupic.swarming.HypersearchWorker(5953) - INFO - <BUILDID=N/A, WORKER=HW, WRKID=69, JOBID=1031> Adding model 3292 to our internal DB because modelInsertAndStart() failed to insert it: paramsHash=6f0d43966ff6be127d858a63ae703188, particleHash=e9f315d4b65df160cfa82d00925e2b22, particleId='69.20.1'
2015-06-30 09:29:50,366 - com.numenta.nupic.swarming.HypersearchV2.HypersearchV2(5953) - ERROR - <BUILDID=N/A, WORKER=HW, WRKID=69, JOBID=1031> Exiting because some worker set the workerCompletionReason to error. WorkerCompletionMsg: E10002: Exiting due to receiving too many models failing from exceptions (6 out of 6). 
Model Exception: Exception occurred while running model 3264: Exception(u'Unable to locate: at/workspace/pecan/house_data/252_data/252_clean_data.csv using NTA_DATA_PATH of ',) (<type 'exceptions.Exception'>)
Traceback (most recent call last):
  File "/home/pat/workspace/nupic/nupic/swarming/utils.py", line 430, in runModelGivenBaseAndParams
    (completionReason, completionMsg) = runner.run()
  File "/home/pat/workspace/nupic/nupic/swarming/ModelRunner.py", line 237, in run
    maxTimeout=readTimeout)
  File "/home/pat/workspace/nupic/nupic/data/stream_reader.py", line 210, in __init__
    self._openStream(dataUrl, isBlocking, maxTimeout, bookmark, firstRecordIdx)
  File "/home/pat/workspace/nupic/nupic/data/stream_reader.py", line 294, in _openStream
    self._recordStoreName = findDataset(dataUrl[len(FILE_PREF):])
  File "/home/pat/workspace/nupic/nupic/data/datasethelpers.py", line 79, in findDataset
    (datasetPath, os.environ.get('NTA_DATA_PATH', '')))
Exception: Unable to locate: at/workspace/pecan/house_data/252_data/252_clean_data.csv using NTA_DATA_PATH of 

2015-06-30 09:29:50,370 - com.numenta.nupic.swarming.HypersearchV2.HypersearchV2(5953) - INFO - <BUILDID=N/A, WORKER=HW, WRKID=69, JOBID=1031> Failed updating the field contributions, another hypersearch worker must have updated it
2015-06-30 09:29:50,370 - com.numenta.nupic.swarming.HypersearchWorker(5953) - INFO - <BUILDID=N/A, WORKER=HW, WRKID=69, JOBID=1031> FINISHED. Evaluated 4 models.
