2014-12-27 10:30:47,621 - com.numenta.nupic.swarming.HypersearchWorker(7242) - INFO - <BUILDID=N/A, WORKER=HS, WRKID=N/A, JOBID=N/A> Launched with command line arguments: ['--jobID=1013']
2014-12-27 10:30:47,622 - com.numenta.nupic.swarming.HypersearchWorker(7242) - INFO - <BUILDID=N/A, WORKER=HS, WRKID=N/A, JOBID=N/A> Connecting to the jobs database
2014-12-27 10:30:47,622 - com.numenta.nupic.database.Connection.ConnectionFactory(7242) - INFO - <BUILDID=N/A, WORKER=HS, WRKID=N/A, JOBID=N/A> Creating db connection policy via provider <bound method type._createDefaultPolicy of <class 'nupic.database.Connection.ConnectionFactory'>>
2014-12-27 10:30:47,650 - com.numenta.nupic.database.Connection.PooledConnectionPolicy(7242) - INFO - <BUILDID=N/A, WORKER=HS, WRKID=N/A, JOBID=N/A> Created PooledConnectionPolicy
2014-12-27 10:30:47,665 - com.numenta.nupic.database.ClientJobsDAO.ClientJobsDAO(7242) - INFO - <BUILDID=N/A, WORKER=HS, WRKID=N/A, JOBID=N/A> clientJobsConnectionID=102
2014-12-27 10:30:47,672 - com.numenta.nupic.swarming.HypersearchWorker(7242) - INFO - <BUILDID=N/A, WORKER=HW, WRKID=102, JOBID=1013> Job info retrieved: {'engModelMilestones': 'None', 'clientInfo': '', 'numFailedWorkers': '0', 'engJobType': 'hypersearch', 'results': 'None', 'jobId': '1013', 'completionMsg': 'None', 'cancel': '0', 'engWorkerState': 'None', 'workerCompletionMsg': 'None', 'jobHash': "y\xa6$u\x8d\xf6\x11\xe4\x9c\x1f\x08\x00'\x16\xdf\xd4", 'genBaseDescription': 'None', 'completionReason': 'None', 'priority': '0', 'cmdLine': '$HYPERSEARCH', 'params': '{"hsVersion": "v2", "maxModels": null, "persistentJobGUID": "79a...', 'workerCompletionReason': 'success', 'engAllocateNewWorkers': '1', 'lastFailedWorkerErrorMsg': 'None', 'engUntendedDeadWorkers': '0', 'engLastUpdateTime': '2014-12-27 18:30:47', 'status': 'notStarted', 'engStatus': 'None', 'startTime': 'None', 'minimumWorkers': '1', 'endTime': 'None', 'engCjmConnId': 'None', 'genPermutations': 'None', 'client': 'GRP', 'engCleaningStatus': 'notdone', 'clientKey': '', 'maximumWorkers': '4'}
2014-12-27 10:30:47,675 - com.numenta.nupic.swarming.HypersearchV2.HypersearchV2(7242) - INFO - <BUILDID=N/A, WORKER=HW, WRKID=102, JOBID=1013> searchParams: 
{u'description': {u'includedFields': [{u'fieldName': 'timestamp',
                                       u'fieldType': 'datetime'},
                                      {u'fieldName': 'kw_energy_consumption',
                                       u'fieldType': 'float',
                                       u'maxValue': '5.18',
                                       u'minValue': '0.0'}],
                  u'inferenceArgs': {u'predictedField': 'kw_energy_consumption',
                                     u'predictionSteps': ['1']},
                  u'inferenceType': 'TemporalMultiStep',
                  u'iterationCount': '-1',
                  u'streamDef': {u'info': 'kw_energy_consumption',
                                 u'streams': [{u'columns': ['*'],
                                               u'info': 'San Diego',
                                               u'source': 'file://sandiego.csv'}],
                                 u'version': '1'},
                  u'swarmSize': 'small'},
 u'hsVersion': 'v2',
 u'maxModels': 'None',
 u'persistentJobGUID': '79a62474-8df6-11e4-9c1f-08002716dfd4',
 u'useTerminators': 'False'}
2014-12-27 10:30:47,813 - com.numenta.nupic.swarming.HypersearchV2.HypersearchV2(7242) - INFO - <BUILDID=N/A, WORKER=HW, WRKID=102, JOBID=1013> Active swarms changed to [u'modelParams|sensorParams|encoders|kw_energy_consumption'] (from None)
2014-12-27 10:30:47,930 - com.numenta.nupic.database.ClientJobsDAO.ClientJobsDAO(7242) - INFO - <BUILDID=N/A, WORKER=HW, WRKID=102, JOBID=1013> Model insert attempt failed with DUP_ENTRY: jobID=1013; paramsHash=b83e94a3acb214f3fdd3aee92e9fbdb5 OR particleHash=6140ba4426adea3adfda86b5ee5385a7; IntegrityError(1062, u"Duplicate entry '1013-\\xB8>\\x94\\xA3\\xAC\\xB2\\x14\\xF3\\xFD\\xD3\\xAE\\xE9.\\x9F\\xBD\\xB5' for key 'job_id'")
2014-12-27 10:30:47,933 - com.numenta.nupic.swarming.HypersearchWorker(7242) - INFO - <BUILDID=N/A, WORKER=HW, WRKID=102, JOBID=1013> Adding model 1620 to our internal DB because modelInsertAndStart() failed to insert it: paramsHash=b83e94a3acb214f3fdd3aee92e9fbdb5, particleHash=ec21b281b93cf1b55b6c597879010882, particleId='101.0.0'
2014-12-27 10:30:47,939 - com.numenta.nupic.database.ClientJobsDAO.ClientJobsDAO(7242) - INFO - <BUILDID=N/A, WORKER=HW, WRKID=102, JOBID=1013> Model insert attempt failed with DUP_ENTRY: jobID=1013; paramsHash=b83e94a3acb214f3fdd3aee92e9fbdb5 OR particleHash=572896f667621c7cdd330d2922831f31; IntegrityError(1062, u"Duplicate entry '1013-\\xB8>\\x94\\xA3\\xAC\\xB2\\x14\\xF3\\xFD\\xD3\\xAE\\xE9.\\x9F\\xBD\\xB5' for key 'job_id'")
2014-12-27 10:30:47,944 - com.numenta.nupic.swarming.HypersearchWorker(7242) - INFO - <BUILDID=N/A, WORKER=HW, WRKID=102, JOBID=1013> Adding model 1620 to our internal DB because modelInsertAndStart() failed to insert it: paramsHash=b83e94a3acb214f3fdd3aee92e9fbdb5, particleHash=ec21b281b93cf1b55b6c597879010882, particleId='101.0.0'
2014-12-27 10:30:47,947 - com.numenta.nupic.database.ClientJobsDAO.ClientJobsDAO(7242) - INFO - <BUILDID=N/A, WORKER=HW, WRKID=102, JOBID=1013> Model insert attempt failed with DUP_ENTRY: jobID=1013; paramsHash=b83e94a3acb214f3fdd3aee92e9fbdb5 OR particleHash=af7be00e09c93d5826e8abe9e56585e3; IntegrityError(1062, u"Duplicate entry '1013-\\xB8>\\x94\\xA3\\xAC\\xB2\\x14\\xF3\\xFD\\xD3\\xAE\\xE9.\\x9F\\xBD\\xB5' for key 'job_id'")
2014-12-27 10:30:47,957 - com.numenta.nupic.swarming.HypersearchWorker(7242) - INFO - <BUILDID=N/A, WORKER=HW, WRKID=102, JOBID=1013> Adding model 1620 to our internal DB because modelInsertAndStart() failed to insert it: paramsHash=b83e94a3acb214f3fdd3aee92e9fbdb5, particleHash=ec21b281b93cf1b55b6c597879010882, particleId='101.0.0'
2014-12-27 10:30:47,961 - com.numenta.nupic.database.ClientJobsDAO.ClientJobsDAO(7242) - INFO - <BUILDID=N/A, WORKER=HW, WRKID=102, JOBID=1013> Model insert attempt failed with DUP_ENTRY: jobID=1013; paramsHash=b83e94a3acb214f3fdd3aee92e9fbdb5 OR particleHash=06524c7c26877b5b44ac6ca47515f909; IntegrityError(1062, u"Duplicate entry '1013-\\xB8>\\x94\\xA3\\xAC\\xB2\\x14\\xF3\\xFD\\xD3\\xAE\\xE9.\\x9F\\xBD\\xB5' for key 'job_id'")
2014-12-27 10:30:47,963 - com.numenta.nupic.swarming.HypersearchWorker(7242) - INFO - <BUILDID=N/A, WORKER=HW, WRKID=102, JOBID=1013> Adding model 1620 to our internal DB because modelInsertAndStart() failed to insert it: paramsHash=b83e94a3acb214f3fdd3aee92e9fbdb5, particleHash=ec21b281b93cf1b55b6c597879010882, particleId='101.0.0'
2014-12-27 10:30:47,972 - com.numenta.nupic.database.ClientJobsDAO.ClientJobsDAO(7242) - INFO - <BUILDID=N/A, WORKER=HW, WRKID=102, JOBID=1013> Model insert attempt failed with DUP_ENTRY: jobID=1013; paramsHash=b83e94a3acb214f3fdd3aee92e9fbdb5 OR particleHash=07349eff881ceee6c5991ff5c9f9bcb7; IntegrityError(1062, u"Duplicate entry '1013-\\xB8>\\x94\\xA3\\xAC\\xB2\\x14\\xF3\\xFD\\xD3\\xAE\\xE9.\\x9F\\xBD\\xB5' for key 'job_id'")
2014-12-27 10:30:47,977 - com.numenta.nupic.swarming.HypersearchWorker(7242) - INFO - <BUILDID=N/A, WORKER=HW, WRKID=102, JOBID=1013> Adding model 1620 to our internal DB because modelInsertAndStart() failed to insert it: paramsHash=b83e94a3acb214f3fdd3aee92e9fbdb5, particleHash=ec21b281b93cf1b55b6c597879010882, particleId='101.0.0'
2014-12-27 10:30:47,980 - com.numenta.nupic.database.ClientJobsDAO.ClientJobsDAO(7242) - INFO - <BUILDID=N/A, WORKER=HW, WRKID=102, JOBID=1013> Model insert attempt failed with DUP_ENTRY: jobID=1013; paramsHash=b83e94a3acb214f3fdd3aee92e9fbdb5 OR particleHash=05da1f0ab244081481407d7e44086485; IntegrityError(1062, u"Duplicate entry '1013-\\xB8>\\x94\\xA3\\xAC\\xB2\\x14\\xF3\\xFD\\xD3\\xAE\\xE9.\\x9F\\xBD\\xB5' for key 'job_id'")
2014-12-27 10:30:47,986 - com.numenta.nupic.swarming.HypersearchWorker(7242) - INFO - <BUILDID=N/A, WORKER=HW, WRKID=102, JOBID=1013> Adding model 1620 to our internal DB because modelInsertAndStart() failed to insert it: paramsHash=b83e94a3acb214f3fdd3aee92e9fbdb5, particleHash=ec21b281b93cf1b55b6c597879010882, particleId='101.0.0'
2014-12-27 10:30:47,989 - com.numenta.nupic.database.ClientJobsDAO.ClientJobsDAO(7242) - INFO - <BUILDID=N/A, WORKER=HW, WRKID=102, JOBID=1013> Model insert attempt failed with DUP_ENTRY: jobID=1013; paramsHash=b83e94a3acb214f3fdd3aee92e9fbdb5 OR particleHash=30359aea4cf1a47e14399b798b875410; IntegrityError(1062, u"Duplicate entry '1013-\\xB8>\\x94\\xA3\\xAC\\xB2\\x14\\xF3\\xFD\\xD3\\xAE\\xE9.\\x9F\\xBD\\xB5' for key 'job_id'")
2014-12-27 10:30:47,994 - com.numenta.nupic.swarming.HypersearchWorker(7242) - INFO - <BUILDID=N/A, WORKER=HW, WRKID=102, JOBID=1013> Adding model 1620 to our internal DB because modelInsertAndStart() failed to insert it: paramsHash=b83e94a3acb214f3fdd3aee92e9fbdb5, particleHash=ec21b281b93cf1b55b6c597879010882, particleId='101.0.0'
2014-12-27 10:30:47,999 - com.numenta.nupic.database.ClientJobsDAO.ClientJobsDAO(7242) - INFO - <BUILDID=N/A, WORKER=HW, WRKID=102, JOBID=1013> Model insert attempt failed with DUP_ENTRY: jobID=1013; paramsHash=b83e94a3acb214f3fdd3aee92e9fbdb5 OR particleHash=25a3b0ba220853942723cff3a552bb67; IntegrityError(1062, u"Duplicate entry '1013-\\xB8>\\x94\\xA3\\xAC\\xB2\\x14\\xF3\\xFD\\xD3\\xAE\\xE9.\\x9F\\xBD\\xB5' for key 'job_id'")
2014-12-27 10:30:48,005 - com.numenta.nupic.swarming.HypersearchWorker(7242) - INFO - <BUILDID=N/A, WORKER=HW, WRKID=102, JOBID=1013> Adding model 1620 to our internal DB because modelInsertAndStart() failed to insert it: paramsHash=b83e94a3acb214f3fdd3aee92e9fbdb5, particleHash=ec21b281b93cf1b55b6c597879010882, particleId='101.0.0'
2014-12-27 10:30:48,008 - com.numenta.nupic.database.ClientJobsDAO.ClientJobsDAO(7242) - INFO - <BUILDID=N/A, WORKER=HW, WRKID=102, JOBID=1013> Model insert attempt failed with DUP_ENTRY: jobID=1013; paramsHash=b83e94a3acb214f3fdd3aee92e9fbdb5 OR particleHash=c23be5c81dc11cbbcf4582d7eb3df900; IntegrityError(1062, u"Duplicate entry '1013-\\xB8>\\x94\\xA3\\xAC\\xB2\\x14\\xF3\\xFD\\xD3\\xAE\\xE9.\\x9F\\xBD\\xB5' for key 'job_id'")
2014-12-27 10:30:48,013 - com.numenta.nupic.swarming.HypersearchWorker(7242) - INFO - <BUILDID=N/A, WORKER=HW, WRKID=102, JOBID=1013> Adding model 1620 to our internal DB because modelInsertAndStart() failed to insert it: paramsHash=b83e94a3acb214f3fdd3aee92e9fbdb5, particleHash=ec21b281b93cf1b55b6c597879010882, particleId='101.0.0'
2014-12-27 10:30:48,016 - com.numenta.nupic.database.ClientJobsDAO.ClientJobsDAO(7242) - INFO - <BUILDID=N/A, WORKER=HW, WRKID=102, JOBID=1013> Model insert attempt failed with DUP_ENTRY: jobID=1013; paramsHash=b83e94a3acb214f3fdd3aee92e9fbdb5 OR particleHash=e96bd04f07439b43a6ec0095a62c8e16; IntegrityError(1062, u"Duplicate entry '1013-\\xB8>\\x94\\xA3\\xAC\\xB2\\x14\\xF3\\xFD\\xD3\\xAE\\xE9.\\x9F\\xBD\\xB5' for key 'job_id'")
2014-12-27 10:30:48,019 - com.numenta.nupic.swarming.HypersearchWorker(7242) - INFO - <BUILDID=N/A, WORKER=HW, WRKID=102, JOBID=1013> Adding model 1620 to our internal DB because modelInsertAndStart() failed to insert it: paramsHash=b83e94a3acb214f3fdd3aee92e9fbdb5, particleHash=ec21b281b93cf1b55b6c597879010882, particleId='101.0.0'
2014-12-27 10:30:48,023 - com.numenta.nupic.swarming.HypersearchV2.HypersearchV2(7242) - INFO - <BUILDID=N/A, WORKER=HW, WRKID=102, JOBID=1013> Ready to end hyperseach, but not all models have matured yet. Sleeping a bit to wait for all models to mature.
2014-12-27 10:30:51,230 - com.numenta.nupic.swarming.HypersearchV2.HypersearchV2(7242) - ERROR - <BUILDID=N/A, WORKER=HW, WRKID=102, JOBID=1013> Exiting because some worker set the workerCompletionReason to error. WorkerCompletionMsg: E10001: ('The provided timestamp "2011-02-01 01:00:00" is malformed. The supported formats are: [%Y-%m-%d %H:%M:%S.%f, %Y-%m-%d %H:%M:%S:%f, %Y-%m-%d %H:%M:%S, %Y-%m-%d %H:%M, %Y-%m-%d, %m/%d/%Y %H:%M, %m/%d/%y %H:%M, %Y-%m-%dT%H:%M:%S.%fZ, %Y-%m-%dT%H:%M:%SZ, %Y-%m-%dT%H:%M:%S]',): Traceback (most recent call last):
  File "/home/pat/workspace/nupic/nupic/swarming/ModelRunner.py", line 346, in __runTaskMainLoop
    inputRecord = self._inputSource.getNextRecordDict()
  File "/home/pat/workspace/nupic/nupic/data/record_stream.py", line 75, in getNextRecordDict
    values = self.getNextRecord()
  File "/home/pat/workspace/nupic/nupic/data/stream_reader.py", line 327, in getNextRecord
    preAggValues = self._recordStore.getNextRecord()
  File "/home/pat/workspace/nupic/nupic/data/file_record_stream.py", line 374, in getNextRecord
    record.append(self._adapters[i](f))
  File "/home/pat/workspace/nupic/nupic/data/utils.py", line 60, in parseTimestamp
    'formats are: [%s]' % (s, ', '.join(DATETIME_FORMATS)))
ValueError: The provided timestamp "2011-02-01 01:00:00" is malformed. The supported formats are: [%Y-%m-%d %H:%M:%S.%f, %Y-%m-%d %H:%M:%S:%f, %Y-%m-%d %H:%M:%S, %Y-%m-%d %H:%M, %Y-%m-%d, %m/%d/%Y %H:%M, %m/%d/%y %H:%M, %Y-%m-%dT%H:%M:%S.%fZ, %Y-%m-%dT%H:%M:%SZ, %Y-%m-%dT%H:%M:%S]

2014-12-27 10:30:51,234 - com.numenta.nupic.swarming.HypersearchV2.HypersearchV2(7242) - INFO - <BUILDID=N/A, WORKER=HW, WRKID=102, JOBID=1013> Failed updating the field contributions, another hypersearch worker must have updated it
2014-12-27 10:30:51,234 - com.numenta.nupic.swarming.HypersearchWorker(7242) - INFO - <BUILDID=N/A, WORKER=HW, WRKID=102, JOBID=1013> FINISHED. Evaluated 0 models.
