2015-07-18 07:45:04,912 - com.numenta.nupic.swarming.HypersearchWorker(8745) - INFO - <BUILDID=N/A, WORKER=HS, WRKID=N/A, JOBID=N/A> Launched with command line arguments: ['--jobID=1046']
2015-07-18 07:45:04,912 - com.numenta.nupic.swarming.HypersearchWorker(8745) - INFO - <BUILDID=N/A, WORKER=HS, WRKID=N/A, JOBID=N/A> Connecting to the jobs database
2015-07-18 07:45:04,912 - com.numenta.nupic.database.Connection.ConnectionFactory(8745) - INFO - <BUILDID=N/A, WORKER=HS, WRKID=N/A, JOBID=N/A> Creating db connection policy via provider <bound method type._createDefaultPolicy of <class 'nupic.database.Connection.ConnectionFactory'>>
2015-07-18 07:45:04,948 - com.numenta.nupic.database.Connection.PooledConnectionPolicy(8745) - INFO - <BUILDID=N/A, WORKER=HS, WRKID=N/A, JOBID=N/A> Created PooledConnectionPolicy
2015-07-18 07:45:05,020 - com.numenta.nupic.database.ClientJobsDAO.ClientJobsDAO(8745) - INFO - <BUILDID=N/A, WORKER=HS, WRKID=N/A, JOBID=N/A> clientJobsConnectionID=61
2015-07-18 07:45:05,050 - com.numenta.nupic.swarming.HypersearchWorker(8745) - INFO - <BUILDID=N/A, WORKER=HW, WRKID=61, JOBID=1046> Job info retrieved: {'engModelMilestones': 'None', 'clientInfo': '', 'numFailedWorkers': '0', 'engJobType': 'hypersearch', 'results': 'None', 'jobId': '1046', 'completionMsg': 'None', 'cancel': '0', 'engWorkerState': 'None', 'workerCompletionMsg': 'None', 'jobHash': "\x91\xea\xb1\xbc-[\x11\xe5\x98\xe1\x08\x00'\x16\xdf\xd4", 'genBaseDescription': 'None', 'completionReason': 'None', 'priority': '0', 'cmdLine': '$HYPERSEARCH', 'params': '{"hsVersion": "v2", "maxModels": null, "persistentJobGUID": "6d1...', 'workerCompletionReason': 'success', 'engAllocateNewWorkers': '1', 'lastFailedWorkerErrorMsg': 'None', 'engUntendedDeadWorkers': '0', 'engLastUpdateTime': '2015-07-18 14:45:01', 'status': 'notStarted', 'engStatus': 'None', 'startTime': 'None', 'minimumWorkers': '1', 'endTime': 'None', 'engCjmConnId': 'None', 'genPermutations': 'None', 'client': 'GRP', 'engCleaningStatus': 'notdone', 'clientKey': '', 'maximumWorkers': '4'}
2015-07-18 07:45:05,062 - com.numenta.nupic.swarming.HypersearchV2.HypersearchV2(8745) - INFO - <BUILDID=N/A, WORKER=HW, WRKID=61, JOBID=1046> searchParams: 
{u'description': {u'includedFields': [{u'fieldName': 'timestamp',
                                       u'fieldType': 'datetime'},
                                      {u'fieldName': 'euse',
                                       u'fieldType': 'float',
                                       u'maxValue': '35.0',
                                       u'minValue': '0.0'},
                                      {u'fieldName': 'temp',
                                       u'fieldType': 'float',
                                       u'maxValue': '110.0',
                                       u'minValue': '0.0'},
                                      {u'fieldName': 'humid',
                                       u'fieldType': 'float',
                                       u'maxValue': '100.0',
                                       u'minValue': '0.0'},
                                      {u'fieldName': 'wind',
                                       u'fieldType': 'float',
                                       u'maxValue': '50.0',
                                       u'minValue': '0.0'},
                                      {u'fieldName': 'is_daylight',
                                       u'fieldType': 'float',
                                       u'maxValue': '0.0',
                                       u'minValue': '1.0'},
                                      {u'fieldName': 'buildup',
                                       u'fieldType': 'float',
                                       u'maxValue': '100.0',
                                       u'minValue': '0.0'},
                                      {u'fieldName': 'sec_since_rise',
                                       u'fieldType': 'float',
                                       u'maxValue': '50000',
                                       u'minValue': '0.0'}],
                  u'inferenceArgs': {u'predictedField': 'euse',
                                     u'predictionSteps': ['4']},
                  u'inferenceType': 'TemporalMultiStep',
                  u'iterationCount': '-1',
                  u'streamDef': {u'info': 'kwh',
                                 u'streams': [{u'columns': ['timestamp',
                                                            'euse',
                                                            'temp',
                                                            'humid',
                                                            'wind',
                                                            'is_daylight',
                                                            'buildup',
                                                            'sec_since_rise'],
                                               u'info': 'weather_plus_7531',
                                               u'source': 'file:///home/pat/workspace/pecan/house_data/7531_data/7531_clean...'}]},
                  u'swarmSize': 'medium'},
 u'hsVersion': 'v2',
 u'maxModels': 'None',
 u'persistentJobGUID': '6d153eb6-2d5b-11e5-98e1-08002716dfd4',
 u'useTerminators': 'False'}
2015-07-18 07:46:35,709 - com.numenta.nupic.swarming.HypersearchV2.HypersearchV2(8745) - INFO - <BUILDID=N/A, WORKER=HW, WRKID=61, JOBID=1046> Active swarms changed to [u'modelParams|sensorParams|encoders|humid', u'modelParams|sensorParams|encoders|wind', u'modelParams|sensorParams|encoders|is_daylight', u'modelParams|sensorParams|encoders|sec_since_rise', u'modelParams|sensorParams|encoders|timestamp_timeOfDay', u'modelParams|sensorParams|encoders|timestamp_dayOfWeek', u'modelParams|sensorParams|encoders|buildup', u'modelParams|sensorParams|encoders|euse', u'modelParams|sensorParams|encoders|temp', u'modelParams|sensorParams|encoders|timestamp_weekend'] (from None)
2015-07-18 07:46:36,294 - com.numenta.nupic.database.ClientJobsDAO.ClientJobsDAO(8745) - INFO - <BUILDID=N/A, WORKER=HW, WRKID=61, JOBID=1046> Model insert attempt failed with DUP_ENTRY: jobID=1046; paramsHash=64c67aa1f110afdc4de99d9c5dabe6c2 OR particleHash=63992b44cd44f06ccdaccaa1d685fba1; IntegrityError(1062, u"Duplicate entry '1046-d\\xC6z\\xA1\\xF1\\x10\\xAF\\xDCM\\xE9\\x9D\\x9C]\\xAB\\xE6\\xC2' for key 'job_id'")
2015-07-18 07:46:36,329 - com.numenta.nupic.swarming.HypersearchWorker(8745) - INFO - <BUILDID=N/A, WORKER=HW, WRKID=61, JOBID=1046> Adding model 4533 to our internal DB because modelInsertAndStart() failed to insert it: paramsHash=64c67aa1f110afdc4de99d9c5dabe6c2, particleHash=68f0fd9d5bbad7e116e5569b1e813a2c, particleId='60.0.0'
2015-07-18 07:46:36,358 - com.numenta.nupic.database.ClientJobsDAO.ClientJobsDAO(8745) - INFO - <BUILDID=N/A, WORKER=HW, WRKID=61, JOBID=1046> Model insert attempt failed with DUP_ENTRY: jobID=1046; paramsHash=64c67aa1f110afdc4de99d9c5dabe6c2 OR particleHash=444a80c02fd74ac29a5b457a4c2dcaee; IntegrityError(1062, u"Duplicate entry '1046-d\\xC6z\\xA1\\xF1\\x10\\xAF\\xDCM\\xE9\\x9D\\x9C]\\xAB\\xE6\\xC2' for key 'job_id'")
2015-07-18 07:46:36,390 - com.numenta.nupic.swarming.HypersearchWorker(8745) - INFO - <BUILDID=N/A, WORKER=HW, WRKID=61, JOBID=1046> Adding model 4533 to our internal DB because modelInsertAndStart() failed to insert it: paramsHash=64c67aa1f110afdc4de99d9c5dabe6c2, particleHash=68f0fd9d5bbad7e116e5569b1e813a2c, particleId='60.0.0'
2015-07-18 07:46:36,399 - com.numenta.nupic.database.ClientJobsDAO.ClientJobsDAO(8745) - INFO - <BUILDID=N/A, WORKER=HW, WRKID=61, JOBID=1046> Model insert attempt failed with DUP_ENTRY: jobID=1046; paramsHash=64c67aa1f110afdc4de99d9c5dabe6c2 OR particleHash=20bf15a533c75604a2f5fa8439417b6a; IntegrityError(1062, u"Duplicate entry '1046-d\\xC6z\\xA1\\xF1\\x10\\xAF\\xDCM\\xE9\\x9D\\x9C]\\xAB\\xE6\\xC2' for key 'job_id'")
2015-07-18 07:46:36,436 - com.numenta.nupic.swarming.HypersearchWorker(8745) - INFO - <BUILDID=N/A, WORKER=HW, WRKID=61, JOBID=1046> Adding model 4533 to our internal DB because modelInsertAndStart() failed to insert it: paramsHash=64c67aa1f110afdc4de99d9c5dabe6c2, particleHash=68f0fd9d5bbad7e116e5569b1e813a2c, particleId='60.0.0'
2015-07-18 07:46:36,458 - com.numenta.nupic.database.ClientJobsDAO.ClientJobsDAO(8745) - INFO - <BUILDID=N/A, WORKER=HW, WRKID=61, JOBID=1046> Model insert attempt failed with DUP_ENTRY: jobID=1046; paramsHash=64c67aa1f110afdc4de99d9c5dabe6c2 OR particleHash=53697f991fbf35b516e6e9f99c012ffa; IntegrityError(1062, u"Duplicate entry '1046-d\\xC6z\\xA1\\xF1\\x10\\xAF\\xDCM\\xE9\\x9D\\x9C]\\xAB\\xE6\\xC2' for key 'job_id'")
2015-07-18 07:46:36,488 - com.numenta.nupic.swarming.HypersearchWorker(8745) - INFO - <BUILDID=N/A, WORKER=HW, WRKID=61, JOBID=1046> Adding model 4533 to our internal DB because modelInsertAndStart() failed to insert it: paramsHash=64c67aa1f110afdc4de99d9c5dabe6c2, particleHash=68f0fd9d5bbad7e116e5569b1e813a2c, particleId='60.0.0'
2015-07-18 07:46:36,506 - com.numenta.nupic.database.ClientJobsDAO.ClientJobsDAO(8745) - INFO - <BUILDID=N/A, WORKER=HW, WRKID=61, JOBID=1046> Model insert attempt failed with DUP_ENTRY: jobID=1046; paramsHash=64c67aa1f110afdc4de99d9c5dabe6c2 OR particleHash=8040be6fe1b97119326ce3b89b6fcc66; IntegrityError(1062, u"Duplicate entry '1046-d\\xC6z\\xA1\\xF1\\x10\\xAF\\xDCM\\xE9\\x9D\\x9C]\\xAB\\xE6\\xC2' for key 'job_id'")
2015-07-18 07:46:36,528 - com.numenta.nupic.swarming.HypersearchWorker(8745) - INFO - <BUILDID=N/A, WORKER=HW, WRKID=61, JOBID=1046> Adding model 4533 to our internal DB because modelInsertAndStart() failed to insert it: paramsHash=64c67aa1f110afdc4de99d9c5dabe6c2, particleHash=68f0fd9d5bbad7e116e5569b1e813a2c, particleId='60.0.0'
2015-07-18 07:46:36,545 - com.numenta.nupic.database.ClientJobsDAO.ClientJobsDAO(8745) - INFO - <BUILDID=N/A, WORKER=HW, WRKID=61, JOBID=1046> Model insert attempt failed with DUP_ENTRY: jobID=1046; paramsHash=64c67aa1f110afdc4de99d9c5dabe6c2 OR particleHash=6520597c6a7d98ebc51a92abd19f02cd; IntegrityError(1062, u"Duplicate entry '1046-d\\xC6z\\xA1\\xF1\\x10\\xAF\\xDCM\\xE9\\x9D\\x9C]\\xAB\\xE6\\xC2' for key 'job_id'")
2015-07-18 07:46:36,588 - com.numenta.nupic.swarming.HypersearchWorker(8745) - INFO - <BUILDID=N/A, WORKER=HW, WRKID=61, JOBID=1046> Adding model 4533 to our internal DB because modelInsertAndStart() failed to insert it: paramsHash=64c67aa1f110afdc4de99d9c5dabe6c2, particleHash=68f0fd9d5bbad7e116e5569b1e813a2c, particleId='60.0.0'
2015-07-18 07:46:36,606 - com.numenta.nupic.database.ClientJobsDAO.ClientJobsDAO(8745) - INFO - <BUILDID=N/A, WORKER=HW, WRKID=61, JOBID=1046> Model insert attempt failed with DUP_ENTRY: jobID=1046; paramsHash=64c67aa1f110afdc4de99d9c5dabe6c2 OR particleHash=ed6f808e9e2cde5691ce70b73dc44cc9; IntegrityError(1062, u"Duplicate entry '1046-d\\xC6z\\xA1\\xF1\\x10\\xAF\\xDCM\\xE9\\x9D\\x9C]\\xAB\\xE6\\xC2' for key 'job_id'")
2015-07-18 07:46:36,632 - com.numenta.nupic.swarming.HypersearchWorker(8745) - INFO - <BUILDID=N/A, WORKER=HW, WRKID=61, JOBID=1046> Adding model 4533 to our internal DB because modelInsertAndStart() failed to insert it: paramsHash=64c67aa1f110afdc4de99d9c5dabe6c2, particleHash=68f0fd9d5bbad7e116e5569b1e813a2c, particleId='60.0.0'
2015-07-18 07:46:36,643 - com.numenta.nupic.database.ClientJobsDAO.ClientJobsDAO(8745) - INFO - <BUILDID=N/A, WORKER=HW, WRKID=61, JOBID=1046> Model insert attempt failed with DUP_ENTRY: jobID=1046; paramsHash=64c67aa1f110afdc4de99d9c5dabe6c2 OR particleHash=685fa633f4a379f8724e94a791c28030; IntegrityError(1062, u"Duplicate entry '1046-d\\xC6z\\xA1\\xF1\\x10\\xAF\\xDCM\\xE9\\x9D\\x9C]\\xAB\\xE6\\xC2' for key 'job_id'")
2015-07-18 07:46:36,683 - com.numenta.nupic.swarming.HypersearchWorker(8745) - INFO - <BUILDID=N/A, WORKER=HW, WRKID=61, JOBID=1046> Adding model 4533 to our internal DB because modelInsertAndStart() failed to insert it: paramsHash=64c67aa1f110afdc4de99d9c5dabe6c2, particleHash=68f0fd9d5bbad7e116e5569b1e813a2c, particleId='60.0.0'
2015-07-18 07:46:36,688 - com.numenta.nupic.database.ClientJobsDAO.ClientJobsDAO(8745) - INFO - <BUILDID=N/A, WORKER=HW, WRKID=61, JOBID=1046> Model insert attempt failed with DUP_ENTRY: jobID=1046; paramsHash=64c67aa1f110afdc4de99d9c5dabe6c2 OR particleHash=13fd4152bda4edf3151622f57c6ebada; IntegrityError(1062, u"Duplicate entry '1046-d\\xC6z\\xA1\\xF1\\x10\\xAF\\xDCM\\xE9\\x9D\\x9C]\\xAB\\xE6\\xC2' for key 'job_id'")
2015-07-18 07:46:36,723 - com.numenta.nupic.swarming.HypersearchWorker(8745) - INFO - <BUILDID=N/A, WORKER=HW, WRKID=61, JOBID=1046> Adding model 4533 to our internal DB because modelInsertAndStart() failed to insert it: paramsHash=64c67aa1f110afdc4de99d9c5dabe6c2, particleHash=68f0fd9d5bbad7e116e5569b1e813a2c, particleId='60.0.0'
2015-07-18 07:46:36,736 - com.numenta.nupic.database.ClientJobsDAO.ClientJobsDAO(8745) - INFO - <BUILDID=N/A, WORKER=HW, WRKID=61, JOBID=1046> Model insert attempt failed with DUP_ENTRY: jobID=1046; paramsHash=64c67aa1f110afdc4de99d9c5dabe6c2 OR particleHash=82ec7721972374a6ef7e601fea6e85ef; IntegrityError(1062, u"Duplicate entry '1046-d\\xC6z\\xA1\\xF1\\x10\\xAF\\xDCM\\xE9\\x9D\\x9C]\\xAB\\xE6\\xC2' for key 'job_id'")
2015-07-18 07:46:36,768 - com.numenta.nupic.swarming.HypersearchWorker(8745) - INFO - <BUILDID=N/A, WORKER=HW, WRKID=61, JOBID=1046> Adding model 4533 to our internal DB because modelInsertAndStart() failed to insert it: paramsHash=64c67aa1f110afdc4de99d9c5dabe6c2, particleHash=68f0fd9d5bbad7e116e5569b1e813a2c, particleId='60.0.0'
2015-07-18 07:46:37,303 - com.numenta.nupic.database.ClientJobsDAO.ClientJobsDAO(8745) - INFO - <BUILDID=N/A, WORKER=HW, WRKID=61, JOBID=1046> Model insert attempt failed with DUP_ENTRY: jobID=1046; paramsHash=8cc4fc4493e3aab34a64290e738c635b OR particleHash=92edbcb1c4877142980ff538f603d08c; IntegrityError(1062, u"Duplicate entry '1046-\\x8C\\xC4\\xFCD\\x93\\xE3\\xAA\\xB3Jd)\\x0Es\\x8Cc[' for key 'job_id'")
2015-07-18 07:46:37,338 - com.numenta.nupic.swarming.HypersearchWorker(8745) - INFO - <BUILDID=N/A, WORKER=HW, WRKID=61, JOBID=1046> Adding model 4564 to our internal DB because modelInsertAndStart() failed to insert it: paramsHash=8cc4fc4493e3aab34a64290e738c635b, particleHash=6f62529d507e8edd5a17927a7d85e62d, particleId='62.10.0'
2015-07-18 07:46:37,349 - com.numenta.nupic.database.ClientJobsDAO.ClientJobsDAO(8745) - INFO - <BUILDID=N/A, WORKER=HW, WRKID=61, JOBID=1046> Model insert attempt failed with DUP_ENTRY: jobID=1046; paramsHash=8cc4fc4493e3aab34a64290e738c635b OR particleHash=490a447a7e5b30771de0f8c74d6cdc8b; IntegrityError(1062, u"Duplicate entry '1046-\\x8C\\xC4\\xFCD\\x93\\xE3\\xAA\\xB3Jd)\\x0Es\\x8Cc[' for key 'job_id'")
2015-07-18 07:46:37,379 - com.numenta.nupic.swarming.HypersearchWorker(8745) - INFO - <BUILDID=N/A, WORKER=HW, WRKID=61, JOBID=1046> Adding model 4564 to our internal DB because modelInsertAndStart() failed to insert it: paramsHash=8cc4fc4493e3aab34a64290e738c635b, particleHash=6f62529d507e8edd5a17927a7d85e62d, particleId='62.10.0'
2015-07-18 07:46:37,399 - com.numenta.nupic.database.ClientJobsDAO.ClientJobsDAO(8745) - INFO - <BUILDID=N/A, WORKER=HW, WRKID=61, JOBID=1046> Model insert attempt failed with DUP_ENTRY: jobID=1046; paramsHash=8cc4fc4493e3aab34a64290e738c635b OR particleHash=984eaa12d2480e5588eb7439164b6529; IntegrityError(1062, u"Duplicate entry '1046-\\x8C\\xC4\\xFCD\\x93\\xE3\\xAA\\xB3Jd)\\x0Es\\x8Cc[' for key 'job_id'")
2015-07-18 07:46:37,428 - com.numenta.nupic.swarming.HypersearchWorker(8745) - INFO - <BUILDID=N/A, WORKER=HW, WRKID=61, JOBID=1046> Adding model 4564 to our internal DB because modelInsertAndStart() failed to insert it: paramsHash=8cc4fc4493e3aab34a64290e738c635b, particleHash=6f62529d507e8edd5a17927a7d85e62d, particleId='62.10.0'
2015-07-18 07:46:37,446 - com.numenta.nupic.database.ClientJobsDAO.ClientJobsDAO(8745) - INFO - <BUILDID=N/A, WORKER=HW, WRKID=61, JOBID=1046> Model insert attempt failed with DUP_ENTRY: jobID=1046; paramsHash=8cc4fc4493e3aab34a64290e738c635b OR particleHash=b97e49c90f3cf032ab52e896feab888a; IntegrityError(1062, u"Duplicate entry '1046-\\x8C\\xC4\\xFCD\\x93\\xE3\\xAA\\xB3Jd)\\x0Es\\x8Cc[' for key 'job_id'")
2015-07-18 07:46:37,476 - com.numenta.nupic.swarming.HypersearchWorker(8745) - INFO - <BUILDID=N/A, WORKER=HW, WRKID=61, JOBID=1046> Adding model 4564 to our internal DB because modelInsertAndStart() failed to insert it: paramsHash=8cc4fc4493e3aab34a64290e738c635b, particleHash=6f62529d507e8edd5a17927a7d85e62d, particleId='62.10.0'
2015-07-18 07:46:37,492 - com.numenta.nupic.database.ClientJobsDAO.ClientJobsDAO(8745) - INFO - <BUILDID=N/A, WORKER=HW, WRKID=61, JOBID=1046> Model insert attempt failed with DUP_ENTRY: jobID=1046; paramsHash=8cc4fc4493e3aab34a64290e738c635b OR particleHash=774779b5f4ea7f15f2f4d800f7f48a44; IntegrityError(1062, u"Duplicate entry '1046-\\x8C\\xC4\\xFCD\\x93\\xE3\\xAA\\xB3Jd)\\x0Es\\x8Cc[' for key 'job_id'")
2015-07-18 07:46:37,532 - com.numenta.nupic.swarming.HypersearchWorker(8745) - INFO - <BUILDID=N/A, WORKER=HW, WRKID=61, JOBID=1046> Adding model 4564 to our internal DB because modelInsertAndStart() failed to insert it: paramsHash=8cc4fc4493e3aab34a64290e738c635b, particleHash=6f62529d507e8edd5a17927a7d85e62d, particleId='62.10.0'
2015-07-18 07:46:37,542 - com.numenta.nupic.database.ClientJobsDAO.ClientJobsDAO(8745) - INFO - <BUILDID=N/A, WORKER=HW, WRKID=61, JOBID=1046> Model insert attempt failed with DUP_ENTRY: jobID=1046; paramsHash=8cc4fc4493e3aab34a64290e738c635b OR particleHash=777d73f40d7e9a42cb9e9becda31c986; IntegrityError(1062, u"Duplicate entry '1046-\\x8C\\xC4\\xFCD\\x93\\xE3\\xAA\\xB3Jd)\\x0Es\\x8Cc[' for key 'job_id'")
2015-07-18 07:46:37,584 - com.numenta.nupic.swarming.HypersearchWorker(8745) - INFO - <BUILDID=N/A, WORKER=HW, WRKID=61, JOBID=1046> Adding model 4564 to our internal DB because modelInsertAndStart() failed to insert it: paramsHash=8cc4fc4493e3aab34a64290e738c635b, particleHash=6f62529d507e8edd5a17927a7d85e62d, particleId='62.10.0'
2015-07-18 07:46:37,595 - com.numenta.nupic.database.ClientJobsDAO.ClientJobsDAO(8745) - INFO - <BUILDID=N/A, WORKER=HW, WRKID=61, JOBID=1046> Model insert attempt failed with DUP_ENTRY: jobID=1046; paramsHash=8cc4fc4493e3aab34a64290e738c635b OR particleHash=38a123eac7b1d94623d2ffa7b9b8837e; IntegrityError(1062, u"Duplicate entry '1046-\\x8C\\xC4\\xFCD\\x93\\xE3\\xAA\\xB3Jd)\\x0Es\\x8Cc[' for key 'job_id'")
2015-07-18 07:46:37,632 - com.numenta.nupic.swarming.HypersearchWorker(8745) - INFO - <BUILDID=N/A, WORKER=HW, WRKID=61, JOBID=1046> Adding model 4564 to our internal DB because modelInsertAndStart() failed to insert it: paramsHash=8cc4fc4493e3aab34a64290e738c635b, particleHash=6f62529d507e8edd5a17927a7d85e62d, particleId='62.10.0'
2015-07-18 07:46:37,649 - com.numenta.nupic.database.ClientJobsDAO.ClientJobsDAO(8745) - INFO - <BUILDID=N/A, WORKER=HW, WRKID=61, JOBID=1046> Model insert attempt failed with DUP_ENTRY: jobID=1046; paramsHash=8cc4fc4493e3aab34a64290e738c635b OR particleHash=8971375da491946b98b06d44bb080751; IntegrityError(1062, u"Duplicate entry '1046-\\x8C\\xC4\\xFCD\\x93\\xE3\\xAA\\xB3Jd)\\x0Es\\x8Cc[' for key 'job_id'")
2015-07-18 07:46:37,680 - com.numenta.nupic.swarming.HypersearchWorker(8745) - INFO - <BUILDID=N/A, WORKER=HW, WRKID=61, JOBID=1046> Adding model 4564 to our internal DB because modelInsertAndStart() failed to insert it: paramsHash=8cc4fc4493e3aab34a64290e738c635b, particleHash=6f62529d507e8edd5a17927a7d85e62d, particleId='62.10.0'
2015-07-18 07:46:37,696 - com.numenta.nupic.database.ClientJobsDAO.ClientJobsDAO(8745) - INFO - <BUILDID=N/A, WORKER=HW, WRKID=61, JOBID=1046> Model insert attempt failed with DUP_ENTRY: jobID=1046; paramsHash=8cc4fc4493e3aab34a64290e738c635b OR particleHash=7e97419480287051ba6b27d14048c1b2; IntegrityError(1062, u"Duplicate entry '1046-\\x8C\\xC4\\xFCD\\x93\\xE3\\xAA\\xB3Jd)\\x0Es\\x8Cc[' for key 'job_id'")
2015-07-18 07:46:37,721 - com.numenta.nupic.swarming.HypersearchWorker(8745) - INFO - <BUILDID=N/A, WORKER=HW, WRKID=61, JOBID=1046> Adding model 4564 to our internal DB because modelInsertAndStart() failed to insert it: paramsHash=8cc4fc4493e3aab34a64290e738c635b, particleHash=6f62529d507e8edd5a17927a7d85e62d, particleId='62.10.0'
2015-07-18 07:46:37,748 - com.numenta.nupic.database.ClientJobsDAO.ClientJobsDAO(8745) - INFO - <BUILDID=N/A, WORKER=HW, WRKID=61, JOBID=1046> Model insert attempt failed with DUP_ENTRY: jobID=1046; paramsHash=8cc4fc4493e3aab34a64290e738c635b OR particleHash=4ea3ee8ea40ce610938df842625419e8; IntegrityError(1062, u"Duplicate entry '1046-\\x8C\\xC4\\xFCD\\x93\\xE3\\xAA\\xB3Jd)\\x0Es\\x8Cc[' for key 'job_id'")
2015-07-18 07:46:37,781 - com.numenta.nupic.swarming.HypersearchWorker(8745) - INFO - <BUILDID=N/A, WORKER=HW, WRKID=61, JOBID=1046> Adding model 4564 to our internal DB because modelInsertAndStart() failed to insert it: paramsHash=8cc4fc4493e3aab34a64290e738c635b, particleHash=6f62529d507e8edd5a17927a7d85e62d, particleId='62.10.0'
2015-07-18 07:46:38,312 - com.numenta.nupic.database.ClientJobsDAO.ClientJobsDAO(8745) - INFO - <BUILDID=N/A, WORKER=HW, WRKID=61, JOBID=1046> Model insert attempt failed with DUP_ENTRY: jobID=1046; paramsHash=da19a99aafceef8efddf7eaf87bf30e1 OR particleHash=a9f86993954a518d4ab45e995ebaf3da; IntegrityError(1062, u"Duplicate entry '1046-\\xDA\\x19\\xA9\\x9A\\xAF\\xCE\\xEF\\x8E\\xFD\\xDF~\\xAF\\x87\\xBF0\\xE1' for key 'job_id'")
2015-07-18 07:46:38,344 - com.numenta.nupic.swarming.HypersearchWorker(8745) - INFO - <BUILDID=N/A, WORKER=HW, WRKID=61, JOBID=1046> Adding model 4585 to our internal DB because modelInsertAndStart() failed to insert it: paramsHash=da19a99aafceef8efddf7eaf87bf30e1, particleHash=8e1ca131bdae3ebf37c1f2ca9754373e, particleId='59.20.0'
2015-07-18 07:46:38,364 - com.numenta.nupic.database.ClientJobsDAO.ClientJobsDAO(8745) - INFO - <BUILDID=N/A, WORKER=HW, WRKID=61, JOBID=1046> Model insert attempt failed with DUP_ENTRY: jobID=1046; paramsHash=da19a99aafceef8efddf7eaf87bf30e1 OR particleHash=97e0733c8f7c85529b1f4737e0bbcf3c; IntegrityError(1062, u"Duplicate entry '1046-\\xDA\\x19\\xA9\\x9A\\xAF\\xCE\\xEF\\x8E\\xFD\\xDF~\\xAF\\x87\\xBF0\\xE1' for key 'job_id'")
2015-07-18 07:46:38,388 - com.numenta.nupic.swarming.HypersearchWorker(8745) - INFO - <BUILDID=N/A, WORKER=HW, WRKID=61, JOBID=1046> Adding model 4585 to our internal DB because modelInsertAndStart() failed to insert it: paramsHash=da19a99aafceef8efddf7eaf87bf30e1, particleHash=8e1ca131bdae3ebf37c1f2ca9754373e, particleId='59.20.0'
2015-07-18 07:46:38,398 - com.numenta.nupic.database.ClientJobsDAO.ClientJobsDAO(8745) - INFO - <BUILDID=N/A, WORKER=HW, WRKID=61, JOBID=1046> Model insert attempt failed with DUP_ENTRY: jobID=1046; paramsHash=da19a99aafceef8efddf7eaf87bf30e1 OR particleHash=97d960064b9187ca4c7c9d1709fdb68d; IntegrityError(1062, u"Duplicate entry '1046-\\xDA\\x19\\xA9\\x9A\\xAF\\xCE\\xEF\\x8E\\xFD\\xDF~\\xAF\\x87\\xBF0\\xE1' for key 'job_id'")
2015-07-18 07:46:38,444 - com.numenta.nupic.swarming.HypersearchWorker(8745) - INFO - <BUILDID=N/A, WORKER=HW, WRKID=61, JOBID=1046> Adding model 4585 to our internal DB because modelInsertAndStart() failed to insert it: paramsHash=da19a99aafceef8efddf7eaf87bf30e1, particleHash=8e1ca131bdae3ebf37c1f2ca9754373e, particleId='59.20.0'
2015-07-18 07:46:38,454 - com.numenta.nupic.database.ClientJobsDAO.ClientJobsDAO(8745) - INFO - <BUILDID=N/A, WORKER=HW, WRKID=61, JOBID=1046> Model insert attempt failed with DUP_ENTRY: jobID=1046; paramsHash=da19a99aafceef8efddf7eaf87bf30e1 OR particleHash=a04caa3dd748497ed00bce12a0883968; IntegrityError(1062, u"Duplicate entry '1046-\\xDA\\x19\\xA9\\x9A\\xAF\\xCE\\xEF\\x8E\\xFD\\xDF~\\xAF\\x87\\xBF0\\xE1' for key 'job_id'")
2015-07-18 07:46:38,480 - com.numenta.nupic.swarming.HypersearchWorker(8745) - INFO - <BUILDID=N/A, WORKER=HW, WRKID=61, JOBID=1046> Adding model 4585 to our internal DB because modelInsertAndStart() failed to insert it: paramsHash=da19a99aafceef8efddf7eaf87bf30e1, particleHash=8e1ca131bdae3ebf37c1f2ca9754373e, particleId='59.20.0'
2015-07-18 07:46:38,500 - com.numenta.nupic.database.ClientJobsDAO.ClientJobsDAO(8745) - INFO - <BUILDID=N/A, WORKER=HW, WRKID=61, JOBID=1046> Model insert attempt failed with DUP_ENTRY: jobID=1046; paramsHash=da19a99aafceef8efddf7eaf87bf30e1 OR particleHash=fbf96bc581c4dac244bb8e3fbfc4df79; IntegrityError(1062, u"Duplicate entry '1046-\\xDA\\x19\\xA9\\x9A\\xAF\\xCE\\xEF\\x8E\\xFD\\xDF~\\xAF\\x87\\xBF0\\xE1' for key 'job_id'")
2015-07-18 07:46:38,536 - com.numenta.nupic.swarming.HypersearchWorker(8745) - INFO - <BUILDID=N/A, WORKER=HW, WRKID=61, JOBID=1046> Adding model 4585 to our internal DB because modelInsertAndStart() failed to insert it: paramsHash=da19a99aafceef8efddf7eaf87bf30e1, particleHash=8e1ca131bdae3ebf37c1f2ca9754373e, particleId='59.20.0'
2015-07-18 07:46:38,561 - com.numenta.nupic.database.ClientJobsDAO.ClientJobsDAO(8745) - INFO - <BUILDID=N/A, WORKER=HW, WRKID=61, JOBID=1046> Model insert attempt failed with DUP_ENTRY: jobID=1046; paramsHash=da19a99aafceef8efddf7eaf87bf30e1 OR particleHash=30da63bc33ec271018bd2def43f84149; IntegrityError(1062, u"Duplicate entry '1046-\\xDA\\x19\\xA9\\x9A\\xAF\\xCE\\xEF\\x8E\\xFD\\xDF~\\xAF\\x87\\xBF0\\xE1' for key 'job_id'")
2015-07-18 07:46:38,580 - com.numenta.nupic.swarming.HypersearchWorker(8745) - INFO - <BUILDID=N/A, WORKER=HW, WRKID=61, JOBID=1046> Adding model 4585 to our internal DB because modelInsertAndStart() failed to insert it: paramsHash=da19a99aafceef8efddf7eaf87bf30e1, particleHash=8e1ca131bdae3ebf37c1f2ca9754373e, particleId='59.20.0'
2015-07-18 07:46:38,600 - com.numenta.nupic.database.ClientJobsDAO.ClientJobsDAO(8745) - INFO - <BUILDID=N/A, WORKER=HW, WRKID=61, JOBID=1046> Model insert attempt failed with DUP_ENTRY: jobID=1046; paramsHash=da19a99aafceef8efddf7eaf87bf30e1 OR particleHash=cbbdfe63fd7731e4686cbc553d7bc4ef; IntegrityError(1062, u"Duplicate entry '1046-\\xDA\\x19\\xA9\\x9A\\xAF\\xCE\\xEF\\x8E\\xFD\\xDF~\\xAF\\x87\\xBF0\\xE1' for key 'job_id'")
2015-07-18 07:46:38,624 - com.numenta.nupic.swarming.HypersearchWorker(8745) - INFO - <BUILDID=N/A, WORKER=HW, WRKID=61, JOBID=1046> Adding model 4585 to our internal DB because modelInsertAndStart() failed to insert it: paramsHash=da19a99aafceef8efddf7eaf87bf30e1, particleHash=8e1ca131bdae3ebf37c1f2ca9754373e, particleId='59.20.0'
2015-07-18 07:46:38,638 - com.numenta.nupic.database.ClientJobsDAO.ClientJobsDAO(8745) - INFO - <BUILDID=N/A, WORKER=HW, WRKID=61, JOBID=1046> Model insert attempt failed with DUP_ENTRY: jobID=1046; paramsHash=da19a99aafceef8efddf7eaf87bf30e1 OR particleHash=42b0006b51b40cc13d5789984a4e842e; IntegrityError(1062, u"Duplicate entry '1046-\\xDA\\x19\\xA9\\x9A\\xAF\\xCE\\xEF\\x8E\\xFD\\xDF~\\xAF\\x87\\xBF0\\xE1' for key 'job_id'")
2015-07-18 07:46:38,683 - com.numenta.nupic.swarming.HypersearchWorker(8745) - INFO - <BUILDID=N/A, WORKER=HW, WRKID=61, JOBID=1046> Adding model 4585 to our internal DB because modelInsertAndStart() failed to insert it: paramsHash=da19a99aafceef8efddf7eaf87bf30e1, particleHash=8e1ca131bdae3ebf37c1f2ca9754373e, particleId='59.20.0'
2015-07-18 07:46:38,694 - com.numenta.nupic.database.ClientJobsDAO.ClientJobsDAO(8745) - INFO - <BUILDID=N/A, WORKER=HW, WRKID=61, JOBID=1046> Model insert attempt failed with DUP_ENTRY: jobID=1046; paramsHash=da19a99aafceef8efddf7eaf87bf30e1 OR particleHash=2de46b7260297693a0433ec22382dd5a; IntegrityError(1062, u"Duplicate entry '1046-\\xDA\\x19\\xA9\\x9A\\xAF\\xCE\\xEF\\x8E\\xFD\\xDF~\\xAF\\x87\\xBF0\\xE1' for key 'job_id'")
2015-07-18 07:46:38,725 - com.numenta.nupic.swarming.HypersearchWorker(8745) - INFO - <BUILDID=N/A, WORKER=HW, WRKID=61, JOBID=1046> Adding model 4585 to our internal DB because modelInsertAndStart() failed to insert it: paramsHash=da19a99aafceef8efddf7eaf87bf30e1, particleHash=8e1ca131bdae3ebf37c1f2ca9754373e, particleId='59.20.0'
2015-07-18 07:46:38,751 - com.numenta.nupic.database.ClientJobsDAO.ClientJobsDAO(8745) - INFO - <BUILDID=N/A, WORKER=HW, WRKID=61, JOBID=1046> Model insert attempt failed with DUP_ENTRY: jobID=1046; paramsHash=da19a99aafceef8efddf7eaf87bf30e1 OR particleHash=f73ce6963a86ce4c0cccd53c205cbaf5; IntegrityError(1062, u"Duplicate entry '1046-\\xDA\\x19\\xA9\\x9A\\xAF\\xCE\\xEF\\x8E\\xFD\\xDF~\\xAF\\x87\\xBF0\\xE1' for key 'job_id'")
2015-07-18 07:46:38,764 - com.numenta.nupic.swarming.HypersearchWorker(8745) - INFO - <BUILDID=N/A, WORKER=HW, WRKID=61, JOBID=1046> Adding model 4585 to our internal DB because modelInsertAndStart() failed to insert it: paramsHash=da19a99aafceef8efddf7eaf87bf30e1, particleHash=8e1ca131bdae3ebf37c1f2ca9754373e, particleId='59.20.0'
2015-07-18 07:46:39,375 - com.numenta.nupic.swarming.HypersearchWorker(8745) - INFO - <BUILDID=N/A, WORKER=HW, WRKID=61, JOBID=1046> RUNNING MODEL GID=4596, paramsHash=030642439eb21466c8497cacd6226a97, params={'particleState': {'varStates': {'modelParams|clParams|alpha': {'bestResult': None, 'position': 0.050050000000000004, 'bestPosition': 0.050050000000000004, '_position': 0.050050000000000004, 'velocity': 0.01998}, 'modelParams|tpParams|minThreshold': {'bestResult': None, 'position': 11, 'bestPosition': 11, '_position': 10.5, 'velocity': 0.6}, 'modelParams|tpParams|activationThreshold': {'bestResult': None, 'position': 14, 'bestPosition': 14, '_position': 14.0, 'velocity': 0.8}, u'modelParams|sensorParams|encoders|is_daylight:n': {'bestResult': None, 'position': 272, 'bestPosition': 272, '_position': 271.5, 'velocity': 99.8}, 'modelParams|tpParams|pamLength': {'bestResult': None, 'position': 3, 'bestPosition': 3, '_position': 3.0, 'velocity': 0.8}, 'modelParams|sensorParams|encoders|_classifierInput|n': {'bestResult': None, 'position': 275, 'bestPosition': 275, '_position': 274.5, 'velocity': 98.6}, 'modelParams|spParams|synPermInactiveDec': {'bestResult': None, 'position': 0.05015, 'bestPosition': 0.05015, '_position': 0.05015, 'velocity': 0.019940000000000003}}, 'genIdx': 0, 'swarmId': u'modelParams|sensorParams|encoders|is_daylight', 'id': '61.30'}, 'structuredParams': {'aggregationInfo': {'seconds': 0, 'fields': [], 'months': 0, 'days': 0, 'years': 0, 'hours': 0, 'microseconds': 0, 'weeks': 0, 'minutes': 0, 'milliseconds': 0}, 'modelParams': {'sensorParams': {'encoders': {'_classifierInput': {'maxval': 35.0, 'classifierOnly': True, 'minval': 0.0, 'clipInput': True, 'n': 275, 'fieldname': 'euse', 'w': 21, 'type': 'ScalarEncoder'}, u'humid': None, u'is_daylight': {'maxval': 0.0, 'name': 'is_daylight', 'clipInput': True, 'minval': 1.0, 'n': 272, 'fieldname': 'is_daylight', 'w': 21, 'type': 'ScalarEncoder'}, u'temp': None, u'sec_since_rise': None, u'timestamp_dayOfWeek': None, u'timestamp_timeOfDay': None, u'euse': None, u'buildup': None, u'wind': None, u'timestamp_weekend': None}}, 'spParams': {'synPermInactiveDec': 0.05015}, 'tpParams': {'minThreshold': 11, 'activationThreshold': 14, 'pamLength': 3}, 'clParams': {'alpha': 0.050050000000000004}}}}
2015-07-18 07:46:39,378 - com.numenta.nupic.hypersearch.utils(8745) - INFO - <BUILDID=N/A, WORKER=HW, WRKID=61, JOBID=1046> Using experiment directory: /tmp/tmpYK_MFw
2015-07-18 07:46:41,507 - com.numenta.nupic.hypersearch.utils(8745) - ERROR - <BUILDID=N/A, WORKER=HW, WRKID=61, JOBID=1046> Exception occurred while running model 4596: Exception('The encoder for is_daylight is invalid. minval 1.0 is greater than or equal to maxval 0.0. minval must be strictly less than maxval.',) (<type 'exceptions.Exception'>)
Traceback (most recent call last):
  File "/home/pat/workspace/nupic/nupic/swarming/utils.py", line 430, in runModelGivenBaseAndParams
    (completionReason, completionMsg) = runner.run()
  File "/home/pat/workspace/nupic/nupic/swarming/ModelRunner.py", line 245, in run
    self._model = ModelFactory.create(modelDescription)
  File "/home/pat/workspace/nupic/nupic/frameworks/opf/modelfactory.py", line 80, in create
    return modelClass(**modelConfig['modelParams'])
  File "/home/pat/workspace/nupic/nupic/frameworks/opf/clamodel.py", line 198, in __init__
    clParams, anomalyParams)
  File "/home/pat/workspace/nupic/nupic/frameworks/opf/clamodel.py", line 1058, in __createCLANetwork
    encoder = MultiEncoder(enabledEncoders)
  File "/home/pat/workspace/nupic/nupic/encoders/multi.py", line 54, in __init__
    self.addMultipleEncoders(encoderDescriptions)
  File "/home/pat/workspace/nupic/nupic/encoders/multi.py", line 135, in addMultipleEncoders
    self.addEncoder(fieldName, eval(encoderName)(**fieldParams))
  File "/home/pat/workspace/nupic/nupic/encoders/scalar.py", line 212, in __init__
    "than maxval." % (name, minval, maxval))
Exception: The encoder for is_daylight is invalid. minval 1.0 is greater than or equal to maxval 0.0. minval must be strictly less than maxval.

2015-07-18 07:46:41,547 - com.numenta.nupic.swarming.HypersearchWorker(8745) - INFO - <BUILDID=N/A, WORKER=HW, WRKID=61, JOBID=1046> COMPLETED MODEL GID=4596; EVALUATED 1 MODELs
2015-07-18 07:46:42,067 - com.numenta.nupic.swarming.HypersearchWorker(8745) - INFO - <BUILDID=N/A, WORKER=HW, WRKID=61, JOBID=1046> RUNNING MODEL GID=4597, paramsHash=db0481c7f47f2441579a4daf8b191c1f, params={'particleState': {'varStates': {u'modelParams|sensorParams|encoders|sec_since_rise:n': {'bestResult': None, 'position': 272, 'bestPosition': 272, '_position': 271.5, 'velocity': 99.8}, 'modelParams|clParams|alpha': {'bestResult': None, 'position': 0.050050000000000004, 'bestPosition': 0.050050000000000004, '_position': 0.050050000000000004, 'velocity': 0.01998}, 'modelParams|tpParams|minThreshold': {'bestResult': None, 'position': 11, 'bestPosition': 11, '_position': 10.5, 'velocity': 0.6}, 'modelParams|tpParams|activationThreshold': {'bestResult': None, 'position': 14, 'bestPosition': 14, '_position': 14.0, 'velocity': 0.8}, 'modelParams|tpParams|pamLength': {'bestResult': None, 'position': 3, 'bestPosition': 3, '_position': 3.0, 'velocity': 0.8}, 'modelParams|sensorParams|encoders|_classifierInput|n': {'bestResult': None, 'position': 275, 'bestPosition': 275, '_position': 274.5, 'velocity': 98.6}, 'modelParams|spParams|synPermInactiveDec': {'bestResult': None, 'position': 0.05015, 'bestPosition': 0.05015, '_position': 0.05015, 'velocity': 0.019940000000000003}}, 'genIdx': 0, 'swarmId': u'modelParams|sensorParams|encoders|sec_since_rise', 'id': '61.40'}, 'structuredParams': {'aggregationInfo': {'seconds': 0, 'fields': [], 'months': 0, 'days': 0, 'years': 0, 'hours': 0, 'microseconds': 0, 'weeks': 0, 'minutes': 0, 'milliseconds': 0}, 'modelParams': {'sensorParams': {'encoders': {'_classifierInput': {'maxval': 35.0, 'classifierOnly': True, 'minval': 0.0, 'clipInput': True, 'n': 275, 'fieldname': 'euse', 'w': 21, 'type': 'ScalarEncoder'}, u'humid': None, u'is_daylight': None, u'temp': None, u'sec_since_rise': {'maxval': 50000, 'name': 'sec_since_rise', 'clipInput': True, 'minval': 0.0, 'n': 272, 'fieldname': 'sec_since_rise', 'w': 21, 'type': 'ScalarEncoder'}, u'timestamp_dayOfWeek': None, u'timestamp_timeOfDay': None, u'euse': None, u'buildup': None, u'wind': None, u'timestamp_weekend': None}}, 'spParams': {'synPermInactiveDec': 0.05015}, 'tpParams': {'minThreshold': 11, 'activationThreshold': 14, 'pamLength': 3}, 'clParams': {'alpha': 0.050050000000000004}}}}
2015-07-18 07:46:42,068 - com.numenta.nupic.hypersearch.utils(8745) - INFO - <BUILDID=N/A, WORKER=HW, WRKID=61, JOBID=1046> Using experiment directory: /tmp/tmpzculow
2015-07-18 08:45:27,473 - com.numenta.nupic.swarming.ModelRunner.OPFModelRunner(8745) - INFO - <BUILDID=N/A, WORKER=HW, WRKID=61, JOBID=1046> Finished: modelID=4597; 13982 records processed. Performing final activities
2015-07-18 08:45:44,918 - com.numenta.nupic.swarming.ModelRunner.OPFModelRunner(8745) - INFO - <BUILDID=N/A, WORKER=HW, WRKID=61, JOBID=1046> Flushed prediction cache; numrows=13982; elapsed=17.4226219654 sec.
2015-07-18 08:45:45,644 - com.numenta.nupic.swarming.ModelRunner.OPFModelRunner(8745) - INFO - <BUILDID=N/A, WORKER=HW, WRKID=61, JOBID=1046> Model 4597 chosen as best model
2015-07-18 08:45:45,659 - com.numenta.nupic.swarming.HypersearchWorker(8745) - INFO - <BUILDID=N/A, WORKER=HW, WRKID=61, JOBID=1046> COMPLETED MODEL GID=4597; EVALUATED 2 MODELs
2015-07-18 08:45:45,713 - com.numenta.nupic.swarming.HypersearchV2.HypersearchV2(8745) - INFO - <BUILDID=N/A, WORKER=HW, WRKID=61, JOBID=1046> New best model after 5 evaluations: errScore 49.7433 on model 4597
2015-07-18 08:45:46,202 - com.numenta.nupic.swarming.HypersearchWorker(8745) - INFO - <BUILDID=N/A, WORKER=HW, WRKID=61, JOBID=1046> RUNNING MODEL GID=4624, paramsHash=a168f2912ca5642f0bf229320b6b973a, params={'particleState': {'varStates': {'modelParams|clParams|alpha': {'bestResult': None, 'position': 0.050050000000000004, 'bestPosition': 0.050050000000000004, '_position': 0.050050000000000004, 'velocity': 0.01998}, 'modelParams|tpParams|minThreshold': {'bestResult': None, 'position': 11, 'bestPosition': 11, '_position': 10.5, 'velocity': 0.6}, 'modelParams|tpParams|activationThreshold': {'bestResult': None, 'position': 14, 'bestPosition': 14, '_position': 14.0, 'velocity': 0.8}, u'modelParams|sensorParams|encoders|temp:n': {'bestResult': None, 'position': 272, 'bestPosition': 272, '_position': 271.5, 'velocity': 99.8}, 'modelParams|tpParams|pamLength': {'bestResult': None, 'position': 3, 'bestPosition': 3, '_position': 3.0, 'velocity': 0.8}, 'modelParams|sensorParams|encoders|_classifierInput|n': {'bestResult': None, 'position': 275, 'bestPosition': 275, '_position': 274.5, 'velocity': 98.6}, 'modelParams|spParams|synPermInactiveDec': {'bestResult': None, 'position': 0.05015, 'bestPosition': 0.05015, '_position': 0.05015, 'velocity': 0.019940000000000003}}, 'genIdx': 0, 'swarmId': u'modelParams|sensorParams|encoders|temp', 'id': '61.50'}, 'structuredParams': {'aggregationInfo': {'seconds': 0, 'fields': [], 'months': 0, 'days': 0, 'years': 0, 'hours': 0, 'microseconds': 0, 'weeks': 0, 'minutes': 0, 'milliseconds': 0}, 'modelParams': {'sensorParams': {'encoders': {'_classifierInput': {'maxval': 35.0, 'classifierOnly': True, 'minval': 0.0, 'clipInput': True, 'n': 275, 'fieldname': 'euse', 'w': 21, 'type': 'ScalarEncoder'}, u'humid': None, u'is_daylight': None, u'temp': {'maxval': 110.0, 'name': 'temp', 'clipInput': True, 'minval': 0.0, 'n': 272, 'fieldname': 'temp', 'w': 21, 'type': 'ScalarEncoder'}, u'sec_since_rise': None, u'timestamp_dayOfWeek': None, u'timestamp_timeOfDay': None, u'euse': None, u'buildup': None, u'wind': None, u'timestamp_weekend': None}}, 'spParams': {'synPermInactiveDec': 0.05015}, 'tpParams': {'minThreshold': 11, 'activationThreshold': 14, 'pamLength': 3}, 'clParams': {'alpha': 0.050050000000000004}}}}
2015-07-18 08:45:46,216 - com.numenta.nupic.hypersearch.utils(8745) - INFO - <BUILDID=N/A, WORKER=HW, WRKID=61, JOBID=1046> Using experiment directory: /tmp/tmpS_TSnp
