2014-12-28 17:21:45,028 - com.numenta.nupic.swarming.HypersearchWorker(3795) - INFO - <BUILDID=N/A, WORKER=HS, WRKID=N/A, JOBID=N/A> Launched with command line arguments: ['--jobID=1024']
2014-12-28 17:21:45,028 - com.numenta.nupic.swarming.HypersearchWorker(3795) - INFO - <BUILDID=N/A, WORKER=HS, WRKID=N/A, JOBID=N/A> Connecting to the jobs database
2014-12-28 17:21:45,037 - com.numenta.nupic.database.Connection.ConnectionFactory(3795) - INFO - <BUILDID=N/A, WORKER=HS, WRKID=N/A, JOBID=N/A> Creating db connection policy via provider <bound method type._createDefaultPolicy of <class 'nupic.database.Connection.ConnectionFactory'>>
2014-12-28 17:21:45,069 - com.numenta.nupic.database.Connection.PooledConnectionPolicy(3795) - INFO - <BUILDID=N/A, WORKER=HS, WRKID=N/A, JOBID=N/A> Created PooledConnectionPolicy
2014-12-28 17:21:45,077 - com.numenta.nupic.database.ClientJobsDAO.ClientJobsDAO(3795) - INFO - <BUILDID=N/A, WORKER=HS, WRKID=N/A, JOBID=N/A> clientJobsConnectionID=54
2014-12-28 17:21:45,082 - com.numenta.nupic.swarming.HypersearchWorker(3795) - INFO - <BUILDID=N/A, WORKER=HW, WRKID=54, JOBID=1024> Job info retrieved: {'engModelMilestones': 'None', 'clientInfo': '', 'numFailedWorkers': '0', 'engJobType': 'hypersearch', 'results': 'None', 'jobId': '1024', 'completionMsg': 'None', 'cancel': '0', 'engWorkerState': 'None', 'workerCompletionMsg': 'None', 'jobHash': "\x0c\xf4\x16!\x8e\xf9\x11\xe4\x89\xa4\x08\x00'\x16\xdf\xd4", 'genBaseDescription': 'None', 'completionReason': 'None', 'priority': '0', 'cmdLine': '$HYPERSEARCH', 'params': '{"hsVersion": "v2", "maxModels": null, "persistentJobGUID": "0cf...', 'workerCompletionReason': 'success', 'engAllocateNewWorkers': '1', 'lastFailedWorkerErrorMsg': 'None', 'engUntendedDeadWorkers': '0', 'engLastUpdateTime': '2014-12-29 01:21:44', 'status': 'notStarted', 'engStatus': 'None', 'startTime': 'None', 'minimumWorkers': '1', 'endTime': 'None', 'engCjmConnId': 'None', 'genPermutations': 'None', 'client': 'GRP', 'engCleaningStatus': 'notdone', 'clientKey': '', 'maximumWorkers': '4'}
2014-12-28 17:21:45,084 - com.numenta.nupic.swarming.HypersearchV2.HypersearchV2(3795) - INFO - <BUILDID=N/A, WORKER=HW, WRKID=54, JOBID=1024> searchParams: 
{u'description': {u'includedFields': [{u'fieldName': 'timestamp',
                                       u'fieldType': 'datetime'},
                                      {u'fieldName': 'temp',
                                       u'fieldType': 'float',
                                       u'maxValue': '34.0',
                                       u'minValue': '6.0'},
                                      {u'fieldName': 'dewpt',
                                       u'fieldType': 'float',
                                       u'maxValue': '22.0',
                                       u'minValue': '-22.0'},
                                      {u'fieldName': 'wind',
                                       u'fieldType': 'float',
                                       u'maxValue': '14.0',
                                       u'minValue': '0.0'},
                                      {u'fieldName': 'is_daylight',
                                       u'fieldType': 'int',
                                       u'maxValue': '1',
                                       u'minValue': '0'},
                                      {u'fieldName': 'elapsed',
                                       u'fieldType': 'int',
                                       u'maxValue': '86400',
                                       u'minValue': '0'},
                                      {u'fieldName': 'kwh',
                                       u'fieldType': 'float',
                                       u'maxValue': '5.18',
                                       u'minValue': '0.0'}],
                  u'inferenceArgs': {u'predictedField': 'kwh',
                                     u'predictionSteps': ['1']},
                  u'inferenceType': 'TemporalMultiStep',
                  u'iterationCount': '-1',
                  u'streamDef': {u'info': 'kw_energy_consumption',
                                 u'streams': [{u'columns': ['*'],
                                               u'info': 'San Diego',
                                               u'source': 'file://sd_weather.csv'}],
                                 u'version': '1'},
                  u'swarmSize': 'small'},
 u'hsVersion': 'v2',
 u'maxModels': 'None',
 u'persistentJobGUID': '0cf41620-8ef9-11e4-89a4-08002716dfd4',
 u'useTerminators': 'False'}
2014-12-28 17:21:48,338 - com.numenta.nupic.swarming.HypersearchV2.HypersearchV2(3795) - INFO - <BUILDID=N/A, WORKER=HW, WRKID=54, JOBID=1024> Ready to end hyperseach, but not all models have matured yet. Sleeping a bit to wait for all models to mature.
2014-12-28 17:21:51,542 - com.numenta.nupic.swarming.HypersearchV2.HypersearchV2(3795) - INFO - <BUILDID=N/A, WORKER=HW, WRKID=54, JOBID=1024> Ready to end hyperseach, but not all models have matured yet. Sleeping a bit to wait for all models to mature.
2014-12-28 17:21:51,669 - com.numenta.nupic.swarming.HypersearchV2.HypersearchV2(3795) - INFO - <BUILDID=N/A, WORKER=HW, WRKID=54, JOBID=1024> Ready to end hyperseach, but not all models have matured yet. Sleeping a bit to wait for all models to mature.
2014-12-28 17:21:53,048 - com.numenta.nupic.swarming.HypersearchV2.HypersearchV2(3795) - INFO - <BUILDID=N/A, WORKER=HW, WRKID=54, JOBID=1024> Ready to end hyperseach, but not all models have matured yet. Sleeping a bit to wait for all models to mature.
2014-12-28 17:21:54,167 - com.numenta.nupic.swarming.HypersearchV2.HypersearchV2(3795) - INFO - <BUILDID=N/A, WORKER=HW, WRKID=54, JOBID=1024> Ready to end hyperseach, but not all models have matured yet. Sleeping a bit to wait for all models to mature.
2014-12-28 17:21:57,136 - root(3795) - ERROR - HypersearchWorker is exiting with unhandled exception; argv=['/home/pat/workspace/nupic/nupic/swarming/HypersearchWorker.py', '--jobID=1024']
Traceback (most recent call last):
  File "/home/pat/workspace/nupic/nupic/swarming/HypersearchWorker.py", line 609, in <module>
    main(sys.argv)
  File "/home/pat/workspace/nupic/nupic/swarming/HypersearchWorker.py", line 551, in main
    jobID = hst.run()
  File "/home/pat/workspace/nupic/nupic/swarming/HypersearchWorker.py", line 344, in run
    (exit, newModels) = self._hs.createModels(numModels = batchSize)
  File "/home/pat/workspace/nupic/nupic/swarming/HypersearchV2.py", line 3744, in createModels
    return (self._okToExit(), [])
  File "/home/pat/workspace/nupic/nupic/swarming/HypersearchV2.py", line 3601, in _okToExit
    time.sleep(5.0 * random.random())
KeyboardInterrupt
