2014-12-28 17:21:44,985 - com.numenta.nupic.swarming.HypersearchWorker(3794) - INFO - <BUILDID=N/A, WORKER=HS, WRKID=N/A, JOBID=N/A> Launched with command line arguments: ['--jobID=1024']
2014-12-28 17:21:44,986 - com.numenta.nupic.swarming.HypersearchWorker(3794) - INFO - <BUILDID=N/A, WORKER=HS, WRKID=N/A, JOBID=N/A> Connecting to the jobs database
2014-12-28 17:21:44,986 - com.numenta.nupic.database.Connection.ConnectionFactory(3794) - INFO - <BUILDID=N/A, WORKER=HS, WRKID=N/A, JOBID=N/A> Creating db connection policy via provider <bound method type._createDefaultPolicy of <class 'nupic.database.Connection.ConnectionFactory'>>
2014-12-28 17:21:44,988 - com.numenta.nupic.database.Connection.PooledConnectionPolicy(3794) - INFO - <BUILDID=N/A, WORKER=HS, WRKID=N/A, JOBID=N/A> Created PooledConnectionPolicy
2014-12-28 17:21:45,013 - com.numenta.nupic.database.ClientJobsDAO.ClientJobsDAO(3794) - INFO - <BUILDID=N/A, WORKER=HS, WRKID=N/A, JOBID=N/A> clientJobsConnectionID=52
2014-12-28 17:21:45,016 - com.numenta.nupic.swarming.HypersearchWorker(3794) - INFO - <BUILDID=N/A, WORKER=HW, WRKID=52, JOBID=1024> Job info retrieved: {'engModelMilestones': 'None', 'clientInfo': '', 'numFailedWorkers': '0', 'engJobType': 'hypersearch', 'results': 'None', 'jobId': '1024', 'completionMsg': 'None', 'cancel': '0', 'engWorkerState': 'None', 'workerCompletionMsg': 'None', 'jobHash': "\x0c\xf4\x16!\x8e\xf9\x11\xe4\x89\xa4\x08\x00'\x16\xdf\xd4", 'genBaseDescription': 'None', 'completionReason': 'None', 'priority': '0', 'cmdLine': '$HYPERSEARCH', 'params': '{"hsVersion": "v2", "maxModels": null, "persistentJobGUID": "0cf...', 'workerCompletionReason': 'success', 'engAllocateNewWorkers': '1', 'lastFailedWorkerErrorMsg': 'None', 'engUntendedDeadWorkers': '0', 'engLastUpdateTime': '2014-12-29 01:21:44', 'status': 'notStarted', 'engStatus': 'None', 'startTime': 'None', 'minimumWorkers': '1', 'endTime': 'None', 'engCjmConnId': 'None', 'genPermutations': 'None', 'client': 'GRP', 'engCleaningStatus': 'notdone', 'clientKey': '', 'maximumWorkers': '4'}
2014-12-28 17:21:45,019 - com.numenta.nupic.swarming.HypersearchV2.HypersearchV2(3794) - INFO - <BUILDID=N/A, WORKER=HW, WRKID=52, JOBID=1024> searchParams: 
{u'description': {u'includedFields': [{u'fieldName': 'timestamp',
                                       u'fieldType': 'datetime'},
                                      {u'fieldName': 'temp',
                                       u'fieldType': 'float',
                                       u'maxValue': '34.0',
                                       u'minValue': '6.0'},
                                      {u'fieldName': 'dewpt',
                                       u'fieldType': 'float',
                                       u'maxValue': '22.0',
                                       u'minValue': '-22.0'},
                                      {u'fieldName': 'wind',
                                       u'fieldType': 'float',
                                       u'maxValue': '14.0',
                                       u'minValue': '0.0'},
                                      {u'fieldName': 'is_daylight',
                                       u'fieldType': 'int',
                                       u'maxValue': '1',
                                       u'minValue': '0'},
                                      {u'fieldName': 'elapsed',
                                       u'fieldType': 'int',
                                       u'maxValue': '86400',
                                       u'minValue': '0'},
                                      {u'fieldName': 'kwh',
                                       u'fieldType': 'float',
                                       u'maxValue': '5.18',
                                       u'minValue': '0.0'}],
                  u'inferenceArgs': {u'predictedField': 'kwh',
                                     u'predictionSteps': ['1']},
                  u'inferenceType': 'TemporalMultiStep',
                  u'iterationCount': '-1',
                  u'streamDef': {u'info': 'kw_energy_consumption',
                                 u'streams': [{u'columns': ['*'],
                                               u'info': 'San Diego',
                                               u'source': 'file://sd_weather.csv'}],
                                 u'version': '1'},
                  u'swarmSize': 'small'},
 u'hsVersion': 'v2',
 u'maxModels': 'None',
 u'persistentJobGUID': '0cf41620-8ef9-11e4-89a4-08002716dfd4',
 u'useTerminators': 'False'}
2014-12-28 17:21:48,166 - com.numenta.nupic.swarming.HypersearchV2.HypersearchV2(3794) - INFO - <BUILDID=N/A, WORKER=HW, WRKID=52, JOBID=1024> Active swarms changed to [u'modelParams|sensorParams|encoders|kwh'] (from None)
2014-12-28 17:21:48,327 - com.numenta.nupic.swarming.HypersearchWorker(3794) - INFO - <BUILDID=N/A, WORKER=HW, WRKID=52, JOBID=1024> RUNNING MODEL GID=2576, paramsHash=1342987db02374861f1f7af0cc45ca9c, params={'particleState': {'varStates': {'modelParams|clParams|alpha': {'bestResult': None, 'position': 0.050050000000000004, 'bestPosition': 0.050050000000000004, '_position': 0.050050000000000004, 'velocity': 0.01998}, 'modelParams|tpParams|minThreshold': {'bestResult': None, 'position': 11, 'bestPosition': 11, '_position': 10.5, 'velocity': 0.6}, 'modelParams|tpParams|activationThreshold': {'bestResult': None, 'position': 14, 'bestPosition': 14, '_position': 14.0, 'velocity': 0.8}, u'modelParams|sensorParams|encoders|kwh:n': {'bestResult': None, 'position': 272, 'bestPosition': 272, '_position': 271.5, 'velocity': 99.8}, 'modelParams|tpParams|pamLength': {'bestResult': None, 'position': 3, 'bestPosition': 3, '_position': 3.0, 'velocity': 0.8}, 'modelParams|sensorParams|encoders|_classifierInput|n': {'bestResult': None, 'position': 275, 'bestPosition': 275, '_position': 274.5, 'velocity': 98.6}, 'modelParams|spParams|synPermInactiveDec': {'bestResult': None, 'position': 0.05015, 'bestPosition': 0.05015, '_position': 0.05015, 'velocity': 0.019940000000000003}}, 'genIdx': 0, 'swarmId': u'modelParams|sensorParams|encoders|kwh', 'id': '52.0'}, 'structuredParams': {'aggregationInfo': {'seconds': 0, 'fields': [], 'months': 0, 'days': 0, 'years': 0, 'hours': 0, 'microseconds': 0, 'weeks': 0, 'minutes': 0, 'milliseconds': 0}, 'modelParams': {'sensorParams': {'encoders': {'_classifierInput': {'maxval': 5.18, 'classifierOnly': True, 'minval': 0.0, 'clipInput': True, 'n': 275, 'fieldname': 'kwh', 'w': 21, 'type': 'ScalarEncoder'}, u'temp': None, u'kwh': {'maxval': 5.18, 'name': 'kwh', 'clipInput': True, 'minval': 0.0, 'n': 272, 'fieldname': 'kwh', 'w': 21, 'type': 'ScalarEncoder'}, u'dewpt': None, u'elapsed': None, u'timestamp_timeOfDay': None, u'is_daylight': None, u'timestamp_dayOfWeek': None, u'wind': None, u'timestamp_weekend': None}}, 'spParams': {'synPermInactiveDec': 0.05015}, 'tpParams': {'minThreshold': 11, 'activationThreshold': 14, 'pamLength': 3}, 'clParams': {'alpha': 0.050050000000000004}}}}
2014-12-28 17:21:48,336 - com.numenta.nupic.hypersearch.utils(3794) - INFO - <BUILDID=N/A, WORKER=HW, WRKID=52, JOBID=1024> Using experiment directory: /tmp/tmpTI0xzM
2014-12-28 17:21:50,006 - com.numenta.nupic.swarming.ModelRunner.OPFModelRunner(3794) - INFO - <BUILDID=N/A, WORKER=HW, WRKID=52, JOBID=1024> Flushed prediction cache; numrows=2; elapsed=0.00067400932312 sec.
2014-12-28 17:21:50,030 - com.numenta.nupic.swarming.ModelRunner.OPFModelRunner(3794) - INFO - <BUILDID=N/A, WORKER=HW, WRKID=52, JOBID=1024> Flushed prediction cache; numrows=1; elapsed=0.000123977661133 sec.
2014-12-28 17:21:50,052 - com.numenta.nupic.swarming.ModelRunner.OPFModelRunner(3794) - INFO - <BUILDID=N/A, WORKER=HW, WRKID=52, JOBID=1024> Flushed prediction cache; numrows=1; elapsed=0.000104188919067 sec.
2014-12-28 17:21:50,069 - com.numenta.nupic.swarming.ModelRunner.OPFModelRunner(3794) - INFO - <BUILDID=N/A, WORKER=HW, WRKID=52, JOBID=1024> Flushed prediction cache; numrows=1; elapsed=0.000180006027222 sec.
2014-12-28 17:21:50,087 - com.numenta.nupic.swarming.ModelRunner.OPFModelRunner(3794) - INFO - <BUILDID=N/A, WORKER=HW, WRKID=52, JOBID=1024> Flushed prediction cache; numrows=1; elapsed=0.000174999237061 sec.
2014-12-28 17:21:50,109 - com.numenta.nupic.swarming.ModelRunner.OPFModelRunner(3794) - INFO - <BUILDID=N/A, WORKER=HW, WRKID=52, JOBID=1024> Flushed prediction cache; numrows=1; elapsed=0.000144958496094 sec.
2014-12-28 17:21:50,127 - com.numenta.nupic.swarming.ModelRunner.OPFModelRunner(3794) - INFO - <BUILDID=N/A, WORKER=HW, WRKID=52, JOBID=1024> Flushed prediction cache; numrows=1; elapsed=0.000218868255615 sec.
2014-12-28 17:21:50,150 - com.numenta.nupic.swarming.ModelRunner.OPFModelRunner(3794) - INFO - <BUILDID=N/A, WORKER=HW, WRKID=52, JOBID=1024> Flushed prediction cache; numrows=1; elapsed=0.00016713142395 sec.
2014-12-28 17:21:50,170 - com.numenta.nupic.swarming.ModelRunner.OPFModelRunner(3794) - INFO - <BUILDID=N/A, WORKER=HW, WRKID=52, JOBID=1024> Flushed prediction cache; numrows=1; elapsed=0.000156879425049 sec.
2014-12-28 17:21:50,196 - com.numenta.nupic.swarming.ModelRunner.OPFModelRunner(3794) - INFO - <BUILDID=N/A, WORKER=HW, WRKID=52, JOBID=1024> Flushed prediction cache; numrows=1; elapsed=0.000154972076416 sec.
2014-12-28 17:21:50,211 - com.numenta.nupic.swarming.ModelRunner.OPFModelRunner(3794) - INFO - <BUILDID=N/A, WORKER=HW, WRKID=52, JOBID=1024> Flushed prediction cache; numrows=1; elapsed=0.000144958496094 sec.
2014-12-28 17:21:50,232 - com.numenta.nupic.swarming.ModelRunner.OPFModelRunner(3794) - INFO - <BUILDID=N/A, WORKER=HW, WRKID=52, JOBID=1024> Flushed prediction cache; numrows=1; elapsed=0.000148057937622 sec.
2014-12-28 17:21:50,251 - com.numenta.nupic.swarming.ModelRunner.OPFModelRunner(3794) - INFO - <BUILDID=N/A, WORKER=HW, WRKID=52, JOBID=1024> Flushed prediction cache; numrows=1; elapsed=0.0001540184021 sec.
2014-12-28 17:21:50,269 - com.numenta.nupic.swarming.ModelRunner.OPFModelRunner(3794) - INFO - <BUILDID=N/A, WORKER=HW, WRKID=52, JOBID=1024> Flushed prediction cache; numrows=1; elapsed=0.00019907951355 sec.
2014-12-28 17:21:50,290 - com.numenta.nupic.swarming.ModelRunner.OPFModelRunner(3794) - INFO - <BUILDID=N/A, WORKER=HW, WRKID=52, JOBID=1024> Flushed prediction cache; numrows=1; elapsed=0.000161170959473 sec.
2014-12-28 17:21:50,311 - com.numenta.nupic.swarming.ModelRunner.OPFModelRunner(3794) - INFO - <BUILDID=N/A, WORKER=HW, WRKID=52, JOBID=1024> Flushed prediction cache; numrows=1; elapsed=0.000194072723389 sec.
2014-12-28 17:21:50,331 - com.numenta.nupic.swarming.ModelRunner.OPFModelRunner(3794) - INFO - <BUILDID=N/A, WORKER=HW, WRKID=52, JOBID=1024> Flushed prediction cache; numrows=1; elapsed=0.000161170959473 sec.
2014-12-28 17:21:50,352 - com.numenta.nupic.swarming.ModelRunner.OPFModelRunner(3794) - INFO - <BUILDID=N/A, WORKER=HW, WRKID=52, JOBID=1024> Flushed prediction cache; numrows=1; elapsed=0.00019097328186 sec.
2014-12-28 17:21:50,373 - com.numenta.nupic.swarming.ModelRunner.OPFModelRunner(3794) - INFO - <BUILDID=N/A, WORKER=HW, WRKID=52, JOBID=1024> Flushed prediction cache; numrows=1; elapsed=0.00018310546875 sec.
2014-12-28 17:21:50,401 - com.numenta.nupic.swarming.ModelRunner.OPFModelRunner(3794) - INFO - <BUILDID=N/A, WORKER=HW, WRKID=52, JOBID=1024> Flushed prediction cache; numrows=1; elapsed=0.00016713142395 sec.
2014-12-28 17:21:50,422 - com.numenta.nupic.swarming.ModelRunner.OPFModelRunner(3794) - INFO - <BUILDID=N/A, WORKER=HW, WRKID=52, JOBID=1024> Flushed prediction cache; numrows=1; elapsed=0.000233888626099 sec.
2014-12-28 17:21:50,438 - com.numenta.nupic.swarming.ModelRunner.OPFModelRunner(3794) - INFO - <BUILDID=N/A, WORKER=HW, WRKID=52, JOBID=1024> Flushed prediction cache; numrows=1; elapsed=0.000229120254517 sec.
2014-12-28 17:21:50,457 - com.numenta.nupic.swarming.ModelRunner.OPFModelRunner(3794) - INFO - <BUILDID=N/A, WORKER=HW, WRKID=52, JOBID=1024> Flushed prediction cache; numrows=1; elapsed=0.000267028808594 sec.
2014-12-28 17:21:50,480 - com.numenta.nupic.swarming.ModelRunner.OPFModelRunner(3794) - INFO - <BUILDID=N/A, WORKER=HW, WRKID=52, JOBID=1024> Flushed prediction cache; numrows=1; elapsed=0.000233888626099 sec.
2014-12-28 17:21:50,504 - com.numenta.nupic.swarming.ModelRunner.OPFModelRunner(3794) - INFO - <BUILDID=N/A, WORKER=HW, WRKID=52, JOBID=1024> Flushed prediction cache; numrows=1; elapsed=0.000225067138672 sec.
2014-12-28 17:21:50,535 - com.numenta.nupic.swarming.ModelRunner.OPFModelRunner(3794) - INFO - <BUILDID=N/A, WORKER=HW, WRKID=52, JOBID=1024> Flushed prediction cache; numrows=1; elapsed=0.00014591217041 sec.
2014-12-28 17:21:50,562 - com.numenta.nupic.swarming.ModelRunner.OPFModelRunner(3794) - INFO - <BUILDID=N/A, WORKER=HW, WRKID=52, JOBID=1024> Flushed prediction cache; numrows=1; elapsed=0.000153064727783 sec.
2014-12-28 17:21:50,585 - com.numenta.nupic.swarming.ModelRunner.OPFModelRunner(3794) - INFO - <BUILDID=N/A, WORKER=HW, WRKID=52, JOBID=1024> Flushed prediction cache; numrows=1; elapsed=0.000253915786743 sec.
2014-12-28 17:21:50,610 - com.numenta.nupic.swarming.ModelRunner.OPFModelRunner(3794) - INFO - <BUILDID=N/A, WORKER=HW, WRKID=52, JOBID=1024> Flushed prediction cache; numrows=1; elapsed=0.000341892242432 sec.
2014-12-28 17:21:50,652 - com.numenta.nupic.swarming.ModelRunner.OPFModelRunner(3794) - INFO - <BUILDID=N/A, WORKER=HW, WRKID=52, JOBID=1024> Flushed prediction cache; numrows=1; elapsed=0.000172853469849 sec.
2014-12-28 17:21:50,675 - com.numenta.nupic.swarming.ModelRunner.OPFModelRunner(3794) - INFO - <BUILDID=N/A, WORKER=HW, WRKID=52, JOBID=1024> Flushed prediction cache; numrows=1; elapsed=0.000172138214111 sec.
2014-12-28 17:21:50,699 - com.numenta.nupic.swarming.ModelRunner.OPFModelRunner(3794) - INFO - <BUILDID=N/A, WORKER=HW, WRKID=52, JOBID=1024> Flushed prediction cache; numrows=1; elapsed=0.000193119049072 sec.
2014-12-28 17:21:50,733 - com.numenta.nupic.swarming.ModelRunner.OPFModelRunner(3794) - INFO - <BUILDID=N/A, WORKER=HW, WRKID=52, JOBID=1024> Flushed prediction cache; numrows=1; elapsed=0.000172853469849 sec.
2014-12-28 17:21:50,757 - com.numenta.nupic.swarming.ModelRunner.OPFModelRunner(3794) - INFO - <BUILDID=N/A, WORKER=HW, WRKID=52, JOBID=1024> Flushed prediction cache; numrows=1; elapsed=0.000453948974609 sec.
2014-12-28 17:21:50,778 - com.numenta.nupic.swarming.ModelRunner.OPFModelRunner(3794) - INFO - <BUILDID=N/A, WORKER=HW, WRKID=52, JOBID=1024> Flushed prediction cache; numrows=1; elapsed=0.000144958496094 sec.
2014-12-28 17:21:50,797 - com.numenta.nupic.swarming.ModelRunner.OPFModelRunner(3794) - INFO - <BUILDID=N/A, WORKER=HW, WRKID=52, JOBID=1024> Flushed prediction cache; numrows=1; elapsed=0.000816106796265 sec.
2014-12-28 17:21:50,817 - com.numenta.nupic.swarming.ModelRunner.OPFModelRunner(3794) - INFO - <BUILDID=N/A, WORKER=HW, WRKID=52, JOBID=1024> Flushed prediction cache; numrows=1; elapsed=0.000137090682983 sec.
2014-12-28 17:21:50,833 - com.numenta.nupic.swarming.ModelRunner.OPFModelRunner(3794) - INFO - <BUILDID=N/A, WORKER=HW, WRKID=52, JOBID=1024> Flushed prediction cache; numrows=1; elapsed=0.000257968902588 sec.
2014-12-28 17:21:50,858 - com.numenta.nupic.swarming.ModelRunner.OPFModelRunner(3794) - INFO - <BUILDID=N/A, WORKER=HW, WRKID=52, JOBID=1024> Flushed prediction cache; numrows=1; elapsed=0.000195026397705 sec.
2014-12-28 17:21:50,873 - com.numenta.nupic.swarming.ModelRunner.OPFModelRunner(3794) - INFO - <BUILDID=N/A, WORKER=HW, WRKID=52, JOBID=1024> Flushed prediction cache; numrows=1; elapsed=0.000336885452271 sec.
2014-12-28 17:21:50,893 - com.numenta.nupic.swarming.ModelRunner.OPFModelRunner(3794) - INFO - <BUILDID=N/A, WORKER=HW, WRKID=52, JOBID=1024> Flushed prediction cache; numrows=1; elapsed=0.000190019607544 sec.
2014-12-28 17:21:50,926 - com.numenta.nupic.swarming.ModelRunner.OPFModelRunner(3794) - INFO - <BUILDID=N/A, WORKER=HW, WRKID=52, JOBID=1024> Flushed prediction cache; numrows=1; elapsed=0.000175952911377 sec.
2014-12-28 17:21:50,948 - com.numenta.nupic.swarming.ModelRunner.OPFModelRunner(3794) - INFO - <BUILDID=N/A, WORKER=HW, WRKID=52, JOBID=1024> Flushed prediction cache; numrows=1; elapsed=9.20295715332e-05 sec.
2014-12-28 17:21:50,963 - com.numenta.nupic.swarming.ModelRunner.OPFModelRunner(3794) - INFO - <BUILDID=N/A, WORKER=HW, WRKID=52, JOBID=1024> Flushed prediction cache; numrows=1; elapsed=0.00018310546875 sec.
2014-12-28 17:21:50,981 - com.numenta.nupic.swarming.ModelRunner.OPFModelRunner(3794) - INFO - <BUILDID=N/A, WORKER=HW, WRKID=52, JOBID=1024> Flushed prediction cache; numrows=1; elapsed=0.000265121459961 sec.
2014-12-28 17:21:51,001 - com.numenta.nupic.swarming.ModelRunner.OPFModelRunner(3794) - INFO - <BUILDID=N/A, WORKER=HW, WRKID=52, JOBID=1024> Flushed prediction cache; numrows=1; elapsed=0.000295162200928 sec.
2014-12-28 17:21:51,035 - com.numenta.nupic.swarming.ModelRunner.OPFModelRunner(3794) - INFO - <BUILDID=N/A, WORKER=HW, WRKID=52, JOBID=1024> Flushed prediction cache; numrows=1; elapsed=0.000190019607544 sec.
2014-12-28 17:21:51,056 - com.numenta.nupic.swarming.ModelRunner.OPFModelRunner(3794) - INFO - <BUILDID=N/A, WORKER=HW, WRKID=52, JOBID=1024> Flushed prediction cache; numrows=1; elapsed=0.000159978866577 sec.
2014-12-28 17:21:51,075 - com.numenta.nupic.swarming.ModelRunner.OPFModelRunner(3794) - INFO - <BUILDID=N/A, WORKER=HW, WRKID=52, JOBID=1024> Flushed prediction cache; numrows=1; elapsed=0.000195026397705 sec.
2014-12-28 17:21:51,096 - com.numenta.nupic.swarming.ModelRunner.OPFModelRunner(3794) - INFO - <BUILDID=N/A, WORKER=HW, WRKID=52, JOBID=1024> Flushed prediction cache; numrows=1; elapsed=0.000146865844727 sec.
2014-12-28 17:21:51,113 - com.numenta.nupic.swarming.ModelRunner.OPFModelRunner(3794) - INFO - <BUILDID=N/A, WORKER=HW, WRKID=52, JOBID=1024> Flushed prediction cache; numrows=1; elapsed=0.000201940536499 sec.
2014-12-28 17:21:51,130 - com.numenta.nupic.swarming.ModelRunner.OPFModelRunner(3794) - INFO - <BUILDID=N/A, WORKER=HW, WRKID=52, JOBID=1024> Flushed prediction cache; numrows=1; elapsed=0.000174999237061 sec.
2014-12-28 17:21:51,147 - com.numenta.nupic.swarming.ModelRunner.OPFModelRunner(3794) - INFO - <BUILDID=N/A, WORKER=HW, WRKID=52, JOBID=1024> Flushed prediction cache; numrows=1; elapsed=0.000165939331055 sec.
2014-12-28 17:21:51,163 - com.numenta.nupic.swarming.ModelRunner.OPFModelRunner(3794) - INFO - <BUILDID=N/A, WORKER=HW, WRKID=52, JOBID=1024> Flushed prediction cache; numrows=1; elapsed=0.000170946121216 sec.
2014-12-28 17:21:51,182 - com.numenta.nupic.swarming.ModelRunner.OPFModelRunner(3794) - INFO - <BUILDID=N/A, WORKER=HW, WRKID=52, JOBID=1024> Flushed prediction cache; numrows=1; elapsed=0.000159025192261 sec.
2014-12-28 17:21:51,208 - com.numenta.nupic.swarming.ModelRunner.OPFModelRunner(3794) - INFO - <BUILDID=N/A, WORKER=HW, WRKID=52, JOBID=1024> Flushed prediction cache; numrows=1; elapsed=0.000155925750732 sec.
2014-12-28 17:21:51,224 - com.numenta.nupic.swarming.ModelRunner.OPFModelRunner(3794) - INFO - <BUILDID=N/A, WORKER=HW, WRKID=52, JOBID=1024> Flushed prediction cache; numrows=1; elapsed=0.000153064727783 sec.
2014-12-28 17:21:51,241 - com.numenta.nupic.swarming.ModelRunner.OPFModelRunner(3794) - INFO - <BUILDID=N/A, WORKER=HW, WRKID=52, JOBID=1024> Flushed prediction cache; numrows=1; elapsed=0.00018310546875 sec.
2014-12-28 17:21:51,259 - com.numenta.nupic.swarming.ModelRunner.OPFModelRunner(3794) - INFO - <BUILDID=N/A, WORKER=HW, WRKID=52, JOBID=1024> Flushed prediction cache; numrows=1; elapsed=0.000185012817383 sec.
2014-12-28 17:21:51,276 - com.numenta.nupic.swarming.ModelRunner.OPFModelRunner(3794) - INFO - <BUILDID=N/A, WORKER=HW, WRKID=52, JOBID=1024> Flushed prediction cache; numrows=1; elapsed=0.000191926956177 sec.
2014-12-28 17:21:51,293 - com.numenta.nupic.swarming.ModelRunner.OPFModelRunner(3794) - INFO - <BUILDID=N/A, WORKER=HW, WRKID=52, JOBID=1024> Flushed prediction cache; numrows=1; elapsed=0.000189065933228 sec.
2014-12-28 17:21:51,311 - com.numenta.nupic.swarming.ModelRunner.OPFModelRunner(3794) - INFO - <BUILDID=N/A, WORKER=HW, WRKID=52, JOBID=1024> Flushed prediction cache; numrows=1; elapsed=0.000172853469849 sec.
2014-12-28 17:21:51,327 - com.numenta.nupic.swarming.ModelRunner.OPFModelRunner(3794) - INFO - <BUILDID=N/A, WORKER=HW, WRKID=52, JOBID=1024> Flushed prediction cache; numrows=1; elapsed=0.000186920166016 sec.
2014-12-28 17:21:51,350 - com.numenta.nupic.swarming.ModelRunner.OPFModelRunner(3794) - INFO - <BUILDID=N/A, WORKER=HW, WRKID=52, JOBID=1024> Flushed prediction cache; numrows=1; elapsed=0.000247001647949 sec.
2014-12-28 17:21:51,369 - com.numenta.nupic.swarming.ModelRunner.OPFModelRunner(3794) - INFO - <BUILDID=N/A, WORKER=HW, WRKID=52, JOBID=1024> Flushed prediction cache; numrows=1; elapsed=0.000191926956177 sec.
2014-12-28 17:21:51,385 - com.numenta.nupic.swarming.ModelRunner.OPFModelRunner(3794) - INFO - <BUILDID=N/A, WORKER=HW, WRKID=52, JOBID=1024> Flushed prediction cache; numrows=1; elapsed=0.000169038772583 sec.
2014-12-28 17:21:51,401 - com.numenta.nupic.swarming.ModelRunner.OPFModelRunner(3794) - INFO - <BUILDID=N/A, WORKER=HW, WRKID=52, JOBID=1024> Flushed prediction cache; numrows=1; elapsed=0.000282049179077 sec.
2014-12-28 17:21:51,418 - com.numenta.nupic.swarming.ModelRunner.OPFModelRunner(3794) - INFO - <BUILDID=N/A, WORKER=HW, WRKID=52, JOBID=1024> Flushed prediction cache; numrows=1; elapsed=0.000165939331055 sec.
2014-12-28 17:21:51,435 - com.numenta.nupic.swarming.ModelRunner.OPFModelRunner(3794) - INFO - <BUILDID=N/A, WORKER=HW, WRKID=52, JOBID=1024> Flushed prediction cache; numrows=1; elapsed=0.000203847885132 sec.
2014-12-28 17:21:51,450 - com.numenta.nupic.swarming.ModelRunner.OPFModelRunner(3794) - INFO - <BUILDID=N/A, WORKER=HW, WRKID=52, JOBID=1024> Flushed prediction cache; numrows=1; elapsed=0.000164985656738 sec.
2014-12-28 17:21:51,466 - com.numenta.nupic.swarming.ModelRunner.OPFModelRunner(3794) - INFO - <BUILDID=N/A, WORKER=HW, WRKID=52, JOBID=1024> Flushed prediction cache; numrows=1; elapsed=0.000166893005371 sec.
2014-12-28 17:21:51,482 - com.numenta.nupic.swarming.ModelRunner.OPFModelRunner(3794) - INFO - <BUILDID=N/A, WORKER=HW, WRKID=52, JOBID=1024> Flushed prediction cache; numrows=1; elapsed=0.000198125839233 sec.
2014-12-28 17:21:51,499 - com.numenta.nupic.swarming.ModelRunner.OPFModelRunner(3794) - INFO - <BUILDID=N/A, WORKER=HW, WRKID=52, JOBID=1024> Flushed prediction cache; numrows=1; elapsed=0.000207185745239 sec.
2014-12-28 17:21:51,516 - com.numenta.nupic.swarming.ModelRunner.OPFModelRunner(3794) - INFO - <BUILDID=N/A, WORKER=HW, WRKID=52, JOBID=1024> Flushed prediction cache; numrows=1; elapsed=0.000169038772583 sec.
2014-12-28 17:21:51,533 - com.numenta.nupic.swarming.ModelRunner.OPFModelRunner(3794) - INFO - <BUILDID=N/A, WORKER=HW, WRKID=52, JOBID=1024> Flushed prediction cache; numrows=1; elapsed=0.000174045562744 sec.
2014-12-28 17:21:51,553 - com.numenta.nupic.swarming.ModelRunner.OPFModelRunner(3794) - INFO - <BUILDID=N/A, WORKER=HW, WRKID=52, JOBID=1024> Flushed prediction cache; numrows=1; elapsed=0.000279903411865 sec.
2014-12-28 17:21:51,572 - com.numenta.nupic.swarming.ModelRunner.OPFModelRunner(3794) - INFO - <BUILDID=N/A, WORKER=HW, WRKID=52, JOBID=1024> Flushed prediction cache; numrows=1; elapsed=0.000195026397705 sec.
2014-12-28 17:21:51,588 - com.numenta.nupic.swarming.ModelRunner.OPFModelRunner(3794) - INFO - <BUILDID=N/A, WORKER=HW, WRKID=52, JOBID=1024> Flushed prediction cache; numrows=1; elapsed=0.000164985656738 sec.
2014-12-28 17:21:51,603 - com.numenta.nupic.swarming.ModelRunner.OPFModelRunner(3794) - INFO - <BUILDID=N/A, WORKER=HW, WRKID=52, JOBID=1024> Flushed prediction cache; numrows=1; elapsed=0.00016713142395 sec.
2014-12-28 17:21:51,619 - com.numenta.nupic.swarming.ModelRunner.OPFModelRunner(3794) - INFO - <BUILDID=N/A, WORKER=HW, WRKID=52, JOBID=1024> Flushed prediction cache; numrows=1; elapsed=0.000226974487305 sec.
2014-12-28 17:21:51,633 - com.numenta.nupic.swarming.ModelRunner.OPFModelRunner(3794) - INFO - <BUILDID=N/A, WORKER=HW, WRKID=52, JOBID=1024> Flushed prediction cache; numrows=1; elapsed=0.000172138214111 sec.
2014-12-28 17:21:51,652 - com.numenta.nupic.swarming.ModelRunner.OPFModelRunner(3794) - INFO - <BUILDID=N/A, WORKER=HW, WRKID=52, JOBID=1024> Flushed prediction cache; numrows=1; elapsed=0.000178098678589 sec.
2014-12-28 17:21:51,672 - com.numenta.nupic.swarming.ModelRunner.OPFModelRunner(3794) - INFO - <BUILDID=N/A, WORKER=HW, WRKID=52, JOBID=1024> Flushed prediction cache; numrows=1; elapsed=0.000195026397705 sec.
2014-12-28 17:21:51,689 - com.numenta.nupic.swarming.ModelRunner.OPFModelRunner(3794) - INFO - <BUILDID=N/A, WORKER=HW, WRKID=52, JOBID=1024> Flushed prediction cache; numrows=1; elapsed=0.000207901000977 sec.
2014-12-28 17:21:51,707 - com.numenta.nupic.swarming.ModelRunner.OPFModelRunner(3794) - INFO - <BUILDID=N/A, WORKER=HW, WRKID=52, JOBID=1024> Flushed prediction cache; numrows=1; elapsed=0.000279903411865 sec.
2014-12-28 17:21:51,725 - com.numenta.nupic.swarming.ModelRunner.OPFModelRunner(3794) - INFO - <BUILDID=N/A, WORKER=HW, WRKID=52, JOBID=1024> Flushed prediction cache; numrows=1; elapsed=0.000341176986694 sec.
2014-12-28 17:21:51,746 - com.numenta.nupic.swarming.ModelRunner.OPFModelRunner(3794) - INFO - <BUILDID=N/A, WORKER=HW, WRKID=52, JOBID=1024> Flushed prediction cache; numrows=1; elapsed=0.000181913375854 sec.
2014-12-28 17:21:51,760 - com.numenta.nupic.swarming.ModelRunner.OPFModelRunner(3794) - INFO - <BUILDID=N/A, WORKER=HW, WRKID=52, JOBID=1024> Flushed prediction cache; numrows=1; elapsed=0.000155925750732 sec.
2014-12-28 17:21:51,775 - com.numenta.nupic.swarming.ModelRunner.OPFModelRunner(3794) - INFO - <BUILDID=N/A, WORKER=HW, WRKID=52, JOBID=1024> Flushed prediction cache; numrows=1; elapsed=0.000157117843628 sec.
2014-12-28 17:21:51,790 - com.numenta.nupic.swarming.ModelRunner.OPFModelRunner(3794) - INFO - <BUILDID=N/A, WORKER=HW, WRKID=52, JOBID=1024> Flushed prediction cache; numrows=1; elapsed=0.000216007232666 sec.
2014-12-28 17:21:51,804 - com.numenta.nupic.swarming.ModelRunner.OPFModelRunner(3794) - INFO - <BUILDID=N/A, WORKER=HW, WRKID=52, JOBID=1024> Flushed prediction cache; numrows=1; elapsed=0.000159978866577 sec.
2014-12-28 17:21:51,820 - com.numenta.nupic.swarming.ModelRunner.OPFModelRunner(3794) - INFO - <BUILDID=N/A, WORKER=HW, WRKID=52, JOBID=1024> Flushed prediction cache; numrows=1; elapsed=0.000143051147461 sec.
2014-12-28 17:21:51,835 - com.numenta.nupic.swarming.ModelRunner.OPFModelRunner(3794) - INFO - <BUILDID=N/A, WORKER=HW, WRKID=52, JOBID=1024> Flushed prediction cache; numrows=1; elapsed=0.0002281665802 sec.
2014-12-28 17:21:51,854 - com.numenta.nupic.swarming.ModelRunner.OPFModelRunner(3794) - INFO - <BUILDID=N/A, WORKER=HW, WRKID=52, JOBID=1024> Flushed prediction cache; numrows=1; elapsed=0.000180959701538 sec.
2014-12-28 17:21:51,878 - com.numenta.nupic.swarming.ModelRunner.OPFModelRunner(3794) - INFO - <BUILDID=N/A, WORKER=HW, WRKID=52, JOBID=1024> Flushed prediction cache; numrows=1; elapsed=0.000172853469849 sec.
2014-12-28 17:21:51,895 - com.numenta.nupic.swarming.ModelRunner.OPFModelRunner(3794) - INFO - <BUILDID=N/A, WORKER=HW, WRKID=52, JOBID=1024> Flushed prediction cache; numrows=1; elapsed=0.000174045562744 sec.
2014-12-28 17:21:51,916 - com.numenta.nupic.swarming.ModelRunner.OPFModelRunner(3794) - INFO - <BUILDID=N/A, WORKER=HW, WRKID=52, JOBID=1024> Flushed prediction cache; numrows=1; elapsed=0.0001540184021 sec.
2014-12-28 17:21:51,936 - com.numenta.nupic.swarming.ModelRunner.OPFModelRunner(3794) - INFO - <BUILDID=N/A, WORKER=HW, WRKID=52, JOBID=1024> Flushed prediction cache; numrows=1; elapsed=0.000150918960571 sec.
2014-12-28 17:21:51,959 - com.numenta.nupic.swarming.ModelRunner.OPFModelRunner(3794) - INFO - <BUILDID=N/A, WORKER=HW, WRKID=52, JOBID=1024> Flushed prediction cache; numrows=1; elapsed=0.000309944152832 sec.
2014-12-28 17:21:51,994 - com.numenta.nupic.swarming.ModelRunner.OPFModelRunner(3794) - INFO - <BUILDID=N/A, WORKER=HW, WRKID=52, JOBID=1024> Flushed prediction cache; numrows=1; elapsed=0.000200986862183 sec.
2014-12-28 17:21:52,023 - com.numenta.nupic.swarming.ModelRunner.OPFModelRunner(3794) - INFO - <BUILDID=N/A, WORKER=HW, WRKID=52, JOBID=1024> Flushed prediction cache; numrows=1; elapsed=0.000170946121216 sec.
2014-12-28 17:21:52,045 - com.numenta.nupic.swarming.ModelRunner.OPFModelRunner(3794) - INFO - <BUILDID=N/A, WORKER=HW, WRKID=52, JOBID=1024> Flushed prediction cache; numrows=1; elapsed=0.000163078308105 sec.
2014-12-28 17:21:52,069 - com.numenta.nupic.swarming.ModelRunner.OPFModelRunner(3794) - INFO - <BUILDID=N/A, WORKER=HW, WRKID=52, JOBID=1024> Flushed prediction cache; numrows=1; elapsed=0.000296115875244 sec.
2014-12-28 17:21:52,094 - com.numenta.nupic.swarming.ModelRunner.OPFModelRunner(3794) - INFO - <BUILDID=N/A, WORKER=HW, WRKID=52, JOBID=1024> Flushed prediction cache; numrows=1; elapsed=0.000170946121216 sec.
2014-12-28 17:21:52,115 - com.numenta.nupic.swarming.ModelRunner.OPFModelRunner(3794) - INFO - <BUILDID=N/A, WORKER=HW, WRKID=52, JOBID=1024> Flushed prediction cache; numrows=1; elapsed=0.000171899795532 sec.
2014-12-28 17:21:52,133 - com.numenta.nupic.swarming.ModelRunner.OPFModelRunner(3794) - INFO - <BUILDID=N/A, WORKER=HW, WRKID=52, JOBID=1024> Flushed prediction cache; numrows=1; elapsed=0.000221967697144 sec.
2014-12-28 17:21:52,152 - com.numenta.nupic.swarming.ModelRunner.OPFModelRunner(3794) - INFO - <BUILDID=N/A, WORKER=HW, WRKID=52, JOBID=1024> Flushed prediction cache; numrows=1; elapsed=0.000169038772583 sec.
2014-12-28 17:21:52,169 - com.numenta.nupic.swarming.ModelRunner.OPFModelRunner(3794) - INFO - <BUILDID=N/A, WORKER=HW, WRKID=52, JOBID=1024> Flushed prediction cache; numrows=1; elapsed=0.000153064727783 sec.
2014-12-28 17:21:52,188 - com.numenta.nupic.swarming.ModelRunner.OPFModelRunner(3794) - INFO - <BUILDID=N/A, WORKER=HW, WRKID=52, JOBID=1024> Flushed prediction cache; numrows=1; elapsed=0.000180959701538 sec.
2014-12-28 17:21:52,209 - com.numenta.nupic.swarming.ModelRunner.OPFModelRunner(3794) - INFO - <BUILDID=N/A, WORKER=HW, WRKID=52, JOBID=1024> Flushed prediction cache; numrows=1; elapsed=0.000171899795532 sec.
2014-12-28 17:21:52,237 - com.numenta.nupic.swarming.ModelRunner.OPFModelRunner(3794) - INFO - <BUILDID=N/A, WORKER=HW, WRKID=52, JOBID=1024> Flushed prediction cache; numrows=1; elapsed=0.000172138214111 sec.
2014-12-28 17:21:52,257 - com.numenta.nupic.swarming.ModelRunner.OPFModelRunner(3794) - INFO - <BUILDID=N/A, WORKER=HW, WRKID=52, JOBID=1024> Flushed prediction cache; numrows=1; elapsed=0.000175952911377 sec.
2014-12-28 17:21:52,283 - com.numenta.nupic.swarming.ModelRunner.OPFModelRunner(3794) - INFO - <BUILDID=N/A, WORKER=HW, WRKID=52, JOBID=1024> Flushed prediction cache; numrows=1; elapsed=0.000199794769287 sec.
2014-12-28 17:21:52,306 - com.numenta.nupic.swarming.ModelRunner.OPFModelRunner(3794) - INFO - <BUILDID=N/A, WORKER=HW, WRKID=52, JOBID=1024> Flushed prediction cache; numrows=1; elapsed=0.000191926956177 sec.
2014-12-28 17:21:52,328 - com.numenta.nupic.swarming.ModelRunner.OPFModelRunner(3794) - INFO - <BUILDID=N/A, WORKER=HW, WRKID=52, JOBID=1024> Flushed prediction cache; numrows=1; elapsed=0.000201940536499 sec.
2014-12-28 17:21:52,352 - com.numenta.nupic.swarming.ModelRunner.OPFModelRunner(3794) - INFO - <BUILDID=N/A, WORKER=HW, WRKID=52, JOBID=1024> Flushed prediction cache; numrows=1; elapsed=0.000169038772583 sec.
2014-12-28 17:21:52,372 - com.numenta.nupic.swarming.ModelRunner.OPFModelRunner(3794) - INFO - <BUILDID=N/A, WORKER=HW, WRKID=52, JOBID=1024> Flushed prediction cache; numrows=1; elapsed=0.000200986862183 sec.
2014-12-28 17:21:52,394 - com.numenta.nupic.swarming.ModelRunner.OPFModelRunner(3794) - INFO - <BUILDID=N/A, WORKER=HW, WRKID=52, JOBID=1024> Flushed prediction cache; numrows=1; elapsed=0.000180006027222 sec.
2014-12-28 17:21:52,412 - com.numenta.nupic.swarming.ModelRunner.OPFModelRunner(3794) - INFO - <BUILDID=N/A, WORKER=HW, WRKID=52, JOBID=1024> Flushed prediction cache; numrows=1; elapsed=0.000175952911377 sec.
2014-12-28 17:21:52,434 - com.numenta.nupic.swarming.ModelRunner.OPFModelRunner(3794) - INFO - <BUILDID=N/A, WORKER=HW, WRKID=52, JOBID=1024> Flushed prediction cache; numrows=1; elapsed=0.000169992446899 sec.
2014-12-28 17:21:52,455 - com.numenta.nupic.swarming.ModelRunner.OPFModelRunner(3794) - INFO - <BUILDID=N/A, WORKER=HW, WRKID=52, JOBID=1024> Flushed prediction cache; numrows=1; elapsed=0.000211000442505 sec.
2014-12-28 17:21:52,476 - com.numenta.nupic.swarming.ModelRunner.OPFModelRunner(3794) - INFO - <BUILDID=N/A, WORKER=HW, WRKID=52, JOBID=1024> Flushed prediction cache; numrows=1; elapsed=0.000195980072021 sec.
2014-12-28 17:21:52,505 - com.numenta.nupic.swarming.ModelRunner.OPFModelRunner(3794) - INFO - <BUILDID=N/A, WORKER=HW, WRKID=52, JOBID=1024> Flushed prediction cache; numrows=1; elapsed=0.000201940536499 sec.
2014-12-28 17:21:52,525 - com.numenta.nupic.swarming.ModelRunner.OPFModelRunner(3794) - INFO - <BUILDID=N/A, WORKER=HW, WRKID=52, JOBID=1024> Flushed prediction cache; numrows=1; elapsed=0.000357151031494 sec.
2014-12-28 17:21:52,549 - com.numenta.nupic.swarming.ModelRunner.OPFModelRunner(3794) - INFO - <BUILDID=N/A, WORKER=HW, WRKID=52, JOBID=1024> Flushed prediction cache; numrows=1; elapsed=0.000176191329956 sec.
2014-12-28 17:21:52,567 - com.numenta.nupic.swarming.ModelRunner.OPFModelRunner(3794) - INFO - <BUILDID=N/A, WORKER=HW, WRKID=52, JOBID=1024> Flushed prediction cache; numrows=1; elapsed=0.000177145004272 sec.
2014-12-28 17:21:52,593 - com.numenta.nupic.swarming.ModelRunner.OPFModelRunner(3794) - INFO - <BUILDID=N/A, WORKER=HW, WRKID=52, JOBID=1024> Flushed prediction cache; numrows=1; elapsed=0.000193119049072 sec.
2014-12-28 17:21:52,613 - com.numenta.nupic.swarming.ModelRunner.OPFModelRunner(3794) - INFO - <BUILDID=N/A, WORKER=HW, WRKID=52, JOBID=1024> Flushed prediction cache; numrows=1; elapsed=0.000169038772583 sec.
2014-12-28 17:21:52,638 - com.numenta.nupic.swarming.ModelRunner.OPFModelRunner(3794) - INFO - <BUILDID=N/A, WORKER=HW, WRKID=52, JOBID=1024> Flushed prediction cache; numrows=1; elapsed=0.000205039978027 sec.
2014-12-28 17:21:52,660 - com.numenta.nupic.swarming.ModelRunner.OPFModelRunner(3794) - INFO - <BUILDID=N/A, WORKER=HW, WRKID=52, JOBID=1024> Flushed prediction cache; numrows=1; elapsed=0.000189065933228 sec.
2014-12-28 17:21:52,680 - com.numenta.nupic.swarming.ModelRunner.OPFModelRunner(3794) - INFO - <BUILDID=N/A, WORKER=HW, WRKID=52, JOBID=1024> Flushed prediction cache; numrows=1; elapsed=0.000162124633789 sec.
2014-12-28 17:21:52,710 - com.numenta.nupic.swarming.ModelRunner.OPFModelRunner(3794) - INFO - <BUILDID=N/A, WORKER=HW, WRKID=52, JOBID=1024> Flushed prediction cache; numrows=1; elapsed=0.000163078308105 sec.
2014-12-28 17:21:52,728 - com.numenta.nupic.swarming.ModelRunner.OPFModelRunner(3794) - INFO - <BUILDID=N/A, WORKER=HW, WRKID=52, JOBID=1024> Flushed prediction cache; numrows=1; elapsed=0.000200986862183 sec.
2014-12-28 17:21:52,749 - com.numenta.nupic.swarming.ModelRunner.OPFModelRunner(3794) - INFO - <BUILDID=N/A, WORKER=HW, WRKID=52, JOBID=1024> Flushed prediction cache; numrows=1; elapsed=0.00017786026001 sec.
2014-12-28 17:21:52,769 - com.numenta.nupic.swarming.ModelRunner.OPFModelRunner(3794) - INFO - <BUILDID=N/A, WORKER=HW, WRKID=52, JOBID=1024> Flushed prediction cache; numrows=1; elapsed=0.000177145004272 sec.
2014-12-28 17:21:52,788 - com.numenta.nupic.swarming.ModelRunner.OPFModelRunner(3794) - INFO - <BUILDID=N/A, WORKER=HW, WRKID=52, JOBID=1024> Flushed prediction cache; numrows=1; elapsed=0.000162124633789 sec.
2014-12-28 17:21:52,807 - com.numenta.nupic.swarming.ModelRunner.OPFModelRunner(3794) - INFO - <BUILDID=N/A, WORKER=HW, WRKID=52, JOBID=1024> Flushed prediction cache; numrows=1; elapsed=0.000192165374756 sec.
2014-12-28 17:21:52,828 - com.numenta.nupic.swarming.ModelRunner.OPFModelRunner(3794) - INFO - <BUILDID=N/A, WORKER=HW, WRKID=52, JOBID=1024> Flushed prediction cache; numrows=1; elapsed=0.000240087509155 sec.
2014-12-28 17:21:52,852 - com.numenta.nupic.swarming.ModelRunner.OPFModelRunner(3794) - INFO - <BUILDID=N/A, WORKER=HW, WRKID=52, JOBID=1024> Flushed prediction cache; numrows=1; elapsed=0.000174045562744 sec.
2014-12-28 17:21:52,871 - com.numenta.nupic.swarming.ModelRunner.OPFModelRunner(3794) - INFO - <BUILDID=N/A, WORKER=HW, WRKID=52, JOBID=1024> Flushed prediction cache; numrows=1; elapsed=0.000165939331055 sec.
2014-12-28 17:21:52,893 - com.numenta.nupic.swarming.ModelRunner.OPFModelRunner(3794) - INFO - <BUILDID=N/A, WORKER=HW, WRKID=52, JOBID=1024> Flushed prediction cache; numrows=1; elapsed=0.000187873840332 sec.
2014-12-28 17:21:52,913 - com.numenta.nupic.swarming.ModelRunner.OPFModelRunner(3794) - INFO - <BUILDID=N/A, WORKER=HW, WRKID=52, JOBID=1024> Flushed prediction cache; numrows=1; elapsed=0.00019097328186 sec.
2014-12-28 17:21:52,934 - com.numenta.nupic.swarming.ModelRunner.OPFModelRunner(3794) - INFO - <BUILDID=N/A, WORKER=HW, WRKID=52, JOBID=1024> Flushed prediction cache; numrows=1; elapsed=0.000159978866577 sec.
2014-12-28 17:21:52,957 - com.numenta.nupic.swarming.ModelRunner.OPFModelRunner(3794) - INFO - <BUILDID=N/A, WORKER=HW, WRKID=52, JOBID=1024> Flushed prediction cache; numrows=1; elapsed=0.000171899795532 sec.
2014-12-28 17:21:52,978 - com.numenta.nupic.swarming.ModelRunner.OPFModelRunner(3794) - INFO - <BUILDID=N/A, WORKER=HW, WRKID=52, JOBID=1024> Flushed prediction cache; numrows=1; elapsed=0.000174999237061 sec.
2014-12-28 17:21:53,003 - com.numenta.nupic.swarming.ModelRunner.OPFModelRunner(3794) - INFO - <BUILDID=N/A, WORKER=HW, WRKID=52, JOBID=1024> Flushed prediction cache; numrows=1; elapsed=0.000208139419556 sec.
2014-12-28 17:21:53,023 - com.numenta.nupic.swarming.ModelRunner.OPFModelRunner(3794) - INFO - <BUILDID=N/A, WORKER=HW, WRKID=52, JOBID=1024> Flushed prediction cache; numrows=1; elapsed=0.000170946121216 sec.
2014-12-28 17:21:53,041 - com.numenta.nupic.swarming.ModelRunner.OPFModelRunner(3794) - INFO - <BUILDID=N/A, WORKER=HW, WRKID=52, JOBID=1024> Flushed prediction cache; numrows=1; elapsed=0.000181913375854 sec.
2014-12-28 17:21:53,061 - com.numenta.nupic.swarming.ModelRunner.OPFModelRunner(3794) - INFO - <BUILDID=N/A, WORKER=HW, WRKID=52, JOBID=1024> Flushed prediction cache; numrows=1; elapsed=0.000193119049072 sec.
2014-12-28 17:21:53,087 - com.numenta.nupic.swarming.ModelRunner.OPFModelRunner(3794) - INFO - <BUILDID=N/A, WORKER=HW, WRKID=52, JOBID=1024> Flushed prediction cache; numrows=1; elapsed=0.000181913375854 sec.
2014-12-28 17:21:53,112 - com.numenta.nupic.swarming.ModelRunner.OPFModelRunner(3794) - INFO - <BUILDID=N/A, WORKER=HW, WRKID=52, JOBID=1024> Flushed prediction cache; numrows=1; elapsed=0.000277996063232 sec.
2014-12-28 17:21:53,145 - com.numenta.nupic.swarming.ModelRunner.OPFModelRunner(3794) - INFO - <BUILDID=N/A, WORKER=HW, WRKID=52, JOBID=1024> Flushed prediction cache; numrows=1; elapsed=0.000194072723389 sec.
2014-12-28 17:21:53,173 - com.numenta.nupic.swarming.ModelRunner.OPFModelRunner(3794) - INFO - <BUILDID=N/A, WORKER=HW, WRKID=52, JOBID=1024> Flushed prediction cache; numrows=1; elapsed=0.000172853469849 sec.
2014-12-28 17:21:53,191 - com.numenta.nupic.swarming.ModelRunner.OPFModelRunner(3794) - INFO - <BUILDID=N/A, WORKER=HW, WRKID=52, JOBID=1024> Flushed prediction cache; numrows=1; elapsed=0.000225067138672 sec.
2014-12-28 17:21:53,231 - com.numenta.nupic.swarming.ModelRunner.OPFModelRunner(3794) - INFO - <BUILDID=N/A, WORKER=HW, WRKID=52, JOBID=1024> Flushed prediction cache; numrows=1; elapsed=0.000159978866577 sec.
2014-12-28 17:21:53,253 - com.numenta.nupic.swarming.ModelRunner.OPFModelRunner(3794) - INFO - <BUILDID=N/A, WORKER=HW, WRKID=52, JOBID=1024> Flushed prediction cache; numrows=1; elapsed=0.000164985656738 sec.
2014-12-28 17:21:53,274 - com.numenta.nupic.swarming.ModelRunner.OPFModelRunner(3794) - INFO - <BUILDID=N/A, WORKER=HW, WRKID=52, JOBID=1024> Flushed prediction cache; numrows=1; elapsed=0.000174045562744 sec.
2014-12-28 17:21:53,292 - com.numenta.nupic.swarming.ModelRunner.OPFModelRunner(3794) - INFO - <BUILDID=N/A, WORKER=HW, WRKID=52, JOBID=1024> Flushed prediction cache; numrows=1; elapsed=0.000170946121216 sec.
2014-12-28 17:21:53,315 - com.numenta.nupic.swarming.ModelRunner.OPFModelRunner(3794) - INFO - <BUILDID=N/A, WORKER=HW, WRKID=52, JOBID=1024> Flushed prediction cache; numrows=1; elapsed=0.000203132629395 sec.
2014-12-28 17:21:53,355 - com.numenta.nupic.swarming.ModelRunner.OPFModelRunner(3794) - INFO - <BUILDID=N/A, WORKER=HW, WRKID=52, JOBID=1024> Flushed prediction cache; numrows=1; elapsed=0.000222206115723 sec.
2014-12-28 17:21:53,379 - com.numenta.nupic.swarming.ModelRunner.OPFModelRunner(3794) - INFO - <BUILDID=N/A, WORKER=HW, WRKID=52, JOBID=1024> Flushed prediction cache; numrows=1; elapsed=0.000171184539795 sec.
2014-12-28 17:21:53,402 - com.numenta.nupic.swarming.ModelRunner.OPFModelRunner(3794) - INFO - <BUILDID=N/A, WORKER=HW, WRKID=52, JOBID=1024> Flushed prediction cache; numrows=1; elapsed=0.00019097328186 sec.
2014-12-28 17:21:53,434 - com.numenta.nupic.swarming.ModelRunner.OPFModelRunner(3794) - INFO - <BUILDID=N/A, WORKER=HW, WRKID=52, JOBID=1024> Flushed prediction cache; numrows=1; elapsed=0.000159025192261 sec.
2014-12-28 17:21:53,454 - com.numenta.nupic.swarming.ModelRunner.OPFModelRunner(3794) - INFO - <BUILDID=N/A, WORKER=HW, WRKID=52, JOBID=1024> Flushed prediction cache; numrows=1; elapsed=0.000217914581299 sec.
2014-12-28 17:21:53,473 - com.numenta.nupic.swarming.ModelRunner.OPFModelRunner(3794) - INFO - <BUILDID=N/A, WORKER=HW, WRKID=52, JOBID=1024> Flushed prediction cache; numrows=1; elapsed=0.000169992446899 sec.
2014-12-28 17:21:53,496 - com.numenta.nupic.swarming.ModelRunner.OPFModelRunner(3794) - INFO - <BUILDID=N/A, WORKER=HW, WRKID=52, JOBID=1024> Flushed prediction cache; numrows=1; elapsed=9.01222229004e-05 sec.
2014-12-28 17:21:53,517 - com.numenta.nupic.swarming.ModelRunner.OPFModelRunner(3794) - INFO - <BUILDID=N/A, WORKER=HW, WRKID=52, JOBID=1024> Flushed prediction cache; numrows=1; elapsed=0.000205993652344 sec.
2014-12-28 17:21:53,538 - com.numenta.nupic.swarming.ModelRunner.OPFModelRunner(3794) - INFO - <BUILDID=N/A, WORKER=HW, WRKID=52, JOBID=1024> Flushed prediction cache; numrows=1; elapsed=0.000169992446899 sec.
2014-12-28 17:21:53,564 - com.numenta.nupic.swarming.ModelRunner.OPFModelRunner(3794) - INFO - <BUILDID=N/A, WORKER=HW, WRKID=52, JOBID=1024> Flushed prediction cache; numrows=1; elapsed=0.000169992446899 sec.
2014-12-28 17:21:53,588 - com.numenta.nupic.swarming.ModelRunner.OPFModelRunner(3794) - INFO - <BUILDID=N/A, WORKER=HW, WRKID=52, JOBID=1024> Flushed prediction cache; numrows=1; elapsed=0.000171184539795 sec.
2014-12-28 17:21:53,608 - com.numenta.nupic.swarming.ModelRunner.OPFModelRunner(3794) - INFO - <BUILDID=N/A, WORKER=HW, WRKID=52, JOBID=1024> Flushed prediction cache; numrows=1; elapsed=0.000174045562744 sec.
2014-12-28 17:21:53,627 - com.numenta.nupic.swarming.ModelRunner.OPFModelRunner(3794) - INFO - <BUILDID=N/A, WORKER=HW, WRKID=52, JOBID=1024> Flushed prediction cache; numrows=1; elapsed=0.000159978866577 sec.
2014-12-28 17:21:53,646 - com.numenta.nupic.swarming.ModelRunner.OPFModelRunner(3794) - INFO - <BUILDID=N/A, WORKER=HW, WRKID=52, JOBID=1024> Flushed prediction cache; numrows=1; elapsed=0.000216960906982 sec.
2014-12-28 17:21:53,658 - com.numenta.nupic.swarming.ModelRunner.OPFModelRunner(3794) - INFO - <BUILDID=N/A, WORKER=HW, WRKID=52, JOBID=1024> Flushed prediction cache; numrows=1; elapsed=0.000217914581299 sec.
2014-12-28 17:21:53,679 - com.numenta.nupic.swarming.ModelRunner.OPFModelRunner(3794) - INFO - <BUILDID=N/A, WORKER=HW, WRKID=52, JOBID=1024> Flushed prediction cache; numrows=1; elapsed=0.00020694732666 sec.
2014-12-28 17:21:53,707 - com.numenta.nupic.swarming.ModelRunner.OPFModelRunner(3794) - INFO - <BUILDID=N/A, WORKER=HW, WRKID=52, JOBID=1024> Flushed prediction cache; numrows=1; elapsed=0.000271081924438 sec.
2014-12-28 17:21:53,747 - com.numenta.nupic.swarming.ModelRunner.OPFModelRunner(3794) - INFO - <BUILDID=N/A, WORKER=HW, WRKID=52, JOBID=1024> Flushed prediction cache; numrows=1; elapsed=0.000212907791138 sec.
2014-12-28 17:21:53,768 - com.numenta.nupic.swarming.ModelRunner.OPFModelRunner(3794) - INFO - <BUILDID=N/A, WORKER=HW, WRKID=52, JOBID=1024> Flushed prediction cache; numrows=1; elapsed=0.000231981277466 sec.
2014-12-28 17:21:53,791 - com.numenta.nupic.swarming.ModelRunner.OPFModelRunner(3794) - INFO - <BUILDID=N/A, WORKER=HW, WRKID=52, JOBID=1024> Flushed prediction cache; numrows=1; elapsed=0.000192880630493 sec.
2014-12-28 17:21:53,819 - com.numenta.nupic.swarming.ModelRunner.OPFModelRunner(3794) - INFO - <BUILDID=N/A, WORKER=HW, WRKID=52, JOBID=1024> Flushed prediction cache; numrows=1; elapsed=0.000193119049072 sec.
2014-12-28 17:21:53,839 - com.numenta.nupic.swarming.ModelRunner.OPFModelRunner(3794) - INFO - <BUILDID=N/A, WORKER=HW, WRKID=52, JOBID=1024> Flushed prediction cache; numrows=1; elapsed=0.000198125839233 sec.
2014-12-28 17:21:53,858 - com.numenta.nupic.swarming.ModelRunner.OPFModelRunner(3794) - INFO - <BUILDID=N/A, WORKER=HW, WRKID=52, JOBID=1024> Flushed prediction cache; numrows=1; elapsed=0.000190019607544 sec.
2014-12-28 17:21:53,880 - com.numenta.nupic.swarming.ModelRunner.OPFModelRunner(3794) - INFO - <BUILDID=N/A, WORKER=HW, WRKID=52, JOBID=1024> Flushed prediction cache; numrows=1; elapsed=0.000157833099365 sec.
2014-12-28 17:21:53,903 - com.numenta.nupic.swarming.ModelRunner.OPFModelRunner(3794) - INFO - <BUILDID=N/A, WORKER=HW, WRKID=52, JOBID=1024> Flushed prediction cache; numrows=1; elapsed=0.000192165374756 sec.
2014-12-28 17:21:53,923 - com.numenta.nupic.swarming.ModelRunner.OPFModelRunner(3794) - INFO - <BUILDID=N/A, WORKER=HW, WRKID=52, JOBID=1024> Flushed prediction cache; numrows=1; elapsed=0.000191926956177 sec.
2014-12-28 17:21:53,944 - com.numenta.nupic.swarming.ModelRunner.OPFModelRunner(3794) - INFO - <BUILDID=N/A, WORKER=HW, WRKID=52, JOBID=1024> Flushed prediction cache; numrows=1; elapsed=0.000202178955078 sec.
2014-12-28 17:21:53,965 - com.numenta.nupic.swarming.ModelRunner.OPFModelRunner(3794) - INFO - <BUILDID=N/A, WORKER=HW, WRKID=52, JOBID=1024> Flushed prediction cache; numrows=1; elapsed=0.000159978866577 sec.
2014-12-28 17:21:53,984 - com.numenta.nupic.swarming.ModelRunner.OPFModelRunner(3794) - INFO - <BUILDID=N/A, WORKER=HW, WRKID=52, JOBID=1024> Flushed prediction cache; numrows=1; elapsed=0.000172853469849 sec.
2014-12-28 17:21:54,020 - com.numenta.nupic.swarming.ModelRunner.OPFModelRunner(3794) - INFO - <BUILDID=N/A, WORKER=HW, WRKID=52, JOBID=1024> Flushed prediction cache; numrows=1; elapsed=0.000226974487305 sec.
2014-12-28 17:21:54,032 - com.numenta.nupic.swarming.ModelRunner.OPFModelRunner(3794) - INFO - <BUILDID=N/A, WORKER=HW, WRKID=52, JOBID=1024> Flushed prediction cache; numrows=1; elapsed=0.000196933746338 sec.
2014-12-28 17:21:54,043 - com.numenta.nupic.swarming.ModelRunner.OPFModelRunner(3794) - INFO - <BUILDID=N/A, WORKER=HW, WRKID=52, JOBID=1024> Flushed prediction cache; numrows=1; elapsed=0.000196218490601 sec.
2014-12-28 17:21:54,061 - com.numenta.nupic.swarming.ModelRunner.OPFModelRunner(3794) - INFO - <BUILDID=N/A, WORKER=HW, WRKID=52, JOBID=1024> Flushed prediction cache; numrows=1; elapsed=0.000173091888428 sec.
2014-12-28 17:21:54,080 - com.numenta.nupic.swarming.ModelRunner.OPFModelRunner(3794) - INFO - <BUILDID=N/A, WORKER=HW, WRKID=52, JOBID=1024> Flushed prediction cache; numrows=1; elapsed=0.000164985656738 sec.
2014-12-28 17:21:54,105 - com.numenta.nupic.swarming.ModelRunner.OPFModelRunner(3794) - INFO - <BUILDID=N/A, WORKER=HW, WRKID=52, JOBID=1024> Flushed prediction cache; numrows=1; elapsed=0.000202894210815 sec.
2014-12-28 17:21:54,126 - com.numenta.nupic.swarming.ModelRunner.OPFModelRunner(3794) - INFO - <BUILDID=N/A, WORKER=HW, WRKID=52, JOBID=1024> Flushed prediction cache; numrows=1; elapsed=0.000174045562744 sec.
2014-12-28 17:21:54,139 - com.numenta.nupic.swarming.ModelRunner.OPFModelRunner(3794) - INFO - <BUILDID=N/A, WORKER=HW, WRKID=52, JOBID=1024> Flushed prediction cache; numrows=1; elapsed=0.000156879425049 sec.
2014-12-28 17:21:54,159 - com.numenta.nupic.swarming.ModelRunner.OPFModelRunner(3794) - INFO - <BUILDID=N/A, WORKER=HW, WRKID=52, JOBID=1024> Flushed prediction cache; numrows=1; elapsed=0.00021505355835 sec.
2014-12-28 17:21:54,189 - com.numenta.nupic.swarming.ModelRunner.OPFModelRunner(3794) - INFO - <BUILDID=N/A, WORKER=HW, WRKID=52, JOBID=1024> Flushed prediction cache; numrows=1; elapsed=0.000221014022827 sec.
2014-12-28 17:21:54,207 - com.numenta.nupic.swarming.ModelRunner.OPFModelRunner(3794) - INFO - <BUILDID=N/A, WORKER=HW, WRKID=52, JOBID=1024> Flushed prediction cache; numrows=1; elapsed=0.000205993652344 sec.
2014-12-28 17:21:54,234 - com.numenta.nupic.swarming.ModelRunner.OPFModelRunner(3794) - INFO - <BUILDID=N/A, WORKER=HW, WRKID=52, JOBID=1024> Flushed prediction cache; numrows=1; elapsed=0.000194072723389 sec.
2014-12-28 17:21:54,257 - com.numenta.nupic.swarming.ModelRunner.OPFModelRunner(3794) - INFO - <BUILDID=N/A, WORKER=HW, WRKID=52, JOBID=1024> Flushed prediction cache; numrows=1; elapsed=0.000174999237061 sec.
2014-12-28 17:21:54,285 - com.numenta.nupic.swarming.ModelRunner.OPFModelRunner(3794) - INFO - <BUILDID=N/A, WORKER=HW, WRKID=52, JOBID=1024> Flushed prediction cache; numrows=1; elapsed=0.000179052352905 sec.
2014-12-28 17:21:54,301 - com.numenta.nupic.swarming.ModelRunner.OPFModelRunner(3794) - INFO - <BUILDID=N/A, WORKER=HW, WRKID=52, JOBID=1024> Flushed prediction cache; numrows=1; elapsed=0.000213146209717 sec.
2014-12-28 17:21:54,333 - com.numenta.nupic.swarming.ModelRunner.OPFModelRunner(3794) - INFO - <BUILDID=N/A, WORKER=HW, WRKID=52, JOBID=1024> Flushed prediction cache; numrows=1; elapsed=0.000174045562744 sec.
2014-12-28 17:21:54,367 - com.numenta.nupic.swarming.ModelRunner.OPFModelRunner(3794) - INFO - <BUILDID=N/A, WORKER=HW, WRKID=52, JOBID=1024> Flushed prediction cache; numrows=1; elapsed=0.000205993652344 sec.
2014-12-28 17:21:54,399 - com.numenta.nupic.swarming.ModelRunner.OPFModelRunner(3794) - INFO - <BUILDID=N/A, WORKER=HW, WRKID=52, JOBID=1024> Flushed prediction cache; numrows=1; elapsed=0.000174045562744 sec.
2014-12-28 17:21:54,422 - com.numenta.nupic.swarming.ModelRunner.OPFModelRunner(3794) - INFO - <BUILDID=N/A, WORKER=HW, WRKID=52, JOBID=1024> Flushed prediction cache; numrows=1; elapsed=0.000185966491699 sec.
2014-12-28 17:21:54,437 - com.numenta.nupic.swarming.ModelRunner.OPFModelRunner(3794) - INFO - <BUILDID=N/A, WORKER=HW, WRKID=52, JOBID=1024> Flushed prediction cache; numrows=1; elapsed=0.000184059143066 sec.
2014-12-28 17:21:54,459 - com.numenta.nupic.swarming.ModelRunner.OPFModelRunner(3794) - INFO - <BUILDID=N/A, WORKER=HW, WRKID=52, JOBID=1024> Flushed prediction cache; numrows=1; elapsed=0.000191926956177 sec.
2014-12-28 17:21:54,492 - com.numenta.nupic.swarming.ModelRunner.OPFModelRunner(3794) - INFO - <BUILDID=N/A, WORKER=HW, WRKID=52, JOBID=1024> Flushed prediction cache; numrows=1; elapsed=0.000262022018433 sec.
2014-12-28 17:21:54,511 - com.numenta.nupic.swarming.ModelRunner.OPFModelRunner(3794) - INFO - <BUILDID=N/A, WORKER=HW, WRKID=52, JOBID=1024> Flushed prediction cache; numrows=1; elapsed=0.000211000442505 sec.
2014-12-28 17:21:54,530 - com.numenta.nupic.swarming.ModelRunner.OPFModelRunner(3794) - INFO - <BUILDID=N/A, WORKER=HW, WRKID=52, JOBID=1024> Flushed prediction cache; numrows=1; elapsed=0.000503063201904 sec.
2014-12-28 17:21:54,558 - com.numenta.nupic.swarming.ModelRunner.OPFModelRunner(3794) - INFO - <BUILDID=N/A, WORKER=HW, WRKID=52, JOBID=1024> Flushed prediction cache; numrows=1; elapsed=0.000523090362549 sec.
2014-12-28 17:21:54,571 - com.numenta.nupic.swarming.ModelRunner.OPFModelRunner(3794) - INFO - <BUILDID=N/A, WORKER=HW, WRKID=52, JOBID=1024> Flushed prediction cache; numrows=1; elapsed=0.000272035598755 sec.
2014-12-28 17:21:54,586 - com.numenta.nupic.swarming.ModelRunner.OPFModelRunner(3794) - INFO - <BUILDID=N/A, WORKER=HW, WRKID=52, JOBID=1024> Flushed prediction cache; numrows=1; elapsed=0.000189065933228 sec.
2014-12-28 17:21:54,596 - com.numenta.nupic.swarming.ModelRunner.OPFModelRunner(3794) - INFO - <BUILDID=N/A, WORKER=HW, WRKID=52, JOBID=1024> Flushed prediction cache; numrows=1; elapsed=0.000223875045776 sec.
2014-12-28 17:21:54,611 - com.numenta.nupic.swarming.ModelRunner.OPFModelRunner(3794) - INFO - <BUILDID=N/A, WORKER=HW, WRKID=52, JOBID=1024> Flushed prediction cache; numrows=1; elapsed=0.000169992446899 sec.
2014-12-28 17:21:54,635 - com.numenta.nupic.swarming.ModelRunner.OPFModelRunner(3794) - INFO - <BUILDID=N/A, WORKER=HW, WRKID=52, JOBID=1024> Flushed prediction cache; numrows=1; elapsed=0.000194072723389 sec.
2014-12-28 17:21:54,653 - com.numenta.nupic.swarming.ModelRunner.OPFModelRunner(3794) - INFO - <BUILDID=N/A, WORKER=HW, WRKID=52, JOBID=1024> Flushed prediction cache; numrows=1; elapsed=0.000191211700439 sec.
2014-12-28 17:21:54,679 - com.numenta.nupic.swarming.ModelRunner.OPFModelRunner(3794) - INFO - <BUILDID=N/A, WORKER=HW, WRKID=52, JOBID=1024> Flushed prediction cache; numrows=1; elapsed=0.000200033187866 sec.
2014-12-28 17:21:54,703 - com.numenta.nupic.swarming.ModelRunner.OPFModelRunner(3794) - INFO - <BUILDID=N/A, WORKER=HW, WRKID=52, JOBID=1024> Flushed prediction cache; numrows=1; elapsed=0.000170946121216 sec.
2014-12-28 17:21:54,725 - com.numenta.nupic.swarming.ModelRunner.OPFModelRunner(3794) - INFO - <BUILDID=N/A, WORKER=HW, WRKID=52, JOBID=1024> Flushed prediction cache; numrows=1; elapsed=0.000250101089478 sec.
2014-12-28 17:21:54,746 - com.numenta.nupic.swarming.ModelRunner.OPFModelRunner(3794) - INFO - <BUILDID=N/A, WORKER=HW, WRKID=52, JOBID=1024> Flushed prediction cache; numrows=1; elapsed=0.000179052352905 sec.
2014-12-28 17:21:54,769 - com.numenta.nupic.swarming.ModelRunner.OPFModelRunner(3794) - INFO - <BUILDID=N/A, WORKER=HW, WRKID=52, JOBID=1024> Flushed prediction cache; numrows=1; elapsed=0.000195980072021 sec.
2014-12-28 17:21:54,789 - com.numenta.nupic.swarming.ModelRunner.OPFModelRunner(3794) - INFO - <BUILDID=N/A, WORKER=HW, WRKID=52, JOBID=1024> Flushed prediction cache; numrows=1; elapsed=0.000168085098267 sec.
2014-12-28 17:21:54,803 - com.numenta.nupic.swarming.ModelRunner.OPFModelRunner(3794) - INFO - <BUILDID=N/A, WORKER=HW, WRKID=52, JOBID=1024> Flushed prediction cache; numrows=1; elapsed=0.000170946121216 sec.
2014-12-28 17:21:54,821 - com.numenta.nupic.swarming.ModelRunner.OPFModelRunner(3794) - INFO - <BUILDID=N/A, WORKER=HW, WRKID=52, JOBID=1024> Flushed prediction cache; numrows=1; elapsed=0.000205039978027 sec.
2014-12-28 17:21:54,836 - com.numenta.nupic.swarming.ModelRunner.OPFModelRunner(3794) - INFO - <BUILDID=N/A, WORKER=HW, WRKID=52, JOBID=1024> Flushed prediction cache; numrows=1; elapsed=0.000157117843628 sec.
2014-12-28 17:21:54,847 - com.numenta.nupic.swarming.ModelRunner.OPFModelRunner(3794) - INFO - <BUILDID=N/A, WORKER=HW, WRKID=52, JOBID=1024> Flushed prediction cache; numrows=1; elapsed=0.000214099884033 sec.
2014-12-28 17:21:54,860 - com.numenta.nupic.swarming.ModelRunner.OPFModelRunner(3794) - INFO - <BUILDID=N/A, WORKER=HW, WRKID=52, JOBID=1024> Flushed prediction cache; numrows=1; elapsed=0.000183820724487 sec.
2014-12-28 17:21:54,874 - com.numenta.nupic.swarming.ModelRunner.OPFModelRunner(3794) - INFO - <BUILDID=N/A, WORKER=HW, WRKID=52, JOBID=1024> Flushed prediction cache; numrows=1; elapsed=0.000191926956177 sec.
2014-12-28 17:21:54,897 - com.numenta.nupic.swarming.ModelRunner.OPFModelRunner(3794) - INFO - <BUILDID=N/A, WORKER=HW, WRKID=52, JOBID=1024> Flushed prediction cache; numrows=1; elapsed=0.000200033187866 sec.
2014-12-28 17:21:54,924 - com.numenta.nupic.swarming.ModelRunner.OPFModelRunner(3794) - INFO - <BUILDID=N/A, WORKER=HW, WRKID=52, JOBID=1024> Flushed prediction cache; numrows=1; elapsed=0.000497817993164 sec.
2014-12-28 17:21:54,964 - com.numenta.nupic.swarming.ModelRunner.OPFModelRunner(3794) - INFO - <BUILDID=N/A, WORKER=HW, WRKID=52, JOBID=1024> Flushed prediction cache; numrows=1; elapsed=0.000197887420654 sec.
2014-12-28 17:21:54,980 - com.numenta.nupic.swarming.ModelRunner.OPFModelRunner(3794) - INFO - <BUILDID=N/A, WORKER=HW, WRKID=52, JOBID=1024> Flushed prediction cache; numrows=1; elapsed=6.50882720947e-05 sec.
2014-12-28 17:21:54,998 - com.numenta.nupic.swarming.ModelRunner.OPFModelRunner(3794) - INFO - <BUILDID=N/A, WORKER=HW, WRKID=52, JOBID=1024> Flushed prediction cache; numrows=1; elapsed=0.000178098678589 sec.
2014-12-28 17:21:55,020 - com.numenta.nupic.swarming.ModelRunner.OPFModelRunner(3794) - INFO - <BUILDID=N/A, WORKER=HW, WRKID=52, JOBID=1024> Flushed prediction cache; numrows=1; elapsed=0.000185966491699 sec.
2014-12-28 17:21:55,038 - com.numenta.nupic.swarming.ModelRunner.OPFModelRunner(3794) - INFO - <BUILDID=N/A, WORKER=HW, WRKID=52, JOBID=1024> Flushed prediction cache; numrows=1; elapsed=0.000191211700439 sec.
2014-12-28 17:21:55,059 - com.numenta.nupic.swarming.ModelRunner.OPFModelRunner(3794) - INFO - <BUILDID=N/A, WORKER=HW, WRKID=52, JOBID=1024> Flushed prediction cache; numrows=1; elapsed=0.000176906585693 sec.
2014-12-28 17:21:55,083 - com.numenta.nupic.swarming.ModelRunner.OPFModelRunner(3794) - INFO - <BUILDID=N/A, WORKER=HW, WRKID=52, JOBID=1024> Flushed prediction cache; numrows=1; elapsed=0.000279903411865 sec.
2014-12-28 17:21:55,107 - com.numenta.nupic.swarming.ModelRunner.OPFModelRunner(3794) - INFO - <BUILDID=N/A, WORKER=HW, WRKID=52, JOBID=1024> Flushed prediction cache; numrows=1; elapsed=0.000169992446899 sec.
2014-12-28 17:21:55,138 - com.numenta.nupic.swarming.ModelRunner.OPFModelRunner(3794) - INFO - <BUILDID=N/A, WORKER=HW, WRKID=52, JOBID=1024> Flushed prediction cache; numrows=1; elapsed=0.000242948532104 sec.
2014-12-28 17:21:55,168 - com.numenta.nupic.swarming.ModelRunner.OPFModelRunner(3794) - INFO - <BUILDID=N/A, WORKER=HW, WRKID=52, JOBID=1024> Flushed prediction cache; numrows=1; elapsed=0.000202894210815 sec.
2014-12-28 17:21:55,188 - com.numenta.nupic.swarming.ModelRunner.OPFModelRunner(3794) - INFO - <BUILDID=N/A, WORKER=HW, WRKID=52, JOBID=1024> Flushed prediction cache; numrows=1; elapsed=0.000236034393311 sec.
2014-12-28 17:21:55,205 - com.numenta.nupic.swarming.ModelRunner.OPFModelRunner(3794) - INFO - <BUILDID=N/A, WORKER=HW, WRKID=52, JOBID=1024> Flushed prediction cache; numrows=1; elapsed=0.00023078918457 sec.
2014-12-28 17:21:55,223 - com.numenta.nupic.swarming.ModelRunner.OPFModelRunner(3794) - INFO - <BUILDID=N/A, WORKER=HW, WRKID=52, JOBID=1024> Flushed prediction cache; numrows=1; elapsed=0.000195980072021 sec.
2014-12-28 17:21:55,242 - com.numenta.nupic.swarming.ModelRunner.OPFModelRunner(3794) - INFO - <BUILDID=N/A, WORKER=HW, WRKID=52, JOBID=1024> Flushed prediction cache; numrows=1; elapsed=0.000176906585693 sec.
2014-12-28 17:21:55,272 - com.numenta.nupic.swarming.ModelRunner.OPFModelRunner(3794) - INFO - <BUILDID=N/A, WORKER=HW, WRKID=52, JOBID=1024> Flushed prediction cache; numrows=1; elapsed=0.000144004821777 sec.
2014-12-28 17:21:55,295 - com.numenta.nupic.swarming.ModelRunner.OPFModelRunner(3794) - INFO - <BUILDID=N/A, WORKER=HW, WRKID=52, JOBID=1024> Flushed prediction cache; numrows=1; elapsed=0.000194072723389 sec.
2014-12-28 17:21:55,317 - com.numenta.nupic.swarming.ModelRunner.OPFModelRunner(3794) - INFO - <BUILDID=N/A, WORKER=HW, WRKID=52, JOBID=1024> Flushed prediction cache; numrows=1; elapsed=0.000198125839233 sec.
2014-12-28 17:21:55,342 - com.numenta.nupic.swarming.ModelRunner.OPFModelRunner(3794) - INFO - <BUILDID=N/A, WORKER=HW, WRKID=52, JOBID=1024> Flushed prediction cache; numrows=1; elapsed=0.000205039978027 sec.
2014-12-28 17:21:55,362 - com.numenta.nupic.swarming.ModelRunner.OPFModelRunner(3794) - INFO - <BUILDID=N/A, WORKER=HW, WRKID=52, JOBID=1024> Flushed prediction cache; numrows=1; elapsed=0.000198841094971 sec.
2014-12-28 17:21:55,382 - com.numenta.nupic.swarming.ModelRunner.OPFModelRunner(3794) - INFO - <BUILDID=N/A, WORKER=HW, WRKID=52, JOBID=1024> Flushed prediction cache; numrows=1; elapsed=0.000236034393311 sec.
2014-12-28 17:21:55,411 - com.numenta.nupic.swarming.ModelRunner.OPFModelRunner(3794) - INFO - <BUILDID=N/A, WORKER=HW, WRKID=52, JOBID=1024> Flushed prediction cache; numrows=1; elapsed=0.000189065933228 sec.
2014-12-28 17:21:55,424 - com.numenta.nupic.swarming.ModelRunner.OPFModelRunner(3794) - INFO - <BUILDID=N/A, WORKER=HW, WRKID=52, JOBID=1024> Flushed prediction cache; numrows=1; elapsed=0.000160932540894 sec.
2014-12-28 17:21:55,448 - com.numenta.nupic.swarming.ModelRunner.OPFModelRunner(3794) - INFO - <BUILDID=N/A, WORKER=HW, WRKID=52, JOBID=1024> Flushed prediction cache; numrows=1; elapsed=0.000239849090576 sec.
2014-12-28 17:21:55,461 - com.numenta.nupic.swarming.ModelRunner.OPFModelRunner(3794) - INFO - <BUILDID=N/A, WORKER=HW, WRKID=52, JOBID=1024> Flushed prediction cache; numrows=1; elapsed=0.000171899795532 sec.
2014-12-28 17:21:55,474 - com.numenta.nupic.swarming.ModelRunner.OPFModelRunner(3794) - INFO - <BUILDID=N/A, WORKER=HW, WRKID=52, JOBID=1024> Flushed prediction cache; numrows=1; elapsed=0.000171899795532 sec.
2014-12-28 17:21:55,486 - com.numenta.nupic.swarming.ModelRunner.OPFModelRunner(3794) - INFO - <BUILDID=N/A, WORKER=HW, WRKID=52, JOBID=1024> Flushed prediction cache; numrows=1; elapsed=0.000170946121216 sec.
2014-12-28 17:21:55,508 - com.numenta.nupic.swarming.ModelRunner.OPFModelRunner(3794) - INFO - <BUILDID=N/A, WORKER=HW, WRKID=52, JOBID=1024> Flushed prediction cache; numrows=1; elapsed=0.000290870666504 sec.
2014-12-28 17:21:55,522 - com.numenta.nupic.swarming.ModelRunner.OPFModelRunner(3794) - INFO - <BUILDID=N/A, WORKER=HW, WRKID=52, JOBID=1024> Flushed prediction cache; numrows=1; elapsed=0.000159025192261 sec.
2014-12-28 17:21:55,535 - com.numenta.nupic.swarming.ModelRunner.OPFModelRunner(3794) - INFO - <BUILDID=N/A, WORKER=HW, WRKID=52, JOBID=1024> Flushed prediction cache; numrows=1; elapsed=0.000162839889526 sec.
2014-12-28 17:21:55,564 - com.numenta.nupic.swarming.ModelRunner.OPFModelRunner(3794) - INFO - <BUILDID=N/A, WORKER=HW, WRKID=52, JOBID=1024> Flushed prediction cache; numrows=1; elapsed=0.000207901000977 sec.
2014-12-28 17:21:55,587 - com.numenta.nupic.swarming.ModelRunner.OPFModelRunner(3794) - INFO - <BUILDID=N/A, WORKER=HW, WRKID=52, JOBID=1024> Flushed prediction cache; numrows=1; elapsed=0.000205993652344 sec.
2014-12-28 17:21:55,611 - com.numenta.nupic.swarming.ModelRunner.OPFModelRunner(3794) - INFO - <BUILDID=N/A, WORKER=HW, WRKID=52, JOBID=1024> Flushed prediction cache; numrows=1; elapsed=0.000158071517944 sec.
2014-12-28 17:21:55,634 - com.numenta.nupic.swarming.ModelRunner.OPFModelRunner(3794) - INFO - <BUILDID=N/A, WORKER=HW, WRKID=52, JOBID=1024> Flushed prediction cache; numrows=1; elapsed=0.000205039978027 sec.
2014-12-28 17:21:55,655 - com.numenta.nupic.swarming.ModelRunner.OPFModelRunner(3794) - INFO - <BUILDID=N/A, WORKER=HW, WRKID=52, JOBID=1024> Flushed prediction cache; numrows=1; elapsed=0.000193119049072 sec.
2014-12-28 17:21:55,676 - com.numenta.nupic.swarming.ModelRunner.OPFModelRunner(3794) - INFO - <BUILDID=N/A, WORKER=HW, WRKID=52, JOBID=1024> Flushed prediction cache; numrows=1; elapsed=0.000159025192261 sec.
2014-12-28 17:21:55,704 - com.numenta.nupic.swarming.ModelRunner.OPFModelRunner(3794) - INFO - <BUILDID=N/A, WORKER=HW, WRKID=52, JOBID=1024> Flushed prediction cache; numrows=1; elapsed=0.000156879425049 sec.
2014-12-28 17:21:55,731 - com.numenta.nupic.swarming.ModelRunner.OPFModelRunner(3794) - INFO - <BUILDID=N/A, WORKER=HW, WRKID=52, JOBID=1024> Flushed prediction cache; numrows=1; elapsed=0.00018310546875 sec.
2014-12-28 17:21:55,754 - com.numenta.nupic.swarming.ModelRunner.OPFModelRunner(3794) - INFO - <BUILDID=N/A, WORKER=HW, WRKID=52, JOBID=1024> Flushed prediction cache; numrows=1; elapsed=0.000216007232666 sec.
2014-12-28 17:21:55,765 - com.numenta.nupic.swarming.ModelRunner.OPFModelRunner(3794) - INFO - <BUILDID=N/A, WORKER=HW, WRKID=52, JOBID=1024> Flushed prediction cache; numrows=1; elapsed=0.000172138214111 sec.
2014-12-28 17:21:55,781 - com.numenta.nupic.swarming.ModelRunner.OPFModelRunner(3794) - INFO - <BUILDID=N/A, WORKER=HW, WRKID=52, JOBID=1024> Flushed prediction cache; numrows=1; elapsed=0.000169038772583 sec.
2014-12-28 17:21:55,804 - com.numenta.nupic.swarming.ModelRunner.OPFModelRunner(3794) - INFO - <BUILDID=N/A, WORKER=HW, WRKID=52, JOBID=1024> Flushed prediction cache; numrows=1; elapsed=0.000185012817383 sec.
2014-12-28 17:21:55,835 - com.numenta.nupic.swarming.ModelRunner.OPFModelRunner(3794) - INFO - <BUILDID=N/A, WORKER=HW, WRKID=52, JOBID=1024> Flushed prediction cache; numrows=1; elapsed=0.000173091888428 sec.
2014-12-28 17:21:55,861 - com.numenta.nupic.swarming.ModelRunner.OPFModelRunner(3794) - INFO - <BUILDID=N/A, WORKER=HW, WRKID=52, JOBID=1024> Flushed prediction cache; numrows=1; elapsed=0.000791788101196 sec.
2014-12-28 17:21:55,881 - com.numenta.nupic.swarming.ModelRunner.OPFModelRunner(3794) - INFO - <BUILDID=N/A, WORKER=HW, WRKID=52, JOBID=1024> Flushed prediction cache; numrows=1; elapsed=0.000745058059692 sec.
2014-12-28 17:21:55,903 - com.numenta.nupic.swarming.ModelRunner.OPFModelRunner(3794) - INFO - <BUILDID=N/A, WORKER=HW, WRKID=52, JOBID=1024> Flushed prediction cache; numrows=1; elapsed=0.000159978866577 sec.
2014-12-28 17:21:55,926 - com.numenta.nupic.swarming.ModelRunner.OPFModelRunner(3794) - INFO - <BUILDID=N/A, WORKER=HW, WRKID=52, JOBID=1024> Flushed prediction cache; numrows=1; elapsed=0.000190019607544 sec.
2014-12-28 17:21:55,945 - com.numenta.nupic.swarming.ModelRunner.OPFModelRunner(3794) - INFO - <BUILDID=N/A, WORKER=HW, WRKID=52, JOBID=1024> Flushed prediction cache; numrows=1; elapsed=0.000200986862183 sec.
2014-12-28 17:21:55,970 - com.numenta.nupic.swarming.ModelRunner.OPFModelRunner(3794) - INFO - <BUILDID=N/A, WORKER=HW, WRKID=52, JOBID=1024> Flushed prediction cache; numrows=1; elapsed=0.000183820724487 sec.
2014-12-28 17:21:55,985 - com.numenta.nupic.swarming.ModelRunner.OPFModelRunner(3794) - INFO - <BUILDID=N/A, WORKER=HW, WRKID=52, JOBID=1024> Flushed prediction cache; numrows=1; elapsed=0.000159025192261 sec.
2014-12-28 17:21:56,007 - com.numenta.nupic.swarming.ModelRunner.OPFModelRunner(3794) - INFO - <BUILDID=N/A, WORKER=HW, WRKID=52, JOBID=1024> Flushed prediction cache; numrows=1; elapsed=0.000227928161621 sec.
2014-12-28 17:21:56,039 - com.numenta.nupic.swarming.ModelRunner.OPFModelRunner(3794) - INFO - <BUILDID=N/A, WORKER=HW, WRKID=52, JOBID=1024> Flushed prediction cache; numrows=1; elapsed=0.000162124633789 sec.
2014-12-28 17:21:56,060 - com.numenta.nupic.swarming.ModelRunner.OPFModelRunner(3794) - INFO - <BUILDID=N/A, WORKER=HW, WRKID=52, JOBID=1024> Flushed prediction cache; numrows=1; elapsed=0.000152111053467 sec.
2014-12-28 17:21:56,083 - com.numenta.nupic.swarming.ModelRunner.OPFModelRunner(3794) - INFO - <BUILDID=N/A, WORKER=HW, WRKID=52, JOBID=1024> Flushed prediction cache; numrows=1; elapsed=0.000171899795532 sec.
2014-12-28 17:21:56,106 - com.numenta.nupic.swarming.ModelRunner.OPFModelRunner(3794) - INFO - <BUILDID=N/A, WORKER=HW, WRKID=52, JOBID=1024> Flushed prediction cache; numrows=1; elapsed=0.000242948532104 sec.
2014-12-28 17:21:56,127 - com.numenta.nupic.swarming.ModelRunner.OPFModelRunner(3794) - INFO - <BUILDID=N/A, WORKER=HW, WRKID=52, JOBID=1024> Flushed prediction cache; numrows=1; elapsed=0.000174999237061 sec.
2014-12-28 17:21:56,148 - com.numenta.nupic.swarming.ModelRunner.OPFModelRunner(3794) - INFO - <BUILDID=N/A, WORKER=HW, WRKID=52, JOBID=1024> Flushed prediction cache; numrows=1; elapsed=0.000159978866577 sec.
2014-12-28 17:21:56,177 - com.numenta.nupic.swarming.ModelRunner.OPFModelRunner(3794) - INFO - <BUILDID=N/A, WORKER=HW, WRKID=52, JOBID=1024> Flushed prediction cache; numrows=1; elapsed=0.000211954116821 sec.
2014-12-28 17:21:56,192 - com.numenta.nupic.swarming.ModelRunner.OPFModelRunner(3794) - INFO - <BUILDID=N/A, WORKER=HW, WRKID=52, JOBID=1024> Flushed prediction cache; numrows=1; elapsed=0.000240802764893 sec.
2014-12-28 17:21:56,217 - com.numenta.nupic.swarming.ModelRunner.OPFModelRunner(3794) - INFO - <BUILDID=N/A, WORKER=HW, WRKID=52, JOBID=1024> Flushed prediction cache; numrows=1; elapsed=0.000203132629395 sec.
2014-12-28 17:21:56,243 - com.numenta.nupic.swarming.ModelRunner.OPFModelRunner(3794) - INFO - <BUILDID=N/A, WORKER=HW, WRKID=52, JOBID=1024> Flushed prediction cache; numrows=1; elapsed=0.000174999237061 sec.
2014-12-28 17:21:56,273 - com.numenta.nupic.swarming.ModelRunner.OPFModelRunner(3794) - INFO - <BUILDID=N/A, WORKER=HW, WRKID=52, JOBID=1024> Flushed prediction cache; numrows=1; elapsed=0.000179052352905 sec.
2014-12-28 17:21:56,294 - com.numenta.nupic.swarming.ModelRunner.OPFModelRunner(3794) - INFO - <BUILDID=N/A, WORKER=HW, WRKID=52, JOBID=1024> Flushed prediction cache; numrows=1; elapsed=0.000200033187866 sec.
2014-12-28 17:21:56,316 - com.numenta.nupic.swarming.ModelRunner.OPFModelRunner(3794) - INFO - <BUILDID=N/A, WORKER=HW, WRKID=52, JOBID=1024> Flushed prediction cache; numrows=1; elapsed=0.00018310546875 sec.
2014-12-28 17:21:56,350 - com.numenta.nupic.swarming.ModelRunner.OPFModelRunner(3794) - INFO - <BUILDID=N/A, WORKER=HW, WRKID=52, JOBID=1024> Flushed prediction cache; numrows=1; elapsed=0.000191926956177 sec.
2014-12-28 17:21:56,367 - com.numenta.nupic.swarming.ModelRunner.OPFModelRunner(3794) - INFO - <BUILDID=N/A, WORKER=HW, WRKID=52, JOBID=1024> Flushed prediction cache; numrows=1; elapsed=0.000247001647949 sec.
2014-12-28 17:21:56,381 - com.numenta.nupic.swarming.ModelRunner.OPFModelRunner(3794) - INFO - <BUILDID=N/A, WORKER=HW, WRKID=52, JOBID=1024> Flushed prediction cache; numrows=1; elapsed=0.00019907951355 sec.
2014-12-28 17:21:56,421 - com.numenta.nupic.swarming.ModelRunner.OPFModelRunner(3794) - INFO - <BUILDID=N/A, WORKER=HW, WRKID=52, JOBID=1024> Flushed prediction cache; numrows=1; elapsed=0.000293016433716 sec.
2014-12-28 17:21:56,436 - com.numenta.nupic.swarming.ModelRunner.OPFModelRunner(3794) - INFO - <BUILDID=N/A, WORKER=HW, WRKID=52, JOBID=1024> Flushed prediction cache; numrows=1; elapsed=0.000217199325562 sec.
2014-12-28 17:21:56,459 - com.numenta.nupic.swarming.ModelRunner.OPFModelRunner(3794) - INFO - <BUILDID=N/A, WORKER=HW, WRKID=52, JOBID=1024> Flushed prediction cache; numrows=1; elapsed=0.000168085098267 sec.
2014-12-28 17:21:56,494 - com.numenta.nupic.swarming.ModelRunner.OPFModelRunner(3794) - INFO - <BUILDID=N/A, WORKER=HW, WRKID=52, JOBID=1024> Flushed prediction cache; numrows=1; elapsed=0.000263929367065 sec.
2014-12-28 17:21:56,539 - com.numenta.nupic.swarming.ModelRunner.OPFModelRunner(3794) - INFO - <BUILDID=N/A, WORKER=HW, WRKID=52, JOBID=1024> Flushed prediction cache; numrows=1; elapsed=0.000217914581299 sec.
2014-12-28 17:21:56,579 - com.numenta.nupic.swarming.ModelRunner.OPFModelRunner(3794) - INFO - <BUILDID=N/A, WORKER=HW, WRKID=52, JOBID=1024> Flushed prediction cache; numrows=1; elapsed=0.000178098678589 sec.
2014-12-28 17:21:56,610 - com.numenta.nupic.swarming.ModelRunner.OPFModelRunner(3794) - INFO - <BUILDID=N/A, WORKER=HW, WRKID=52, JOBID=1024> Flushed prediction cache; numrows=1; elapsed=0.000178098678589 sec.
2014-12-28 17:21:56,637 - com.numenta.nupic.swarming.ModelRunner.OPFModelRunner(3794) - INFO - <BUILDID=N/A, WORKER=HW, WRKID=52, JOBID=1024> Flushed prediction cache; numrows=1; elapsed=0.000295877456665 sec.
2014-12-28 17:21:56,668 - com.numenta.nupic.swarming.ModelRunner.OPFModelRunner(3794) - INFO - <BUILDID=N/A, WORKER=HW, WRKID=52, JOBID=1024> Flushed prediction cache; numrows=1; elapsed=0.000189065933228 sec.
2014-12-28 17:21:56,700 - com.numenta.nupic.swarming.ModelRunner.OPFModelRunner(3794) - INFO - <BUILDID=N/A, WORKER=HW, WRKID=52, JOBID=1024> Flushed prediction cache; numrows=1; elapsed=0.000174045562744 sec.
2014-12-28 17:21:56,735 - com.numenta.nupic.swarming.ModelRunner.OPFModelRunner(3794) - INFO - <BUILDID=N/A, WORKER=HW, WRKID=52, JOBID=1024> Flushed prediction cache; numrows=1; elapsed=0.000277996063232 sec.
2014-12-28 17:21:56,765 - com.numenta.nupic.swarming.ModelRunner.OPFModelRunner(3794) - INFO - <BUILDID=N/A, WORKER=HW, WRKID=52, JOBID=1024> Flushed prediction cache; numrows=1; elapsed=0.000165939331055 sec.
2014-12-28 17:21:56,781 - com.numenta.nupic.swarming.ModelRunner.OPFModelRunner(3794) - INFO - <BUILDID=N/A, WORKER=HW, WRKID=52, JOBID=1024> Flushed prediction cache; numrows=1; elapsed=0.000205039978027 sec.
2014-12-28 17:21:56,796 - com.numenta.nupic.swarming.ModelRunner.OPFModelRunner(3794) - INFO - <BUILDID=N/A, WORKER=HW, WRKID=52, JOBID=1024> Flushed prediction cache; numrows=1; elapsed=0.000180959701538 sec.
2014-12-28 17:21:56,827 - com.numenta.nupic.swarming.ModelRunner.OPFModelRunner(3794) - INFO - <BUILDID=N/A, WORKER=HW, WRKID=52, JOBID=1024> Flushed prediction cache; numrows=1; elapsed=0.00030517578125 sec.
2014-12-28 17:21:56,841 - com.numenta.nupic.swarming.ModelRunner.OPFModelRunner(3794) - INFO - <BUILDID=N/A, WORKER=HW, WRKID=52, JOBID=1024> Flushed prediction cache; numrows=1; elapsed=0.000216960906982 sec.
2014-12-28 17:21:56,854 - com.numenta.nupic.swarming.ModelRunner.OPFModelRunner(3794) - INFO - <BUILDID=N/A, WORKER=HW, WRKID=52, JOBID=1024> Flushed prediction cache; numrows=1; elapsed=0.000195980072021 sec.
2014-12-28 17:21:56,878 - com.numenta.nupic.swarming.ModelRunner.OPFModelRunner(3794) - INFO - <BUILDID=N/A, WORKER=HW, WRKID=52, JOBID=1024> Flushed prediction cache; numrows=1; elapsed=0.000171184539795 sec.
2014-12-28 17:21:56,892 - com.numenta.nupic.swarming.ModelRunner.OPFModelRunner(3794) - INFO - <BUILDID=N/A, WORKER=HW, WRKID=52, JOBID=1024> Flushed prediction cache; numrows=1; elapsed=0.000232934951782 sec.
2014-12-28 17:21:56,912 - com.numenta.nupic.swarming.ModelRunner.OPFModelRunner(3794) - INFO - <BUILDID=N/A, WORKER=HW, WRKID=52, JOBID=1024> Flushed prediction cache; numrows=1; elapsed=0.000169038772583 sec.
2014-12-28 17:21:56,939 - com.numenta.nupic.swarming.ModelRunner.OPFModelRunner(3794) - INFO - <BUILDID=N/A, WORKER=HW, WRKID=52, JOBID=1024> Flushed prediction cache; numrows=1; elapsed=0.000211000442505 sec.
2014-12-28 17:21:56,975 - com.numenta.nupic.swarming.ModelRunner.OPFModelRunner(3794) - INFO - <BUILDID=N/A, WORKER=HW, WRKID=52, JOBID=1024> Flushed prediction cache; numrows=1; elapsed=0.00020694732666 sec.
2014-12-28 17:21:56,998 - com.numenta.nupic.swarming.ModelRunner.OPFModelRunner(3794) - INFO - <BUILDID=N/A, WORKER=HW, WRKID=52, JOBID=1024> Flushed prediction cache; numrows=1; elapsed=0.000190019607544 sec.
2014-12-28 17:21:57,022 - com.numenta.nupic.swarming.ModelRunner.OPFModelRunner(3794) - INFO - <BUILDID=N/A, WORKER=HW, WRKID=52, JOBID=1024> Flushed prediction cache; numrows=1; elapsed=0.000174045562744 sec.
2014-12-28 17:21:57,047 - com.numenta.nupic.swarming.ModelRunner.OPFModelRunner(3794) - INFO - <BUILDID=N/A, WORKER=HW, WRKID=52, JOBID=1024> Flushed prediction cache; numrows=1; elapsed=0.000169992446899 sec.
2014-12-28 17:21:57,071 - com.numenta.nupic.swarming.ModelRunner.OPFModelRunner(3794) - INFO - <BUILDID=N/A, WORKER=HW, WRKID=52, JOBID=1024> Flushed prediction cache; numrows=1; elapsed=0.000174999237061 sec.
2014-12-28 17:21:57,088 - com.numenta.nupic.swarming.ModelRunner.OPFModelRunner(3794) - INFO - <BUILDID=N/A, WORKER=HW, WRKID=52, JOBID=1024> Flushed prediction cache; numrows=1; elapsed=0.000253915786743 sec.
2014-12-28 17:21:57,107 - com.numenta.nupic.swarming.ModelRunner.OPFModelRunner(3794) - INFO - <BUILDID=N/A, WORKER=HW, WRKID=52, JOBID=1024> Flushed prediction cache; numrows=1; elapsed=0.000306129455566 sec.
2014-12-28 17:21:57,138 - com.numenta.nupic.swarming.ModelRunner.OPFModelRunner(3794) - INFO - <BUILDID=N/A, WORKER=HW, WRKID=52, JOBID=1024> Flushed prediction cache; numrows=1; elapsed=0.000205993652344 sec.
2014-12-28 17:21:57,161 - com.numenta.nupic.swarming.ModelRunner.OPFModelRunner(3794) - INFO - <BUILDID=N/A, WORKER=HW, WRKID=52, JOBID=1024> Finished: modelID=2576; 329 records processed. Performing final activities
2014-12-28 17:21:57,181 - com.numenta.nupic.swarming.ModelRunner.OPFModelRunner(3794) - INFO - <BUILDID=N/A, WORKER=HW, WRKID=52, JOBID=1024> Model 2576 chosen as best model
2014-12-28 17:21:57,184 - com.numenta.nupic.swarming.HypersearchWorker(3794) - INFO - <BUILDID=N/A, WORKER=HW, WRKID=52, JOBID=1024> COMPLETED MODEL GID=2576; EVALUATED 1 MODELs
2014-12-28 17:21:57,198 - com.numenta.nupic.swarming.HypersearchV2.HypersearchV2(3794) - INFO - <BUILDID=N/A, WORKER=HW, WRKID=52, JOBID=1024> New best model after 1 evaluations: errScore 39.3204 on model 2576
2014-12-28 17:21:57,217 - com.numenta.nupic.swarming.HypersearchV2.HypersearchV2(3794) - INFO - <BUILDID=N/A, WORKER=HW, WRKID=52, JOBID=1024> Successfully updated the field contributions:{u'kwh': 0.0}
2014-12-28 17:21:57,217 - com.numenta.nupic.swarming.HypersearchWorker(3794) - INFO - <BUILDID=N/A, WORKER=HW, WRKID=52, JOBID=1024> FINISHED. Evaluated 1 models.
