2014-12-27 10:26:19,912 - com.numenta.nupic.swarming.HypersearchWorker(7181) - INFO - <BUILDID=N/A, WORKER=HS, WRKID=N/A, JOBID=N/A> Launched with command line arguments: ['--jobID=1011']
2014-12-27 10:26:19,913 - com.numenta.nupic.swarming.HypersearchWorker(7181) - INFO - <BUILDID=N/A, WORKER=HS, WRKID=N/A, JOBID=N/A> Connecting to the jobs database
2014-12-27 10:26:19,913 - com.numenta.nupic.database.Connection.ConnectionFactory(7181) - INFO - <BUILDID=N/A, WORKER=HS, WRKID=N/A, JOBID=N/A> Creating db connection policy via provider <bound method type._createDefaultPolicy of <class 'nupic.database.Connection.ConnectionFactory'>>
2014-12-27 10:26:19,925 - com.numenta.nupic.database.Connection.PooledConnectionPolicy(7181) - INFO - <BUILDID=N/A, WORKER=HS, WRKID=N/A, JOBID=N/A> Created PooledConnectionPolicy
2014-12-27 10:26:19,936 - com.numenta.nupic.database.ClientJobsDAO.ClientJobsDAO(7181) - INFO - <BUILDID=N/A, WORKER=HS, WRKID=N/A, JOBID=N/A> clientJobsConnectionID=93
2014-12-27 10:26:19,938 - com.numenta.nupic.swarming.HypersearchWorker(7181) - INFO - <BUILDID=N/A, WORKER=HW, WRKID=93, JOBID=1011> Job info retrieved: {'engModelMilestones': 'None', 'clientInfo': '', 'numFailedWorkers': '0', 'engJobType': 'hypersearch', 'results': 'None', 'jobId': '1011', 'completionMsg': 'None', 'cancel': '0', 'engWorkerState': 'None', 'workerCompletionMsg': 'None', 'jobHash': "\xda\x14\x1c#\x8d\xf5\x11\xe4\x9c\x1f\x08\x00'\x16\xdf\xd4", 'genBaseDescription': 'None', 'completionReason': 'None', 'priority': '0', 'cmdLine': '$HYPERSEARCH', 'params': '{"hsVersion": "v2", "maxModels": null, "persistentJobGUID": "da1...', 'workerCompletionReason': 'success', 'engAllocateNewWorkers': '1', 'lastFailedWorkerErrorMsg': 'None', 'engUntendedDeadWorkers': '0', 'engLastUpdateTime': '2014-12-27 18:26:19', 'status': 'notStarted', 'engStatus': 'None', 'startTime': 'None', 'minimumWorkers': '1', 'endTime': 'None', 'engCjmConnId': 'None', 'genPermutations': 'None', 'client': 'GRP', 'engCleaningStatus': 'notdone', 'clientKey': '', 'maximumWorkers': '4'}
2014-12-27 10:26:19,939 - com.numenta.nupic.swarming.HypersearchV2.HypersearchV2(7181) - INFO - <BUILDID=N/A, WORKER=HW, WRKID=93, JOBID=1011> searchParams: 
{u'description': {u'includedFields': [{u'fieldName': 'timestamp',
                                       u'fieldType': 'datetime'},
                                      {u'fieldName': 'kw_energy_consumption',
                                       u'fieldType': 'float',
                                       u'maxValue': '5.18',
                                       u'minValue': '0.0'}],
                  u'inferenceArgs': {u'predictedField': 'kw_energy_consumption',
                                     u'predictionSteps': ['1']},
                  u'inferenceType': 'TemporalMultiStep',
                  u'iterationCount': '-1',
                  u'streamDef': {u'info': 'kw_energy_consumption',
                                 u'streams': [{u'columns': ['*'],
                                               u'info': 'San Diego',
                                               u'source': 'file://sandiego.csv'}],
                                 u'version': '1'},
                  u'swarmSize': 'small'},
 u'hsVersion': 'v2',
 u'maxModels': 'None',
 u'persistentJobGUID': 'da141c22-8df5-11e4-9c1f-08002716dfd4',
 u'useTerminators': 'False'}
2014-12-27 10:26:20,254 - com.numenta.nupic.swarming.HypersearchV2.HypersearchV2(7181) - INFO - <BUILDID=N/A, WORKER=HW, WRKID=93, JOBID=1011> Ready to end hyperseach, but not all models have matured yet. Sleeping a bit to wait for all models to mature.
2014-12-27 10:26:23,478 - com.numenta.nupic.swarming.HypersearchV2.HypersearchV2(7181) - ERROR - <BUILDID=N/A, WORKER=HW, WRKID=93, JOBID=1011> Exiting because some worker set the workerCompletionReason to error. WorkerCompletionMsg: E10001: ('The provided timestamp "2011-02-01 01:00:00" is malformed. The supported formats are: [%Y-%m-%d %H:%M:%S.%f, %Y-%m-%d %H:%M:%S:%f, %Y-%m-%d %H:%M:%S, %Y-%m-%d %H:%M, %Y-%m-%d, %m/%d/%Y %H:%M, %m/%d/%y %H:%M, %Y-%m-%dT%H:%M:%S.%fZ, %Y-%m-%dT%H:%M:%SZ, %Y-%m-%dT%H:%M:%S]',): Traceback (most recent call last):
  File "/home/pat/workspace/nupic/nupic/swarming/ModelRunner.py", line 346, in __runTaskMainLoop
    inputRecord = self._inputSource.getNextRecordDict()
  File "/home/pat/workspace/nupic/nupic/data/record_stream.py", line 75, in getNextRecordDict
    values = self.getNextRecord()
  File "/home/pat/workspace/nupic/nupic/data/stream_reader.py", line 327, in getNextRecord
    preAggValues = self._recordStore.getNextRecord()
  File "/home/pat/workspace/nupic/nupic/data/file_record_stream.py", line 374, in getNextRecord
    record.append(self._adapters[i](f))
  File "/home/pat/workspace/nupic/nupic/data/utils.py", line 60, in parseTimestamp
    'formats are: [%s]' % (s, ', '.join(DATETIME_FORMATS)))
ValueError: The provided timestamp "2011-02-01 01:00:00" is malformed. The supported formats are: [%Y-%m-%d %H:%M:%S.%f, %Y-%m-%d %H:%M:%S:%f, %Y-%m-%d %H:%M:%S, %Y-%m-%d %H:%M, %Y-%m-%d, %m/%d/%Y %H:%M, %m/%d/%y %H:%M, %Y-%m-%dT%H:%M:%S.%fZ, %Y-%m-%dT%H:%M:%SZ, %Y-%m-%dT%H:%M:%S]

2014-12-27 10:26:23,496 - com.numenta.nupic.swarming.HypersearchV2.HypersearchV2(7181) - INFO - <BUILDID=N/A, WORKER=HW, WRKID=93, JOBID=1011> Successfully updated the field contributions:{u'kw_energy_consumption': nan}
2014-12-27 10:26:23,497 - com.numenta.nupic.swarming.HypersearchWorker(7181) - INFO - <BUILDID=N/A, WORKER=HW, WRKID=93, JOBID=1011> FINISHED. Evaluated 0 models.
