2014-12-27 10:26:19,825 - com.numenta.nupic.swarming.HypersearchWorker(7183) - INFO - <BUILDID=N/A, WORKER=HS, WRKID=N/A, JOBID=N/A> Launched with command line arguments: ['--jobID=1011']
2014-12-27 10:26:19,825 - com.numenta.nupic.swarming.HypersearchWorker(7183) - INFO - <BUILDID=N/A, WORKER=HS, WRKID=N/A, JOBID=N/A> Connecting to the jobs database
2014-12-27 10:26:19,826 - com.numenta.nupic.database.Connection.ConnectionFactory(7183) - INFO - <BUILDID=N/A, WORKER=HS, WRKID=N/A, JOBID=N/A> Creating db connection policy via provider <bound method type._createDefaultPolicy of <class 'nupic.database.Connection.ConnectionFactory'>>
2014-12-27 10:26:19,841 - com.numenta.nupic.database.Connection.PooledConnectionPolicy(7183) - INFO - <BUILDID=N/A, WORKER=HS, WRKID=N/A, JOBID=N/A> Created PooledConnectionPolicy
2014-12-27 10:26:19,851 - com.numenta.nupic.database.ClientJobsDAO.ClientJobsDAO(7183) - INFO - <BUILDID=N/A, WORKER=HS, WRKID=N/A, JOBID=N/A> clientJobsConnectionID=91
2014-12-27 10:26:19,875 - com.numenta.nupic.swarming.HypersearchWorker(7183) - INFO - <BUILDID=N/A, WORKER=HW, WRKID=91, JOBID=1011> Job info retrieved: {'engModelMilestones': 'None', 'clientInfo': '', 'numFailedWorkers': '0', 'engJobType': 'hypersearch', 'results': 'None', 'jobId': '1011', 'completionMsg': 'None', 'cancel': '0', 'engWorkerState': 'None', 'workerCompletionMsg': 'None', 'jobHash': "\xda\x14\x1c#\x8d\xf5\x11\xe4\x9c\x1f\x08\x00'\x16\xdf\xd4", 'genBaseDescription': 'None', 'completionReason': 'None', 'priority': '0', 'cmdLine': '$HYPERSEARCH', 'params': '{"hsVersion": "v2", "maxModels": null, "persistentJobGUID": "da1...', 'workerCompletionReason': 'success', 'engAllocateNewWorkers': '1', 'lastFailedWorkerErrorMsg': 'None', 'engUntendedDeadWorkers': '0', 'engLastUpdateTime': '2014-12-27 18:26:19', 'status': 'notStarted', 'engStatus': 'None', 'startTime': 'None', 'minimumWorkers': '1', 'endTime': 'None', 'engCjmConnId': 'None', 'genPermutations': 'None', 'client': 'GRP', 'engCleaningStatus': 'notdone', 'clientKey': '', 'maximumWorkers': '4'}
2014-12-27 10:26:19,877 - com.numenta.nupic.swarming.HypersearchV2.HypersearchV2(7183) - INFO - <BUILDID=N/A, WORKER=HW, WRKID=91, JOBID=1011> searchParams: 
{u'description': {u'includedFields': [{u'fieldName': 'timestamp',
                                       u'fieldType': 'datetime'},
                                      {u'fieldName': 'kw_energy_consumption',
                                       u'fieldType': 'float',
                                       u'maxValue': '5.18',
                                       u'minValue': '0.0'}],
                  u'inferenceArgs': {u'predictedField': 'kw_energy_consumption',
                                     u'predictionSteps': ['1']},
                  u'inferenceType': 'TemporalMultiStep',
                  u'iterationCount': '-1',
                  u'streamDef': {u'info': 'kw_energy_consumption',
                                 u'streams': [{u'columns': ['*'],
                                               u'info': 'San Diego',
                                               u'source': 'file://sandiego.csv'}],
                                 u'version': '1'},
                  u'swarmSize': 'small'},
 u'hsVersion': 'v2',
 u'maxModels': 'None',
 u'persistentJobGUID': 'da141c22-8df5-11e4-9c1f-08002716dfd4',
 u'useTerminators': 'False'}
2014-12-27 10:26:20,072 - com.numenta.nupic.swarming.HypersearchV2.HypersearchV2(7183) - INFO - <BUILDID=N/A, WORKER=HW, WRKID=91, JOBID=1011> Active swarms changed to [u'modelParams|sensorParams|encoders|kw_energy_consumption'] (from None)
2014-12-27 10:26:20,202 - com.numenta.nupic.database.ClientJobsDAO.ClientJobsDAO(7183) - INFO - <BUILDID=N/A, WORKER=HW, WRKID=91, JOBID=1011> Model insert attempt failed with DUP_ENTRY: jobID=1011; paramsHash=b83e94a3acb214f3fdd3aee92e9fbdb5 OR particleHash=b776d1e28a76e894815ab6e6e5c82296; IntegrityError(1062, u"Duplicate entry '1011-\\xB8>\\x94\\xA3\\xAC\\xB2\\x14\\xF3\\xFD\\xD3\\xAE\\xE9.\\x9F\\xBD\\xB5' for key 'job_id'")
2014-12-27 10:26:20,207 - com.numenta.nupic.swarming.HypersearchWorker(7183) - INFO - <BUILDID=N/A, WORKER=HW, WRKID=91, JOBID=1011> Adding model 1588 to our internal DB because modelInsertAndStart() failed to insert it: paramsHash=b83e94a3acb214f3fdd3aee92e9fbdb5, particleHash=2edf92a8da4756c61263de73974fd73b, particleId='90.0.0'
2014-12-27 10:26:20,211 - com.numenta.nupic.database.ClientJobsDAO.ClientJobsDAO(7183) - INFO - <BUILDID=N/A, WORKER=HW, WRKID=91, JOBID=1011> Model insert attempt failed with DUP_ENTRY: jobID=1011; paramsHash=b83e94a3acb214f3fdd3aee92e9fbdb5 OR particleHash=f2a61c309918d481bb844020e23bd07c; IntegrityError(1062, u"Duplicate entry '1011-\\xB8>\\x94\\xA3\\xAC\\xB2\\x14\\xF3\\xFD\\xD3\\xAE\\xE9.\\x9F\\xBD\\xB5' for key 'job_id'")
2014-12-27 10:26:20,214 - com.numenta.nupic.swarming.HypersearchWorker(7183) - INFO - <BUILDID=N/A, WORKER=HW, WRKID=91, JOBID=1011> Adding model 1588 to our internal DB because modelInsertAndStart() failed to insert it: paramsHash=b83e94a3acb214f3fdd3aee92e9fbdb5, particleHash=2edf92a8da4756c61263de73974fd73b, particleId='90.0.0'
2014-12-27 10:26:20,221 - com.numenta.nupic.database.ClientJobsDAO.ClientJobsDAO(7183) - INFO - <BUILDID=N/A, WORKER=HW, WRKID=91, JOBID=1011> Model insert attempt failed with DUP_ENTRY: jobID=1011; paramsHash=b83e94a3acb214f3fdd3aee92e9fbdb5 OR particleHash=eb713bb218d9d3c0c1d3337cfe9baaf9; IntegrityError(1062, u"Duplicate entry '1011-\\xB8>\\x94\\xA3\\xAC\\xB2\\x14\\xF3\\xFD\\xD3\\xAE\\xE9.\\x9F\\xBD\\xB5' for key 'job_id'")
2014-12-27 10:26:20,228 - com.numenta.nupic.swarming.HypersearchWorker(7183) - INFO - <BUILDID=N/A, WORKER=HW, WRKID=91, JOBID=1011> Adding model 1588 to our internal DB because modelInsertAndStart() failed to insert it: paramsHash=b83e94a3acb214f3fdd3aee92e9fbdb5, particleHash=2edf92a8da4756c61263de73974fd73b, particleId='90.0.0'
2014-12-27 10:26:20,233 - com.numenta.nupic.database.ClientJobsDAO.ClientJobsDAO(7183) - INFO - <BUILDID=N/A, WORKER=HW, WRKID=91, JOBID=1011> Model insert attempt failed with DUP_ENTRY: jobID=1011; paramsHash=b83e94a3acb214f3fdd3aee92e9fbdb5 OR particleHash=fc6d19bae50a38f15a7bad978e903013; IntegrityError(1062, u"Duplicate entry '1011-\\xB8>\\x94\\xA3\\xAC\\xB2\\x14\\xF3\\xFD\\xD3\\xAE\\xE9.\\x9F\\xBD\\xB5' for key 'job_id'")
2014-12-27 10:26:20,244 - com.numenta.nupic.swarming.HypersearchWorker(7183) - INFO - <BUILDID=N/A, WORKER=HW, WRKID=91, JOBID=1011> Adding model 1588 to our internal DB because modelInsertAndStart() failed to insert it: paramsHash=b83e94a3acb214f3fdd3aee92e9fbdb5, particleHash=2edf92a8da4756c61263de73974fd73b, particleId='90.0.0'
2014-12-27 10:26:20,252 - com.numenta.nupic.database.ClientJobsDAO.ClientJobsDAO(7183) - INFO - <BUILDID=N/A, WORKER=HW, WRKID=91, JOBID=1011> Model insert attempt failed with DUP_ENTRY: jobID=1011; paramsHash=b83e94a3acb214f3fdd3aee92e9fbdb5 OR particleHash=fadf80e6407f3ce47916ba8f72495311; IntegrityError(1062, u"Duplicate entry '1011-\\xB8>\\x94\\xA3\\xAC\\xB2\\x14\\xF3\\xFD\\xD3\\xAE\\xE9.\\x9F\\xBD\\xB5' for key 'job_id'")
2014-12-27 10:26:20,256 - com.numenta.nupic.swarming.HypersearchWorker(7183) - INFO - <BUILDID=N/A, WORKER=HW, WRKID=91, JOBID=1011> Adding model 1588 to our internal DB because modelInsertAndStart() failed to insert it: paramsHash=b83e94a3acb214f3fdd3aee92e9fbdb5, particleHash=2edf92a8da4756c61263de73974fd73b, particleId='90.0.0'
2014-12-27 10:26:20,259 - com.numenta.nupic.database.ClientJobsDAO.ClientJobsDAO(7183) - INFO - <BUILDID=N/A, WORKER=HW, WRKID=91, JOBID=1011> Model insert attempt failed with DUP_ENTRY: jobID=1011; paramsHash=b83e94a3acb214f3fdd3aee92e9fbdb5 OR particleHash=3b2fc1be695e713d0f2fe0727f47bf94; IntegrityError(1062, u"Duplicate entry '1011-\\xB8>\\x94\\xA3\\xAC\\xB2\\x14\\xF3\\xFD\\xD3\\xAE\\xE9.\\x9F\\xBD\\xB5' for key 'job_id'")
2014-12-27 10:26:20,262 - com.numenta.nupic.swarming.HypersearchWorker(7183) - INFO - <BUILDID=N/A, WORKER=HW, WRKID=91, JOBID=1011> Adding model 1588 to our internal DB because modelInsertAndStart() failed to insert it: paramsHash=b83e94a3acb214f3fdd3aee92e9fbdb5, particleHash=2edf92a8da4756c61263de73974fd73b, particleId='90.0.0'
2014-12-27 10:26:20,284 - com.numenta.nupic.database.ClientJobsDAO.ClientJobsDAO(7183) - INFO - <BUILDID=N/A, WORKER=HW, WRKID=91, JOBID=1011> Model insert attempt failed with DUP_ENTRY: jobID=1011; paramsHash=b83e94a3acb214f3fdd3aee92e9fbdb5 OR particleHash=8c2d458dae5132359b1adb54b57829b2; IntegrityError(1062, u"Duplicate entry '1011-\\xB8>\\x94\\xA3\\xAC\\xB2\\x14\\xF3\\xFD\\xD3\\xAE\\xE9.\\x9F\\xBD\\xB5' for key 'job_id'")
2014-12-27 10:26:20,287 - com.numenta.nupic.swarming.HypersearchWorker(7183) - INFO - <BUILDID=N/A, WORKER=HW, WRKID=91, JOBID=1011> Adding model 1588 to our internal DB because modelInsertAndStart() failed to insert it: paramsHash=b83e94a3acb214f3fdd3aee92e9fbdb5, particleHash=2edf92a8da4756c61263de73974fd73b, particleId='90.0.0'
2014-12-27 10:26:20,307 - com.numenta.nupic.database.ClientJobsDAO.ClientJobsDAO(7183) - INFO - <BUILDID=N/A, WORKER=HW, WRKID=91, JOBID=1011> Model insert attempt failed with DUP_ENTRY: jobID=1011; paramsHash=b83e94a3acb214f3fdd3aee92e9fbdb5 OR particleHash=a5f7320f8a30cd1f039840d4ed93fefd; IntegrityError(1062, u"Duplicate entry '1011-\\xB8>\\x94\\xA3\\xAC\\xB2\\x14\\xF3\\xFD\\xD3\\xAE\\xE9.\\x9F\\xBD\\xB5' for key 'job_id'")
2014-12-27 10:26:20,312 - com.numenta.nupic.swarming.HypersearchWorker(7183) - INFO - <BUILDID=N/A, WORKER=HW, WRKID=91, JOBID=1011> Adding model 1588 to our internal DB because modelInsertAndStart() failed to insert it: paramsHash=b83e94a3acb214f3fdd3aee92e9fbdb5, particleHash=2edf92a8da4756c61263de73974fd73b, particleId='90.0.0'
2014-12-27 10:26:20,318 - com.numenta.nupic.database.ClientJobsDAO.ClientJobsDAO(7183) - INFO - <BUILDID=N/A, WORKER=HW, WRKID=91, JOBID=1011> Model insert attempt failed with DUP_ENTRY: jobID=1011; paramsHash=b83e94a3acb214f3fdd3aee92e9fbdb5 OR particleHash=77937ac8573d3345590fa455e2b2c5e2; IntegrityError(1062, u"Duplicate entry '1011-\\xB8>\\x94\\xA3\\xAC\\xB2\\x14\\xF3\\xFD\\xD3\\xAE\\xE9.\\x9F\\xBD\\xB5' for key 'job_id'")
2014-12-27 10:26:20,325 - com.numenta.nupic.swarming.HypersearchWorker(7183) - INFO - <BUILDID=N/A, WORKER=HW, WRKID=91, JOBID=1011> Adding model 1588 to our internal DB because modelInsertAndStart() failed to insert it: paramsHash=b83e94a3acb214f3fdd3aee92e9fbdb5, particleHash=2edf92a8da4756c61263de73974fd73b, particleId='90.0.0'
2014-12-27 10:26:20,331 - com.numenta.nupic.database.ClientJobsDAO.ClientJobsDAO(7183) - INFO - <BUILDID=N/A, WORKER=HW, WRKID=91, JOBID=1011> Model insert attempt failed with DUP_ENTRY: jobID=1011; paramsHash=b83e94a3acb214f3fdd3aee92e9fbdb5 OR particleHash=755d657154a6a0cfca57769ff271a1d3; IntegrityError(1062, u"Duplicate entry '1011-\\xB8>\\x94\\xA3\\xAC\\xB2\\x14\\xF3\\xFD\\xD3\\xAE\\xE9.\\x9F\\xBD\\xB5' for key 'job_id'")
2014-12-27 10:26:20,340 - com.numenta.nupic.swarming.HypersearchWorker(7183) - INFO - <BUILDID=N/A, WORKER=HW, WRKID=91, JOBID=1011> Adding model 1588 to our internal DB because modelInsertAndStart() failed to insert it: paramsHash=b83e94a3acb214f3fdd3aee92e9fbdb5, particleHash=2edf92a8da4756c61263de73974fd73b, particleId='90.0.0'
2014-12-27 10:26:20,347 - com.numenta.nupic.swarming.HypersearchV2.HypersearchV2(7183) - INFO - <BUILDID=N/A, WORKER=HW, WRKID=91, JOBID=1011> Ready to end hyperseach, but not all models have matured yet. Sleeping a bit to wait for all models to mature.
2014-12-27 10:26:23,553 - com.numenta.nupic.swarming.HypersearchV2.HypersearchV2(7183) - ERROR - <BUILDID=N/A, WORKER=HW, WRKID=91, JOBID=1011> Exiting because some worker set the workerCompletionReason to error. WorkerCompletionMsg: E10001: ('The provided timestamp "2011-02-01 01:00:00" is malformed. The supported formats are: [%Y-%m-%d %H:%M:%S.%f, %Y-%m-%d %H:%M:%S:%f, %Y-%m-%d %H:%M:%S, %Y-%m-%d %H:%M, %Y-%m-%d, %m/%d/%Y %H:%M, %m/%d/%y %H:%M, %Y-%m-%dT%H:%M:%S.%fZ, %Y-%m-%dT%H:%M:%SZ, %Y-%m-%dT%H:%M:%S]',): Traceback (most recent call last):
  File "/home/pat/workspace/nupic/nupic/swarming/ModelRunner.py", line 346, in __runTaskMainLoop
    inputRecord = self._inputSource.getNextRecordDict()
  File "/home/pat/workspace/nupic/nupic/data/record_stream.py", line 75, in getNextRecordDict
    values = self.getNextRecord()
  File "/home/pat/workspace/nupic/nupic/data/stream_reader.py", line 327, in getNextRecord
    preAggValues = self._recordStore.getNextRecord()
  File "/home/pat/workspace/nupic/nupic/data/file_record_stream.py", line 374, in getNextRecord
    record.append(self._adapters[i](f))
  File "/home/pat/workspace/nupic/nupic/data/utils.py", line 60, in parseTimestamp
    'formats are: [%s]' % (s, ', '.join(DATETIME_FORMATS)))
ValueError: The provided timestamp "2011-02-01 01:00:00" is malformed. The supported formats are: [%Y-%m-%d %H:%M:%S.%f, %Y-%m-%d %H:%M:%S:%f, %Y-%m-%d %H:%M:%S, %Y-%m-%d %H:%M, %Y-%m-%d, %m/%d/%Y %H:%M, %m/%d/%y %H:%M, %Y-%m-%dT%H:%M:%S.%fZ, %Y-%m-%dT%H:%M:%SZ, %Y-%m-%dT%H:%M:%S]

2014-12-27 10:26:23,557 - com.numenta.nupic.swarming.HypersearchV2.HypersearchV2(7183) - INFO - <BUILDID=N/A, WORKER=HW, WRKID=91, JOBID=1011> Failed updating the field contributions, another hypersearch worker must have updated it
2014-12-27 10:26:23,558 - com.numenta.nupic.swarming.HypersearchWorker(7183) - INFO - <BUILDID=N/A, WORKER=HW, WRKID=91, JOBID=1011> FINISHED. Evaluated 0 models.
