2014-12-27 10:07:20,284 - com.numenta.nupic.swarming.HypersearchWorker(7109) - INFO - <BUILDID=N/A, WORKER=HS, WRKID=N/A, JOBID=N/A> Launched with command line arguments: ['--jobID=1009']
2014-12-27 10:07:20,288 - com.numenta.nupic.swarming.HypersearchWorker(7109) - INFO - <BUILDID=N/A, WORKER=HS, WRKID=N/A, JOBID=N/A> Connecting to the jobs database
2014-12-27 10:07:20,288 - com.numenta.nupic.database.Connection.ConnectionFactory(7109) - INFO - <BUILDID=N/A, WORKER=HS, WRKID=N/A, JOBID=N/A> Creating db connection policy via provider <bound method type._createDefaultPolicy of <class 'nupic.database.Connection.ConnectionFactory'>>
2014-12-27 10:07:20,318 - com.numenta.nupic.database.Connection.PooledConnectionPolicy(7109) - INFO - <BUILDID=N/A, WORKER=HS, WRKID=N/A, JOBID=N/A> Created PooledConnectionPolicy
2014-12-27 10:07:20,327 - com.numenta.nupic.database.ClientJobsDAO.ClientJobsDAO(7109) - INFO - <BUILDID=N/A, WORKER=HS, WRKID=N/A, JOBID=N/A> clientJobsConnectionID=83
2014-12-27 10:07:20,331 - com.numenta.nupic.swarming.HypersearchWorker(7109) - INFO - <BUILDID=N/A, WORKER=HW, WRKID=83, JOBID=1009> Job info retrieved: {'engModelMilestones': 'None', 'clientInfo': '', 'numFailedWorkers': '0', 'engJobType': 'hypersearch', 'results': 'None', 'jobId': '1009', 'completionMsg': 'None', 'cancel': '0', 'engWorkerState': 'None', 'workerCompletionMsg': 'None', 'jobHash': "2\xd1\xf7%\x8d\xf3\x11\xe4\x9c\x1f\x08\x00'\x16\xdf\xd4", 'genBaseDescription': 'None', 'completionReason': 'None', 'priority': '0', 'cmdLine': '$HYPERSEARCH', 'params': '{"hsVersion": "v2", "maxModels": null, "persistentJobGUID": "32d...', 'workerCompletionReason': 'success', 'engAllocateNewWorkers': '1', 'lastFailedWorkerErrorMsg': 'None', 'engUntendedDeadWorkers': '0', 'engLastUpdateTime': '2014-12-27 18:07:19', 'status': 'notStarted', 'engStatus': 'None', 'startTime': 'None', 'minimumWorkers': '1', 'endTime': 'None', 'engCjmConnId': 'None', 'genPermutations': 'None', 'client': 'GRP', 'engCleaningStatus': 'notdone', 'clientKey': '', 'maximumWorkers': '4'}
2014-12-27 10:07:20,336 - com.numenta.nupic.swarming.HypersearchV2.HypersearchV2(7109) - INFO - <BUILDID=N/A, WORKER=HW, WRKID=83, JOBID=1009> searchParams: 
{u'description': {u'includedFields': [{u'fieldName': 'timestamp',
                                       u'fieldType': 'datetime'},
                                      {u'fieldName': 'kw_energy_consumption',
                                       u'fieldType': 'float',
                                       u'maxValue': '5.18',
                                       u'minValue': '0.0'}],
                  u'inferenceArgs': {u'predictedField': 'kw_energy_consumption',
                                     u'predictionSteps': ['1']},
                  u'inferenceType': 'TemporalMultiStep',
                  u'iterationCount': '-1',
                  u'streamDef': {u'info': 'kw_energy_consumption',
                                 u'streams': [{u'columns': ['*'],
                                               u'info': 'San Diego',
                                               u'source': 'file://sandiego.csv'}],
                                 u'version': '1'},
                  u'swarmSize': 'small'},
 u'hsVersion': 'v2',
 u'maxModels': 'None',
 u'persistentJobGUID': '32d1f724-8df3-11e4-9c1f-08002716dfd4',
 u'useTerminators': 'False'}
2014-12-27 10:07:20,472 - com.numenta.nupic.swarming.HypersearchV2.HypersearchV2(7109) - INFO - <BUILDID=N/A, WORKER=HW, WRKID=83, JOBID=1009> Active swarms changed to [u'modelParams|sensorParams|encoders|kw_energy_consumption'] (from None)
2014-12-27 10:07:20,560 - com.numenta.nupic.database.ClientJobsDAO.ClientJobsDAO(7109) - INFO - <BUILDID=N/A, WORKER=HW, WRKID=83, JOBID=1009> Model insert attempt failed with DUP_ENTRY: jobID=1009; paramsHash=b83e94a3acb214f3fdd3aee92e9fbdb5 OR particleHash=b113aef0f0f8067e5ec334bdde75bbba; IntegrityError(1062, u"Duplicate entry '1009-\\xB8>\\x94\\xA3\\xAC\\xB2\\x14\\xF3\\xFD\\xD3\\xAE\\xE9.\\x9F\\xBD\\xB5' for key 'job_id'")
2014-12-27 10:07:20,565 - com.numenta.nupic.swarming.HypersearchWorker(7109) - INFO - <BUILDID=N/A, WORKER=HW, WRKID=83, JOBID=1009> Adding model 1456 to our internal DB because modelInsertAndStart() failed to insert it: paramsHash=b83e94a3acb214f3fdd3aee92e9fbdb5, particleHash=c87da378e1099ab9822fc9f21053734c, particleId='80.0.0'
2014-12-27 10:07:20,572 - com.numenta.nupic.database.ClientJobsDAO.ClientJobsDAO(7109) - INFO - <BUILDID=N/A, WORKER=HW, WRKID=83, JOBID=1009> Model insert attempt failed with DUP_ENTRY: jobID=1009; paramsHash=b83e94a3acb214f3fdd3aee92e9fbdb5 OR particleHash=1835fd4bd49272518e7da1babf73d397; IntegrityError(1062, u"Duplicate entry '1009-\\xB8>\\x94\\xA3\\xAC\\xB2\\x14\\xF3\\xFD\\xD3\\xAE\\xE9.\\x9F\\xBD\\xB5' for key 'job_id'")
2014-12-27 10:07:20,577 - com.numenta.nupic.swarming.HypersearchWorker(7109) - INFO - <BUILDID=N/A, WORKER=HW, WRKID=83, JOBID=1009> Adding model 1456 to our internal DB because modelInsertAndStart() failed to insert it: paramsHash=b83e94a3acb214f3fdd3aee92e9fbdb5, particleHash=c87da378e1099ab9822fc9f21053734c, particleId='80.0.0'
2014-12-27 10:07:20,582 - com.numenta.nupic.database.ClientJobsDAO.ClientJobsDAO(7109) - INFO - <BUILDID=N/A, WORKER=HW, WRKID=83, JOBID=1009> Model insert attempt failed with DUP_ENTRY: jobID=1009; paramsHash=b83e94a3acb214f3fdd3aee92e9fbdb5 OR particleHash=7b8aae31f23a7fddfaf839395158b074; IntegrityError(1062, u"Duplicate entry '1009-\\xB8>\\x94\\xA3\\xAC\\xB2\\x14\\xF3\\xFD\\xD3\\xAE\\xE9.\\x9F\\xBD\\xB5' for key 'job_id'")
2014-12-27 10:07:20,593 - com.numenta.nupic.swarming.HypersearchWorker(7109) - INFO - <BUILDID=N/A, WORKER=HW, WRKID=83, JOBID=1009> Adding model 1456 to our internal DB because modelInsertAndStart() failed to insert it: paramsHash=b83e94a3acb214f3fdd3aee92e9fbdb5, particleHash=c87da378e1099ab9822fc9f21053734c, particleId='80.0.0'
2014-12-27 10:07:20,600 - com.numenta.nupic.database.ClientJobsDAO.ClientJobsDAO(7109) - INFO - <BUILDID=N/A, WORKER=HW, WRKID=83, JOBID=1009> Model insert attempt failed with DUP_ENTRY: jobID=1009; paramsHash=b83e94a3acb214f3fdd3aee92e9fbdb5 OR particleHash=e2288ca3d0e79f6daf5bdbdd16071196; IntegrityError(1062, u"Duplicate entry '1009-\\xB8>\\x94\\xA3\\xAC\\xB2\\x14\\xF3\\xFD\\xD3\\xAE\\xE9.\\x9F\\xBD\\xB5' for key 'job_id'")
2014-12-27 10:07:20,619 - com.numenta.nupic.swarming.HypersearchWorker(7109) - INFO - <BUILDID=N/A, WORKER=HW, WRKID=83, JOBID=1009> Adding model 1456 to our internal DB because modelInsertAndStart() failed to insert it: paramsHash=b83e94a3acb214f3fdd3aee92e9fbdb5, particleHash=c87da378e1099ab9822fc9f21053734c, particleId='80.0.0'
2014-12-27 10:07:20,627 - com.numenta.nupic.database.ClientJobsDAO.ClientJobsDAO(7109) - INFO - <BUILDID=N/A, WORKER=HW, WRKID=83, JOBID=1009> Model insert attempt failed with DUP_ENTRY: jobID=1009; paramsHash=b83e94a3acb214f3fdd3aee92e9fbdb5 OR particleHash=441697bf16aabd84b326322fb788433a; IntegrityError(1062, u"Duplicate entry '1009-\\xB8>\\x94\\xA3\\xAC\\xB2\\x14\\xF3\\xFD\\xD3\\xAE\\xE9.\\x9F\\xBD\\xB5' for key 'job_id'")
2014-12-27 10:07:20,643 - com.numenta.nupic.swarming.HypersearchWorker(7109) - INFO - <BUILDID=N/A, WORKER=HW, WRKID=83, JOBID=1009> Adding model 1456 to our internal DB because modelInsertAndStart() failed to insert it: paramsHash=b83e94a3acb214f3fdd3aee92e9fbdb5, particleHash=c87da378e1099ab9822fc9f21053734c, particleId='80.0.0'
2014-12-27 10:07:20,646 - com.numenta.nupic.database.ClientJobsDAO.ClientJobsDAO(7109) - INFO - <BUILDID=N/A, WORKER=HW, WRKID=83, JOBID=1009> Model insert attempt failed with DUP_ENTRY: jobID=1009; paramsHash=b83e94a3acb214f3fdd3aee92e9fbdb5 OR particleHash=6fca2afbe26b2cfe4ae984d8da05fcdf; IntegrityError(1062, u"Duplicate entry '1009-\\xB8>\\x94\\xA3\\xAC\\xB2\\x14\\xF3\\xFD\\xD3\\xAE\\xE9.\\x9F\\xBD\\xB5' for key 'job_id'")
2014-12-27 10:07:20,659 - com.numenta.nupic.swarming.HypersearchWorker(7109) - INFO - <BUILDID=N/A, WORKER=HW, WRKID=83, JOBID=1009> Adding model 1456 to our internal DB because modelInsertAndStart() failed to insert it: paramsHash=b83e94a3acb214f3fdd3aee92e9fbdb5, particleHash=c87da378e1099ab9822fc9f21053734c, particleId='80.0.0'
2014-12-27 10:07:20,664 - com.numenta.nupic.database.ClientJobsDAO.ClientJobsDAO(7109) - INFO - <BUILDID=N/A, WORKER=HW, WRKID=83, JOBID=1009> Model insert attempt failed with DUP_ENTRY: jobID=1009; paramsHash=b83e94a3acb214f3fdd3aee92e9fbdb5 OR particleHash=326447aeadb63c69555976c32269ced0; IntegrityError(1062, u"Duplicate entry '1009-\\xB8>\\x94\\xA3\\xAC\\xB2\\x14\\xF3\\xFD\\xD3\\xAE\\xE9.\\x9F\\xBD\\xB5' for key 'job_id'")
2014-12-27 10:07:20,683 - com.numenta.nupic.swarming.HypersearchWorker(7109) - INFO - <BUILDID=N/A, WORKER=HW, WRKID=83, JOBID=1009> Adding model 1456 to our internal DB because modelInsertAndStart() failed to insert it: paramsHash=b83e94a3acb214f3fdd3aee92e9fbdb5, particleHash=c87da378e1099ab9822fc9f21053734c, particleId='80.0.0'
2014-12-27 10:07:20,690 - com.numenta.nupic.database.ClientJobsDAO.ClientJobsDAO(7109) - INFO - <BUILDID=N/A, WORKER=HW, WRKID=83, JOBID=1009> Model insert attempt failed with DUP_ENTRY: jobID=1009; paramsHash=b83e94a3acb214f3fdd3aee92e9fbdb5 OR particleHash=ee2e6e14678d1ecd38bfd3c7479bf3f7; IntegrityError(1062, u"Duplicate entry '1009-\\xB8>\\x94\\xA3\\xAC\\xB2\\x14\\xF3\\xFD\\xD3\\xAE\\xE9.\\x9F\\xBD\\xB5' for key 'job_id'")
2014-12-27 10:07:20,703 - com.numenta.nupic.swarming.HypersearchWorker(7109) - INFO - <BUILDID=N/A, WORKER=HW, WRKID=83, JOBID=1009> Adding model 1456 to our internal DB because modelInsertAndStart() failed to insert it: paramsHash=b83e94a3acb214f3fdd3aee92e9fbdb5, particleHash=c87da378e1099ab9822fc9f21053734c, particleId='80.0.0'
2014-12-27 10:07:20,712 - com.numenta.nupic.database.ClientJobsDAO.ClientJobsDAO(7109) - INFO - <BUILDID=N/A, WORKER=HW, WRKID=83, JOBID=1009> Model insert attempt failed with DUP_ENTRY: jobID=1009; paramsHash=b83e94a3acb214f3fdd3aee92e9fbdb5 OR particleHash=005fd76c360d5d0efc894d7a7c19f8c1; IntegrityError(1062, u"Duplicate entry '1009-\\xB8>\\x94\\xA3\\xAC\\xB2\\x14\\xF3\\xFD\\xD3\\xAE\\xE9.\\x9F\\xBD\\xB5' for key 'job_id'")
2014-12-27 10:07:20,715 - com.numenta.nupic.swarming.HypersearchWorker(7109) - INFO - <BUILDID=N/A, WORKER=HW, WRKID=83, JOBID=1009> Adding model 1456 to our internal DB because modelInsertAndStart() failed to insert it: paramsHash=b83e94a3acb214f3fdd3aee92e9fbdb5, particleHash=c87da378e1099ab9822fc9f21053734c, particleId='80.0.0'
2014-12-27 10:07:20,719 - com.numenta.nupic.database.ClientJobsDAO.ClientJobsDAO(7109) - INFO - <BUILDID=N/A, WORKER=HW, WRKID=83, JOBID=1009> Model insert attempt failed with DUP_ENTRY: jobID=1009; paramsHash=b83e94a3acb214f3fdd3aee92e9fbdb5 OR particleHash=17bf8fe38014baf03c5c7256e5021c3a; IntegrityError(1062, u"Duplicate entry '1009-\\xB8>\\x94\\xA3\\xAC\\xB2\\x14\\xF3\\xFD\\xD3\\xAE\\xE9.\\x9F\\xBD\\xB5' for key 'job_id'")
2014-12-27 10:07:20,727 - com.numenta.nupic.swarming.HypersearchWorker(7109) - INFO - <BUILDID=N/A, WORKER=HW, WRKID=83, JOBID=1009> Adding model 1456 to our internal DB because modelInsertAndStart() failed to insert it: paramsHash=b83e94a3acb214f3fdd3aee92e9fbdb5, particleHash=c87da378e1099ab9822fc9f21053734c, particleId='80.0.0'
2014-12-27 10:07:20,840 - com.numenta.nupic.database.ClientJobsDAO.ClientJobsDAO(7109) - INFO - <BUILDID=N/A, WORKER=HW, WRKID=83, JOBID=1009> Model insert attempt failed with DUP_ENTRY: jobID=1009; paramsHash=0ef29c702faac17f2e7a49e1a9a11f3a OR particleHash=6fb065d168647b014e144a98d2ec4742; IntegrityError(1062, u"Duplicate entry '1009-\\x0E\\xF2\\x9Cp/\\xAA\\xC1\\x7F.zI\\xE1\\xA9\\xA1\\x1F:' for key 'job_id'")
2014-12-27 10:07:20,845 - com.numenta.nupic.swarming.HypersearchWorker(7109) - INFO - <BUILDID=N/A, WORKER=HW, WRKID=83, JOBID=1009> Adding model 1486 to our internal DB because modelInsertAndStart() failed to insert it: paramsHash=0ef29c702faac17f2e7a49e1a9a11f3a, particleHash=afce6d4e6d254b95027cfe4c2d58fc90, particleId='80.10.0'
2014-12-27 10:07:20,851 - com.numenta.nupic.database.ClientJobsDAO.ClientJobsDAO(7109) - INFO - <BUILDID=N/A, WORKER=HW, WRKID=83, JOBID=1009> Model insert attempt failed with DUP_ENTRY: jobID=1009; paramsHash=0ef29c702faac17f2e7a49e1a9a11f3a OR particleHash=ada4207f4d1980650b21706920c513c6; IntegrityError(1062, u"Duplicate entry '1009-\\x0E\\xF2\\x9Cp/\\xAA\\xC1\\x7F.zI\\xE1\\xA9\\xA1\\x1F:' for key 'job_id'")
2014-12-27 10:07:20,857 - com.numenta.nupic.swarming.HypersearchWorker(7109) - INFO - <BUILDID=N/A, WORKER=HW, WRKID=83, JOBID=1009> Adding model 1486 to our internal DB because modelInsertAndStart() failed to insert it: paramsHash=0ef29c702faac17f2e7a49e1a9a11f3a, particleHash=afce6d4e6d254b95027cfe4c2d58fc90, particleId='80.10.0'
2014-12-27 10:07:20,863 - com.numenta.nupic.database.ClientJobsDAO.ClientJobsDAO(7109) - INFO - <BUILDID=N/A, WORKER=HW, WRKID=83, JOBID=1009> Model insert attempt failed with DUP_ENTRY: jobID=1009; paramsHash=0ef29c702faac17f2e7a49e1a9a11f3a OR particleHash=9e7da391eacbf1e905d914896c6ebc69; IntegrityError(1062, u"Duplicate entry '1009-\\x0E\\xF2\\x9Cp/\\xAA\\xC1\\x7F.zI\\xE1\\xA9\\xA1\\x1F:' for key 'job_id'")
2014-12-27 10:07:20,871 - com.numenta.nupic.swarming.HypersearchWorker(7109) - INFO - <BUILDID=N/A, WORKER=HW, WRKID=83, JOBID=1009> Adding model 1486 to our internal DB because modelInsertAndStart() failed to insert it: paramsHash=0ef29c702faac17f2e7a49e1a9a11f3a, particleHash=afce6d4e6d254b95027cfe4c2d58fc90, particleId='80.10.0'
2014-12-27 10:07:20,881 - com.numenta.nupic.database.ClientJobsDAO.ClientJobsDAO(7109) - INFO - <BUILDID=N/A, WORKER=HW, WRKID=83, JOBID=1009> Model insert attempt failed with DUP_ENTRY: jobID=1009; paramsHash=0ef29c702faac17f2e7a49e1a9a11f3a OR particleHash=9c64716c5de6d1abfc1e38a73b902c90; IntegrityError(1062, u"Duplicate entry '1009-\\x0E\\xF2\\x9Cp/\\xAA\\xC1\\x7F.zI\\xE1\\xA9\\xA1\\x1F:' for key 'job_id'")
2014-12-27 10:07:20,884 - com.numenta.nupic.swarming.HypersearchWorker(7109) - INFO - <BUILDID=N/A, WORKER=HW, WRKID=83, JOBID=1009> Adding model 1486 to our internal DB because modelInsertAndStart() failed to insert it: paramsHash=0ef29c702faac17f2e7a49e1a9a11f3a, particleHash=afce6d4e6d254b95027cfe4c2d58fc90, particleId='80.10.0'
2014-12-27 10:07:20,890 - com.numenta.nupic.database.ClientJobsDAO.ClientJobsDAO(7109) - INFO - <BUILDID=N/A, WORKER=HW, WRKID=83, JOBID=1009> Model insert attempt failed with DUP_ENTRY: jobID=1009; paramsHash=0ef29c702faac17f2e7a49e1a9a11f3a OR particleHash=0cf0f2bb1f1ff393cbde872b7cded6f6; IntegrityError(1062, u"Duplicate entry '1009-\\x0E\\xF2\\x9Cp/\\xAA\\xC1\\x7F.zI\\xE1\\xA9\\xA1\\x1F:' for key 'job_id'")
2014-12-27 10:07:20,892 - com.numenta.nupic.swarming.HypersearchWorker(7109) - INFO - <BUILDID=N/A, WORKER=HW, WRKID=83, JOBID=1009> Adding model 1486 to our internal DB because modelInsertAndStart() failed to insert it: paramsHash=0ef29c702faac17f2e7a49e1a9a11f3a, particleHash=afce6d4e6d254b95027cfe4c2d58fc90, particleId='80.10.0'
2014-12-27 10:07:20,898 - com.numenta.nupic.database.ClientJobsDAO.ClientJobsDAO(7109) - INFO - <BUILDID=N/A, WORKER=HW, WRKID=83, JOBID=1009> Model insert attempt failed with DUP_ENTRY: jobID=1009; paramsHash=0ef29c702faac17f2e7a49e1a9a11f3a OR particleHash=8592353202e8f7f28b3900aabdab5217; IntegrityError(1062, u"Duplicate entry '1009-\\x0E\\xF2\\x9Cp/\\xAA\\xC1\\x7F.zI\\xE1\\xA9\\xA1\\x1F:' for key 'job_id'")
2014-12-27 10:07:20,914 - com.numenta.nupic.swarming.HypersearchWorker(7109) - INFO - <BUILDID=N/A, WORKER=HW, WRKID=83, JOBID=1009> Adding model 1486 to our internal DB because modelInsertAndStart() failed to insert it: paramsHash=0ef29c702faac17f2e7a49e1a9a11f3a, particleHash=afce6d4e6d254b95027cfe4c2d58fc90, particleId='80.10.0'
2014-12-27 10:07:20,922 - com.numenta.nupic.database.ClientJobsDAO.ClientJobsDAO(7109) - INFO - <BUILDID=N/A, WORKER=HW, WRKID=83, JOBID=1009> Model insert attempt failed with DUP_ENTRY: jobID=1009; paramsHash=0ef29c702faac17f2e7a49e1a9a11f3a OR particleHash=2964e9c2ee396a5885800115260dcde3; IntegrityError(1062, u"Duplicate entry '1009-\\x0E\\xF2\\x9Cp/\\xAA\\xC1\\x7F.zI\\xE1\\xA9\\xA1\\x1F:' for key 'job_id'")
2014-12-27 10:07:20,931 - com.numenta.nupic.swarming.HypersearchWorker(7109) - INFO - <BUILDID=N/A, WORKER=HW, WRKID=83, JOBID=1009> Adding model 1486 to our internal DB because modelInsertAndStart() failed to insert it: paramsHash=0ef29c702faac17f2e7a49e1a9a11f3a, particleHash=afce6d4e6d254b95027cfe4c2d58fc90, particleId='80.10.0'
2014-12-27 10:07:20,939 - com.numenta.nupic.database.ClientJobsDAO.ClientJobsDAO(7109) - INFO - <BUILDID=N/A, WORKER=HW, WRKID=83, JOBID=1009> Model insert attempt failed with DUP_ENTRY: jobID=1009; paramsHash=0ef29c702faac17f2e7a49e1a9a11f3a OR particleHash=633433264311ccd4aa97dbe7a8d5ea88; IntegrityError(1062, u"Duplicate entry '1009-\\x0E\\xF2\\x9Cp/\\xAA\\xC1\\x7F.zI\\xE1\\xA9\\xA1\\x1F:' for key 'job_id'")
2014-12-27 10:07:20,950 - com.numenta.nupic.swarming.HypersearchWorker(7109) - INFO - <BUILDID=N/A, WORKER=HW, WRKID=83, JOBID=1009> Adding model 1486 to our internal DB because modelInsertAndStart() failed to insert it: paramsHash=0ef29c702faac17f2e7a49e1a9a11f3a, particleHash=afce6d4e6d254b95027cfe4c2d58fc90, particleId='80.10.0'
2014-12-27 10:07:20,957 - com.numenta.nupic.database.ClientJobsDAO.ClientJobsDAO(7109) - INFO - <BUILDID=N/A, WORKER=HW, WRKID=83, JOBID=1009> Model insert attempt failed with DUP_ENTRY: jobID=1009; paramsHash=0ef29c702faac17f2e7a49e1a9a11f3a OR particleHash=88a8b9f3669e83f02cb0da01b2925590; IntegrityError(1062, u"Duplicate entry '1009-\\x0E\\xF2\\x9Cp/\\xAA\\xC1\\x7F.zI\\xE1\\xA9\\xA1\\x1F:' for key 'job_id'")
2014-12-27 10:07:20,963 - com.numenta.nupic.swarming.HypersearchWorker(7109) - INFO - <BUILDID=N/A, WORKER=HW, WRKID=83, JOBID=1009> Adding model 1486 to our internal DB because modelInsertAndStart() failed to insert it: paramsHash=0ef29c702faac17f2e7a49e1a9a11f3a, particleHash=afce6d4e6d254b95027cfe4c2d58fc90, particleId='80.10.0'
2014-12-27 10:07:20,970 - com.numenta.nupic.database.ClientJobsDAO.ClientJobsDAO(7109) - INFO - <BUILDID=N/A, WORKER=HW, WRKID=83, JOBID=1009> Model insert attempt failed with DUP_ENTRY: jobID=1009; paramsHash=0ef29c702faac17f2e7a49e1a9a11f3a OR particleHash=4cc27eef6e10f87bc9fb69464b624517; IntegrityError(1062, u"Duplicate entry '1009-\\x0E\\xF2\\x9Cp/\\xAA\\xC1\\x7F.zI\\xE1\\xA9\\xA1\\x1F:' for key 'job_id'")
2014-12-27 10:07:20,977 - com.numenta.nupic.swarming.HypersearchWorker(7109) - INFO - <BUILDID=N/A, WORKER=HW, WRKID=83, JOBID=1009> Adding model 1486 to our internal DB because modelInsertAndStart() failed to insert it: paramsHash=0ef29c702faac17f2e7a49e1a9a11f3a, particleHash=afce6d4e6d254b95027cfe4c2d58fc90, particleId='80.10.0'
2014-12-27 10:07:21,088 - com.numenta.nupic.database.ClientJobsDAO.ClientJobsDAO(7109) - INFO - <BUILDID=N/A, WORKER=HW, WRKID=83, JOBID=1009> Model insert attempt failed with DUP_ENTRY: jobID=1009; paramsHash=19aec87b133d141c1453d8d3cfcea9d8 OR particleHash=867ca250a7514343e6d3a71b9656a89f; IntegrityError(1062, u"Duplicate entry '1009-\\x19\\xAE\\xC8{\\x13=\\x14\\x1C\\x14S\\xD8\\xD3\\xCF\\xCE\\xA9\\xD8' for key 'job_id'")
2014-12-27 10:07:21,092 - com.numenta.nupic.swarming.HypersearchWorker(7109) - INFO - <BUILDID=N/A, WORKER=HW, WRKID=83, JOBID=1009> Adding model 1508 to our internal DB because modelInsertAndStart() failed to insert it: paramsHash=19aec87b133d141c1453d8d3cfcea9d8, particleHash=e49a20b6a855bd29f920c9d60365e2f5, particleId='80.20.0'
2014-12-27 10:07:21,101 - com.numenta.nupic.database.ClientJobsDAO.ClientJobsDAO(7109) - INFO - <BUILDID=N/A, WORKER=HW, WRKID=83, JOBID=1009> Model insert attempt failed with DUP_ENTRY: jobID=1009; paramsHash=19aec87b133d141c1453d8d3cfcea9d8 OR particleHash=baa4151dbe631150af9e4c91bfc84682; IntegrityError(1062, u"Duplicate entry '1009-\\x19\\xAE\\xC8{\\x13=\\x14\\x1C\\x14S\\xD8\\xD3\\xCF\\xCE\\xA9\\xD8' for key 'job_id'")
2014-12-27 10:07:21,106 - com.numenta.nupic.swarming.HypersearchWorker(7109) - INFO - <BUILDID=N/A, WORKER=HW, WRKID=83, JOBID=1009> Adding model 1508 to our internal DB because modelInsertAndStart() failed to insert it: paramsHash=19aec87b133d141c1453d8d3cfcea9d8, particleHash=e49a20b6a855bd29f920c9d60365e2f5, particleId='80.20.0'
2014-12-27 10:07:21,113 - com.numenta.nupic.database.ClientJobsDAO.ClientJobsDAO(7109) - INFO - <BUILDID=N/A, WORKER=HW, WRKID=83, JOBID=1009> Model insert attempt failed with DUP_ENTRY: jobID=1009; paramsHash=19aec87b133d141c1453d8d3cfcea9d8 OR particleHash=24391f49e76351e9fc8ee7c63576dc5f; IntegrityError(1062, u"Duplicate entry '1009-\\x19\\xAE\\xC8{\\x13=\\x14\\x1C\\x14S\\xD8\\xD3\\xCF\\xCE\\xA9\\xD8' for key 'job_id'")
2014-12-27 10:07:21,121 - com.numenta.nupic.swarming.HypersearchWorker(7109) - INFO - <BUILDID=N/A, WORKER=HW, WRKID=83, JOBID=1009> Adding model 1508 to our internal DB because modelInsertAndStart() failed to insert it: paramsHash=19aec87b133d141c1453d8d3cfcea9d8, particleHash=e49a20b6a855bd29f920c9d60365e2f5, particleId='80.20.0'
2014-12-27 10:07:21,128 - com.numenta.nupic.database.ClientJobsDAO.ClientJobsDAO(7109) - INFO - <BUILDID=N/A, WORKER=HW, WRKID=83, JOBID=1009> Model insert attempt failed with DUP_ENTRY: jobID=1009; paramsHash=19aec87b133d141c1453d8d3cfcea9d8 OR particleHash=82ba2fb38a5ca97555d2e41d82f2dacc; IntegrityError(1062, u"Duplicate entry '1009-\\x19\\xAE\\xC8{\\x13=\\x14\\x1C\\x14S\\xD8\\xD3\\xCF\\xCE\\xA9\\xD8' for key 'job_id'")
2014-12-27 10:07:21,134 - com.numenta.nupic.swarming.HypersearchWorker(7109) - INFO - <BUILDID=N/A, WORKER=HW, WRKID=83, JOBID=1009> Adding model 1508 to our internal DB because modelInsertAndStart() failed to insert it: paramsHash=19aec87b133d141c1453d8d3cfcea9d8, particleHash=e49a20b6a855bd29f920c9d60365e2f5, particleId='80.20.0'
2014-12-27 10:07:21,140 - com.numenta.nupic.database.ClientJobsDAO.ClientJobsDAO(7109) - INFO - <BUILDID=N/A, WORKER=HW, WRKID=83, JOBID=1009> Model insert attempt failed with DUP_ENTRY: jobID=1009; paramsHash=19aec87b133d141c1453d8d3cfcea9d8 OR particleHash=6acab031ddf3381cb300c0f8bad3251e; IntegrityError(1062, u"Duplicate entry '1009-\\x19\\xAE\\xC8{\\x13=\\x14\\x1C\\x14S\\xD8\\xD3\\xCF\\xCE\\xA9\\xD8' for key 'job_id'")
2014-12-27 10:07:21,147 - com.numenta.nupic.swarming.HypersearchWorker(7109) - INFO - <BUILDID=N/A, WORKER=HW, WRKID=83, JOBID=1009> Adding model 1508 to our internal DB because modelInsertAndStart() failed to insert it: paramsHash=19aec87b133d141c1453d8d3cfcea9d8, particleHash=e49a20b6a855bd29f920c9d60365e2f5, particleId='80.20.0'
2014-12-27 10:07:21,154 - com.numenta.nupic.database.ClientJobsDAO.ClientJobsDAO(7109) - INFO - <BUILDID=N/A, WORKER=HW, WRKID=83, JOBID=1009> Model insert attempt failed with DUP_ENTRY: jobID=1009; paramsHash=19aec87b133d141c1453d8d3cfcea9d8 OR particleHash=c689e266d37b6708137115ebad9a8259; IntegrityError(1062, u"Duplicate entry '1009-\\x19\\xAE\\xC8{\\x13=\\x14\\x1C\\x14S\\xD8\\xD3\\xCF\\xCE\\xA9\\xD8' for key 'job_id'")
2014-12-27 10:07:21,162 - com.numenta.nupic.swarming.HypersearchWorker(7109) - INFO - <BUILDID=N/A, WORKER=HW, WRKID=83, JOBID=1009> Adding model 1508 to our internal DB because modelInsertAndStart() failed to insert it: paramsHash=19aec87b133d141c1453d8d3cfcea9d8, particleHash=e49a20b6a855bd29f920c9d60365e2f5, particleId='80.20.0'
2014-12-27 10:07:21,167 - com.numenta.nupic.database.ClientJobsDAO.ClientJobsDAO(7109) - INFO - <BUILDID=N/A, WORKER=HW, WRKID=83, JOBID=1009> Model insert attempt failed with DUP_ENTRY: jobID=1009; paramsHash=19aec87b133d141c1453d8d3cfcea9d8 OR particleHash=b31be4703b6153f4cc05b4abc10ce129; IntegrityError(1062, u"Duplicate entry '1009-\\x19\\xAE\\xC8{\\x13=\\x14\\x1C\\x14S\\xD8\\xD3\\xCF\\xCE\\xA9\\xD8' for key 'job_id'")
2014-12-27 10:07:21,176 - com.numenta.nupic.swarming.HypersearchWorker(7109) - INFO - <BUILDID=N/A, WORKER=HW, WRKID=83, JOBID=1009> Adding model 1508 to our internal DB because modelInsertAndStart() failed to insert it: paramsHash=19aec87b133d141c1453d8d3cfcea9d8, particleHash=e49a20b6a855bd29f920c9d60365e2f5, particleId='80.20.0'
2014-12-27 10:07:21,181 - com.numenta.nupic.database.ClientJobsDAO.ClientJobsDAO(7109) - INFO - <BUILDID=N/A, WORKER=HW, WRKID=83, JOBID=1009> Model insert attempt failed with DUP_ENTRY: jobID=1009; paramsHash=19aec87b133d141c1453d8d3cfcea9d8 OR particleHash=b9574e9c67de3e7c4606bc329f12d3cc; IntegrityError(1062, u"Duplicate entry '1009-\\x19\\xAE\\xC8{\\x13=\\x14\\x1C\\x14S\\xD8\\xD3\\xCF\\xCE\\xA9\\xD8' for key 'job_id'")
2014-12-27 10:07:21,192 - com.numenta.nupic.swarming.HypersearchWorker(7109) - INFO - <BUILDID=N/A, WORKER=HW, WRKID=83, JOBID=1009> Adding model 1508 to our internal DB because modelInsertAndStart() failed to insert it: paramsHash=19aec87b133d141c1453d8d3cfcea9d8, particleHash=e49a20b6a855bd29f920c9d60365e2f5, particleId='80.20.0'
2014-12-27 10:07:21,198 - com.numenta.nupic.database.ClientJobsDAO.ClientJobsDAO(7109) - INFO - <BUILDID=N/A, WORKER=HW, WRKID=83, JOBID=1009> Model insert attempt failed with DUP_ENTRY: jobID=1009; paramsHash=19aec87b133d141c1453d8d3cfcea9d8 OR particleHash=d1decf17e4c966bc1150e445cc50d9d1; IntegrityError(1062, u"Duplicate entry '1009-\\x19\\xAE\\xC8{\\x13=\\x14\\x1C\\x14S\\xD8\\xD3\\xCF\\xCE\\xA9\\xD8' for key 'job_id'")
2014-12-27 10:07:21,205 - com.numenta.nupic.swarming.HypersearchWorker(7109) - INFO - <BUILDID=N/A, WORKER=HW, WRKID=83, JOBID=1009> Adding model 1508 to our internal DB because modelInsertAndStart() failed to insert it: paramsHash=19aec87b133d141c1453d8d3cfcea9d8, particleHash=e49a20b6a855bd29f920c9d60365e2f5, particleId='80.20.0'
2014-12-27 10:07:21,211 - com.numenta.nupic.database.ClientJobsDAO.ClientJobsDAO(7109) - INFO - <BUILDID=N/A, WORKER=HW, WRKID=83, JOBID=1009> Model insert attempt failed with DUP_ENTRY: jobID=1009; paramsHash=19aec87b133d141c1453d8d3cfcea9d8 OR particleHash=316c720e328f66e5b82f9128cd6dfd6c; IntegrityError(1062, u"Duplicate entry '1009-\\x19\\xAE\\xC8{\\x13=\\x14\\x1C\\x14S\\xD8\\xD3\\xCF\\xCE\\xA9\\xD8' for key 'job_id'")
2014-12-27 10:07:21,217 - com.numenta.nupic.swarming.HypersearchWorker(7109) - INFO - <BUILDID=N/A, WORKER=HW, WRKID=83, JOBID=1009> Adding model 1508 to our internal DB because modelInsertAndStart() failed to insert it: paramsHash=19aec87b133d141c1453d8d3cfcea9d8, particleHash=e49a20b6a855bd29f920c9d60365e2f5, particleId='80.20.0'
2014-12-27 10:07:21,229 - com.numenta.nupic.swarming.HypersearchV2.HypersearchV2(7109) - INFO - <BUILDID=N/A, WORKER=HW, WRKID=83, JOBID=1009> Completed generation #0 of swarm 'modelParams|sensorParams|encoders|kw_energy_consumption' with a best errScore of inf
2014-12-27 10:07:21,329 - com.numenta.nupic.swarming.HypersearchWorker(7109) - INFO - <BUILDID=N/A, WORKER=HW, WRKID=83, JOBID=1009> Adding model 1529 to our internal DB because modelInsertAndStart() failed to insert it: paramsHash=82447107c1d57318b4b297c7580b4921, particleHash=c43101a53566e3885e11ffb4a4aa1f76, particleId='80.0.1'
2014-12-27 10:07:21,337 - com.numenta.nupic.swarming.HypersearchWorker(7109) - INFO - <BUILDID=N/A, WORKER=HW, WRKID=83, JOBID=1009> Adding model 1529 to our internal DB because modelInsertAndStart() failed to insert it: paramsHash=82447107c1d57318b4b297c7580b4921, particleHash=c43101a53566e3885e11ffb4a4aa1f76, particleId='80.0.1'
2014-12-27 10:07:21,341 - com.numenta.nupic.swarming.HypersearchWorker(7109) - INFO - <BUILDID=N/A, WORKER=HW, WRKID=83, JOBID=1009> Adding model 1529 to our internal DB because modelInsertAndStart() failed to insert it: paramsHash=82447107c1d57318b4b297c7580b4921, particleHash=c43101a53566e3885e11ffb4a4aa1f76, particleId='80.0.1'
2014-12-27 10:07:21,348 - com.numenta.nupic.swarming.HypersearchWorker(7109) - INFO - <BUILDID=N/A, WORKER=HW, WRKID=83, JOBID=1009> Adding model 1529 to our internal DB because modelInsertAndStart() failed to insert it: paramsHash=82447107c1d57318b4b297c7580b4921, particleHash=c43101a53566e3885e11ffb4a4aa1f76, particleId='80.0.1'
2014-12-27 10:07:21,356 - com.numenta.nupic.swarming.HypersearchWorker(7109) - INFO - <BUILDID=N/A, WORKER=HW, WRKID=83, JOBID=1009> Adding model 1529 to our internal DB because modelInsertAndStart() failed to insert it: paramsHash=82447107c1d57318b4b297c7580b4921, particleHash=c43101a53566e3885e11ffb4a4aa1f76, particleId='80.0.1'
2014-12-27 10:07:21,362 - com.numenta.nupic.swarming.HypersearchWorker(7109) - INFO - <BUILDID=N/A, WORKER=HW, WRKID=83, JOBID=1009> Adding model 1529 to our internal DB because modelInsertAndStart() failed to insert it: paramsHash=82447107c1d57318b4b297c7580b4921, particleHash=c43101a53566e3885e11ffb4a4aa1f76, particleId='80.0.1'
2014-12-27 10:07:21,369 - com.numenta.nupic.swarming.HypersearchWorker(7109) - INFO - <BUILDID=N/A, WORKER=HW, WRKID=83, JOBID=1009> Adding model 1529 to our internal DB because modelInsertAndStart() failed to insert it: paramsHash=82447107c1d57318b4b297c7580b4921, particleHash=c43101a53566e3885e11ffb4a4aa1f76, particleId='80.0.1'
2014-12-27 10:07:21,379 - com.numenta.nupic.swarming.HypersearchWorker(7109) - INFO - <BUILDID=N/A, WORKER=HW, WRKID=83, JOBID=1009> Adding model 1529 to our internal DB because modelInsertAndStart() failed to insert it: paramsHash=82447107c1d57318b4b297c7580b4921, particleHash=c43101a53566e3885e11ffb4a4aa1f76, particleId='80.0.1'
2014-12-27 10:07:21,391 - com.numenta.nupic.swarming.HypersearchWorker(7109) - INFO - <BUILDID=N/A, WORKER=HW, WRKID=83, JOBID=1009> Adding model 1529 to our internal DB because modelInsertAndStart() failed to insert it: paramsHash=82447107c1d57318b4b297c7580b4921, particleHash=c43101a53566e3885e11ffb4a4aa1f76, particleId='80.0.1'
2014-12-27 10:07:21,395 - com.numenta.nupic.swarming.HypersearchWorker(7109) - INFO - <BUILDID=N/A, WORKER=HW, WRKID=83, JOBID=1009> Adding model 1529 to our internal DB because modelInsertAndStart() failed to insert it: paramsHash=82447107c1d57318b4b297c7580b4921, particleHash=c43101a53566e3885e11ffb4a4aa1f76, particleId='80.0.1'
2014-12-27 10:07:21,400 - com.numenta.nupic.swarming.HypersearchV2.HypersearchV2(7109) - INFO - <BUILDID=N/A, WORKER=HW, WRKID=83, JOBID=1009> Ready to end hyperseach, but not all models have matured yet. Sleeping a bit to wait for all models to mature.
2014-12-27 10:07:24,637 - com.numenta.nupic.swarming.HypersearchV2.HypersearchV2(7109) - ERROR - <BUILDID=N/A, WORKER=HW, WRKID=83, JOBID=1009> Exiting because some worker set the workerCompletionReason to error. WorkerCompletionMsg: E10002: Exiting due to receiving too many models failing from exceptions (6 out of 6). 
Model Exception: Exception occurred while running model 1508: Exception(u'Invalid file format for "/home/pat/workspace/nupic/examples/opf/clients/hotgym/prediction/sandiego/sandiego.csv" - field type ""2011-02-01 01:00:00"" not one of (\'string\', \'datetime\', \'int\', \'float\', \'bool\', \'sdr\') ',) (<type 'exceptions.Exception'>)
Traceback (most recent call last):
  File "/home/pat/workspace/nupic/nupic/swarming/utils.py", line 430, in runModelGivenBaseAndParams
    (completionReason, completionMsg) = runner.run()
  File "/home/pat/workspace/nupic/nupic/swarming/ModelRunner.py", line 237, in run
    maxTimeout=readTimeout)
  File "/home/pat/workspace/nupic/nupic/data/stream_reader.py", line 210, in __init__
    self._openStream(dataUrl, isBlocking, maxTimeout, bookmark, firstRecordIdx)
  File "/home/pat/workspace/nupic/nupic/data/stream_reader.py", line 298, in _openStream
    firstRecord=firstRecordIdx)
  File "/home/pat/workspace/nupic/nupic/data/file_record_stream.py", line 209, in __init__
    'not one of %s ' % (self._filename, t, allowedTypes))
Exception: Invalid file format for "/home/pat/workspace/nupic/examples/opf/clients/hotgym/prediction/sandiego/sandiego.csv" - field type ""2011-02-01 01:00:00"" not one of ('string', 'datetime', 'int', 'float', 'bool', 'sdr') 

2014-12-27 10:07:24,643 - com.numenta.nupic.swarming.HypersearchV2.HypersearchV2(7109) - INFO - <BUILDID=N/A, WORKER=HW, WRKID=83, JOBID=1009> Failed updating the field contributions, another hypersearch worker must have updated it
2014-12-27 10:07:24,644 - com.numenta.nupic.swarming.HypersearchWorker(7109) - INFO - <BUILDID=N/A, WORKER=HW, WRKID=83, JOBID=1009> FINISHED. Evaluated 0 models.
