2014-12-27 10:37:18,918 - com.numenta.nupic.swarming.HypersearchWorker(7284) - INFO - <BUILDID=N/A, WORKER=HS, WRKID=N/A, JOBID=N/A> Launched with command line arguments: ['--jobID=1014']
2014-12-27 10:37:18,918 - com.numenta.nupic.swarming.HypersearchWorker(7284) - INFO - <BUILDID=N/A, WORKER=HS, WRKID=N/A, JOBID=N/A> Connecting to the jobs database
2014-12-27 10:37:18,919 - com.numenta.nupic.database.Connection.ConnectionFactory(7284) - INFO - <BUILDID=N/A, WORKER=HS, WRKID=N/A, JOBID=N/A> Creating db connection policy via provider <bound method type._createDefaultPolicy of <class 'nupic.database.Connection.ConnectionFactory'>>
2014-12-27 10:37:18,921 - com.numenta.nupic.database.Connection.PooledConnectionPolicy(7284) - INFO - <BUILDID=N/A, WORKER=HS, WRKID=N/A, JOBID=N/A> Created PooledConnectionPolicy
2014-12-27 10:37:18,929 - com.numenta.nupic.database.ClientJobsDAO.ClientJobsDAO(7284) - INFO - <BUILDID=N/A, WORKER=HS, WRKID=N/A, JOBID=N/A> clientJobsConnectionID=106
2014-12-27 10:37:18,931 - com.numenta.nupic.swarming.HypersearchWorker(7284) - INFO - <BUILDID=N/A, WORKER=HW, WRKID=106, JOBID=1014> Job info retrieved: {'engModelMilestones': 'None', 'clientInfo': '', 'numFailedWorkers': '0', 'engJobType': 'hypersearch', 'results': 'None', 'jobId': '1014', 'completionMsg': 'None', 'cancel': '0', 'engWorkerState': 'None', 'workerCompletionMsg': 'None', 'jobHash': "b\xe0\x01y\x8d\xf7\x11\xe4\x9c\x1f\x08\x00'\x16\xdf\xd4", 'genBaseDescription': 'None', 'completionReason': 'None', 'priority': '0', 'cmdLine': '$HYPERSEARCH', 'params': '{"hsVersion": "v2", "maxModels": null, "persistentJobGUID": "62e...', 'workerCompletionReason': 'success', 'engAllocateNewWorkers': '1', 'lastFailedWorkerErrorMsg': 'None', 'engUntendedDeadWorkers': '0', 'engLastUpdateTime': '2014-12-27 18:37:18', 'status': 'notStarted', 'engStatus': 'None', 'startTime': 'None', 'minimumWorkers': '1', 'endTime': 'None', 'engCjmConnId': 'None', 'genPermutations': 'None', 'client': 'GRP', 'engCleaningStatus': 'notdone', 'clientKey': '', 'maximumWorkers': '4'}
2014-12-27 10:37:18,933 - com.numenta.nupic.swarming.HypersearchV2.HypersearchV2(7284) - INFO - <BUILDID=N/A, WORKER=HW, WRKID=106, JOBID=1014> searchParams: 
{u'description': {u'includedFields': [{u'fieldName': 'timestamp',
                                       u'fieldType': 'datetime'},
                                      {u'fieldName': 'kw_energy_consumption',
                                       u'fieldType': 'float',
                                       u'maxValue': '5.18',
                                       u'minValue': '0.0'}],
                  u'inferenceArgs': {u'predictedField': 'kw_energy_consumption',
                                     u'predictionSteps': ['1']},
                  u'inferenceType': 'TemporalMultiStep',
                  u'iterationCount': '-1',
                  u'streamDef': {u'info': 'kw_energy_consumption',
                                 u'streams': [{u'columns': ['*'],
                                               u'info': 'San Diego',
                                               u'source': 'file://sandiego.csv'}],
                                 u'version': '1'},
                  u'swarmSize': 'small'},
 u'hsVersion': 'v2',
 u'maxModels': 'None',
 u'persistentJobGUID': '62e00178-8df7-11e4-9c1f-08002716dfd4',
 u'useTerminators': 'False'}
2014-12-27 10:37:19,149 - com.numenta.nupic.swarming.HypersearchV2.HypersearchV2(7284) - INFO - <BUILDID=N/A, WORKER=HW, WRKID=106, JOBID=1014> Active swarms changed to [u'modelParams|sensorParams|encoders|kw_energy_consumption'] (from None)
2014-12-27 10:37:19,228 - com.numenta.nupic.database.ClientJobsDAO.ClientJobsDAO(7284) - INFO - <BUILDID=N/A, WORKER=HW, WRKID=106, JOBID=1014> Model insert attempt failed with DUP_ENTRY: jobID=1014; paramsHash=b83e94a3acb214f3fdd3aee92e9fbdb5 OR particleHash=dab17782e672261c13e53d90c252143f; IntegrityError(1062, u"Duplicate entry '1014-\\xB8>\\x94\\xA3\\xAC\\xB2\\x14\\xF3\\xFD\\xD3\\xAE\\xE9.\\x9F\\xBD\\xB5' for key 'job_id'")
2014-12-27 10:37:19,237 - com.numenta.nupic.swarming.HypersearchWorker(7284) - INFO - <BUILDID=N/A, WORKER=HW, WRKID=106, JOBID=1014> Adding model 1631 to our internal DB because modelInsertAndStart() failed to insert it: paramsHash=b83e94a3acb214f3fdd3aee92e9fbdb5, particleHash=4f27b39cdea817d7cd7f9f72d7314e94, particleId='105.0.0'
2014-12-27 10:37:19,241 - com.numenta.nupic.database.ClientJobsDAO.ClientJobsDAO(7284) - INFO - <BUILDID=N/A, WORKER=HW, WRKID=106, JOBID=1014> Model insert attempt failed with DUP_ENTRY: jobID=1014; paramsHash=b83e94a3acb214f3fdd3aee92e9fbdb5 OR particleHash=2adf87e8fe5455c46003ef43e0042c62; IntegrityError(1062, u"Duplicate entry '1014-\\xB8>\\x94\\xA3\\xAC\\xB2\\x14\\xF3\\xFD\\xD3\\xAE\\xE9.\\x9F\\xBD\\xB5' for key 'job_id'")
2014-12-27 10:37:19,250 - com.numenta.nupic.swarming.HypersearchWorker(7284) - INFO - <BUILDID=N/A, WORKER=HW, WRKID=106, JOBID=1014> Adding model 1631 to our internal DB because modelInsertAndStart() failed to insert it: paramsHash=b83e94a3acb214f3fdd3aee92e9fbdb5, particleHash=4f27b39cdea817d7cd7f9f72d7314e94, particleId='105.0.0'
2014-12-27 10:37:19,256 - com.numenta.nupic.database.ClientJobsDAO.ClientJobsDAO(7284) - INFO - <BUILDID=N/A, WORKER=HW, WRKID=106, JOBID=1014> Model insert attempt failed with DUP_ENTRY: jobID=1014; paramsHash=b83e94a3acb214f3fdd3aee92e9fbdb5 OR particleHash=26b1a7184d02b4d1d1ce60b7f438578e; IntegrityError(1062, u"Duplicate entry '1014-\\xB8>\\x94\\xA3\\xAC\\xB2\\x14\\xF3\\xFD\\xD3\\xAE\\xE9.\\x9F\\xBD\\xB5' for key 'job_id'")
2014-12-27 10:37:19,261 - com.numenta.nupic.swarming.HypersearchWorker(7284) - INFO - <BUILDID=N/A, WORKER=HW, WRKID=106, JOBID=1014> Adding model 1631 to our internal DB because modelInsertAndStart() failed to insert it: paramsHash=b83e94a3acb214f3fdd3aee92e9fbdb5, particleHash=4f27b39cdea817d7cd7f9f72d7314e94, particleId='105.0.0'
2014-12-27 10:37:19,264 - com.numenta.nupic.database.ClientJobsDAO.ClientJobsDAO(7284) - INFO - <BUILDID=N/A, WORKER=HW, WRKID=106, JOBID=1014> Model insert attempt failed with DUP_ENTRY: jobID=1014; paramsHash=b83e94a3acb214f3fdd3aee92e9fbdb5 OR particleHash=1e67cb985c790fe3e7999ebcff683be5; IntegrityError(1062, u"Duplicate entry '1014-\\xB8>\\x94\\xA3\\xAC\\xB2\\x14\\xF3\\xFD\\xD3\\xAE\\xE9.\\x9F\\xBD\\xB5' for key 'job_id'")
2014-12-27 10:37:19,269 - com.numenta.nupic.swarming.HypersearchWorker(7284) - INFO - <BUILDID=N/A, WORKER=HW, WRKID=106, JOBID=1014> Adding model 1631 to our internal DB because modelInsertAndStart() failed to insert it: paramsHash=b83e94a3acb214f3fdd3aee92e9fbdb5, particleHash=4f27b39cdea817d7cd7f9f72d7314e94, particleId='105.0.0'
2014-12-27 10:37:19,273 - com.numenta.nupic.database.ClientJobsDAO.ClientJobsDAO(7284) - INFO - <BUILDID=N/A, WORKER=HW, WRKID=106, JOBID=1014> Model insert attempt failed with DUP_ENTRY: jobID=1014; paramsHash=b83e94a3acb214f3fdd3aee92e9fbdb5 OR particleHash=1ce997ecd2ec91a4047f2268d3bf2d3e; IntegrityError(1062, u"Duplicate entry '1014-\\xB8>\\x94\\xA3\\xAC\\xB2\\x14\\xF3\\xFD\\xD3\\xAE\\xE9.\\x9F\\xBD\\xB5' for key 'job_id'")
2014-12-27 10:37:19,277 - com.numenta.nupic.swarming.HypersearchWorker(7284) - INFO - <BUILDID=N/A, WORKER=HW, WRKID=106, JOBID=1014> Adding model 1631 to our internal DB because modelInsertAndStart() failed to insert it: paramsHash=b83e94a3acb214f3fdd3aee92e9fbdb5, particleHash=4f27b39cdea817d7cd7f9f72d7314e94, particleId='105.0.0'
2014-12-27 10:37:19,281 - com.numenta.nupic.database.ClientJobsDAO.ClientJobsDAO(7284) - INFO - <BUILDID=N/A, WORKER=HW, WRKID=106, JOBID=1014> Model insert attempt failed with DUP_ENTRY: jobID=1014; paramsHash=b83e94a3acb214f3fdd3aee92e9fbdb5 OR particleHash=ca24ae3560a631bf813902b28e2749b2; IntegrityError(1062, u"Duplicate entry '1014-\\xB8>\\x94\\xA3\\xAC\\xB2\\x14\\xF3\\xFD\\xD3\\xAE\\xE9.\\x9F\\xBD\\xB5' for key 'job_id'")
2014-12-27 10:37:19,286 - com.numenta.nupic.swarming.HypersearchWorker(7284) - INFO - <BUILDID=N/A, WORKER=HW, WRKID=106, JOBID=1014> Adding model 1631 to our internal DB because modelInsertAndStart() failed to insert it: paramsHash=b83e94a3acb214f3fdd3aee92e9fbdb5, particleHash=4f27b39cdea817d7cd7f9f72d7314e94, particleId='105.0.0'
2014-12-27 10:37:19,289 - com.numenta.nupic.database.ClientJobsDAO.ClientJobsDAO(7284) - INFO - <BUILDID=N/A, WORKER=HW, WRKID=106, JOBID=1014> Model insert attempt failed with DUP_ENTRY: jobID=1014; paramsHash=b83e94a3acb214f3fdd3aee92e9fbdb5 OR particleHash=e3f3c66ca15f0a18846f4db96c0e3800; IntegrityError(1062, u"Duplicate entry '1014-\\xB8>\\x94\\xA3\\xAC\\xB2\\x14\\xF3\\xFD\\xD3\\xAE\\xE9.\\x9F\\xBD\\xB5' for key 'job_id'")
2014-12-27 10:37:19,292 - com.numenta.nupic.swarming.HypersearchWorker(7284) - INFO - <BUILDID=N/A, WORKER=HW, WRKID=106, JOBID=1014> Adding model 1631 to our internal DB because modelInsertAndStart() failed to insert it: paramsHash=b83e94a3acb214f3fdd3aee92e9fbdb5, particleHash=4f27b39cdea817d7cd7f9f72d7314e94, particleId='105.0.0'
2014-12-27 10:37:19,296 - com.numenta.nupic.database.ClientJobsDAO.ClientJobsDAO(7284) - INFO - <BUILDID=N/A, WORKER=HW, WRKID=106, JOBID=1014> Model insert attempt failed with DUP_ENTRY: jobID=1014; paramsHash=b83e94a3acb214f3fdd3aee92e9fbdb5 OR particleHash=6d4ddf73a978942f0eb07d6e39a77983; IntegrityError(1062, u"Duplicate entry '1014-\\xB8>\\x94\\xA3\\xAC\\xB2\\x14\\xF3\\xFD\\xD3\\xAE\\xE9.\\x9F\\xBD\\xB5' for key 'job_id'")
2014-12-27 10:37:19,299 - com.numenta.nupic.swarming.HypersearchWorker(7284) - INFO - <BUILDID=N/A, WORKER=HW, WRKID=106, JOBID=1014> Adding model 1631 to our internal DB because modelInsertAndStart() failed to insert it: paramsHash=b83e94a3acb214f3fdd3aee92e9fbdb5, particleHash=4f27b39cdea817d7cd7f9f72d7314e94, particleId='105.0.0'
2014-12-27 10:37:19,302 - com.numenta.nupic.database.ClientJobsDAO.ClientJobsDAO(7284) - INFO - <BUILDID=N/A, WORKER=HW, WRKID=106, JOBID=1014> Model insert attempt failed with DUP_ENTRY: jobID=1014; paramsHash=b83e94a3acb214f3fdd3aee92e9fbdb5 OR particleHash=91e5e14a4de5f4f2ead1a62f13f1e5df; IntegrityError(1062, u"Duplicate entry '1014-\\xB8>\\x94\\xA3\\xAC\\xB2\\x14\\xF3\\xFD\\xD3\\xAE\\xE9.\\x9F\\xBD\\xB5' for key 'job_id'")
2014-12-27 10:37:19,305 - com.numenta.nupic.swarming.HypersearchWorker(7284) - INFO - <BUILDID=N/A, WORKER=HW, WRKID=106, JOBID=1014> Adding model 1631 to our internal DB because modelInsertAndStart() failed to insert it: paramsHash=b83e94a3acb214f3fdd3aee92e9fbdb5, particleHash=4f27b39cdea817d7cd7f9f72d7314e94, particleId='105.0.0'
2014-12-27 10:37:19,308 - com.numenta.nupic.database.ClientJobsDAO.ClientJobsDAO(7284) - INFO - <BUILDID=N/A, WORKER=HW, WRKID=106, JOBID=1014> Model insert attempt failed with DUP_ENTRY: jobID=1014; paramsHash=b83e94a3acb214f3fdd3aee92e9fbdb5 OR particleHash=4c86f2869ad6587e531ff719df9735c0; IntegrityError(1062, u"Duplicate entry '1014-\\xB8>\\x94\\xA3\\xAC\\xB2\\x14\\xF3\\xFD\\xD3\\xAE\\xE9.\\x9F\\xBD\\xB5' for key 'job_id'")
2014-12-27 10:37:19,311 - com.numenta.nupic.swarming.HypersearchWorker(7284) - INFO - <BUILDID=N/A, WORKER=HW, WRKID=106, JOBID=1014> Adding model 1631 to our internal DB because modelInsertAndStart() failed to insert it: paramsHash=b83e94a3acb214f3fdd3aee92e9fbdb5, particleHash=4f27b39cdea817d7cd7f9f72d7314e94, particleId='105.0.0'
2014-12-27 10:37:19,315 - com.numenta.nupic.swarming.HypersearchV2.HypersearchV2(7284) - INFO - <BUILDID=N/A, WORKER=HW, WRKID=106, JOBID=1014> Ready to end hyperseach, but not all models have matured yet. Sleeping a bit to wait for all models to mature.
2014-12-27 10:37:22,521 - com.numenta.nupic.swarming.HypersearchV2.HypersearchV2(7284) - ERROR - <BUILDID=N/A, WORKER=HW, WRKID=106, JOBID=1014> Exiting because some worker set the workerCompletionReason to error. WorkerCompletionMsg: E10001: ('The provided timestamp "2011-02-01 01:00:00" is malformed. The supported formats are: [%Y-%m-%d %H:%M:%S.%f, %Y-%m-%d %H:%M:%S:%f, %Y-%m-%d %H:%M:%S, %Y-%m-%d %H:%M, %Y-%m-%d, %m/%d/%Y %H:%M, %m/%d/%y %H:%M, %Y-%m-%dT%H:%M:%S.%fZ, %Y-%m-%dT%H:%M:%SZ, %Y-%m-%dT%H:%M:%S]',): Traceback (most recent call last):
  File "/home/pat/workspace/nupic/nupic/swarming/ModelRunner.py", line 346, in __runTaskMainLoop
    inputRecord = self._inputSource.getNextRecordDict()
  File "/home/pat/workspace/nupic/nupic/data/record_stream.py", line 75, in getNextRecordDict
    values = self.getNextRecord()
  File "/home/pat/workspace/nupic/nupic/data/stream_reader.py", line 327, in getNextRecord
    preAggValues = self._recordStore.getNextRecord()
  File "/home/pat/workspace/nupic/nupic/data/file_record_stream.py", line 374, in getNextRecord
    record.append(self._adapters[i](f))
  File "/home/pat/workspace/nupic/nupic/data/utils.py", line 60, in parseTimestamp
    'formats are: [%s]' % (s, ', '.join(DATETIME_FORMATS)))
ValueError: The provided timestamp "2011-02-01 01:00:00" is malformed. The supported formats are: [%Y-%m-%d %H:%M:%S.%f, %Y-%m-%d %H:%M:%S:%f, %Y-%m-%d %H:%M:%S, %Y-%m-%d %H:%M, %Y-%m-%d, %m/%d/%Y %H:%M, %m/%d/%y %H:%M, %Y-%m-%dT%H:%M:%S.%fZ, %Y-%m-%dT%H:%M:%SZ, %Y-%m-%dT%H:%M:%S]

2014-12-27 10:37:22,526 - com.numenta.nupic.swarming.HypersearchV2.HypersearchV2(7284) - INFO - <BUILDID=N/A, WORKER=HW, WRKID=106, JOBID=1014> Failed updating the field contributions, another hypersearch worker must have updated it
2014-12-27 10:37:22,527 - com.numenta.nupic.swarming.HypersearchWorker(7284) - INFO - <BUILDID=N/A, WORKER=HW, WRKID=106, JOBID=1014> FINISHED. Evaluated 0 models.
