2015-06-30 07:06:08,898 - com.numenta.nupic.swarming.HypersearchWorker(4961) - INFO - <BUILDID=N/A, WORKER=HS, WRKID=N/A, JOBID=N/A> Launched with command line arguments: ['--jobID=1027']
2015-06-30 07:06:08,898 - com.numenta.nupic.swarming.HypersearchWorker(4961) - INFO - <BUILDID=N/A, WORKER=HS, WRKID=N/A, JOBID=N/A> Connecting to the jobs database
2015-06-30 07:06:08,899 - com.numenta.nupic.database.Connection.ConnectionFactory(4961) - INFO - <BUILDID=N/A, WORKER=HS, WRKID=N/A, JOBID=N/A> Creating db connection policy via provider <bound method type._createDefaultPolicy of <class 'nupic.database.Connection.ConnectionFactory'>>
2015-06-30 07:06:08,918 - com.numenta.nupic.database.Connection.PooledConnectionPolicy(4961) - INFO - <BUILDID=N/A, WORKER=HS, WRKID=N/A, JOBID=N/A> Created PooledConnectionPolicy
2015-06-30 07:06:08,926 - com.numenta.nupic.database.ClientJobsDAO.ClientJobsDAO(4961) - INFO - <BUILDID=N/A, WORKER=HS, WRKID=N/A, JOBID=N/A> clientJobsConnectionID=47
2015-06-30 07:06:08,928 - com.numenta.nupic.swarming.HypersearchWorker(4961) - INFO - <BUILDID=N/A, WORKER=HW, WRKID=47, JOBID=1027> Job info retrieved: {'engModelMilestones': 'None', 'clientInfo': '', 'numFailedWorkers': '0', 'engJobType': 'hypersearch', 'results': 'None', 'jobId': '1027', 'completionMsg': 'None', 'cancel': '0', 'engWorkerState': 'None', 'workerCompletionMsg': 'None', 'jobHash': "'\xa47S\x1f1\x11\xe5\x97X\x08\x00'\x16\xdf\xd4", 'genBaseDescription': 'None', 'completionReason': 'None', 'priority': '0', 'cmdLine': '$HYPERSEARCH', 'params': '{"hsVersion": "v2", "maxModels": null, "persistentJobGUID": "27a...', 'workerCompletionReason': 'success', 'engAllocateNewWorkers': '1', 'lastFailedWorkerErrorMsg': 'None', 'engUntendedDeadWorkers': '0', 'engLastUpdateTime': '2015-06-30 14:06:08', 'status': 'notStarted', 'engStatus': 'None', 'startTime': 'None', 'minimumWorkers': '1', 'endTime': 'None', 'engCjmConnId': 'None', 'genPermutations': 'None', 'client': 'GRP', 'engCleaningStatus': 'notdone', 'clientKey': '', 'maximumWorkers': '4'}
2015-06-30 07:06:08,938 - com.numenta.nupic.swarming.HypersearchV2.HypersearchV2(4961) - INFO - <BUILDID=N/A, WORKER=HW, WRKID=47, JOBID=1027> searchParams: 
{u'description': {u'includedFields': [{u'fieldName': 'timestamp',
                                       u'fieldType': 'datetime'},
                                      {u'fieldName': 'temp',
                                       u'fieldType': 'float',
                                       u'maxValue': '34.0',
                                       u'minValue': '6.0'},
                                      {u'fieldName': 'dewpt',
                                       u'fieldType': 'float',
                                       u'maxValue': '22.0',
                                       u'minValue': '-22.0'},
                                      {u'fieldName': 'wind',
                                       u'fieldType': 'float',
                                       u'maxValue': '14.0',
                                       u'minValue': '0.0'},
                                      {u'fieldName': 'is_daylight',
                                       u'fieldType': 'int',
                                       u'maxValue': '1',
                                       u'minValue': '0'},
                                      {u'fieldName': 'elapsed',
                                       u'fieldType': 'int',
                                       u'maxValue': '86400',
                                       u'minValue': '0'},
                                      {u'fieldName': 'kwh',
                                       u'fieldType': 'float',
                                       u'maxValue': '5.18',
                                       u'minValue': '0.0'}],
                  u'inferenceArgs': {u'predictedField': 'kwh',
                                     u'predictionSteps': ['1']},
                  u'inferenceType': 'TemporalMultiStep',
                  u'iterationCount': '-1',
                  u'streamDef': {u'info': 'kw_energy_consumption',
                                 u'streams': [{u'columns': ['*'],
                                               u'info': 'San Diego',
                                               u'source': 'file://sd_weather.csv'}],
                                 u'version': '1'},
                  u'swarmSize': 'medium'},
 u'hsVersion': 'v2',
 u'maxModels': 'None',
 u'persistentJobGUID': '27a43752-1f31-11e5-9758-08002716dfd4',
 u'useTerminators': 'False'}
2015-06-30 07:06:09,194 - com.numenta.nupic.swarming.HypersearchV2.HypersearchV2(4961) - INFO - <BUILDID=N/A, WORKER=HW, WRKID=47, JOBID=1027> Active swarms changed to [u'modelParams|sensorParams|encoders|dewpt', u'modelParams|sensorParams|encoders|wind', u'modelParams|sensorParams|encoders|is_daylight', u'modelParams|sensorParams|encoders|elapsed', u'modelParams|sensorParams|encoders|kwh', u'modelParams|sensorParams|encoders|timestamp_timeOfDay', u'modelParams|sensorParams|encoders|timestamp_dayOfWeek', u'modelParams|sensorParams|encoders|temp', u'modelParams|sensorParams|encoders|timestamp_weekend'] (from None)
2015-06-30 07:06:09,304 - com.numenta.nupic.database.ClientJobsDAO.ClientJobsDAO(4961) - INFO - <BUILDID=N/A, WORKER=HW, WRKID=47, JOBID=1027> Model insert attempt failed with DUP_ENTRY: jobID=1027; paramsHash=bea41b9861111caad55dd55b43b8d808 OR particleHash=e0eec1370ff310c451d9bce8c9b6efc9; IntegrityError(1062, u"Duplicate entry '1027-\\xBE\\xA4\\x1B\\x98a\\x11\\x1C\\xAA\\xD5]\\xD5[C\\xB8\\xD8\\x08' for key 'job_id'")
2015-06-30 07:06:09,312 - com.numenta.nupic.swarming.HypersearchWorker(4961) - INFO - <BUILDID=N/A, WORKER=HW, WRKID=47, JOBID=1027> Adding model 3047 to our internal DB because modelInsertAndStart() failed to insert it: paramsHash=bea41b9861111caad55dd55b43b8d808, particleHash=d34ea1d547ac6f4210cd74e3d6772d14, particleId='49.0.0'
2015-06-30 07:06:09,317 - com.numenta.nupic.database.ClientJobsDAO.ClientJobsDAO(4961) - INFO - <BUILDID=N/A, WORKER=HW, WRKID=47, JOBID=1027> Model insert attempt failed with DUP_ENTRY: jobID=1027; paramsHash=bea41b9861111caad55dd55b43b8d808 OR particleHash=f1e32e5ae3f237b3809f41f7e51f1bee; IntegrityError(1062, u"Duplicate entry '1027-\\xBE\\xA4\\x1B\\x98a\\x11\\x1C\\xAA\\xD5]\\xD5[C\\xB8\\xD8\\x08' for key 'job_id'")
2015-06-30 07:06:09,322 - com.numenta.nupic.swarming.HypersearchWorker(4961) - INFO - <BUILDID=N/A, WORKER=HW, WRKID=47, JOBID=1027> Adding model 3047 to our internal DB because modelInsertAndStart() failed to insert it: paramsHash=bea41b9861111caad55dd55b43b8d808, particleHash=d34ea1d547ac6f4210cd74e3d6772d14, particleId='49.0.0'
2015-06-30 07:06:09,327 - com.numenta.nupic.database.ClientJobsDAO.ClientJobsDAO(4961) - INFO - <BUILDID=N/A, WORKER=HW, WRKID=47, JOBID=1027> Model insert attempt failed with DUP_ENTRY: jobID=1027; paramsHash=bea41b9861111caad55dd55b43b8d808 OR particleHash=5bbcfe70f4026ad87ea8bac4c11c1e86; IntegrityError(1062, u"Duplicate entry '1027-\\xBE\\xA4\\x1B\\x98a\\x11\\x1C\\xAA\\xD5]\\xD5[C\\xB8\\xD8\\x08' for key 'job_id'")
2015-06-30 07:06:09,332 - com.numenta.nupic.swarming.HypersearchWorker(4961) - INFO - <BUILDID=N/A, WORKER=HW, WRKID=47, JOBID=1027> Adding model 3047 to our internal DB because modelInsertAndStart() failed to insert it: paramsHash=bea41b9861111caad55dd55b43b8d808, particleHash=d34ea1d547ac6f4210cd74e3d6772d14, particleId='49.0.0'
2015-06-30 07:06:09,341 - com.numenta.nupic.database.ClientJobsDAO.ClientJobsDAO(4961) - INFO - <BUILDID=N/A, WORKER=HW, WRKID=47, JOBID=1027> Model insert attempt failed with DUP_ENTRY: jobID=1027; paramsHash=bea41b9861111caad55dd55b43b8d808 OR particleHash=e025f28b4e9be473967370a6997a1d10; IntegrityError(1062, u"Duplicate entry '1027-\\xBE\\xA4\\x1B\\x98a\\x11\\x1C\\xAA\\xD5]\\xD5[C\\xB8\\xD8\\x08' for key 'job_id'")
2015-06-30 07:06:09,348 - com.numenta.nupic.swarming.HypersearchWorker(4961) - INFO - <BUILDID=N/A, WORKER=HW, WRKID=47, JOBID=1027> Adding model 3047 to our internal DB because modelInsertAndStart() failed to insert it: paramsHash=bea41b9861111caad55dd55b43b8d808, particleHash=d34ea1d547ac6f4210cd74e3d6772d14, particleId='49.0.0'
2015-06-30 07:06:09,353 - com.numenta.nupic.database.ClientJobsDAO.ClientJobsDAO(4961) - INFO - <BUILDID=N/A, WORKER=HW, WRKID=47, JOBID=1027> Model insert attempt failed with DUP_ENTRY: jobID=1027; paramsHash=bea41b9861111caad55dd55b43b8d808 OR particleHash=6ef77c2f7cf942114dd648c7b14f1247; IntegrityError(1062, u"Duplicate entry '1027-\\xBE\\xA4\\x1B\\x98a\\x11\\x1C\\xAA\\xD5]\\xD5[C\\xB8\\xD8\\x08' for key 'job_id'")
2015-06-30 07:06:09,364 - com.numenta.nupic.swarming.HypersearchWorker(4961) - INFO - <BUILDID=N/A, WORKER=HW, WRKID=47, JOBID=1027> Adding model 3047 to our internal DB because modelInsertAndStart() failed to insert it: paramsHash=bea41b9861111caad55dd55b43b8d808, particleHash=d34ea1d547ac6f4210cd74e3d6772d14, particleId='49.0.0'
2015-06-30 07:06:09,368 - com.numenta.nupic.database.ClientJobsDAO.ClientJobsDAO(4961) - INFO - <BUILDID=N/A, WORKER=HW, WRKID=47, JOBID=1027> Model insert attempt failed with DUP_ENTRY: jobID=1027; paramsHash=bea41b9861111caad55dd55b43b8d808 OR particleHash=d2c4099031aca7aa187bbd763fa4b67d; IntegrityError(1062, u"Duplicate entry '1027-\\xBE\\xA4\\x1B\\x98a\\x11\\x1C\\xAA\\xD5]\\xD5[C\\xB8\\xD8\\x08' for key 'job_id'")
2015-06-30 07:06:09,375 - com.numenta.nupic.swarming.HypersearchWorker(4961) - INFO - <BUILDID=N/A, WORKER=HW, WRKID=47, JOBID=1027> Adding model 3047 to our internal DB because modelInsertAndStart() failed to insert it: paramsHash=bea41b9861111caad55dd55b43b8d808, particleHash=d34ea1d547ac6f4210cd74e3d6772d14, particleId='49.0.0'
2015-06-30 07:06:09,378 - com.numenta.nupic.database.ClientJobsDAO.ClientJobsDAO(4961) - INFO - <BUILDID=N/A, WORKER=HW, WRKID=47, JOBID=1027> Model insert attempt failed with DUP_ENTRY: jobID=1027; paramsHash=bea41b9861111caad55dd55b43b8d808 OR particleHash=f49aef2ecc49c10fbd5833bb4a170001; IntegrityError(1062, u"Duplicate entry '1027-\\xBE\\xA4\\x1B\\x98a\\x11\\x1C\\xAA\\xD5]\\xD5[C\\xB8\\xD8\\x08' for key 'job_id'")
2015-06-30 07:06:09,385 - com.numenta.nupic.swarming.HypersearchWorker(4961) - INFO - <BUILDID=N/A, WORKER=HW, WRKID=47, JOBID=1027> Adding model 3047 to our internal DB because modelInsertAndStart() failed to insert it: paramsHash=bea41b9861111caad55dd55b43b8d808, particleHash=d34ea1d547ac6f4210cd74e3d6772d14, particleId='49.0.0'
2015-06-30 07:06:09,391 - com.numenta.nupic.database.ClientJobsDAO.ClientJobsDAO(4961) - INFO - <BUILDID=N/A, WORKER=HW, WRKID=47, JOBID=1027> Model insert attempt failed with DUP_ENTRY: jobID=1027; paramsHash=bea41b9861111caad55dd55b43b8d808 OR particleHash=6fcb1469d73baf6fae1b00b33021a248; IntegrityError(1062, u"Duplicate entry '1027-\\xBE\\xA4\\x1B\\x98a\\x11\\x1C\\xAA\\xD5]\\xD5[C\\xB8\\xD8\\x08' for key 'job_id'")
2015-06-30 07:06:09,399 - com.numenta.nupic.swarming.HypersearchWorker(4961) - INFO - <BUILDID=N/A, WORKER=HW, WRKID=47, JOBID=1027> Adding model 3047 to our internal DB because modelInsertAndStart() failed to insert it: paramsHash=bea41b9861111caad55dd55b43b8d808, particleHash=d34ea1d547ac6f4210cd74e3d6772d14, particleId='49.0.0'
2015-06-30 07:06:09,403 - com.numenta.nupic.database.ClientJobsDAO.ClientJobsDAO(4961) - INFO - <BUILDID=N/A, WORKER=HW, WRKID=47, JOBID=1027> Model insert attempt failed with DUP_ENTRY: jobID=1027; paramsHash=bea41b9861111caad55dd55b43b8d808 OR particleHash=e304d4d1e026569a000fa603e83016d4; IntegrityError(1062, u"Duplicate entry '1027-\\xBE\\xA4\\x1B\\x98a\\x11\\x1C\\xAA\\xD5]\\xD5[C\\xB8\\xD8\\x08' for key 'job_id'")
2015-06-30 07:06:09,423 - com.numenta.nupic.swarming.HypersearchWorker(4961) - INFO - <BUILDID=N/A, WORKER=HW, WRKID=47, JOBID=1027> Adding model 3047 to our internal DB because modelInsertAndStart() failed to insert it: paramsHash=bea41b9861111caad55dd55b43b8d808, particleHash=d34ea1d547ac6f4210cd74e3d6772d14, particleId='49.0.0'
2015-06-30 07:06:09,436 - com.numenta.nupic.database.ClientJobsDAO.ClientJobsDAO(4961) - INFO - <BUILDID=N/A, WORKER=HW, WRKID=47, JOBID=1027> Model insert attempt failed with DUP_ENTRY: jobID=1027; paramsHash=bea41b9861111caad55dd55b43b8d808 OR particleHash=b2b746d10ce2acff1f7162c1941a17c9; IntegrityError(1062, u"Duplicate entry '1027-\\xBE\\xA4\\x1B\\x98a\\x11\\x1C\\xAA\\xD5]\\xD5[C\\xB8\\xD8\\x08' for key 'job_id'")
2015-06-30 07:06:09,448 - com.numenta.nupic.swarming.HypersearchWorker(4961) - INFO - <BUILDID=N/A, WORKER=HW, WRKID=47, JOBID=1027> Adding model 3047 to our internal DB because modelInsertAndStart() failed to insert it: paramsHash=bea41b9861111caad55dd55b43b8d808, particleHash=d34ea1d547ac6f4210cd74e3d6772d14, particleId='49.0.0'
2015-06-30 07:06:09,608 - com.numenta.nupic.database.ClientJobsDAO.ClientJobsDAO(4961) - INFO - <BUILDID=N/A, WORKER=HW, WRKID=47, JOBID=1027> Model insert attempt failed with DUP_ENTRY: jobID=1027; paramsHash=9524ba6ff16f4a9e2a8a2e5ac3ba3e68 OR particleHash=a1d8fd3d96287b024b19e2d4bb0bbe22; IntegrityError(1062, u"Duplicate entry '1027-\\x95$\\xBAo\\xF1oJ\\x9E*\\x8A.Z\\xC3\\xBA>h' for key 'job_id'")
2015-06-30 07:06:09,614 - com.numenta.nupic.swarming.HypersearchWorker(4961) - INFO - <BUILDID=N/A, WORKER=HW, WRKID=47, JOBID=1027> Adding model 3076 to our internal DB because modelInsertAndStart() failed to insert it: paramsHash=9524ba6ff16f4a9e2a8a2e5ac3ba3e68, particleHash=a23b021da33708cb018fcf794bcb2045, particleId='49.10.0'
2015-06-30 07:06:09,618 - com.numenta.nupic.database.ClientJobsDAO.ClientJobsDAO(4961) - INFO - <BUILDID=N/A, WORKER=HW, WRKID=47, JOBID=1027> Model insert attempt failed with DUP_ENTRY: jobID=1027; paramsHash=9524ba6ff16f4a9e2a8a2e5ac3ba3e68 OR particleHash=24d6b44500d28251b275dbdf0ea0b0c3; IntegrityError(1062, u"Duplicate entry '1027-\\x95$\\xBAo\\xF1oJ\\x9E*\\x8A.Z\\xC3\\xBA>h' for key 'job_id'")
2015-06-30 07:06:09,623 - com.numenta.nupic.swarming.HypersearchWorker(4961) - INFO - <BUILDID=N/A, WORKER=HW, WRKID=47, JOBID=1027> Adding model 3076 to our internal DB because modelInsertAndStart() failed to insert it: paramsHash=9524ba6ff16f4a9e2a8a2e5ac3ba3e68, particleHash=a23b021da33708cb018fcf794bcb2045, particleId='49.10.0'
2015-06-30 07:06:09,625 - com.numenta.nupic.database.ClientJobsDAO.ClientJobsDAO(4961) - INFO - <BUILDID=N/A, WORKER=HW, WRKID=47, JOBID=1027> Model insert attempt failed with DUP_ENTRY: jobID=1027; paramsHash=9524ba6ff16f4a9e2a8a2e5ac3ba3e68 OR particleHash=31db8953b803e4dc5907bba8e92fb24b; IntegrityError(1062, u"Duplicate entry '1027-\\x95$\\xBAo\\xF1oJ\\x9E*\\x8A.Z\\xC3\\xBA>h' for key 'job_id'")
2015-06-30 07:06:09,634 - com.numenta.nupic.swarming.HypersearchWorker(4961) - INFO - <BUILDID=N/A, WORKER=HW, WRKID=47, JOBID=1027> Adding model 3076 to our internal DB because modelInsertAndStart() failed to insert it: paramsHash=9524ba6ff16f4a9e2a8a2e5ac3ba3e68, particleHash=a23b021da33708cb018fcf794bcb2045, particleId='49.10.0'
2015-06-30 07:06:09,638 - com.numenta.nupic.database.ClientJobsDAO.ClientJobsDAO(4961) - INFO - <BUILDID=N/A, WORKER=HW, WRKID=47, JOBID=1027> Model insert attempt failed with DUP_ENTRY: jobID=1027; paramsHash=9524ba6ff16f4a9e2a8a2e5ac3ba3e68 OR particleHash=6f1bababa32631819fd4f9a40c41fa72; IntegrityError(1062, u"Duplicate entry '1027-\\x95$\\xBAo\\xF1oJ\\x9E*\\x8A.Z\\xC3\\xBA>h' for key 'job_id'")
2015-06-30 07:06:09,644 - com.numenta.nupic.swarming.HypersearchWorker(4961) - INFO - <BUILDID=N/A, WORKER=HW, WRKID=47, JOBID=1027> Adding model 3076 to our internal DB because modelInsertAndStart() failed to insert it: paramsHash=9524ba6ff16f4a9e2a8a2e5ac3ba3e68, particleHash=a23b021da33708cb018fcf794bcb2045, particleId='49.10.0'
2015-06-30 07:06:09,656 - com.numenta.nupic.database.ClientJobsDAO.ClientJobsDAO(4961) - INFO - <BUILDID=N/A, WORKER=HW, WRKID=47, JOBID=1027> Model insert attempt failed with DUP_ENTRY: jobID=1027; paramsHash=9524ba6ff16f4a9e2a8a2e5ac3ba3e68 OR particleHash=66f5ce9f9d9679edbca9b5cec71261e0; IntegrityError(1062, u"Duplicate entry '1027-\\x95$\\xBAo\\xF1oJ\\x9E*\\x8A.Z\\xC3\\xBA>h' for key 'job_id'")
2015-06-30 07:06:09,659 - com.numenta.nupic.swarming.HypersearchWorker(4961) - INFO - <BUILDID=N/A, WORKER=HW, WRKID=47, JOBID=1027> Adding model 3076 to our internal DB because modelInsertAndStart() failed to insert it: paramsHash=9524ba6ff16f4a9e2a8a2e5ac3ba3e68, particleHash=a23b021da33708cb018fcf794bcb2045, particleId='49.10.0'
2015-06-30 07:06:09,662 - com.numenta.nupic.database.ClientJobsDAO.ClientJobsDAO(4961) - INFO - <BUILDID=N/A, WORKER=HW, WRKID=47, JOBID=1027> Model insert attempt failed with DUP_ENTRY: jobID=1027; paramsHash=9524ba6ff16f4a9e2a8a2e5ac3ba3e68 OR particleHash=17be9a8e76c6afef9206178cd1be93c8; IntegrityError(1062, u"Duplicate entry '1027-\\x95$\\xBAo\\xF1oJ\\x9E*\\x8A.Z\\xC3\\xBA>h' for key 'job_id'")
2015-06-30 07:06:09,664 - com.numenta.nupic.swarming.HypersearchWorker(4961) - INFO - <BUILDID=N/A, WORKER=HW, WRKID=47, JOBID=1027> Adding model 3076 to our internal DB because modelInsertAndStart() failed to insert it: paramsHash=9524ba6ff16f4a9e2a8a2e5ac3ba3e68, particleHash=a23b021da33708cb018fcf794bcb2045, particleId='49.10.0'
2015-06-30 07:06:09,669 - com.numenta.nupic.database.ClientJobsDAO.ClientJobsDAO(4961) - INFO - <BUILDID=N/A, WORKER=HW, WRKID=47, JOBID=1027> Model insert attempt failed with DUP_ENTRY: jobID=1027; paramsHash=9524ba6ff16f4a9e2a8a2e5ac3ba3e68 OR particleHash=0bc21a5bc22e67a01a5cb63870cdece2; IntegrityError(1062, u"Duplicate entry '1027-\\x95$\\xBAo\\xF1oJ\\x9E*\\x8A.Z\\xC3\\xBA>h' for key 'job_id'")
2015-06-30 07:06:09,678 - com.numenta.nupic.swarming.HypersearchWorker(4961) - INFO - <BUILDID=N/A, WORKER=HW, WRKID=47, JOBID=1027> Adding model 3076 to our internal DB because modelInsertAndStart() failed to insert it: paramsHash=9524ba6ff16f4a9e2a8a2e5ac3ba3e68, particleHash=a23b021da33708cb018fcf794bcb2045, particleId='49.10.0'
2015-06-30 07:06:09,687 - com.numenta.nupic.database.ClientJobsDAO.ClientJobsDAO(4961) - INFO - <BUILDID=N/A, WORKER=HW, WRKID=47, JOBID=1027> Model insert attempt failed with DUP_ENTRY: jobID=1027; paramsHash=9524ba6ff16f4a9e2a8a2e5ac3ba3e68 OR particleHash=93fcf57a88169ece7d806fb86defc604; IntegrityError(1062, u"Duplicate entry '1027-\\x95$\\xBAo\\xF1oJ\\x9E*\\x8A.Z\\xC3\\xBA>h' for key 'job_id'")
2015-06-30 07:06:09,695 - com.numenta.nupic.swarming.HypersearchWorker(4961) - INFO - <BUILDID=N/A, WORKER=HW, WRKID=47, JOBID=1027> Adding model 3076 to our internal DB because modelInsertAndStart() failed to insert it: paramsHash=9524ba6ff16f4a9e2a8a2e5ac3ba3e68, particleHash=a23b021da33708cb018fcf794bcb2045, particleId='49.10.0'
2015-06-30 07:06:09,703 - com.numenta.nupic.database.ClientJobsDAO.ClientJobsDAO(4961) - INFO - <BUILDID=N/A, WORKER=HW, WRKID=47, JOBID=1027> Model insert attempt failed with DUP_ENTRY: jobID=1027; paramsHash=9524ba6ff16f4a9e2a8a2e5ac3ba3e68 OR particleHash=471e53f092c9ed78050dd5197cec55b7; IntegrityError(1062, u"Duplicate entry '1027-\\x95$\\xBAo\\xF1oJ\\x9E*\\x8A.Z\\xC3\\xBA>h' for key 'job_id'")
2015-06-30 07:06:09,711 - com.numenta.nupic.swarming.HypersearchWorker(4961) - INFO - <BUILDID=N/A, WORKER=HW, WRKID=47, JOBID=1027> Adding model 3076 to our internal DB because modelInsertAndStart() failed to insert it: paramsHash=9524ba6ff16f4a9e2a8a2e5ac3ba3e68, particleHash=a23b021da33708cb018fcf794bcb2045, particleId='49.10.0'
2015-06-30 07:06:09,721 - com.numenta.nupic.database.ClientJobsDAO.ClientJobsDAO(4961) - INFO - <BUILDID=N/A, WORKER=HW, WRKID=47, JOBID=1027> Model insert attempt failed with DUP_ENTRY: jobID=1027; paramsHash=9524ba6ff16f4a9e2a8a2e5ac3ba3e68 OR particleHash=379791ff3b21879471a2a01e875b8129; IntegrityError(1062, u"Duplicate entry '1027-\\x95$\\xBAo\\xF1oJ\\x9E*\\x8A.Z\\xC3\\xBA>h' for key 'job_id'")
2015-06-30 07:06:09,728 - com.numenta.nupic.swarming.HypersearchWorker(4961) - INFO - <BUILDID=N/A, WORKER=HW, WRKID=47, JOBID=1027> Adding model 3076 to our internal DB because modelInsertAndStart() failed to insert it: paramsHash=9524ba6ff16f4a9e2a8a2e5ac3ba3e68, particleHash=a23b021da33708cb018fcf794bcb2045, particleId='49.10.0'
2015-06-30 07:06:09,840 - com.numenta.nupic.swarming.HypersearchWorker(4961) - INFO - <BUILDID=N/A, WORKER=HW, WRKID=47, JOBID=1027> RUNNING MODEL GID=3111, paramsHash=1989cdfd90b2e1af3c94a2f31f8207af, params={'particleState': {'varStates': {'modelParams|clParams|alpha': {'bestResult': None, 'position': 0.050050000000000004, 'bestPosition': 0.050050000000000004, '_position': 0.050050000000000004, 'velocity': 0.01998}, 'modelParams|tpParams|minThreshold': {'bestResult': None, 'position': 11, 'bestPosition': 11, '_position': 10.5, 'velocity': 0.6}, 'modelParams|tpParams|activationThreshold': {'bestResult': None, 'position': 14, 'bestPosition': 14, '_position': 14.0, 'velocity': 0.8}, u'modelParams|sensorParams|encoders|temp:n': {'bestResult': None, 'position': 272, 'bestPosition': 272, '_position': 271.5, 'velocity': 99.8}, 'modelParams|tpParams|pamLength': {'bestResult': None, 'position': 3, 'bestPosition': 3, '_position': 3.0, 'velocity': 0.8}, 'modelParams|sensorParams|encoders|_classifierInput|n': {'bestResult': None, 'position': 275, 'bestPosition': 275, '_position': 274.5, 'velocity': 98.6}, 'modelParams|spParams|synPermInactiveDec': {'bestResult': None, 'position': 0.05015, 'bestPosition': 0.05015, '_position': 0.05015, 'velocity': 0.019940000000000003}}, 'genIdx': 0, 'swarmId': u'modelParams|sensorParams|encoders|temp', 'id': '47.20'}, 'structuredParams': {'aggregationInfo': {'seconds': 0, 'fields': [], 'months': 0, 'days': 0, 'years': 0, 'hours': 0, 'microseconds': 0, 'weeks': 0, 'minutes': 0, 'milliseconds': 0}, 'modelParams': {'sensorParams': {'encoders': {'_classifierInput': {'maxval': 5.18, 'classifierOnly': True, 'minval': 0.0, 'clipInput': True, 'n': 275, 'fieldname': 'kwh', 'w': 21, 'type': 'ScalarEncoder'}, u'temp': {'maxval': 34.0, 'name': 'temp', 'clipInput': True, 'minval': 6.0, 'n': 272, 'fieldname': 'temp', 'w': 21, 'type': 'ScalarEncoder'}, u'kwh': None, u'dewpt': None, u'elapsed': None, u'timestamp_timeOfDay': None, u'is_daylight': None, u'timestamp_dayOfWeek': None, u'wind': None, u'timestamp_weekend': None}}, 'spParams': {'synPermInactiveDec': 0.05015}, 'tpParams': {'minThreshold': 11, 'activationThreshold': 14, 'pamLength': 3}, 'clParams': {'alpha': 0.050050000000000004}}}}
2015-06-30 07:06:09,844 - com.numenta.nupic.hypersearch.utils(4961) - INFO - <BUILDID=N/A, WORKER=HW, WRKID=47, JOBID=1027> Using experiment directory: /tmp/tmpG18yLA
2015-06-30 07:06:09,910 - com.numenta.nupic.hypersearch.utils(4961) - ERROR - <BUILDID=N/A, WORKER=HW, WRKID=47, JOBID=1027> Exception occurred while running model 3111: Exception(u'Unable to locate: sd_weather.csv using NTA_DATA_PATH of ',) (<type 'exceptions.Exception'>)
Traceback (most recent call last):
  File "/home/pat/workspace/nupic/nupic/swarming/utils.py", line 430, in runModelGivenBaseAndParams
    (completionReason, completionMsg) = runner.run()
  File "/home/pat/workspace/nupic/nupic/swarming/ModelRunner.py", line 237, in run
    maxTimeout=readTimeout)
  File "/home/pat/workspace/nupic/nupic/data/stream_reader.py", line 210, in __init__
    self._openStream(dataUrl, isBlocking, maxTimeout, bookmark, firstRecordIdx)
  File "/home/pat/workspace/nupic/nupic/data/stream_reader.py", line 294, in _openStream
    self._recordStoreName = findDataset(dataUrl[len(FILE_PREF):])
  File "/home/pat/workspace/nupic/nupic/data/datasethelpers.py", line 79, in findDataset
    (datasetPath, os.environ.get('NTA_DATA_PATH', '')))
Exception: Unable to locate: sd_weather.csv using NTA_DATA_PATH of 

2015-06-30 07:06:09,939 - com.numenta.nupic.swarming.HypersearchWorker(4961) - INFO - <BUILDID=N/A, WORKER=HW, WRKID=47, JOBID=1027> COMPLETED MODEL GID=3111; EVALUATED 1 MODELs
2015-06-30 07:06:10,000 - com.numenta.nupic.swarming.HypersearchWorker(4961) - INFO - <BUILDID=N/A, WORKER=HW, WRKID=47, JOBID=1027> RUNNING MODEL GID=3138, paramsHash=185c3cca8bc56d02610330321eef6018, params={'particleState': {'varStates': {'modelParams|clParams|alpha': {'bestResult': None, 'position': 0.050050000000000004, 'bestPosition': 0.050050000000000004, '_position': 0.050050000000000004, 'velocity': 0.01998}, 'modelParams|tpParams|minThreshold': {'bestResult': None, 'position': 11, 'bestPosition': 11, '_position': 10.5, 'velocity': 0.6}, 'modelParams|tpParams|activationThreshold': {'bestResult': None, 'position': 14, 'bestPosition': 14, '_position': 14.0, 'velocity': 0.8}, 'modelParams|tpParams|pamLength': {'bestResult': None, 'position': 3, 'bestPosition': 3, '_position': 3.0, 'velocity': 0.8}, u'modelParams|sensorParams|encoders|timestamp_dayOfWeek:radius': {'bestResult': None, 'position': 3.5, 'bestPosition': 3.5, '_position': 3.5, 'velocity': 1.0}, 'modelParams|sensorParams|encoders|_classifierInput|n': {'bestResult': None, 'position': 275, 'bestPosition': 275, '_position': 274.5, 'velocity': 98.6}, 'modelParams|spParams|synPermInactiveDec': {'bestResult': None, 'position': 0.05015, 'bestPosition': 0.05015, '_position': 0.05015, 'velocity': 0.019940000000000003}}, 'genIdx': 0, 'swarmId': u'modelParams|sensorParams|encoders|timestamp_dayOfWeek', 'id': '47.30'}, 'structuredParams': {'aggregationInfo': {'seconds': 0, 'fields': [], 'months': 0, 'days': 0, 'years': 0, 'hours': 0, 'microseconds': 0, 'weeks': 0, 'minutes': 0, 'milliseconds': 0}, 'modelParams': {'sensorParams': {'encoders': {'_classifierInput': {'maxval': 5.18, 'classifierOnly': True, 'minval': 0.0, 'clipInput': True, 'n': 275, 'fieldname': 'kwh', 'w': 21, 'type': 'ScalarEncoder'}, u'temp': None, u'kwh': None, u'dewpt': None, u'elapsed': None, u'timestamp_timeOfDay': None, u'is_daylight': None, u'timestamp_dayOfWeek': {'dayOfWeek': (21, 3.5), 'name': 'timestamp', 'fieldname': 'timestamp', 'type': 'DateEncoder'}, u'wind': None, u'timestamp_weekend': None}}, 'spParams': {'synPermInactiveDec': 0.05015}, 'tpParams': {'minThreshold': 11, 'activationThreshold': 14, 'pamLength': 3}, 'clParams': {'alpha': 0.050050000000000004}}}}
2015-06-30 07:06:10,002 - com.numenta.nupic.hypersearch.utils(4961) - INFO - <BUILDID=N/A, WORKER=HW, WRKID=47, JOBID=1027> Using experiment directory: /tmp/tmpM2zujb
2015-06-30 07:06:10,035 - com.numenta.nupic.hypersearch.utils(4961) - ERROR - <BUILDID=N/A, WORKER=HW, WRKID=47, JOBID=1027> Exception occurred while running model 3138: Exception(u'Unable to locate: sd_weather.csv using NTA_DATA_PATH of ',) (<type 'exceptions.Exception'>)
Traceback (most recent call last):
  File "/home/pat/workspace/nupic/nupic/swarming/utils.py", line 430, in runModelGivenBaseAndParams
    (completionReason, completionMsg) = runner.run()
  File "/home/pat/workspace/nupic/nupic/swarming/ModelRunner.py", line 237, in run
    maxTimeout=readTimeout)
  File "/home/pat/workspace/nupic/nupic/data/stream_reader.py", line 210, in __init__
    self._openStream(dataUrl, isBlocking, maxTimeout, bookmark, firstRecordIdx)
  File "/home/pat/workspace/nupic/nupic/data/stream_reader.py", line 294, in _openStream
    self._recordStoreName = findDataset(dataUrl[len(FILE_PREF):])
  File "/home/pat/workspace/nupic/nupic/data/datasethelpers.py", line 79, in findDataset
    (datasetPath, os.environ.get('NTA_DATA_PATH', '')))
Exception: Unable to locate: sd_weather.csv using NTA_DATA_PATH of 

2015-06-30 07:06:10,038 - com.numenta.nupic.swarming.HypersearchWorker(4961) - INFO - <BUILDID=N/A, WORKER=HW, WRKID=47, JOBID=1027> COMPLETED MODEL GID=3138; EVALUATED 2 MODELs
2015-06-30 07:06:10,051 - com.numenta.nupic.swarming.HypersearchV2.HypersearchV2(4961) - ERROR - <BUILDID=N/A, WORKER=HW, WRKID=47, JOBID=1027> E10002: Exiting due to receiving too many models failing from exceptions (6 out of 6). 
Model Exception: Exception occurred while running model 3138: Exception(u'Unable to locate: sd_weather.csv using NTA_DATA_PATH of ',) (<type 'exceptions.Exception'>)
Traceback (most recent call last):
  File "/home/pat/workspace/nupic/nupic/swarming/utils.py", line 430, in runModelGivenBaseAndParams
    (completionReason, completionMsg) = runner.run()
  File "/home/pat/workspace/nupic/nupic/swarming/ModelRunner.py", line 237, in run
    maxTimeout=readTimeout)
  File "/home/pat/workspace/nupic/nupic/data/stream_reader.py", line 210, in __init__
    self._openStream(dataUrl, isBlocking, maxTimeout, bookmark, firstRecordIdx)
  File "/home/pat/workspace/nupic/nupic/data/stream_reader.py", line 294, in _openStream
    self._recordStoreName = findDataset(dataUrl[len(FILE_PREF):])
  File "/home/pat/workspace/nupic/nupic/data/datasethelpers.py", line 79, in findDataset
    (datasetPath, os.environ.get('NTA_DATA_PATH', '')))
Exception: Unable to locate: sd_weather.csv using NTA_DATA_PATH of 

2015-06-30 07:06:10,076 - com.numenta.nupic.swarming.HypersearchV2.HypersearchV2(4961) - INFO - <BUILDID=N/A, WORKER=HW, WRKID=47, JOBID=1027> Failed updating the field contributions, another hypersearch worker must have updated it
2015-06-30 07:06:10,076 - com.numenta.nupic.swarming.HypersearchWorker(4961) - INFO - <BUILDID=N/A, WORKER=HW, WRKID=47, JOBID=1027> FINISHED. Evaluated 2 models.
