2014-12-28 17:20:16,693 - com.numenta.nupic.swarming.HypersearchWorker(3768) - INFO - <BUILDID=N/A, WORKER=HS, WRKID=N/A, JOBID=N/A> Launched with command line arguments: ['--jobID=1023']
2014-12-28 17:20:16,694 - com.numenta.nupic.swarming.HypersearchWorker(3768) - INFO - <BUILDID=N/A, WORKER=HS, WRKID=N/A, JOBID=N/A> Connecting to the jobs database
2014-12-28 17:20:16,694 - com.numenta.nupic.database.Connection.ConnectionFactory(3768) - INFO - <BUILDID=N/A, WORKER=HS, WRKID=N/A, JOBID=N/A> Creating db connection policy via provider <bound method type._createDefaultPolicy of <class 'nupic.database.Connection.ConnectionFactory'>>
2014-12-28 17:20:16,714 - com.numenta.nupic.database.Connection.PooledConnectionPolicy(3768) - INFO - <BUILDID=N/A, WORKER=HS, WRKID=N/A, JOBID=N/A> Created PooledConnectionPolicy
2014-12-28 17:20:16,735 - com.numenta.nupic.database.ClientJobsDAO.ClientJobsDAO(3768) - INFO - <BUILDID=N/A, WORKER=HS, WRKID=N/A, JOBID=N/A> clientJobsConnectionID=47
2014-12-28 17:20:16,739 - com.numenta.nupic.swarming.HypersearchWorker(3768) - INFO - <BUILDID=N/A, WORKER=HW, WRKID=47, JOBID=1023> Job info retrieved: {'engModelMilestones': 'None', 'clientInfo': '', 'numFailedWorkers': '0', 'engJobType': 'hypersearch', 'results': 'None', 'jobId': '1023', 'completionMsg': 'None', 'cancel': '0', 'engWorkerState': 'None', 'workerCompletionMsg': 'None', 'jobHash': "\xd8_\x92\xb9\x8e\xf8\x11\xe4\x89\xa4\x08\x00'\x16\xdf\xd4", 'genBaseDescription': 'None', 'completionReason': 'None', 'priority': '0', 'cmdLine': '$HYPERSEARCH', 'params': '{"hsVersion": "v2", "maxModels": null, "persistentJobGUID": "d85...', 'workerCompletionReason': 'success', 'engAllocateNewWorkers': '1', 'lastFailedWorkerErrorMsg': 'None', 'engUntendedDeadWorkers': '0', 'engLastUpdateTime': '2014-12-29 01:20:16', 'status': 'notStarted', 'engStatus': 'None', 'startTime': 'None', 'minimumWorkers': '1', 'endTime': 'None', 'engCjmConnId': 'None', 'genPermutations': 'None', 'client': 'GRP', 'engCleaningStatus': 'notdone', 'clientKey': '', 'maximumWorkers': '4'}
2014-12-28 17:20:16,745 - com.numenta.nupic.swarming.HypersearchV2.HypersearchV2(3768) - INFO - <BUILDID=N/A, WORKER=HW, WRKID=47, JOBID=1023> searchParams: 
{u'description': {u'includedFields': [{u'fieldName': 'timestamp',
                                       u'fieldType': 'datetime'},
                                      {u'fieldName': 'temp',
                                       u'fieldType': 'float',
                                       u'maxValue': '34.0',
                                       u'minValue': '6.0'},
                                      {u'fieldName': 'dewpt',
                                       u'fieldType': 'float',
                                       u'maxValue': '22.0',
                                       u'minValue': '-22.0'},
                                      {u'fieldName': 'wind',
                                       u'fieldType': 'float',
                                       u'maxValue': '14.0',
                                       u'minValue': '0.0'},
                                      {u'fieldName': 'is_daylight',
                                       u'fieldType': 'int',
                                       u'maxValue': '1',
                                       u'minValue': '0'},
                                      {u'fieldName': 'elapsed',
                                       u'fieldType': 'int',
                                       u'maxValue': '86400',
                                       u'minValue': '0'},
                                      {u'fieldName': 'kwh',
                                       u'fieldType': 'float',
                                       u'maxValue': '5.18',
                                       u'minValue': '0.0'}],
                  u'inferenceArgs': {u'predictedField': 'kwh',
                                     u'predictionSteps': ['1']},
                  u'inferenceType': 'TemporalMultiStep',
                  u'iterationCount': '-1',
                  u'streamDef': {u'info': 'kw_energy_consumption',
                                 u'streams': [{u'columns': ['*'],
                                               u'info': 'San Diego',
                                               u'source': 'file://sd_weather.csv'}],
                                 u'version': '1'},
                  u'swarmSize': 'small'},
 u'hsVersion': 'v2',
 u'maxModels': 'None',
 u'persistentJobGUID': 'd85f92b8-8ef8-11e4-89a4-08002716dfd4',
 u'useTerminators': 'False'}
2014-12-28 17:20:16,909 - com.numenta.nupic.swarming.HypersearchV2.HypersearchV2(3768) - INFO - <BUILDID=N/A, WORKER=HW, WRKID=47, JOBID=1023> Active swarms changed to [u'modelParams|sensorParams|encoders|kwh'] (from None)
2014-12-28 17:20:17,027 - com.numenta.nupic.database.ClientJobsDAO.ClientJobsDAO(3768) - INFO - <BUILDID=N/A, WORKER=HW, WRKID=47, JOBID=1023> Model insert attempt failed with DUP_ENTRY: jobID=1023; paramsHash=1342987db02374861f1f7af0cc45ca9c OR particleHash=e0eec1370ff310c451d9bce8c9b6efc9; IntegrityError(1062, u"Duplicate entry '1023-\\x13B\\x98}\\xB0#t\\x86\\x1F\\x1Fz\\xF0\\xCCE\\xCA\\x9C' for key 'job_id'")
2014-12-28 17:20:17,032 - com.numenta.nupic.swarming.HypersearchWorker(3768) - INFO - <BUILDID=N/A, WORKER=HW, WRKID=47, JOBID=1023> Adding model 2510 to our internal DB because modelInsertAndStart() failed to insert it: paramsHash=1342987db02374861f1f7af0cc45ca9c, particleHash=11a4702bed36b507116cb1c10246733e, particleId='48.0.0'
2014-12-28 17:20:17,036 - com.numenta.nupic.database.ClientJobsDAO.ClientJobsDAO(3768) - INFO - <BUILDID=N/A, WORKER=HW, WRKID=47, JOBID=1023> Model insert attempt failed with DUP_ENTRY: jobID=1023; paramsHash=1342987db02374861f1f7af0cc45ca9c OR particleHash=f1e32e5ae3f237b3809f41f7e51f1bee; IntegrityError(1062, u"Duplicate entry '1023-\\x13B\\x98}\\xB0#t\\x86\\x1F\\x1Fz\\xF0\\xCCE\\xCA\\x9C' for key 'job_id'")
2014-12-28 17:20:17,043 - com.numenta.nupic.swarming.HypersearchWorker(3768) - INFO - <BUILDID=N/A, WORKER=HW, WRKID=47, JOBID=1023> Adding model 2510 to our internal DB because modelInsertAndStart() failed to insert it: paramsHash=1342987db02374861f1f7af0cc45ca9c, particleHash=11a4702bed36b507116cb1c10246733e, particleId='48.0.0'
2014-12-28 17:20:17,048 - com.numenta.nupic.database.ClientJobsDAO.ClientJobsDAO(3768) - INFO - <BUILDID=N/A, WORKER=HW, WRKID=47, JOBID=1023> Model insert attempt failed with DUP_ENTRY: jobID=1023; paramsHash=1342987db02374861f1f7af0cc45ca9c OR particleHash=5bbcfe70f4026ad87ea8bac4c11c1e86; IntegrityError(1062, u"Duplicate entry '1023-\\x13B\\x98}\\xB0#t\\x86\\x1F\\x1Fz\\xF0\\xCCE\\xCA\\x9C' for key 'job_id'")
2014-12-28 17:20:17,057 - com.numenta.nupic.swarming.HypersearchWorker(3768) - INFO - <BUILDID=N/A, WORKER=HW, WRKID=47, JOBID=1023> Adding model 2510 to our internal DB because modelInsertAndStart() failed to insert it: paramsHash=1342987db02374861f1f7af0cc45ca9c, particleHash=11a4702bed36b507116cb1c10246733e, particleId='48.0.0'
2014-12-28 17:20:17,077 - com.numenta.nupic.database.ClientJobsDAO.ClientJobsDAO(3768) - INFO - <BUILDID=N/A, WORKER=HW, WRKID=47, JOBID=1023> Model insert attempt failed with DUP_ENTRY: jobID=1023; paramsHash=1342987db02374861f1f7af0cc45ca9c OR particleHash=e025f28b4e9be473967370a6997a1d10; IntegrityError(1062, u"Duplicate entry '1023-\\x13B\\x98}\\xB0#t\\x86\\x1F\\x1Fz\\xF0\\xCCE\\xCA\\x9C' for key 'job_id'")
2014-12-28 17:20:17,085 - com.numenta.nupic.swarming.HypersearchWorker(3768) - INFO - <BUILDID=N/A, WORKER=HW, WRKID=47, JOBID=1023> Adding model 2510 to our internal DB because modelInsertAndStart() failed to insert it: paramsHash=1342987db02374861f1f7af0cc45ca9c, particleHash=11a4702bed36b507116cb1c10246733e, particleId='48.0.0'
2014-12-28 17:20:17,089 - com.numenta.nupic.database.ClientJobsDAO.ClientJobsDAO(3768) - INFO - <BUILDID=N/A, WORKER=HW, WRKID=47, JOBID=1023> Model insert attempt failed with DUP_ENTRY: jobID=1023; paramsHash=1342987db02374861f1f7af0cc45ca9c OR particleHash=6ef77c2f7cf942114dd648c7b14f1247; IntegrityError(1062, u"Duplicate entry '1023-\\x13B\\x98}\\xB0#t\\x86\\x1F\\x1Fz\\xF0\\xCCE\\xCA\\x9C' for key 'job_id'")
2014-12-28 17:20:17,094 - com.numenta.nupic.swarming.HypersearchWorker(3768) - INFO - <BUILDID=N/A, WORKER=HW, WRKID=47, JOBID=1023> Adding model 2510 to our internal DB because modelInsertAndStart() failed to insert it: paramsHash=1342987db02374861f1f7af0cc45ca9c, particleHash=11a4702bed36b507116cb1c10246733e, particleId='48.0.0'
2014-12-28 17:20:17,109 - com.numenta.nupic.database.ClientJobsDAO.ClientJobsDAO(3768) - INFO - <BUILDID=N/A, WORKER=HW, WRKID=47, JOBID=1023> Model insert attempt failed with DUP_ENTRY: jobID=1023; paramsHash=1342987db02374861f1f7af0cc45ca9c OR particleHash=d2c4099031aca7aa187bbd763fa4b67d; IntegrityError(1062, u"Duplicate entry '1023-\\x13B\\x98}\\xB0#t\\x86\\x1F\\x1Fz\\xF0\\xCCE\\xCA\\x9C' for key 'job_id'")
2014-12-28 17:20:17,114 - com.numenta.nupic.swarming.HypersearchWorker(3768) - INFO - <BUILDID=N/A, WORKER=HW, WRKID=47, JOBID=1023> Adding model 2510 to our internal DB because modelInsertAndStart() failed to insert it: paramsHash=1342987db02374861f1f7af0cc45ca9c, particleHash=11a4702bed36b507116cb1c10246733e, particleId='48.0.0'
2014-12-28 17:20:17,123 - com.numenta.nupic.database.ClientJobsDAO.ClientJobsDAO(3768) - INFO - <BUILDID=N/A, WORKER=HW, WRKID=47, JOBID=1023> Model insert attempt failed with DUP_ENTRY: jobID=1023; paramsHash=1342987db02374861f1f7af0cc45ca9c OR particleHash=f49aef2ecc49c10fbd5833bb4a170001; IntegrityError(1062, u"Duplicate entry '1023-\\x13B\\x98}\\xB0#t\\x86\\x1F\\x1Fz\\xF0\\xCCE\\xCA\\x9C' for key 'job_id'")
2014-12-28 17:20:17,131 - com.numenta.nupic.swarming.HypersearchWorker(3768) - INFO - <BUILDID=N/A, WORKER=HW, WRKID=47, JOBID=1023> Adding model 2510 to our internal DB because modelInsertAndStart() failed to insert it: paramsHash=1342987db02374861f1f7af0cc45ca9c, particleHash=11a4702bed36b507116cb1c10246733e, particleId='48.0.0'
2014-12-28 17:20:17,140 - com.numenta.nupic.database.ClientJobsDAO.ClientJobsDAO(3768) - INFO - <BUILDID=N/A, WORKER=HW, WRKID=47, JOBID=1023> Model insert attempt failed with DUP_ENTRY: jobID=1023; paramsHash=1342987db02374861f1f7af0cc45ca9c OR particleHash=6fcb1469d73baf6fae1b00b33021a248; IntegrityError(1062, u"Duplicate entry '1023-\\x13B\\x98}\\xB0#t\\x86\\x1F\\x1Fz\\xF0\\xCCE\\xCA\\x9C' for key 'job_id'")
2014-12-28 17:20:17,157 - com.numenta.nupic.swarming.HypersearchWorker(3768) - INFO - <BUILDID=N/A, WORKER=HW, WRKID=47, JOBID=1023> Adding model 2510 to our internal DB because modelInsertAndStart() failed to insert it: paramsHash=1342987db02374861f1f7af0cc45ca9c, particleHash=11a4702bed36b507116cb1c10246733e, particleId='48.0.0'
2014-12-28 17:20:17,161 - com.numenta.nupic.database.ClientJobsDAO.ClientJobsDAO(3768) - INFO - <BUILDID=N/A, WORKER=HW, WRKID=47, JOBID=1023> Model insert attempt failed with DUP_ENTRY: jobID=1023; paramsHash=1342987db02374861f1f7af0cc45ca9c OR particleHash=e304d4d1e026569a000fa603e83016d4; IntegrityError(1062, u"Duplicate entry '1023-\\x13B\\x98}\\xB0#t\\x86\\x1F\\x1Fz\\xF0\\xCCE\\xCA\\x9C' for key 'job_id'")
2014-12-28 17:20:17,171 - com.numenta.nupic.swarming.HypersearchWorker(3768) - INFO - <BUILDID=N/A, WORKER=HW, WRKID=47, JOBID=1023> Adding model 2510 to our internal DB because modelInsertAndStart() failed to insert it: paramsHash=1342987db02374861f1f7af0cc45ca9c, particleHash=11a4702bed36b507116cb1c10246733e, particleId='48.0.0'
2014-12-28 17:20:17,176 - com.numenta.nupic.database.ClientJobsDAO.ClientJobsDAO(3768) - INFO - <BUILDID=N/A, WORKER=HW, WRKID=47, JOBID=1023> Model insert attempt failed with DUP_ENTRY: jobID=1023; paramsHash=1342987db02374861f1f7af0cc45ca9c OR particleHash=b2b746d10ce2acff1f7162c1941a17c9; IntegrityError(1062, u"Duplicate entry '1023-\\x13B\\x98}\\xB0#t\\x86\\x1F\\x1Fz\\xF0\\xCCE\\xCA\\x9C' for key 'job_id'")
2014-12-28 17:20:17,183 - com.numenta.nupic.swarming.HypersearchWorker(3768) - INFO - <BUILDID=N/A, WORKER=HW, WRKID=47, JOBID=1023> Adding model 2510 to our internal DB because modelInsertAndStart() failed to insert it: paramsHash=1342987db02374861f1f7af0cc45ca9c, particleHash=11a4702bed36b507116cb1c10246733e, particleId='48.0.0'
2014-12-28 17:20:17,359 - com.numenta.nupic.database.ClientJobsDAO.ClientJobsDAO(3768) - INFO - <BUILDID=N/A, WORKER=HW, WRKID=47, JOBID=1023> Model insert attempt failed with DUP_ENTRY: jobID=1023; paramsHash=47fa1f49b50b87362cf34f56fd8ab9a7 OR particleHash=a1d8fd3d96287b024b19e2d4bb0bbe22; IntegrityError(1062, u"Duplicate entry '1023-G\\xFA\\x1FI\\xB5\\x0B\\x876,\\xF3OV\\xFD\\x8A\\xB9\\xA7' for key 'job_id'")
2014-12-28 17:20:17,373 - com.numenta.nupic.swarming.HypersearchWorker(3768) - INFO - <BUILDID=N/A, WORKER=HW, WRKID=47, JOBID=1023> Adding model 2532 to our internal DB because modelInsertAndStart() failed to insert it: paramsHash=47fa1f49b50b87362cf34f56fd8ab9a7, particleHash=b7b820841630fffe84182389371815fd, particleId='48.20.0'
2014-12-28 17:20:17,383 - com.numenta.nupic.database.ClientJobsDAO.ClientJobsDAO(3768) - INFO - <BUILDID=N/A, WORKER=HW, WRKID=47, JOBID=1023> Model insert attempt failed with DUP_ENTRY: jobID=1023; paramsHash=47fa1f49b50b87362cf34f56fd8ab9a7 OR particleHash=24d6b44500d28251b275dbdf0ea0b0c3; IntegrityError(1062, u"Duplicate entry '1023-G\\xFA\\x1FI\\xB5\\x0B\\x876,\\xF3OV\\xFD\\x8A\\xB9\\xA7' for key 'job_id'")
2014-12-28 17:20:17,396 - com.numenta.nupic.swarming.HypersearchWorker(3768) - INFO - <BUILDID=N/A, WORKER=HW, WRKID=47, JOBID=1023> Adding model 2532 to our internal DB because modelInsertAndStart() failed to insert it: paramsHash=47fa1f49b50b87362cf34f56fd8ab9a7, particleHash=b7b820841630fffe84182389371815fd, particleId='48.20.0'
2014-12-28 17:20:17,401 - com.numenta.nupic.database.ClientJobsDAO.ClientJobsDAO(3768) - INFO - <BUILDID=N/A, WORKER=HW, WRKID=47, JOBID=1023> Model insert attempt failed with DUP_ENTRY: jobID=1023; paramsHash=47fa1f49b50b87362cf34f56fd8ab9a7 OR particleHash=31db8953b803e4dc5907bba8e92fb24b; IntegrityError(1062, u"Duplicate entry '1023-G\\xFA\\x1FI\\xB5\\x0B\\x876,\\xF3OV\\xFD\\x8A\\xB9\\xA7' for key 'job_id'")
2014-12-28 17:20:17,414 - com.numenta.nupic.swarming.HypersearchWorker(3768) - INFO - <BUILDID=N/A, WORKER=HW, WRKID=47, JOBID=1023> Adding model 2532 to our internal DB because modelInsertAndStart() failed to insert it: paramsHash=47fa1f49b50b87362cf34f56fd8ab9a7, particleHash=b7b820841630fffe84182389371815fd, particleId='48.20.0'
2014-12-28 17:20:17,419 - com.numenta.nupic.database.ClientJobsDAO.ClientJobsDAO(3768) - INFO - <BUILDID=N/A, WORKER=HW, WRKID=47, JOBID=1023> Model insert attempt failed with DUP_ENTRY: jobID=1023; paramsHash=47fa1f49b50b87362cf34f56fd8ab9a7 OR particleHash=6f1bababa32631819fd4f9a40c41fa72; IntegrityError(1062, u"Duplicate entry '1023-G\\xFA\\x1FI\\xB5\\x0B\\x876,\\xF3OV\\xFD\\x8A\\xB9\\xA7' for key 'job_id'")
2014-12-28 17:20:17,426 - com.numenta.nupic.swarming.HypersearchWorker(3768) - INFO - <BUILDID=N/A, WORKER=HW, WRKID=47, JOBID=1023> Adding model 2532 to our internal DB because modelInsertAndStart() failed to insert it: paramsHash=47fa1f49b50b87362cf34f56fd8ab9a7, particleHash=b7b820841630fffe84182389371815fd, particleId='48.20.0'
2014-12-28 17:20:17,430 - com.numenta.nupic.database.ClientJobsDAO.ClientJobsDAO(3768) - INFO - <BUILDID=N/A, WORKER=HW, WRKID=47, JOBID=1023> Model insert attempt failed with DUP_ENTRY: jobID=1023; paramsHash=47fa1f49b50b87362cf34f56fd8ab9a7 OR particleHash=66f5ce9f9d9679edbca9b5cec71261e0; IntegrityError(1062, u"Duplicate entry '1023-G\\xFA\\x1FI\\xB5\\x0B\\x876,\\xF3OV\\xFD\\x8A\\xB9\\xA7' for key 'job_id'")
2014-12-28 17:20:17,443 - com.numenta.nupic.swarming.HypersearchWorker(3768) - INFO - <BUILDID=N/A, WORKER=HW, WRKID=47, JOBID=1023> Adding model 2532 to our internal DB because modelInsertAndStart() failed to insert it: paramsHash=47fa1f49b50b87362cf34f56fd8ab9a7, particleHash=b7b820841630fffe84182389371815fd, particleId='48.20.0'
2014-12-28 17:20:17,449 - com.numenta.nupic.database.ClientJobsDAO.ClientJobsDAO(3768) - INFO - <BUILDID=N/A, WORKER=HW, WRKID=47, JOBID=1023> Model insert attempt failed with DUP_ENTRY: jobID=1023; paramsHash=47fa1f49b50b87362cf34f56fd8ab9a7 OR particleHash=17be9a8e76c6afef9206178cd1be93c8; IntegrityError(1062, u"Duplicate entry '1023-G\\xFA\\x1FI\\xB5\\x0B\\x876,\\xF3OV\\xFD\\x8A\\xB9\\xA7' for key 'job_id'")
2014-12-28 17:20:17,454 - com.numenta.nupic.swarming.HypersearchWorker(3768) - INFO - <BUILDID=N/A, WORKER=HW, WRKID=47, JOBID=1023> Adding model 2532 to our internal DB because modelInsertAndStart() failed to insert it: paramsHash=47fa1f49b50b87362cf34f56fd8ab9a7, particleHash=b7b820841630fffe84182389371815fd, particleId='48.20.0'
2014-12-28 17:20:17,462 - com.numenta.nupic.database.ClientJobsDAO.ClientJobsDAO(3768) - INFO - <BUILDID=N/A, WORKER=HW, WRKID=47, JOBID=1023> Model insert attempt failed with DUP_ENTRY: jobID=1023; paramsHash=47fa1f49b50b87362cf34f56fd8ab9a7 OR particleHash=0bc21a5bc22e67a01a5cb63870cdece2; IntegrityError(1062, u"Duplicate entry '1023-G\\xFA\\x1FI\\xB5\\x0B\\x876,\\xF3OV\\xFD\\x8A\\xB9\\xA7' for key 'job_id'")
2014-12-28 17:20:17,470 - com.numenta.nupic.swarming.HypersearchWorker(3768) - INFO - <BUILDID=N/A, WORKER=HW, WRKID=47, JOBID=1023> Adding model 2532 to our internal DB because modelInsertAndStart() failed to insert it: paramsHash=47fa1f49b50b87362cf34f56fd8ab9a7, particleHash=b7b820841630fffe84182389371815fd, particleId='48.20.0'
2014-12-28 17:20:17,474 - com.numenta.nupic.database.ClientJobsDAO.ClientJobsDAO(3768) - INFO - <BUILDID=N/A, WORKER=HW, WRKID=47, JOBID=1023> Model insert attempt failed with DUP_ENTRY: jobID=1023; paramsHash=47fa1f49b50b87362cf34f56fd8ab9a7 OR particleHash=93fcf57a88169ece7d806fb86defc604; IntegrityError(1062, u"Duplicate entry '1023-G\\xFA\\x1FI\\xB5\\x0B\\x876,\\xF3OV\\xFD\\x8A\\xB9\\xA7' for key 'job_id'")
2014-12-28 17:20:17,477 - com.numenta.nupic.swarming.HypersearchWorker(3768) - INFO - <BUILDID=N/A, WORKER=HW, WRKID=47, JOBID=1023> Adding model 2532 to our internal DB because modelInsertAndStart() failed to insert it: paramsHash=47fa1f49b50b87362cf34f56fd8ab9a7, particleHash=b7b820841630fffe84182389371815fd, particleId='48.20.0'
2014-12-28 17:20:17,480 - com.numenta.nupic.database.ClientJobsDAO.ClientJobsDAO(3768) - INFO - <BUILDID=N/A, WORKER=HW, WRKID=47, JOBID=1023> Model insert attempt failed with DUP_ENTRY: jobID=1023; paramsHash=47fa1f49b50b87362cf34f56fd8ab9a7 OR particleHash=471e53f092c9ed78050dd5197cec55b7; IntegrityError(1062, u"Duplicate entry '1023-G\\xFA\\x1FI\\xB5\\x0B\\x876,\\xF3OV\\xFD\\x8A\\xB9\\xA7' for key 'job_id'")
2014-12-28 17:20:17,483 - com.numenta.nupic.swarming.HypersearchWorker(3768) - INFO - <BUILDID=N/A, WORKER=HW, WRKID=47, JOBID=1023> Adding model 2532 to our internal DB because modelInsertAndStart() failed to insert it: paramsHash=47fa1f49b50b87362cf34f56fd8ab9a7, particleHash=b7b820841630fffe84182389371815fd, particleId='48.20.0'
2014-12-28 17:20:17,486 - com.numenta.nupic.database.ClientJobsDAO.ClientJobsDAO(3768) - INFO - <BUILDID=N/A, WORKER=HW, WRKID=47, JOBID=1023> Model insert attempt failed with DUP_ENTRY: jobID=1023; paramsHash=47fa1f49b50b87362cf34f56fd8ab9a7 OR particleHash=379791ff3b21879471a2a01e875b8129; IntegrityError(1062, u"Duplicate entry '1023-G\\xFA\\x1FI\\xB5\\x0B\\x876,\\xF3OV\\xFD\\x8A\\xB9\\xA7' for key 'job_id'")
2014-12-28 17:20:17,490 - com.numenta.nupic.swarming.HypersearchWorker(3768) - INFO - <BUILDID=N/A, WORKER=HW, WRKID=47, JOBID=1023> Adding model 2532 to our internal DB because modelInsertAndStart() failed to insert it: paramsHash=47fa1f49b50b87362cf34f56fd8ab9a7, particleHash=b7b820841630fffe84182389371815fd, particleId='48.20.0'
2014-12-28 17:20:17,503 - com.numenta.nupic.swarming.HypersearchV2.HypersearchV2(3768) - INFO - <BUILDID=N/A, WORKER=HW, WRKID=47, JOBID=1023> Completed generation #0 of swarm 'modelParams|sensorParams|encoders|kwh' with a best errScore of inf
2014-12-28 17:20:17,574 - com.numenta.nupic.database.ClientJobsDAO.ClientJobsDAO(3768) - INFO - <BUILDID=N/A, WORKER=HW, WRKID=47, JOBID=1023> Model insert attempt failed with DUP_ENTRY: jobID=1023; paramsHash=ab564021dfb8a5e157d4d4450a8082ba OR particleHash=0d21dfb14b43a89b69eecb9193083640; IntegrityError(1062, u"Duplicate entry '1023-\\x0D!\\xDF\\xB1KC\\xA8\\x9Bi\\xEE\\xCB\\x91\\x93\\x086@' for key 'job_id_2'")
2014-12-28 17:20:17,583 - com.numenta.nupic.swarming.HypersearchWorker(3768) - INFO - <BUILDID=N/A, WORKER=HW, WRKID=47, JOBID=1023> Adding model 2554 to our internal DB because modelInsertAndStart() failed to insert it: paramsHash=d5d5d4af218500b2ea86c9243c6b8db7, particleHash=0d21dfb14b43a89b69eecb9193083640, particleId='48.10.1'
2014-12-28 17:20:17,586 - com.numenta.nupic.database.ClientJobsDAO.ClientJobsDAO(3768) - INFO - <BUILDID=N/A, WORKER=HW, WRKID=47, JOBID=1023> Model insert attempt failed with DUP_ENTRY: jobID=1023; paramsHash=ab564021dfb8a5e157d4d4450a8082ba OR particleHash=0d21dfb14b43a89b69eecb9193083640; IntegrityError(1062, u"Duplicate entry '1023-\\x0D!\\xDF\\xB1KC\\xA8\\x9Bi\\xEE\\xCB\\x91\\x93\\x086@' for key 'job_id_2'")
2014-12-28 17:20:17,592 - com.numenta.nupic.swarming.HypersearchWorker(3768) - INFO - <BUILDID=N/A, WORKER=HW, WRKID=47, JOBID=1023> Adding model 2554 to our internal DB because modelInsertAndStart() failed to insert it: paramsHash=d5d5d4af218500b2ea86c9243c6b8db7, particleHash=0d21dfb14b43a89b69eecb9193083640, particleId='48.10.1'
2014-12-28 17:20:17,597 - com.numenta.nupic.database.ClientJobsDAO.ClientJobsDAO(3768) - INFO - <BUILDID=N/A, WORKER=HW, WRKID=47, JOBID=1023> Model insert attempt failed with DUP_ENTRY: jobID=1023; paramsHash=ab564021dfb8a5e157d4d4450a8082ba OR particleHash=0d21dfb14b43a89b69eecb9193083640; IntegrityError(1062, u"Duplicate entry '1023-\\x0D!\\xDF\\xB1KC\\xA8\\x9Bi\\xEE\\xCB\\x91\\x93\\x086@' for key 'job_id_2'")
2014-12-28 17:20:17,604 - com.numenta.nupic.swarming.HypersearchWorker(3768) - INFO - <BUILDID=N/A, WORKER=HW, WRKID=47, JOBID=1023> Adding model 2554 to our internal DB because modelInsertAndStart() failed to insert it: paramsHash=d5d5d4af218500b2ea86c9243c6b8db7, particleHash=0d21dfb14b43a89b69eecb9193083640, particleId='48.10.1'
2014-12-28 17:20:17,609 - com.numenta.nupic.database.ClientJobsDAO.ClientJobsDAO(3768) - INFO - <BUILDID=N/A, WORKER=HW, WRKID=47, JOBID=1023> Model insert attempt failed with DUP_ENTRY: jobID=1023; paramsHash=ab564021dfb8a5e157d4d4450a8082ba OR particleHash=0d21dfb14b43a89b69eecb9193083640; IntegrityError(1062, u"Duplicate entry '1023-\\x0D!\\xDF\\xB1KC\\xA8\\x9Bi\\xEE\\xCB\\x91\\x93\\x086@' for key 'job_id_2'")
2014-12-28 17:20:17,616 - com.numenta.nupic.swarming.HypersearchWorker(3768) - INFO - <BUILDID=N/A, WORKER=HW, WRKID=47, JOBID=1023> Adding model 2554 to our internal DB because modelInsertAndStart() failed to insert it: paramsHash=d5d5d4af218500b2ea86c9243c6b8db7, particleHash=0d21dfb14b43a89b69eecb9193083640, particleId='48.10.1'
2014-12-28 17:20:17,620 - com.numenta.nupic.database.ClientJobsDAO.ClientJobsDAO(3768) - INFO - <BUILDID=N/A, WORKER=HW, WRKID=47, JOBID=1023> Model insert attempt failed with DUP_ENTRY: jobID=1023; paramsHash=ab564021dfb8a5e157d4d4450a8082ba OR particleHash=0d21dfb14b43a89b69eecb9193083640; IntegrityError(1062, u"Duplicate entry '1023-\\x0D!\\xDF\\xB1KC\\xA8\\x9Bi\\xEE\\xCB\\x91\\x93\\x086@' for key 'job_id_2'")
2014-12-28 17:20:17,626 - com.numenta.nupic.swarming.HypersearchWorker(3768) - INFO - <BUILDID=N/A, WORKER=HW, WRKID=47, JOBID=1023> Adding model 2554 to our internal DB because modelInsertAndStart() failed to insert it: paramsHash=d5d5d4af218500b2ea86c9243c6b8db7, particleHash=0d21dfb14b43a89b69eecb9193083640, particleId='48.10.1'
2014-12-28 17:20:17,631 - com.numenta.nupic.database.ClientJobsDAO.ClientJobsDAO(3768) - INFO - <BUILDID=N/A, WORKER=HW, WRKID=47, JOBID=1023> Model insert attempt failed with DUP_ENTRY: jobID=1023; paramsHash=ab564021dfb8a5e157d4d4450a8082ba OR particleHash=0d21dfb14b43a89b69eecb9193083640; IntegrityError(1062, u"Duplicate entry '1023-\\x0D!\\xDF\\xB1KC\\xA8\\x9Bi\\xEE\\xCB\\x91\\x93\\x086@' for key 'job_id_2'")
2014-12-28 17:20:17,639 - com.numenta.nupic.swarming.HypersearchWorker(3768) - INFO - <BUILDID=N/A, WORKER=HW, WRKID=47, JOBID=1023> Adding model 2554 to our internal DB because modelInsertAndStart() failed to insert it: paramsHash=d5d5d4af218500b2ea86c9243c6b8db7, particleHash=0d21dfb14b43a89b69eecb9193083640, particleId='48.10.1'
2014-12-28 17:20:17,645 - com.numenta.nupic.database.ClientJobsDAO.ClientJobsDAO(3768) - INFO - <BUILDID=N/A, WORKER=HW, WRKID=47, JOBID=1023> Model insert attempt failed with DUP_ENTRY: jobID=1023; paramsHash=ab564021dfb8a5e157d4d4450a8082ba OR particleHash=0d21dfb14b43a89b69eecb9193083640; IntegrityError(1062, u"Duplicate entry '1023-\\x0D!\\xDF\\xB1KC\\xA8\\x9Bi\\xEE\\xCB\\x91\\x93\\x086@' for key 'job_id_2'")
2014-12-28 17:20:17,651 - com.numenta.nupic.swarming.HypersearchWorker(3768) - INFO - <BUILDID=N/A, WORKER=HW, WRKID=47, JOBID=1023> Adding model 2554 to our internal DB because modelInsertAndStart() failed to insert it: paramsHash=d5d5d4af218500b2ea86c9243c6b8db7, particleHash=0d21dfb14b43a89b69eecb9193083640, particleId='48.10.1'
2014-12-28 17:20:17,656 - com.numenta.nupic.database.ClientJobsDAO.ClientJobsDAO(3768) - INFO - <BUILDID=N/A, WORKER=HW, WRKID=47, JOBID=1023> Model insert attempt failed with DUP_ENTRY: jobID=1023; paramsHash=ab564021dfb8a5e157d4d4450a8082ba OR particleHash=0d21dfb14b43a89b69eecb9193083640; IntegrityError(1062, u"Duplicate entry '1023-\\x0D!\\xDF\\xB1KC\\xA8\\x9Bi\\xEE\\xCB\\x91\\x93\\x086@' for key 'job_id_2'")
2014-12-28 17:20:17,662 - com.numenta.nupic.swarming.HypersearchWorker(3768) - INFO - <BUILDID=N/A, WORKER=HW, WRKID=47, JOBID=1023> Adding model 2554 to our internal DB because modelInsertAndStart() failed to insert it: paramsHash=d5d5d4af218500b2ea86c9243c6b8db7, particleHash=0d21dfb14b43a89b69eecb9193083640, particleId='48.10.1'
2014-12-28 17:20:17,668 - com.numenta.nupic.database.ClientJobsDAO.ClientJobsDAO(3768) - INFO - <BUILDID=N/A, WORKER=HW, WRKID=47, JOBID=1023> Model insert attempt failed with DUP_ENTRY: jobID=1023; paramsHash=ab564021dfb8a5e157d4d4450a8082ba OR particleHash=0d21dfb14b43a89b69eecb9193083640; IntegrityError(1062, u"Duplicate entry '1023-\\x0D!\\xDF\\xB1KC\\xA8\\x9Bi\\xEE\\xCB\\x91\\x93\\x086@' for key 'job_id_2'")
2014-12-28 17:20:17,674 - com.numenta.nupic.swarming.HypersearchWorker(3768) - INFO - <BUILDID=N/A, WORKER=HW, WRKID=47, JOBID=1023> Adding model 2554 to our internal DB because modelInsertAndStart() failed to insert it: paramsHash=d5d5d4af218500b2ea86c9243c6b8db7, particleHash=0d21dfb14b43a89b69eecb9193083640, particleId='48.10.1'
2014-12-28 17:20:17,680 - com.numenta.nupic.database.ClientJobsDAO.ClientJobsDAO(3768) - INFO - <BUILDID=N/A, WORKER=HW, WRKID=47, JOBID=1023> Model insert attempt failed with DUP_ENTRY: jobID=1023; paramsHash=ab564021dfb8a5e157d4d4450a8082ba OR particleHash=0d21dfb14b43a89b69eecb9193083640; IntegrityError(1062, u"Duplicate entry '1023-\\x0D!\\xDF\\xB1KC\\xA8\\x9Bi\\xEE\\xCB\\x91\\x93\\x086@' for key 'job_id_2'")
2014-12-28 17:20:17,684 - com.numenta.nupic.swarming.HypersearchWorker(3768) - INFO - <BUILDID=N/A, WORKER=HW, WRKID=47, JOBID=1023> Adding model 2554 to our internal DB because modelInsertAndStart() failed to insert it: paramsHash=d5d5d4af218500b2ea86c9243c6b8db7, particleHash=0d21dfb14b43a89b69eecb9193083640, particleId='48.10.1'
2014-12-28 17:20:17,698 - com.numenta.nupic.swarming.HypersearchV2.SwarmTerminator(3768) - INFO - <BUILDID=N/A, WORKER=HW, WRKID=47, JOBID=1023> Swarm modelParams|sensorParams|encoders|kwh has matured (no change in 2 generations).Stopping...
2014-12-28 17:20:17,698 - com.numenta.nupic.swarming.HypersearchV2.HypersearchV2(3768) - INFO - <BUILDID=N/A, WORKER=HW, WRKID=47, JOBID=1023> Completed generation #1 of swarm 'modelParams|sensorParams|encoders|kwh' with a best errScore of inf. Matured swarm(s): [u'modelParams|sensorParams|encoders|kwh']
2014-12-28 17:20:17,702 - com.numenta.nupic.swarming.HypersearchV2.HypersearchV2(3768) - INFO - <BUILDID=N/A, WORKER=HW, WRKID=47, JOBID=1023> Swarm matured: modelParams|sensorParams|encoders|kwh. Score at generation 1: inf
2014-12-28 17:20:17,706 - com.numenta.nupic.swarming.HypersearchV2.HypersearchV2(3768) - INFO - <BUILDID=N/A, WORKER=HW, WRKID=47, JOBID=1023> New hsState has been set by some other worker to:  
{   u'activeSwarms': [],
    u'blackListedEncoders': [],
    u'lastGoodSprint': -1,
    u'lastUpdateTime': 1419816017.697404,
    u'searchOver': True,
    u'sprints': [   {   u'bestErrScore': inf,
                        u'bestModelId': None,
                        u'status': u'completed'}],
    u'swarms': {   u'modelParams|sensorParams|encoders|kwh': {   u'bestErrScore': inf,
                                                                 u'bestModelId': None,
                                                                 u'sprintIdx': 0,
                                                                 u'status': u'completed'}}}
2014-12-28 17:20:17,709 - com.numenta.nupic.swarming.HypersearchV2.HypersearchV2(3768) - INFO - <BUILDID=N/A, WORKER=HW, WRKID=47, JOBID=1023> Active swarms changed to [] (from [u'modelParams|sensorParams|encoders|kwh'])
2014-12-28 17:20:17,713 - com.numenta.nupic.swarming.HypersearchV2.HypersearchV2(3768) - ERROR - <BUILDID=N/A, WORKER=HW, WRKID=47, JOBID=1023> E10002: Exiting due to receiving too many models failing from exceptions (6 out of 6). 
Model Exception: Exception occurred while running model 2532: Exception(u'Invalid file format: different number of fields in the header rows of file /home/pat/workspace/nupic/examples/opf/clients/hotgym/prediction/diego_weather/sd_weather.csv (7, 7, 8)',) (<type 'exceptions.Exception'>)
Traceback (most recent call last):
  File "/home/pat/workspace/nupic/nupic/swarming/utils.py", line 430, in runModelGivenBaseAndParams
    (completionReason, completionMsg) = runner.run()
  File "/home/pat/workspace/nupic/nupic/swarming/ModelRunner.py", line 237, in run
    maxTimeout=readTimeout)
  File "/home/pat/workspace/nupic/nupic/data/stream_reader.py", line 210, in __init__
    self._openStream(dataUrl, isBlocking, maxTimeout, bookmark, firstRecordIdx)
  File "/home/pat/workspace/nupic/nupic/data/stream_reader.py", line 298, in _openStream
    firstRecord=firstRecordIdx)
  File "/home/pat/workspace/nupic/nupic/data/file_record_stream.py", line 195, in __init__
    (streamID, len(names), len(types), len(specials)))
Exception: Invalid file format: different number of fields in the header rows of file /home/pat/workspace/nupic/examples/opf/clients/hotgym/prediction/diego_weather/sd_weather.csv (7, 7, 8)

2014-12-28 17:20:17,723 - com.numenta.nupic.swarming.HypersearchV2.HypersearchV2(3768) - INFO - <BUILDID=N/A, WORKER=HW, WRKID=47, JOBID=1023> Failed updating the field contributions, another hypersearch worker must have updated it
2014-12-28 17:20:17,723 - com.numenta.nupic.swarming.HypersearchWorker(3768) - INFO - <BUILDID=N/A, WORKER=HW, WRKID=47, JOBID=1023> FINISHED. Evaluated 0 models.
