2015-06-30 09:47:59,233 - com.numenta.nupic.swarming.HypersearchWorker(6029) - INFO - <BUILDID=N/A, WORKER=HS, WRKID=N/A, JOBID=N/A> Launched with command line arguments: ['--jobID=1033']
2015-06-30 09:47:59,233 - com.numenta.nupic.swarming.HypersearchWorker(6029) - INFO - <BUILDID=N/A, WORKER=HS, WRKID=N/A, JOBID=N/A> Connecting to the jobs database
2015-06-30 09:47:59,233 - com.numenta.nupic.database.Connection.ConnectionFactory(6029) - INFO - <BUILDID=N/A, WORKER=HS, WRKID=N/A, JOBID=N/A> Creating db connection policy via provider <bound method type._createDefaultPolicy of <class 'nupic.database.Connection.ConnectionFactory'>>
2015-06-30 09:47:59,263 - com.numenta.nupic.database.Connection.PooledConnectionPolicy(6029) - INFO - <BUILDID=N/A, WORKER=HS, WRKID=N/A, JOBID=N/A> Created PooledConnectionPolicy
2015-06-30 09:47:59,270 - com.numenta.nupic.database.ClientJobsDAO.ClientJobsDAO(6029) - INFO - <BUILDID=N/A, WORKER=HS, WRKID=N/A, JOBID=N/A> clientJobsConnectionID=79
2015-06-30 09:47:59,273 - com.numenta.nupic.swarming.HypersearchWorker(6029) - INFO - <BUILDID=N/A, WORKER=HW, WRKID=79, JOBID=1033> Job info retrieved: {'engModelMilestones': 'None', 'clientInfo': '', 'numFailedWorkers': '0', 'engJobType': 'hypersearch', 'results': 'None', 'jobId': '1033', 'completionMsg': 'None', 'cancel': '0', 'engWorkerState': 'None', 'workerCompletionMsg': 'None', 'jobHash': "\xc3e\x80\xf5\x1fG\x11\xe5\x97X\x08\x00'\x16\xdf\xd4", 'genBaseDescription': 'None', 'completionReason': 'None', 'priority': '0', 'cmdLine': '$HYPERSEARCH', 'params': '{"hsVersion": "v2", "maxModels": null, "persistentJobGUID": "c36...', 'workerCompletionReason': 'success', 'engAllocateNewWorkers': '1', 'lastFailedWorkerErrorMsg': 'None', 'engUntendedDeadWorkers': '0', 'engLastUpdateTime': '2015-06-30 16:47:58', 'status': 'notStarted', 'engStatus': 'None', 'startTime': 'None', 'minimumWorkers': '1', 'endTime': 'None', 'engCjmConnId': 'None', 'genPermutations': 'None', 'client': 'GRP', 'engCleaningStatus': 'notdone', 'clientKey': '', 'maximumWorkers': '4'}
2015-06-30 09:47:59,276 - com.numenta.nupic.swarming.HypersearchV2.HypersearchV2(6029) - INFO - <BUILDID=N/A, WORKER=HW, WRKID=79, JOBID=1033> searchParams: 
{u'description': {u'includedFields': [{u'fieldName': 'timestamp',
                                       u'fieldType': 'datetime'},
                                      {u'fieldName': 'euse',
                                       u'fieldType': 'float',
                                       u'maxValue': '35.0',
                                       u'minValue': '10.0'}],
                  u'inferenceArgs': {u'predictedField': 'euse',
                                     u'predictionSteps': ['4']},
                  u'inferenceType': 'TemporalMultiStep',
                  u'iterationCount': '-1',
                  u'streamDef': {u'info': 'kwh',
                                 u'streams': [{u'columns': ['timestamp',
                                                            'euse'],
                                               u'info': 'energy_only_252',
                                               u'source': 'file:///home/pat/workspace/pecan/house_data/252_data/252_clean_d...'}]},
                  u'swarmSize': 'small'},
 u'hsVersion': 'v2',
 u'maxModels': 'None',
 u'persistentJobGUID': 'c36580f4-1f47-11e5-9758-08002716dfd4',
 u'useTerminators': 'False'}
2015-06-30 09:48:18,854 - com.numenta.nupic.swarming.HypersearchV2.HypersearchV2(6029) - INFO - <BUILDID=N/A, WORKER=HW, WRKID=79, JOBID=1033> Ready to end hyperseach, but not all models have matured yet. Sleeping a bit to wait for all models to mature.
2015-06-30 09:48:22,057 - com.numenta.nupic.swarming.HypersearchV2.HypersearchV2(6029) - INFO - <BUILDID=N/A, WORKER=HW, WRKID=79, JOBID=1033> Ready to end hyperseach, but not all models have matured yet. Sleeping a bit to wait for all models to mature.
2015-06-30 09:48:22,184 - com.numenta.nupic.swarming.HypersearchV2.HypersearchV2(6029) - INFO - <BUILDID=N/A, WORKER=HW, WRKID=79, JOBID=1033> Ready to end hyperseach, but not all models have matured yet. Sleeping a bit to wait for all models to mature.
2015-06-30 09:48:23,562 - com.numenta.nupic.swarming.HypersearchV2.HypersearchV2(6029) - INFO - <BUILDID=N/A, WORKER=HW, WRKID=79, JOBID=1033> Ready to end hyperseach, but not all models have matured yet. Sleeping a bit to wait for all models to mature.
2015-06-30 09:48:24,682 - com.numenta.nupic.swarming.HypersearchV2.HypersearchV2(6029) - INFO - <BUILDID=N/A, WORKER=HW, WRKID=79, JOBID=1033> Ready to end hyperseach, but not all models have matured yet. Sleeping a bit to wait for all models to mature.
2015-06-30 09:48:28,371 - com.numenta.nupic.swarming.HypersearchV2.HypersearchV2(6029) - INFO - <BUILDID=N/A, WORKER=HW, WRKID=79, JOBID=1033> Ready to end hyperseach, but not all models have matured yet. Sleeping a bit to wait for all models to mature.
2015-06-30 09:48:31,762 - com.numenta.nupic.swarming.HypersearchV2.HypersearchV2(6029) - INFO - <BUILDID=N/A, WORKER=HW, WRKID=79, JOBID=1033> Ready to end hyperseach, but not all models have matured yet. Sleeping a bit to wait for all models to mature.
2015-06-30 09:48:36,230 - com.numenta.nupic.swarming.HypersearchV2.HypersearchV2(6029) - INFO - <BUILDID=N/A, WORKER=HW, WRKID=79, JOBID=1033> Ready to end hyperseach, but not all models have matured yet. Sleeping a bit to wait for all models to mature.
2015-06-30 09:48:36,667 - com.numenta.nupic.swarming.HypersearchV2.HypersearchV2(6029) - INFO - <BUILDID=N/A, WORKER=HW, WRKID=79, JOBID=1033> Ready to end hyperseach, but not all models have matured yet. Sleeping a bit to wait for all models to mature.
2015-06-30 09:48:38,780 - com.numenta.nupic.swarming.HypersearchV2.HypersearchV2(6029) - INFO - <BUILDID=N/A, WORKER=HW, WRKID=79, JOBID=1033> Ready to end hyperseach, but not all models have matured yet. Sleeping a bit to wait for all models to mature.
2015-06-30 09:48:38,931 - com.numenta.nupic.swarming.HypersearchV2.HypersearchV2(6029) - INFO - <BUILDID=N/A, WORKER=HW, WRKID=79, JOBID=1033> Ready to end hyperseach, but not all models have matured yet. Sleeping a bit to wait for all models to mature.
2015-06-30 09:48:40,027 - com.numenta.nupic.swarming.HypersearchV2.HypersearchV2(6029) - INFO - <BUILDID=N/A, WORKER=HW, WRKID=79, JOBID=1033> Ready to end hyperseach, but not all models have matured yet. Sleeping a bit to wait for all models to mature.
2015-06-30 09:48:42,560 - com.numenta.nupic.swarming.HypersearchV2.HypersearchV2(6029) - INFO - <BUILDID=N/A, WORKER=HW, WRKID=79, JOBID=1033> Ready to end hyperseach, but not all models have matured yet. Sleeping a bit to wait for all models to mature.
2015-06-30 09:48:42,702 - com.numenta.nupic.swarming.HypersearchV2.HypersearchV2(6029) - INFO - <BUILDID=N/A, WORKER=HW, WRKID=79, JOBID=1033> Ready to end hyperseach, but not all models have matured yet. Sleeping a bit to wait for all models to mature.
2015-06-30 09:48:43,700 - com.numenta.nupic.swarming.HypersearchV2.HypersearchV2(6029) - INFO - <BUILDID=N/A, WORKER=HW, WRKID=79, JOBID=1033> Ready to end hyperseach, but not all models have matured yet. Sleeping a bit to wait for all models to mature.
2015-06-30 09:48:46,955 - com.numenta.nupic.swarming.HypersearchV2.HypersearchV2(6029) - INFO - <BUILDID=N/A, WORKER=HW, WRKID=79, JOBID=1033> Ready to end hyperseach, but not all models have matured yet. Sleeping a bit to wait for all models to mature.
2015-06-30 09:48:49,685 - com.numenta.nupic.swarming.HypersearchV2.HypersearchV2(6029) - INFO - <BUILDID=N/A, WORKER=HW, WRKID=79, JOBID=1033> Ready to end hyperseach, but not all models have matured yet. Sleeping a bit to wait for all models to mature.
2015-06-30 09:48:50,791 - com.numenta.nupic.swarming.HypersearchV2.HypersearchV2(6029) - INFO - <BUILDID=N/A, WORKER=HW, WRKID=79, JOBID=1033> Ready to end hyperseach, but not all models have matured yet. Sleeping a bit to wait for all models to mature.
2015-06-30 09:48:53,742 - com.numenta.nupic.swarming.HypersearchV2.HypersearchV2(6029) - INFO - <BUILDID=N/A, WORKER=HW, WRKID=79, JOBID=1033> Ready to end hyperseach, but not all models have matured yet. Sleeping a bit to wait for all models to mature.
2015-06-30 09:48:57,796 - com.numenta.nupic.swarming.HypersearchV2.HypersearchV2(6029) - INFO - <BUILDID=N/A, WORKER=HW, WRKID=79, JOBID=1033> Ready to end hyperseach, but not all models have matured yet. Sleeping a bit to wait for all models to mature.
2015-06-30 09:48:57,831 - com.numenta.nupic.swarming.HypersearchV2.HypersearchV2(6029) - INFO - <BUILDID=N/A, WORKER=HW, WRKID=79, JOBID=1033> Ready to end hyperseach, but not all models have matured yet. Sleeping a bit to wait for all models to mature.
2015-06-30 09:49:01,865 - com.numenta.nupic.swarming.HypersearchV2.HypersearchV2(6029) - INFO - <BUILDID=N/A, WORKER=HW, WRKID=79, JOBID=1033> Ready to end hyperseach, but not all models have matured yet. Sleeping a bit to wait for all models to mature.
2015-06-30 09:49:05,362 - com.numenta.nupic.swarming.HypersearchV2.HypersearchV2(6029) - INFO - <BUILDID=N/A, WORKER=HW, WRKID=79, JOBID=1033> Ready to end hyperseach, but not all models have matured yet. Sleeping a bit to wait for all models to mature.
2015-06-30 09:49:07,067 - com.numenta.nupic.swarming.HypersearchV2.HypersearchV2(6029) - INFO - <BUILDID=N/A, WORKER=HW, WRKID=79, JOBID=1033> Ready to end hyperseach, but not all models have matured yet. Sleeping a bit to wait for all models to mature.
2015-06-30 09:49:07,847 - com.numenta.nupic.swarming.HypersearchV2.HypersearchV2(6029) - INFO - <BUILDID=N/A, WORKER=HW, WRKID=79, JOBID=1033> Ready to end hyperseach, but not all models have matured yet. Sleeping a bit to wait for all models to mature.
2015-06-30 09:49:12,639 - com.numenta.nupic.swarming.HypersearchV2.HypersearchV2(6029) - INFO - <BUILDID=N/A, WORKER=HW, WRKID=79, JOBID=1033> Ready to end hyperseach, but not all models have matured yet. Sleeping a bit to wait for all models to mature.
2015-06-30 09:49:14,327 - com.numenta.nupic.swarming.HypersearchV2.HypersearchV2(6029) - INFO - <BUILDID=N/A, WORKER=HW, WRKID=79, JOBID=1033> Ready to end hyperseach, but not all models have matured yet. Sleeping a bit to wait for all models to mature.
2015-06-30 09:49:14,799 - com.numenta.nupic.swarming.HypersearchV2.HypersearchV2(6029) - INFO - <BUILDID=N/A, WORKER=HW, WRKID=79, JOBID=1033> Ready to end hyperseach, but not all models have matured yet. Sleeping a bit to wait for all models to mature.
2015-06-30 09:49:15,285 - com.numenta.nupic.swarming.HypersearchV2.HypersearchV2(6029) - INFO - <BUILDID=N/A, WORKER=HW, WRKID=79, JOBID=1033> Ready to end hyperseach, but not all models have matured yet. Sleeping a bit to wait for all models to mature.
2015-06-30 09:49:19,529 - com.numenta.nupic.swarming.HypersearchV2.HypersearchV2(6029) - INFO - <BUILDID=N/A, WORKER=HW, WRKID=79, JOBID=1033> Ready to end hyperseach, but not all models have matured yet. Sleeping a bit to wait for all models to mature.
2015-06-30 09:49:22,553 - com.numenta.nupic.swarming.HypersearchV2.HypersearchV2(6029) - INFO - <BUILDID=N/A, WORKER=HW, WRKID=79, JOBID=1033> Ready to end hyperseach, but not all models have matured yet. Sleeping a bit to wait for all models to mature.
2015-06-30 09:49:26,592 - com.numenta.nupic.swarming.HypersearchV2.HypersearchV2(6029) - INFO - <BUILDID=N/A, WORKER=HW, WRKID=79, JOBID=1033> Ready to end hyperseach, but not all models have matured yet. Sleeping a bit to wait for all models to mature.
2015-06-30 09:49:30,247 - com.numenta.nupic.swarming.HypersearchV2.HypersearchV2(6029) - INFO - <BUILDID=N/A, WORKER=HW, WRKID=79, JOBID=1033> Ready to end hyperseach, but not all models have matured yet. Sleeping a bit to wait for all models to mature.
2015-06-30 09:49:32,932 - com.numenta.nupic.swarming.HypersearchV2.HypersearchV2(6029) - INFO - <BUILDID=N/A, WORKER=HW, WRKID=79, JOBID=1033> Ready to end hyperseach, but not all models have matured yet. Sleeping a bit to wait for all models to mature.
2015-06-30 09:49:37,804 - com.numenta.nupic.swarming.HypersearchV2.HypersearchV2(6029) - INFO - <BUILDID=N/A, WORKER=HW, WRKID=79, JOBID=1033> Ready to end hyperseach, but not all models have matured yet. Sleeping a bit to wait for all models to mature.
2015-06-30 09:49:39,701 - com.numenta.nupic.swarming.HypersearchV2.HypersearchV2(6029) - INFO - <BUILDID=N/A, WORKER=HW, WRKID=79, JOBID=1033> Ready to end hyperseach, but not all models have matured yet. Sleeping a bit to wait for all models to mature.
2015-06-30 09:49:42,467 - com.numenta.nupic.swarming.HypersearchV2.HypersearchV2(6029) - INFO - <BUILDID=N/A, WORKER=HW, WRKID=79, JOBID=1033> Ready to end hyperseach, but not all models have matured yet. Sleeping a bit to wait for all models to mature.
2015-06-30 09:49:46,621 - com.numenta.nupic.swarming.HypersearchV2.HypersearchV2(6029) - INFO - <BUILDID=N/A, WORKER=HW, WRKID=79, JOBID=1033> Ready to end hyperseach, but not all models have matured yet. Sleeping a bit to wait for all models to mature.
2015-06-30 09:49:49,717 - com.numenta.nupic.swarming.HypersearchV2.HypersearchV2(6029) - INFO - <BUILDID=N/A, WORKER=HW, WRKID=79, JOBID=1033> Ready to end hyperseach, but not all models have matured yet. Sleeping a bit to wait for all models to mature.
2015-06-30 09:49:54,033 - com.numenta.nupic.swarming.HypersearchV2.HypersearchV2(6029) - INFO - <BUILDID=N/A, WORKER=HW, WRKID=79, JOBID=1033> Ready to end hyperseach, but not all models have matured yet. Sleeping a bit to wait for all models to mature.
2015-06-30 09:49:56,924 - com.numenta.nupic.swarming.HypersearchV2.HypersearchV2(6029) - INFO - <BUILDID=N/A, WORKER=HW, WRKID=79, JOBID=1033> Ready to end hyperseach, but not all models have matured yet. Sleeping a bit to wait for all models to mature.
2015-06-30 09:50:00,452 - com.numenta.nupic.swarming.HypersearchV2.HypersearchV2(6029) - INFO - <BUILDID=N/A, WORKER=HW, WRKID=79, JOBID=1033> Ready to end hyperseach, but not all models have matured yet. Sleeping a bit to wait for all models to mature.
2015-06-30 09:50:00,684 - com.numenta.nupic.swarming.HypersearchV2.HypersearchV2(6029) - INFO - <BUILDID=N/A, WORKER=HW, WRKID=79, JOBID=1033> Ready to end hyperseach, but not all models have matured yet. Sleeping a bit to wait for all models to mature.
2015-06-30 09:50:01,827 - com.numenta.nupic.swarming.HypersearchV2.HypersearchV2(6029) - INFO - <BUILDID=N/A, WORKER=HW, WRKID=79, JOBID=1033> Ready to end hyperseach, but not all models have matured yet. Sleeping a bit to wait for all models to mature.
2015-06-30 09:50:03,278 - com.numenta.nupic.swarming.HypersearchV2.HypersearchV2(6029) - INFO - <BUILDID=N/A, WORKER=HW, WRKID=79, JOBID=1033> Ready to end hyperseach, but not all models have matured yet. Sleeping a bit to wait for all models to mature.
2015-06-30 09:50:03,680 - com.numenta.nupic.swarming.HypersearchV2.HypersearchV2(6029) - INFO - <BUILDID=N/A, WORKER=HW, WRKID=79, JOBID=1033> Ready to end hyperseach, but not all models have matured yet. Sleeping a bit to wait for all models to mature.
2015-06-30 09:50:04,847 - com.numenta.nupic.swarming.HypersearchV2.HypersearchV2(6029) - INFO - <BUILDID=N/A, WORKER=HW, WRKID=79, JOBID=1033> Ready to end hyperseach, but not all models have matured yet. Sleeping a bit to wait for all models to mature.
2015-06-30 09:50:05,355 - com.numenta.nupic.swarming.HypersearchV2.HypersearchV2(6029) - INFO - <BUILDID=N/A, WORKER=HW, WRKID=79, JOBID=1033> Ready to end hyperseach, but not all models have matured yet. Sleeping a bit to wait for all models to mature.
2015-06-30 09:50:06,749 - com.numenta.nupic.swarming.HypersearchV2.HypersearchV2(6029) - INFO - <BUILDID=N/A, WORKER=HW, WRKID=79, JOBID=1033> Ready to end hyperseach, but not all models have matured yet. Sleeping a bit to wait for all models to mature.
2015-06-30 09:50:09,934 - com.numenta.nupic.swarming.HypersearchV2.HypersearchV2(6029) - INFO - <BUILDID=N/A, WORKER=HW, WRKID=79, JOBID=1033> Ready to end hyperseach, but not all models have matured yet. Sleeping a bit to wait for all models to mature.
2015-06-30 09:50:11,772 - com.numenta.nupic.swarming.HypersearchV2.HypersearchV2(6029) - INFO - <BUILDID=N/A, WORKER=HW, WRKID=79, JOBID=1033> Ready to end hyperseach, but not all models have matured yet. Sleeping a bit to wait for all models to mature.
2015-06-30 09:50:13,628 - com.numenta.nupic.swarming.HypersearchV2.HypersearchV2(6029) - INFO - <BUILDID=N/A, WORKER=HW, WRKID=79, JOBID=1033> Ready to end hyperseach, but not all models have matured yet. Sleeping a bit to wait for all models to mature.
2015-06-30 09:50:14,680 - com.numenta.nupic.swarming.HypersearchV2.HypersearchV2(6029) - INFO - <BUILDID=N/A, WORKER=HW, WRKID=79, JOBID=1033> Ready to end hyperseach, but not all models have matured yet. Sleeping a bit to wait for all models to mature.
2015-06-30 09:50:16,018 - com.numenta.nupic.swarming.HypersearchV2.HypersearchV2(6029) - INFO - <BUILDID=N/A, WORKER=HW, WRKID=79, JOBID=1033> Ready to end hyperseach, but not all models have matured yet. Sleeping a bit to wait for all models to mature.
2015-06-30 09:50:20,709 - com.numenta.nupic.swarming.HypersearchV2.HypersearchV2(6029) - INFO - <BUILDID=N/A, WORKER=HW, WRKID=79, JOBID=1033> Ready to end hyperseach, but not all models have matured yet. Sleeping a bit to wait for all models to mature.
2015-06-30 09:50:23,952 - com.numenta.nupic.swarming.HypersearchV2.HypersearchV2(6029) - INFO - <BUILDID=N/A, WORKER=HW, WRKID=79, JOBID=1033> Ready to end hyperseach, but not all models have matured yet. Sleeping a bit to wait for all models to mature.
2015-06-30 09:50:27,005 - com.numenta.nupic.swarming.HypersearchV2.HypersearchV2(6029) - INFO - <BUILDID=N/A, WORKER=HW, WRKID=79, JOBID=1033> Ready to end hyperseach, but not all models have matured yet. Sleeping a bit to wait for all models to mature.
2015-06-30 09:50:27,864 - com.numenta.nupic.swarming.HypersearchV2.HypersearchV2(6029) - INFO - <BUILDID=N/A, WORKER=HW, WRKID=79, JOBID=1033> Ready to end hyperseach, but not all models have matured yet. Sleeping a bit to wait for all models to mature.
2015-06-30 09:50:31,513 - com.numenta.nupic.swarming.HypersearchV2.HypersearchV2(6029) - INFO - <BUILDID=N/A, WORKER=HW, WRKID=79, JOBID=1033> Ready to end hyperseach, but not all models have matured yet. Sleeping a bit to wait for all models to mature.
2015-06-30 09:50:32,333 - com.numenta.nupic.swarming.HypersearchV2.HypersearchV2(6029) - INFO - <BUILDID=N/A, WORKER=HW, WRKID=79, JOBID=1033> Ready to end hyperseach, but not all models have matured yet. Sleeping a bit to wait for all models to mature.
2015-06-30 09:50:34,235 - com.numenta.nupic.swarming.HypersearchV2.HypersearchV2(6029) - INFO - <BUILDID=N/A, WORKER=HW, WRKID=79, JOBID=1033> Ready to end hyperseach, but not all models have matured yet. Sleeping a bit to wait for all models to mature.
2015-06-30 09:50:39,191 - com.numenta.nupic.swarming.HypersearchV2.HypersearchV2(6029) - INFO - <BUILDID=N/A, WORKER=HW, WRKID=79, JOBID=1033> Ready to end hyperseach, but not all models have matured yet. Sleeping a bit to wait for all models to mature.
2015-06-30 09:50:42,397 - com.numenta.nupic.swarming.HypersearchV2.HypersearchV2(6029) - INFO - <BUILDID=N/A, WORKER=HW, WRKID=79, JOBID=1033> Ready to end hyperseach, but not all models have matured yet. Sleeping a bit to wait for all models to mature.
2015-06-30 09:50:45,187 - com.numenta.nupic.swarming.HypersearchV2.HypersearchV2(6029) - INFO - <BUILDID=N/A, WORKER=HW, WRKID=79, JOBID=1033> Ready to end hyperseach, but not all models have matured yet. Sleeping a bit to wait for all models to mature.
2015-06-30 09:50:48,616 - com.numenta.nupic.swarming.HypersearchV2.HypersearchV2(6029) - INFO - <BUILDID=N/A, WORKER=HW, WRKID=79, JOBID=1033> Ready to end hyperseach, but not all models have matured yet. Sleeping a bit to wait for all models to mature.
2015-06-30 09:50:52,837 - com.numenta.nupic.swarming.HypersearchV2.HypersearchV2(6029) - INFO - <BUILDID=N/A, WORKER=HW, WRKID=79, JOBID=1033> Ready to end hyperseach, but not all models have matured yet. Sleeping a bit to wait for all models to mature.
2015-06-30 09:50:56,720 - com.numenta.nupic.swarming.HypersearchV2.HypersearchV2(6029) - INFO - <BUILDID=N/A, WORKER=HW, WRKID=79, JOBID=1033> Ready to end hyperseach, but not all models have matured yet. Sleeping a bit to wait for all models to mature.
2015-06-30 09:50:57,869 - com.numenta.nupic.swarming.HypersearchV2.HypersearchV2(6029) - INFO - <BUILDID=N/A, WORKER=HW, WRKID=79, JOBID=1033> Ready to end hyperseach, but not all models have matured yet. Sleeping a bit to wait for all models to mature.
2015-06-30 09:50:58,031 - com.numenta.nupic.swarming.HypersearchV2.HypersearchV2(6029) - INFO - <BUILDID=N/A, WORKER=HW, WRKID=79, JOBID=1033> Ready to end hyperseach, but not all models have matured yet. Sleeping a bit to wait for all models to mature.
2015-06-30 09:50:59,613 - com.numenta.nupic.swarming.HypersearchV2.HypersearchV2(6029) - INFO - <BUILDID=N/A, WORKER=HW, WRKID=79, JOBID=1033> Ready to end hyperseach, but not all models have matured yet. Sleeping a bit to wait for all models to mature.
2015-06-30 09:51:00,955 - com.numenta.nupic.swarming.HypersearchV2.HypersearchV2(6029) - INFO - <BUILDID=N/A, WORKER=HW, WRKID=79, JOBID=1033> Ready to end hyperseach, but not all models have matured yet. Sleeping a bit to wait for all models to mature.
2015-06-30 09:51:02,013 - com.numenta.nupic.swarming.HypersearchV2.HypersearchV2(6029) - INFO - <BUILDID=N/A, WORKER=HW, WRKID=79, JOBID=1033> Ready to end hyperseach, but not all models have matured yet. Sleeping a bit to wait for all models to mature.
2015-06-30 09:51:06,735 - com.numenta.nupic.swarming.HypersearchV2.HypersearchV2(6029) - INFO - <BUILDID=N/A, WORKER=HW, WRKID=79, JOBID=1033> Ready to end hyperseach, but not all models have matured yet. Sleeping a bit to wait for all models to mature.
2015-06-30 09:51:11,120 - com.numenta.nupic.swarming.HypersearchV2.HypersearchV2(6029) - INFO - <BUILDID=N/A, WORKER=HW, WRKID=79, JOBID=1033> Ready to end hyperseach, but not all models have matured yet. Sleeping a bit to wait for all models to mature.
2015-06-30 09:51:12,697 - com.numenta.nupic.swarming.HypersearchV2.HypersearchV2(6029) - INFO - <BUILDID=N/A, WORKER=HW, WRKID=79, JOBID=1033> Ready to end hyperseach, but not all models have matured yet. Sleeping a bit to wait for all models to mature.
2015-06-30 09:51:15,978 - com.numenta.nupic.swarming.HypersearchV2.HypersearchV2(6029) - INFO - <BUILDID=N/A, WORKER=HW, WRKID=79, JOBID=1033> Ready to end hyperseach, but not all models have matured yet. Sleeping a bit to wait for all models to mature.
2015-06-30 09:51:17,961 - com.numenta.nupic.swarming.HypersearchV2.HypersearchV2(6029) - INFO - <BUILDID=N/A, WORKER=HW, WRKID=79, JOBID=1033> Ready to end hyperseach, but not all models have matured yet. Sleeping a bit to wait for all models to mature.
2015-06-30 09:51:22,541 - com.numenta.nupic.swarming.HypersearchV2.HypersearchV2(6029) - INFO - <BUILDID=N/A, WORKER=HW, WRKID=79, JOBID=1033> Ready to end hyperseach, but not all models have matured yet. Sleeping a bit to wait for all models to mature.
2015-06-30 09:51:24,840 - com.numenta.nupic.swarming.HypersearchV2.HypersearchV2(6029) - INFO - <BUILDID=N/A, WORKER=HW, WRKID=79, JOBID=1033> Ready to end hyperseach, but not all models have matured yet. Sleeping a bit to wait for all models to mature.
2015-06-30 09:51:26,167 - com.numenta.nupic.swarming.HypersearchV2.HypersearchV2(6029) - INFO - <BUILDID=N/A, WORKER=HW, WRKID=79, JOBID=1033> Ready to end hyperseach, but not all models have matured yet. Sleeping a bit to wait for all models to mature.
2015-06-30 09:51:27,405 - com.numenta.nupic.swarming.HypersearchV2.HypersearchV2(6029) - INFO - <BUILDID=N/A, WORKER=HW, WRKID=79, JOBID=1033> Ready to end hyperseach, but not all models have matured yet. Sleeping a bit to wait for all models to mature.
2015-06-30 09:51:30,217 - com.numenta.nupic.swarming.HypersearchV2.HypersearchV2(6029) - INFO - <BUILDID=N/A, WORKER=HW, WRKID=79, JOBID=1033> Ready to end hyperseach, but not all models have matured yet. Sleeping a bit to wait for all models to mature.
2015-06-30 09:51:31,534 - com.numenta.nupic.swarming.HypersearchV2.HypersearchV2(6029) - INFO - <BUILDID=N/A, WORKER=HW, WRKID=79, JOBID=1033> Ready to end hyperseach, but not all models have matured yet. Sleeping a bit to wait for all models to mature.
2015-06-30 09:51:34,472 - com.numenta.nupic.swarming.HypersearchV2.HypersearchV2(6029) - INFO - <BUILDID=N/A, WORKER=HW, WRKID=79, JOBID=1033> Ready to end hyperseach, but not all models have matured yet. Sleeping a bit to wait for all models to mature.
2015-06-30 09:51:38,968 - com.numenta.nupic.swarming.HypersearchV2.HypersearchV2(6029) - INFO - <BUILDID=N/A, WORKER=HW, WRKID=79, JOBID=1033> Ready to end hyperseach, but not all models have matured yet. Sleeping a bit to wait for all models to mature.
2015-06-30 09:51:40,970 - com.numenta.nupic.swarming.HypersearchV2.HypersearchV2(6029) - INFO - <BUILDID=N/A, WORKER=HW, WRKID=79, JOBID=1033> Ready to end hyperseach, but not all models have matured yet. Sleeping a bit to wait for all models to mature.
2015-06-30 09:51:42,069 - com.numenta.nupic.swarming.HypersearchV2.HypersearchV2(6029) - INFO - <BUILDID=N/A, WORKER=HW, WRKID=79, JOBID=1033> Ready to end hyperseach, but not all models have matured yet. Sleeping a bit to wait for all models to mature.
2015-06-30 09:51:47,064 - com.numenta.nupic.swarming.HypersearchV2.HypersearchV2(6029) - INFO - <BUILDID=N/A, WORKER=HW, WRKID=79, JOBID=1033> Ready to end hyperseach, but not all models have matured yet. Sleeping a bit to wait for all models to mature.
2015-06-30 09:51:49,618 - com.numenta.nupic.swarming.HypersearchV2.HypersearchV2(6029) - INFO - <BUILDID=N/A, WORKER=HW, WRKID=79, JOBID=1033> Ready to end hyperseach, but not all models have matured yet. Sleeping a bit to wait for all models to mature.
2015-06-30 09:51:50,076 - com.numenta.nupic.swarming.HypersearchV2.HypersearchV2(6029) - INFO - <BUILDID=N/A, WORKER=HW, WRKID=79, JOBID=1033> Ready to end hyperseach, but not all models have matured yet. Sleeping a bit to wait for all models to mature.
2015-06-30 09:51:50,315 - com.numenta.nupic.swarming.HypersearchV2.HypersearchV2(6029) - INFO - <BUILDID=N/A, WORKER=HW, WRKID=79, JOBID=1033> Ready to end hyperseach, but not all models have matured yet. Sleeping a bit to wait for all models to mature.
2015-06-30 09:51:50,866 - com.numenta.nupic.swarming.HypersearchV2.HypersearchV2(6029) - INFO - <BUILDID=N/A, WORKER=HW, WRKID=79, JOBID=1033> Ready to end hyperseach, but not all models have matured yet. Sleeping a bit to wait for all models to mature.
2015-06-30 09:51:54,010 - com.numenta.nupic.swarming.HypersearchV2.HypersearchV2(6029) - INFO - <BUILDID=N/A, WORKER=HW, WRKID=79, JOBID=1033> Ready to end hyperseach, but not all models have matured yet. Sleeping a bit to wait for all models to mature.
2015-06-30 09:51:57,976 - com.numenta.nupic.swarming.HypersearchV2.HypersearchV2(6029) - INFO - <BUILDID=N/A, WORKER=HW, WRKID=79, JOBID=1033> Ready to end hyperseach, but not all models have matured yet. Sleeping a bit to wait for all models to mature.
2015-06-30 09:52:00,091 - com.numenta.nupic.swarming.HypersearchV2.HypersearchV2(6029) - INFO - <BUILDID=N/A, WORKER=HW, WRKID=79, JOBID=1033> Ready to end hyperseach, but not all models have matured yet. Sleeping a bit to wait for all models to mature.
2015-06-30 09:52:00,412 - com.numenta.nupic.swarming.HypersearchV2.HypersearchV2(6029) - INFO - <BUILDID=N/A, WORKER=HW, WRKID=79, JOBID=1033> Ready to end hyperseach, but not all models have matured yet. Sleeping a bit to wait for all models to mature.
2015-06-30 09:52:02,325 - com.numenta.nupic.swarming.HypersearchV2.HypersearchV2(6029) - INFO - <BUILDID=N/A, WORKER=HW, WRKID=79, JOBID=1033> Ready to end hyperseach, but not all models have matured yet. Sleeping a bit to wait for all models to mature.
2015-06-30 09:52:07,318 - com.numenta.nupic.swarming.HypersearchV2.HypersearchV2(6029) - INFO - <BUILDID=N/A, WORKER=HW, WRKID=79, JOBID=1033> Ready to end hyperseach, but not all models have matured yet. Sleeping a bit to wait for all models to mature.
2015-06-30 09:52:09,970 - com.numenta.nupic.swarming.HypersearchV2.HypersearchV2(6029) - INFO - <BUILDID=N/A, WORKER=HW, WRKID=79, JOBID=1033> Ready to end hyperseach, but not all models have matured yet. Sleeping a bit to wait for all models to mature.
2015-06-30 09:52:14,833 - com.numenta.nupic.swarming.HypersearchV2.HypersearchV2(6029) - INFO - <BUILDID=N/A, WORKER=HW, WRKID=79, JOBID=1033> Ready to end hyperseach, but not all models have matured yet. Sleeping a bit to wait for all models to mature.
2015-06-30 09:52:19,145 - com.numenta.nupic.swarming.HypersearchV2.HypersearchV2(6029) - INFO - <BUILDID=N/A, WORKER=HW, WRKID=79, JOBID=1033> Ready to end hyperseach, but not all models have matured yet. Sleeping a bit to wait for all models to mature.
2015-06-30 09:52:19,204 - com.numenta.nupic.swarming.HypersearchV2.HypersearchV2(6029) - INFO - <BUILDID=N/A, WORKER=HW, WRKID=79, JOBID=1033> Ready to end hyperseach, but not all models have matured yet. Sleeping a bit to wait for all models to mature.
2015-06-30 09:52:22,813 - com.numenta.nupic.swarming.HypersearchV2.HypersearchV2(6029) - INFO - <BUILDID=N/A, WORKER=HW, WRKID=79, JOBID=1033> Ready to end hyperseach, but not all models have matured yet. Sleeping a bit to wait for all models to mature.
2015-06-30 09:52:26,225 - com.numenta.nupic.swarming.HypersearchV2.HypersearchV2(6029) - INFO - <BUILDID=N/A, WORKER=HW, WRKID=79, JOBID=1033> Ready to end hyperseach, but not all models have matured yet. Sleeping a bit to wait for all models to mature.
2015-06-30 09:52:28,914 - com.numenta.nupic.swarming.HypersearchV2.HypersearchV2(6029) - INFO - <BUILDID=N/A, WORKER=HW, WRKID=79, JOBID=1033> Ready to end hyperseach, but not all models have matured yet. Sleeping a bit to wait for all models to mature.
2015-06-30 09:52:30,253 - com.numenta.nupic.swarming.HypersearchV2.HypersearchV2(6029) - INFO - <BUILDID=N/A, WORKER=HW, WRKID=79, JOBID=1033> Ready to end hyperseach, but not all models have matured yet. Sleeping a bit to wait for all models to mature.
2015-06-30 09:52:33,464 - com.numenta.nupic.swarming.HypersearchV2.HypersearchV2(6029) - INFO - <BUILDID=N/A, WORKER=HW, WRKID=79, JOBID=1033> Ready to end hyperseach, but not all models have matured yet. Sleeping a bit to wait for all models to mature.
2015-06-30 09:52:34,024 - com.numenta.nupic.swarming.HypersearchV2.HypersearchV2(6029) - INFO - <BUILDID=N/A, WORKER=HW, WRKID=79, JOBID=1033> Ready to end hyperseach, but not all models have matured yet. Sleeping a bit to wait for all models to mature.
2015-06-30 09:52:36,203 - com.numenta.nupic.swarming.HypersearchV2.HypersearchV2(6029) - INFO - <BUILDID=N/A, WORKER=HW, WRKID=79, JOBID=1033> Ready to end hyperseach, but not all models have matured yet. Sleeping a bit to wait for all models to mature.
2015-06-30 09:52:38,476 - com.numenta.nupic.swarming.HypersearchV2.HypersearchV2(6029) - INFO - <BUILDID=N/A, WORKER=HW, WRKID=79, JOBID=1033> Ready to end hyperseach, but not all models have matured yet. Sleeping a bit to wait for all models to mature.
2015-06-30 09:52:43,253 - com.numenta.nupic.swarming.HypersearchV2.HypersearchV2(6029) - INFO - <BUILDID=N/A, WORKER=HW, WRKID=79, JOBID=1033> Ready to end hyperseach, but not all models have matured yet. Sleeping a bit to wait for all models to mature.
2015-06-30 09:52:47,637 - com.numenta.nupic.swarming.HypersearchV2.HypersearchV2(6029) - INFO - <BUILDID=N/A, WORKER=HW, WRKID=79, JOBID=1033> Ready to end hyperseach, but not all models have matured yet. Sleeping a bit to wait for all models to mature.
2015-06-30 09:52:48,957 - com.numenta.nupic.swarming.HypersearchV2.HypersearchV2(6029) - INFO - <BUILDID=N/A, WORKER=HW, WRKID=79, JOBID=1033> Ready to end hyperseach, but not all models have matured yet. Sleeping a bit to wait for all models to mature.
2015-06-30 09:52:51,463 - com.numenta.nupic.swarming.HypersearchV2.HypersearchV2(6029) - INFO - <BUILDID=N/A, WORKER=HW, WRKID=79, JOBID=1033> Ready to end hyperseach, but not all models have matured yet. Sleeping a bit to wait for all models to mature.
2015-06-30 09:52:52,361 - com.numenta.nupic.swarming.HypersearchV2.HypersearchV2(6029) - INFO - <BUILDID=N/A, WORKER=HW, WRKID=79, JOBID=1033> Ready to end hyperseach, but not all models have matured yet. Sleeping a bit to wait for all models to mature.
2015-06-30 09:52:56,929 - com.numenta.nupic.swarming.HypersearchV2.HypersearchV2(6029) - INFO - <BUILDID=N/A, WORKER=HW, WRKID=79, JOBID=1033> Ready to end hyperseach, but not all models have matured yet. Sleeping a bit to wait for all models to mature.
2015-06-30 09:53:01,288 - com.numenta.nupic.swarming.HypersearchV2.HypersearchV2(6029) - INFO - <BUILDID=N/A, WORKER=HW, WRKID=79, JOBID=1033> Ready to end hyperseach, but not all models have matured yet. Sleeping a bit to wait for all models to mature.
2015-06-30 09:53:02,785 - com.numenta.nupic.swarming.HypersearchV2.HypersearchV2(6029) - INFO - <BUILDID=N/A, WORKER=HW, WRKID=79, JOBID=1033> Ready to end hyperseach, but not all models have matured yet. Sleeping a bit to wait for all models to mature.
2015-06-30 09:53:05,984 - com.numenta.nupic.swarming.HypersearchV2.HypersearchV2(6029) - INFO - <BUILDID=N/A, WORKER=HW, WRKID=79, JOBID=1033> Ready to end hyperseach, but not all models have matured yet. Sleeping a bit to wait for all models to mature.
2015-06-30 09:53:09,034 - com.numenta.nupic.swarming.HypersearchV2.HypersearchV2(6029) - INFO - <BUILDID=N/A, WORKER=HW, WRKID=79, JOBID=1033> Ready to end hyperseach, but not all models have matured yet. Sleeping a bit to wait for all models to mature.
2015-06-30 09:53:09,801 - com.numenta.nupic.swarming.HypersearchV2.HypersearchV2(6029) - INFO - <BUILDID=N/A, WORKER=HW, WRKID=79, JOBID=1033> Ready to end hyperseach, but not all models have matured yet. Sleeping a bit to wait for all models to mature.
2015-06-30 09:53:13,616 - com.numenta.nupic.swarming.HypersearchV2.HypersearchV2(6029) - INFO - <BUILDID=N/A, WORKER=HW, WRKID=79, JOBID=1033> Ready to end hyperseach, but not all models have matured yet. Sleeping a bit to wait for all models to mature.
2015-06-30 09:53:16,316 - com.numenta.nupic.swarming.HypersearchV2.HypersearchV2(6029) - INFO - <BUILDID=N/A, WORKER=HW, WRKID=79, JOBID=1033> Ready to end hyperseach, but not all models have matured yet. Sleeping a bit to wait for all models to mature.
2015-06-30 09:53:20,212 - com.numenta.nupic.swarming.HypersearchV2.HypersearchV2(6029) - INFO - <BUILDID=N/A, WORKER=HW, WRKID=79, JOBID=1033> Ready to end hyperseach, but not all models have matured yet. Sleeping a bit to wait for all models to mature.
2015-06-30 09:53:22,869 - com.numenta.nupic.swarming.HypersearchV2.HypersearchV2(6029) - INFO - <BUILDID=N/A, WORKER=HW, WRKID=79, JOBID=1033> Ready to end hyperseach, but not all models have matured yet. Sleeping a bit to wait for all models to mature.
2015-06-30 09:53:22,875 - com.numenta.nupic.swarming.HypersearchV2.HypersearchV2(6029) - INFO - <BUILDID=N/A, WORKER=HW, WRKID=79, JOBID=1033> Ready to end hyperseach, but not all models have matured yet. Sleeping a bit to wait for all models to mature.
2015-06-30 09:53:24,501 - com.numenta.nupic.swarming.HypersearchV2.HypersearchV2(6029) - INFO - <BUILDID=N/A, WORKER=HW, WRKID=79, JOBID=1033> Ready to end hyperseach, but not all models have matured yet. Sleeping a bit to wait for all models to mature.
2015-06-30 09:53:24,601 - com.numenta.nupic.swarming.HypersearchV2.HypersearchV2(6029) - INFO - <BUILDID=N/A, WORKER=HW, WRKID=79, JOBID=1033> Ready to end hyperseach, but not all models have matured yet. Sleeping a bit to wait for all models to mature.
2015-06-30 09:53:29,253 - com.numenta.nupic.swarming.HypersearchV2.HypersearchV2(6029) - INFO - <BUILDID=N/A, WORKER=HW, WRKID=79, JOBID=1033> Ready to end hyperseach, but not all models have matured yet. Sleeping a bit to wait for all models to mature.
2015-06-30 09:53:33,654 - com.numenta.nupic.swarming.HypersearchV2.HypersearchV2(6029) - INFO - <BUILDID=N/A, WORKER=HW, WRKID=79, JOBID=1033> Ready to end hyperseach, but not all models have matured yet. Sleeping a bit to wait for all models to mature.
2015-06-30 09:53:37,815 - com.numenta.nupic.swarming.HypersearchV2.HypersearchV2(6029) - INFO - <BUILDID=N/A, WORKER=HW, WRKID=79, JOBID=1033> Ready to end hyperseach, but not all models have matured yet. Sleeping a bit to wait for all models to mature.
2015-06-30 09:53:39,357 - com.numenta.nupic.swarming.HypersearchV2.HypersearchV2(6029) - INFO - <BUILDID=N/A, WORKER=HW, WRKID=79, JOBID=1033> Ready to end hyperseach, but not all models have matured yet. Sleeping a bit to wait for all models to mature.
2015-06-30 09:53:39,648 - com.numenta.nupic.swarming.HypersearchV2.HypersearchV2(6029) - INFO - <BUILDID=N/A, WORKER=HW, WRKID=79, JOBID=1033> Ready to end hyperseach, but not all models have matured yet. Sleeping a bit to wait for all models to mature.
2015-06-30 09:53:44,045 - com.numenta.nupic.swarming.HypersearchV2.HypersearchV2(6029) - INFO - <BUILDID=N/A, WORKER=HW, WRKID=79, JOBID=1033> Ready to end hyperseach, but not all models have matured yet. Sleeping a bit to wait for all models to mature.
2015-06-30 09:53:48,788 - com.numenta.nupic.swarming.HypersearchV2.HypersearchV2(6029) - INFO - <BUILDID=N/A, WORKER=HW, WRKID=79, JOBID=1033> Ready to end hyperseach, but not all models have matured yet. Sleeping a bit to wait for all models to mature.
2015-06-30 09:53:49,219 - com.numenta.nupic.swarming.HypersearchV2.HypersearchV2(6029) - INFO - <BUILDID=N/A, WORKER=HW, WRKID=79, JOBID=1033> Ready to end hyperseach, but not all models have matured yet. Sleeping a bit to wait for all models to mature.
2015-06-30 09:53:51,654 - com.numenta.nupic.swarming.HypersearchV2.HypersearchV2(6029) - INFO - <BUILDID=N/A, WORKER=HW, WRKID=79, JOBID=1033> Ready to end hyperseach, but not all models have matured yet. Sleeping a bit to wait for all models to mature.
2015-06-30 09:53:52,004 - com.numenta.nupic.swarming.HypersearchV2.HypersearchV2(6029) - INFO - <BUILDID=N/A, WORKER=HW, WRKID=79, JOBID=1033> Ready to end hyperseach, but not all models have matured yet. Sleeping a bit to wait for all models to mature.
2015-06-30 09:53:55,813 - com.numenta.nupic.swarming.HypersearchV2.HypersearchV2(6029) - INFO - <BUILDID=N/A, WORKER=HW, WRKID=79, JOBID=1033> Ready to end hyperseach, but not all models have matured yet. Sleeping a bit to wait for all models to mature.
2015-06-30 09:53:59,648 - com.numenta.nupic.swarming.HypersearchV2.HypersearchV2(6029) - INFO - <BUILDID=N/A, WORKER=HW, WRKID=79, JOBID=1033> Ready to end hyperseach, but not all models have matured yet. Sleeping a bit to wait for all models to mature.
2015-06-30 09:54:00,292 - com.numenta.nupic.swarming.HypersearchV2.HypersearchV2(6029) - INFO - <BUILDID=N/A, WORKER=HW, WRKID=79, JOBID=1033> Ready to end hyperseach, but not all models have matured yet. Sleeping a bit to wait for all models to mature.
2015-06-30 09:54:02,674 - com.numenta.nupic.swarming.HypersearchV2.HypersearchV2(6029) - INFO - <BUILDID=N/A, WORKER=HW, WRKID=79, JOBID=1033> Ready to end hyperseach, but not all models have matured yet. Sleeping a bit to wait for all models to mature.
2015-06-30 09:54:05,426 - com.numenta.nupic.swarming.HypersearchV2.HypersearchV2(6029) - INFO - <BUILDID=N/A, WORKER=HW, WRKID=79, JOBID=1033> Ready to end hyperseach, but not all models have matured yet. Sleeping a bit to wait for all models to mature.
2015-06-30 09:54:06,755 - com.numenta.nupic.swarming.HypersearchV2.HypersearchV2(6029) - INFO - <BUILDID=N/A, WORKER=HW, WRKID=79, JOBID=1033> Ready to end hyperseach, but not all models have matured yet. Sleeping a bit to wait for all models to mature.
2015-06-30 09:54:11,125 - com.numenta.nupic.swarming.HypersearchV2.HypersearchV2(6029) - INFO - <BUILDID=N/A, WORKER=HW, WRKID=79, JOBID=1033> Ready to end hyperseach, but not all models have matured yet. Sleeping a bit to wait for all models to mature.
2015-06-30 09:54:13,245 - com.numenta.nupic.swarming.HypersearchV2.HypersearchV2(6029) - INFO - <BUILDID=N/A, WORKER=HW, WRKID=79, JOBID=1033> Ready to end hyperseach, but not all models have matured yet. Sleeping a bit to wait for all models to mature.
2015-06-30 09:54:14,316 - com.numenta.nupic.swarming.HypersearchV2.HypersearchV2(6029) - INFO - <BUILDID=N/A, WORKER=HW, WRKID=79, JOBID=1033> New best model after 1 evaluations: errScore 41.1173 on model 3349
2015-06-30 09:54:14,336 - com.numenta.nupic.swarming.HypersearchWorker(6029) - INFO - <BUILDID=N/A, WORKER=HW, WRKID=79, JOBID=1033> FINISHED. Evaluated 0 models.
