2014-12-28 11:11:40,619 - com.numenta.nupic.swarming.HypersearchWorker(3182) - INFO - <BUILDID=N/A, WORKER=HS, WRKID=N/A, JOBID=N/A> Launched with command line arguments: ['--jobID=1021']
2014-12-28 11:11:40,620 - com.numenta.nupic.swarming.HypersearchWorker(3182) - INFO - <BUILDID=N/A, WORKER=HS, WRKID=N/A, JOBID=N/A> Connecting to the jobs database
2014-12-28 11:11:40,620 - com.numenta.nupic.database.Connection.ConnectionFactory(3182) - INFO - <BUILDID=N/A, WORKER=HS, WRKID=N/A, JOBID=N/A> Creating db connection policy via provider <bound method type._createDefaultPolicy of <class 'nupic.database.Connection.ConnectionFactory'>>
2014-12-28 11:11:40,641 - com.numenta.nupic.database.Connection.PooledConnectionPolicy(3182) - INFO - <BUILDID=N/A, WORKER=HS, WRKID=N/A, JOBID=N/A> Created PooledConnectionPolicy
2014-12-28 11:11:40,660 - com.numenta.nupic.database.ClientJobsDAO.ClientJobsDAO(3182) - INFO - <BUILDID=N/A, WORKER=HS, WRKID=N/A, JOBID=N/A> clientJobsConnectionID=39
2014-12-28 11:11:40,669 - com.numenta.nupic.swarming.HypersearchWorker(3182) - INFO - <BUILDID=N/A, WORKER=HW, WRKID=39, JOBID=1021> Job info retrieved: {'engModelMilestones': 'None', 'clientInfo': '', 'numFailedWorkers': '0', 'engJobType': 'hypersearch', 'results': 'None', 'jobId': '1021', 'completionMsg': 'None', 'cancel': '0', 'engWorkerState': 'None', 'workerCompletionMsg': 'None', 'jobHash': "Z'\x86\xff\x8e\xc5\x11\xe4\x89\xa4\x08\x00'\x16\xdf\xd4", 'genBaseDescription': 'None', 'completionReason': 'None', 'priority': '0', 'cmdLine': '$HYPERSEARCH', 'params': '{"hsVersion": "v2", "maxModels": null, "persistentJobGUID": "5a2...', 'workerCompletionReason': 'success', 'engAllocateNewWorkers': '1', 'lastFailedWorkerErrorMsg': 'None', 'engUntendedDeadWorkers': '0', 'engLastUpdateTime': '2014-12-28 19:11:40', 'status': 'notStarted', 'engStatus': 'None', 'startTime': 'None', 'minimumWorkers': '1', 'endTime': 'None', 'engCjmConnId': 'None', 'genPermutations': 'None', 'client': 'GRP', 'engCleaningStatus': 'notdone', 'clientKey': '', 'maximumWorkers': '4'}
2014-12-28 11:11:40,670 - com.numenta.nupic.swarming.HypersearchV2.HypersearchV2(3182) - INFO - <BUILDID=N/A, WORKER=HW, WRKID=39, JOBID=1021> searchParams: 
{u'description': {u'includedFields': [{u'fieldName': 'timestamp',
                                       u'fieldType': 'datetime'},
                                      {u'fieldName': 'kw_energy_consumption',
                                       u'fieldType': 'float',
                                       u'maxValue': '5.18',
                                       u'minValue': '0.0'}],
                  u'inferenceArgs': {u'predictedField': 'kw_energy_consumption',
                                     u'predictionSteps': ['1']},
                  u'inferenceType': 'TemporalMultiStep',
                  u'iterationCount': '-1',
                  u'metricWindow': '24',
                  u'streamDef': {u'info': 'kw_energy_consumption',
                                 u'streams': [{u'columns': ['*'],
                                               u'info': 'San Diego',
                                               u'source': 'file://san_diego.csv'}],
                                 u'version': '1'},
                  u'swarmSize': 'small'},
 u'hsVersion': 'v2',
 u'maxModels': 'None',
 u'persistentJobGUID': '5a2786fe-8ec5-11e4-89a4-08002716dfd4',
 u'useTerminators': 'False'}
2014-12-28 11:11:43,688 - com.numenta.nupic.swarming.HypersearchV2.HypersearchV2(3182) - INFO - <BUILDID=N/A, WORKER=HW, WRKID=39, JOBID=1021> Ready to end hyperseach, but not all models have matured yet. Sleeping a bit to wait for all models to mature.
2014-12-28 11:11:46,891 - com.numenta.nupic.swarming.HypersearchV2.HypersearchV2(3182) - INFO - <BUILDID=N/A, WORKER=HW, WRKID=39, JOBID=1021> Ready to end hyperseach, but not all models have matured yet. Sleeping a bit to wait for all models to mature.
2014-12-28 11:11:47,019 - com.numenta.nupic.swarming.HypersearchV2.HypersearchV2(3182) - INFO - <BUILDID=N/A, WORKER=HW, WRKID=39, JOBID=1021> Ready to end hyperseach, but not all models have matured yet. Sleeping a bit to wait for all models to mature.
2014-12-28 11:11:48,398 - com.numenta.nupic.swarming.HypersearchV2.HypersearchV2(3182) - INFO - <BUILDID=N/A, WORKER=HW, WRKID=39, JOBID=1021> Ready to end hyperseach, but not all models have matured yet. Sleeping a bit to wait for all models to mature.
2014-12-28 11:11:49,518 - com.numenta.nupic.swarming.HypersearchV2.HypersearchV2(3182) - INFO - <BUILDID=N/A, WORKER=HW, WRKID=39, JOBID=1021> Ready to end hyperseach, but not all models have matured yet. Sleeping a bit to wait for all models to mature.
2014-12-28 11:11:53,208 - com.numenta.nupic.swarming.HypersearchV2.HypersearchV2(3182) - INFO - <BUILDID=N/A, WORKER=HW, WRKID=39, JOBID=1021> Ready to end hyperseach, but not all models have matured yet. Sleeping a bit to wait for all models to mature.
2014-12-28 11:11:56,595 - com.numenta.nupic.swarming.HypersearchV2.HypersearchV2(3182) - INFO - <BUILDID=N/A, WORKER=HW, WRKID=39, JOBID=1021> Ready to end hyperseach, but not all models have matured yet. Sleeping a bit to wait for all models to mature.
2014-12-28 11:12:01,058 - com.numenta.nupic.swarming.HypersearchV2.HypersearchV2(3182) - INFO - <BUILDID=N/A, WORKER=HW, WRKID=39, JOBID=1021> Ready to end hyperseach, but not all models have matured yet. Sleeping a bit to wait for all models to mature.
2014-12-28 11:12:01,496 - com.numenta.nupic.swarming.HypersearchV2.HypersearchV2(3182) - INFO - <BUILDID=N/A, WORKER=HW, WRKID=39, JOBID=1021> Ready to end hyperseach, but not all models have matured yet. Sleeping a bit to wait for all models to mature.
2014-12-28 11:12:03,610 - com.numenta.nupic.swarming.HypersearchV2.HypersearchV2(3182) - INFO - <BUILDID=N/A, WORKER=HW, WRKID=39, JOBID=1021> Ready to end hyperseach, but not all models have matured yet. Sleeping a bit to wait for all models to mature.
2014-12-28 11:12:03,761 - com.numenta.nupic.swarming.HypersearchV2.HypersearchV2(3182) - INFO - <BUILDID=N/A, WORKER=HW, WRKID=39, JOBID=1021> Ready to end hyperseach, but not all models have matured yet. Sleeping a bit to wait for all models to mature.
2014-12-28 11:12:04,858 - com.numenta.nupic.swarming.HypersearchV2.HypersearchV2(3182) - INFO - <BUILDID=N/A, WORKER=HW, WRKID=39, JOBID=1021> Ready to end hyperseach, but not all models have matured yet. Sleeping a bit to wait for all models to mature.
2014-12-28 11:12:07,391 - com.numenta.nupic.swarming.HypersearchV2.HypersearchV2(3182) - INFO - <BUILDID=N/A, WORKER=HW, WRKID=39, JOBID=1021> Ready to end hyperseach, but not all models have matured yet. Sleeping a bit to wait for all models to mature.
2014-12-28 11:12:07,525 - com.numenta.nupic.swarming.HypersearchV2.HypersearchV2(3182) - INFO - <BUILDID=N/A, WORKER=HW, WRKID=39, JOBID=1021> Ready to end hyperseach, but not all models have matured yet. Sleeping a bit to wait for all models to mature.
2014-12-28 11:12:08,522 - com.numenta.nupic.swarming.HypersearchV2.HypersearchV2(3182) - INFO - <BUILDID=N/A, WORKER=HW, WRKID=39, JOBID=1021> Ready to end hyperseach, but not all models have matured yet. Sleeping a bit to wait for all models to mature.
2014-12-28 11:12:11,775 - com.numenta.nupic.swarming.HypersearchV2.HypersearchV2(3182) - INFO - <BUILDID=N/A, WORKER=HW, WRKID=39, JOBID=1021> Ready to end hyperseach, but not all models have matured yet. Sleeping a bit to wait for all models to mature.
2014-12-28 11:12:14,504 - com.numenta.nupic.swarming.HypersearchV2.HypersearchV2(3182) - INFO - <BUILDID=N/A, WORKER=HW, WRKID=39, JOBID=1021> Ready to end hyperseach, but not all models have matured yet. Sleeping a bit to wait for all models to mature.
2014-12-28 11:12:15,609 - com.numenta.nupic.swarming.HypersearchV2.HypersearchV2(3182) - INFO - <BUILDID=N/A, WORKER=HW, WRKID=39, JOBID=1021> Ready to end hyperseach, but not all models have matured yet. Sleeping a bit to wait for all models to mature.
2014-12-28 11:12:18,561 - com.numenta.nupic.swarming.HypersearchV2.HypersearchV2(3182) - INFO - <BUILDID=N/A, WORKER=HW, WRKID=39, JOBID=1021> Ready to end hyperseach, but not all models have matured yet. Sleeping a bit to wait for all models to mature.
2014-12-28 11:12:22,611 - com.numenta.nupic.swarming.HypersearchV2.HypersearchV2(3182) - INFO - <BUILDID=N/A, WORKER=HW, WRKID=39, JOBID=1021> Ready to end hyperseach, but not all models have matured yet. Sleeping a bit to wait for all models to mature.
2014-12-28 11:12:22,646 - com.numenta.nupic.swarming.HypersearchV2.HypersearchV2(3182) - INFO - <BUILDID=N/A, WORKER=HW, WRKID=39, JOBID=1021> Ready to end hyperseach, but not all models have matured yet. Sleeping a bit to wait for all models to mature.
2014-12-28 11:12:26,682 - com.numenta.nupic.swarming.HypersearchV2.HypersearchV2(3182) - INFO - <BUILDID=N/A, WORKER=HW, WRKID=39, JOBID=1021> Ready to end hyperseach, but not all models have matured yet. Sleeping a bit to wait for all models to mature.
2014-12-28 11:12:30,180 - com.numenta.nupic.swarming.HypersearchV2.HypersearchV2(3182) - INFO - <BUILDID=N/A, WORKER=HW, WRKID=39, JOBID=1021> Ready to end hyperseach, but not all models have matured yet. Sleeping a bit to wait for all models to mature.
2014-12-28 11:12:31,885 - com.numenta.nupic.swarming.HypersearchV2.HypersearchV2(3182) - INFO - <BUILDID=N/A, WORKER=HW, WRKID=39, JOBID=1021> Ready to end hyperseach, but not all models have matured yet. Sleeping a bit to wait for all models to mature.
2014-12-28 11:12:32,667 - com.numenta.nupic.swarming.HypersearchV2.HypersearchV2(3182) - INFO - <BUILDID=N/A, WORKER=HW, WRKID=39, JOBID=1021> Ready to end hyperseach, but not all models have matured yet. Sleeping a bit to wait for all models to mature.
2014-12-28 11:12:37,461 - com.numenta.nupic.swarming.HypersearchV2.HypersearchV2(3182) - INFO - <BUILDID=N/A, WORKER=HW, WRKID=39, JOBID=1021> Ready to end hyperseach, but not all models have matured yet. Sleeping a bit to wait for all models to mature.
2014-12-28 11:12:39,148 - com.numenta.nupic.swarming.HypersearchV2.HypersearchV2(3182) - INFO - <BUILDID=N/A, WORKER=HW, WRKID=39, JOBID=1021> Ready to end hyperseach, but not all models have matured yet. Sleeping a bit to wait for all models to mature.
2014-12-28 11:12:39,614 - com.numenta.nupic.swarming.HypersearchV2.HypersearchV2(3182) - INFO - <BUILDID=N/A, WORKER=HW, WRKID=39, JOBID=1021> Ready to end hyperseach, but not all models have matured yet. Sleeping a bit to wait for all models to mature.
2014-12-28 11:12:40,100 - com.numenta.nupic.swarming.HypersearchV2.HypersearchV2(3182) - INFO - <BUILDID=N/A, WORKER=HW, WRKID=39, JOBID=1021> Ready to end hyperseach, but not all models have matured yet. Sleeping a bit to wait for all models to mature.
2014-12-28 11:12:44,340 - com.numenta.nupic.swarming.HypersearchV2.HypersearchV2(3182) - INFO - <BUILDID=N/A, WORKER=HW, WRKID=39, JOBID=1021> Ready to end hyperseach, but not all models have matured yet. Sleeping a bit to wait for all models to mature.
2014-12-28 11:12:47,366 - com.numenta.nupic.swarming.HypersearchV2.HypersearchV2(3182) - INFO - <BUILDID=N/A, WORKER=HW, WRKID=39, JOBID=1021> Ready to end hyperseach, but not all models have matured yet. Sleeping a bit to wait for all models to mature.
2014-12-28 11:12:51,409 - com.numenta.nupic.swarming.HypersearchV2.HypersearchV2(3182) - INFO - <BUILDID=N/A, WORKER=HW, WRKID=39, JOBID=1021> Ready to end hyperseach, but not all models have matured yet. Sleeping a bit to wait for all models to mature.
2014-12-28 11:12:55,064 - com.numenta.nupic.swarming.HypersearchV2.HypersearchV2(3182) - INFO - <BUILDID=N/A, WORKER=HW, WRKID=39, JOBID=1021> Ready to end hyperseach, but not all models have matured yet. Sleeping a bit to wait for all models to mature.
2014-12-28 11:12:57,749 - com.numenta.nupic.swarming.HypersearchV2.HypersearchV2(3182) - INFO - <BUILDID=N/A, WORKER=HW, WRKID=39, JOBID=1021> Ready to end hyperseach, but not all models have matured yet. Sleeping a bit to wait for all models to mature.
2014-12-28 11:13:02,622 - com.numenta.nupic.swarming.HypersearchV2.HypersearchV2(3182) - INFO - <BUILDID=N/A, WORKER=HW, WRKID=39, JOBID=1021> Ready to end hyperseach, but not all models have matured yet. Sleeping a bit to wait for all models to mature.
2014-12-28 11:13:04,519 - com.numenta.nupic.swarming.HypersearchV2.HypersearchV2(3182) - INFO - <BUILDID=N/A, WORKER=HW, WRKID=39, JOBID=1021> Ready to end hyperseach, but not all models have matured yet. Sleeping a bit to wait for all models to mature.
2014-12-28 11:13:07,284 - com.numenta.nupic.swarming.HypersearchV2.HypersearchV2(3182) - INFO - <BUILDID=N/A, WORKER=HW, WRKID=39, JOBID=1021> Ready to end hyperseach, but not all models have matured yet. Sleeping a bit to wait for all models to mature.
2014-12-28 11:13:11,439 - com.numenta.nupic.swarming.HypersearchV2.HypersearchV2(3182) - INFO - <BUILDID=N/A, WORKER=HW, WRKID=39, JOBID=1021> Ready to end hyperseach, but not all models have matured yet. Sleeping a bit to wait for all models to mature.
2014-12-28 11:13:14,537 - com.numenta.nupic.swarming.HypersearchV2.HypersearchV2(3182) - INFO - <BUILDID=N/A, WORKER=HW, WRKID=39, JOBID=1021> Ready to end hyperseach, but not all models have matured yet. Sleeping a bit to wait for all models to mature.
2014-12-28 11:13:18,853 - com.numenta.nupic.swarming.HypersearchV2.HypersearchV2(3182) - INFO - <BUILDID=N/A, WORKER=HW, WRKID=39, JOBID=1021> Ready to end hyperseach, but not all models have matured yet. Sleeping a bit to wait for all models to mature.
2014-12-28 11:13:21,746 - com.numenta.nupic.swarming.HypersearchV2.HypersearchV2(3182) - INFO - <BUILDID=N/A, WORKER=HW, WRKID=39, JOBID=1021> Ready to end hyperseach, but not all models have matured yet. Sleeping a bit to wait for all models to mature.
2014-12-28 11:13:25,274 - com.numenta.nupic.swarming.HypersearchV2.HypersearchV2(3182) - INFO - <BUILDID=N/A, WORKER=HW, WRKID=39, JOBID=1021> Ready to end hyperseach, but not all models have matured yet. Sleeping a bit to wait for all models to mature.
2014-12-28 11:13:25,505 - com.numenta.nupic.swarming.HypersearchV2.HypersearchV2(3182) - INFO - <BUILDID=N/A, WORKER=HW, WRKID=39, JOBID=1021> Ready to end hyperseach, but not all models have matured yet. Sleeping a bit to wait for all models to mature.
2014-12-28 11:13:26,648 - com.numenta.nupic.swarming.HypersearchV2.HypersearchV2(3182) - INFO - <BUILDID=N/A, WORKER=HW, WRKID=39, JOBID=1021> Ready to end hyperseach, but not all models have matured yet. Sleeping a bit to wait for all models to mature.
2014-12-28 11:13:28,098 - com.numenta.nupic.swarming.HypersearchV2.HypersearchV2(3182) - INFO - <BUILDID=N/A, WORKER=HW, WRKID=39, JOBID=1021> Ready to end hyperseach, but not all models have matured yet. Sleeping a bit to wait for all models to mature.
2014-12-28 11:13:28,499 - com.numenta.nupic.swarming.HypersearchV2.HypersearchV2(3182) - INFO - <BUILDID=N/A, WORKER=HW, WRKID=39, JOBID=1021> Ready to end hyperseach, but not all models have matured yet. Sleeping a bit to wait for all models to mature.
2014-12-28 11:13:29,668 - com.numenta.nupic.swarming.HypersearchV2.HypersearchV2(3182) - INFO - <BUILDID=N/A, WORKER=HW, WRKID=39, JOBID=1021> Ready to end hyperseach, but not all models have matured yet. Sleeping a bit to wait for all models to mature.
2014-12-28 11:13:30,175 - com.numenta.nupic.swarming.HypersearchV2.HypersearchV2(3182) - INFO - <BUILDID=N/A, WORKER=HW, WRKID=39, JOBID=1021> Ready to end hyperseach, but not all models have matured yet. Sleeping a bit to wait for all models to mature.
2014-12-28 11:13:31,570 - com.numenta.nupic.swarming.HypersearchV2.HypersearchV2(3182) - INFO - <BUILDID=N/A, WORKER=HW, WRKID=39, JOBID=1021> Ready to end hyperseach, but not all models have matured yet. Sleeping a bit to wait for all models to mature.
2014-12-28 11:13:34,754 - com.numenta.nupic.swarming.HypersearchV2.HypersearchV2(3182) - INFO - <BUILDID=N/A, WORKER=HW, WRKID=39, JOBID=1021> Ready to end hyperseach, but not all models have matured yet. Sleeping a bit to wait for all models to mature.
2014-12-28 11:13:36,581 - com.numenta.nupic.swarming.HypersearchV2.HypersearchV2(3182) - INFO - <BUILDID=N/A, WORKER=HW, WRKID=39, JOBID=1021> Ready to end hyperseach, but not all models have matured yet. Sleeping a bit to wait for all models to mature.
2014-12-28 11:13:38,436 - com.numenta.nupic.swarming.HypersearchV2.HypersearchV2(3182) - INFO - <BUILDID=N/A, WORKER=HW, WRKID=39, JOBID=1021> Ready to end hyperseach, but not all models have matured yet. Sleeping a bit to wait for all models to mature.
2014-12-28 11:13:39,487 - com.numenta.nupic.swarming.HypersearchV2.HypersearchV2(3182) - INFO - <BUILDID=N/A, WORKER=HW, WRKID=39, JOBID=1021> Ready to end hyperseach, but not all models have matured yet. Sleeping a bit to wait for all models to mature.
2014-12-28 11:13:40,825 - com.numenta.nupic.swarming.HypersearchV2.HypersearchV2(3182) - INFO - <BUILDID=N/A, WORKER=HW, WRKID=39, JOBID=1021> Ready to end hyperseach, but not all models have matured yet. Sleeping a bit to wait for all models to mature.
2014-12-28 11:13:45,513 - com.numenta.nupic.swarming.HypersearchV2.HypersearchV2(3182) - INFO - <BUILDID=N/A, WORKER=HW, WRKID=39, JOBID=1021> Ready to end hyperseach, but not all models have matured yet. Sleeping a bit to wait for all models to mature.
2014-12-28 11:13:48,760 - com.numenta.nupic.swarming.HypersearchV2.HypersearchV2(3182) - INFO - <BUILDID=N/A, WORKER=HW, WRKID=39, JOBID=1021> Ready to end hyperseach, but not all models have matured yet. Sleeping a bit to wait for all models to mature.
2014-12-28 11:13:51,811 - com.numenta.nupic.swarming.HypersearchV2.HypersearchV2(3182) - INFO - <BUILDID=N/A, WORKER=HW, WRKID=39, JOBID=1021> Ready to end hyperseach, but not all models have matured yet. Sleeping a bit to wait for all models to mature.
2014-12-28 11:13:52,669 - com.numenta.nupic.swarming.HypersearchV2.HypersearchV2(3182) - INFO - <BUILDID=N/A, WORKER=HW, WRKID=39, JOBID=1021> Ready to end hyperseach, but not all models have matured yet. Sleeping a bit to wait for all models to mature.
2014-12-28 11:13:56,321 - com.numenta.nupic.swarming.HypersearchV2.HypersearchV2(3182) - INFO - <BUILDID=N/A, WORKER=HW, WRKID=39, JOBID=1021> Ready to end hyperseach, but not all models have matured yet. Sleeping a bit to wait for all models to mature.
2014-12-28 11:13:57,141 - com.numenta.nupic.swarming.HypersearchV2.HypersearchV2(3182) - INFO - <BUILDID=N/A, WORKER=HW, WRKID=39, JOBID=1021> Ready to end hyperseach, but not all models have matured yet. Sleeping a bit to wait for all models to mature.
2014-12-28 11:13:59,043 - com.numenta.nupic.swarming.HypersearchV2.HypersearchV2(3182) - INFO - <BUILDID=N/A, WORKER=HW, WRKID=39, JOBID=1021> Ready to end hyperseach, but not all models have matured yet. Sleeping a bit to wait for all models to mature.
2014-12-28 11:14:03,997 - com.numenta.nupic.swarming.HypersearchV2.HypersearchV2(3182) - INFO - <BUILDID=N/A, WORKER=HW, WRKID=39, JOBID=1021> Ready to end hyperseach, but not all models have matured yet. Sleeping a bit to wait for all models to mature.
2014-12-28 11:14:07,214 - com.numenta.nupic.swarming.HypersearchV2.HypersearchV2(3182) - INFO - <BUILDID=N/A, WORKER=HW, WRKID=39, JOBID=1021> Ready to end hyperseach, but not all models have matured yet. Sleeping a bit to wait for all models to mature.
2014-12-28 11:14:10,003 - com.numenta.nupic.swarming.HypersearchV2.HypersearchV2(3182) - INFO - <BUILDID=N/A, WORKER=HW, WRKID=39, JOBID=1021> Ready to end hyperseach, but not all models have matured yet. Sleeping a bit to wait for all models to mature.
2014-12-28 11:14:13,431 - com.numenta.nupic.swarming.HypersearchV2.HypersearchV2(3182) - INFO - <BUILDID=N/A, WORKER=HW, WRKID=39, JOBID=1021> Ready to end hyperseach, but not all models have matured yet. Sleeping a bit to wait for all models to mature.
2014-12-28 11:14:17,653 - com.numenta.nupic.swarming.HypersearchV2.HypersearchV2(3182) - INFO - <BUILDID=N/A, WORKER=HW, WRKID=39, JOBID=1021> Ready to end hyperseach, but not all models have matured yet. Sleeping a bit to wait for all models to mature.
2014-12-28 11:14:21,540 - com.numenta.nupic.swarming.HypersearchV2.HypersearchV2(3182) - INFO - <BUILDID=N/A, WORKER=HW, WRKID=39, JOBID=1021> Ready to end hyperseach, but not all models have matured yet. Sleeping a bit to wait for all models to mature.
2014-12-28 11:14:22,689 - com.numenta.nupic.swarming.HypersearchV2.HypersearchV2(3182) - INFO - <BUILDID=N/A, WORKER=HW, WRKID=39, JOBID=1021> Ready to end hyperseach, but not all models have matured yet. Sleeping a bit to wait for all models to mature.
2014-12-28 11:14:22,851 - com.numenta.nupic.swarming.HypersearchV2.HypersearchV2(3182) - INFO - <BUILDID=N/A, WORKER=HW, WRKID=39, JOBID=1021> Ready to end hyperseach, but not all models have matured yet. Sleeping a bit to wait for all models to mature.
2014-12-28 11:14:24,432 - com.numenta.nupic.swarming.HypersearchV2.HypersearchV2(3182) - INFO - <BUILDID=N/A, WORKER=HW, WRKID=39, JOBID=1021> Ready to end hyperseach, but not all models have matured yet. Sleeping a bit to wait for all models to mature.
2014-12-28 11:14:25,774 - com.numenta.nupic.swarming.HypersearchV2.HypersearchV2(3182) - INFO - <BUILDID=N/A, WORKER=HW, WRKID=39, JOBID=1021> Ready to end hyperseach, but not all models have matured yet. Sleeping a bit to wait for all models to mature.
2014-12-28 11:14:26,833 - com.numenta.nupic.swarming.HypersearchV2.HypersearchV2(3182) - INFO - <BUILDID=N/A, WORKER=HW, WRKID=39, JOBID=1021> Ready to end hyperseach, but not all models have matured yet. Sleeping a bit to wait for all models to mature.
2014-12-28 11:14:31,557 - com.numenta.nupic.swarming.HypersearchV2.HypersearchV2(3182) - INFO - <BUILDID=N/A, WORKER=HW, WRKID=39, JOBID=1021> Ready to end hyperseach, but not all models have matured yet. Sleeping a bit to wait for all models to mature.
2014-12-28 11:14:35,945 - com.numenta.nupic.swarming.HypersearchV2.HypersearchV2(3182) - INFO - <BUILDID=N/A, WORKER=HW, WRKID=39, JOBID=1021> Ready to end hyperseach, but not all models have matured yet. Sleeping a bit to wait for all models to mature.
2014-12-28 11:14:37,523 - com.numenta.nupic.swarming.HypersearchV2.HypersearchV2(3182) - INFO - <BUILDID=N/A, WORKER=HW, WRKID=39, JOBID=1021> Ready to end hyperseach, but not all models have matured yet. Sleeping a bit to wait for all models to mature.
2014-12-28 11:14:40,806 - com.numenta.nupic.swarming.HypersearchV2.HypersearchV2(3182) - INFO - <BUILDID=N/A, WORKER=HW, WRKID=39, JOBID=1021> Ready to end hyperseach, but not all models have matured yet. Sleeping a bit to wait for all models to mature.
2014-12-28 11:14:42,787 - com.numenta.nupic.swarming.HypersearchV2.HypersearchV2(3182) - INFO - <BUILDID=N/A, WORKER=HW, WRKID=39, JOBID=1021> Ready to end hyperseach, but not all models have matured yet. Sleeping a bit to wait for all models to mature.
2014-12-28 11:14:47,362 - com.numenta.nupic.swarming.HypersearchV2.HypersearchV2(3182) - INFO - <BUILDID=N/A, WORKER=HW, WRKID=39, JOBID=1021> Ready to end hyperseach, but not all models have matured yet. Sleeping a bit to wait for all models to mature.
2014-12-28 11:14:49,660 - com.numenta.nupic.swarming.HypersearchV2.HypersearchV2(3182) - INFO - <BUILDID=N/A, WORKER=HW, WRKID=39, JOBID=1021> Ready to end hyperseach, but not all models have matured yet. Sleeping a bit to wait for all models to mature.
2014-12-28 11:14:50,987 - com.numenta.nupic.swarming.HypersearchV2.HypersearchV2(3182) - INFO - <BUILDID=N/A, WORKER=HW, WRKID=39, JOBID=1021> Ready to end hyperseach, but not all models have matured yet. Sleeping a bit to wait for all models to mature.
2014-12-28 11:14:52,223 - com.numenta.nupic.swarming.HypersearchV2.HypersearchV2(3182) - INFO - <BUILDID=N/A, WORKER=HW, WRKID=39, JOBID=1021> Ready to end hyperseach, but not all models have matured yet. Sleeping a bit to wait for all models to mature.
2014-12-28 11:14:55,034 - com.numenta.nupic.swarming.HypersearchV2.HypersearchV2(3182) - INFO - <BUILDID=N/A, WORKER=HW, WRKID=39, JOBID=1021> Ready to end hyperseach, but not all models have matured yet. Sleeping a bit to wait for all models to mature.
2014-12-28 11:14:56,352 - com.numenta.nupic.swarming.HypersearchV2.HypersearchV2(3182) - INFO - <BUILDID=N/A, WORKER=HW, WRKID=39, JOBID=1021> Ready to end hyperseach, but not all models have matured yet. Sleeping a bit to wait for all models to mature.
2014-12-28 11:14:59,278 - com.numenta.nupic.swarming.HypersearchV2.HypersearchV2(3182) - INFO - <BUILDID=N/A, WORKER=HW, WRKID=39, JOBID=1021> Ready to end hyperseach, but not all models have matured yet. Sleeping a bit to wait for all models to mature.
2014-12-28 11:15:03,771 - com.numenta.nupic.swarming.HypersearchV2.HypersearchV2(3182) - INFO - <BUILDID=N/A, WORKER=HW, WRKID=39, JOBID=1021> Ready to end hyperseach, but not all models have matured yet. Sleeping a bit to wait for all models to mature.
2014-12-28 11:15:05,772 - com.numenta.nupic.swarming.HypersearchV2.HypersearchV2(3182) - INFO - <BUILDID=N/A, WORKER=HW, WRKID=39, JOBID=1021> Ready to end hyperseach, but not all models have matured yet. Sleeping a bit to wait for all models to mature.
2014-12-28 11:15:06,873 - com.numenta.nupic.swarming.HypersearchV2.HypersearchV2(3182) - INFO - <BUILDID=N/A, WORKER=HW, WRKID=39, JOBID=1021> Ready to end hyperseach, but not all models have matured yet. Sleeping a bit to wait for all models to mature.
2014-12-28 11:15:11,872 - com.numenta.nupic.swarming.HypersearchV2.HypersearchV2(3182) - INFO - <BUILDID=N/A, WORKER=HW, WRKID=39, JOBID=1021> Ready to end hyperseach, but not all models have matured yet. Sleeping a bit to wait for all models to mature.
2014-12-28 11:15:14,430 - com.numenta.nupic.swarming.HypersearchV2.HypersearchV2(3182) - INFO - <BUILDID=N/A, WORKER=HW, WRKID=39, JOBID=1021> Ready to end hyperseach, but not all models have matured yet. Sleeping a bit to wait for all models to mature.
2014-12-28 11:15:14,889 - com.numenta.nupic.swarming.HypersearchV2.HypersearchV2(3182) - INFO - <BUILDID=N/A, WORKER=HW, WRKID=39, JOBID=1021> Ready to end hyperseach, but not all models have matured yet. Sleeping a bit to wait for all models to mature.
2014-12-28 11:15:15,127 - com.numenta.nupic.swarming.HypersearchV2.HypersearchV2(3182) - INFO - <BUILDID=N/A, WORKER=HW, WRKID=39, JOBID=1021> Ready to end hyperseach, but not all models have matured yet. Sleeping a bit to wait for all models to mature.
2014-12-28 11:15:15,678 - com.numenta.nupic.swarming.HypersearchV2.HypersearchV2(3182) - INFO - <BUILDID=N/A, WORKER=HW, WRKID=39, JOBID=1021> Ready to end hyperseach, but not all models have matured yet. Sleeping a bit to wait for all models to mature.
2014-12-28 11:15:18,821 - com.numenta.nupic.swarming.HypersearchV2.HypersearchV2(3182) - INFO - <BUILDID=N/A, WORKER=HW, WRKID=39, JOBID=1021> Ready to end hyperseach, but not all models have matured yet. Sleeping a bit to wait for all models to mature.
2014-12-28 11:15:22,789 - com.numenta.nupic.swarming.HypersearchV2.HypersearchV2(3182) - INFO - <BUILDID=N/A, WORKER=HW, WRKID=39, JOBID=1021> Ready to end hyperseach, but not all models have matured yet. Sleeping a bit to wait for all models to mature.
2014-12-28 11:15:24,903 - com.numenta.nupic.swarming.HypersearchV2.HypersearchV2(3182) - INFO - <BUILDID=N/A, WORKER=HW, WRKID=39, JOBID=1021> Ready to end hyperseach, but not all models have matured yet. Sleeping a bit to wait for all models to mature.
2014-12-28 11:15:25,223 - com.numenta.nupic.swarming.HypersearchV2.HypersearchV2(3182) - INFO - <BUILDID=N/A, WORKER=HW, WRKID=39, JOBID=1021> Ready to end hyperseach, but not all models have matured yet. Sleeping a bit to wait for all models to mature.
2014-12-28 11:15:27,136 - com.numenta.nupic.swarming.HypersearchV2.HypersearchV2(3182) - INFO - <BUILDID=N/A, WORKER=HW, WRKID=39, JOBID=1021> Ready to end hyperseach, but not all models have matured yet. Sleeping a bit to wait for all models to mature.
2014-12-28 11:15:32,123 - com.numenta.nupic.swarming.HypersearchV2.HypersearchV2(3182) - INFO - <BUILDID=N/A, WORKER=HW, WRKID=39, JOBID=1021> Ready to end hyperseach, but not all models have matured yet. Sleeping a bit to wait for all models to mature.
2014-12-28 11:15:34,774 - com.numenta.nupic.swarming.HypersearchV2.HypersearchV2(3182) - INFO - <BUILDID=N/A, WORKER=HW, WRKID=39, JOBID=1021> Ready to end hyperseach, but not all models have matured yet. Sleeping a bit to wait for all models to mature.
2014-12-28 11:15:39,635 - com.numenta.nupic.swarming.HypersearchV2.HypersearchV2(3182) - INFO - <BUILDID=N/A, WORKER=HW, WRKID=39, JOBID=1021> Ready to end hyperseach, but not all models have matured yet. Sleeping a bit to wait for all models to mature.
2014-12-28 11:15:43,945 - com.numenta.nupic.swarming.HypersearchV2.HypersearchV2(3182) - INFO - <BUILDID=N/A, WORKER=HW, WRKID=39, JOBID=1021> Ready to end hyperseach, but not all models have matured yet. Sleeping a bit to wait for all models to mature.
2014-12-28 11:15:44,004 - com.numenta.nupic.swarming.HypersearchV2.HypersearchV2(3182) - INFO - <BUILDID=N/A, WORKER=HW, WRKID=39, JOBID=1021> Ready to end hyperseach, but not all models have matured yet. Sleeping a bit to wait for all models to mature.
2014-12-28 11:15:47,614 - com.numenta.nupic.swarming.HypersearchV2.HypersearchV2(3182) - INFO - <BUILDID=N/A, WORKER=HW, WRKID=39, JOBID=1021> Ready to end hyperseach, but not all models have matured yet. Sleeping a bit to wait for all models to mature.
2014-12-28 11:15:51,026 - com.numenta.nupic.swarming.HypersearchV2.HypersearchV2(3182) - INFO - <BUILDID=N/A, WORKER=HW, WRKID=39, JOBID=1021> Ready to end hyperseach, but not all models have matured yet. Sleeping a bit to wait for all models to mature.
2014-12-28 11:15:53,717 - com.numenta.nupic.swarming.HypersearchV2.HypersearchV2(3182) - INFO - <BUILDID=N/A, WORKER=HW, WRKID=39, JOBID=1021> Ready to end hyperseach, but not all models have matured yet. Sleeping a bit to wait for all models to mature.
2014-12-28 11:15:55,055 - com.numenta.nupic.swarming.HypersearchV2.HypersearchV2(3182) - INFO - <BUILDID=N/A, WORKER=HW, WRKID=39, JOBID=1021> Ready to end hyperseach, but not all models have matured yet. Sleeping a bit to wait for all models to mature.
2014-12-28 11:15:58,265 - com.numenta.nupic.swarming.HypersearchV2.HypersearchV2(3182) - INFO - <BUILDID=N/A, WORKER=HW, WRKID=39, JOBID=1021> Ready to end hyperseach, but not all models have matured yet. Sleeping a bit to wait for all models to mature.
2014-12-28 11:15:58,826 - com.numenta.nupic.swarming.HypersearchV2.HypersearchV2(3182) - INFO - <BUILDID=N/A, WORKER=HW, WRKID=39, JOBID=1021> Ready to end hyperseach, but not all models have matured yet. Sleeping a bit to wait for all models to mature.
2014-12-28 11:16:01,003 - com.numenta.nupic.swarming.HypersearchV2.HypersearchV2(3182) - INFO - <BUILDID=N/A, WORKER=HW, WRKID=39, JOBID=1021> Ready to end hyperseach, but not all models have matured yet. Sleeping a bit to wait for all models to mature.
2014-12-28 11:16:03,274 - com.numenta.nupic.swarming.HypersearchV2.HypersearchV2(3182) - INFO - <BUILDID=N/A, WORKER=HW, WRKID=39, JOBID=1021> Ready to end hyperseach, but not all models have matured yet. Sleeping a bit to wait for all models to mature.
2014-12-28 11:16:08,050 - com.numenta.nupic.swarming.HypersearchV2.HypersearchV2(3182) - INFO - <BUILDID=N/A, WORKER=HW, WRKID=39, JOBID=1021> Ready to end hyperseach, but not all models have matured yet. Sleeping a bit to wait for all models to mature.
2014-12-28 11:16:12,435 - com.numenta.nupic.swarming.HypersearchV2.HypersearchV2(3182) - INFO - <BUILDID=N/A, WORKER=HW, WRKID=39, JOBID=1021> Ready to end hyperseach, but not all models have matured yet. Sleeping a bit to wait for all models to mature.
2014-12-28 11:16:13,757 - com.numenta.nupic.swarming.HypersearchV2.HypersearchV2(3182) - INFO - <BUILDID=N/A, WORKER=HW, WRKID=39, JOBID=1021> Ready to end hyperseach, but not all models have matured yet. Sleeping a bit to wait for all models to mature.
2014-12-28 11:16:16,264 - com.numenta.nupic.swarming.HypersearchV2.HypersearchV2(3182) - INFO - <BUILDID=N/A, WORKER=HW, WRKID=39, JOBID=1021> Ready to end hyperseach, but not all models have matured yet. Sleeping a bit to wait for all models to mature.
2014-12-28 11:16:17,160 - com.numenta.nupic.swarming.HypersearchV2.HypersearchV2(3182) - INFO - <BUILDID=N/A, WORKER=HW, WRKID=39, JOBID=1021> Ready to end hyperseach, but not all models have matured yet. Sleeping a bit to wait for all models to mature.
2014-12-28 11:16:21,732 - com.numenta.nupic.swarming.HypersearchV2.HypersearchV2(3182) - INFO - <BUILDID=N/A, WORKER=HW, WRKID=39, JOBID=1021> Ready to end hyperseach, but not all models have matured yet. Sleeping a bit to wait for all models to mature.
2014-12-28 11:16:26,091 - com.numenta.nupic.swarming.HypersearchV2.HypersearchV2(3182) - INFO - <BUILDID=N/A, WORKER=HW, WRKID=39, JOBID=1021> Ready to end hyperseach, but not all models have matured yet. Sleeping a bit to wait for all models to mature.
2014-12-28 11:16:27,587 - com.numenta.nupic.swarming.HypersearchV2.HypersearchV2(3182) - INFO - <BUILDID=N/A, WORKER=HW, WRKID=39, JOBID=1021> Ready to end hyperseach, but not all models have matured yet. Sleeping a bit to wait for all models to mature.
2014-12-28 11:16:30,787 - com.numenta.nupic.swarming.HypersearchV2.HypersearchV2(3182) - INFO - <BUILDID=N/A, WORKER=HW, WRKID=39, JOBID=1021> Ready to end hyperseach, but not all models have matured yet. Sleeping a bit to wait for all models to mature.
2014-12-28 11:16:33,835 - com.numenta.nupic.swarming.HypersearchV2.HypersearchV2(3182) - INFO - <BUILDID=N/A, WORKER=HW, WRKID=39, JOBID=1021> Ready to end hyperseach, but not all models have matured yet. Sleeping a bit to wait for all models to mature.
2014-12-28 11:16:34,601 - com.numenta.nupic.swarming.HypersearchV2.HypersearchV2(3182) - INFO - <BUILDID=N/A, WORKER=HW, WRKID=39, JOBID=1021> Ready to end hyperseach, but not all models have matured yet. Sleeping a bit to wait for all models to mature.
2014-12-28 11:16:38,424 - com.numenta.nupic.swarming.HypersearchV2.HypersearchV2(3182) - INFO - <BUILDID=N/A, WORKER=HW, WRKID=39, JOBID=1021> Ready to end hyperseach, but not all models have matured yet. Sleeping a bit to wait for all models to mature.
2014-12-28 11:16:41,125 - com.numenta.nupic.swarming.HypersearchV2.HypersearchV2(3182) - INFO - <BUILDID=N/A, WORKER=HW, WRKID=39, JOBID=1021> Ready to end hyperseach, but not all models have matured yet. Sleeping a bit to wait for all models to mature.
2014-12-28 11:16:45,022 - com.numenta.nupic.swarming.HypersearchV2.HypersearchV2(3182) - INFO - <BUILDID=N/A, WORKER=HW, WRKID=39, JOBID=1021> Ready to end hyperseach, but not all models have matured yet. Sleeping a bit to wait for all models to mature.
2014-12-28 11:16:47,679 - com.numenta.nupic.swarming.HypersearchV2.HypersearchV2(3182) - INFO - <BUILDID=N/A, WORKER=HW, WRKID=39, JOBID=1021> Ready to end hyperseach, but not all models have matured yet. Sleeping a bit to wait for all models to mature.
2014-12-28 11:16:47,683 - com.numenta.nupic.swarming.HypersearchV2.HypersearchV2(3182) - INFO - <BUILDID=N/A, WORKER=HW, WRKID=39, JOBID=1021> Ready to end hyperseach, but not all models have matured yet. Sleeping a bit to wait for all models to mature.
2014-12-28 11:16:49,307 - com.numenta.nupic.swarming.HypersearchV2.HypersearchV2(3182) - INFO - <BUILDID=N/A, WORKER=HW, WRKID=39, JOBID=1021> Ready to end hyperseach, but not all models have matured yet. Sleeping a bit to wait for all models to mature.
2014-12-28 11:16:49,407 - com.numenta.nupic.swarming.HypersearchV2.HypersearchV2(3182) - INFO - <BUILDID=N/A, WORKER=HW, WRKID=39, JOBID=1021> Ready to end hyperseach, but not all models have matured yet. Sleeping a bit to wait for all models to mature.
2014-12-28 11:16:54,060 - com.numenta.nupic.swarming.HypersearchV2.HypersearchV2(3182) - INFO - <BUILDID=N/A, WORKER=HW, WRKID=39, JOBID=1021> Ready to end hyperseach, but not all models have matured yet. Sleeping a bit to wait for all models to mature.
2014-12-28 11:16:58,459 - com.numenta.nupic.swarming.HypersearchV2.HypersearchV2(3182) - INFO - <BUILDID=N/A, WORKER=HW, WRKID=39, JOBID=1021> Ready to end hyperseach, but not all models have matured yet. Sleeping a bit to wait for all models to mature.
2014-12-28 11:17:02,625 - com.numenta.nupic.swarming.HypersearchV2.HypersearchV2(3182) - INFO - <BUILDID=N/A, WORKER=HW, WRKID=39, JOBID=1021> Ready to end hyperseach, but not all models have matured yet. Sleeping a bit to wait for all models to mature.
2014-12-28 11:17:04,166 - com.numenta.nupic.swarming.HypersearchV2.HypersearchV2(3182) - INFO - <BUILDID=N/A, WORKER=HW, WRKID=39, JOBID=1021> Ready to end hyperseach, but not all models have matured yet. Sleeping a bit to wait for all models to mature.
2014-12-28 11:17:04,458 - com.numenta.nupic.swarming.HypersearchV2.HypersearchV2(3182) - INFO - <BUILDID=N/A, WORKER=HW, WRKID=39, JOBID=1021> Ready to end hyperseach, but not all models have matured yet. Sleeping a bit to wait for all models to mature.
2014-12-28 11:17:08,854 - com.numenta.nupic.swarming.HypersearchV2.HypersearchV2(3182) - INFO - <BUILDID=N/A, WORKER=HW, WRKID=39, JOBID=1021> Ready to end hyperseach, but not all models have matured yet. Sleeping a bit to wait for all models to mature.
2014-12-28 11:17:11,549 - root(3182) - ERROR - HypersearchWorker is exiting with unhandled exception; argv=['/home/pat/workspace/nupic/nupic/swarming/HypersearchWorker.py', '--jobID=1021']
Traceback (most recent call last):
  File "/home/pat/workspace/nupic/nupic/swarming/HypersearchWorker.py", line 609, in <module>
    main(sys.argv)
  File "/home/pat/workspace/nupic/nupic/swarming/HypersearchWorker.py", line 551, in main
    jobID = hst.run()
  File "/home/pat/workspace/nupic/nupic/swarming/HypersearchWorker.py", line 344, in run
    (exit, newModels) = self._hs.createModels(numModels = batchSize)
  File "/home/pat/workspace/nupic/nupic/swarming/HypersearchV2.py", line 3744, in createModels
    return (self._okToExit(), [])
  File "/home/pat/workspace/nupic/nupic/swarming/HypersearchV2.py", line 3601, in _okToExit
    time.sleep(5.0 * random.random())
KeyboardInterrupt
