2014-12-27 10:00:20,035 - com.numenta.nupic.swarming.HypersearchWorker(7057) - INFO - <BUILDID=N/A, WORKER=HS, WRKID=N/A, JOBID=N/A> Launched with command line arguments: ['--jobID=1007']
2014-12-27 10:00:20,035 - com.numenta.nupic.swarming.HypersearchWorker(7057) - INFO - <BUILDID=N/A, WORKER=HS, WRKID=N/A, JOBID=N/A> Connecting to the jobs database
2014-12-27 10:00:20,035 - com.numenta.nupic.database.Connection.ConnectionFactory(7057) - INFO - <BUILDID=N/A, WORKER=HS, WRKID=N/A, JOBID=N/A> Creating db connection policy via provider <bound method type._createDefaultPolicy of <class 'nupic.database.Connection.ConnectionFactory'>>
2014-12-27 10:00:20,045 - com.numenta.nupic.database.Connection.PooledConnectionPolicy(7057) - INFO - <BUILDID=N/A, WORKER=HS, WRKID=N/A, JOBID=N/A> Created PooledConnectionPolicy
2014-12-27 10:00:20,053 - com.numenta.nupic.database.ClientJobsDAO.ClientJobsDAO(7057) - INFO - <BUILDID=N/A, WORKER=HS, WRKID=N/A, JOBID=N/A> clientJobsConnectionID=71
2014-12-27 10:00:20,062 - com.numenta.nupic.swarming.HypersearchWorker(7057) - INFO - <BUILDID=N/A, WORKER=HW, WRKID=71, JOBID=1007> Job info retrieved: {'engModelMilestones': 'None', 'clientInfo': '', 'numFailedWorkers': '0', 'engJobType': 'hypersearch', 'results': 'None', 'jobId': '1007', 'completionMsg': 'None', 'cancel': '0', 'engWorkerState': 'None', 'workerCompletionMsg': 'None', 'jobHash': "8X\x12\x1b\x8d\xf2\x11\xe4\x9c\x1f\x08\x00'\x16\xdf\xd4", 'genBaseDescription': 'None', 'completionReason': 'None', 'priority': '0', 'cmdLine': '$HYPERSEARCH', 'params': '{"hsVersion": "v2", "maxModels": null, "persistentJobGUID": "385...', 'workerCompletionReason': 'success', 'engAllocateNewWorkers': '1', 'lastFailedWorkerErrorMsg': 'None', 'engUntendedDeadWorkers': '0', 'engLastUpdateTime': '2014-12-27 18:00:19', 'status': 'notStarted', 'engStatus': 'None', 'startTime': 'None', 'minimumWorkers': '1', 'endTime': 'None', 'engCjmConnId': 'None', 'genPermutations': 'None', 'client': 'GRP', 'engCleaningStatus': 'notdone', 'clientKey': '', 'maximumWorkers': '4'}
2014-12-27 10:00:20,064 - com.numenta.nupic.swarming.HypersearchV2.HypersearchV2(7057) - INFO - <BUILDID=N/A, WORKER=HW, WRKID=71, JOBID=1007> searchParams: 
{u'description': {u'includedFields': [{u'fieldName': 'timestamp',
                                       u'fieldType': 'datetime'},
                                      {u'fieldName': 'kw_energy_consumption',
                                       u'fieldType': 'float',
                                       u'maxValue': '5.18',
                                       u'minValue': '0.0'}],
                  u'inferenceArgs': {u'predictedField': 'kw_energy_consumption',
                                     u'predictionSteps': ['1']},
                  u'inferenceType': 'TemporalMultiStep',
                  u'iterationCount': '-1',
                  u'streamDef': {u'info': 'kw_energy_consumption',
                                 u'streams': [{u'columns': ['*'],
                                               u'info': 'San Diego',
                                               u'source': 'file://sandiego.csv'}],
                                 u'version': '1'},
                  u'swarmSize': 'small'},
 u'hsVersion': 'v2',
 u'maxModels': 'None',
 u'persistentJobGUID': '3858121a-8df2-11e4-9c1f-08002716dfd4',
 u'useTerminators': 'False'}
2014-12-27 10:00:20,162 - com.numenta.nupic.swarming.HypersearchV2.HypersearchV2(7057) - INFO - <BUILDID=N/A, WORKER=HW, WRKID=71, JOBID=1007> Active swarms changed to [u'modelParams|sensorParams|encoders|kw_energy_consumption'] (from None)
2014-12-27 10:00:20,238 - com.numenta.nupic.swarming.HypersearchWorker(7057) - INFO - <BUILDID=N/A, WORKER=HW, WRKID=71, JOBID=1007> RUNNING MODEL GID=1384, paramsHash=b83e94a3acb214f3fdd3aee92e9fbdb5, params={'particleState': {'varStates': {'modelParams|clParams|alpha': {'bestResult': None, 'position': 0.050050000000000004, 'bestPosition': 0.050050000000000004, '_position': 0.050050000000000004, 'velocity': 0.01998}, 'modelParams|tpParams|minThreshold': {'bestResult': None, 'position': 11, 'bestPosition': 11, '_position': 10.5, 'velocity': 0.6}, 'modelParams|tpParams|activationThreshold': {'bestResult': None, 'position': 14, 'bestPosition': 14, '_position': 14.0, 'velocity': 0.8}, 'modelParams|tpParams|pamLength': {'bestResult': None, 'position': 3, 'bestPosition': 3, '_position': 3.0, 'velocity': 0.8}, u'modelParams|sensorParams|encoders|kw_energy_consumption:n': {'bestResult': None, 'position': 272, 'bestPosition': 272, '_position': 271.5, 'velocity': 99.8}, 'modelParams|sensorParams|encoders|_classifierInput|n': {'bestResult': None, 'position': 275, 'bestPosition': 275, '_position': 274.5, 'velocity': 98.6}, 'modelParams|spParams|synPermInactiveDec': {'bestResult': None, 'position': 0.05015, 'bestPosition': 0.05015, '_position': 0.05015, 'velocity': 0.019940000000000003}}, 'genIdx': 0, 'swarmId': u'modelParams|sensorParams|encoders|kw_energy_consumption', 'id': '71.0'}, 'structuredParams': {'aggregationInfo': {'seconds': 0, 'fields': [], 'months': 0, 'days': 0, 'years': 0, 'hours': 0, 'microseconds': 0, 'weeks': 0, 'minutes': 0, 'milliseconds': 0}, 'modelParams': {'sensorParams': {'encoders': {'_classifierInput': {'maxval': 5.18, 'classifierOnly': True, 'minval': 0.0, 'clipInput': True, 'n': 275, 'fieldname': 'kw_energy_consumption', 'w': 21, 'type': 'ScalarEncoder'}, u'timestamp_timeOfDay': None, u'timestamp_dayOfWeek': None, u'kw_energy_consumption': {'maxval': 5.18, 'name': 'kw_energy_consumption', 'clipInput': True, 'minval': 0.0, 'n': 272, 'fieldname': 'kw_energy_consumption', 'w': 21, 'type': 'ScalarEncoder'}, u'timestamp_weekend': None}}, 'spParams': {'synPermInactiveDec': 0.05015}, 'tpParams': {'minThreshold': 11, 'activationThreshold': 14, 'pamLength': 3}, 'clParams': {'alpha': 0.050050000000000004}}}}
2014-12-27 10:00:20,242 - com.numenta.nupic.hypersearch.utils(7057) - INFO - <BUILDID=N/A, WORKER=HW, WRKID=71, JOBID=1007> Using experiment directory: /tmp/tmp8OHJNN
2014-12-27 10:00:20,266 - com.numenta.nupic.hypersearch.utils(7057) - ERROR - <BUILDID=N/A, WORKER=HW, WRKID=71, JOBID=1007> Exception occurred while running model 1384: Exception(u'Invalid file format for "/home/pat/workspace/nupic/examples/opf/clients/hotgym/prediction/sandiego/sandiego.csv" - field type ""2011-02-01 01:00:00"" not one of (\'string\', \'datetime\', \'int\', \'float\', \'bool\', \'sdr\') ',) (<type 'exceptions.Exception'>)
Traceback (most recent call last):
  File "/home/pat/workspace/nupic/nupic/swarming/utils.py", line 430, in runModelGivenBaseAndParams
    (completionReason, completionMsg) = runner.run()
  File "/home/pat/workspace/nupic/nupic/swarming/ModelRunner.py", line 237, in run
    maxTimeout=readTimeout)
  File "/home/pat/workspace/nupic/nupic/data/stream_reader.py", line 210, in __init__
    self._openStream(dataUrl, isBlocking, maxTimeout, bookmark, firstRecordIdx)
  File "/home/pat/workspace/nupic/nupic/data/stream_reader.py", line 298, in _openStream
    firstRecord=firstRecordIdx)
  File "/home/pat/workspace/nupic/nupic/data/file_record_stream.py", line 209, in __init__
    'not one of %s ' % (self._filename, t, allowedTypes))
Exception: Invalid file format for "/home/pat/workspace/nupic/examples/opf/clients/hotgym/prediction/sandiego/sandiego.csv" - field type ""2011-02-01 01:00:00"" not one of ('string', 'datetime', 'int', 'float', 'bool', 'sdr') 

2014-12-27 10:00:20,288 - com.numenta.nupic.swarming.HypersearchWorker(7057) - INFO - <BUILDID=N/A, WORKER=HW, WRKID=71, JOBID=1007> COMPLETED MODEL GID=1384; EVALUATED 1 MODELs
2014-12-27 10:00:20,368 - com.numenta.nupic.database.ClientJobsDAO.ClientJobsDAO(7057) - INFO - <BUILDID=N/A, WORKER=HW, WRKID=71, JOBID=1007> Model insert attempt failed with DUP_ENTRY: jobID=1007; paramsHash=0ef29c702faac17f2e7a49e1a9a11f3a OR particleHash=add8d62a62132388eb6f8e3c20117a89; IntegrityError(1062, u"Duplicate entry '1007-\\x0E\\xF2\\x9Cp/\\xAA\\xC1\\x7F.zI\\xE1\\xA9\\xA1\\x1F:' for key 'job_id'")
2014-12-27 10:00:20,372 - com.numenta.nupic.swarming.HypersearchWorker(7057) - INFO - <BUILDID=N/A, WORKER=HW, WRKID=71, JOBID=1007> Adding model 1385 to our internal DB because modelInsertAndStart() failed to insert it: paramsHash=0ef29c702faac17f2e7a49e1a9a11f3a, particleHash=06be7a77e6507a8bdbfda712082ced23, particleId='72.0.0'
2014-12-27 10:00:20,376 - com.numenta.nupic.database.ClientJobsDAO.ClientJobsDAO(7057) - INFO - <BUILDID=N/A, WORKER=HW, WRKID=71, JOBID=1007> Model insert attempt failed with DUP_ENTRY: jobID=1007; paramsHash=0ef29c702faac17f2e7a49e1a9a11f3a OR particleHash=b7dc739e547db763911bd9e00a30a218; IntegrityError(1062, u"Duplicate entry '1007-\\x0E\\xF2\\x9Cp/\\xAA\\xC1\\x7F.zI\\xE1\\xA9\\xA1\\x1F:' for key 'job_id'")
2014-12-27 10:00:20,379 - com.numenta.nupic.swarming.HypersearchWorker(7057) - INFO - <BUILDID=N/A, WORKER=HW, WRKID=71, JOBID=1007> Adding model 1385 to our internal DB because modelInsertAndStart() failed to insert it: paramsHash=0ef29c702faac17f2e7a49e1a9a11f3a, particleHash=06be7a77e6507a8bdbfda712082ced23, particleId='72.0.0'
2014-12-27 10:00:20,382 - com.numenta.nupic.database.ClientJobsDAO.ClientJobsDAO(7057) - INFO - <BUILDID=N/A, WORKER=HW, WRKID=71, JOBID=1007> Model insert attempt failed with DUP_ENTRY: jobID=1007; paramsHash=0ef29c702faac17f2e7a49e1a9a11f3a OR particleHash=b3a9061778a8f4d8f4d250bf86760634; IntegrityError(1062, u"Duplicate entry '1007-\\x0E\\xF2\\x9Cp/\\xAA\\xC1\\x7F.zI\\xE1\\xA9\\xA1\\x1F:' for key 'job_id'")
2014-12-27 10:00:20,384 - com.numenta.nupic.swarming.HypersearchWorker(7057) - INFO - <BUILDID=N/A, WORKER=HW, WRKID=71, JOBID=1007> Adding model 1385 to our internal DB because modelInsertAndStart() failed to insert it: paramsHash=0ef29c702faac17f2e7a49e1a9a11f3a, particleHash=06be7a77e6507a8bdbfda712082ced23, particleId='72.0.0'
2014-12-27 10:00:20,387 - com.numenta.nupic.database.ClientJobsDAO.ClientJobsDAO(7057) - INFO - <BUILDID=N/A, WORKER=HW, WRKID=71, JOBID=1007> Model insert attempt failed with DUP_ENTRY: jobID=1007; paramsHash=0ef29c702faac17f2e7a49e1a9a11f3a OR particleHash=336b04204e56aff6b51abf3eb34914e3; IntegrityError(1062, u"Duplicate entry '1007-\\x0E\\xF2\\x9Cp/\\xAA\\xC1\\x7F.zI\\xE1\\xA9\\xA1\\x1F:' for key 'job_id'")
2014-12-27 10:00:20,390 - com.numenta.nupic.swarming.HypersearchWorker(7057) - INFO - <BUILDID=N/A, WORKER=HW, WRKID=71, JOBID=1007> Adding model 1385 to our internal DB because modelInsertAndStart() failed to insert it: paramsHash=0ef29c702faac17f2e7a49e1a9a11f3a, particleHash=06be7a77e6507a8bdbfda712082ced23, particleId='72.0.0'
2014-12-27 10:00:20,393 - com.numenta.nupic.database.ClientJobsDAO.ClientJobsDAO(7057) - INFO - <BUILDID=N/A, WORKER=HW, WRKID=71, JOBID=1007> Model insert attempt failed with DUP_ENTRY: jobID=1007; paramsHash=0ef29c702faac17f2e7a49e1a9a11f3a OR particleHash=2eeb8c87f13c3fe958dfcd29fe3d7c10; IntegrityError(1062, u"Duplicate entry '1007-\\x0E\\xF2\\x9Cp/\\xAA\\xC1\\x7F.zI\\xE1\\xA9\\xA1\\x1F:' for key 'job_id'")
2014-12-27 10:00:20,396 - com.numenta.nupic.swarming.HypersearchWorker(7057) - INFO - <BUILDID=N/A, WORKER=HW, WRKID=71, JOBID=1007> Adding model 1385 to our internal DB because modelInsertAndStart() failed to insert it: paramsHash=0ef29c702faac17f2e7a49e1a9a11f3a, particleHash=06be7a77e6507a8bdbfda712082ced23, particleId='72.0.0'
2014-12-27 10:00:20,400 - com.numenta.nupic.database.ClientJobsDAO.ClientJobsDAO(7057) - INFO - <BUILDID=N/A, WORKER=HW, WRKID=71, JOBID=1007> Model insert attempt failed with DUP_ENTRY: jobID=1007; paramsHash=0ef29c702faac17f2e7a49e1a9a11f3a OR particleHash=ca4ab35f8770e1d5706cdfa59c2e18d0; IntegrityError(1062, u"Duplicate entry '1007-\\x0E\\xF2\\x9Cp/\\xAA\\xC1\\x7F.zI\\xE1\\xA9\\xA1\\x1F:' for key 'job_id'")
2014-12-27 10:00:20,404 - com.numenta.nupic.swarming.HypersearchWorker(7057) - INFO - <BUILDID=N/A, WORKER=HW, WRKID=71, JOBID=1007> Adding model 1385 to our internal DB because modelInsertAndStart() failed to insert it: paramsHash=0ef29c702faac17f2e7a49e1a9a11f3a, particleHash=06be7a77e6507a8bdbfda712082ced23, particleId='72.0.0'
2014-12-27 10:00:20,407 - com.numenta.nupic.database.ClientJobsDAO.ClientJobsDAO(7057) - INFO - <BUILDID=N/A, WORKER=HW, WRKID=71, JOBID=1007> Model insert attempt failed with DUP_ENTRY: jobID=1007; paramsHash=0ef29c702faac17f2e7a49e1a9a11f3a OR particleHash=8c35f88d7023b1e38937920c376ce417; IntegrityError(1062, u"Duplicate entry '1007-\\x0E\\xF2\\x9Cp/\\xAA\\xC1\\x7F.zI\\xE1\\xA9\\xA1\\x1F:' for key 'job_id'")
2014-12-27 10:00:20,410 - com.numenta.nupic.swarming.HypersearchWorker(7057) - INFO - <BUILDID=N/A, WORKER=HW, WRKID=71, JOBID=1007> Adding model 1385 to our internal DB because modelInsertAndStart() failed to insert it: paramsHash=0ef29c702faac17f2e7a49e1a9a11f3a, particleHash=06be7a77e6507a8bdbfda712082ced23, particleId='72.0.0'
2014-12-27 10:00:20,413 - com.numenta.nupic.database.ClientJobsDAO.ClientJobsDAO(7057) - INFO - <BUILDID=N/A, WORKER=HW, WRKID=71, JOBID=1007> Model insert attempt failed with DUP_ENTRY: jobID=1007; paramsHash=0ef29c702faac17f2e7a49e1a9a11f3a OR particleHash=fb7f167d20666ca8a693e6b2cd9ac0d5; IntegrityError(1062, u"Duplicate entry '1007-\\x0E\\xF2\\x9Cp/\\xAA\\xC1\\x7F.zI\\xE1\\xA9\\xA1\\x1F:' for key 'job_id'")
2014-12-27 10:00:20,417 - com.numenta.nupic.swarming.HypersearchWorker(7057) - INFO - <BUILDID=N/A, WORKER=HW, WRKID=71, JOBID=1007> Adding model 1385 to our internal DB because modelInsertAndStart() failed to insert it: paramsHash=0ef29c702faac17f2e7a49e1a9a11f3a, particleHash=06be7a77e6507a8bdbfda712082ced23, particleId='72.0.0'
2014-12-27 10:00:20,419 - com.numenta.nupic.database.ClientJobsDAO.ClientJobsDAO(7057) - INFO - <BUILDID=N/A, WORKER=HW, WRKID=71, JOBID=1007> Model insert attempt failed with DUP_ENTRY: jobID=1007; paramsHash=0ef29c702faac17f2e7a49e1a9a11f3a OR particleHash=1805fe41aefa16466ea5c00123ce13f0; IntegrityError(1062, u"Duplicate entry '1007-\\x0E\\xF2\\x9Cp/\\xAA\\xC1\\x7F.zI\\xE1\\xA9\\xA1\\x1F:' for key 'job_id'")
2014-12-27 10:00:20,422 - com.numenta.nupic.swarming.HypersearchWorker(7057) - INFO - <BUILDID=N/A, WORKER=HW, WRKID=71, JOBID=1007> Adding model 1385 to our internal DB because modelInsertAndStart() failed to insert it: paramsHash=0ef29c702faac17f2e7a49e1a9a11f3a, particleHash=06be7a77e6507a8bdbfda712082ced23, particleId='72.0.0'
2014-12-27 10:00:20,426 - com.numenta.nupic.database.ClientJobsDAO.ClientJobsDAO(7057) - INFO - <BUILDID=N/A, WORKER=HW, WRKID=71, JOBID=1007> Model insert attempt failed with DUP_ENTRY: jobID=1007; paramsHash=0ef29c702faac17f2e7a49e1a9a11f3a OR particleHash=c25a0ebe605dad9b61c3cbdadac64ef6; IntegrityError(1062, u"Duplicate entry '1007-\\x0E\\xF2\\x9Cp/\\xAA\\xC1\\x7F.zI\\xE1\\xA9\\xA1\\x1F:' for key 'job_id'")
2014-12-27 10:00:20,430 - com.numenta.nupic.swarming.HypersearchWorker(7057) - INFO - <BUILDID=N/A, WORKER=HW, WRKID=71, JOBID=1007> Adding model 1385 to our internal DB because modelInsertAndStart() failed to insert it: paramsHash=0ef29c702faac17f2e7a49e1a9a11f3a, particleHash=06be7a77e6507a8bdbfda712082ced23, particleId='72.0.0'
2014-12-27 10:00:20,482 - com.numenta.nupic.database.ClientJobsDAO.ClientJobsDAO(7057) - INFO - <BUILDID=N/A, WORKER=HW, WRKID=71, JOBID=1007> Model insert attempt failed with DUP_ENTRY: jobID=1007; paramsHash=19aec87b133d141c1453d8d3cfcea9d8 OR particleHash=81718243f8f3e7610324c9a36c2ad3f6; IntegrityError(1062, u"Duplicate entry '1007-\\x19\\xAE\\xC8{\\x13=\\x14\\x1C\\x14S\\xD8\\xD3\\xCF\\xCE\\xA9\\xD8' for key 'job_id'")
2014-12-27 10:00:20,486 - com.numenta.nupic.swarming.HypersearchWorker(7057) - INFO - <BUILDID=N/A, WORKER=HW, WRKID=71, JOBID=1007> Adding model 1396 to our internal DB because modelInsertAndStart() failed to insert it: paramsHash=19aec87b133d141c1453d8d3cfcea9d8, particleHash=5acc174f6c803c93007c23d11d9aaea4, particleId='72.10.0'
2014-12-27 10:00:20,489 - com.numenta.nupic.database.ClientJobsDAO.ClientJobsDAO(7057) - INFO - <BUILDID=N/A, WORKER=HW, WRKID=71, JOBID=1007> Model insert attempt failed with DUP_ENTRY: jobID=1007; paramsHash=19aec87b133d141c1453d8d3cfcea9d8 OR particleHash=003ceb73f2d08494cf6eaf3ecbe82673; IntegrityError(1062, u"Duplicate entry '1007-\\x19\\xAE\\xC8{\\x13=\\x14\\x1C\\x14S\\xD8\\xD3\\xCF\\xCE\\xA9\\xD8' for key 'job_id'")
2014-12-27 10:00:20,493 - com.numenta.nupic.swarming.HypersearchWorker(7057) - INFO - <BUILDID=N/A, WORKER=HW, WRKID=71, JOBID=1007> Adding model 1396 to our internal DB because modelInsertAndStart() failed to insert it: paramsHash=19aec87b133d141c1453d8d3cfcea9d8, particleHash=5acc174f6c803c93007c23d11d9aaea4, particleId='72.10.0'
2014-12-27 10:00:20,495 - com.numenta.nupic.database.ClientJobsDAO.ClientJobsDAO(7057) - INFO - <BUILDID=N/A, WORKER=HW, WRKID=71, JOBID=1007> Model insert attempt failed with DUP_ENTRY: jobID=1007; paramsHash=19aec87b133d141c1453d8d3cfcea9d8 OR particleHash=5af55a7b286865244847f061df5df2f1; IntegrityError(1062, u"Duplicate entry '1007-\\x19\\xAE\\xC8{\\x13=\\x14\\x1C\\x14S\\xD8\\xD3\\xCF\\xCE\\xA9\\xD8' for key 'job_id'")
2014-12-27 10:00:20,498 - com.numenta.nupic.swarming.HypersearchWorker(7057) - INFO - <BUILDID=N/A, WORKER=HW, WRKID=71, JOBID=1007> Adding model 1396 to our internal DB because modelInsertAndStart() failed to insert it: paramsHash=19aec87b133d141c1453d8d3cfcea9d8, particleHash=5acc174f6c803c93007c23d11d9aaea4, particleId='72.10.0'
2014-12-27 10:00:20,501 - com.numenta.nupic.database.ClientJobsDAO.ClientJobsDAO(7057) - INFO - <BUILDID=N/A, WORKER=HW, WRKID=71, JOBID=1007> Model insert attempt failed with DUP_ENTRY: jobID=1007; paramsHash=19aec87b133d141c1453d8d3cfcea9d8 OR particleHash=bfee2c86f70a5ae4060e3768cf197d22; IntegrityError(1062, u"Duplicate entry '1007-\\x19\\xAE\\xC8{\\x13=\\x14\\x1C\\x14S\\xD8\\xD3\\xCF\\xCE\\xA9\\xD8' for key 'job_id'")
2014-12-27 10:00:20,504 - com.numenta.nupic.swarming.HypersearchWorker(7057) - INFO - <BUILDID=N/A, WORKER=HW, WRKID=71, JOBID=1007> Adding model 1396 to our internal DB because modelInsertAndStart() failed to insert it: paramsHash=19aec87b133d141c1453d8d3cfcea9d8, particleHash=5acc174f6c803c93007c23d11d9aaea4, particleId='72.10.0'
2014-12-27 10:00:20,507 - com.numenta.nupic.database.ClientJobsDAO.ClientJobsDAO(7057) - INFO - <BUILDID=N/A, WORKER=HW, WRKID=71, JOBID=1007> Model insert attempt failed with DUP_ENTRY: jobID=1007; paramsHash=19aec87b133d141c1453d8d3cfcea9d8 OR particleHash=db01d35a31ce86db344196c6882abc24; IntegrityError(1062, u"Duplicate entry '1007-\\x19\\xAE\\xC8{\\x13=\\x14\\x1C\\x14S\\xD8\\xD3\\xCF\\xCE\\xA9\\xD8' for key 'job_id'")
2014-12-27 10:00:20,509 - com.numenta.nupic.swarming.HypersearchWorker(7057) - INFO - <BUILDID=N/A, WORKER=HW, WRKID=71, JOBID=1007> Adding model 1396 to our internal DB because modelInsertAndStart() failed to insert it: paramsHash=19aec87b133d141c1453d8d3cfcea9d8, particleHash=5acc174f6c803c93007c23d11d9aaea4, particleId='72.10.0'
2014-12-27 10:00:20,512 - com.numenta.nupic.database.ClientJobsDAO.ClientJobsDAO(7057) - INFO - <BUILDID=N/A, WORKER=HW, WRKID=71, JOBID=1007> Model insert attempt failed with DUP_ENTRY: jobID=1007; paramsHash=19aec87b133d141c1453d8d3cfcea9d8 OR particleHash=1ac0dcaf4811bed74c02594c82f7d905; IntegrityError(1062, u"Duplicate entry '1007-\\x19\\xAE\\xC8{\\x13=\\x14\\x1C\\x14S\\xD8\\xD3\\xCF\\xCE\\xA9\\xD8' for key 'job_id'")
2014-12-27 10:00:20,515 - com.numenta.nupic.swarming.HypersearchWorker(7057) - INFO - <BUILDID=N/A, WORKER=HW, WRKID=71, JOBID=1007> Adding model 1396 to our internal DB because modelInsertAndStart() failed to insert it: paramsHash=19aec87b133d141c1453d8d3cfcea9d8, particleHash=5acc174f6c803c93007c23d11d9aaea4, particleId='72.10.0'
2014-12-27 10:00:20,518 - com.numenta.nupic.database.ClientJobsDAO.ClientJobsDAO(7057) - INFO - <BUILDID=N/A, WORKER=HW, WRKID=71, JOBID=1007> Model insert attempt failed with DUP_ENTRY: jobID=1007; paramsHash=19aec87b133d141c1453d8d3cfcea9d8 OR particleHash=a558bb888db9923add19904b89028c1c; IntegrityError(1062, u"Duplicate entry '1007-\\x19\\xAE\\xC8{\\x13=\\x14\\x1C\\x14S\\xD8\\xD3\\xCF\\xCE\\xA9\\xD8' for key 'job_id'")
2014-12-27 10:00:20,523 - com.numenta.nupic.swarming.HypersearchWorker(7057) - INFO - <BUILDID=N/A, WORKER=HW, WRKID=71, JOBID=1007> Adding model 1396 to our internal DB because modelInsertAndStart() failed to insert it: paramsHash=19aec87b133d141c1453d8d3cfcea9d8, particleHash=5acc174f6c803c93007c23d11d9aaea4, particleId='72.10.0'
2014-12-27 10:00:20,527 - com.numenta.nupic.database.ClientJobsDAO.ClientJobsDAO(7057) - INFO - <BUILDID=N/A, WORKER=HW, WRKID=71, JOBID=1007> Model insert attempt failed with DUP_ENTRY: jobID=1007; paramsHash=19aec87b133d141c1453d8d3cfcea9d8 OR particleHash=75a762dc85d81b0db6e58bafaf8a7cf0; IntegrityError(1062, u"Duplicate entry '1007-\\x19\\xAE\\xC8{\\x13=\\x14\\x1C\\x14S\\xD8\\xD3\\xCF\\xCE\\xA9\\xD8' for key 'job_id'")
2014-12-27 10:00:20,533 - com.numenta.nupic.swarming.HypersearchWorker(7057) - INFO - <BUILDID=N/A, WORKER=HW, WRKID=71, JOBID=1007> Adding model 1396 to our internal DB because modelInsertAndStart() failed to insert it: paramsHash=19aec87b133d141c1453d8d3cfcea9d8, particleHash=5acc174f6c803c93007c23d11d9aaea4, particleId='72.10.0'
2014-12-27 10:00:20,537 - com.numenta.nupic.database.ClientJobsDAO.ClientJobsDAO(7057) - INFO - <BUILDID=N/A, WORKER=HW, WRKID=71, JOBID=1007> Model insert attempt failed with DUP_ENTRY: jobID=1007; paramsHash=19aec87b133d141c1453d8d3cfcea9d8 OR particleHash=dfe20d42270822780412e7ba9bff8c92; IntegrityError(1062, u"Duplicate entry '1007-\\x19\\xAE\\xC8{\\x13=\\x14\\x1C\\x14S\\xD8\\xD3\\xCF\\xCE\\xA9\\xD8' for key 'job_id'")
2014-12-27 10:00:20,544 - com.numenta.nupic.swarming.HypersearchWorker(7057) - INFO - <BUILDID=N/A, WORKER=HW, WRKID=71, JOBID=1007> Adding model 1396 to our internal DB because modelInsertAndStart() failed to insert it: paramsHash=19aec87b133d141c1453d8d3cfcea9d8, particleHash=5acc174f6c803c93007c23d11d9aaea4, particleId='72.10.0'
2014-12-27 10:00:20,548 - com.numenta.nupic.database.ClientJobsDAO.ClientJobsDAO(7057) - INFO - <BUILDID=N/A, WORKER=HW, WRKID=71, JOBID=1007> Model insert attempt failed with DUP_ENTRY: jobID=1007; paramsHash=19aec87b133d141c1453d8d3cfcea9d8 OR particleHash=43b121b091dd1c1025ec18e71fd3fb8d; IntegrityError(1062, u"Duplicate entry '1007-\\x19\\xAE\\xC8{\\x13=\\x14\\x1C\\x14S\\xD8\\xD3\\xCF\\xCE\\xA9\\xD8' for key 'job_id'")
2014-12-27 10:00:20,551 - com.numenta.nupic.swarming.HypersearchWorker(7057) - INFO - <BUILDID=N/A, WORKER=HW, WRKID=71, JOBID=1007> Adding model 1396 to our internal DB because modelInsertAndStart() failed to insert it: paramsHash=19aec87b133d141c1453d8d3cfcea9d8, particleHash=5acc174f6c803c93007c23d11d9aaea4, particleId='72.10.0'
2014-12-27 10:00:20,555 - com.numenta.nupic.swarming.HypersearchV2.HypersearchV2(7057) - INFO - <BUILDID=N/A, WORKER=HW, WRKID=71, JOBID=1007> Completed generation #0 of swarm 'modelParams|sensorParams|encoders|kw_energy_consumption' with a best errScore of inf
2014-12-27 10:00:20,602 - com.numenta.nupic.database.ClientJobsDAO.ClientJobsDAO(7057) - INFO - <BUILDID=N/A, WORKER=HW, WRKID=71, JOBID=1007> Model insert attempt failed with DUP_ENTRY: jobID=1007; paramsHash=64ee87e1fc85a50b6238a83ad6fd62da OR particleHash=66ec62e15a2c61bd8d13769e6ae75956; IntegrityError(1062, u"Duplicate entry '1007-f\\xECb\\xE1Z,a\\xBD\\x8D\\x13v\\x9Ej\\xE7YV' for key 'job_id_2'")
2014-12-27 10:00:20,606 - com.numenta.nupic.swarming.HypersearchWorker(7057) - INFO - <BUILDID=N/A, WORKER=HW, WRKID=71, JOBID=1007> Adding model 1408 to our internal DB because modelInsertAndStart() failed to insert it: paramsHash=54a66e30fe2eacf2eb9f523c28210f24, particleHash=66ec62e15a2c61bd8d13769e6ae75956, particleId='72.0.1'
2014-12-27 10:00:20,609 - com.numenta.nupic.database.ClientJobsDAO.ClientJobsDAO(7057) - INFO - <BUILDID=N/A, WORKER=HW, WRKID=71, JOBID=1007> Model insert attempt failed with DUP_ENTRY: jobID=1007; paramsHash=64ee87e1fc85a50b6238a83ad6fd62da OR particleHash=66ec62e15a2c61bd8d13769e6ae75956; IntegrityError(1062, u"Duplicate entry '1007-f\\xECb\\xE1Z,a\\xBD\\x8D\\x13v\\x9Ej\\xE7YV' for key 'job_id_2'")
2014-12-27 10:00:20,611 - com.numenta.nupic.swarming.HypersearchWorker(7057) - INFO - <BUILDID=N/A, WORKER=HW, WRKID=71, JOBID=1007> Adding model 1408 to our internal DB because modelInsertAndStart() failed to insert it: paramsHash=54a66e30fe2eacf2eb9f523c28210f24, particleHash=66ec62e15a2c61bd8d13769e6ae75956, particleId='72.0.1'
2014-12-27 10:00:20,614 - com.numenta.nupic.database.ClientJobsDAO.ClientJobsDAO(7057) - INFO - <BUILDID=N/A, WORKER=HW, WRKID=71, JOBID=1007> Model insert attempt failed with DUP_ENTRY: jobID=1007; paramsHash=64ee87e1fc85a50b6238a83ad6fd62da OR particleHash=66ec62e15a2c61bd8d13769e6ae75956; IntegrityError(1062, u"Duplicate entry '1007-f\\xECb\\xE1Z,a\\xBD\\x8D\\x13v\\x9Ej\\xE7YV' for key 'job_id_2'")
2014-12-27 10:00:20,617 - com.numenta.nupic.swarming.HypersearchWorker(7057) - INFO - <BUILDID=N/A, WORKER=HW, WRKID=71, JOBID=1007> Adding model 1408 to our internal DB because modelInsertAndStart() failed to insert it: paramsHash=54a66e30fe2eacf2eb9f523c28210f24, particleHash=66ec62e15a2c61bd8d13769e6ae75956, particleId='72.0.1'
2014-12-27 10:00:20,620 - com.numenta.nupic.database.ClientJobsDAO.ClientJobsDAO(7057) - INFO - <BUILDID=N/A, WORKER=HW, WRKID=71, JOBID=1007> Model insert attempt failed with DUP_ENTRY: jobID=1007; paramsHash=64ee87e1fc85a50b6238a83ad6fd62da OR particleHash=66ec62e15a2c61bd8d13769e6ae75956; IntegrityError(1062, u"Duplicate entry '1007-f\\xECb\\xE1Z,a\\xBD\\x8D\\x13v\\x9Ej\\xE7YV' for key 'job_id_2'")
2014-12-27 10:00:20,623 - com.numenta.nupic.swarming.HypersearchWorker(7057) - INFO - <BUILDID=N/A, WORKER=HW, WRKID=71, JOBID=1007> Adding model 1408 to our internal DB because modelInsertAndStart() failed to insert it: paramsHash=54a66e30fe2eacf2eb9f523c28210f24, particleHash=66ec62e15a2c61bd8d13769e6ae75956, particleId='72.0.1'
2014-12-27 10:00:20,626 - com.numenta.nupic.database.ClientJobsDAO.ClientJobsDAO(7057) - INFO - <BUILDID=N/A, WORKER=HW, WRKID=71, JOBID=1007> Model insert attempt failed with DUP_ENTRY: jobID=1007; paramsHash=64ee87e1fc85a50b6238a83ad6fd62da OR particleHash=66ec62e15a2c61bd8d13769e6ae75956; IntegrityError(1062, u"Duplicate entry '1007-f\\xECb\\xE1Z,a\\xBD\\x8D\\x13v\\x9Ej\\xE7YV' for key 'job_id_2'")
2014-12-27 10:00:20,629 - com.numenta.nupic.swarming.HypersearchWorker(7057) - INFO - <BUILDID=N/A, WORKER=HW, WRKID=71, JOBID=1007> Adding model 1408 to our internal DB because modelInsertAndStart() failed to insert it: paramsHash=54a66e30fe2eacf2eb9f523c28210f24, particleHash=66ec62e15a2c61bd8d13769e6ae75956, particleId='72.0.1'
2014-12-27 10:00:20,631 - com.numenta.nupic.database.ClientJobsDAO.ClientJobsDAO(7057) - INFO - <BUILDID=N/A, WORKER=HW, WRKID=71, JOBID=1007> Model insert attempt failed with DUP_ENTRY: jobID=1007; paramsHash=64ee87e1fc85a50b6238a83ad6fd62da OR particleHash=66ec62e15a2c61bd8d13769e6ae75956; IntegrityError(1062, u"Duplicate entry '1007-f\\xECb\\xE1Z,a\\xBD\\x8D\\x13v\\x9Ej\\xE7YV' for key 'job_id_2'")
2014-12-27 10:00:20,634 - com.numenta.nupic.swarming.HypersearchWorker(7057) - INFO - <BUILDID=N/A, WORKER=HW, WRKID=71, JOBID=1007> Adding model 1408 to our internal DB because modelInsertAndStart() failed to insert it: paramsHash=54a66e30fe2eacf2eb9f523c28210f24, particleHash=66ec62e15a2c61bd8d13769e6ae75956, particleId='72.0.1'
2014-12-27 10:00:20,637 - com.numenta.nupic.database.ClientJobsDAO.ClientJobsDAO(7057) - INFO - <BUILDID=N/A, WORKER=HW, WRKID=71, JOBID=1007> Model insert attempt failed with DUP_ENTRY: jobID=1007; paramsHash=64ee87e1fc85a50b6238a83ad6fd62da OR particleHash=66ec62e15a2c61bd8d13769e6ae75956; IntegrityError(1062, u"Duplicate entry '1007-f\\xECb\\xE1Z,a\\xBD\\x8D\\x13v\\x9Ej\\xE7YV' for key 'job_id_2'")
2014-12-27 10:00:20,639 - com.numenta.nupic.swarming.HypersearchWorker(7057) - INFO - <BUILDID=N/A, WORKER=HW, WRKID=71, JOBID=1007> Adding model 1408 to our internal DB because modelInsertAndStart() failed to insert it: paramsHash=54a66e30fe2eacf2eb9f523c28210f24, particleHash=66ec62e15a2c61bd8d13769e6ae75956, particleId='72.0.1'
2014-12-27 10:00:20,643 - com.numenta.nupic.database.ClientJobsDAO.ClientJobsDAO(7057) - INFO - <BUILDID=N/A, WORKER=HW, WRKID=71, JOBID=1007> Model insert attempt failed with DUP_ENTRY: jobID=1007; paramsHash=64ee87e1fc85a50b6238a83ad6fd62da OR particleHash=66ec62e15a2c61bd8d13769e6ae75956; IntegrityError(1062, u"Duplicate entry '1007-f\\xECb\\xE1Z,a\\xBD\\x8D\\x13v\\x9Ej\\xE7YV' for key 'job_id_2'")
2014-12-27 10:00:20,646 - com.numenta.nupic.swarming.HypersearchWorker(7057) - INFO - <BUILDID=N/A, WORKER=HW, WRKID=71, JOBID=1007> Adding model 1408 to our internal DB because modelInsertAndStart() failed to insert it: paramsHash=54a66e30fe2eacf2eb9f523c28210f24, particleHash=66ec62e15a2c61bd8d13769e6ae75956, particleId='72.0.1'
2014-12-27 10:00:20,650 - com.numenta.nupic.database.ClientJobsDAO.ClientJobsDAO(7057) - INFO - <BUILDID=N/A, WORKER=HW, WRKID=71, JOBID=1007> Model insert attempt failed with DUP_ENTRY: jobID=1007; paramsHash=64ee87e1fc85a50b6238a83ad6fd62da OR particleHash=66ec62e15a2c61bd8d13769e6ae75956; IntegrityError(1062, u"Duplicate entry '1007-f\\xECb\\xE1Z,a\\xBD\\x8D\\x13v\\x9Ej\\xE7YV' for key 'job_id_2'")
2014-12-27 10:00:20,654 - com.numenta.nupic.swarming.HypersearchWorker(7057) - INFO - <BUILDID=N/A, WORKER=HW, WRKID=71, JOBID=1007> Adding model 1408 to our internal DB because modelInsertAndStart() failed to insert it: paramsHash=54a66e30fe2eacf2eb9f523c28210f24, particleHash=66ec62e15a2c61bd8d13769e6ae75956, particleId='72.0.1'
2014-12-27 10:00:20,658 - com.numenta.nupic.database.ClientJobsDAO.ClientJobsDAO(7057) - INFO - <BUILDID=N/A, WORKER=HW, WRKID=71, JOBID=1007> Model insert attempt failed with DUP_ENTRY: jobID=1007; paramsHash=64ee87e1fc85a50b6238a83ad6fd62da OR particleHash=66ec62e15a2c61bd8d13769e6ae75956; IntegrityError(1062, u"Duplicate entry '1007-f\\xECb\\xE1Z,a\\xBD\\x8D\\x13v\\x9Ej\\xE7YV' for key 'job_id_2'")
2014-12-27 10:00:20,662 - com.numenta.nupic.swarming.HypersearchWorker(7057) - INFO - <BUILDID=N/A, WORKER=HW, WRKID=71, JOBID=1007> Adding model 1408 to our internal DB because modelInsertAndStart() failed to insert it: paramsHash=54a66e30fe2eacf2eb9f523c28210f24, particleHash=66ec62e15a2c61bd8d13769e6ae75956, particleId='72.0.1'
2014-12-27 10:00:20,695 - com.numenta.nupic.swarming.HypersearchV2.HypersearchV2(7057) - INFO - <BUILDID=N/A, WORKER=HW, WRKID=71, JOBID=1007> Active swarms changed to [] (from [u'modelParams|sensorParams|encoders|kw_energy_consumption'])
2014-12-27 10:00:20,695 - com.numenta.nupic.swarming.HypersearchV2.HypersearchV2(7057) - INFO - <BUILDID=N/A, WORKER=HW, WRKID=71, JOBID=1007> Exiting because results did not improve in most recently completed sprint.
2014-12-27 10:00:20,703 - com.numenta.nupic.swarming.HypersearchV2.HypersearchV2(7057) - INFO - <BUILDID=N/A, WORKER=HW, WRKID=71, JOBID=1007> Successfully updated the field contributions:{u'kw_energy_consumption': nan}
2014-12-27 10:00:20,704 - com.numenta.nupic.swarming.HypersearchWorker(7057) - INFO - <BUILDID=N/A, WORKER=HW, WRKID=71, JOBID=1007> FINISHED. Evaluated 1 models.
