2015-06-30 09:38:56,371 - com.numenta.nupic.swarming.HypersearchWorker(5990) - INFO - <BUILDID=N/A, WORKER=HS, WRKID=N/A, JOBID=N/A> Launched with command line arguments: ['--jobID=1032']
2015-06-30 09:38:56,371 - com.numenta.nupic.swarming.HypersearchWorker(5990) - INFO - <BUILDID=N/A, WORKER=HS, WRKID=N/A, JOBID=N/A> Connecting to the jobs database
2015-06-30 09:38:56,371 - com.numenta.nupic.database.Connection.ConnectionFactory(5990) - INFO - <BUILDID=N/A, WORKER=HS, WRKID=N/A, JOBID=N/A> Creating db connection policy via provider <bound method type._createDefaultPolicy of <class 'nupic.database.Connection.ConnectionFactory'>>
2015-06-30 09:38:56,381 - com.numenta.nupic.database.Connection.PooledConnectionPolicy(5990) - INFO - <BUILDID=N/A, WORKER=HS, WRKID=N/A, JOBID=N/A> Created PooledConnectionPolicy
2015-06-30 09:38:56,396 - com.numenta.nupic.database.ClientJobsDAO.ClientJobsDAO(5990) - INFO - <BUILDID=N/A, WORKER=HS, WRKID=N/A, JOBID=N/A> clientJobsConnectionID=77
2015-06-30 09:38:56,405 - com.numenta.nupic.swarming.HypersearchWorker(5990) - INFO - <BUILDID=N/A, WORKER=HW, WRKID=77, JOBID=1032> Job info retrieved: {'engModelMilestones': 'None', 'clientInfo': '', 'numFailedWorkers': '0', 'engJobType': 'hypersearch', 'results': 'None', 'jobId': '1032', 'completionMsg': 'None', 'cancel': '0', 'engWorkerState': '{"sprints": [{"status": "active", "bestModelId": null, "bestErrS...', 'workerCompletionMsg': 'None', 'jobHash': "\x7f\xc0\x87\x97\x1fF\x11\xe5\x97X\x08\x00'\x16\xdf\xd4", 'genBaseDescription': '# --------------------------------------------------------------...', 'completionReason': 'None', 'priority': '0', 'cmdLine': '$HYPERSEARCH', 'params': '{"hsVersion": "v2", "maxModels": null, "persistentJobGUID": "7fc...', 'workerCompletionReason': 'success', 'engAllocateNewWorkers': '1', 'lastFailedWorkerErrorMsg': 'None', 'engUntendedDeadWorkers': '0', 'engLastUpdateTime': '2015-06-30 16:38:56', 'status': 'notStarted', 'engStatus': 'None', 'startTime': 'None', 'minimumWorkers': '1', 'endTime': 'None', 'engCjmConnId': 'None', 'genPermutations': '# --------------------------------------------------------------...', 'client': 'GRP', 'engCleaningStatus': 'notdone', 'clientKey': '', 'maximumWorkers': '4'}
2015-06-30 09:38:56,407 - com.numenta.nupic.swarming.HypersearchV2.HypersearchV2(5990) - INFO - <BUILDID=N/A, WORKER=HW, WRKID=77, JOBID=1032> searchParams: 
{u'description': {u'includedFields': [{u'fieldName': 'timestamp',
                                       u'fieldType': 'datetime'},
                                      {u'fieldName': 'euse',
                                       u'fieldType': 'float',
                                       u'maxValue': '35.0',
                                       u'minValue': '10.0'}],
                  u'inferenceArgs': {u'predictedField': 'euse',
                                     u'predictionSteps': ['4']},
                  u'inferenceType': 'TemporalMultiStep',
                  u'iterationCount': '-1',
                  u'streamDef': {u'info': 'kwh',
                                 u'streams': [{u'columns': ['timestamp',
                                                            'euse'],
                                               u'info': 'energy_only_252',
                                               u'source': 'file:///home/pat/workspace/pecan/house_data/252_data/252_clean_d...'}]},
                  u'swarmSize': 'small'},
 u'hsVersion': 'v2',
 u'maxModels': 'None',
 u'persistentJobGUID': '7fc08796-1f46-11e5-9758-08002716dfd4',
 u'useTerminators': 'False'}
2015-06-30 09:38:56,617 - com.numenta.nupic.swarming.HypersearchV2.HypersearchV2(5990) - INFO - <BUILDID=N/A, WORKER=HW, WRKID=77, JOBID=1032> Active swarms changed to [u'modelParams|sensorParams|encoders|euse'] (from None)
2015-06-30 09:38:56,734 - com.numenta.nupic.database.ClientJobsDAO.ClientJobsDAO(5990) - INFO - <BUILDID=N/A, WORKER=HW, WRKID=77, JOBID=1032> Model insert attempt failed with DUP_ENTRY: jobID=1032; paramsHash=470fa2db3378c671ca629f7ece150617 OR particleHash=b3c7b83baa77e96e988074e0d083b2b1; IntegrityError(1062, u"Duplicate entry '1032-G\\x0F\\xA2\\xDB3x\\xC6q\\xCAb\\x9F~\\xCE\\x15\\x06\\x17' for key 'job_id'")
2015-06-30 09:38:56,747 - com.numenta.nupic.swarming.HypersearchWorker(5990) - INFO - <BUILDID=N/A, WORKER=HW, WRKID=77, JOBID=1032> Adding model 3309 to our internal DB because modelInsertAndStart() failed to insert it: paramsHash=470fa2db3378c671ca629f7ece150617, particleHash=f345bdc4ead4a2c33df1d806f8fce007, particleId='75.10.0'
2015-06-30 09:38:56,768 - com.numenta.nupic.database.ClientJobsDAO.ClientJobsDAO(5990) - INFO - <BUILDID=N/A, WORKER=HW, WRKID=77, JOBID=1032> Model insert attempt failed with DUP_ENTRY: jobID=1032; paramsHash=470fa2db3378c671ca629f7ece150617 OR particleHash=c886f8f0351d08287ecfbaecfe1835db; IntegrityError(1062, u"Duplicate entry '1032-G\\x0F\\xA2\\xDB3x\\xC6q\\xCAb\\x9F~\\xCE\\x15\\x06\\x17' for key 'job_id'")
2015-06-30 09:38:56,771 - com.numenta.nupic.swarming.HypersearchWorker(5990) - INFO - <BUILDID=N/A, WORKER=HW, WRKID=77, JOBID=1032> Adding model 3309 to our internal DB because modelInsertAndStart() failed to insert it: paramsHash=470fa2db3378c671ca629f7ece150617, particleHash=f345bdc4ead4a2c33df1d806f8fce007, particleId='75.10.0'
2015-06-30 09:38:56,778 - com.numenta.nupic.database.ClientJobsDAO.ClientJobsDAO(5990) - INFO - <BUILDID=N/A, WORKER=HW, WRKID=77, JOBID=1032> Model insert attempt failed with DUP_ENTRY: jobID=1032; paramsHash=470fa2db3378c671ca629f7ece150617 OR particleHash=052cf19e2554c76c92a2c11876224c67; IntegrityError(1062, u"Duplicate entry '1032-G\\x0F\\xA2\\xDB3x\\xC6q\\xCAb\\x9F~\\xCE\\x15\\x06\\x17' for key 'job_id'")
2015-06-30 09:38:56,796 - com.numenta.nupic.swarming.HypersearchWorker(5990) - INFO - <BUILDID=N/A, WORKER=HW, WRKID=77, JOBID=1032> Adding model 3309 to our internal DB because modelInsertAndStart() failed to insert it: paramsHash=470fa2db3378c671ca629f7ece150617, particleHash=f345bdc4ead4a2c33df1d806f8fce007, particleId='75.10.0'
2015-06-30 09:38:56,804 - com.numenta.nupic.database.ClientJobsDAO.ClientJobsDAO(5990) - INFO - <BUILDID=N/A, WORKER=HW, WRKID=77, JOBID=1032> Model insert attempt failed with DUP_ENTRY: jobID=1032; paramsHash=470fa2db3378c671ca629f7ece150617 OR particleHash=8e4f7095809e03c0efb5ee1594f4b2a0; IntegrityError(1062, u"Duplicate entry '1032-G\\x0F\\xA2\\xDB3x\\xC6q\\xCAb\\x9F~\\xCE\\x15\\x06\\x17' for key 'job_id'")
2015-06-30 09:38:56,823 - com.numenta.nupic.swarming.HypersearchWorker(5990) - INFO - <BUILDID=N/A, WORKER=HW, WRKID=77, JOBID=1032> Adding model 3309 to our internal DB because modelInsertAndStart() failed to insert it: paramsHash=470fa2db3378c671ca629f7ece150617, particleHash=f345bdc4ead4a2c33df1d806f8fce007, particleId='75.10.0'
2015-06-30 09:38:56,843 - com.numenta.nupic.database.ClientJobsDAO.ClientJobsDAO(5990) - INFO - <BUILDID=N/A, WORKER=HW, WRKID=77, JOBID=1032> Model insert attempt failed with DUP_ENTRY: jobID=1032; paramsHash=470fa2db3378c671ca629f7ece150617 OR particleHash=00e950ad929bfb1a71bba6253f40f09d; IntegrityError(1062, u"Duplicate entry '1032-G\\x0F\\xA2\\xDB3x\\xC6q\\xCAb\\x9F~\\xCE\\x15\\x06\\x17' for key 'job_id'")
2015-06-30 09:38:56,846 - com.numenta.nupic.swarming.HypersearchWorker(5990) - INFO - <BUILDID=N/A, WORKER=HW, WRKID=77, JOBID=1032> Adding model 3309 to our internal DB because modelInsertAndStart() failed to insert it: paramsHash=470fa2db3378c671ca629f7ece150617, particleHash=f345bdc4ead4a2c33df1d806f8fce007, particleId='75.10.0'
2015-06-30 09:38:56,858 - com.numenta.nupic.database.ClientJobsDAO.ClientJobsDAO(5990) - INFO - <BUILDID=N/A, WORKER=HW, WRKID=77, JOBID=1032> Model insert attempt failed with DUP_ENTRY: jobID=1032; paramsHash=470fa2db3378c671ca629f7ece150617 OR particleHash=0bfae2db59805529c8710a0fc6858526; IntegrityError(1062, u"Duplicate entry '1032-G\\x0F\\xA2\\xDB3x\\xC6q\\xCAb\\x9F~\\xCE\\x15\\x06\\x17' for key 'job_id'")
2015-06-30 09:38:56,871 - com.numenta.nupic.swarming.HypersearchWorker(5990) - INFO - <BUILDID=N/A, WORKER=HW, WRKID=77, JOBID=1032> Adding model 3309 to our internal DB because modelInsertAndStart() failed to insert it: paramsHash=470fa2db3378c671ca629f7ece150617, particleHash=f345bdc4ead4a2c33df1d806f8fce007, particleId='75.10.0'
2015-06-30 09:38:56,879 - com.numenta.nupic.database.ClientJobsDAO.ClientJobsDAO(5990) - INFO - <BUILDID=N/A, WORKER=HW, WRKID=77, JOBID=1032> Model insert attempt failed with DUP_ENTRY: jobID=1032; paramsHash=470fa2db3378c671ca629f7ece150617 OR particleHash=73154c2b985d4f268231ec3a84ee386a; IntegrityError(1062, u"Duplicate entry '1032-G\\x0F\\xA2\\xDB3x\\xC6q\\xCAb\\x9F~\\xCE\\x15\\x06\\x17' for key 'job_id'")
2015-06-30 09:38:56,888 - com.numenta.nupic.swarming.HypersearchWorker(5990) - INFO - <BUILDID=N/A, WORKER=HW, WRKID=77, JOBID=1032> Adding model 3309 to our internal DB because modelInsertAndStart() failed to insert it: paramsHash=470fa2db3378c671ca629f7ece150617, particleHash=f345bdc4ead4a2c33df1d806f8fce007, particleId='75.10.0'
2015-06-30 09:38:56,893 - com.numenta.nupic.database.ClientJobsDAO.ClientJobsDAO(5990) - INFO - <BUILDID=N/A, WORKER=HW, WRKID=77, JOBID=1032> Model insert attempt failed with DUP_ENTRY: jobID=1032; paramsHash=470fa2db3378c671ca629f7ece150617 OR particleHash=d0da94f452446bbcd781b645f61f813b; IntegrityError(1062, u"Duplicate entry '1032-G\\x0F\\xA2\\xDB3x\\xC6q\\xCAb\\x9F~\\xCE\\x15\\x06\\x17' for key 'job_id'")
2015-06-30 09:38:56,896 - com.numenta.nupic.swarming.HypersearchWorker(5990) - INFO - <BUILDID=N/A, WORKER=HW, WRKID=77, JOBID=1032> Adding model 3309 to our internal DB because modelInsertAndStart() failed to insert it: paramsHash=470fa2db3378c671ca629f7ece150617, particleHash=f345bdc4ead4a2c33df1d806f8fce007, particleId='75.10.0'
2015-06-30 09:38:56,903 - com.numenta.nupic.database.ClientJobsDAO.ClientJobsDAO(5990) - INFO - <BUILDID=N/A, WORKER=HW, WRKID=77, JOBID=1032> Model insert attempt failed with DUP_ENTRY: jobID=1032; paramsHash=470fa2db3378c671ca629f7ece150617 OR particleHash=d3c1c595f4c0a652d78f91d85d74cc43; IntegrityError(1062, u"Duplicate entry '1032-G\\x0F\\xA2\\xDB3x\\xC6q\\xCAb\\x9F~\\xCE\\x15\\x06\\x17' for key 'job_id'")
2015-06-30 09:38:56,928 - com.numenta.nupic.swarming.HypersearchWorker(5990) - INFO - <BUILDID=N/A, WORKER=HW, WRKID=77, JOBID=1032> Adding model 3309 to our internal DB because modelInsertAndStart() failed to insert it: paramsHash=470fa2db3378c671ca629f7ece150617, particleHash=f345bdc4ead4a2c33df1d806f8fce007, particleId='75.10.0'
2015-06-30 09:38:56,946 - com.numenta.nupic.database.ClientJobsDAO.ClientJobsDAO(5990) - INFO - <BUILDID=N/A, WORKER=HW, WRKID=77, JOBID=1032> Model insert attempt failed with DUP_ENTRY: jobID=1032; paramsHash=470fa2db3378c671ca629f7ece150617 OR particleHash=222df0ab6e966e3bfc220beac7c0f147; IntegrityError(1062, u"Duplicate entry '1032-G\\x0F\\xA2\\xDB3x\\xC6q\\xCAb\\x9F~\\xCE\\x15\\x06\\x17' for key 'job_id'")
2015-06-30 09:38:56,949 - com.numenta.nupic.swarming.HypersearchWorker(5990) - INFO - <BUILDID=N/A, WORKER=HW, WRKID=77, JOBID=1032> Adding model 3309 to our internal DB because modelInsertAndStart() failed to insert it: paramsHash=470fa2db3378c671ca629f7ece150617, particleHash=f345bdc4ead4a2c33df1d806f8fce007, particleId='75.10.0'
2015-06-30 09:38:56,971 - com.numenta.nupic.swarming.HypersearchV2.HypersearchV2(5990) - INFO - <BUILDID=N/A, WORKER=HW, WRKID=77, JOBID=1032> Completed generation #0 of swarm 'modelParams|sensorParams|encoders|euse' with a best errScore of inf
2015-06-30 09:38:57,033 - com.numenta.nupic.swarming.HypersearchWorker(5990) - INFO - <BUILDID=N/A, WORKER=HW, WRKID=77, JOBID=1032> RUNNING MODEL GID=3336, paramsHash=c02fa095fc349547b28654cd0f5f0442, params={'particleState': {'varStates': {u'modelParams|sensorParams|encoders|euse:n': {'bestResult': None, 'position': 296, 'bestPosition': 272, '_position': 296.45, 'velocity': 24.95}, 'modelParams|clParams|alpha': {'bestResult': None, 'position': 0.055045000000000004, 'bestPosition': 0.050050000000000004, '_position': 0.055045000000000004, 'velocity': 0.004995}, 'modelParams|tpParams|minThreshold': {'bestResult': None, 'position': 11, 'bestPosition': 11, '_position': 10.65, 'velocity': 0.15}, 'modelParams|tpParams|activationThreshold': {'bestResult': None, 'position': 14, 'bestPosition': 14, '_position': 14.2, 'velocity': 0.2}, 'modelParams|tpParams|pamLength': {'bestResult': None, 'position': 3, 'bestPosition': 3, '_position': 3.2, 'velocity': 0.2}, 'modelParams|sensorParams|encoders|_classifierInput|n': {'bestResult': None, 'position': 299, 'bestPosition': 275, '_position': 299.15, 'velocity': 24.65}, 'modelParams|spParams|synPermInactiveDec': {'bestResult': None, 'position': 0.055135, 'bestPosition': 0.05015, '_position': 0.055135, 'velocity': 0.004985000000000001}}, 'genIdx': 1, 'swarmId': u'modelParams|sensorParams|encoders|euse', 'id': u'75.0'}, 'structuredParams': {'aggregationInfo': {'seconds': 0, 'fields': [], 'months': 0, 'days': 0, 'years': 0, 'hours': 0, 'microseconds': 0, 'weeks': 0, 'minutes': 0, 'milliseconds': 0}, 'modelParams': {'sensorParams': {'encoders': {'_classifierInput': {'maxval': 35.0, 'classifierOnly': True, 'minval': 10.0, 'clipInput': True, 'n': 299, 'fieldname': 'euse', 'w': 21, 'type': 'ScalarEncoder'}, u'timestamp_dayOfWeek': None, u'timestamp_timeOfDay': None, u'euse': {'maxval': 35.0, 'name': 'euse', 'clipInput': True, 'minval': 10.0, 'n': 296, 'fieldname': 'euse', 'w': 21, 'type': 'ScalarEncoder'}, u'timestamp_weekend': None}}, 'spParams': {'synPermInactiveDec': 0.055135}, 'tpParams': {'minThreshold': 11, 'activationThreshold': 14, 'pamLength': 3}, 'clParams': {'alpha': 0.055045000000000004}}}}
2015-06-30 09:38:57,037 - com.numenta.nupic.hypersearch.utils(5990) - INFO - <BUILDID=N/A, WORKER=HW, WRKID=77, JOBID=1032> Using experiment directory: /tmp/tmpT9gcnx
2015-06-30 09:38:57,091 - com.numenta.nupic.hypersearch.utils(5990) - ERROR - <BUILDID=N/A, WORKER=HW, WRKID=77, JOBID=1032> Exception occurred while running model 3336: Exception(u'Invalid file format for "/home/pat/workspace/pecan/house_data/252_data/252_clean_data.csv" - field type "2013-03-10 01:00:00" not one of (\'string\', \'datetime\', \'int\', \'float\', \'bool\', \'sdr\') ',) (<type 'exceptions.Exception'>)
Traceback (most recent call last):
  File "/home/pat/workspace/nupic/nupic/swarming/utils.py", line 430, in runModelGivenBaseAndParams
    (completionReason, completionMsg) = runner.run()
  File "/home/pat/workspace/nupic/nupic/swarming/ModelRunner.py", line 237, in run
    maxTimeout=readTimeout)
  File "/home/pat/workspace/nupic/nupic/data/stream_reader.py", line 210, in __init__
    self._openStream(dataUrl, isBlocking, maxTimeout, bookmark, firstRecordIdx)
  File "/home/pat/workspace/nupic/nupic/data/stream_reader.py", line 298, in _openStream
    firstRecord=firstRecordIdx)
  File "/home/pat/workspace/nupic/nupic/data/file_record_stream.py", line 209, in __init__
    'not one of %s ' % (self._filename, t, allowedTypes))
Exception: Invalid file format for "/home/pat/workspace/pecan/house_data/252_data/252_clean_data.csv" - field type "2013-03-10 01:00:00" not one of ('string', 'datetime', 'int', 'float', 'bool', 'sdr') 

2015-06-30 09:38:57,099 - com.numenta.nupic.swarming.HypersearchWorker(5990) - INFO - <BUILDID=N/A, WORKER=HW, WRKID=77, JOBID=1032> COMPLETED MODEL GID=3336; EVALUATED 1 MODELs
2015-06-30 09:38:57,185 - com.numenta.nupic.database.ClientJobsDAO.ClientJobsDAO(5990) - INFO - <BUILDID=N/A, WORKER=HW, WRKID=77, JOBID=1032> Model insert attempt failed with DUP_ENTRY: jobID=1032; paramsHash=3c6349431ba494f139eae0e88b0cc7e9 OR particleHash=bc1bcde46b326a769df599d4d593da79; IntegrityError(1062, u"Duplicate entry '1032-\\xBC\\x1B\\xCD\\xE4k2jv\\x9D\\xF5\\x99\\xD4\\xD5\\x93\\xDAy' for key 'job_id_2'")
2015-06-30 09:38:57,191 - com.numenta.nupic.swarming.HypersearchWorker(5990) - INFO - <BUILDID=N/A, WORKER=HW, WRKID=77, JOBID=1032> Adding model 3337 to our internal DB because modelInsertAndStart() failed to insert it: paramsHash=7646c113cd2e412208ef62bdc878f25a, particleHash=bc1bcde46b326a769df599d4d593da79, particleId='75.10.1'
2015-06-30 09:38:57,193 - com.numenta.nupic.database.ClientJobsDAO.ClientJobsDAO(5990) - INFO - <BUILDID=N/A, WORKER=HW, WRKID=77, JOBID=1032> Model insert attempt failed with DUP_ENTRY: jobID=1032; paramsHash=3c6349431ba494f139eae0e88b0cc7e9 OR particleHash=bc1bcde46b326a769df599d4d593da79; IntegrityError(1062, u"Duplicate entry '1032-\\xBC\\x1B\\xCD\\xE4k2jv\\x9D\\xF5\\x99\\xD4\\xD5\\x93\\xDAy' for key 'job_id_2'")
2015-06-30 09:38:57,198 - com.numenta.nupic.swarming.HypersearchWorker(5990) - INFO - <BUILDID=N/A, WORKER=HW, WRKID=77, JOBID=1032> Adding model 3337 to our internal DB because modelInsertAndStart() failed to insert it: paramsHash=7646c113cd2e412208ef62bdc878f25a, particleHash=bc1bcde46b326a769df599d4d593da79, particleId='75.10.1'
2015-06-30 09:38:57,201 - com.numenta.nupic.database.ClientJobsDAO.ClientJobsDAO(5990) - INFO - <BUILDID=N/A, WORKER=HW, WRKID=77, JOBID=1032> Model insert attempt failed with DUP_ENTRY: jobID=1032; paramsHash=3c6349431ba494f139eae0e88b0cc7e9 OR particleHash=bc1bcde46b326a769df599d4d593da79; IntegrityError(1062, u"Duplicate entry '1032-\\xBC\\x1B\\xCD\\xE4k2jv\\x9D\\xF5\\x99\\xD4\\xD5\\x93\\xDAy' for key 'job_id_2'")
2015-06-30 09:38:57,205 - com.numenta.nupic.swarming.HypersearchWorker(5990) - INFO - <BUILDID=N/A, WORKER=HW, WRKID=77, JOBID=1032> Adding model 3337 to our internal DB because modelInsertAndStart() failed to insert it: paramsHash=7646c113cd2e412208ef62bdc878f25a, particleHash=bc1bcde46b326a769df599d4d593da79, particleId='75.10.1'
2015-06-30 09:38:57,208 - com.numenta.nupic.database.ClientJobsDAO.ClientJobsDAO(5990) - INFO - <BUILDID=N/A, WORKER=HW, WRKID=77, JOBID=1032> Model insert attempt failed with DUP_ENTRY: jobID=1032; paramsHash=3c6349431ba494f139eae0e88b0cc7e9 OR particleHash=bc1bcde46b326a769df599d4d593da79; IntegrityError(1062, u"Duplicate entry '1032-\\xBC\\x1B\\xCD\\xE4k2jv\\x9D\\xF5\\x99\\xD4\\xD5\\x93\\xDAy' for key 'job_id_2'")
2015-06-30 09:38:57,211 - com.numenta.nupic.swarming.HypersearchWorker(5990) - INFO - <BUILDID=N/A, WORKER=HW, WRKID=77, JOBID=1032> Adding model 3337 to our internal DB because modelInsertAndStart() failed to insert it: paramsHash=7646c113cd2e412208ef62bdc878f25a, particleHash=bc1bcde46b326a769df599d4d593da79, particleId='75.10.1'
2015-06-30 09:38:57,214 - com.numenta.nupic.database.ClientJobsDAO.ClientJobsDAO(5990) - INFO - <BUILDID=N/A, WORKER=HW, WRKID=77, JOBID=1032> Model insert attempt failed with DUP_ENTRY: jobID=1032; paramsHash=3c6349431ba494f139eae0e88b0cc7e9 OR particleHash=bc1bcde46b326a769df599d4d593da79; IntegrityError(1062, u"Duplicate entry '1032-\\xBC\\x1B\\xCD\\xE4k2jv\\x9D\\xF5\\x99\\xD4\\xD5\\x93\\xDAy' for key 'job_id_2'")
2015-06-30 09:38:57,216 - com.numenta.nupic.swarming.HypersearchWorker(5990) - INFO - <BUILDID=N/A, WORKER=HW, WRKID=77, JOBID=1032> Adding model 3337 to our internal DB because modelInsertAndStart() failed to insert it: paramsHash=7646c113cd2e412208ef62bdc878f25a, particleHash=bc1bcde46b326a769df599d4d593da79, particleId='75.10.1'
2015-06-30 09:38:57,219 - com.numenta.nupic.database.ClientJobsDAO.ClientJobsDAO(5990) - INFO - <BUILDID=N/A, WORKER=HW, WRKID=77, JOBID=1032> Model insert attempt failed with DUP_ENTRY: jobID=1032; paramsHash=3c6349431ba494f139eae0e88b0cc7e9 OR particleHash=bc1bcde46b326a769df599d4d593da79; IntegrityError(1062, u"Duplicate entry '1032-\\xBC\\x1B\\xCD\\xE4k2jv\\x9D\\xF5\\x99\\xD4\\xD5\\x93\\xDAy' for key 'job_id_2'")
2015-06-30 09:38:57,221 - com.numenta.nupic.swarming.HypersearchWorker(5990) - INFO - <BUILDID=N/A, WORKER=HW, WRKID=77, JOBID=1032> Adding model 3337 to our internal DB because modelInsertAndStart() failed to insert it: paramsHash=7646c113cd2e412208ef62bdc878f25a, particleHash=bc1bcde46b326a769df599d4d593da79, particleId='75.10.1'
2015-06-30 09:38:57,224 - com.numenta.nupic.database.ClientJobsDAO.ClientJobsDAO(5990) - INFO - <BUILDID=N/A, WORKER=HW, WRKID=77, JOBID=1032> Model insert attempt failed with DUP_ENTRY: jobID=1032; paramsHash=3c6349431ba494f139eae0e88b0cc7e9 OR particleHash=bc1bcde46b326a769df599d4d593da79; IntegrityError(1062, u"Duplicate entry '1032-\\xBC\\x1B\\xCD\\xE4k2jv\\x9D\\xF5\\x99\\xD4\\xD5\\x93\\xDAy' for key 'job_id_2'")
2015-06-30 09:38:57,226 - com.numenta.nupic.swarming.HypersearchWorker(5990) - INFO - <BUILDID=N/A, WORKER=HW, WRKID=77, JOBID=1032> Adding model 3337 to our internal DB because modelInsertAndStart() failed to insert it: paramsHash=7646c113cd2e412208ef62bdc878f25a, particleHash=bc1bcde46b326a769df599d4d593da79, particleId='75.10.1'
2015-06-30 09:38:57,229 - com.numenta.nupic.database.ClientJobsDAO.ClientJobsDAO(5990) - INFO - <BUILDID=N/A, WORKER=HW, WRKID=77, JOBID=1032> Model insert attempt failed with DUP_ENTRY: jobID=1032; paramsHash=3c6349431ba494f139eae0e88b0cc7e9 OR particleHash=bc1bcde46b326a769df599d4d593da79; IntegrityError(1062, u"Duplicate entry '1032-\\xBC\\x1B\\xCD\\xE4k2jv\\x9D\\xF5\\x99\\xD4\\xD5\\x93\\xDAy' for key 'job_id_2'")
2015-06-30 09:38:57,231 - com.numenta.nupic.swarming.HypersearchWorker(5990) - INFO - <BUILDID=N/A, WORKER=HW, WRKID=77, JOBID=1032> Adding model 3337 to our internal DB because modelInsertAndStart() failed to insert it: paramsHash=7646c113cd2e412208ef62bdc878f25a, particleHash=bc1bcde46b326a769df599d4d593da79, particleId='75.10.1'
2015-06-30 09:38:57,235 - com.numenta.nupic.database.ClientJobsDAO.ClientJobsDAO(5990) - INFO - <BUILDID=N/A, WORKER=HW, WRKID=77, JOBID=1032> Model insert attempt failed with DUP_ENTRY: jobID=1032; paramsHash=3c6349431ba494f139eae0e88b0cc7e9 OR particleHash=bc1bcde46b326a769df599d4d593da79; IntegrityError(1062, u"Duplicate entry '1032-\\xBC\\x1B\\xCD\\xE4k2jv\\x9D\\xF5\\x99\\xD4\\xD5\\x93\\xDAy' for key 'job_id_2'")
2015-06-30 09:38:57,237 - com.numenta.nupic.swarming.HypersearchWorker(5990) - INFO - <BUILDID=N/A, WORKER=HW, WRKID=77, JOBID=1032> Adding model 3337 to our internal DB because modelInsertAndStart() failed to insert it: paramsHash=7646c113cd2e412208ef62bdc878f25a, particleHash=bc1bcde46b326a769df599d4d593da79, particleId='75.10.1'
2015-06-30 09:38:57,241 - com.numenta.nupic.database.ClientJobsDAO.ClientJobsDAO(5990) - INFO - <BUILDID=N/A, WORKER=HW, WRKID=77, JOBID=1032> Model insert attempt failed with DUP_ENTRY: jobID=1032; paramsHash=3c6349431ba494f139eae0e88b0cc7e9 OR particleHash=bc1bcde46b326a769df599d4d593da79; IntegrityError(1062, u"Duplicate entry '1032-\\xBC\\x1B\\xCD\\xE4k2jv\\x9D\\xF5\\x99\\xD4\\xD5\\x93\\xDAy' for key 'job_id_2'")
2015-06-30 09:38:57,244 - com.numenta.nupic.swarming.HypersearchWorker(5990) - INFO - <BUILDID=N/A, WORKER=HW, WRKID=77, JOBID=1032> Adding model 3337 to our internal DB because modelInsertAndStart() failed to insert it: paramsHash=7646c113cd2e412208ef62bdc878f25a, particleHash=bc1bcde46b326a769df599d4d593da79, particleId='75.10.1'
2015-06-30 09:38:57,279 - com.numenta.nupic.swarming.HypersearchV2.HypersearchV2(5990) - INFO - <BUILDID=N/A, WORKER=HW, WRKID=77, JOBID=1032> Active swarms changed to [] (from [u'modelParams|sensorParams|encoders|euse'])
2015-06-30 09:38:57,279 - com.numenta.nupic.swarming.HypersearchV2.HypersearchV2(5990) - INFO - <BUILDID=N/A, WORKER=HW, WRKID=77, JOBID=1032> Exiting because results did not improve in most recently completed sprint.
2015-06-30 09:38:57,287 - com.numenta.nupic.swarming.HypersearchV2.HypersearchV2(5990) - INFO - <BUILDID=N/A, WORKER=HW, WRKID=77, JOBID=1032> Successfully updated the field contributions:{u'euse': nan}
2015-06-30 09:38:57,287 - com.numenta.nupic.swarming.HypersearchWorker(5990) - INFO - <BUILDID=N/A, WORKER=HW, WRKID=77, JOBID=1032> FINISHED. Evaluated 1 models.
