2014-12-27 10:26:19,858 - com.numenta.nupic.swarming.HypersearchWorker(7184) - INFO - <BUILDID=N/A, WORKER=HS, WRKID=N/A, JOBID=N/A> Launched with command line arguments: ['--jobID=1011']
2014-12-27 10:26:19,858 - com.numenta.nupic.swarming.HypersearchWorker(7184) - INFO - <BUILDID=N/A, WORKER=HS, WRKID=N/A, JOBID=N/A> Connecting to the jobs database
2014-12-27 10:26:19,858 - com.numenta.nupic.database.Connection.ConnectionFactory(7184) - INFO - <BUILDID=N/A, WORKER=HS, WRKID=N/A, JOBID=N/A> Creating db connection policy via provider <bound method type._createDefaultPolicy of <class 'nupic.database.Connection.ConnectionFactory'>>
2014-12-27 10:26:19,860 - com.numenta.nupic.database.Connection.PooledConnectionPolicy(7184) - INFO - <BUILDID=N/A, WORKER=HS, WRKID=N/A, JOBID=N/A> Created PooledConnectionPolicy
2014-12-27 10:26:19,874 - com.numenta.nupic.database.ClientJobsDAO.ClientJobsDAO(7184) - INFO - <BUILDID=N/A, WORKER=HS, WRKID=N/A, JOBID=N/A> clientJobsConnectionID=92
2014-12-27 10:26:19,889 - com.numenta.nupic.swarming.HypersearchWorker(7184) - INFO - <BUILDID=N/A, WORKER=HW, WRKID=92, JOBID=1011> Job info retrieved: {'engModelMilestones': 'None', 'clientInfo': '', 'numFailedWorkers': '0', 'engJobType': 'hypersearch', 'results': 'None', 'jobId': '1011', 'completionMsg': 'None', 'cancel': '0', 'engWorkerState': 'None', 'workerCompletionMsg': 'None', 'jobHash': "\xda\x14\x1c#\x8d\xf5\x11\xe4\x9c\x1f\x08\x00'\x16\xdf\xd4", 'genBaseDescription': 'None', 'completionReason': 'None', 'priority': '0', 'cmdLine': '$HYPERSEARCH', 'params': '{"hsVersion": "v2", "maxModels": null, "persistentJobGUID": "da1...', 'workerCompletionReason': 'success', 'engAllocateNewWorkers': '1', 'lastFailedWorkerErrorMsg': 'None', 'engUntendedDeadWorkers': '0', 'engLastUpdateTime': '2014-12-27 18:26:19', 'status': 'notStarted', 'engStatus': 'None', 'startTime': 'None', 'minimumWorkers': '1', 'endTime': 'None', 'engCjmConnId': 'None', 'genPermutations': 'None', 'client': 'GRP', 'engCleaningStatus': 'notdone', 'clientKey': '', 'maximumWorkers': '4'}
2014-12-27 10:26:19,891 - com.numenta.nupic.swarming.HypersearchV2.HypersearchV2(7184) - INFO - <BUILDID=N/A, WORKER=HW, WRKID=92, JOBID=1011> searchParams: 
{u'description': {u'includedFields': [{u'fieldName': 'timestamp',
                                       u'fieldType': 'datetime'},
                                      {u'fieldName': 'kw_energy_consumption',
                                       u'fieldType': 'float',
                                       u'maxValue': '5.18',
                                       u'minValue': '0.0'}],
                  u'inferenceArgs': {u'predictedField': 'kw_energy_consumption',
                                     u'predictionSteps': ['1']},
                  u'inferenceType': 'TemporalMultiStep',
                  u'iterationCount': '-1',
                  u'streamDef': {u'info': 'kw_energy_consumption',
                                 u'streams': [{u'columns': ['*'],
                                               u'info': 'San Diego',
                                               u'source': 'file://sandiego.csv'}],
                                 u'version': '1'},
                  u'swarmSize': 'small'},
 u'hsVersion': 'v2',
 u'maxModels': 'None',
 u'persistentJobGUID': 'da141c22-8df5-11e4-9c1f-08002716dfd4',
 u'useTerminators': 'False'}
2014-12-27 10:26:20,076 - com.numenta.nupic.swarming.HypersearchV2.HypersearchV2(7184) - INFO - <BUILDID=N/A, WORKER=HW, WRKID=92, JOBID=1011> Active swarms changed to [u'modelParams|sensorParams|encoders|kw_energy_consumption'] (from None)
2014-12-27 10:26:20,203 - com.numenta.nupic.database.ClientJobsDAO.ClientJobsDAO(7184) - INFO - <BUILDID=N/A, WORKER=HW, WRKID=92, JOBID=1011> Model insert attempt failed with DUP_ENTRY: jobID=1011; paramsHash=b83e94a3acb214f3fdd3aee92e9fbdb5 OR particleHash=ff8ef5a8a6437f641acedfc9aa5d5d9d; IntegrityError(1062, u"Duplicate entry '1011-\\xB8>\\x94\\xA3\\xAC\\xB2\\x14\\xF3\\xFD\\xD3\\xAE\\xE9.\\x9F\\xBD\\xB5' for key 'job_id'")
2014-12-27 10:26:20,226 - com.numenta.nupic.swarming.HypersearchWorker(7184) - INFO - <BUILDID=N/A, WORKER=HW, WRKID=92, JOBID=1011> Adding model 1588 to our internal DB because modelInsertAndStart() failed to insert it: paramsHash=b83e94a3acb214f3fdd3aee92e9fbdb5, particleHash=2edf92a8da4756c61263de73974fd73b, particleId='90.0.0'
2014-12-27 10:26:20,234 - com.numenta.nupic.database.ClientJobsDAO.ClientJobsDAO(7184) - INFO - <BUILDID=N/A, WORKER=HW, WRKID=92, JOBID=1011> Model insert attempt failed with DUP_ENTRY: jobID=1011; paramsHash=b83e94a3acb214f3fdd3aee92e9fbdb5 OR particleHash=05cd6b6c9e76a69cceb61923fdd03548; IntegrityError(1062, u"Duplicate entry '1011-\\xB8>\\x94\\xA3\\xAC\\xB2\\x14\\xF3\\xFD\\xD3\\xAE\\xE9.\\x9F\\xBD\\xB5' for key 'job_id'")
2014-12-27 10:26:20,239 - com.numenta.nupic.swarming.HypersearchWorker(7184) - INFO - <BUILDID=N/A, WORKER=HW, WRKID=92, JOBID=1011> Adding model 1588 to our internal DB because modelInsertAndStart() failed to insert it: paramsHash=b83e94a3acb214f3fdd3aee92e9fbdb5, particleHash=2edf92a8da4756c61263de73974fd73b, particleId='90.0.0'
2014-12-27 10:26:20,246 - com.numenta.nupic.database.ClientJobsDAO.ClientJobsDAO(7184) - INFO - <BUILDID=N/A, WORKER=HW, WRKID=92, JOBID=1011> Model insert attempt failed with DUP_ENTRY: jobID=1011; paramsHash=b83e94a3acb214f3fdd3aee92e9fbdb5 OR particleHash=3c90bba59b342261525e517e8d515d8f; IntegrityError(1062, u"Duplicate entry '1011-\\xB8>\\x94\\xA3\\xAC\\xB2\\x14\\xF3\\xFD\\xD3\\xAE\\xE9.\\x9F\\xBD\\xB5' for key 'job_id'")
2014-12-27 10:26:20,252 - com.numenta.nupic.swarming.HypersearchWorker(7184) - INFO - <BUILDID=N/A, WORKER=HW, WRKID=92, JOBID=1011> Adding model 1588 to our internal DB because modelInsertAndStart() failed to insert it: paramsHash=b83e94a3acb214f3fdd3aee92e9fbdb5, particleHash=2edf92a8da4756c61263de73974fd73b, particleId='90.0.0'
2014-12-27 10:26:20,256 - com.numenta.nupic.database.ClientJobsDAO.ClientJobsDAO(7184) - INFO - <BUILDID=N/A, WORKER=HW, WRKID=92, JOBID=1011> Model insert attempt failed with DUP_ENTRY: jobID=1011; paramsHash=b83e94a3acb214f3fdd3aee92e9fbdb5 OR particleHash=9acb94238c4704e6e0f0e872f732f7f8; IntegrityError(1062, u"Duplicate entry '1011-\\xB8>\\x94\\xA3\\xAC\\xB2\\x14\\xF3\\xFD\\xD3\\xAE\\xE9.\\x9F\\xBD\\xB5' for key 'job_id'")
2014-12-27 10:26:20,260 - com.numenta.nupic.swarming.HypersearchWorker(7184) - INFO - <BUILDID=N/A, WORKER=HW, WRKID=92, JOBID=1011> Adding model 1588 to our internal DB because modelInsertAndStart() failed to insert it: paramsHash=b83e94a3acb214f3fdd3aee92e9fbdb5, particleHash=2edf92a8da4756c61263de73974fd73b, particleId='90.0.0'
2014-12-27 10:26:20,272 - com.numenta.nupic.database.ClientJobsDAO.ClientJobsDAO(7184) - INFO - <BUILDID=N/A, WORKER=HW, WRKID=92, JOBID=1011> Model insert attempt failed with DUP_ENTRY: jobID=1011; paramsHash=b83e94a3acb214f3fdd3aee92e9fbdb5 OR particleHash=8050fe514e81b33fff043e7c4a8dc597; IntegrityError(1062, u"Duplicate entry '1011-\\xB8>\\x94\\xA3\\xAC\\xB2\\x14\\xF3\\xFD\\xD3\\xAE\\xE9.\\x9F\\xBD\\xB5' for key 'job_id'")
2014-12-27 10:26:20,274 - com.numenta.nupic.swarming.HypersearchWorker(7184) - INFO - <BUILDID=N/A, WORKER=HW, WRKID=92, JOBID=1011> Adding model 1588 to our internal DB because modelInsertAndStart() failed to insert it: paramsHash=b83e94a3acb214f3fdd3aee92e9fbdb5, particleHash=2edf92a8da4756c61263de73974fd73b, particleId='90.0.0'
2014-12-27 10:26:20,294 - com.numenta.nupic.database.ClientJobsDAO.ClientJobsDAO(7184) - INFO - <BUILDID=N/A, WORKER=HW, WRKID=92, JOBID=1011> Model insert attempt failed with DUP_ENTRY: jobID=1011; paramsHash=b83e94a3acb214f3fdd3aee92e9fbdb5 OR particleHash=8b045cd074e55b044ee5d82151610e88; IntegrityError(1062, u"Duplicate entry '1011-\\xB8>\\x94\\xA3\\xAC\\xB2\\x14\\xF3\\xFD\\xD3\\xAE\\xE9.\\x9F\\xBD\\xB5' for key 'job_id'")
2014-12-27 10:26:20,298 - com.numenta.nupic.swarming.HypersearchWorker(7184) - INFO - <BUILDID=N/A, WORKER=HW, WRKID=92, JOBID=1011> Adding model 1588 to our internal DB because modelInsertAndStart() failed to insert it: paramsHash=b83e94a3acb214f3fdd3aee92e9fbdb5, particleHash=2edf92a8da4756c61263de73974fd73b, particleId='90.0.0'
2014-12-27 10:26:20,309 - com.numenta.nupic.database.ClientJobsDAO.ClientJobsDAO(7184) - INFO - <BUILDID=N/A, WORKER=HW, WRKID=92, JOBID=1011> Model insert attempt failed with DUP_ENTRY: jobID=1011; paramsHash=b83e94a3acb214f3fdd3aee92e9fbdb5 OR particleHash=ab7cd5d8aa5b43676f4fced48fcc59d7; IntegrityError(1062, u"Duplicate entry '1011-\\xB8>\\x94\\xA3\\xAC\\xB2\\x14\\xF3\\xFD\\xD3\\xAE\\xE9.\\x9F\\xBD\\xB5' for key 'job_id'")
2014-12-27 10:26:20,313 - com.numenta.nupic.swarming.HypersearchWorker(7184) - INFO - <BUILDID=N/A, WORKER=HW, WRKID=92, JOBID=1011> Adding model 1588 to our internal DB because modelInsertAndStart() failed to insert it: paramsHash=b83e94a3acb214f3fdd3aee92e9fbdb5, particleHash=2edf92a8da4756c61263de73974fd73b, particleId='90.0.0'
2014-12-27 10:26:20,320 - com.numenta.nupic.database.ClientJobsDAO.ClientJobsDAO(7184) - INFO - <BUILDID=N/A, WORKER=HW, WRKID=92, JOBID=1011> Model insert attempt failed with DUP_ENTRY: jobID=1011; paramsHash=b83e94a3acb214f3fdd3aee92e9fbdb5 OR particleHash=bf9c20199921dc62a3f026951217f712; IntegrityError(1062, u"Duplicate entry '1011-\\xB8>\\x94\\xA3\\xAC\\xB2\\x14\\xF3\\xFD\\xD3\\xAE\\xE9.\\x9F\\xBD\\xB5' for key 'job_id'")
2014-12-27 10:26:20,329 - com.numenta.nupic.swarming.HypersearchWorker(7184) - INFO - <BUILDID=N/A, WORKER=HW, WRKID=92, JOBID=1011> Adding model 1588 to our internal DB because modelInsertAndStart() failed to insert it: paramsHash=b83e94a3acb214f3fdd3aee92e9fbdb5, particleHash=2edf92a8da4756c61263de73974fd73b, particleId='90.0.0'
2014-12-27 10:26:20,335 - com.numenta.nupic.database.ClientJobsDAO.ClientJobsDAO(7184) - INFO - <BUILDID=N/A, WORKER=HW, WRKID=92, JOBID=1011> Model insert attempt failed with DUP_ENTRY: jobID=1011; paramsHash=b83e94a3acb214f3fdd3aee92e9fbdb5 OR particleHash=837227cd98007f32f8ef8a851183dbb5; IntegrityError(1062, u"Duplicate entry '1011-\\xB8>\\x94\\xA3\\xAC\\xB2\\x14\\xF3\\xFD\\xD3\\xAE\\xE9.\\x9F\\xBD\\xB5' for key 'job_id'")
2014-12-27 10:26:20,340 - com.numenta.nupic.swarming.HypersearchWorker(7184) - INFO - <BUILDID=N/A, WORKER=HW, WRKID=92, JOBID=1011> Adding model 1588 to our internal DB because modelInsertAndStart() failed to insert it: paramsHash=b83e94a3acb214f3fdd3aee92e9fbdb5, particleHash=2edf92a8da4756c61263de73974fd73b, particleId='90.0.0'
2014-12-27 10:26:20,344 - com.numenta.nupic.database.ClientJobsDAO.ClientJobsDAO(7184) - INFO - <BUILDID=N/A, WORKER=HW, WRKID=92, JOBID=1011> Model insert attempt failed with DUP_ENTRY: jobID=1011; paramsHash=b83e94a3acb214f3fdd3aee92e9fbdb5 OR particleHash=623ebfb1e889846e518a25c01009db01; IntegrityError(1062, u"Duplicate entry '1011-\\xB8>\\x94\\xA3\\xAC\\xB2\\x14\\xF3\\xFD\\xD3\\xAE\\xE9.\\x9F\\xBD\\xB5' for key 'job_id'")
2014-12-27 10:26:20,348 - com.numenta.nupic.swarming.HypersearchWorker(7184) - INFO - <BUILDID=N/A, WORKER=HW, WRKID=92, JOBID=1011> Adding model 1588 to our internal DB because modelInsertAndStart() failed to insert it: paramsHash=b83e94a3acb214f3fdd3aee92e9fbdb5, particleHash=2edf92a8da4756c61263de73974fd73b, particleId='90.0.0'
2014-12-27 10:26:20,354 - com.numenta.nupic.swarming.HypersearchV2.HypersearchV2(7184) - INFO - <BUILDID=N/A, WORKER=HW, WRKID=92, JOBID=1011> Ready to end hyperseach, but not all models have matured yet. Sleeping a bit to wait for all models to mature.
2014-12-27 10:26:23,558 - com.numenta.nupic.swarming.HypersearchV2.HypersearchV2(7184) - ERROR - <BUILDID=N/A, WORKER=HW, WRKID=92, JOBID=1011> Exiting because some worker set the workerCompletionReason to error. WorkerCompletionMsg: E10001: ('The provided timestamp "2011-02-01 01:00:00" is malformed. The supported formats are: [%Y-%m-%d %H:%M:%S.%f, %Y-%m-%d %H:%M:%S:%f, %Y-%m-%d %H:%M:%S, %Y-%m-%d %H:%M, %Y-%m-%d, %m/%d/%Y %H:%M, %m/%d/%y %H:%M, %Y-%m-%dT%H:%M:%S.%fZ, %Y-%m-%dT%H:%M:%SZ, %Y-%m-%dT%H:%M:%S]',): Traceback (most recent call last):
  File "/home/pat/workspace/nupic/nupic/swarming/ModelRunner.py", line 346, in __runTaskMainLoop
    inputRecord = self._inputSource.getNextRecordDict()
  File "/home/pat/workspace/nupic/nupic/data/record_stream.py", line 75, in getNextRecordDict
    values = self.getNextRecord()
  File "/home/pat/workspace/nupic/nupic/data/stream_reader.py", line 327, in getNextRecord
    preAggValues = self._recordStore.getNextRecord()
  File "/home/pat/workspace/nupic/nupic/data/file_record_stream.py", line 374, in getNextRecord
    record.append(self._adapters[i](f))
  File "/home/pat/workspace/nupic/nupic/data/utils.py", line 60, in parseTimestamp
    'formats are: [%s]' % (s, ', '.join(DATETIME_FORMATS)))
ValueError: The provided timestamp "2011-02-01 01:00:00" is malformed. The supported formats are: [%Y-%m-%d %H:%M:%S.%f, %Y-%m-%d %H:%M:%S:%f, %Y-%m-%d %H:%M:%S, %Y-%m-%d %H:%M, %Y-%m-%d, %m/%d/%Y %H:%M, %m/%d/%y %H:%M, %Y-%m-%dT%H:%M:%S.%fZ, %Y-%m-%dT%H:%M:%SZ, %Y-%m-%dT%H:%M:%S]

2014-12-27 10:26:23,562 - com.numenta.nupic.swarming.HypersearchV2.HypersearchV2(7184) - INFO - <BUILDID=N/A, WORKER=HW, WRKID=92, JOBID=1011> Failed updating the field contributions, another hypersearch worker must have updated it
2014-12-27 10:26:23,563 - com.numenta.nupic.swarming.HypersearchWorker(7184) - INFO - <BUILDID=N/A, WORKER=HW, WRKID=92, JOBID=1011> FINISHED. Evaluated 0 models.
