2015-06-30 07:06:08,997 - com.numenta.nupic.swarming.HypersearchWorker(4963) - INFO - <BUILDID=N/A, WORKER=HS, WRKID=N/A, JOBID=N/A> Launched with command line arguments: ['--jobID=1027']
2015-06-30 07:06:08,998 - com.numenta.nupic.swarming.HypersearchWorker(4963) - INFO - <BUILDID=N/A, WORKER=HS, WRKID=N/A, JOBID=N/A> Connecting to the jobs database
2015-06-30 07:06:08,999 - com.numenta.nupic.database.Connection.ConnectionFactory(4963) - INFO - <BUILDID=N/A, WORKER=HS, WRKID=N/A, JOBID=N/A> Creating db connection policy via provider <bound method type._createDefaultPolicy of <class 'nupic.database.Connection.ConnectionFactory'>>
2015-06-30 07:06:09,017 - com.numenta.nupic.database.Connection.PooledConnectionPolicy(4963) - INFO - <BUILDID=N/A, WORKER=HS, WRKID=N/A, JOBID=N/A> Created PooledConnectionPolicy
2015-06-30 07:06:09,030 - com.numenta.nupic.database.ClientJobsDAO.ClientJobsDAO(4963) - INFO - <BUILDID=N/A, WORKER=HS, WRKID=N/A, JOBID=N/A> clientJobsConnectionID=49
2015-06-30 07:06:09,032 - com.numenta.nupic.swarming.HypersearchWorker(4963) - INFO - <BUILDID=N/A, WORKER=HW, WRKID=49, JOBID=1027> Job info retrieved: {'engModelMilestones': 'None', 'clientInfo': '', 'numFailedWorkers': '0', 'engJobType': 'hypersearch', 'results': 'None', 'jobId': '1027', 'completionMsg': 'None', 'cancel': '0', 'engWorkerState': 'None', 'workerCompletionMsg': 'None', 'jobHash': "'\xa47S\x1f1\x11\xe5\x97X\x08\x00'\x16\xdf\xd4", 'genBaseDescription': 'None', 'completionReason': 'None', 'priority': '0', 'cmdLine': '$HYPERSEARCH', 'params': '{"hsVersion": "v2", "maxModels": null, "persistentJobGUID": "27a...', 'workerCompletionReason': 'success', 'engAllocateNewWorkers': '1', 'lastFailedWorkerErrorMsg': 'None', 'engUntendedDeadWorkers': '0', 'engLastUpdateTime': '2015-06-30 14:06:08', 'status': 'notStarted', 'engStatus': 'None', 'startTime': 'None', 'minimumWorkers': '1', 'endTime': 'None', 'engCjmConnId': 'None', 'genPermutations': 'None', 'client': 'GRP', 'engCleaningStatus': 'notdone', 'clientKey': '', 'maximumWorkers': '4'}
2015-06-30 07:06:09,034 - com.numenta.nupic.swarming.HypersearchV2.HypersearchV2(4963) - INFO - <BUILDID=N/A, WORKER=HW, WRKID=49, JOBID=1027> searchParams: 
{u'description': {u'includedFields': [{u'fieldName': 'timestamp',
                                       u'fieldType': 'datetime'},
                                      {u'fieldName': 'temp',
                                       u'fieldType': 'float',
                                       u'maxValue': '34.0',
                                       u'minValue': '6.0'},
                                      {u'fieldName': 'dewpt',
                                       u'fieldType': 'float',
                                       u'maxValue': '22.0',
                                       u'minValue': '-22.0'},
                                      {u'fieldName': 'wind',
                                       u'fieldType': 'float',
                                       u'maxValue': '14.0',
                                       u'minValue': '0.0'},
                                      {u'fieldName': 'is_daylight',
                                       u'fieldType': 'int',
                                       u'maxValue': '1',
                                       u'minValue': '0'},
                                      {u'fieldName': 'elapsed',
                                       u'fieldType': 'int',
                                       u'maxValue': '86400',
                                       u'minValue': '0'},
                                      {u'fieldName': 'kwh',
                                       u'fieldType': 'float',
                                       u'maxValue': '5.18',
                                       u'minValue': '0.0'}],
                  u'inferenceArgs': {u'predictedField': 'kwh',
                                     u'predictionSteps': ['1']},
                  u'inferenceType': 'TemporalMultiStep',
                  u'iterationCount': '-1',
                  u'streamDef': {u'info': 'kw_energy_consumption',
                                 u'streams': [{u'columns': ['*'],
                                               u'info': 'San Diego',
                                               u'source': 'file://sd_weather.csv'}],
                                 u'version': '1'},
                  u'swarmSize': 'medium'},
 u'hsVersion': 'v2',
 u'maxModels': 'None',
 u'persistentJobGUID': '27a43752-1f31-11e5-9758-08002716dfd4',
 u'useTerminators': 'False'}
2015-06-30 07:06:09,200 - com.numenta.nupic.swarming.HypersearchV2.HypersearchV2(4963) - INFO - <BUILDID=N/A, WORKER=HW, WRKID=49, JOBID=1027> Active swarms changed to [u'modelParams|sensorParams|encoders|dewpt', u'modelParams|sensorParams|encoders|wind', u'modelParams|sensorParams|encoders|is_daylight', u'modelParams|sensorParams|encoders|elapsed', u'modelParams|sensorParams|encoders|kwh', u'modelParams|sensorParams|encoders|timestamp_timeOfDay', u'modelParams|sensorParams|encoders|timestamp_dayOfWeek', u'modelParams|sensorParams|encoders|temp', u'modelParams|sensorParams|encoders|timestamp_weekend'] (from None)
2015-06-30 07:06:09,271 - com.numenta.nupic.swarming.HypersearchWorker(4963) - INFO - <BUILDID=N/A, WORKER=HW, WRKID=49, JOBID=1027> RUNNING MODEL GID=3047, paramsHash=bea41b9861111caad55dd55b43b8d808, params={'particleState': {'varStates': {'modelParams|clParams|alpha': {'bestResult': None, 'position': 0.050050000000000004, 'bestPosition': 0.050050000000000004, '_position': 0.050050000000000004, 'velocity': 0.01998}, 'modelParams|tpParams|minThreshold': {'bestResult': None, 'position': 11, 'bestPosition': 11, '_position': 10.5, 'velocity': 0.6}, 'modelParams|tpParams|activationThreshold': {'bestResult': None, 'position': 14, 'bestPosition': 14, '_position': 14.0, 'velocity': 0.8}, 'modelParams|tpParams|pamLength': {'bestResult': None, 'position': 3, 'bestPosition': 3, '_position': 3.0, 'velocity': 0.8}, 'modelParams|sensorParams|encoders|_classifierInput|n': {'bestResult': None, 'position': 275, 'bestPosition': 275, '_position': 274.5, 'velocity': 98.6}, 'modelParams|spParams|synPermInactiveDec': {'bestResult': None, 'position': 0.05015, 'bestPosition': 0.05015, '_position': 0.05015, 'velocity': 0.019940000000000003}, u'modelParams|sensorParams|encoders|dewpt:n': {'bestResult': None, 'position': 272, 'bestPosition': 272, '_position': 271.5, 'velocity': 99.8}}, 'genIdx': 0, 'swarmId': u'modelParams|sensorParams|encoders|dewpt', 'id': '49.0'}, 'structuredParams': {'aggregationInfo': {'seconds': 0, 'fields': [], 'months': 0, 'days': 0, 'years': 0, 'hours': 0, 'microseconds': 0, 'weeks': 0, 'minutes': 0, 'milliseconds': 0}, 'modelParams': {'sensorParams': {'encoders': {'_classifierInput': {'maxval': 5.18, 'classifierOnly': True, 'minval': 0.0, 'clipInput': True, 'n': 275, 'fieldname': 'kwh', 'w': 21, 'type': 'ScalarEncoder'}, u'temp': None, u'kwh': None, u'dewpt': {'maxval': 22.0, 'name': 'dewpt', 'clipInput': True, 'minval': -22.0, 'n': 272, 'fieldname': 'dewpt', 'w': 21, 'type': 'ScalarEncoder'}, u'elapsed': None, u'timestamp_timeOfDay': None, u'is_daylight': None, u'timestamp_dayOfWeek': None, u'wind': None, u'timestamp_weekend': None}}, 'spParams': {'synPermInactiveDec': 0.05015}, 'tpParams': {'minThreshold': 11, 'activationThreshold': 14, 'pamLength': 3}, 'clParams': {'alpha': 0.050050000000000004}}}}
2015-06-30 07:06:09,284 - com.numenta.nupic.hypersearch.utils(4963) - INFO - <BUILDID=N/A, WORKER=HW, WRKID=49, JOBID=1027> Using experiment directory: /tmp/tmphO9mea
2015-06-30 07:06:09,349 - com.numenta.nupic.hypersearch.utils(4963) - ERROR - <BUILDID=N/A, WORKER=HW, WRKID=49, JOBID=1027> Exception occurred while running model 3047: Exception(u'Unable to locate: sd_weather.csv using NTA_DATA_PATH of ',) (<type 'exceptions.Exception'>)
Traceback (most recent call last):
  File "/home/pat/workspace/nupic/nupic/swarming/utils.py", line 430, in runModelGivenBaseAndParams
    (completionReason, completionMsg) = runner.run()
  File "/home/pat/workspace/nupic/nupic/swarming/ModelRunner.py", line 237, in run
    maxTimeout=readTimeout)
  File "/home/pat/workspace/nupic/nupic/data/stream_reader.py", line 210, in __init__
    self._openStream(dataUrl, isBlocking, maxTimeout, bookmark, firstRecordIdx)
  File "/home/pat/workspace/nupic/nupic/data/stream_reader.py", line 294, in _openStream
    self._recordStoreName = findDataset(dataUrl[len(FILE_PREF):])
  File "/home/pat/workspace/nupic/nupic/data/datasethelpers.py", line 79, in findDataset
    (datasetPath, os.environ.get('NTA_DATA_PATH', '')))
Exception: Unable to locate: sd_weather.csv using NTA_DATA_PATH of 

2015-06-30 07:06:09,353 - com.numenta.nupic.swarming.HypersearchWorker(4963) - INFO - <BUILDID=N/A, WORKER=HW, WRKID=49, JOBID=1027> COMPLETED MODEL GID=3047; EVALUATED 1 MODELs
2015-06-30 07:06:09,457 - com.numenta.nupic.swarming.HypersearchWorker(4963) - INFO - <BUILDID=N/A, WORKER=HW, WRKID=49, JOBID=1027> RUNNING MODEL GID=3076, paramsHash=9524ba6ff16f4a9e2a8a2e5ac3ba3e68, params={'particleState': {'varStates': {'modelParams|clParams|alpha': {'bestResult': None, 'position': 0.050050000000000004, 'bestPosition': 0.050050000000000004, '_position': 0.050050000000000004, 'velocity': 0.01998}, 'modelParams|tpParams|minThreshold': {'bestResult': None, 'position': 11, 'bestPosition': 11, '_position': 10.5, 'velocity': 0.6}, 'modelParams|tpParams|activationThreshold': {'bestResult': None, 'position': 14, 'bestPosition': 14, '_position': 14.0, 'velocity': 0.8}, u'modelParams|sensorParams|encoders|elapsed:n': {'bestResult': None, 'position': 272, 'bestPosition': 272, '_position': 271.5, 'velocity': 99.8}, 'modelParams|sensorParams|encoders|_classifierInput|n': {'bestResult': None, 'position': 275, 'bestPosition': 275, '_position': 274.5, 'velocity': 98.6}, 'modelParams|spParams|synPermInactiveDec': {'bestResult': None, 'position': 0.05015, 'bestPosition': 0.05015, '_position': 0.05015, 'velocity': 0.019940000000000003}, 'modelParams|tpParams|pamLength': {'bestResult': None, 'position': 3, 'bestPosition': 3, '_position': 3.0, 'velocity': 0.8}}, 'genIdx': 0, 'swarmId': u'modelParams|sensorParams|encoders|elapsed', 'id': '49.10'}, 'structuredParams': {'aggregationInfo': {'seconds': 0, 'fields': [], 'months': 0, 'days': 0, 'years': 0, 'hours': 0, 'microseconds': 0, 'weeks': 0, 'minutes': 0, 'milliseconds': 0}, 'modelParams': {'sensorParams': {'encoders': {'_classifierInput': {'maxval': 5.18, 'classifierOnly': True, 'minval': 0.0, 'clipInput': True, 'n': 275, 'fieldname': 'kwh', 'w': 21, 'type': 'ScalarEncoder'}, u'temp': None, u'kwh': None, u'dewpt': None, u'elapsed': {'maxval': 86400, 'name': 'elapsed', 'clipInput': True, 'minval': 0, 'n': 272, 'fieldname': 'elapsed', 'w': 21, 'type': 'ScalarEncoder'}, u'timestamp_timeOfDay': None, u'is_daylight': None, u'timestamp_dayOfWeek': None, u'wind': None, u'timestamp_weekend': None}}, 'spParams': {'synPermInactiveDec': 0.05015}, 'tpParams': {'minThreshold': 11, 'activationThreshold': 14, 'pamLength': 3}, 'clParams': {'alpha': 0.050050000000000004}}}}
2015-06-30 07:06:09,458 - com.numenta.nupic.hypersearch.utils(4963) - INFO - <BUILDID=N/A, WORKER=HW, WRKID=49, JOBID=1027> Using experiment directory: /tmp/tmpRH8lLk
2015-06-30 07:06:09,513 - com.numenta.nupic.hypersearch.utils(4963) - ERROR - <BUILDID=N/A, WORKER=HW, WRKID=49, JOBID=1027> Exception occurred while running model 3076: Exception(u'Unable to locate: sd_weather.csv using NTA_DATA_PATH of ',) (<type 'exceptions.Exception'>)
Traceback (most recent call last):
  File "/home/pat/workspace/nupic/nupic/swarming/utils.py", line 430, in runModelGivenBaseAndParams
    (completionReason, completionMsg) = runner.run()
  File "/home/pat/workspace/nupic/nupic/swarming/ModelRunner.py", line 237, in run
    maxTimeout=readTimeout)
  File "/home/pat/workspace/nupic/nupic/data/stream_reader.py", line 210, in __init__
    self._openStream(dataUrl, isBlocking, maxTimeout, bookmark, firstRecordIdx)
  File "/home/pat/workspace/nupic/nupic/data/stream_reader.py", line 294, in _openStream
    self._recordStoreName = findDataset(dataUrl[len(FILE_PREF):])
  File "/home/pat/workspace/nupic/nupic/data/datasethelpers.py", line 79, in findDataset
    (datasetPath, os.environ.get('NTA_DATA_PATH', '')))
Exception: Unable to locate: sd_weather.csv using NTA_DATA_PATH of 

2015-06-30 07:06:09,517 - com.numenta.nupic.swarming.HypersearchWorker(4963) - INFO - <BUILDID=N/A, WORKER=HW, WRKID=49, JOBID=1027> COMPLETED MODEL GID=3076; EVALUATED 2 MODELs
2015-06-30 07:06:09,609 - com.numenta.nupic.swarming.HypersearchWorker(4963) - INFO - <BUILDID=N/A, WORKER=HW, WRKID=49, JOBID=1027> RUNNING MODEL GID=3081, paramsHash=b5390a92be3bdf6d082b7fe9a65220f2, params={'particleState': {'varStates': {'modelParams|clParams|alpha': {'bestResult': None, 'position': 0.050050000000000004, 'bestPosition': 0.050050000000000004, '_position': 0.050050000000000004, 'velocity': 0.01998}, 'modelParams|tpParams|minThreshold': {'bestResult': None, 'position': 11, 'bestPosition': 11, '_position': 10.5, 'velocity': 0.6}, 'modelParams|tpParams|activationThreshold': {'bestResult': None, 'position': 14, 'bestPosition': 14, '_position': 14.0, 'velocity': 0.8}, u'modelParams|sensorParams|encoders|is_daylight:n': {'bestResult': None, 'position': 272, 'bestPosition': 272, '_position': 271.5, 'velocity': 99.8}, 'modelParams|tpParams|pamLength': {'bestResult': None, 'position': 3, 'bestPosition': 3, '_position': 3.0, 'velocity': 0.8}, 'modelParams|sensorParams|encoders|_classifierInput|n': {'bestResult': None, 'position': 275, 'bestPosition': 275, '_position': 274.5, 'velocity': 98.6}, 'modelParams|spParams|synPermInactiveDec': {'bestResult': None, 'position': 0.05015, 'bestPosition': 0.05015, '_position': 0.05015, 'velocity': 0.019940000000000003}}, 'genIdx': 0, 'swarmId': u'modelParams|sensorParams|encoders|is_daylight', 'id': '49.20'}, 'structuredParams': {'aggregationInfo': {'seconds': 0, 'fields': [], 'months': 0, 'days': 0, 'years': 0, 'hours': 0, 'microseconds': 0, 'weeks': 0, 'minutes': 0, 'milliseconds': 0}, 'modelParams': {'sensorParams': {'encoders': {'_classifierInput': {'maxval': 5.18, 'classifierOnly': True, 'minval': 0.0, 'clipInput': True, 'n': 275, 'fieldname': 'kwh', 'w': 21, 'type': 'ScalarEncoder'}, u'temp': None, u'kwh': None, u'dewpt': None, u'elapsed': None, u'timestamp_timeOfDay': None, u'is_daylight': {'maxval': 1, 'name': 'is_daylight', 'clipInput': True, 'minval': 0, 'n': 272, 'fieldname': 'is_daylight', 'w': 21, 'type': 'ScalarEncoder'}, u'timestamp_dayOfWeek': None, u'wind': None, u'timestamp_weekend': None}}, 'spParams': {'synPermInactiveDec': 0.05015}, 'tpParams': {'minThreshold': 11, 'activationThreshold': 14, 'pamLength': 3}, 'clParams': {'alpha': 0.050050000000000004}}}}
2015-06-30 07:06:09,609 - com.numenta.nupic.hypersearch.utils(4963) - INFO - <BUILDID=N/A, WORKER=HW, WRKID=49, JOBID=1027> Using experiment directory: /tmp/tmpHnHi2x
2015-06-30 07:06:09,626 - com.numenta.nupic.hypersearch.utils(4963) - ERROR - <BUILDID=N/A, WORKER=HW, WRKID=49, JOBID=1027> Exception occurred while running model 3081: Exception(u'Unable to locate: sd_weather.csv using NTA_DATA_PATH of ',) (<type 'exceptions.Exception'>)
Traceback (most recent call last):
  File "/home/pat/workspace/nupic/nupic/swarming/utils.py", line 430, in runModelGivenBaseAndParams
    (completionReason, completionMsg) = runner.run()
  File "/home/pat/workspace/nupic/nupic/swarming/ModelRunner.py", line 237, in run
    maxTimeout=readTimeout)
  File "/home/pat/workspace/nupic/nupic/data/stream_reader.py", line 210, in __init__
    self._openStream(dataUrl, isBlocking, maxTimeout, bookmark, firstRecordIdx)
  File "/home/pat/workspace/nupic/nupic/data/stream_reader.py", line 294, in _openStream
    self._recordStoreName = findDataset(dataUrl[len(FILE_PREF):])
  File "/home/pat/workspace/nupic/nupic/data/datasethelpers.py", line 79, in findDataset
    (datasetPath, os.environ.get('NTA_DATA_PATH', '')))
Exception: Unable to locate: sd_weather.csv using NTA_DATA_PATH of 

2015-06-30 07:06:09,630 - com.numenta.nupic.swarming.HypersearchWorker(4963) - INFO - <BUILDID=N/A, WORKER=HW, WRKID=49, JOBID=1027> COMPLETED MODEL GID=3081; EVALUATED 3 MODELs
2015-06-30 07:06:09,689 - com.numenta.nupic.swarming.HypersearchWorker(4963) - INFO - <BUILDID=N/A, WORKER=HW, WRKID=49, JOBID=1027> RUNNING MODEL GID=3100, paramsHash=3c482fa815a7992cf7f51b219ab8a61e, params={'particleState': {'varStates': {'modelParams|clParams|alpha': {'bestResult': None, 'position': 0.050050000000000004, 'bestPosition': 0.050050000000000004, '_position': 0.050050000000000004, 'velocity': 0.01998}, 'modelParams|tpParams|minThreshold': {'bestResult': None, 'position': 11, 'bestPosition': 11, '_position': 10.5, 'velocity': 0.6}, 'modelParams|tpParams|activationThreshold': {'bestResult': None, 'position': 14, 'bestPosition': 14, '_position': 14.0, 'velocity': 0.8}, u'modelParams|sensorParams|encoders|kwh:n': {'bestResult': None, 'position': 272, 'bestPosition': 272, '_position': 271.5, 'velocity': 99.8}, 'modelParams|tpParams|pamLength': {'bestResult': None, 'position': 3, 'bestPosition': 3, '_position': 3.0, 'velocity': 0.8}, 'modelParams|sensorParams|encoders|_classifierInput|n': {'bestResult': None, 'position': 275, 'bestPosition': 275, '_position': 274.5, 'velocity': 98.6}, 'modelParams|spParams|synPermInactiveDec': {'bestResult': None, 'position': 0.05015, 'bestPosition': 0.05015, '_position': 0.05015, 'velocity': 0.019940000000000003}}, 'genIdx': 0, 'swarmId': u'modelParams|sensorParams|encoders|kwh', 'id': '49.30'}, 'structuredParams': {'aggregationInfo': {'seconds': 0, 'fields': [], 'months': 0, 'days': 0, 'years': 0, 'hours': 0, 'microseconds': 0, 'weeks': 0, 'minutes': 0, 'milliseconds': 0}, 'modelParams': {'sensorParams': {'encoders': {'_classifierInput': {'maxval': 5.18, 'classifierOnly': True, 'minval': 0.0, 'clipInput': True, 'n': 275, 'fieldname': 'kwh', 'w': 21, 'type': 'ScalarEncoder'}, u'temp': None, u'kwh': {'maxval': 5.18, 'name': 'kwh', 'clipInput': True, 'minval': 0.0, 'n': 272, 'fieldname': 'kwh', 'w': 21, 'type': 'ScalarEncoder'}, u'dewpt': None, u'elapsed': None, u'timestamp_timeOfDay': None, u'is_daylight': None, u'timestamp_dayOfWeek': None, u'wind': None, u'timestamp_weekend': None}}, 'spParams': {'synPermInactiveDec': 0.05015}, 'tpParams': {'minThreshold': 11, 'activationThreshold': 14, 'pamLength': 3}, 'clParams': {'alpha': 0.050050000000000004}}}}
2015-06-30 07:06:09,690 - com.numenta.nupic.hypersearch.utils(4963) - INFO - <BUILDID=N/A, WORKER=HW, WRKID=49, JOBID=1027> Using experiment directory: /tmp/tmpwFsiGA
2015-06-30 07:06:09,707 - com.numenta.nupic.hypersearch.utils(4963) - ERROR - <BUILDID=N/A, WORKER=HW, WRKID=49, JOBID=1027> Exception occurred while running model 3100: Exception(u'Unable to locate: sd_weather.csv using NTA_DATA_PATH of ',) (<type 'exceptions.Exception'>)
Traceback (most recent call last):
  File "/home/pat/workspace/nupic/nupic/swarming/utils.py", line 430, in runModelGivenBaseAndParams
    (completionReason, completionMsg) = runner.run()
  File "/home/pat/workspace/nupic/nupic/swarming/ModelRunner.py", line 237, in run
    maxTimeout=readTimeout)
  File "/home/pat/workspace/nupic/nupic/data/stream_reader.py", line 210, in __init__
    self._openStream(dataUrl, isBlocking, maxTimeout, bookmark, firstRecordIdx)
  File "/home/pat/workspace/nupic/nupic/data/stream_reader.py", line 294, in _openStream
    self._recordStoreName = findDataset(dataUrl[len(FILE_PREF):])
  File "/home/pat/workspace/nupic/nupic/data/datasethelpers.py", line 79, in findDataset
    (datasetPath, os.environ.get('NTA_DATA_PATH', '')))
Exception: Unable to locate: sd_weather.csv using NTA_DATA_PATH of 

2015-06-30 07:06:09,716 - com.numenta.nupic.swarming.HypersearchWorker(4963) - INFO - <BUILDID=N/A, WORKER=HW, WRKID=49, JOBID=1027> COMPLETED MODEL GID=3100; EVALUATED 4 MODELs
2015-06-30 07:06:09,843 - com.numenta.nupic.database.ClientJobsDAO.ClientJobsDAO(4963) - INFO - <BUILDID=N/A, WORKER=HW, WRKID=49, JOBID=1027> Model insert attempt failed with DUP_ENTRY: jobID=1027; paramsHash=1989cdfd90b2e1af3c94a2f31f8207af OR particleHash=a61d289b3a559c48b17b8b2e9c5b42df; IntegrityError(1062, u"Duplicate entry '1027-\\x19\\x89\\xCD\\xFD\\x90\\xB2\\xE1\\xAF<\\x94\\xA2\\xF3\\x1F\\x82\\x07\\x' for key 'job_id'")
2015-06-30 07:06:09,849 - com.numenta.nupic.swarming.HypersearchWorker(4963) - INFO - <BUILDID=N/A, WORKER=HW, WRKID=49, JOBID=1027> Adding model 3111 to our internal DB because modelInsertAndStart() failed to insert it: paramsHash=1989cdfd90b2e1af3c94a2f31f8207af, particleHash=254d11fff8e3a193db09d13c7e26adb2, particleId='47.20.0'
2015-06-30 07:06:09,853 - com.numenta.nupic.database.ClientJobsDAO.ClientJobsDAO(4963) - INFO - <BUILDID=N/A, WORKER=HW, WRKID=49, JOBID=1027> Model insert attempt failed with DUP_ENTRY: jobID=1027; paramsHash=1989cdfd90b2e1af3c94a2f31f8207af OR particleHash=741be73ab51285ecd05d7300657f39bf; IntegrityError(1062, u"Duplicate entry '1027-\\x19\\x89\\xCD\\xFD\\x90\\xB2\\xE1\\xAF<\\x94\\xA2\\xF3\\x1F\\x82\\x07\\x' for key 'job_id'")
2015-06-30 07:06:09,858 - com.numenta.nupic.swarming.HypersearchWorker(4963) - INFO - <BUILDID=N/A, WORKER=HW, WRKID=49, JOBID=1027> Adding model 3111 to our internal DB because modelInsertAndStart() failed to insert it: paramsHash=1989cdfd90b2e1af3c94a2f31f8207af, particleHash=254d11fff8e3a193db09d13c7e26adb2, particleId='47.20.0'
2015-06-30 07:06:09,861 - com.numenta.nupic.database.ClientJobsDAO.ClientJobsDAO(4963) - INFO - <BUILDID=N/A, WORKER=HW, WRKID=49, JOBID=1027> Model insert attempt failed with DUP_ENTRY: jobID=1027; paramsHash=1989cdfd90b2e1af3c94a2f31f8207af OR particleHash=2fd125d511476e76c72473126dfa0073; IntegrityError(1062, u"Duplicate entry '1027-\\x19\\x89\\xCD\\xFD\\x90\\xB2\\xE1\\xAF<\\x94\\xA2\\xF3\\x1F\\x82\\x07\\x' for key 'job_id'")
2015-06-30 07:06:09,865 - com.numenta.nupic.swarming.HypersearchWorker(4963) - INFO - <BUILDID=N/A, WORKER=HW, WRKID=49, JOBID=1027> Adding model 3111 to our internal DB because modelInsertAndStart() failed to insert it: paramsHash=1989cdfd90b2e1af3c94a2f31f8207af, particleHash=254d11fff8e3a193db09d13c7e26adb2, particleId='47.20.0'
2015-06-30 07:06:09,873 - com.numenta.nupic.database.ClientJobsDAO.ClientJobsDAO(4963) - INFO - <BUILDID=N/A, WORKER=HW, WRKID=49, JOBID=1027> Model insert attempt failed with DUP_ENTRY: jobID=1027; paramsHash=1989cdfd90b2e1af3c94a2f31f8207af OR particleHash=4a08d9ddd99acf1c1fa740bf2c31c364; IntegrityError(1062, u"Duplicate entry '1027-\\x19\\x89\\xCD\\xFD\\x90\\xB2\\xE1\\xAF<\\x94\\xA2\\xF3\\x1F\\x82\\x07\\x' for key 'job_id'")
2015-06-30 07:06:09,877 - com.numenta.nupic.swarming.HypersearchWorker(4963) - INFO - <BUILDID=N/A, WORKER=HW, WRKID=49, JOBID=1027> Adding model 3111 to our internal DB because modelInsertAndStart() failed to insert it: paramsHash=1989cdfd90b2e1af3c94a2f31f8207af, particleHash=254d11fff8e3a193db09d13c7e26adb2, particleId='47.20.0'
2015-06-30 07:06:09,885 - com.numenta.nupic.database.ClientJobsDAO.ClientJobsDAO(4963) - INFO - <BUILDID=N/A, WORKER=HW, WRKID=49, JOBID=1027> Model insert attempt failed with DUP_ENTRY: jobID=1027; paramsHash=1989cdfd90b2e1af3c94a2f31f8207af OR particleHash=dc87f180b962bb9121d4f9131c5c73c1; IntegrityError(1062, u"Duplicate entry '1027-\\x19\\x89\\xCD\\xFD\\x90\\xB2\\xE1\\xAF<\\x94\\xA2\\xF3\\x1F\\x82\\x07\\x' for key 'job_id'")
2015-06-30 07:06:09,887 - com.numenta.nupic.swarming.HypersearchWorker(4963) - INFO - <BUILDID=N/A, WORKER=HW, WRKID=49, JOBID=1027> Adding model 3111 to our internal DB because modelInsertAndStart() failed to insert it: paramsHash=1989cdfd90b2e1af3c94a2f31f8207af, particleHash=254d11fff8e3a193db09d13c7e26adb2, particleId='47.20.0'
2015-06-30 07:06:09,890 - com.numenta.nupic.database.ClientJobsDAO.ClientJobsDAO(4963) - INFO - <BUILDID=N/A, WORKER=HW, WRKID=49, JOBID=1027> Model insert attempt failed with DUP_ENTRY: jobID=1027; paramsHash=1989cdfd90b2e1af3c94a2f31f8207af OR particleHash=a69d928932696c31758d6cf5ed959fb1; IntegrityError(1062, u"Duplicate entry '1027-\\x19\\x89\\xCD\\xFD\\x90\\xB2\\xE1\\xAF<\\x94\\xA2\\xF3\\x1F\\x82\\x07\\x' for key 'job_id'")
2015-06-30 07:06:09,903 - com.numenta.nupic.swarming.HypersearchWorker(4963) - INFO - <BUILDID=N/A, WORKER=HW, WRKID=49, JOBID=1027> Adding model 3111 to our internal DB because modelInsertAndStart() failed to insert it: paramsHash=1989cdfd90b2e1af3c94a2f31f8207af, particleHash=254d11fff8e3a193db09d13c7e26adb2, particleId='47.20.0'
2015-06-30 07:06:09,916 - com.numenta.nupic.database.ClientJobsDAO.ClientJobsDAO(4963) - INFO - <BUILDID=N/A, WORKER=HW, WRKID=49, JOBID=1027> Model insert attempt failed with DUP_ENTRY: jobID=1027; paramsHash=1989cdfd90b2e1af3c94a2f31f8207af OR particleHash=99837af817095ef57baf4b40963389cb; IntegrityError(1062, u"Duplicate entry '1027-\\x19\\x89\\xCD\\xFD\\x90\\xB2\\xE1\\xAF<\\x94\\xA2\\xF3\\x1F\\x82\\x07\\x' for key 'job_id'")
2015-06-30 07:06:09,925 - com.numenta.nupic.swarming.HypersearchWorker(4963) - INFO - <BUILDID=N/A, WORKER=HW, WRKID=49, JOBID=1027> Adding model 3111 to our internal DB because modelInsertAndStart() failed to insert it: paramsHash=1989cdfd90b2e1af3c94a2f31f8207af, particleHash=254d11fff8e3a193db09d13c7e26adb2, particleId='47.20.0'
2015-06-30 07:06:09,935 - com.numenta.nupic.database.ClientJobsDAO.ClientJobsDAO(4963) - INFO - <BUILDID=N/A, WORKER=HW, WRKID=49, JOBID=1027> Model insert attempt failed with DUP_ENTRY: jobID=1027; paramsHash=1989cdfd90b2e1af3c94a2f31f8207af OR particleHash=b3cf215c0de8296f9cc0fec1c3257014; IntegrityError(1062, u"Duplicate entry '1027-\\x19\\x89\\xCD\\xFD\\x90\\xB2\\xE1\\xAF<\\x94\\xA2\\xF3\\x1F\\x82\\x07\\x' for key 'job_id'")
2015-06-30 07:06:09,938 - com.numenta.nupic.swarming.HypersearchWorker(4963) - INFO - <BUILDID=N/A, WORKER=HW, WRKID=49, JOBID=1027> Adding model 3111 to our internal DB because modelInsertAndStart() failed to insert it: paramsHash=1989cdfd90b2e1af3c94a2f31f8207af, particleHash=254d11fff8e3a193db09d13c7e26adb2, particleId='47.20.0'
2015-06-30 07:06:09,952 - com.numenta.nupic.database.ClientJobsDAO.ClientJobsDAO(4963) - INFO - <BUILDID=N/A, WORKER=HW, WRKID=49, JOBID=1027> Model insert attempt failed with DUP_ENTRY: jobID=1027; paramsHash=1989cdfd90b2e1af3c94a2f31f8207af OR particleHash=bdbf2a67cc0f6c883d5bb6bda52dd352; IntegrityError(1062, u"Duplicate entry '1027-\\x19\\x89\\xCD\\xFD\\x90\\xB2\\xE1\\xAF<\\x94\\xA2\\xF3\\x1F\\x82\\x07\\x' for key 'job_id'")
2015-06-30 07:06:09,957 - com.numenta.nupic.swarming.HypersearchWorker(4963) - INFO - <BUILDID=N/A, WORKER=HW, WRKID=49, JOBID=1027> Adding model 3111 to our internal DB because modelInsertAndStart() failed to insert it: paramsHash=1989cdfd90b2e1af3c94a2f31f8207af, particleHash=254d11fff8e3a193db09d13c7e26adb2, particleId='47.20.0'
2015-06-30 07:06:09,962 - com.numenta.nupic.database.ClientJobsDAO.ClientJobsDAO(4963) - INFO - <BUILDID=N/A, WORKER=HW, WRKID=49, JOBID=1027> Model insert attempt failed with DUP_ENTRY: jobID=1027; paramsHash=1989cdfd90b2e1af3c94a2f31f8207af OR particleHash=5b6714b025c44c56c908f225aaa7e77d; IntegrityError(1062, u"Duplicate entry '1027-\\x19\\x89\\xCD\\xFD\\x90\\xB2\\xE1\\xAF<\\x94\\xA2\\xF3\\x1F\\x82\\x07\\x' for key 'job_id'")
2015-06-30 07:06:09,967 - com.numenta.nupic.swarming.HypersearchWorker(4963) - INFO - <BUILDID=N/A, WORKER=HW, WRKID=49, JOBID=1027> Adding model 3111 to our internal DB because modelInsertAndStart() failed to insert it: paramsHash=1989cdfd90b2e1af3c94a2f31f8207af, particleHash=254d11fff8e3a193db09d13c7e26adb2, particleId='47.20.0'
2015-06-30 07:06:10,047 - com.numenta.nupic.database.ClientJobsDAO.ClientJobsDAO(4963) - INFO - <BUILDID=N/A, WORKER=HW, WRKID=49, JOBID=1027> Model insert attempt failed with DUP_ENTRY: jobID=1027; paramsHash=185c3cca8bc56d02610330321eef6018 OR particleHash=14c6bfbc59377a0c8e48660ad1e1c10c; IntegrityError(1062, u"Duplicate entry '1027-\\x18\\<\\xCA\\x8B\\xC5m\\x02a\\x0302\\x1E\\xEF`\\x18' for key 'job_id'")
2015-06-30 07:06:10,050 - com.numenta.nupic.swarming.HypersearchWorker(4963) - INFO - <BUILDID=N/A, WORKER=HW, WRKID=49, JOBID=1027> Adding model 3138 to our internal DB because modelInsertAndStart() failed to insert it: paramsHash=185c3cca8bc56d02610330321eef6018, particleHash=ebe787afc71d3e0aa9d5458b1ac10d3b, particleId='47.30.0'
2015-06-30 07:06:10,056 - com.numenta.nupic.database.ClientJobsDAO.ClientJobsDAO(4963) - INFO - <BUILDID=N/A, WORKER=HW, WRKID=49, JOBID=1027> Model insert attempt failed with DUP_ENTRY: jobID=1027; paramsHash=185c3cca8bc56d02610330321eef6018 OR particleHash=4e0de8cea879bec643bc4fbe86824e1a; IntegrityError(1062, u"Duplicate entry '1027-\\x18\\<\\xCA\\x8B\\xC5m\\x02a\\x0302\\x1E\\xEF`\\x18' for key 'job_id'")
2015-06-30 07:06:10,061 - com.numenta.nupic.swarming.HypersearchWorker(4963) - INFO - <BUILDID=N/A, WORKER=HW, WRKID=49, JOBID=1027> Adding model 3138 to our internal DB because modelInsertAndStart() failed to insert it: paramsHash=185c3cca8bc56d02610330321eef6018, particleHash=ebe787afc71d3e0aa9d5458b1ac10d3b, particleId='47.30.0'
2015-06-30 07:06:10,090 - com.numenta.nupic.database.ClientJobsDAO.ClientJobsDAO(4963) - INFO - <BUILDID=N/A, WORKER=HW, WRKID=49, JOBID=1027> Model insert attempt failed with DUP_ENTRY: jobID=1027; paramsHash=185c3cca8bc56d02610330321eef6018 OR particleHash=d5bf408137aae8839892a0dd4eb3fbde; IntegrityError(1062, u"Duplicate entry '1027-\\x18\\<\\xCA\\x8B\\xC5m\\x02a\\x0302\\x1E\\xEF`\\x18' for key 'job_id'")
2015-06-30 07:06:10,093 - com.numenta.nupic.swarming.HypersearchWorker(4963) - INFO - <BUILDID=N/A, WORKER=HW, WRKID=49, JOBID=1027> Adding model 3138 to our internal DB because modelInsertAndStart() failed to insert it: paramsHash=185c3cca8bc56d02610330321eef6018, particleHash=ebe787afc71d3e0aa9d5458b1ac10d3b, particleId='47.30.0'
2015-06-30 07:06:10,113 - com.numenta.nupic.database.ClientJobsDAO.ClientJobsDAO(4963) - INFO - <BUILDID=N/A, WORKER=HW, WRKID=49, JOBID=1027> Model insert attempt failed with DUP_ENTRY: jobID=1027; paramsHash=185c3cca8bc56d02610330321eef6018 OR particleHash=71e9df40ccea3873c58727befa66a257; IntegrityError(1062, u"Duplicate entry '1027-\\x18\\<\\xCA\\x8B\\xC5m\\x02a\\x0302\\x1E\\xEF`\\x18' for key 'job_id'")
2015-06-30 07:06:10,119 - com.numenta.nupic.swarming.HypersearchWorker(4963) - INFO - <BUILDID=N/A, WORKER=HW, WRKID=49, JOBID=1027> Adding model 3138 to our internal DB because modelInsertAndStart() failed to insert it: paramsHash=185c3cca8bc56d02610330321eef6018, particleHash=ebe787afc71d3e0aa9d5458b1ac10d3b, particleId='47.30.0'
2015-06-30 07:06:10,124 - com.numenta.nupic.database.ClientJobsDAO.ClientJobsDAO(4963) - INFO - <BUILDID=N/A, WORKER=HW, WRKID=49, JOBID=1027> Model insert attempt failed with DUP_ENTRY: jobID=1027; paramsHash=185c3cca8bc56d02610330321eef6018 OR particleHash=15e8201377759371a7addeee9212c909; IntegrityError(1062, u"Duplicate entry '1027-\\x18\\<\\xCA\\x8B\\xC5m\\x02a\\x0302\\x1E\\xEF`\\x18' for key 'job_id'")
2015-06-30 07:06:10,128 - com.numenta.nupic.swarming.HypersearchWorker(4963) - INFO - <BUILDID=N/A, WORKER=HW, WRKID=49, JOBID=1027> Adding model 3138 to our internal DB because modelInsertAndStart() failed to insert it: paramsHash=185c3cca8bc56d02610330321eef6018, particleHash=ebe787afc71d3e0aa9d5458b1ac10d3b, particleId='47.30.0'
2015-06-30 07:06:10,133 - com.numenta.nupic.database.ClientJobsDAO.ClientJobsDAO(4963) - INFO - <BUILDID=N/A, WORKER=HW, WRKID=49, JOBID=1027> Model insert attempt failed with DUP_ENTRY: jobID=1027; paramsHash=185c3cca8bc56d02610330321eef6018 OR particleHash=a5f8979dc95d182a5e81f6a28e3581ab; IntegrityError(1062, u"Duplicate entry '1027-\\x18\\<\\xCA\\x8B\\xC5m\\x02a\\x0302\\x1E\\xEF`\\x18' for key 'job_id'")
2015-06-30 07:06:10,137 - com.numenta.nupic.swarming.HypersearchWorker(4963) - INFO - <BUILDID=N/A, WORKER=HW, WRKID=49, JOBID=1027> Adding model 3138 to our internal DB because modelInsertAndStart() failed to insert it: paramsHash=185c3cca8bc56d02610330321eef6018, particleHash=ebe787afc71d3e0aa9d5458b1ac10d3b, particleId='47.30.0'
2015-06-30 07:06:10,142 - com.numenta.nupic.database.ClientJobsDAO.ClientJobsDAO(4963) - INFO - <BUILDID=N/A, WORKER=HW, WRKID=49, JOBID=1027> Model insert attempt failed with DUP_ENTRY: jobID=1027; paramsHash=185c3cca8bc56d02610330321eef6018 OR particleHash=b8e2074d4807ff05b612afac40e56d6d; IntegrityError(1062, u"Duplicate entry '1027-\\x18\\<\\xCA\\x8B\\xC5m\\x02a\\x0302\\x1E\\xEF`\\x18' for key 'job_id'")
2015-06-30 07:06:10,145 - com.numenta.nupic.swarming.HypersearchWorker(4963) - INFO - <BUILDID=N/A, WORKER=HW, WRKID=49, JOBID=1027> Adding model 3138 to our internal DB because modelInsertAndStart() failed to insert it: paramsHash=185c3cca8bc56d02610330321eef6018, particleHash=ebe787afc71d3e0aa9d5458b1ac10d3b, particleId='47.30.0'
2015-06-30 07:06:10,149 - com.numenta.nupic.database.ClientJobsDAO.ClientJobsDAO(4963) - INFO - <BUILDID=N/A, WORKER=HW, WRKID=49, JOBID=1027> Model insert attempt failed with DUP_ENTRY: jobID=1027; paramsHash=185c3cca8bc56d02610330321eef6018 OR particleHash=4162a97c3cb0a6cf19a19d8bc4eac56b; IntegrityError(1062, u"Duplicate entry '1027-\\x18\\<\\xCA\\x8B\\xC5m\\x02a\\x0302\\x1E\\xEF`\\x18' for key 'job_id'")
2015-06-30 07:06:10,153 - com.numenta.nupic.swarming.HypersearchWorker(4963) - INFO - <BUILDID=N/A, WORKER=HW, WRKID=49, JOBID=1027> Adding model 3138 to our internal DB because modelInsertAndStart() failed to insert it: paramsHash=185c3cca8bc56d02610330321eef6018, particleHash=ebe787afc71d3e0aa9d5458b1ac10d3b, particleId='47.30.0'
2015-06-30 07:06:10,157 - com.numenta.nupic.database.ClientJobsDAO.ClientJobsDAO(4963) - INFO - <BUILDID=N/A, WORKER=HW, WRKID=49, JOBID=1027> Model insert attempt failed with DUP_ENTRY: jobID=1027; paramsHash=185c3cca8bc56d02610330321eef6018 OR particleHash=091bb61e760a683b15846580b300f1d7; IntegrityError(1062, u"Duplicate entry '1027-\\x18\\<\\xCA\\x8B\\xC5m\\x02a\\x0302\\x1E\\xEF`\\x18' for key 'job_id'")
2015-06-30 07:06:10,161 - com.numenta.nupic.swarming.HypersearchWorker(4963) - INFO - <BUILDID=N/A, WORKER=HW, WRKID=49, JOBID=1027> Adding model 3138 to our internal DB because modelInsertAndStart() failed to insert it: paramsHash=185c3cca8bc56d02610330321eef6018, particleHash=ebe787afc71d3e0aa9d5458b1ac10d3b, particleId='47.30.0'
2015-06-30 07:06:10,167 - com.numenta.nupic.database.ClientJobsDAO.ClientJobsDAO(4963) - INFO - <BUILDID=N/A, WORKER=HW, WRKID=49, JOBID=1027> Model insert attempt failed with DUP_ENTRY: jobID=1027; paramsHash=185c3cca8bc56d02610330321eef6018 OR particleHash=5decdabc4ab47d2afd4fbb0ef404d371; IntegrityError(1062, u"Duplicate entry '1027-\\x18\\<\\xCA\\x8B\\xC5m\\x02a\\x0302\\x1E\\xEF`\\x18' for key 'job_id'")
2015-06-30 07:06:10,172 - com.numenta.nupic.swarming.HypersearchWorker(4963) - INFO - <BUILDID=N/A, WORKER=HW, WRKID=49, JOBID=1027> Adding model 3138 to our internal DB because modelInsertAndStart() failed to insert it: paramsHash=185c3cca8bc56d02610330321eef6018, particleHash=ebe787afc71d3e0aa9d5458b1ac10d3b, particleId='47.30.0'
2015-06-30 07:06:10,178 - com.numenta.nupic.swarming.HypersearchV2.HypersearchV2(4963) - ERROR - <BUILDID=N/A, WORKER=HW, WRKID=49, JOBID=1027> Exiting because some worker set the workerCompletionReason to error. WorkerCompletionMsg: E10002: Exiting due to receiving too many models failing from exceptions (6 out of 6). 
Model Exception: Exception occurred while running model 3138: Exception(u'Unable to locate: sd_weather.csv using NTA_DATA_PATH of ',) (<type 'exceptions.Exception'>)
Traceback (most recent call last):
  File "/home/pat/workspace/nupic/nupic/swarming/utils.py", line 430, in runModelGivenBaseAndParams
    (completionReason, completionMsg) = runner.run()
  File "/home/pat/workspace/nupic/nupic/swarming/ModelRunner.py", line 237, in run
    maxTimeout=readTimeout)
  File "/home/pat/workspace/nupic/nupic/data/stream_reader.py", line 210, in __init__
    self._openStream(dataUrl, isBlocking, maxTimeout, bookmark, firstRecordIdx)
  File "/home/pat/workspace/nupic/nupic/data/stream_reader.py", line 294, in _openStream
    self._recordStoreName = findDataset(dataUrl[len(FILE_PREF):])
  File "/home/pat/workspace/nupic/nupic/data/datasethelpers.py", line 79, in findDataset
    (datasetPath, os.environ.get('NTA_DATA_PATH', '')))
Exception: Unable to locate: sd_weather.csv using NTA_DATA_PATH of 

2015-06-30 07:06:10,183 - com.numenta.nupic.swarming.HypersearchV2.HypersearchV2(4963) - INFO - <BUILDID=N/A, WORKER=HW, WRKID=49, JOBID=1027> Failed updating the field contributions, another hypersearch worker must have updated it
2015-06-30 07:06:10,183 - com.numenta.nupic.swarming.HypersearchWorker(4963) - INFO - <BUILDID=N/A, WORKER=HW, WRKID=49, JOBID=1027> FINISHED. Evaluated 4 models.
