2014-12-27 11:17:24,250 - com.numenta.nupic.swarming.HypersearchWorker(7478) - INFO - <BUILDID=N/A, WORKER=HS, WRKID=N/A, JOBID=N/A> Launched with command line arguments: ['--jobID=1016']
2014-12-27 11:17:24,251 - com.numenta.nupic.swarming.HypersearchWorker(7478) - INFO - <BUILDID=N/A, WORKER=HS, WRKID=N/A, JOBID=N/A> Connecting to the jobs database
2014-12-27 11:17:24,251 - com.numenta.nupic.database.Connection.ConnectionFactory(7478) - INFO - <BUILDID=N/A, WORKER=HS, WRKID=N/A, JOBID=N/A> Creating db connection policy via provider <bound method type._createDefaultPolicy of <class 'nupic.database.Connection.ConnectionFactory'>>
2014-12-27 11:17:24,270 - com.numenta.nupic.database.Connection.PooledConnectionPolicy(7478) - INFO - <BUILDID=N/A, WORKER=HS, WRKID=N/A, JOBID=N/A> Created PooledConnectionPolicy
2014-12-27 11:17:24,288 - com.numenta.nupic.database.ClientJobsDAO.ClientJobsDAO(7478) - INFO - <BUILDID=N/A, WORKER=HS, WRKID=N/A, JOBID=N/A> clientJobsConnectionID=117
2014-12-27 11:17:24,297 - com.numenta.nupic.swarming.HypersearchWorker(7478) - INFO - <BUILDID=N/A, WORKER=HW, WRKID=117, JOBID=1016> Job info retrieved: {'engModelMilestones': 'None', 'clientInfo': '', 'numFailedWorkers': '0', 'engJobType': 'hypersearch', 'results': 'None', 'jobId': '1016', 'completionMsg': 'None', 'cancel': '0', 'engWorkerState': 'None', 'workerCompletionMsg': 'None', 'jobHash': "\xfc\x9f\xbf\x7f\x8d\xfc\x11\xe4\x9c\x1f\x08\x00'\x16\xdf\xd4", 'genBaseDescription': 'None', 'completionReason': 'None', 'priority': '0', 'cmdLine': '$HYPERSEARCH', 'params': '{"hsVersion": "v2", "maxModels": null, "persistentJobGUID": "fc9...', 'workerCompletionReason': 'success', 'engAllocateNewWorkers': '1', 'lastFailedWorkerErrorMsg': 'None', 'engUntendedDeadWorkers': '0', 'engLastUpdateTime': '2014-12-27 19:17:23', 'status': 'notStarted', 'engStatus': 'None', 'startTime': 'None', 'minimumWorkers': '1', 'endTime': 'None', 'engCjmConnId': 'None', 'genPermutations': 'None', 'client': 'GRP', 'engCleaningStatus': 'notdone', 'clientKey': '', 'maximumWorkers': '4'}
2014-12-27 11:17:24,298 - com.numenta.nupic.swarming.HypersearchV2.HypersearchV2(7478) - INFO - <BUILDID=N/A, WORKER=HW, WRKID=117, JOBID=1016> searchParams: 
{u'description': {u'includedFields': [{u'fieldName': 'timestamp',
                                       u'fieldType': 'datetime'},
                                      {u'fieldName': 'kw_energy_consumption',
                                       u'fieldType': 'float',
                                       u'maxValue': '5.18',
                                       u'minValue': '0.0'}],
                  u'inferenceArgs': {u'predictedField': 'kw_energy_consumption',
                                     u'predictionSteps': ['1']},
                  u'inferenceType': 'TemporalMultiStep',
                  u'iterationCount': '-1',
                  u'streamDef': {u'info': 'kw_energy_consumption',
                                 u'streams': [{u'columns': ['*'],
                                               u'info': 'San Diego',
                                               u'source': 'file://sandiego.csv'}],
                                 u'version': '1'},
                  u'swarmSize': 'small'},
 u'hsVersion': 'v2',
 u'maxModels': 'None',
 u'persistentJobGUID': 'fc9fbf7e-8dfc-11e4-9c1f-08002716dfd4',
 u'useTerminators': 'False'}
2014-12-27 11:17:24,465 - com.numenta.nupic.swarming.HypersearchV2.HypersearchV2(7478) - INFO - <BUILDID=N/A, WORKER=HW, WRKID=117, JOBID=1016> Active swarms changed to [u'modelParams|sensorParams|encoders|kw_energy_consumption'] (from None)
2014-12-27 11:17:24,622 - com.numenta.nupic.database.ClientJobsDAO.ClientJobsDAO(7478) - INFO - <BUILDID=N/A, WORKER=HW, WRKID=117, JOBID=1016> Model insert attempt failed with DUP_ENTRY: jobID=1016; paramsHash=2006086f3fd241742205c6581012c02b OR particleHash=7d6f214f214351b8dc168efd8bae80ce; IntegrityError(1062, u'Duplicate entry \'1016- \\x06\\x08o?\\xD2At"\\x05\\xC6X\\x10\\x12\\xC0+\' for key \'job_id\'')
2014-12-27 11:17:24,631 - com.numenta.nupic.swarming.HypersearchWorker(7478) - INFO - <BUILDID=N/A, WORKER=HW, WRKID=117, JOBID=1016> Adding model 1648 to our internal DB because modelInsertAndStart() failed to insert it: paramsHash=2006086f3fd241742205c6581012c02b, particleHash=f0aa461cc1922c5b6fc9ca2766605035, particleId='118.0.0'
2014-12-27 11:17:24,636 - com.numenta.nupic.database.ClientJobsDAO.ClientJobsDAO(7478) - INFO - <BUILDID=N/A, WORKER=HW, WRKID=117, JOBID=1016> Model insert attempt failed with DUP_ENTRY: jobID=1016; paramsHash=2006086f3fd241742205c6581012c02b OR particleHash=c87a74219f051a4f8828bfff3224b7ca; IntegrityError(1062, u'Duplicate entry \'1016- \\x06\\x08o?\\xD2At"\\x05\\xC6X\\x10\\x12\\xC0+\' for key \'job_id\'')
2014-12-27 11:17:24,650 - com.numenta.nupic.swarming.HypersearchWorker(7478) - INFO - <BUILDID=N/A, WORKER=HW, WRKID=117, JOBID=1016> Adding model 1648 to our internal DB because modelInsertAndStart() failed to insert it: paramsHash=2006086f3fd241742205c6581012c02b, particleHash=f0aa461cc1922c5b6fc9ca2766605035, particleId='118.0.0'
2014-12-27 11:17:24,655 - com.numenta.nupic.database.ClientJobsDAO.ClientJobsDAO(7478) - INFO - <BUILDID=N/A, WORKER=HW, WRKID=117, JOBID=1016> Model insert attempt failed with DUP_ENTRY: jobID=1016; paramsHash=2006086f3fd241742205c6581012c02b OR particleHash=15a0870ff480019f0ffbba6fbe326bfb; IntegrityError(1062, u'Duplicate entry \'1016- \\x06\\x08o?\\xD2At"\\x05\\xC6X\\x10\\x12\\xC0+\' for key \'job_id\'')
2014-12-27 11:17:24,664 - com.numenta.nupic.swarming.HypersearchWorker(7478) - INFO - <BUILDID=N/A, WORKER=HW, WRKID=117, JOBID=1016> Adding model 1648 to our internal DB because modelInsertAndStart() failed to insert it: paramsHash=2006086f3fd241742205c6581012c02b, particleHash=f0aa461cc1922c5b6fc9ca2766605035, particleId='118.0.0'
2014-12-27 11:17:24,672 - com.numenta.nupic.database.ClientJobsDAO.ClientJobsDAO(7478) - INFO - <BUILDID=N/A, WORKER=HW, WRKID=117, JOBID=1016> Model insert attempt failed with DUP_ENTRY: jobID=1016; paramsHash=2006086f3fd241742205c6581012c02b OR particleHash=5b2202209bfa3ff18025e9dc3400a917; IntegrityError(1062, u'Duplicate entry \'1016- \\x06\\x08o?\\xD2At"\\x05\\xC6X\\x10\\x12\\xC0+\' for key \'job_id\'')
2014-12-27 11:17:24,688 - com.numenta.nupic.swarming.HypersearchWorker(7478) - INFO - <BUILDID=N/A, WORKER=HW, WRKID=117, JOBID=1016> Adding model 1648 to our internal DB because modelInsertAndStart() failed to insert it: paramsHash=2006086f3fd241742205c6581012c02b, particleHash=f0aa461cc1922c5b6fc9ca2766605035, particleId='118.0.0'
2014-12-27 11:17:24,695 - com.numenta.nupic.database.ClientJobsDAO.ClientJobsDAO(7478) - INFO - <BUILDID=N/A, WORKER=HW, WRKID=117, JOBID=1016> Model insert attempt failed with DUP_ENTRY: jobID=1016; paramsHash=2006086f3fd241742205c6581012c02b OR particleHash=3a8a0a3b4402f6558606058f07deb3f4; IntegrityError(1062, u'Duplicate entry \'1016- \\x06\\x08o?\\xD2At"\\x05\\xC6X\\x10\\x12\\xC0+\' for key \'job_id\'')
2014-12-27 11:17:24,701 - com.numenta.nupic.swarming.HypersearchWorker(7478) - INFO - <BUILDID=N/A, WORKER=HW, WRKID=117, JOBID=1016> Adding model 1648 to our internal DB because modelInsertAndStart() failed to insert it: paramsHash=2006086f3fd241742205c6581012c02b, particleHash=f0aa461cc1922c5b6fc9ca2766605035, particleId='118.0.0'
2014-12-27 11:17:24,705 - com.numenta.nupic.database.ClientJobsDAO.ClientJobsDAO(7478) - INFO - <BUILDID=N/A, WORKER=HW, WRKID=117, JOBID=1016> Model insert attempt failed with DUP_ENTRY: jobID=1016; paramsHash=2006086f3fd241742205c6581012c02b OR particleHash=5d2ff13f1858c1ad952c5f7735391824; IntegrityError(1062, u'Duplicate entry \'1016- \\x06\\x08o?\\xD2At"\\x05\\xC6X\\x10\\x12\\xC0+\' for key \'job_id\'')
2014-12-27 11:17:24,709 - com.numenta.nupic.swarming.HypersearchWorker(7478) - INFO - <BUILDID=N/A, WORKER=HW, WRKID=117, JOBID=1016> Adding model 1648 to our internal DB because modelInsertAndStart() failed to insert it: paramsHash=2006086f3fd241742205c6581012c02b, particleHash=f0aa461cc1922c5b6fc9ca2766605035, particleId='118.0.0'
2014-12-27 11:17:24,712 - com.numenta.nupic.database.ClientJobsDAO.ClientJobsDAO(7478) - INFO - <BUILDID=N/A, WORKER=HW, WRKID=117, JOBID=1016> Model insert attempt failed with DUP_ENTRY: jobID=1016; paramsHash=2006086f3fd241742205c6581012c02b OR particleHash=ac3ad9548780289a871ac75dd098279f; IntegrityError(1062, u'Duplicate entry \'1016- \\x06\\x08o?\\xD2At"\\x05\\xC6X\\x10\\x12\\xC0+\' for key \'job_id\'')
2014-12-27 11:17:24,730 - com.numenta.nupic.swarming.HypersearchWorker(7478) - INFO - <BUILDID=N/A, WORKER=HW, WRKID=117, JOBID=1016> Adding model 1648 to our internal DB because modelInsertAndStart() failed to insert it: paramsHash=2006086f3fd241742205c6581012c02b, particleHash=f0aa461cc1922c5b6fc9ca2766605035, particleId='118.0.0'
2014-12-27 11:17:24,734 - com.numenta.nupic.database.ClientJobsDAO.ClientJobsDAO(7478) - INFO - <BUILDID=N/A, WORKER=HW, WRKID=117, JOBID=1016> Model insert attempt failed with DUP_ENTRY: jobID=1016; paramsHash=2006086f3fd241742205c6581012c02b OR particleHash=aae880dbc845db3211da50781108bd99; IntegrityError(1062, u'Duplicate entry \'1016- \\x06\\x08o?\\xD2At"\\x05\\xC6X\\x10\\x12\\xC0+\' for key \'job_id\'')
2014-12-27 11:17:24,742 - com.numenta.nupic.swarming.HypersearchWorker(7478) - INFO - <BUILDID=N/A, WORKER=HW, WRKID=117, JOBID=1016> Adding model 1648 to our internal DB because modelInsertAndStart() failed to insert it: paramsHash=2006086f3fd241742205c6581012c02b, particleHash=f0aa461cc1922c5b6fc9ca2766605035, particleId='118.0.0'
2014-12-27 11:17:24,747 - com.numenta.nupic.database.ClientJobsDAO.ClientJobsDAO(7478) - INFO - <BUILDID=N/A, WORKER=HW, WRKID=117, JOBID=1016> Model insert attempt failed with DUP_ENTRY: jobID=1016; paramsHash=2006086f3fd241742205c6581012c02b OR particleHash=d06fdf1f183e15e71237fafc6c366b21; IntegrityError(1062, u'Duplicate entry \'1016- \\x06\\x08o?\\xD2At"\\x05\\xC6X\\x10\\x12\\xC0+\' for key \'job_id\'')
2014-12-27 11:17:24,752 - com.numenta.nupic.swarming.HypersearchWorker(7478) - INFO - <BUILDID=N/A, WORKER=HW, WRKID=117, JOBID=1016> Adding model 1648 to our internal DB because modelInsertAndStart() failed to insert it: paramsHash=2006086f3fd241742205c6581012c02b, particleHash=f0aa461cc1922c5b6fc9ca2766605035, particleId='118.0.0'
2014-12-27 11:17:24,755 - com.numenta.nupic.database.ClientJobsDAO.ClientJobsDAO(7478) - INFO - <BUILDID=N/A, WORKER=HW, WRKID=117, JOBID=1016> Model insert attempt failed with DUP_ENTRY: jobID=1016; paramsHash=2006086f3fd241742205c6581012c02b OR particleHash=fec59818622860537a64f8d3d4940067; IntegrityError(1062, u'Duplicate entry \'1016- \\x06\\x08o?\\xD2At"\\x05\\xC6X\\x10\\x12\\xC0+\' for key \'job_id\'')
2014-12-27 11:17:24,763 - com.numenta.nupic.swarming.HypersearchWorker(7478) - INFO - <BUILDID=N/A, WORKER=HW, WRKID=117, JOBID=1016> Adding model 1648 to our internal DB because modelInsertAndStart() failed to insert it: paramsHash=2006086f3fd241742205c6581012c02b, particleHash=f0aa461cc1922c5b6fc9ca2766605035, particleId='118.0.0'
2014-12-27 11:17:24,770 - com.numenta.nupic.swarming.HypersearchV2.HypersearchV2(7478) - INFO - <BUILDID=N/A, WORKER=HW, WRKID=117, JOBID=1016> Ready to end hyperseach, but not all models have matured yet. Sleeping a bit to wait for all models to mature.
2014-12-27 11:17:27,973 - com.numenta.nupic.swarming.HypersearchV2.HypersearchV2(7478) - INFO - <BUILDID=N/A, WORKER=HW, WRKID=117, JOBID=1016> New best model after 1 evaluations: errScore 19.4175 on model 1648
2014-12-27 11:17:27,978 - com.numenta.nupic.swarming.HypersearchWorker(7478) - INFO - <BUILDID=N/A, WORKER=HW, WRKID=117, JOBID=1016> FINISHED. Evaluated 0 models.
