2015-06-30 07:06:09,074 - com.numenta.nupic.swarming.HypersearchWorker(4964) - INFO - <BUILDID=N/A, WORKER=HS, WRKID=N/A, JOBID=N/A> Launched with command line arguments: ['--jobID=1027']
2015-06-30 07:06:09,075 - com.numenta.nupic.swarming.HypersearchWorker(4964) - INFO - <BUILDID=N/A, WORKER=HS, WRKID=N/A, JOBID=N/A> Connecting to the jobs database
2015-06-30 07:06:09,075 - com.numenta.nupic.database.Connection.ConnectionFactory(4964) - INFO - <BUILDID=N/A, WORKER=HS, WRKID=N/A, JOBID=N/A> Creating db connection policy via provider <bound method type._createDefaultPolicy of <class 'nupic.database.Connection.ConnectionFactory'>>
2015-06-30 07:06:09,088 - com.numenta.nupic.database.Connection.PooledConnectionPolicy(4964) - INFO - <BUILDID=N/A, WORKER=HS, WRKID=N/A, JOBID=N/A> Created PooledConnectionPolicy
2015-06-30 07:06:09,097 - com.numenta.nupic.database.ClientJobsDAO.ClientJobsDAO(4964) - INFO - <BUILDID=N/A, WORKER=HS, WRKID=N/A, JOBID=N/A> clientJobsConnectionID=50
2015-06-30 07:06:09,100 - com.numenta.nupic.swarming.HypersearchWorker(4964) - INFO - <BUILDID=N/A, WORKER=HW, WRKID=50, JOBID=1027> Job info retrieved: {'engModelMilestones': 'None', 'clientInfo': '', 'numFailedWorkers': '0', 'engJobType': 'hypersearch', 'results': 'None', 'jobId': '1027', 'completionMsg': 'None', 'cancel': '0', 'engWorkerState': 'None', 'workerCompletionMsg': 'None', 'jobHash': "'\xa47S\x1f1\x11\xe5\x97X\x08\x00'\x16\xdf\xd4", 'genBaseDescription': 'None', 'completionReason': 'None', 'priority': '0', 'cmdLine': '$HYPERSEARCH', 'params': '{"hsVersion": "v2", "maxModels": null, "persistentJobGUID": "27a...', 'workerCompletionReason': 'success', 'engAllocateNewWorkers': '1', 'lastFailedWorkerErrorMsg': 'None', 'engUntendedDeadWorkers': '0', 'engLastUpdateTime': '2015-06-30 14:06:08', 'status': 'notStarted', 'engStatus': 'None', 'startTime': 'None', 'minimumWorkers': '1', 'endTime': 'None', 'engCjmConnId': 'None', 'genPermutations': 'None', 'client': 'GRP', 'engCleaningStatus': 'notdone', 'clientKey': '', 'maximumWorkers': '4'}
2015-06-30 07:06:09,102 - com.numenta.nupic.swarming.HypersearchV2.HypersearchV2(4964) - INFO - <BUILDID=N/A, WORKER=HW, WRKID=50, JOBID=1027> searchParams: 
{u'description': {u'includedFields': [{u'fieldName': 'timestamp',
                                       u'fieldType': 'datetime'},
                                      {u'fieldName': 'temp',
                                       u'fieldType': 'float',
                                       u'maxValue': '34.0',
                                       u'minValue': '6.0'},
                                      {u'fieldName': 'dewpt',
                                       u'fieldType': 'float',
                                       u'maxValue': '22.0',
                                       u'minValue': '-22.0'},
                                      {u'fieldName': 'wind',
                                       u'fieldType': 'float',
                                       u'maxValue': '14.0',
                                       u'minValue': '0.0'},
                                      {u'fieldName': 'is_daylight',
                                       u'fieldType': 'int',
                                       u'maxValue': '1',
                                       u'minValue': '0'},
                                      {u'fieldName': 'elapsed',
                                       u'fieldType': 'int',
                                       u'maxValue': '86400',
                                       u'minValue': '0'},
                                      {u'fieldName': 'kwh',
                                       u'fieldType': 'float',
                                       u'maxValue': '5.18',
                                       u'minValue': '0.0'}],
                  u'inferenceArgs': {u'predictedField': 'kwh',
                                     u'predictionSteps': ['1']},
                  u'inferenceType': 'TemporalMultiStep',
                  u'iterationCount': '-1',
                  u'streamDef': {u'info': 'kw_energy_consumption',
                                 u'streams': [{u'columns': ['*'],
                                               u'info': 'San Diego',
                                               u'source': 'file://sd_weather.csv'}],
                                 u'version': '1'},
                  u'swarmSize': 'medium'},
 u'hsVersion': 'v2',
 u'maxModels': 'None',
 u'persistentJobGUID': '27a43752-1f31-11e5-9758-08002716dfd4',
 u'useTerminators': 'False'}
2015-06-30 07:06:09,240 - com.numenta.nupic.swarming.HypersearchV2.HypersearchV2(4964) - INFO - <BUILDID=N/A, WORKER=HW, WRKID=50, JOBID=1027> Active swarms changed to [u'modelParams|sensorParams|encoders|dewpt', u'modelParams|sensorParams|encoders|wind', u'modelParams|sensorParams|encoders|is_daylight', u'modelParams|sensorParams|encoders|elapsed', u'modelParams|sensorParams|encoders|kwh', u'modelParams|sensorParams|encoders|timestamp_timeOfDay', u'modelParams|sensorParams|encoders|timestamp_dayOfWeek', u'modelParams|sensorParams|encoders|temp', u'modelParams|sensorParams|encoders|timestamp_weekend'] (from None)
2015-06-30 07:06:09,329 - com.numenta.nupic.database.ClientJobsDAO.ClientJobsDAO(4964) - INFO - <BUILDID=N/A, WORKER=HW, WRKID=50, JOBID=1027> Model insert attempt failed with DUP_ENTRY: jobID=1027; paramsHash=bea41b9861111caad55dd55b43b8d808 OR particleHash=5536b60870bd84c4e2b73a9812af7dc6; IntegrityError(1062, u"Duplicate entry '1027-\\xBE\\xA4\\x1B\\x98a\\x11\\x1C\\xAA\\xD5]\\xD5[C\\xB8\\xD8\\x08' for key 'job_id'")
2015-06-30 07:06:09,333 - com.numenta.nupic.swarming.HypersearchWorker(4964) - INFO - <BUILDID=N/A, WORKER=HW, WRKID=50, JOBID=1027> Adding model 3047 to our internal DB because modelInsertAndStart() failed to insert it: paramsHash=bea41b9861111caad55dd55b43b8d808, particleHash=d34ea1d547ac6f4210cd74e3d6772d14, particleId='49.0.0'
2015-06-30 07:06:09,343 - com.numenta.nupic.database.ClientJobsDAO.ClientJobsDAO(4964) - INFO - <BUILDID=N/A, WORKER=HW, WRKID=50, JOBID=1027> Model insert attempt failed with DUP_ENTRY: jobID=1027; paramsHash=bea41b9861111caad55dd55b43b8d808 OR particleHash=e7d6fc00986ddbbe84158de2dbb7b782; IntegrityError(1062, u"Duplicate entry '1027-\\xBE\\xA4\\x1B\\x98a\\x11\\x1C\\xAA\\xD5]\\xD5[C\\xB8\\xD8\\x08' for key 'job_id'")
2015-06-30 07:06:09,355 - com.numenta.nupic.swarming.HypersearchWorker(4964) - INFO - <BUILDID=N/A, WORKER=HW, WRKID=50, JOBID=1027> Adding model 3047 to our internal DB because modelInsertAndStart() failed to insert it: paramsHash=bea41b9861111caad55dd55b43b8d808, particleHash=d34ea1d547ac6f4210cd74e3d6772d14, particleId='49.0.0'
2015-06-30 07:06:09,361 - com.numenta.nupic.database.ClientJobsDAO.ClientJobsDAO(4964) - INFO - <BUILDID=N/A, WORKER=HW, WRKID=50, JOBID=1027> Model insert attempt failed with DUP_ENTRY: jobID=1027; paramsHash=bea41b9861111caad55dd55b43b8d808 OR particleHash=9997ae6ad4c4d1d5d5b2ab9a2c2c2047; IntegrityError(1062, u"Duplicate entry '1027-\\xBE\\xA4\\x1B\\x98a\\x11\\x1C\\xAA\\xD5]\\xD5[C\\xB8\\xD8\\x08' for key 'job_id'")
2015-06-30 07:06:09,368 - com.numenta.nupic.swarming.HypersearchWorker(4964) - INFO - <BUILDID=N/A, WORKER=HW, WRKID=50, JOBID=1027> Adding model 3047 to our internal DB because modelInsertAndStart() failed to insert it: paramsHash=bea41b9861111caad55dd55b43b8d808, particleHash=d34ea1d547ac6f4210cd74e3d6772d14, particleId='49.0.0'
2015-06-30 07:06:09,377 - com.numenta.nupic.database.ClientJobsDAO.ClientJobsDAO(4964) - INFO - <BUILDID=N/A, WORKER=HW, WRKID=50, JOBID=1027> Model insert attempt failed with DUP_ENTRY: jobID=1027; paramsHash=bea41b9861111caad55dd55b43b8d808 OR particleHash=03450c61cc8449376a8e6bbccc4b599f; IntegrityError(1062, u"Duplicate entry '1027-\\xBE\\xA4\\x1B\\x98a\\x11\\x1C\\xAA\\xD5]\\xD5[C\\xB8\\xD8\\x08' for key 'job_id'")
2015-06-30 07:06:09,383 - com.numenta.nupic.swarming.HypersearchWorker(4964) - INFO - <BUILDID=N/A, WORKER=HW, WRKID=50, JOBID=1027> Adding model 3047 to our internal DB because modelInsertAndStart() failed to insert it: paramsHash=bea41b9861111caad55dd55b43b8d808, particleHash=d34ea1d547ac6f4210cd74e3d6772d14, particleId='49.0.0'
2015-06-30 07:06:09,387 - com.numenta.nupic.database.ClientJobsDAO.ClientJobsDAO(4964) - INFO - <BUILDID=N/A, WORKER=HW, WRKID=50, JOBID=1027> Model insert attempt failed with DUP_ENTRY: jobID=1027; paramsHash=bea41b9861111caad55dd55b43b8d808 OR particleHash=815212ca83eb06b8677f92e251b90c72; IntegrityError(1062, u"Duplicate entry '1027-\\xBE\\xA4\\x1B\\x98a\\x11\\x1C\\xAA\\xD5]\\xD5[C\\xB8\\xD8\\x08' for key 'job_id'")
2015-06-30 07:06:09,395 - com.numenta.nupic.swarming.HypersearchWorker(4964) - INFO - <BUILDID=N/A, WORKER=HW, WRKID=50, JOBID=1027> Adding model 3047 to our internal DB because modelInsertAndStart() failed to insert it: paramsHash=bea41b9861111caad55dd55b43b8d808, particleHash=d34ea1d547ac6f4210cd74e3d6772d14, particleId='49.0.0'
2015-06-30 07:06:09,400 - com.numenta.nupic.database.ClientJobsDAO.ClientJobsDAO(4964) - INFO - <BUILDID=N/A, WORKER=HW, WRKID=50, JOBID=1027> Model insert attempt failed with DUP_ENTRY: jobID=1027; paramsHash=bea41b9861111caad55dd55b43b8d808 OR particleHash=41589b79ef27c4f3a3900af3443f74f9; IntegrityError(1062, u"Duplicate entry '1027-\\xBE\\xA4\\x1B\\x98a\\x11\\x1C\\xAA\\xD5]\\xD5[C\\xB8\\xD8\\x08' for key 'job_id'")
2015-06-30 07:06:09,405 - com.numenta.nupic.swarming.HypersearchWorker(4964) - INFO - <BUILDID=N/A, WORKER=HW, WRKID=50, JOBID=1027> Adding model 3047 to our internal DB because modelInsertAndStart() failed to insert it: paramsHash=bea41b9861111caad55dd55b43b8d808, particleHash=d34ea1d547ac6f4210cd74e3d6772d14, particleId='49.0.0'
2015-06-30 07:06:09,418 - com.numenta.nupic.database.ClientJobsDAO.ClientJobsDAO(4964) - INFO - <BUILDID=N/A, WORKER=HW, WRKID=50, JOBID=1027> Model insert attempt failed with DUP_ENTRY: jobID=1027; paramsHash=bea41b9861111caad55dd55b43b8d808 OR particleHash=2e606e776099e1bdff1f5b078b85f7b7; IntegrityError(1062, u"Duplicate entry '1027-\\xBE\\xA4\\x1B\\x98a\\x11\\x1C\\xAA\\xD5]\\xD5[C\\xB8\\xD8\\x08' for key 'job_id'")
2015-06-30 07:06:09,440 - com.numenta.nupic.swarming.HypersearchWorker(4964) - INFO - <BUILDID=N/A, WORKER=HW, WRKID=50, JOBID=1027> Adding model 3047 to our internal DB because modelInsertAndStart() failed to insert it: paramsHash=bea41b9861111caad55dd55b43b8d808, particleHash=d34ea1d547ac6f4210cd74e3d6772d14, particleId='49.0.0'
2015-06-30 07:06:09,446 - com.numenta.nupic.database.ClientJobsDAO.ClientJobsDAO(4964) - INFO - <BUILDID=N/A, WORKER=HW, WRKID=50, JOBID=1027> Model insert attempt failed with DUP_ENTRY: jobID=1027; paramsHash=bea41b9861111caad55dd55b43b8d808 OR particleHash=65503e7f5121cdd7f3033dcf0abff946; IntegrityError(1062, u"Duplicate entry '1027-\\xBE\\xA4\\x1B\\x98a\\x11\\x1C\\xAA\\xD5]\\xD5[C\\xB8\\xD8\\x08' for key 'job_id'")
2015-06-30 07:06:09,457 - com.numenta.nupic.swarming.HypersearchWorker(4964) - INFO - <BUILDID=N/A, WORKER=HW, WRKID=50, JOBID=1027> Adding model 3047 to our internal DB because modelInsertAndStart() failed to insert it: paramsHash=bea41b9861111caad55dd55b43b8d808, particleHash=d34ea1d547ac6f4210cd74e3d6772d14, particleId='49.0.0'
2015-06-30 07:06:09,463 - com.numenta.nupic.database.ClientJobsDAO.ClientJobsDAO(4964) - INFO - <BUILDID=N/A, WORKER=HW, WRKID=50, JOBID=1027> Model insert attempt failed with DUP_ENTRY: jobID=1027; paramsHash=bea41b9861111caad55dd55b43b8d808 OR particleHash=8fe25ad5268726d98559b94dd0dbd260; IntegrityError(1062, u"Duplicate entry '1027-\\xBE\\xA4\\x1B\\x98a\\x11\\x1C\\xAA\\xD5]\\xD5[C\\xB8\\xD8\\x08' for key 'job_id'")
2015-06-30 07:06:09,473 - com.numenta.nupic.swarming.HypersearchWorker(4964) - INFO - <BUILDID=N/A, WORKER=HW, WRKID=50, JOBID=1027> Adding model 3047 to our internal DB because modelInsertAndStart() failed to insert it: paramsHash=bea41b9861111caad55dd55b43b8d808, particleHash=d34ea1d547ac6f4210cd74e3d6772d14, particleId='49.0.0'
2015-06-30 07:06:09,477 - com.numenta.nupic.database.ClientJobsDAO.ClientJobsDAO(4964) - INFO - <BUILDID=N/A, WORKER=HW, WRKID=50, JOBID=1027> Model insert attempt failed with DUP_ENTRY: jobID=1027; paramsHash=bea41b9861111caad55dd55b43b8d808 OR particleHash=ce78efd94c35db0681a397ea19d8aefa; IntegrityError(1062, u"Duplicate entry '1027-\\xBE\\xA4\\x1B\\x98a\\x11\\x1C\\xAA\\xD5]\\xD5[C\\xB8\\xD8\\x08' for key 'job_id'")
2015-06-30 07:06:09,488 - com.numenta.nupic.swarming.HypersearchWorker(4964) - INFO - <BUILDID=N/A, WORKER=HW, WRKID=50, JOBID=1027> Adding model 3047 to our internal DB because modelInsertAndStart() failed to insert it: paramsHash=bea41b9861111caad55dd55b43b8d808, particleHash=d34ea1d547ac6f4210cd74e3d6772d14, particleId='49.0.0'
2015-06-30 07:06:09,617 - com.numenta.nupic.database.ClientJobsDAO.ClientJobsDAO(4964) - INFO - <BUILDID=N/A, WORKER=HW, WRKID=50, JOBID=1027> Model insert attempt failed with DUP_ENTRY: jobID=1027; paramsHash=b5390a92be3bdf6d082b7fe9a65220f2 OR particleHash=39a6aa028f8da5058441a2b98ff37b1e; IntegrityError(1062, u"Duplicate entry '1027-\\xB59\\x0A\\x92\\xBE;\\xDFm\\x08+\\x7F\\xE9\\xA6R \\xF2' for key 'job_id'")
2015-06-30 07:06:09,623 - com.numenta.nupic.swarming.HypersearchWorker(4964) - INFO - <BUILDID=N/A, WORKER=HW, WRKID=50, JOBID=1027> Adding model 3081 to our internal DB because modelInsertAndStart() failed to insert it: paramsHash=b5390a92be3bdf6d082b7fe9a65220f2, particleHash=fde89c1a9445a1d37496ee495d43d518, particleId='49.20.0'
2015-06-30 07:06:09,629 - com.numenta.nupic.database.ClientJobsDAO.ClientJobsDAO(4964) - INFO - <BUILDID=N/A, WORKER=HW, WRKID=50, JOBID=1027> Model insert attempt failed with DUP_ENTRY: jobID=1027; paramsHash=b5390a92be3bdf6d082b7fe9a65220f2 OR particleHash=c4e156aece772608b11a860ba3241bdf; IntegrityError(1062, u"Duplicate entry '1027-\\xB59\\x0A\\x92\\xBE;\\xDFm\\x08+\\x7F\\xE9\\xA6R \\xF2' for key 'job_id'")
2015-06-30 07:06:09,636 - com.numenta.nupic.swarming.HypersearchWorker(4964) - INFO - <BUILDID=N/A, WORKER=HW, WRKID=50, JOBID=1027> Adding model 3081 to our internal DB because modelInsertAndStart() failed to insert it: paramsHash=b5390a92be3bdf6d082b7fe9a65220f2, particleHash=fde89c1a9445a1d37496ee495d43d518, particleId='49.20.0'
2015-06-30 07:06:09,643 - com.numenta.nupic.database.ClientJobsDAO.ClientJobsDAO(4964) - INFO - <BUILDID=N/A, WORKER=HW, WRKID=50, JOBID=1027> Model insert attempt failed with DUP_ENTRY: jobID=1027; paramsHash=b5390a92be3bdf6d082b7fe9a65220f2 OR particleHash=863085bd28518f42c1010ff2bc4ba7e5; IntegrityError(1062, u"Duplicate entry '1027-\\xB59\\x0A\\x92\\xBE;\\xDFm\\x08+\\x7F\\xE9\\xA6R \\xF2' for key 'job_id'")
2015-06-30 07:06:09,647 - com.numenta.nupic.swarming.HypersearchWorker(4964) - INFO - <BUILDID=N/A, WORKER=HW, WRKID=50, JOBID=1027> Adding model 3081 to our internal DB because modelInsertAndStart() failed to insert it: paramsHash=b5390a92be3bdf6d082b7fe9a65220f2, particleHash=fde89c1a9445a1d37496ee495d43d518, particleId='49.20.0'
2015-06-30 07:06:09,665 - com.numenta.nupic.database.ClientJobsDAO.ClientJobsDAO(4964) - INFO - <BUILDID=N/A, WORKER=HW, WRKID=50, JOBID=1027> Model insert attempt failed with DUP_ENTRY: jobID=1027; paramsHash=b5390a92be3bdf6d082b7fe9a65220f2 OR particleHash=b7babf9dad0cef0a6bc417c95e6fc910; IntegrityError(1062, u"Duplicate entry '1027-\\xB59\\x0A\\x92\\xBE;\\xDFm\\x08+\\x7F\\xE9\\xA6R \\xF2' for key 'job_id'")
2015-06-30 07:06:09,675 - com.numenta.nupic.swarming.HypersearchWorker(4964) - INFO - <BUILDID=N/A, WORKER=HW, WRKID=50, JOBID=1027> Adding model 3081 to our internal DB because modelInsertAndStart() failed to insert it: paramsHash=b5390a92be3bdf6d082b7fe9a65220f2, particleHash=fde89c1a9445a1d37496ee495d43d518, particleId='49.20.0'
2015-06-30 07:06:09,682 - com.numenta.nupic.database.ClientJobsDAO.ClientJobsDAO(4964) - INFO - <BUILDID=N/A, WORKER=HW, WRKID=50, JOBID=1027> Model insert attempt failed with DUP_ENTRY: jobID=1027; paramsHash=b5390a92be3bdf6d082b7fe9a65220f2 OR particleHash=a271ff6f35e379c4cdab6569b0e2d365; IntegrityError(1062, u"Duplicate entry '1027-\\xB59\\x0A\\x92\\xBE;\\xDFm\\x08+\\x7F\\xE9\\xA6R \\xF2' for key 'job_id'")
2015-06-30 07:06:09,693 - com.numenta.nupic.swarming.HypersearchWorker(4964) - INFO - <BUILDID=N/A, WORKER=HW, WRKID=50, JOBID=1027> Adding model 3081 to our internal DB because modelInsertAndStart() failed to insert it: paramsHash=b5390a92be3bdf6d082b7fe9a65220f2, particleHash=fde89c1a9445a1d37496ee495d43d518, particleId='49.20.0'
2015-06-30 07:06:09,700 - com.numenta.nupic.database.ClientJobsDAO.ClientJobsDAO(4964) - INFO - <BUILDID=N/A, WORKER=HW, WRKID=50, JOBID=1027> Model insert attempt failed with DUP_ENTRY: jobID=1027; paramsHash=b5390a92be3bdf6d082b7fe9a65220f2 OR particleHash=f46d3095c5f5248d542380598fea437f; IntegrityError(1062, u"Duplicate entry '1027-\\xB59\\x0A\\x92\\xBE;\\xDFm\\x08+\\x7F\\xE9\\xA6R \\xF2' for key 'job_id'")
2015-06-30 07:06:09,704 - com.numenta.nupic.swarming.HypersearchWorker(4964) - INFO - <BUILDID=N/A, WORKER=HW, WRKID=50, JOBID=1027> Adding model 3081 to our internal DB because modelInsertAndStart() failed to insert it: paramsHash=b5390a92be3bdf6d082b7fe9a65220f2, particleHash=fde89c1a9445a1d37496ee495d43d518, particleId='49.20.0'
2015-06-30 07:06:09,709 - com.numenta.nupic.database.ClientJobsDAO.ClientJobsDAO(4964) - INFO - <BUILDID=N/A, WORKER=HW, WRKID=50, JOBID=1027> Model insert attempt failed with DUP_ENTRY: jobID=1027; paramsHash=b5390a92be3bdf6d082b7fe9a65220f2 OR particleHash=460ed53fa691d5477db38c98d1263145; IntegrityError(1062, u"Duplicate entry '1027-\\xB59\\x0A\\x92\\xBE;\\xDFm\\x08+\\x7F\\xE9\\xA6R \\xF2' for key 'job_id'")
2015-06-30 07:06:09,714 - com.numenta.nupic.swarming.HypersearchWorker(4964) - INFO - <BUILDID=N/A, WORKER=HW, WRKID=50, JOBID=1027> Adding model 3081 to our internal DB because modelInsertAndStart() failed to insert it: paramsHash=b5390a92be3bdf6d082b7fe9a65220f2, particleHash=fde89c1a9445a1d37496ee495d43d518, particleId='49.20.0'
2015-06-30 07:06:09,734 - com.numenta.nupic.database.ClientJobsDAO.ClientJobsDAO(4964) - INFO - <BUILDID=N/A, WORKER=HW, WRKID=50, JOBID=1027> Model insert attempt failed with DUP_ENTRY: jobID=1027; paramsHash=b5390a92be3bdf6d082b7fe9a65220f2 OR particleHash=6153e25d941bf5595478682306334329; IntegrityError(1062, u"Duplicate entry '1027-\\xB59\\x0A\\x92\\xBE;\\xDFm\\x08+\\x7F\\xE9\\xA6R \\xF2' for key 'job_id'")
2015-06-30 07:06:09,741 - com.numenta.nupic.swarming.HypersearchWorker(4964) - INFO - <BUILDID=N/A, WORKER=HW, WRKID=50, JOBID=1027> Adding model 3081 to our internal DB because modelInsertAndStart() failed to insert it: paramsHash=b5390a92be3bdf6d082b7fe9a65220f2, particleHash=fde89c1a9445a1d37496ee495d43d518, particleId='49.20.0'
2015-06-30 07:06:09,745 - com.numenta.nupic.database.ClientJobsDAO.ClientJobsDAO(4964) - INFO - <BUILDID=N/A, WORKER=HW, WRKID=50, JOBID=1027> Model insert attempt failed with DUP_ENTRY: jobID=1027; paramsHash=b5390a92be3bdf6d082b7fe9a65220f2 OR particleHash=4361fb32b9c38c19724fbdc83782e973; IntegrityError(1062, u"Duplicate entry '1027-\\xB59\\x0A\\x92\\xBE;\\xDFm\\x08+\\x7F\\xE9\\xA6R \\xF2' for key 'job_id'")
2015-06-30 07:06:09,757 - com.numenta.nupic.swarming.HypersearchWorker(4964) - INFO - <BUILDID=N/A, WORKER=HW, WRKID=50, JOBID=1027> Adding model 3081 to our internal DB because modelInsertAndStart() failed to insert it: paramsHash=b5390a92be3bdf6d082b7fe9a65220f2, particleHash=fde89c1a9445a1d37496ee495d43d518, particleId='49.20.0'
2015-06-30 07:06:09,760 - com.numenta.nupic.database.ClientJobsDAO.ClientJobsDAO(4964) - INFO - <BUILDID=N/A, WORKER=HW, WRKID=50, JOBID=1027> Model insert attempt failed with DUP_ENTRY: jobID=1027; paramsHash=b5390a92be3bdf6d082b7fe9a65220f2 OR particleHash=0a34c1bd076784806231325163393f62; IntegrityError(1062, u"Duplicate entry '1027-\\xB59\\x0A\\x92\\xBE;\\xDFm\\x08+\\x7F\\xE9\\xA6R \\xF2' for key 'job_id'")
2015-06-30 07:06:09,767 - com.numenta.nupic.swarming.HypersearchWorker(4964) - INFO - <BUILDID=N/A, WORKER=HW, WRKID=50, JOBID=1027> Adding model 3081 to our internal DB because modelInsertAndStart() failed to insert it: paramsHash=b5390a92be3bdf6d082b7fe9a65220f2, particleHash=fde89c1a9445a1d37496ee495d43d518, particleId='49.20.0'
2015-06-30 07:06:09,893 - com.numenta.nupic.database.ClientJobsDAO.ClientJobsDAO(4964) - INFO - <BUILDID=N/A, WORKER=HW, WRKID=50, JOBID=1027> Model insert attempt failed with DUP_ENTRY: jobID=1027; paramsHash=1989cdfd90b2e1af3c94a2f31f8207af OR particleHash=efedd20cf26abcddf46b792465f00ece; IntegrityError(1062, u"Duplicate entry '1027-\\x19\\x89\\xCD\\xFD\\x90\\xB2\\xE1\\xAF<\\x94\\xA2\\xF3\\x1F\\x82\\x07\\x' for key 'job_id'")
2015-06-30 07:06:09,907 - com.numenta.nupic.swarming.HypersearchWorker(4964) - INFO - <BUILDID=N/A, WORKER=HW, WRKID=50, JOBID=1027> Adding model 3111 to our internal DB because modelInsertAndStart() failed to insert it: paramsHash=1989cdfd90b2e1af3c94a2f31f8207af, particleHash=254d11fff8e3a193db09d13c7e26adb2, particleId='47.20.0'
2015-06-30 07:06:09,918 - com.numenta.nupic.database.ClientJobsDAO.ClientJobsDAO(4964) - INFO - <BUILDID=N/A, WORKER=HW, WRKID=50, JOBID=1027> Model insert attempt failed with DUP_ENTRY: jobID=1027; paramsHash=1989cdfd90b2e1af3c94a2f31f8207af OR particleHash=285625cf8daa30c55ab434693f6bc107; IntegrityError(1062, u"Duplicate entry '1027-\\x19\\x89\\xCD\\xFD\\x90\\xB2\\xE1\\xAF<\\x94\\xA2\\xF3\\x1F\\x82\\x07\\x' for key 'job_id'")
2015-06-30 07:06:09,922 - com.numenta.nupic.swarming.HypersearchWorker(4964) - INFO - <BUILDID=N/A, WORKER=HW, WRKID=50, JOBID=1027> Adding model 3111 to our internal DB because modelInsertAndStart() failed to insert it: paramsHash=1989cdfd90b2e1af3c94a2f31f8207af, particleHash=254d11fff8e3a193db09d13c7e26adb2, particleId='47.20.0'
2015-06-30 07:06:09,928 - com.numenta.nupic.database.ClientJobsDAO.ClientJobsDAO(4964) - INFO - <BUILDID=N/A, WORKER=HW, WRKID=50, JOBID=1027> Model insert attempt failed with DUP_ENTRY: jobID=1027; paramsHash=1989cdfd90b2e1af3c94a2f31f8207af OR particleHash=644f94eb7099bdc71e56679d6290da3a; IntegrityError(1062, u"Duplicate entry '1027-\\x19\\x89\\xCD\\xFD\\x90\\xB2\\xE1\\xAF<\\x94\\xA2\\xF3\\x1F\\x82\\x07\\x' for key 'job_id'")
2015-06-30 07:06:09,932 - com.numenta.nupic.swarming.HypersearchWorker(4964) - INFO - <BUILDID=N/A, WORKER=HW, WRKID=50, JOBID=1027> Adding model 3111 to our internal DB because modelInsertAndStart() failed to insert it: paramsHash=1989cdfd90b2e1af3c94a2f31f8207af, particleHash=254d11fff8e3a193db09d13c7e26adb2, particleId='47.20.0'
2015-06-30 07:06:09,945 - com.numenta.nupic.database.ClientJobsDAO.ClientJobsDAO(4964) - INFO - <BUILDID=N/A, WORKER=HW, WRKID=50, JOBID=1027> Model insert attempt failed with DUP_ENTRY: jobID=1027; paramsHash=1989cdfd90b2e1af3c94a2f31f8207af OR particleHash=f5f8855610e75f8c27a2ef204f0d2f5b; IntegrityError(1062, u"Duplicate entry '1027-\\x19\\x89\\xCD\\xFD\\x90\\xB2\\xE1\\xAF<\\x94\\xA2\\xF3\\x1F\\x82\\x07\\x' for key 'job_id'")
2015-06-30 07:06:09,948 - com.numenta.nupic.swarming.HypersearchWorker(4964) - INFO - <BUILDID=N/A, WORKER=HW, WRKID=50, JOBID=1027> Adding model 3111 to our internal DB because modelInsertAndStart() failed to insert it: paramsHash=1989cdfd90b2e1af3c94a2f31f8207af, particleHash=254d11fff8e3a193db09d13c7e26adb2, particleId='47.20.0'
2015-06-30 07:06:09,954 - com.numenta.nupic.database.ClientJobsDAO.ClientJobsDAO(4964) - INFO - <BUILDID=N/A, WORKER=HW, WRKID=50, JOBID=1027> Model insert attempt failed with DUP_ENTRY: jobID=1027; paramsHash=1989cdfd90b2e1af3c94a2f31f8207af OR particleHash=934a030e00cf02859792e1ff87b43ba4; IntegrityError(1062, u"Duplicate entry '1027-\\x19\\x89\\xCD\\xFD\\x90\\xB2\\xE1\\xAF<\\x94\\xA2\\xF3\\x1F\\x82\\x07\\x' for key 'job_id'")
2015-06-30 07:06:09,963 - com.numenta.nupic.swarming.HypersearchWorker(4964) - INFO - <BUILDID=N/A, WORKER=HW, WRKID=50, JOBID=1027> Adding model 3111 to our internal DB because modelInsertAndStart() failed to insert it: paramsHash=1989cdfd90b2e1af3c94a2f31f8207af, particleHash=254d11fff8e3a193db09d13c7e26adb2, particleId='47.20.0'
2015-06-30 07:06:09,970 - com.numenta.nupic.database.ClientJobsDAO.ClientJobsDAO(4964) - INFO - <BUILDID=N/A, WORKER=HW, WRKID=50, JOBID=1027> Model insert attempt failed with DUP_ENTRY: jobID=1027; paramsHash=1989cdfd90b2e1af3c94a2f31f8207af OR particleHash=8a3ee597728100e19a5ae13055cef36b; IntegrityError(1062, u"Duplicate entry '1027-\\x19\\x89\\xCD\\xFD\\x90\\xB2\\xE1\\xAF<\\x94\\xA2\\xF3\\x1F\\x82\\x07\\x' for key 'job_id'")
2015-06-30 07:06:09,979 - com.numenta.nupic.swarming.HypersearchWorker(4964) - INFO - <BUILDID=N/A, WORKER=HW, WRKID=50, JOBID=1027> Adding model 3111 to our internal DB because modelInsertAndStart() failed to insert it: paramsHash=1989cdfd90b2e1af3c94a2f31f8207af, particleHash=254d11fff8e3a193db09d13c7e26adb2, particleId='47.20.0'
2015-06-30 07:06:09,986 - com.numenta.nupic.database.ClientJobsDAO.ClientJobsDAO(4964) - INFO - <BUILDID=N/A, WORKER=HW, WRKID=50, JOBID=1027> Model insert attempt failed with DUP_ENTRY: jobID=1027; paramsHash=1989cdfd90b2e1af3c94a2f31f8207af OR particleHash=eca89c0b49e79cabdf153f28bbdb30b5; IntegrityError(1062, u"Duplicate entry '1027-\\x19\\x89\\xCD\\xFD\\x90\\xB2\\xE1\\xAF<\\x94\\xA2\\xF3\\x1F\\x82\\x07\\x' for key 'job_id'")
2015-06-30 07:06:09,989 - com.numenta.nupic.swarming.HypersearchWorker(4964) - INFO - <BUILDID=N/A, WORKER=HW, WRKID=50, JOBID=1027> Adding model 3111 to our internal DB because modelInsertAndStart() failed to insert it: paramsHash=1989cdfd90b2e1af3c94a2f31f8207af, particleHash=254d11fff8e3a193db09d13c7e26adb2, particleId='47.20.0'
2015-06-30 07:06:10,007 - com.numenta.nupic.database.ClientJobsDAO.ClientJobsDAO(4964) - INFO - <BUILDID=N/A, WORKER=HW, WRKID=50, JOBID=1027> Model insert attempt failed with DUP_ENTRY: jobID=1027; paramsHash=1989cdfd90b2e1af3c94a2f31f8207af OR particleHash=4360ef9308c847eda1e6272e385c0126; IntegrityError(1062, u"Duplicate entry '1027-\\x19\\x89\\xCD\\xFD\\x90\\xB2\\xE1\\xAF<\\x94\\xA2\\xF3\\x1F\\x82\\x07\\x' for key 'job_id'")
2015-06-30 07:06:10,017 - com.numenta.nupic.swarming.HypersearchWorker(4964) - INFO - <BUILDID=N/A, WORKER=HW, WRKID=50, JOBID=1027> Adding model 3111 to our internal DB because modelInsertAndStart() failed to insert it: paramsHash=1989cdfd90b2e1af3c94a2f31f8207af, particleHash=254d11fff8e3a193db09d13c7e26adb2, particleId='47.20.0'
2015-06-30 07:06:10,028 - com.numenta.nupic.database.ClientJobsDAO.ClientJobsDAO(4964) - INFO - <BUILDID=N/A, WORKER=HW, WRKID=50, JOBID=1027> Model insert attempt failed with DUP_ENTRY: jobID=1027; paramsHash=1989cdfd90b2e1af3c94a2f31f8207af OR particleHash=879324ae38d9931da352b08e99f13cca; IntegrityError(1062, u"Duplicate entry '1027-\\x19\\x89\\xCD\\xFD\\x90\\xB2\\xE1\\xAF<\\x94\\xA2\\xF3\\x1F\\x82\\x07\\x' for key 'job_id'")
2015-06-30 07:06:10,032 - com.numenta.nupic.swarming.HypersearchWorker(4964) - INFO - <BUILDID=N/A, WORKER=HW, WRKID=50, JOBID=1027> Adding model 3111 to our internal DB because modelInsertAndStart() failed to insert it: paramsHash=1989cdfd90b2e1af3c94a2f31f8207af, particleHash=254d11fff8e3a193db09d13c7e26adb2, particleId='47.20.0'
2015-06-30 07:06:10,036 - com.numenta.nupic.database.ClientJobsDAO.ClientJobsDAO(4964) - INFO - <BUILDID=N/A, WORKER=HW, WRKID=50, JOBID=1027> Model insert attempt failed with DUP_ENTRY: jobID=1027; paramsHash=1989cdfd90b2e1af3c94a2f31f8207af OR particleHash=237aa8378c0ad48790ce08343df51872; IntegrityError(1062, u"Duplicate entry '1027-\\x19\\x89\\xCD\\xFD\\x90\\xB2\\xE1\\xAF<\\x94\\xA2\\xF3\\x1F\\x82\\x07\\x' for key 'job_id'")
2015-06-30 07:06:10,044 - com.numenta.nupic.swarming.HypersearchWorker(4964) - INFO - <BUILDID=N/A, WORKER=HW, WRKID=50, JOBID=1027> Adding model 3111 to our internal DB because modelInsertAndStart() failed to insert it: paramsHash=1989cdfd90b2e1af3c94a2f31f8207af, particleHash=254d11fff8e3a193db09d13c7e26adb2, particleId='47.20.0'
2015-06-30 07:06:10,054 - com.numenta.nupic.swarming.HypersearchV2.HypersearchV2(4964) - ERROR - <BUILDID=N/A, WORKER=HW, WRKID=50, JOBID=1027> Exiting because some worker set the workerCompletionReason to error. WorkerCompletionMsg: E10002: Exiting due to receiving too many models failing from exceptions (6 out of 6). 
Model Exception: Exception occurred while running model 3138: Exception(u'Unable to locate: sd_weather.csv using NTA_DATA_PATH of ',) (<type 'exceptions.Exception'>)
Traceback (most recent call last):
  File "/home/pat/workspace/nupic/nupic/swarming/utils.py", line 430, in runModelGivenBaseAndParams
    (completionReason, completionMsg) = runner.run()
  File "/home/pat/workspace/nupic/nupic/swarming/ModelRunner.py", line 237, in run
    maxTimeout=readTimeout)
  File "/home/pat/workspace/nupic/nupic/data/stream_reader.py", line 210, in __init__
    self._openStream(dataUrl, isBlocking, maxTimeout, bookmark, firstRecordIdx)
  File "/home/pat/workspace/nupic/nupic/data/stream_reader.py", line 294, in _openStream
    self._recordStoreName = findDataset(dataUrl[len(FILE_PREF):])
  File "/home/pat/workspace/nupic/nupic/data/datasethelpers.py", line 79, in findDataset
    (datasetPath, os.environ.get('NTA_DATA_PATH', '')))
Exception: Unable to locate: sd_weather.csv using NTA_DATA_PATH of 

2015-06-30 07:06:10,075 - com.numenta.nupic.swarming.HypersearchV2.HypersearchV2(4964) - INFO - <BUILDID=N/A, WORKER=HW, WRKID=50, JOBID=1027> Successfully updated the field contributions:{u'temp': nan, u'kwh': nan, u'dewpt': nan, u'timestamp_dayOfWeek': nan, u'timestamp_timeOfDay': nan, u'is_daylight': nan, u'elapsed': nan, u'wind': nan, u'timestamp_weekend': nan}
2015-06-30 07:06:10,076 - com.numenta.nupic.swarming.HypersearchWorker(4964) - INFO - <BUILDID=N/A, WORKER=HW, WRKID=50, JOBID=1027> FINISHED. Evaluated 0 models.
