2014-12-27 09:45:30,655 - com.numenta.nupic.swarming.HypersearchWorker(6961) - INFO - <BUILDID=N/A, WORKER=HS, WRKID=N/A, JOBID=N/A> Launched with command line arguments: ['--jobID=1005']
2014-12-27 09:45:30,655 - com.numenta.nupic.swarming.HypersearchWorker(6961) - INFO - <BUILDID=N/A, WORKER=HS, WRKID=N/A, JOBID=N/A> Connecting to the jobs database
2014-12-27 09:45:30,655 - com.numenta.nupic.database.Connection.ConnectionFactory(6961) - INFO - <BUILDID=N/A, WORKER=HS, WRKID=N/A, JOBID=N/A> Creating db connection policy via provider <bound method type._createDefaultPolicy of <class 'nupic.database.Connection.ConnectionFactory'>>
2014-12-27 09:45:30,658 - com.numenta.nupic.database.Connection.PooledConnectionPolicy(6961) - INFO - <BUILDID=N/A, WORKER=HS, WRKID=N/A, JOBID=N/A> Created PooledConnectionPolicy
2014-12-27 09:45:30,666 - com.numenta.nupic.database.ClientJobsDAO.ClientJobsDAO(6961) - INFO - <BUILDID=N/A, WORKER=HS, WRKID=N/A, JOBID=N/A> clientJobsConnectionID=60
2014-12-27 09:45:30,668 - com.numenta.nupic.swarming.HypersearchWorker(6961) - INFO - <BUILDID=N/A, WORKER=HW, WRKID=60, JOBID=1005> Job info retrieved: {'engModelMilestones': 'None', 'clientInfo': '', 'numFailedWorkers': '0', 'engJobType': 'hypersearch', 'results': 'None', 'jobId': '1005', 'completionMsg': 'None', 'cancel': '0', 'engWorkerState': 'None', 'workerCompletionMsg': 'None', 'jobHash': "&H\x11\xb3\x8d\xf0\x11\xe4\x9c\x1f\x08\x00'\x16\xdf\xd4", 'genBaseDescription': 'None', 'completionReason': 'None', 'priority': '0', 'cmdLine': '$HYPERSEARCH', 'params': '{"hsVersion": "v2", "maxModels": null, "persistentJobGUID": "264...', 'workerCompletionReason': 'success', 'engAllocateNewWorkers': '1', 'lastFailedWorkerErrorMsg': 'None', 'engUntendedDeadWorkers': '0', 'engLastUpdateTime': '2014-12-27 17:45:30', 'status': 'notStarted', 'engStatus': 'None', 'startTime': 'None', 'minimumWorkers': '1', 'endTime': 'None', 'engCjmConnId': 'None', 'genPermutations': 'None', 'client': 'GRP', 'engCleaningStatus': 'notdone', 'clientKey': '', 'maximumWorkers': '4'}
2014-12-27 09:45:30,670 - com.numenta.nupic.swarming.HypersearchV2.HypersearchV2(6961) - INFO - <BUILDID=N/A, WORKER=HW, WRKID=60, JOBID=1005> searchParams: 
{u'description': {u'includedFields': [{u'fieldName': 'timestamp',
                                       u'fieldType': 'datetime'},
                                      {u'fieldName': 'kw_energy_consumption',
                                       u'fieldType': 'float',
                                       u'maxValue': '5.18',
                                       u'minValue': '0.0'}],
                  u'inferenceArgs': {u'predictedField': 'kw_energy_consumption',
                                     u'predictionSteps': ['1']},
                  u'inferenceType': 'TemporalMultiStep',
                  u'iterationCount': '-1',
                  u'streamDef': {u'info': 'kw_energy_consumption',
                                 u'streams': [{u'columns': ['*'],
                                               u'info': 'San Diego',
                                               u'source': 'file://sandiego.csv'}],
                                 u'version': '1'},
                  u'swarmSize': 'small'},
 u'hsVersion': 'v2',
 u'maxModels': 'None',
 u'persistentJobGUID': '264811b2-8df0-11e4-9c1f-08002716dfd4',
 u'useTerminators': 'False'}
2014-12-27 09:45:30,816 - com.numenta.nupic.swarming.HypersearchV2.HypersearchV2(6961) - INFO - <BUILDID=N/A, WORKER=HW, WRKID=60, JOBID=1005> Active swarms changed to [u'modelParams|sensorParams|encoders|kw_energy_consumption'] (from None)
2014-12-27 09:45:30,897 - com.numenta.nupic.database.ClientJobsDAO.ClientJobsDAO(6961) - INFO - <BUILDID=N/A, WORKER=HW, WRKID=60, JOBID=1005> Model insert attempt failed with DUP_ENTRY: jobID=1005; paramsHash=b83e94a3acb214f3fdd3aee92e9fbdb5 OR particleHash=68f0fd9d5bbad7e116e5569b1e813a2c; IntegrityError(1062, u"Duplicate entry '1005-\\xB8>\\x94\\xA3\\xAC\\xB2\\x14\\xF3\\xFD\\xD3\\xAE\\xE9.\\x9F\\xBD\\xB5' for key 'job_id'")
2014-12-27 09:45:30,909 - com.numenta.nupic.swarming.HypersearchWorker(6961) - INFO - <BUILDID=N/A, WORKER=HW, WRKID=60, JOBID=1005> Adding model 1312 to our internal DB because modelInsertAndStart() failed to insert it: paramsHash=b83e94a3acb214f3fdd3aee92e9fbdb5, particleHash=63992b44cd44f06ccdaccaa1d685fba1, particleId='61.0.0'
2014-12-27 09:45:30,913 - com.numenta.nupic.database.ClientJobsDAO.ClientJobsDAO(6961) - INFO - <BUILDID=N/A, WORKER=HW, WRKID=60, JOBID=1005> Model insert attempt failed with DUP_ENTRY: jobID=1005; paramsHash=b83e94a3acb214f3fdd3aee92e9fbdb5 OR particleHash=7f9a52bff2d22e6f783798f18f3547dc; IntegrityError(1062, u"Duplicate entry '1005-\\xB8>\\x94\\xA3\\xAC\\xB2\\x14\\xF3\\xFD\\xD3\\xAE\\xE9.\\x9F\\xBD\\xB5' for key 'job_id'")
2014-12-27 09:45:30,917 - com.numenta.nupic.swarming.HypersearchWorker(6961) - INFO - <BUILDID=N/A, WORKER=HW, WRKID=60, JOBID=1005> Adding model 1312 to our internal DB because modelInsertAndStart() failed to insert it: paramsHash=b83e94a3acb214f3fdd3aee92e9fbdb5, particleHash=63992b44cd44f06ccdaccaa1d685fba1, particleId='61.0.0'
2014-12-27 09:45:30,922 - com.numenta.nupic.database.ClientJobsDAO.ClientJobsDAO(6961) - INFO - <BUILDID=N/A, WORKER=HW, WRKID=60, JOBID=1005> Model insert attempt failed with DUP_ENTRY: jobID=1005; paramsHash=b83e94a3acb214f3fdd3aee92e9fbdb5 OR particleHash=51fa55ed436df32743d370a31c552606; IntegrityError(1062, u"Duplicate entry '1005-\\xB8>\\x94\\xA3\\xAC\\xB2\\x14\\xF3\\xFD\\xD3\\xAE\\xE9.\\x9F\\xBD\\xB5' for key 'job_id'")
2014-12-27 09:45:30,925 - com.numenta.nupic.swarming.HypersearchWorker(6961) - INFO - <BUILDID=N/A, WORKER=HW, WRKID=60, JOBID=1005> Adding model 1312 to our internal DB because modelInsertAndStart() failed to insert it: paramsHash=b83e94a3acb214f3fdd3aee92e9fbdb5, particleHash=63992b44cd44f06ccdaccaa1d685fba1, particleId='61.0.0'
2014-12-27 09:45:30,929 - com.numenta.nupic.database.ClientJobsDAO.ClientJobsDAO(6961) - INFO - <BUILDID=N/A, WORKER=HW, WRKID=60, JOBID=1005> Model insert attempt failed with DUP_ENTRY: jobID=1005; paramsHash=b83e94a3acb214f3fdd3aee92e9fbdb5 OR particleHash=4083d44e8dc13ff5957f24f92c1a887f; IntegrityError(1062, u"Duplicate entry '1005-\\xB8>\\x94\\xA3\\xAC\\xB2\\x14\\xF3\\xFD\\xD3\\xAE\\xE9.\\x9F\\xBD\\xB5' for key 'job_id'")
2014-12-27 09:45:30,936 - com.numenta.nupic.swarming.HypersearchWorker(6961) - INFO - <BUILDID=N/A, WORKER=HW, WRKID=60, JOBID=1005> Adding model 1312 to our internal DB because modelInsertAndStart() failed to insert it: paramsHash=b83e94a3acb214f3fdd3aee92e9fbdb5, particleHash=63992b44cd44f06ccdaccaa1d685fba1, particleId='61.0.0'
2014-12-27 09:45:30,940 - com.numenta.nupic.database.ClientJobsDAO.ClientJobsDAO(6961) - INFO - <BUILDID=N/A, WORKER=HW, WRKID=60, JOBID=1005> Model insert attempt failed with DUP_ENTRY: jobID=1005; paramsHash=b83e94a3acb214f3fdd3aee92e9fbdb5 OR particleHash=eda9f5e930b4703df9c8ff824006a200; IntegrityError(1062, u"Duplicate entry '1005-\\xB8>\\x94\\xA3\\xAC\\xB2\\x14\\xF3\\xFD\\xD3\\xAE\\xE9.\\x9F\\xBD\\xB5' for key 'job_id'")
2014-12-27 09:45:30,945 - com.numenta.nupic.swarming.HypersearchWorker(6961) - INFO - <BUILDID=N/A, WORKER=HW, WRKID=60, JOBID=1005> Adding model 1312 to our internal DB because modelInsertAndStart() failed to insert it: paramsHash=b83e94a3acb214f3fdd3aee92e9fbdb5, particleHash=63992b44cd44f06ccdaccaa1d685fba1, particleId='61.0.0'
2014-12-27 09:45:30,948 - com.numenta.nupic.database.ClientJobsDAO.ClientJobsDAO(6961) - INFO - <BUILDID=N/A, WORKER=HW, WRKID=60, JOBID=1005> Model insert attempt failed with DUP_ENTRY: jobID=1005; paramsHash=b83e94a3acb214f3fdd3aee92e9fbdb5 OR particleHash=f84c0588bc4ed2ca15f73fc64b98415d; IntegrityError(1062, u"Duplicate entry '1005-\\xB8>\\x94\\xA3\\xAC\\xB2\\x14\\xF3\\xFD\\xD3\\xAE\\xE9.\\x9F\\xBD\\xB5' for key 'job_id'")
2014-12-27 09:45:30,951 - com.numenta.nupic.swarming.HypersearchWorker(6961) - INFO - <BUILDID=N/A, WORKER=HW, WRKID=60, JOBID=1005> Adding model 1312 to our internal DB because modelInsertAndStart() failed to insert it: paramsHash=b83e94a3acb214f3fdd3aee92e9fbdb5, particleHash=63992b44cd44f06ccdaccaa1d685fba1, particleId='61.0.0'
2014-12-27 09:45:30,957 - com.numenta.nupic.database.ClientJobsDAO.ClientJobsDAO(6961) - INFO - <BUILDID=N/A, WORKER=HW, WRKID=60, JOBID=1005> Model insert attempt failed with DUP_ENTRY: jobID=1005; paramsHash=b83e94a3acb214f3fdd3aee92e9fbdb5 OR particleHash=6ecd9bc05bc0b0b96141d98f1d5f7778; IntegrityError(1062, u"Duplicate entry '1005-\\xB8>\\x94\\xA3\\xAC\\xB2\\x14\\xF3\\xFD\\xD3\\xAE\\xE9.\\x9F\\xBD\\xB5' for key 'job_id'")
2014-12-27 09:45:30,960 - com.numenta.nupic.swarming.HypersearchWorker(6961) - INFO - <BUILDID=N/A, WORKER=HW, WRKID=60, JOBID=1005> Adding model 1312 to our internal DB because modelInsertAndStart() failed to insert it: paramsHash=b83e94a3acb214f3fdd3aee92e9fbdb5, particleHash=63992b44cd44f06ccdaccaa1d685fba1, particleId='61.0.0'
2014-12-27 09:45:30,963 - com.numenta.nupic.database.ClientJobsDAO.ClientJobsDAO(6961) - INFO - <BUILDID=N/A, WORKER=HW, WRKID=60, JOBID=1005> Model insert attempt failed with DUP_ENTRY: jobID=1005; paramsHash=b83e94a3acb214f3fdd3aee92e9fbdb5 OR particleHash=896187624c3a4f8e38af696d83ece858; IntegrityError(1062, u"Duplicate entry '1005-\\xB8>\\x94\\xA3\\xAC\\xB2\\x14\\xF3\\xFD\\xD3\\xAE\\xE9.\\x9F\\xBD\\xB5' for key 'job_id'")
2014-12-27 09:45:30,966 - com.numenta.nupic.swarming.HypersearchWorker(6961) - INFO - <BUILDID=N/A, WORKER=HW, WRKID=60, JOBID=1005> Adding model 1312 to our internal DB because modelInsertAndStart() failed to insert it: paramsHash=b83e94a3acb214f3fdd3aee92e9fbdb5, particleHash=63992b44cd44f06ccdaccaa1d685fba1, particleId='61.0.0'
2014-12-27 09:45:30,969 - com.numenta.nupic.database.ClientJobsDAO.ClientJobsDAO(6961) - INFO - <BUILDID=N/A, WORKER=HW, WRKID=60, JOBID=1005> Model insert attempt failed with DUP_ENTRY: jobID=1005; paramsHash=b83e94a3acb214f3fdd3aee92e9fbdb5 OR particleHash=f68bde61d7c281ae11656f2e4d7085d3; IntegrityError(1062, u"Duplicate entry '1005-\\xB8>\\x94\\xA3\\xAC\\xB2\\x14\\xF3\\xFD\\xD3\\xAE\\xE9.\\x9F\\xBD\\xB5' for key 'job_id'")
2014-12-27 09:45:30,971 - com.numenta.nupic.swarming.HypersearchWorker(6961) - INFO - <BUILDID=N/A, WORKER=HW, WRKID=60, JOBID=1005> Adding model 1312 to our internal DB because modelInsertAndStart() failed to insert it: paramsHash=b83e94a3acb214f3fdd3aee92e9fbdb5, particleHash=63992b44cd44f06ccdaccaa1d685fba1, particleId='61.0.0'
2014-12-27 09:45:30,975 - com.numenta.nupic.database.ClientJobsDAO.ClientJobsDAO(6961) - INFO - <BUILDID=N/A, WORKER=HW, WRKID=60, JOBID=1005> Model insert attempt failed with DUP_ENTRY: jobID=1005; paramsHash=b83e94a3acb214f3fdd3aee92e9fbdb5 OR particleHash=07f76b88255ac52a4e7a85263bd405d5; IntegrityError(1062, u"Duplicate entry '1005-\\xB8>\\x94\\xA3\\xAC\\xB2\\x14\\xF3\\xFD\\xD3\\xAE\\xE9.\\x9F\\xBD\\xB5' for key 'job_id'")
2014-12-27 09:45:30,978 - com.numenta.nupic.swarming.HypersearchWorker(6961) - INFO - <BUILDID=N/A, WORKER=HW, WRKID=60, JOBID=1005> Adding model 1312 to our internal DB because modelInsertAndStart() failed to insert it: paramsHash=b83e94a3acb214f3fdd3aee92e9fbdb5, particleHash=63992b44cd44f06ccdaccaa1d685fba1, particleId='61.0.0'
2014-12-27 09:45:31,028 - com.numenta.nupic.database.ClientJobsDAO.ClientJobsDAO(6961) - INFO - <BUILDID=N/A, WORKER=HW, WRKID=60, JOBID=1005> Model insert attempt failed with DUP_ENTRY: jobID=1005; paramsHash=0ef29c702faac17f2e7a49e1a9a11f3a OR particleHash=7c095d5f45fad17b27ec9c05e09df593; IntegrityError(1062, u"Duplicate entry '1005-\\x0E\\xF2\\x9Cp/\\xAA\\xC1\\x7F.zI\\xE1\\xA9\\xA1\\x1F:' for key 'job_id'")
2014-12-27 09:45:31,031 - com.numenta.nupic.swarming.HypersearchWorker(6961) - INFO - <BUILDID=N/A, WORKER=HW, WRKID=60, JOBID=1005> Adding model 1323 to our internal DB because modelInsertAndStart() failed to insert it: paramsHash=0ef29c702faac17f2e7a49e1a9a11f3a, particleHash=92edbcb1c4877142980ff538f603d08c, particleId='61.10.0'
2014-12-27 09:45:31,034 - com.numenta.nupic.database.ClientJobsDAO.ClientJobsDAO(6961) - INFO - <BUILDID=N/A, WORKER=HW, WRKID=60, JOBID=1005> Model insert attempt failed with DUP_ENTRY: jobID=1005; paramsHash=0ef29c702faac17f2e7a49e1a9a11f3a OR particleHash=354208ffd8dfb950bf540058baa330cc; IntegrityError(1062, u"Duplicate entry '1005-\\x0E\\xF2\\x9Cp/\\xAA\\xC1\\x7F.zI\\xE1\\xA9\\xA1\\x1F:' for key 'job_id'")
2014-12-27 09:45:31,037 - com.numenta.nupic.swarming.HypersearchWorker(6961) - INFO - <BUILDID=N/A, WORKER=HW, WRKID=60, JOBID=1005> Adding model 1323 to our internal DB because modelInsertAndStart() failed to insert it: paramsHash=0ef29c702faac17f2e7a49e1a9a11f3a, particleHash=92edbcb1c4877142980ff538f603d08c, particleId='61.10.0'
2014-12-27 09:45:31,041 - com.numenta.nupic.database.ClientJobsDAO.ClientJobsDAO(6961) - INFO - <BUILDID=N/A, WORKER=HW, WRKID=60, JOBID=1005> Model insert attempt failed with DUP_ENTRY: jobID=1005; paramsHash=0ef29c702faac17f2e7a49e1a9a11f3a OR particleHash=570a42df500c4c26a7a88b4f58d26922; IntegrityError(1062, u"Duplicate entry '1005-\\x0E\\xF2\\x9Cp/\\xAA\\xC1\\x7F.zI\\xE1\\xA9\\xA1\\x1F:' for key 'job_id'")
2014-12-27 09:45:31,044 - com.numenta.nupic.swarming.HypersearchWorker(6961) - INFO - <BUILDID=N/A, WORKER=HW, WRKID=60, JOBID=1005> Adding model 1323 to our internal DB because modelInsertAndStart() failed to insert it: paramsHash=0ef29c702faac17f2e7a49e1a9a11f3a, particleHash=92edbcb1c4877142980ff538f603d08c, particleId='61.10.0'
2014-12-27 09:45:31,048 - com.numenta.nupic.database.ClientJobsDAO.ClientJobsDAO(6961) - INFO - <BUILDID=N/A, WORKER=HW, WRKID=60, JOBID=1005> Model insert attempt failed with DUP_ENTRY: jobID=1005; paramsHash=0ef29c702faac17f2e7a49e1a9a11f3a OR particleHash=339f972cd6067358f8d85c65779457f5; IntegrityError(1062, u"Duplicate entry '1005-\\x0E\\xF2\\x9Cp/\\xAA\\xC1\\x7F.zI\\xE1\\xA9\\xA1\\x1F:' for key 'job_id'")
2014-12-27 09:45:31,052 - com.numenta.nupic.swarming.HypersearchWorker(6961) - INFO - <BUILDID=N/A, WORKER=HW, WRKID=60, JOBID=1005> Adding model 1323 to our internal DB because modelInsertAndStart() failed to insert it: paramsHash=0ef29c702faac17f2e7a49e1a9a11f3a, particleHash=92edbcb1c4877142980ff538f603d08c, particleId='61.10.0'
2014-12-27 09:45:31,055 - com.numenta.nupic.database.ClientJobsDAO.ClientJobsDAO(6961) - INFO - <BUILDID=N/A, WORKER=HW, WRKID=60, JOBID=1005> Model insert attempt failed with DUP_ENTRY: jobID=1005; paramsHash=0ef29c702faac17f2e7a49e1a9a11f3a OR particleHash=146b6ccc0d7fc824d4afeea4fbfd554f; IntegrityError(1062, u"Duplicate entry '1005-\\x0E\\xF2\\x9Cp/\\xAA\\xC1\\x7F.zI\\xE1\\xA9\\xA1\\x1F:' for key 'job_id'")
2014-12-27 09:45:31,059 - com.numenta.nupic.swarming.HypersearchWorker(6961) - INFO - <BUILDID=N/A, WORKER=HW, WRKID=60, JOBID=1005> Adding model 1323 to our internal DB because modelInsertAndStart() failed to insert it: paramsHash=0ef29c702faac17f2e7a49e1a9a11f3a, particleHash=92edbcb1c4877142980ff538f603d08c, particleId='61.10.0'
2014-12-27 09:45:31,064 - com.numenta.nupic.database.ClientJobsDAO.ClientJobsDAO(6961) - INFO - <BUILDID=N/A, WORKER=HW, WRKID=60, JOBID=1005> Model insert attempt failed with DUP_ENTRY: jobID=1005; paramsHash=0ef29c702faac17f2e7a49e1a9a11f3a OR particleHash=9731295a445581f62691a4940c3e03c0; IntegrityError(1062, u"Duplicate entry '1005-\\x0E\\xF2\\x9Cp/\\xAA\\xC1\\x7F.zI\\xE1\\xA9\\xA1\\x1F:' for key 'job_id'")
2014-12-27 09:45:31,068 - com.numenta.nupic.swarming.HypersearchWorker(6961) - INFO - <BUILDID=N/A, WORKER=HW, WRKID=60, JOBID=1005> Adding model 1323 to our internal DB because modelInsertAndStart() failed to insert it: paramsHash=0ef29c702faac17f2e7a49e1a9a11f3a, particleHash=92edbcb1c4877142980ff538f603d08c, particleId='61.10.0'
2014-12-27 09:45:31,071 - com.numenta.nupic.database.ClientJobsDAO.ClientJobsDAO(6961) - INFO - <BUILDID=N/A, WORKER=HW, WRKID=60, JOBID=1005> Model insert attempt failed with DUP_ENTRY: jobID=1005; paramsHash=0ef29c702faac17f2e7a49e1a9a11f3a OR particleHash=b661b041a2fdcc5b30d7e508e51bb864; IntegrityError(1062, u"Duplicate entry '1005-\\x0E\\xF2\\x9Cp/\\xAA\\xC1\\x7F.zI\\xE1\\xA9\\xA1\\x1F:' for key 'job_id'")
2014-12-27 09:45:31,074 - com.numenta.nupic.swarming.HypersearchWorker(6961) - INFO - <BUILDID=N/A, WORKER=HW, WRKID=60, JOBID=1005> Adding model 1323 to our internal DB because modelInsertAndStart() failed to insert it: paramsHash=0ef29c702faac17f2e7a49e1a9a11f3a, particleHash=92edbcb1c4877142980ff538f603d08c, particleId='61.10.0'
2014-12-27 09:45:31,078 - com.numenta.nupic.database.ClientJobsDAO.ClientJobsDAO(6961) - INFO - <BUILDID=N/A, WORKER=HW, WRKID=60, JOBID=1005> Model insert attempt failed with DUP_ENTRY: jobID=1005; paramsHash=0ef29c702faac17f2e7a49e1a9a11f3a OR particleHash=75213c8a982ccfc0a47f9545d711931c; IntegrityError(1062, u"Duplicate entry '1005-\\x0E\\xF2\\x9Cp/\\xAA\\xC1\\x7F.zI\\xE1\\xA9\\xA1\\x1F:' for key 'job_id'")
2014-12-27 09:45:31,082 - com.numenta.nupic.swarming.HypersearchWorker(6961) - INFO - <BUILDID=N/A, WORKER=HW, WRKID=60, JOBID=1005> Adding model 1323 to our internal DB because modelInsertAndStart() failed to insert it: paramsHash=0ef29c702faac17f2e7a49e1a9a11f3a, particleHash=92edbcb1c4877142980ff538f603d08c, particleId='61.10.0'
2014-12-27 09:45:31,085 - com.numenta.nupic.database.ClientJobsDAO.ClientJobsDAO(6961) - INFO - <BUILDID=N/A, WORKER=HW, WRKID=60, JOBID=1005> Model insert attempt failed with DUP_ENTRY: jobID=1005; paramsHash=0ef29c702faac17f2e7a49e1a9a11f3a OR particleHash=ff19634c2cb0ee2476c4bb52b765ffc4; IntegrityError(1062, u"Duplicate entry '1005-\\x0E\\xF2\\x9Cp/\\xAA\\xC1\\x7F.zI\\xE1\\xA9\\xA1\\x1F:' for key 'job_id'")
2014-12-27 09:45:31,088 - com.numenta.nupic.swarming.HypersearchWorker(6961) - INFO - <BUILDID=N/A, WORKER=HW, WRKID=60, JOBID=1005> Adding model 1323 to our internal DB because modelInsertAndStart() failed to insert it: paramsHash=0ef29c702faac17f2e7a49e1a9a11f3a, particleHash=92edbcb1c4877142980ff538f603d08c, particleId='61.10.0'
2014-12-27 09:45:31,092 - com.numenta.nupic.database.ClientJobsDAO.ClientJobsDAO(6961) - INFO - <BUILDID=N/A, WORKER=HW, WRKID=60, JOBID=1005> Model insert attempt failed with DUP_ENTRY: jobID=1005; paramsHash=0ef29c702faac17f2e7a49e1a9a11f3a OR particleHash=92e72d8eb5a0689b3ab5439e5050eefb; IntegrityError(1062, u"Duplicate entry '1005-\\x0E\\xF2\\x9Cp/\\xAA\\xC1\\x7F.zI\\xE1\\xA9\\xA1\\x1F:' for key 'job_id'")
2014-12-27 09:45:31,095 - com.numenta.nupic.swarming.HypersearchWorker(6961) - INFO - <BUILDID=N/A, WORKER=HW, WRKID=60, JOBID=1005> Adding model 1323 to our internal DB because modelInsertAndStart() failed to insert it: paramsHash=0ef29c702faac17f2e7a49e1a9a11f3a, particleHash=92edbcb1c4877142980ff538f603d08c, particleId='61.10.0'
2014-12-27 09:45:31,099 - com.numenta.nupic.swarming.HypersearchV2.HypersearchV2(6961) - INFO - <BUILDID=N/A, WORKER=HW, WRKID=60, JOBID=1005> Completed generation #0 of swarm 'modelParams|sensorParams|encoders|kw_energy_consumption' with a best errScore of inf
2014-12-27 09:45:31,161 - com.numenta.nupic.swarming.HypersearchWorker(6961) - INFO - <BUILDID=N/A, WORKER=HW, WRKID=60, JOBID=1005> Adding model 1335 to our internal DB because modelInsertAndStart() failed to insert it: paramsHash=82447107c1d57318b4b297c7580b4921, particleHash=fdccbd56d2d46048d40508a9e0a588cd, particleId='61.0.1'
2014-12-27 09:45:31,165 - com.numenta.nupic.swarming.HypersearchWorker(6961) - INFO - <BUILDID=N/A, WORKER=HW, WRKID=60, JOBID=1005> Adding model 1335 to our internal DB because modelInsertAndStart() failed to insert it: paramsHash=82447107c1d57318b4b297c7580b4921, particleHash=fdccbd56d2d46048d40508a9e0a588cd, particleId='61.0.1'
2014-12-27 09:45:31,169 - com.numenta.nupic.swarming.HypersearchWorker(6961) - INFO - <BUILDID=N/A, WORKER=HW, WRKID=60, JOBID=1005> Adding model 1335 to our internal DB because modelInsertAndStart() failed to insert it: paramsHash=82447107c1d57318b4b297c7580b4921, particleHash=fdccbd56d2d46048d40508a9e0a588cd, particleId='61.0.1'
2014-12-27 09:45:31,175 - com.numenta.nupic.swarming.HypersearchWorker(6961) - INFO - <BUILDID=N/A, WORKER=HW, WRKID=60, JOBID=1005> Adding model 1335 to our internal DB because modelInsertAndStart() failed to insert it: paramsHash=82447107c1d57318b4b297c7580b4921, particleHash=fdccbd56d2d46048d40508a9e0a588cd, particleId='61.0.1'
2014-12-27 09:45:31,181 - com.numenta.nupic.swarming.HypersearchWorker(6961) - INFO - <BUILDID=N/A, WORKER=HW, WRKID=60, JOBID=1005> Adding model 1335 to our internal DB because modelInsertAndStart() failed to insert it: paramsHash=82447107c1d57318b4b297c7580b4921, particleHash=fdccbd56d2d46048d40508a9e0a588cd, particleId='61.0.1'
2014-12-27 09:45:31,184 - com.numenta.nupic.swarming.HypersearchWorker(6961) - INFO - <BUILDID=N/A, WORKER=HW, WRKID=60, JOBID=1005> Adding model 1335 to our internal DB because modelInsertAndStart() failed to insert it: paramsHash=82447107c1d57318b4b297c7580b4921, particleHash=fdccbd56d2d46048d40508a9e0a588cd, particleId='61.0.1'
2014-12-27 09:45:31,187 - com.numenta.nupic.swarming.HypersearchWorker(6961) - INFO - <BUILDID=N/A, WORKER=HW, WRKID=60, JOBID=1005> Adding model 1335 to our internal DB because modelInsertAndStart() failed to insert it: paramsHash=82447107c1d57318b4b297c7580b4921, particleHash=fdccbd56d2d46048d40508a9e0a588cd, particleId='61.0.1'
2014-12-27 09:45:31,193 - com.numenta.nupic.swarming.HypersearchWorker(6961) - INFO - <BUILDID=N/A, WORKER=HW, WRKID=60, JOBID=1005> Adding model 1335 to our internal DB because modelInsertAndStart() failed to insert it: paramsHash=82447107c1d57318b4b297c7580b4921, particleHash=fdccbd56d2d46048d40508a9e0a588cd, particleId='61.0.1'
2014-12-27 09:45:31,196 - com.numenta.nupic.swarming.HypersearchWorker(6961) - INFO - <BUILDID=N/A, WORKER=HW, WRKID=60, JOBID=1005> Adding model 1335 to our internal DB because modelInsertAndStart() failed to insert it: paramsHash=82447107c1d57318b4b297c7580b4921, particleHash=fdccbd56d2d46048d40508a9e0a588cd, particleId='61.0.1'
2014-12-27 09:45:31,199 - com.numenta.nupic.swarming.HypersearchWorker(6961) - INFO - <BUILDID=N/A, WORKER=HW, WRKID=60, JOBID=1005> Adding model 1335 to our internal DB because modelInsertAndStart() failed to insert it: paramsHash=82447107c1d57318b4b297c7580b4921, particleHash=fdccbd56d2d46048d40508a9e0a588cd, particleId='61.0.1'
2014-12-27 09:45:31,254 - com.numenta.nupic.database.ClientJobsDAO.ClientJobsDAO(6961) - INFO - <BUILDID=N/A, WORKER=HW, WRKID=60, JOBID=1005> Model insert attempt failed with DUP_ENTRY: jobID=1005; paramsHash=64ee87e1fc85a50b6238a83ad6fd62da OR particleHash=85aee778477a7d83356a8e862b84a3f2; IntegrityError(1062, u"Duplicate entry '1005-\\x85\\xAE\\xE7xGz}\\x835j\\x8E\\x86+\\x84\\xA3\\xF2' for key 'job_id_2'")
2014-12-27 09:45:31,257 - com.numenta.nupic.swarming.HypersearchWorker(6961) - INFO - <BUILDID=N/A, WORKER=HW, WRKID=60, JOBID=1005> Adding model 1336 to our internal DB because modelInsertAndStart() failed to insert it: paramsHash=54a66e30fe2eacf2eb9f523c28210f24, particleHash=85aee778477a7d83356a8e862b84a3f2, particleId='61.10.1'
2014-12-27 09:45:31,259 - com.numenta.nupic.database.ClientJobsDAO.ClientJobsDAO(6961) - INFO - <BUILDID=N/A, WORKER=HW, WRKID=60, JOBID=1005> Model insert attempt failed with DUP_ENTRY: jobID=1005; paramsHash=64ee87e1fc85a50b6238a83ad6fd62da OR particleHash=85aee778477a7d83356a8e862b84a3f2; IntegrityError(1062, u"Duplicate entry '1005-\\x85\\xAE\\xE7xGz}\\x835j\\x8E\\x86+\\x84\\xA3\\xF2' for key 'job_id_2'")
2014-12-27 09:45:31,262 - com.numenta.nupic.swarming.HypersearchWorker(6961) - INFO - <BUILDID=N/A, WORKER=HW, WRKID=60, JOBID=1005> Adding model 1336 to our internal DB because modelInsertAndStart() failed to insert it: paramsHash=54a66e30fe2eacf2eb9f523c28210f24, particleHash=85aee778477a7d83356a8e862b84a3f2, particleId='61.10.1'
2014-12-27 09:45:31,272 - com.numenta.nupic.database.ClientJobsDAO.ClientJobsDAO(6961) - INFO - <BUILDID=N/A, WORKER=HW, WRKID=60, JOBID=1005> Model insert attempt failed with DUP_ENTRY: jobID=1005; paramsHash=64ee87e1fc85a50b6238a83ad6fd62da OR particleHash=85aee778477a7d83356a8e862b84a3f2; IntegrityError(1062, u"Duplicate entry '1005-\\x85\\xAE\\xE7xGz}\\x835j\\x8E\\x86+\\x84\\xA3\\xF2' for key 'job_id_2'")
2014-12-27 09:45:31,276 - com.numenta.nupic.swarming.HypersearchWorker(6961) - INFO - <BUILDID=N/A, WORKER=HW, WRKID=60, JOBID=1005> Adding model 1336 to our internal DB because modelInsertAndStart() failed to insert it: paramsHash=54a66e30fe2eacf2eb9f523c28210f24, particleHash=85aee778477a7d83356a8e862b84a3f2, particleId='61.10.1'
2014-12-27 09:45:31,280 - com.numenta.nupic.database.ClientJobsDAO.ClientJobsDAO(6961) - INFO - <BUILDID=N/A, WORKER=HW, WRKID=60, JOBID=1005> Model insert attempt failed with DUP_ENTRY: jobID=1005; paramsHash=64ee87e1fc85a50b6238a83ad6fd62da OR particleHash=85aee778477a7d83356a8e862b84a3f2; IntegrityError(1062, u"Duplicate entry '1005-\\x85\\xAE\\xE7xGz}\\x835j\\x8E\\x86+\\x84\\xA3\\xF2' for key 'job_id_2'")
2014-12-27 09:45:31,303 - com.numenta.nupic.swarming.HypersearchWorker(6961) - INFO - <BUILDID=N/A, WORKER=HW, WRKID=60, JOBID=1005> Adding model 1336 to our internal DB because modelInsertAndStart() failed to insert it: paramsHash=54a66e30fe2eacf2eb9f523c28210f24, particleHash=85aee778477a7d83356a8e862b84a3f2, particleId='61.10.1'
2014-12-27 09:45:31,310 - com.numenta.nupic.database.ClientJobsDAO.ClientJobsDAO(6961) - INFO - <BUILDID=N/A, WORKER=HW, WRKID=60, JOBID=1005> Model insert attempt failed with DUP_ENTRY: jobID=1005; paramsHash=64ee87e1fc85a50b6238a83ad6fd62da OR particleHash=85aee778477a7d83356a8e862b84a3f2; IntegrityError(1062, u"Duplicate entry '1005-\\x85\\xAE\\xE7xGz}\\x835j\\x8E\\x86+\\x84\\xA3\\xF2' for key 'job_id_2'")
2014-12-27 09:45:31,313 - com.numenta.nupic.swarming.HypersearchWorker(6961) - INFO - <BUILDID=N/A, WORKER=HW, WRKID=60, JOBID=1005> Adding model 1336 to our internal DB because modelInsertAndStart() failed to insert it: paramsHash=54a66e30fe2eacf2eb9f523c28210f24, particleHash=85aee778477a7d83356a8e862b84a3f2, particleId='61.10.1'
2014-12-27 09:45:31,325 - com.numenta.nupic.database.ClientJobsDAO.ClientJobsDAO(6961) - INFO - <BUILDID=N/A, WORKER=HW, WRKID=60, JOBID=1005> Model insert attempt failed with DUP_ENTRY: jobID=1005; paramsHash=64ee87e1fc85a50b6238a83ad6fd62da OR particleHash=85aee778477a7d83356a8e862b84a3f2; IntegrityError(1062, u"Duplicate entry '1005-\\x85\\xAE\\xE7xGz}\\x835j\\x8E\\x86+\\x84\\xA3\\xF2' for key 'job_id_2'")
2014-12-27 09:45:31,338 - com.numenta.nupic.swarming.HypersearchWorker(6961) - INFO - <BUILDID=N/A, WORKER=HW, WRKID=60, JOBID=1005> Adding model 1336 to our internal DB because modelInsertAndStart() failed to insert it: paramsHash=54a66e30fe2eacf2eb9f523c28210f24, particleHash=85aee778477a7d83356a8e862b84a3f2, particleId='61.10.1'
2014-12-27 09:45:31,342 - com.numenta.nupic.database.ClientJobsDAO.ClientJobsDAO(6961) - INFO - <BUILDID=N/A, WORKER=HW, WRKID=60, JOBID=1005> Model insert attempt failed with DUP_ENTRY: jobID=1005; paramsHash=64ee87e1fc85a50b6238a83ad6fd62da OR particleHash=85aee778477a7d83356a8e862b84a3f2; IntegrityError(1062, u"Duplicate entry '1005-\\x85\\xAE\\xE7xGz}\\x835j\\x8E\\x86+\\x84\\xA3\\xF2' for key 'job_id_2'")
2014-12-27 09:45:31,356 - com.numenta.nupic.swarming.HypersearchWorker(6961) - INFO - <BUILDID=N/A, WORKER=HW, WRKID=60, JOBID=1005> Adding model 1336 to our internal DB because modelInsertAndStart() failed to insert it: paramsHash=54a66e30fe2eacf2eb9f523c28210f24, particleHash=85aee778477a7d83356a8e862b84a3f2, particleId='61.10.1'
2014-12-27 09:45:31,362 - com.numenta.nupic.database.ClientJobsDAO.ClientJobsDAO(6961) - INFO - <BUILDID=N/A, WORKER=HW, WRKID=60, JOBID=1005> Model insert attempt failed with DUP_ENTRY: jobID=1005; paramsHash=64ee87e1fc85a50b6238a83ad6fd62da OR particleHash=85aee778477a7d83356a8e862b84a3f2; IntegrityError(1062, u"Duplicate entry '1005-\\x85\\xAE\\xE7xGz}\\x835j\\x8E\\x86+\\x84\\xA3\\xF2' for key 'job_id_2'")
2014-12-27 09:45:31,374 - com.numenta.nupic.swarming.HypersearchWorker(6961) - INFO - <BUILDID=N/A, WORKER=HW, WRKID=60, JOBID=1005> Adding model 1336 to our internal DB because modelInsertAndStart() failed to insert it: paramsHash=54a66e30fe2eacf2eb9f523c28210f24, particleHash=85aee778477a7d83356a8e862b84a3f2, particleId='61.10.1'
2014-12-27 09:45:31,378 - com.numenta.nupic.database.ClientJobsDAO.ClientJobsDAO(6961) - INFO - <BUILDID=N/A, WORKER=HW, WRKID=60, JOBID=1005> Model insert attempt failed with DUP_ENTRY: jobID=1005; paramsHash=64ee87e1fc85a50b6238a83ad6fd62da OR particleHash=85aee778477a7d83356a8e862b84a3f2; IntegrityError(1062, u"Duplicate entry '1005-\\x85\\xAE\\xE7xGz}\\x835j\\x8E\\x86+\\x84\\xA3\\xF2' for key 'job_id_2'")
2014-12-27 09:45:31,382 - com.numenta.nupic.swarming.HypersearchWorker(6961) - INFO - <BUILDID=N/A, WORKER=HW, WRKID=60, JOBID=1005> Adding model 1336 to our internal DB because modelInsertAndStart() failed to insert it: paramsHash=54a66e30fe2eacf2eb9f523c28210f24, particleHash=85aee778477a7d83356a8e862b84a3f2, particleId='61.10.1'
2014-12-27 09:45:31,386 - com.numenta.nupic.database.ClientJobsDAO.ClientJobsDAO(6961) - INFO - <BUILDID=N/A, WORKER=HW, WRKID=60, JOBID=1005> Model insert attempt failed with DUP_ENTRY: jobID=1005; paramsHash=64ee87e1fc85a50b6238a83ad6fd62da OR particleHash=85aee778477a7d83356a8e862b84a3f2; IntegrityError(1062, u"Duplicate entry '1005-\\x85\\xAE\\xE7xGz}\\x835j\\x8E\\x86+\\x84\\xA3\\xF2' for key 'job_id_2'")
2014-12-27 09:45:31,391 - com.numenta.nupic.swarming.HypersearchWorker(6961) - INFO - <BUILDID=N/A, WORKER=HW, WRKID=60, JOBID=1005> Adding model 1336 to our internal DB because modelInsertAndStart() failed to insert it: paramsHash=54a66e30fe2eacf2eb9f523c28210f24, particleHash=85aee778477a7d83356a8e862b84a3f2, particleId='61.10.1'
2014-12-27 09:45:31,396 - com.numenta.nupic.swarming.HypersearchV2.HypersearchV2(6961) - ERROR - <BUILDID=N/A, WORKER=HW, WRKID=60, JOBID=1005> Exiting because some worker set the workerCompletionReason to error. WorkerCompletionMsg: E10002: Exiting due to receiving too many models failing from exceptions (6 out of 6). 
Model Exception: Exception occurred while running model 1312: Exception(u'Invalid file format for "/home/pat/workspace/nupic/examples/opf/clients/hotgym/prediction/sandiego/sandiego.csv" - field type ""2011-02-01 01:00:00"" not one of (\'string\', \'datetime\', \'int\', \'float\', \'bool\', \'sdr\') ',) (<type 'exceptions.Exception'>)
Traceback (most recent call last):
  File "/home/pat/workspace/nupic/nupic/swarming/utils.py", line 430, in runModelGivenBaseAndParams
    (completionReason, completionMsg) = runner.run()
  File "/home/pat/workspace/nupic/nupic/swarming/ModelRunner.py", line 237, in run
    maxTimeout=readTimeout)
  File "/home/pat/workspace/nupic/nupic/data/stream_reader.py", line 210, in __init__
    self._openStream(dataUrl, isBlocking, maxTimeout, bookmark, firstRecordIdx)
  File "/home/pat/workspace/nupic/nupic/data/stream_reader.py", line 298, in _openStream
    firstRecord=firstRecordIdx)
  File "/home/pat/workspace/nupic/nupic/data/file_record_stream.py", line 209, in __init__
    'not one of %s ' % (self._filename, t, allowedTypes))
Exception: Invalid file format for "/home/pat/workspace/nupic/examples/opf/clients/hotgym/prediction/sandiego/sandiego.csv" - field type ""2011-02-01 01:00:00"" not one of ('string', 'datetime', 'int', 'float', 'bool', 'sdr') 

2014-12-27 09:45:31,399 - com.numenta.nupic.swarming.HypersearchV2.HypersearchV2(6961) - INFO - <BUILDID=N/A, WORKER=HW, WRKID=60, JOBID=1005> Failed updating the field contributions, another hypersearch worker must have updated it
2014-12-27 09:45:31,400 - com.numenta.nupic.swarming.HypersearchWorker(6961) - INFO - <BUILDID=N/A, WORKER=HW, WRKID=60, JOBID=1005> FINISHED. Evaluated 0 models.
