2015-07-18 07:20:58,368 - com.numenta.nupic.swarming.HypersearchWorker(8291) - INFO - <BUILDID=N/A, WORKER=HS, WRKID=N/A, JOBID=N/A> Launched with command line arguments: ['--jobID=1044']
2015-07-18 07:20:58,368 - com.numenta.nupic.swarming.HypersearchWorker(8291) - INFO - <BUILDID=N/A, WORKER=HS, WRKID=N/A, JOBID=N/A> Connecting to the jobs database
2015-07-18 07:20:58,368 - com.numenta.nupic.database.Connection.ConnectionFactory(8291) - INFO - <BUILDID=N/A, WORKER=HS, WRKID=N/A, JOBID=N/A> Creating db connection policy via provider <bound method type._createDefaultPolicy of <class 'nupic.database.Connection.ConnectionFactory'>>
2015-07-18 07:20:58,385 - com.numenta.nupic.database.Connection.PooledConnectionPolicy(8291) - INFO - <BUILDID=N/A, WORKER=HS, WRKID=N/A, JOBID=N/A> Created PooledConnectionPolicy
2015-07-18 07:20:58,405 - com.numenta.nupic.database.ClientJobsDAO.ClientJobsDAO(8291) - INFO - <BUILDID=N/A, WORKER=HS, WRKID=N/A, JOBID=N/A> clientJobsConnectionID=49
2015-07-18 07:20:58,420 - com.numenta.nupic.swarming.HypersearchWorker(8291) - INFO - <BUILDID=N/A, WORKER=HW, WRKID=49, JOBID=1044> Job info retrieved: {'engModelMilestones': 'None', 'clientInfo': '', 'numFailedWorkers': '0', 'engJobType': 'hypersearch', 'results': 'None', 'jobId': '1044', 'completionMsg': 'None', 'cancel': '0', 'engWorkerState': 'None', 'workerCompletionMsg': 'None', 'jobHash': "4\xc8\xb5\x19-X\x11\xe5\x98\xe1\x08\x00'\x16\xdf\xd4", 'genBaseDescription': 'None', 'completionReason': 'None', 'priority': '0', 'cmdLine': '$HYPERSEARCH', 'params': '{"hsVersion": "v2", "maxModels": null, "persistentJobGUID": "34c...', 'workerCompletionReason': 'success', 'engAllocateNewWorkers': '1', 'lastFailedWorkerErrorMsg': 'None', 'engUntendedDeadWorkers': '0', 'engLastUpdateTime': '2015-07-18 14:20:57', 'status': 'notStarted', 'engStatus': 'None', 'startTime': 'None', 'minimumWorkers': '1', 'endTime': 'None', 'engCjmConnId': 'None', 'genPermutations': 'None', 'client': 'GRP', 'engCleaningStatus': 'notdone', 'clientKey': '', 'maximumWorkers': '4'}
2015-07-18 07:20:58,426 - com.numenta.nupic.swarming.HypersearchV2.HypersearchV2(8291) - INFO - <BUILDID=N/A, WORKER=HW, WRKID=49, JOBID=1044> searchParams: 
{u'description': {u'includedFields': [{u'fieldName': 'timestamp',
                                       u'fieldType': 'datetime'},
                                      {u'fieldName': 'euse',
                                       u'fieldType': 'float',
                                       u'maxValue': '35.0',
                                       u'minValue': '10.0'},
                                      {u'fieldName': 'temp',
                                       u'fieldType': 'float',
                                       u'maxValue': '110.0',
                                       u'minValue': '0.0'},
                                      {u'fieldName': 'humid',
                                       u'fieldType': 'float',
                                       u'maxValue': '100.0',
                                       u'minValue': '0.0'},
                                      {u'fieldName': 'wind',
                                       u'fieldType': 'float',
                                       u'maxValue': '50.0',
                                       u'minValue': '0.0'},
                                      {u'fieldName': 'is_daylight',
                                       u'fieldType': 'float',
                                       u'maxValue': '0.0',
                                       u'minValue': '0.0'},
                                      {u'fieldName': 'buildup',
                                       u'fieldType': 'float',
                                       u'maxValue': '0.0',
                                       u'minValue': '0.0'},
                                      {u'fieldName': 'sec_since_rise',
                                       u'fieldType': 'float',
                                       u'maxValue': '50000',
                                       u'minValue': '10.0'}],
                  u'inferenceArgs': {u'predictedField': 'euse',
                                     u'predictionSteps': ['4']},
                  u'inferenceType': 'TemporalMultiStep',
                  u'iterationCount': '-1',
                  u'streamDef': {u'info': 'kwh',
                                 u'streams': [{u'columns': ['timestamp',
                                                            'euse',
                                                            'temp',
                                                            'humid',
                                                            'wind',
                                                            'is_daylight',
                                                            'buildup',
                                                            'sec_since_rise'],
                                               u'info': 'weather_plus_7531',
                                               u'source': 'file:///home/pat/workspace/pecan/house_data/7531_data/7531_clean...'}]},
                  u'swarmSize': 'medium'},
 u'hsVersion': 'v2',
 u'maxModels': 'None',
 u'persistentJobGUID': '34c8b518-2d58-11e5-98e1-08002716dfd4',
 u'useTerminators': 'False'}
2015-07-18 07:21:28,413 - com.numenta.nupic.swarming.HypersearchV2.HypersearchV2(8291) - INFO - <BUILDID=N/A, WORKER=HW, WRKID=49, JOBID=1044> Active swarms changed to [u'modelParams|sensorParams|encoders|humid', u'modelParams|sensorParams|encoders|wind', u'modelParams|sensorParams|encoders|is_daylight', u'modelParams|sensorParams|encoders|sec_since_rise', u'modelParams|sensorParams|encoders|timestamp_timeOfDay', u'modelParams|sensorParams|encoders|timestamp_dayOfWeek', u'modelParams|sensorParams|encoders|buildup', u'modelParams|sensorParams|encoders|euse', u'modelParams|sensorParams|encoders|temp', u'modelParams|sensorParams|encoders|timestamp_weekend'] (from None)
2015-07-18 07:21:28,575 - com.numenta.nupic.database.ClientJobsDAO.ClientJobsDAO(8291) - INFO - <BUILDID=N/A, WORKER=HW, WRKID=49, JOBID=1044> Model insert attempt failed with DUP_ENTRY: jobID=1044; paramsHash=bc1676bd5de23e7524a9fc9ffdeecdf2 OR particleHash=d34ea1d547ac6f4210cd74e3d6772d14; IntegrityError(1062, u"Duplicate entry '1044-\\xBC\\x16v\\xBD]\\xE2>u$\\xA9\\xFC\\x9F\\xFD\\xEE\\xCD\\xF2' for key 'job_id'")
2015-07-18 07:21:28,588 - com.numenta.nupic.swarming.HypersearchWorker(8291) - INFO - <BUILDID=N/A, WORKER=HW, WRKID=49, JOBID=1044> Adding model 4381 to our internal DB because modelInsertAndStart() failed to insert it: paramsHash=bc1676bd5de23e7524a9fc9ffdeecdf2, particleHash=e0eec1370ff310c451d9bce8c9b6efc9, particleId='47.0.0'
2015-07-18 07:21:28,592 - com.numenta.nupic.database.ClientJobsDAO.ClientJobsDAO(8291) - INFO - <BUILDID=N/A, WORKER=HW, WRKID=49, JOBID=1044> Model insert attempt failed with DUP_ENTRY: jobID=1044; paramsHash=bc1676bd5de23e7524a9fc9ffdeecdf2 OR particleHash=f4b749340c79406e44abf5fffee05b6c; IntegrityError(1062, u"Duplicate entry '1044-\\xBC\\x16v\\xBD]\\xE2>u$\\xA9\\xFC\\x9F\\xFD\\xEE\\xCD\\xF2' for key 'job_id'")
2015-07-18 07:21:28,602 - com.numenta.nupic.swarming.HypersearchWorker(8291) - INFO - <BUILDID=N/A, WORKER=HW, WRKID=49, JOBID=1044> Adding model 4381 to our internal DB because modelInsertAndStart() failed to insert it: paramsHash=bc1676bd5de23e7524a9fc9ffdeecdf2, particleHash=e0eec1370ff310c451d9bce8c9b6efc9, particleId='47.0.0'
2015-07-18 07:21:28,608 - com.numenta.nupic.database.ClientJobsDAO.ClientJobsDAO(8291) - INFO - <BUILDID=N/A, WORKER=HW, WRKID=49, JOBID=1044> Model insert attempt failed with DUP_ENTRY: jobID=1044; paramsHash=bc1676bd5de23e7524a9fc9ffdeecdf2 OR particleHash=f89e853c5c982a4901256728c42ec9a9; IntegrityError(1062, u"Duplicate entry '1044-\\xBC\\x16v\\xBD]\\xE2>u$\\xA9\\xFC\\x9F\\xFD\\xEE\\xCD\\xF2' for key 'job_id'")
2015-07-18 07:21:28,618 - com.numenta.nupic.swarming.HypersearchWorker(8291) - INFO - <BUILDID=N/A, WORKER=HW, WRKID=49, JOBID=1044> Adding model 4381 to our internal DB because modelInsertAndStart() failed to insert it: paramsHash=bc1676bd5de23e7524a9fc9ffdeecdf2, particleHash=e0eec1370ff310c451d9bce8c9b6efc9, particleId='47.0.0'
2015-07-18 07:21:28,630 - com.numenta.nupic.database.ClientJobsDAO.ClientJobsDAO(8291) - INFO - <BUILDID=N/A, WORKER=HW, WRKID=49, JOBID=1044> Model insert attempt failed with DUP_ENTRY: jobID=1044; paramsHash=bc1676bd5de23e7524a9fc9ffdeecdf2 OR particleHash=b5e7ac6a4c93a7c2479842d818457f25; IntegrityError(1062, u"Duplicate entry '1044-\\xBC\\x16v\\xBD]\\xE2>u$\\xA9\\xFC\\x9F\\xFD\\xEE\\xCD\\xF2' for key 'job_id'")
2015-07-18 07:21:28,638 - com.numenta.nupic.swarming.HypersearchWorker(8291) - INFO - <BUILDID=N/A, WORKER=HW, WRKID=49, JOBID=1044> Adding model 4381 to our internal DB because modelInsertAndStart() failed to insert it: paramsHash=bc1676bd5de23e7524a9fc9ffdeecdf2, particleHash=e0eec1370ff310c451d9bce8c9b6efc9, particleId='47.0.0'
2015-07-18 07:21:28,643 - com.numenta.nupic.database.ClientJobsDAO.ClientJobsDAO(8291) - INFO - <BUILDID=N/A, WORKER=HW, WRKID=49, JOBID=1044> Model insert attempt failed with DUP_ENTRY: jobID=1044; paramsHash=bc1676bd5de23e7524a9fc9ffdeecdf2 OR particleHash=7937b2374e03acc6b4d215b11296d241; IntegrityError(1062, u"Duplicate entry '1044-\\xBC\\x16v\\xBD]\\xE2>u$\\xA9\\xFC\\x9F\\xFD\\xEE\\xCD\\xF2' for key 'job_id'")
2015-07-18 07:21:28,661 - com.numenta.nupic.swarming.HypersearchWorker(8291) - INFO - <BUILDID=N/A, WORKER=HW, WRKID=49, JOBID=1044> Adding model 4381 to our internal DB because modelInsertAndStart() failed to insert it: paramsHash=bc1676bd5de23e7524a9fc9ffdeecdf2, particleHash=e0eec1370ff310c451d9bce8c9b6efc9, particleId='47.0.0'
2015-07-18 07:21:28,674 - com.numenta.nupic.database.ClientJobsDAO.ClientJobsDAO(8291) - INFO - <BUILDID=N/A, WORKER=HW, WRKID=49, JOBID=1044> Model insert attempt failed with DUP_ENTRY: jobID=1044; paramsHash=bc1676bd5de23e7524a9fc9ffdeecdf2 OR particleHash=904aa78f8391097adfb4d9a6650fcf7e; IntegrityError(1062, u"Duplicate entry '1044-\\xBC\\x16v\\xBD]\\xE2>u$\\xA9\\xFC\\x9F\\xFD\\xEE\\xCD\\xF2' for key 'job_id'")
2015-07-18 07:21:28,685 - com.numenta.nupic.swarming.HypersearchWorker(8291) - INFO - <BUILDID=N/A, WORKER=HW, WRKID=49, JOBID=1044> Adding model 4381 to our internal DB because modelInsertAndStart() failed to insert it: paramsHash=bc1676bd5de23e7524a9fc9ffdeecdf2, particleHash=e0eec1370ff310c451d9bce8c9b6efc9, particleId='47.0.0'
2015-07-18 07:21:28,691 - com.numenta.nupic.database.ClientJobsDAO.ClientJobsDAO(8291) - INFO - <BUILDID=N/A, WORKER=HW, WRKID=49, JOBID=1044> Model insert attempt failed with DUP_ENTRY: jobID=1044; paramsHash=bc1676bd5de23e7524a9fc9ffdeecdf2 OR particleHash=3414558704f52e3556dd3126ea3a64a3; IntegrityError(1062, u"Duplicate entry '1044-\\xBC\\x16v\\xBD]\\xE2>u$\\xA9\\xFC\\x9F\\xFD\\xEE\\xCD\\xF2' for key 'job_id'")
2015-07-18 07:21:28,698 - com.numenta.nupic.swarming.HypersearchWorker(8291) - INFO - <BUILDID=N/A, WORKER=HW, WRKID=49, JOBID=1044> Adding model 4381 to our internal DB because modelInsertAndStart() failed to insert it: paramsHash=bc1676bd5de23e7524a9fc9ffdeecdf2, particleHash=e0eec1370ff310c451d9bce8c9b6efc9, particleId='47.0.0'
2015-07-18 07:21:28,705 - com.numenta.nupic.database.ClientJobsDAO.ClientJobsDAO(8291) - INFO - <BUILDID=N/A, WORKER=HW, WRKID=49, JOBID=1044> Model insert attempt failed with DUP_ENTRY: jobID=1044; paramsHash=bc1676bd5de23e7524a9fc9ffdeecdf2 OR particleHash=9d48ba7988a6541bb020d7a8eb12e91c; IntegrityError(1062, u"Duplicate entry '1044-\\xBC\\x16v\\xBD]\\xE2>u$\\xA9\\xFC\\x9F\\xFD\\xEE\\xCD\\xF2' for key 'job_id'")
2015-07-18 07:21:28,712 - com.numenta.nupic.swarming.HypersearchWorker(8291) - INFO - <BUILDID=N/A, WORKER=HW, WRKID=49, JOBID=1044> Adding model 4381 to our internal DB because modelInsertAndStart() failed to insert it: paramsHash=bc1676bd5de23e7524a9fc9ffdeecdf2, particleHash=e0eec1370ff310c451d9bce8c9b6efc9, particleId='47.0.0'
2015-07-18 07:21:28,719 - com.numenta.nupic.database.ClientJobsDAO.ClientJobsDAO(8291) - INFO - <BUILDID=N/A, WORKER=HW, WRKID=49, JOBID=1044> Model insert attempt failed with DUP_ENTRY: jobID=1044; paramsHash=bc1676bd5de23e7524a9fc9ffdeecdf2 OR particleHash=64b41ee12f4dec812c8102f7b031ac37; IntegrityError(1062, u"Duplicate entry '1044-\\xBC\\x16v\\xBD]\\xE2>u$\\xA9\\xFC\\x9F\\xFD\\xEE\\xCD\\xF2' for key 'job_id'")
2015-07-18 07:21:28,728 - com.numenta.nupic.swarming.HypersearchWorker(8291) - INFO - <BUILDID=N/A, WORKER=HW, WRKID=49, JOBID=1044> Adding model 4381 to our internal DB because modelInsertAndStart() failed to insert it: paramsHash=bc1676bd5de23e7524a9fc9ffdeecdf2, particleHash=e0eec1370ff310c451d9bce8c9b6efc9, particleId='47.0.0'
2015-07-18 07:21:28,731 - com.numenta.nupic.database.ClientJobsDAO.ClientJobsDAO(8291) - INFO - <BUILDID=N/A, WORKER=HW, WRKID=49, JOBID=1044> Model insert attempt failed with DUP_ENTRY: jobID=1044; paramsHash=bc1676bd5de23e7524a9fc9ffdeecdf2 OR particleHash=b3d994fd41d6238b5e7e54892e3e8c15; IntegrityError(1062, u"Duplicate entry '1044-\\xBC\\x16v\\xBD]\\xE2>u$\\xA9\\xFC\\x9F\\xFD\\xEE\\xCD\\xF2' for key 'job_id'")
2015-07-18 07:21:28,740 - com.numenta.nupic.swarming.HypersearchWorker(8291) - INFO - <BUILDID=N/A, WORKER=HW, WRKID=49, JOBID=1044> Adding model 4381 to our internal DB because modelInsertAndStart() failed to insert it: paramsHash=bc1676bd5de23e7524a9fc9ffdeecdf2, particleHash=e0eec1370ff310c451d9bce8c9b6efc9, particleId='47.0.0'
2015-07-18 07:21:28,910 - com.numenta.nupic.database.ClientJobsDAO.ClientJobsDAO(8291) - INFO - <BUILDID=N/A, WORKER=HW, WRKID=49, JOBID=1044> Model insert attempt failed with DUP_ENTRY: jobID=1044; paramsHash=9c941537d601a20d983fc9b422a68886 OR particleHash=a23b021da33708cb018fcf794bcb2045; IntegrityError(1062, u'Duplicate entry \'1044-\\x9C\\x94\\x157\\xD6\\x01\\xA2\\x0D\\x98?\\xC9\\xB4"\\xA6\\x88\\x86\' for key \'job_id\'')
2015-07-18 07:21:28,921 - com.numenta.nupic.swarming.HypersearchWorker(8291) - INFO - <BUILDID=N/A, WORKER=HW, WRKID=49, JOBID=1044> Adding model 4402 to our internal DB because modelInsertAndStart() failed to insert it: paramsHash=9c941537d601a20d983fc9b422a68886, particleHash=5536b60870bd84c4e2b73a9812af7dc6, particleId='50.0.0'
2015-07-18 07:21:28,926 - com.numenta.nupic.database.ClientJobsDAO.ClientJobsDAO(8291) - INFO - <BUILDID=N/A, WORKER=HW, WRKID=49, JOBID=1044> Model insert attempt failed with DUP_ENTRY: jobID=1044; paramsHash=9c941537d601a20d983fc9b422a68886 OR particleHash=7417b301f4308d7b3251cddfa1bdf9d5; IntegrityError(1062, u'Duplicate entry \'1044-\\x9C\\x94\\x157\\xD6\\x01\\xA2\\x0D\\x98?\\xC9\\xB4"\\xA6\\x88\\x86\' for key \'job_id\'')
2015-07-18 07:21:28,937 - com.numenta.nupic.swarming.HypersearchWorker(8291) - INFO - <BUILDID=N/A, WORKER=HW, WRKID=49, JOBID=1044> Adding model 4402 to our internal DB because modelInsertAndStart() failed to insert it: paramsHash=9c941537d601a20d983fc9b422a68886, particleHash=5536b60870bd84c4e2b73a9812af7dc6, particleId='50.0.0'
2015-07-18 07:21:28,943 - com.numenta.nupic.database.ClientJobsDAO.ClientJobsDAO(8291) - INFO - <BUILDID=N/A, WORKER=HW, WRKID=49, JOBID=1044> Model insert attempt failed with DUP_ENTRY: jobID=1044; paramsHash=9c941537d601a20d983fc9b422a68886 OR particleHash=5bf8684d799fd96215fee6cfe0136261; IntegrityError(1062, u'Duplicate entry \'1044-\\x9C\\x94\\x157\\xD6\\x01\\xA2\\x0D\\x98?\\xC9\\xB4"\\xA6\\x88\\x86\' for key \'job_id\'')
2015-07-18 07:21:28,957 - com.numenta.nupic.swarming.HypersearchWorker(8291) - INFO - <BUILDID=N/A, WORKER=HW, WRKID=49, JOBID=1044> Adding model 4402 to our internal DB because modelInsertAndStart() failed to insert it: paramsHash=9c941537d601a20d983fc9b422a68886, particleHash=5536b60870bd84c4e2b73a9812af7dc6, particleId='50.0.0'
2015-07-18 07:21:28,962 - com.numenta.nupic.database.ClientJobsDAO.ClientJobsDAO(8291) - INFO - <BUILDID=N/A, WORKER=HW, WRKID=49, JOBID=1044> Model insert attempt failed with DUP_ENTRY: jobID=1044; paramsHash=9c941537d601a20d983fc9b422a68886 OR particleHash=21d45c48f4b4cda9e3f8a46659429ba2; IntegrityError(1062, u'Duplicate entry \'1044-\\x9C\\x94\\x157\\xD6\\x01\\xA2\\x0D\\x98?\\xC9\\xB4"\\xA6\\x88\\x86\' for key \'job_id\'')
2015-07-18 07:21:28,971 - com.numenta.nupic.swarming.HypersearchWorker(8291) - INFO - <BUILDID=N/A, WORKER=HW, WRKID=49, JOBID=1044> Adding model 4402 to our internal DB because modelInsertAndStart() failed to insert it: paramsHash=9c941537d601a20d983fc9b422a68886, particleHash=5536b60870bd84c4e2b73a9812af7dc6, particleId='50.0.0'
2015-07-18 07:21:28,981 - com.numenta.nupic.database.ClientJobsDAO.ClientJobsDAO(8291) - INFO - <BUILDID=N/A, WORKER=HW, WRKID=49, JOBID=1044> Model insert attempt failed with DUP_ENTRY: jobID=1044; paramsHash=9c941537d601a20d983fc9b422a68886 OR particleHash=88836174a77ea8f8100cba71062cee29; IntegrityError(1062, u'Duplicate entry \'1044-\\x9C\\x94\\x157\\xD6\\x01\\xA2\\x0D\\x98?\\xC9\\xB4"\\xA6\\x88\\x86\' for key \'job_id\'')
2015-07-18 07:21:28,992 - com.numenta.nupic.swarming.HypersearchWorker(8291) - INFO - <BUILDID=N/A, WORKER=HW, WRKID=49, JOBID=1044> Adding model 4402 to our internal DB because modelInsertAndStart() failed to insert it: paramsHash=9c941537d601a20d983fc9b422a68886, particleHash=5536b60870bd84c4e2b73a9812af7dc6, particleId='50.0.0'
2015-07-18 07:21:28,997 - com.numenta.nupic.database.ClientJobsDAO.ClientJobsDAO(8291) - INFO - <BUILDID=N/A, WORKER=HW, WRKID=49, JOBID=1044> Model insert attempt failed with DUP_ENTRY: jobID=1044; paramsHash=9c941537d601a20d983fc9b422a68886 OR particleHash=89658e9205045c3243dfe92d843b406f; IntegrityError(1062, u'Duplicate entry \'1044-\\x9C\\x94\\x157\\xD6\\x01\\xA2\\x0D\\x98?\\xC9\\xB4"\\xA6\\x88\\x86\' for key \'job_id\'')
2015-07-18 07:21:29,007 - com.numenta.nupic.swarming.HypersearchWorker(8291) - INFO - <BUILDID=N/A, WORKER=HW, WRKID=49, JOBID=1044> Adding model 4402 to our internal DB because modelInsertAndStart() failed to insert it: paramsHash=9c941537d601a20d983fc9b422a68886, particleHash=5536b60870bd84c4e2b73a9812af7dc6, particleId='50.0.0'
2015-07-18 07:21:29,011 - com.numenta.nupic.database.ClientJobsDAO.ClientJobsDAO(8291) - INFO - <BUILDID=N/A, WORKER=HW, WRKID=49, JOBID=1044> Model insert attempt failed with DUP_ENTRY: jobID=1044; paramsHash=9c941537d601a20d983fc9b422a68886 OR particleHash=efde3f94c268c46c9eea6951fa18ee01; IntegrityError(1062, u'Duplicate entry \'1044-\\x9C\\x94\\x157\\xD6\\x01\\xA2\\x0D\\x98?\\xC9\\xB4"\\xA6\\x88\\x86\' for key \'job_id\'')
2015-07-18 07:21:29,023 - com.numenta.nupic.swarming.HypersearchWorker(8291) - INFO - <BUILDID=N/A, WORKER=HW, WRKID=49, JOBID=1044> Adding model 4402 to our internal DB because modelInsertAndStart() failed to insert it: paramsHash=9c941537d601a20d983fc9b422a68886, particleHash=5536b60870bd84c4e2b73a9812af7dc6, particleId='50.0.0'
2015-07-18 07:21:29,028 - com.numenta.nupic.database.ClientJobsDAO.ClientJobsDAO(8291) - INFO - <BUILDID=N/A, WORKER=HW, WRKID=49, JOBID=1044> Model insert attempt failed with DUP_ENTRY: jobID=1044; paramsHash=9c941537d601a20d983fc9b422a68886 OR particleHash=d859a3e7b5842aa31892b6de143d6e67; IntegrityError(1062, u'Duplicate entry \'1044-\\x9C\\x94\\x157\\xD6\\x01\\xA2\\x0D\\x98?\\xC9\\xB4"\\xA6\\x88\\x86\' for key \'job_id\'')
2015-07-18 07:21:29,038 - com.numenta.nupic.swarming.HypersearchWorker(8291) - INFO - <BUILDID=N/A, WORKER=HW, WRKID=49, JOBID=1044> Adding model 4402 to our internal DB because modelInsertAndStart() failed to insert it: paramsHash=9c941537d601a20d983fc9b422a68886, particleHash=5536b60870bd84c4e2b73a9812af7dc6, particleId='50.0.0'
2015-07-18 07:21:29,046 - com.numenta.nupic.database.ClientJobsDAO.ClientJobsDAO(8291) - INFO - <BUILDID=N/A, WORKER=HW, WRKID=49, JOBID=1044> Model insert attempt failed with DUP_ENTRY: jobID=1044; paramsHash=9c941537d601a20d983fc9b422a68886 OR particleHash=a9bbc032aed4ea98822681e83ec7938a; IntegrityError(1062, u'Duplicate entry \'1044-\\x9C\\x94\\x157\\xD6\\x01\\xA2\\x0D\\x98?\\xC9\\xB4"\\xA6\\x88\\x86\' for key \'job_id\'')
2015-07-18 07:21:29,057 - com.numenta.nupic.swarming.HypersearchWorker(8291) - INFO - <BUILDID=N/A, WORKER=HW, WRKID=49, JOBID=1044> Adding model 4402 to our internal DB because modelInsertAndStart() failed to insert it: paramsHash=9c941537d601a20d983fc9b422a68886, particleHash=5536b60870bd84c4e2b73a9812af7dc6, particleId='50.0.0'
2015-07-18 07:21:29,060 - com.numenta.nupic.database.ClientJobsDAO.ClientJobsDAO(8291) - INFO - <BUILDID=N/A, WORKER=HW, WRKID=49, JOBID=1044> Model insert attempt failed with DUP_ENTRY: jobID=1044; paramsHash=9c941537d601a20d983fc9b422a68886 OR particleHash=be51511974d75712e4941ab3fbfed8d2; IntegrityError(1062, u'Duplicate entry \'1044-\\x9C\\x94\\x157\\xD6\\x01\\xA2\\x0D\\x98?\\xC9\\xB4"\\xA6\\x88\\x86\' for key \'job_id\'')
2015-07-18 07:21:29,068 - com.numenta.nupic.swarming.HypersearchWorker(8291) - INFO - <BUILDID=N/A, WORKER=HW, WRKID=49, JOBID=1044> Adding model 4402 to our internal DB because modelInsertAndStart() failed to insert it: paramsHash=9c941537d601a20d983fc9b422a68886, particleHash=5536b60870bd84c4e2b73a9812af7dc6, particleId='50.0.0'
2015-07-18 07:21:29,319 - com.numenta.nupic.database.ClientJobsDAO.ClientJobsDAO(8291) - INFO - <BUILDID=N/A, WORKER=HW, WRKID=49, JOBID=1044> Model insert attempt failed with DUP_ENTRY: jobID=1044; paramsHash=32e4e1a95a56df3e08ff6beccb847bc5 OR particleHash=fde89c1a9445a1d37496ee495d43d518; IntegrityError(1062, u"Duplicate entry '1044-2\\xE4\\xE1\\xA9ZV\\xDF>\\x08\\xFFk\\xEC\\xCB\\x84{\\xC5' for key 'job_id'")
2015-07-18 07:21:29,331 - com.numenta.nupic.swarming.HypersearchWorker(8291) - INFO - <BUILDID=N/A, WORKER=HW, WRKID=49, JOBID=1044> Adding model 4423 to our internal DB because modelInsertAndStart() failed to insert it: paramsHash=32e4e1a95a56df3e08ff6beccb847bc5, particleHash=b7b820841630fffe84182389371815fd, particleId='48.20.0'
2015-07-18 07:21:29,344 - com.numenta.nupic.database.ClientJobsDAO.ClientJobsDAO(8291) - INFO - <BUILDID=N/A, WORKER=HW, WRKID=49, JOBID=1044> Model insert attempt failed with DUP_ENTRY: jobID=1044; paramsHash=32e4e1a95a56df3e08ff6beccb847bc5 OR particleHash=2e43370a9955768bb482a457eda932a9; IntegrityError(1062, u"Duplicate entry '1044-2\\xE4\\xE1\\xA9ZV\\xDF>\\x08\\xFFk\\xEC\\xCB\\x84{\\xC5' for key 'job_id'")
2015-07-18 07:21:29,358 - com.numenta.nupic.swarming.HypersearchWorker(8291) - INFO - <BUILDID=N/A, WORKER=HW, WRKID=49, JOBID=1044> Adding model 4423 to our internal DB because modelInsertAndStart() failed to insert it: paramsHash=32e4e1a95a56df3e08ff6beccb847bc5, particleHash=b7b820841630fffe84182389371815fd, particleId='48.20.0'
2015-07-18 07:21:29,367 - com.numenta.nupic.database.ClientJobsDAO.ClientJobsDAO(8291) - INFO - <BUILDID=N/A, WORKER=HW, WRKID=49, JOBID=1044> Model insert attempt failed with DUP_ENTRY: jobID=1044; paramsHash=32e4e1a95a56df3e08ff6beccb847bc5 OR particleHash=a15b6bec37d9be72c9ac72ff1090c9b0; IntegrityError(1062, u"Duplicate entry '1044-2\\xE4\\xE1\\xA9ZV\\xDF>\\x08\\xFFk\\xEC\\xCB\\x84{\\xC5' for key 'job_id'")
2015-07-18 07:21:29,379 - com.numenta.nupic.swarming.HypersearchWorker(8291) - INFO - <BUILDID=N/A, WORKER=HW, WRKID=49, JOBID=1044> Adding model 4423 to our internal DB because modelInsertAndStart() failed to insert it: paramsHash=32e4e1a95a56df3e08ff6beccb847bc5, particleHash=b7b820841630fffe84182389371815fd, particleId='48.20.0'
2015-07-18 07:21:29,385 - com.numenta.nupic.database.ClientJobsDAO.ClientJobsDAO(8291) - INFO - <BUILDID=N/A, WORKER=HW, WRKID=49, JOBID=1044> Model insert attempt failed with DUP_ENTRY: jobID=1044; paramsHash=32e4e1a95a56df3e08ff6beccb847bc5 OR particleHash=442ff95eff46c633e1d98184942f818a; IntegrityError(1062, u"Duplicate entry '1044-2\\xE4\\xE1\\xA9ZV\\xDF>\\x08\\xFFk\\xEC\\xCB\\x84{\\xC5' for key 'job_id'")
2015-07-18 07:21:29,400 - com.numenta.nupic.swarming.HypersearchWorker(8291) - INFO - <BUILDID=N/A, WORKER=HW, WRKID=49, JOBID=1044> Adding model 4423 to our internal DB because modelInsertAndStart() failed to insert it: paramsHash=32e4e1a95a56df3e08ff6beccb847bc5, particleHash=b7b820841630fffe84182389371815fd, particleId='48.20.0'
2015-07-18 07:21:29,403 - com.numenta.nupic.database.ClientJobsDAO.ClientJobsDAO(8291) - INFO - <BUILDID=N/A, WORKER=HW, WRKID=49, JOBID=1044> Model insert attempt failed with DUP_ENTRY: jobID=1044; paramsHash=32e4e1a95a56df3e08ff6beccb847bc5 OR particleHash=e58218f10365979112689ede0906d441; IntegrityError(1062, u"Duplicate entry '1044-2\\xE4\\xE1\\xA9ZV\\xDF>\\x08\\xFFk\\xEC\\xCB\\x84{\\xC5' for key 'job_id'")
2015-07-18 07:21:29,415 - com.numenta.nupic.swarming.HypersearchWorker(8291) - INFO - <BUILDID=N/A, WORKER=HW, WRKID=49, JOBID=1044> Adding model 4423 to our internal DB because modelInsertAndStart() failed to insert it: paramsHash=32e4e1a95a56df3e08ff6beccb847bc5, particleHash=b7b820841630fffe84182389371815fd, particleId='48.20.0'
2015-07-18 07:21:29,421 - com.numenta.nupic.database.ClientJobsDAO.ClientJobsDAO(8291) - INFO - <BUILDID=N/A, WORKER=HW, WRKID=49, JOBID=1044> Model insert attempt failed with DUP_ENTRY: jobID=1044; paramsHash=32e4e1a95a56df3e08ff6beccb847bc5 OR particleHash=c7e74cac0ed39401a445fa212bd955ca; IntegrityError(1062, u"Duplicate entry '1044-2\\xE4\\xE1\\xA9ZV\\xDF>\\x08\\xFFk\\xEC\\xCB\\x84{\\xC5' for key 'job_id'")
2015-07-18 07:21:29,432 - com.numenta.nupic.swarming.HypersearchWorker(8291) - INFO - <BUILDID=N/A, WORKER=HW, WRKID=49, JOBID=1044> Adding model 4423 to our internal DB because modelInsertAndStart() failed to insert it: paramsHash=32e4e1a95a56df3e08ff6beccb847bc5, particleHash=b7b820841630fffe84182389371815fd, particleId='48.20.0'
2015-07-18 07:21:29,446 - com.numenta.nupic.database.ClientJobsDAO.ClientJobsDAO(8291) - INFO - <BUILDID=N/A, WORKER=HW, WRKID=49, JOBID=1044> Model insert attempt failed with DUP_ENTRY: jobID=1044; paramsHash=32e4e1a95a56df3e08ff6beccb847bc5 OR particleHash=b76aedd16dac6b948033b0241700a65c; IntegrityError(1062, u"Duplicate entry '1044-2\\xE4\\xE1\\xA9ZV\\xDF>\\x08\\xFFk\\xEC\\xCB\\x84{\\xC5' for key 'job_id'")
2015-07-18 07:21:29,479 - com.numenta.nupic.swarming.HypersearchWorker(8291) - INFO - <BUILDID=N/A, WORKER=HW, WRKID=49, JOBID=1044> Adding model 4423 to our internal DB because modelInsertAndStart() failed to insert it: paramsHash=32e4e1a95a56df3e08ff6beccb847bc5, particleHash=b7b820841630fffe84182389371815fd, particleId='48.20.0'
2015-07-18 07:21:29,504 - com.numenta.nupic.database.ClientJobsDAO.ClientJobsDAO(8291) - INFO - <BUILDID=N/A, WORKER=HW, WRKID=49, JOBID=1044> Model insert attempt failed with DUP_ENTRY: jobID=1044; paramsHash=32e4e1a95a56df3e08ff6beccb847bc5 OR particleHash=6f0c3858ba101ea1516a4382fa19a921; IntegrityError(1062, u"Duplicate entry '1044-2\\xE4\\xE1\\xA9ZV\\xDF>\\x08\\xFFk\\xEC\\xCB\\x84{\\xC5' for key 'job_id'")
2015-07-18 07:21:29,506 - com.numenta.nupic.swarming.HypersearchWorker(8291) - INFO - <BUILDID=N/A, WORKER=HW, WRKID=49, JOBID=1044> Adding model 4423 to our internal DB because modelInsertAndStart() failed to insert it: paramsHash=32e4e1a95a56df3e08ff6beccb847bc5, particleHash=b7b820841630fffe84182389371815fd, particleId='48.20.0'
2015-07-18 07:21:29,533 - com.numenta.nupic.database.ClientJobsDAO.ClientJobsDAO(8291) - INFO - <BUILDID=N/A, WORKER=HW, WRKID=49, JOBID=1044> Model insert attempt failed with DUP_ENTRY: jobID=1044; paramsHash=32e4e1a95a56df3e08ff6beccb847bc5 OR particleHash=e563cd0716f74f21a533a644d530900a; IntegrityError(1062, u"Duplicate entry '1044-2\\xE4\\xE1\\xA9ZV\\xDF>\\x08\\xFFk\\xEC\\xCB\\x84{\\xC5' for key 'job_id'")
2015-07-18 07:21:29,535 - com.numenta.nupic.swarming.HypersearchWorker(8291) - INFO - <BUILDID=N/A, WORKER=HW, WRKID=49, JOBID=1044> Adding model 4423 to our internal DB because modelInsertAndStart() failed to insert it: paramsHash=32e4e1a95a56df3e08ff6beccb847bc5, particleHash=b7b820841630fffe84182389371815fd, particleId='48.20.0'
2015-07-18 07:21:29,547 - com.numenta.nupic.database.ClientJobsDAO.ClientJobsDAO(8291) - INFO - <BUILDID=N/A, WORKER=HW, WRKID=49, JOBID=1044> Model insert attempt failed with DUP_ENTRY: jobID=1044; paramsHash=32e4e1a95a56df3e08ff6beccb847bc5 OR particleHash=3be79b803e0c8216bdda4016d6571be2; IntegrityError(1062, u"Duplicate entry '1044-2\\xE4\\xE1\\xA9ZV\\xDF>\\x08\\xFFk\\xEC\\xCB\\x84{\\xC5' for key 'job_id'")
2015-07-18 07:21:29,551 - com.numenta.nupic.swarming.HypersearchWorker(8291) - INFO - <BUILDID=N/A, WORKER=HW, WRKID=49, JOBID=1044> Adding model 4423 to our internal DB because modelInsertAndStart() failed to insert it: paramsHash=32e4e1a95a56df3e08ff6beccb847bc5, particleHash=b7b820841630fffe84182389371815fd, particleId='48.20.0'
2015-07-18 07:21:29,840 - com.numenta.nupic.database.ClientJobsDAO.ClientJobsDAO(8291) - INFO - <BUILDID=N/A, WORKER=HW, WRKID=49, JOBID=1044> Model insert attempt failed with DUP_ENTRY: jobID=1044; paramsHash=2940a6ddb09849f6fe3e5daaa506b1b0 OR particleHash=8db14c4aff41fd845f4081d1b4d3821a; IntegrityError(1062, u"Duplicate entry '1044-)@\\xA6\\xDD\\xB0\\x98I\\xF6\\xFE>]\\xAA\\xA5\\x06\\xB1\\xB0' for key 'job_id'")
2015-07-18 07:21:29,858 - com.numenta.nupic.swarming.HypersearchWorker(8291) - INFO - <BUILDID=N/A, WORKER=HW, WRKID=49, JOBID=1044> Adding model 4434 to our internal DB because modelInsertAndStart() failed to insert it: paramsHash=2940a6ddb09849f6fe3e5daaa506b1b0, particleHash=a1d8fd3d96287b024b19e2d4bb0bbe22, particleId='47.10.0'
2015-07-18 07:21:29,861 - com.numenta.nupic.database.ClientJobsDAO.ClientJobsDAO(8291) - INFO - <BUILDID=N/A, WORKER=HW, WRKID=49, JOBID=1044> Model insert attempt failed with DUP_ENTRY: jobID=1044; paramsHash=2940a6ddb09849f6fe3e5daaa506b1b0 OR particleHash=62928aa7516561a93d49065d58511265; IntegrityError(1062, u"Duplicate entry '1044-)@\\xA6\\xDD\\xB0\\x98I\\xF6\\xFE>]\\xAA\\xA5\\x06\\xB1\\xB0' for key 'job_id'")
2015-07-18 07:21:29,874 - com.numenta.nupic.swarming.HypersearchWorker(8291) - INFO - <BUILDID=N/A, WORKER=HW, WRKID=49, JOBID=1044> Adding model 4434 to our internal DB because modelInsertAndStart() failed to insert it: paramsHash=2940a6ddb09849f6fe3e5daaa506b1b0, particleHash=a1d8fd3d96287b024b19e2d4bb0bbe22, particleId='47.10.0'
2015-07-18 07:21:29,884 - com.numenta.nupic.database.ClientJobsDAO.ClientJobsDAO(8291) - INFO - <BUILDID=N/A, WORKER=HW, WRKID=49, JOBID=1044> Model insert attempt failed with DUP_ENTRY: jobID=1044; paramsHash=2940a6ddb09849f6fe3e5daaa506b1b0 OR particleHash=ae81fd10d39526b8a6b221b13611ec80; IntegrityError(1062, u"Duplicate entry '1044-)@\\xA6\\xDD\\xB0\\x98I\\xF6\\xFE>]\\xAA\\xA5\\x06\\xB1\\xB0' for key 'job_id'")
2015-07-18 07:21:29,893 - com.numenta.nupic.swarming.HypersearchWorker(8291) - INFO - <BUILDID=N/A, WORKER=HW, WRKID=49, JOBID=1044> Adding model 4434 to our internal DB because modelInsertAndStart() failed to insert it: paramsHash=2940a6ddb09849f6fe3e5daaa506b1b0, particleHash=a1d8fd3d96287b024b19e2d4bb0bbe22, particleId='47.10.0'
2015-07-18 07:21:29,901 - com.numenta.nupic.database.ClientJobsDAO.ClientJobsDAO(8291) - INFO - <BUILDID=N/A, WORKER=HW, WRKID=49, JOBID=1044> Model insert attempt failed with DUP_ENTRY: jobID=1044; paramsHash=2940a6ddb09849f6fe3e5daaa506b1b0 OR particleHash=3212ff8c8c8f9bb50feb95d700ff8756; IntegrityError(1062, u"Duplicate entry '1044-)@\\xA6\\xDD\\xB0\\x98I\\xF6\\xFE>]\\xAA\\xA5\\x06\\xB1\\xB0' for key 'job_id'")
2015-07-18 07:21:29,917 - com.numenta.nupic.swarming.HypersearchWorker(8291) - INFO - <BUILDID=N/A, WORKER=HW, WRKID=49, JOBID=1044> Adding model 4434 to our internal DB because modelInsertAndStart() failed to insert it: paramsHash=2940a6ddb09849f6fe3e5daaa506b1b0, particleHash=a1d8fd3d96287b024b19e2d4bb0bbe22, particleId='47.10.0'
2015-07-18 07:21:29,920 - com.numenta.nupic.database.ClientJobsDAO.ClientJobsDAO(8291) - INFO - <BUILDID=N/A, WORKER=HW, WRKID=49, JOBID=1044> Model insert attempt failed with DUP_ENTRY: jobID=1044; paramsHash=2940a6ddb09849f6fe3e5daaa506b1b0 OR particleHash=e2674f90f9df4be377eb1500f134cb6c; IntegrityError(1062, u"Duplicate entry '1044-)@\\xA6\\xDD\\xB0\\x98I\\xF6\\xFE>]\\xAA\\xA5\\x06\\xB1\\xB0' for key 'job_id'")
2015-07-18 07:21:29,930 - com.numenta.nupic.swarming.HypersearchWorker(8291) - INFO - <BUILDID=N/A, WORKER=HW, WRKID=49, JOBID=1044> Adding model 4434 to our internal DB because modelInsertAndStart() failed to insert it: paramsHash=2940a6ddb09849f6fe3e5daaa506b1b0, particleHash=a1d8fd3d96287b024b19e2d4bb0bbe22, particleId='47.10.0'
2015-07-18 07:21:29,938 - com.numenta.nupic.database.ClientJobsDAO.ClientJobsDAO(8291) - INFO - <BUILDID=N/A, WORKER=HW, WRKID=49, JOBID=1044> Model insert attempt failed with DUP_ENTRY: jobID=1044; paramsHash=2940a6ddb09849f6fe3e5daaa506b1b0 OR particleHash=a3ecb85494524c73c39a3cf015096dc2; IntegrityError(1062, u"Duplicate entry '1044-)@\\xA6\\xDD\\xB0\\x98I\\xF6\\xFE>]\\xAA\\xA5\\x06\\xB1\\xB0' for key 'job_id'")
2015-07-18 07:21:29,950 - com.numenta.nupic.swarming.HypersearchWorker(8291) - INFO - <BUILDID=N/A, WORKER=HW, WRKID=49, JOBID=1044> Adding model 4434 to our internal DB because modelInsertAndStart() failed to insert it: paramsHash=2940a6ddb09849f6fe3e5daaa506b1b0, particleHash=a1d8fd3d96287b024b19e2d4bb0bbe22, particleId='47.10.0'
2015-07-18 07:21:29,959 - com.numenta.nupic.database.ClientJobsDAO.ClientJobsDAO(8291) - INFO - <BUILDID=N/A, WORKER=HW, WRKID=49, JOBID=1044> Model insert attempt failed with DUP_ENTRY: jobID=1044; paramsHash=2940a6ddb09849f6fe3e5daaa506b1b0 OR particleHash=e10a00633bbcbb18ef284f432f48b28b; IntegrityError(1062, u"Duplicate entry '1044-)@\\xA6\\xDD\\xB0\\x98I\\xF6\\xFE>]\\xAA\\xA5\\x06\\xB1\\xB0' for key 'job_id'")
2015-07-18 07:21:29,974 - com.numenta.nupic.swarming.HypersearchWorker(8291) - INFO - <BUILDID=N/A, WORKER=HW, WRKID=49, JOBID=1044> Adding model 4434 to our internal DB because modelInsertAndStart() failed to insert it: paramsHash=2940a6ddb09849f6fe3e5daaa506b1b0, particleHash=a1d8fd3d96287b024b19e2d4bb0bbe22, particleId='47.10.0'
2015-07-18 07:21:29,993 - com.numenta.nupic.database.ClientJobsDAO.ClientJobsDAO(8291) - INFO - <BUILDID=N/A, WORKER=HW, WRKID=49, JOBID=1044> Model insert attempt failed with DUP_ENTRY: jobID=1044; paramsHash=2940a6ddb09849f6fe3e5daaa506b1b0 OR particleHash=19cd508a9b3e3e34b58bf7e543e8a38f; IntegrityError(1062, u"Duplicate entry '1044-)@\\xA6\\xDD\\xB0\\x98I\\xF6\\xFE>]\\xAA\\xA5\\x06\\xB1\\xB0' for key 'job_id'")
2015-07-18 07:21:30,016 - com.numenta.nupic.swarming.HypersearchWorker(8291) - INFO - <BUILDID=N/A, WORKER=HW, WRKID=49, JOBID=1044> Adding model 4434 to our internal DB because modelInsertAndStart() failed to insert it: paramsHash=2940a6ddb09849f6fe3e5daaa506b1b0, particleHash=a1d8fd3d96287b024b19e2d4bb0bbe22, particleId='47.10.0'
2015-07-18 07:21:30,020 - com.numenta.nupic.database.ClientJobsDAO.ClientJobsDAO(8291) - INFO - <BUILDID=N/A, WORKER=HW, WRKID=49, JOBID=1044> Model insert attempt failed with DUP_ENTRY: jobID=1044; paramsHash=2940a6ddb09849f6fe3e5daaa506b1b0 OR particleHash=850cec486ad96b4040cc78a012b37e5f; IntegrityError(1062, u"Duplicate entry '1044-)@\\xA6\\xDD\\xB0\\x98I\\xF6\\xFE>]\\xAA\\xA5\\x06\\xB1\\xB0' for key 'job_id'")
2015-07-18 07:21:30,033 - com.numenta.nupic.swarming.HypersearchWorker(8291) - INFO - <BUILDID=N/A, WORKER=HW, WRKID=49, JOBID=1044> Adding model 4434 to our internal DB because modelInsertAndStart() failed to insert it: paramsHash=2940a6ddb09849f6fe3e5daaa506b1b0, particleHash=a1d8fd3d96287b024b19e2d4bb0bbe22, particleId='47.10.0'
2015-07-18 07:21:30,047 - com.numenta.nupic.database.ClientJobsDAO.ClientJobsDAO(8291) - INFO - <BUILDID=N/A, WORKER=HW, WRKID=49, JOBID=1044> Model insert attempt failed with DUP_ENTRY: jobID=1044; paramsHash=2940a6ddb09849f6fe3e5daaa506b1b0 OR particleHash=c0b6f0b0393cc6d11b1aaa16cb06a980; IntegrityError(1062, u"Duplicate entry '1044-)@\\xA6\\xDD\\xB0\\x98I\\xF6\\xFE>]\\xAA\\xA5\\x06\\xB1\\xB0' for key 'job_id'")
2015-07-18 07:21:30,049 - com.numenta.nupic.swarming.HypersearchWorker(8291) - INFO - <BUILDID=N/A, WORKER=HW, WRKID=49, JOBID=1044> Adding model 4434 to our internal DB because modelInsertAndStart() failed to insert it: paramsHash=2940a6ddb09849f6fe3e5daaa506b1b0, particleHash=a1d8fd3d96287b024b19e2d4bb0bbe22, particleId='47.10.0'
2015-07-18 07:21:30,304 - com.numenta.nupic.swarming.HypersearchWorker(8291) - INFO - <BUILDID=N/A, WORKER=HW, WRKID=49, JOBID=1044> RUNNING MODEL GID=4445, paramsHash=482f34205c198d0c9f360da714e0071f, params={'particleState': {'varStates': {u'modelParams|sensorParams|encoders|sec_since_rise:n': {'bestResult': None, 'position': 272, 'bestPosition': 272, '_position': 271.5, 'velocity': 99.8}, 'modelParams|clParams|alpha': {'bestResult': None, 'position': 0.050050000000000004, 'bestPosition': 0.050050000000000004, '_position': 0.050050000000000004, 'velocity': 0.01998}, 'modelParams|tpParams|minThreshold': {'bestResult': None, 'position': 11, 'bestPosition': 11, '_position': 10.5, 'velocity': 0.6}, 'modelParams|tpParams|activationThreshold': {'bestResult': None, 'position': 14, 'bestPosition': 14, '_position': 14.0, 'velocity': 0.8}, 'modelParams|tpParams|pamLength': {'bestResult': None, 'position': 3, 'bestPosition': 3, '_position': 3.0, 'velocity': 0.8}, 'modelParams|sensorParams|encoders|_classifierInput|n': {'bestResult': None, 'position': 275, 'bestPosition': 275, '_position': 274.5, 'velocity': 98.6}, 'modelParams|spParams|synPermInactiveDec': {'bestResult': None, 'position': 0.05015, 'bestPosition': 0.05015, '_position': 0.05015, 'velocity': 0.019940000000000003}}, 'genIdx': 0, 'swarmId': u'modelParams|sensorParams|encoders|sec_since_rise', 'id': '49.40'}, 'structuredParams': {'aggregationInfo': {'seconds': 0, 'fields': [], 'months': 0, 'days': 0, 'years': 0, 'hours': 0, 'microseconds': 0, 'weeks': 0, 'minutes': 0, 'milliseconds': 0}, 'modelParams': {'sensorParams': {'encoders': {'_classifierInput': {'maxval': 35.0, 'classifierOnly': True, 'minval': 10.0, 'clipInput': True, 'n': 275, 'fieldname': 'euse', 'w': 21, 'type': 'ScalarEncoder'}, u'humid': None, u'is_daylight': None, u'temp': None, u'sec_since_rise': {'maxval': 50000, 'name': 'sec_since_rise', 'clipInput': True, 'minval': 10.0, 'n': 272, 'fieldname': 'sec_since_rise', 'w': 21, 'type': 'ScalarEncoder'}, u'timestamp_dayOfWeek': None, u'timestamp_timeOfDay': None, u'euse': None, u'buildup': None, u'wind': None, u'timestamp_weekend': None}}, 'spParams': {'synPermInactiveDec': 0.05015}, 'tpParams': {'minThreshold': 11, 'activationThreshold': 14, 'pamLength': 3}, 'clParams': {'alpha': 0.050050000000000004}}}}
2015-07-18 07:21:30,335 - com.numenta.nupic.hypersearch.utils(8291) - INFO - <BUILDID=N/A, WORKER=HW, WRKID=49, JOBID=1044> Using experiment directory: /tmp/tmpUIgKW3
2015-07-18 07:55:05,749 - com.numenta.nupic.swarming.ModelRunner.OPFModelRunner(8291) - INFO - <BUILDID=N/A, WORKER=HW, WRKID=49, JOBID=1044> Finished: modelID=4445; 13982 records processed. Performing final activities
2015-07-18 07:55:05,801 - com.numenta.nupic.swarming.HypersearchWorker(8291) - INFO - <BUILDID=N/A, WORKER=HW, WRKID=49, JOBID=1044> COMPLETED MODEL GID=4445; EVALUATED 1 MODELs
2015-07-18 07:55:05,812 - com.numenta.nupic.swarming.HypersearchV2.HypersearchV2(8291) - INFO - <BUILDID=N/A, WORKER=HW, WRKID=49, JOBID=1044> New best model after 5 evaluations: errScore 59.595 on model 4402
2015-07-18 07:55:06,404 - com.numenta.nupic.swarming.HypersearchWorker(8291) - INFO - <BUILDID=N/A, WORKER=HW, WRKID=49, JOBID=1044> RUNNING MODEL GID=4620, paramsHash=e6c9ca858beffc1ad0b8e3f333c501ce, params={'particleState': {'varStates': {u'modelParams|sensorParams|encoders|timestamp_timeOfDay:radius': {'bestResult': None, 'position': 6.25, 'bestPosition': 6.25, '_position': 6.25, 'velocity': 2.3}, 'modelParams|clParams|alpha': {'bestResult': None, 'position': 0.050050000000000004, 'bestPosition': 0.050050000000000004, '_position': 0.050050000000000004, 'velocity': 0.01998}, 'modelParams|tpParams|minThreshold': {'bestResult': None, 'position': 11, 'bestPosition': 11, '_position': 10.5, 'velocity': 0.6}, 'modelParams|tpParams|activationThreshold': {'bestResult': None, 'position': 14, 'bestPosition': 14, '_position': 14.0, 'velocity': 0.8}, 'modelParams|tpParams|pamLength': {'bestResult': None, 'position': 3, 'bestPosition': 3, '_position': 3.0, 'velocity': 0.8}, 'modelParams|sensorParams|encoders|_classifierInput|n': {'bestResult': None, 'position': 275, 'bestPosition': 275, '_position': 274.5, 'velocity': 98.6}, 'modelParams|spParams|synPermInactiveDec': {'bestResult': None, 'position': 0.05015, 'bestPosition': 0.05015, '_position': 0.05015, 'velocity': 0.019940000000000003}}, 'genIdx': 0, 'swarmId': u'modelParams|sensorParams|encoders|timestamp_timeOfDay', 'id': '49.50'}, 'structuredParams': {'aggregationInfo': {'seconds': 0, 'fields': [], 'months': 0, 'days': 0, 'years': 0, 'hours': 0, 'microseconds': 0, 'weeks': 0, 'minutes': 0, 'milliseconds': 0}, 'modelParams': {'sensorParams': {'encoders': {'_classifierInput': {'maxval': 35.0, 'classifierOnly': True, 'minval': 10.0, 'clipInput': True, 'n': 275, 'fieldname': 'euse', 'w': 21, 'type': 'ScalarEncoder'}, u'humid': None, u'is_daylight': None, u'temp': None, u'sec_since_rise': None, u'timestamp_dayOfWeek': None, u'timestamp_timeOfDay': {'name': 'timestamp', 'fieldname': 'timestamp', 'timeOfDay': (21, 6.25), 'type': 'DateEncoder'}, u'euse': None, u'buildup': None, u'wind': None, u'timestamp_weekend': None}}, 'spParams': {'synPermInactiveDec': 0.05015}, 'tpParams': {'minThreshold': 11, 'activationThreshold': 14, 'pamLength': 3}, 'clParams': {'alpha': 0.050050000000000004}}}}
2015-07-18 07:55:06,404 - com.numenta.nupic.hypersearch.utils(8291) - INFO - <BUILDID=N/A, WORKER=HW, WRKID=49, JOBID=1044> Using experiment directory: /tmp/tmpsA0Cxv
2015-07-18 08:28:18,519 - com.numenta.nupic.swarming.ModelRunner.OPFModelRunner(8291) - INFO - <BUILDID=N/A, WORKER=HW, WRKID=49, JOBID=1044> Finished: modelID=4620; 13982 records processed. Performing final activities
2015-07-18 08:28:18,565 - com.numenta.nupic.swarming.HypersearchWorker(8291) - INFO - <BUILDID=N/A, WORKER=HW, WRKID=49, JOBID=1044> COMPLETED MODEL GID=4620; EVALUATED 2 MODELs
2015-07-18 08:28:18,676 - com.numenta.nupic.swarming.HypersearchV2.HypersearchV2(8291) - ERROR - <BUILDID=N/A, WORKER=HW, WRKID=49, JOBID=1044> E10002: Exiting due to receiving too many models failing from exceptions (2 out of 6). 
Model Exception: Exception occurred while running model 4434: Exception('The encoder for is_daylight is invalid. minval 0.0 is greater than or equal to maxval 0.0. minval must be strictly less than maxval.',) (<type 'exceptions.Exception'>)
Traceback (most recent call last):
  File "/home/pat/workspace/nupic/nupic/swarming/utils.py", line 430, in runModelGivenBaseAndParams
    (completionReason, completionMsg) = runner.run()
  File "/home/pat/workspace/nupic/nupic/swarming/ModelRunner.py", line 245, in run
    self._model = ModelFactory.create(modelDescription)
  File "/home/pat/workspace/nupic/nupic/frameworks/opf/modelfactory.py", line 80, in create
    return modelClass(**modelConfig['modelParams'])
  File "/home/pat/workspace/nupic/nupic/frameworks/opf/clamodel.py", line 198, in __init__
    clParams, anomalyParams)
  File "/home/pat/workspace/nupic/nupic/frameworks/opf/clamodel.py", line 1058, in __createCLANetwork
    encoder = MultiEncoder(enabledEncoders)
  File "/home/pat/workspace/nupic/nupic/encoders/multi.py", line 54, in __init__
    self.addMultipleEncoders(encoderDescriptions)
  File "/home/pat/workspace/nupic/nupic/encoders/multi.py", line 135, in addMultipleEncoders
    self.addEncoder(fieldName, eval(encoderName)(**fieldParams))
  File "/home/pat/workspace/nupic/nupic/encoders/scalar.py", line 212, in __init__
    "than maxval." % (name, minval, maxval))
Exception: The encoder for is_daylight is invalid. minval 0.0 is greater than or equal to maxval 0.0. minval must be strictly less than maxval.

2015-07-18 08:28:18,708 - com.numenta.nupic.swarming.HypersearchV2.HypersearchV2(8291) - INFO - <BUILDID=N/A, WORKER=HW, WRKID=49, JOBID=1044> Ready to end hyperseach, but not all models have matured yet. Sleeping a bit to wait for all models to mature.
2015-07-18 08:28:21,924 - com.numenta.nupic.swarming.HypersearchV2.HypersearchV2(8291) - ERROR - <BUILDID=N/A, WORKER=HW, WRKID=49, JOBID=1044> Exiting because some worker set the workerCompletionReason to error. WorkerCompletionMsg: E10002: Exiting due to receiving too many models failing from exceptions (2 out of 6). 
Model Exception: Exception occurred while running model 4434: Exception('The encoder for is_daylight is invalid. minval 0.0 is greater than or equal to maxval 0.0. minval must be strictly less than maxval.',) (<type 'exceptions.Exception'>)
Traceback (most recent call last):
  File "/home/pat/workspace/nupic/nupic/swarming/utils.py", line 430, in runModelGivenBaseAndParams
    (completionReason, completionMsg) = runner.run()
  File "/home/pat/workspace/nupic/nupic/swarming/ModelRunner.py", line 245, in run
    self._model = ModelFactory.create(modelDescription)
  File "/home/pat/workspace/nupic/nupic/frameworks/opf/modelfactory.py", line 80, in create
    return modelClass(**modelConfig['modelParams'])
  File "/home/pat/workspace/nupic/nupic/frameworks/opf/clamodel.py", line 198, in __init__
    clParams, anomalyParams)
  File "/home/pat/workspace/nupic/nupic/frameworks/opf/clamodel.py", line 1058, in __createCLANetwork
    encoder = MultiEncoder(enabledEncoders)
  File "/home/pat/workspace/nupic/nupic/encoders/multi.py", line 54, in __init__
    self.addMultipleEncoders(encoderDescriptions)
  File "/home/pat/workspace/nupic/nupic/encoders/multi.py", line 135, in addMultipleEncoders
    self.addEncoder(fieldName, eval(encoderName)(**fieldParams))
  File "/home/pat/workspace/nupic/nupic/encoders/scalar.py", line 212, in __init__
    "than maxval." % (name, minval, maxval))
Exception: The encoder for is_daylight is invalid. minval 0.0 is greater than or equal to maxval 0.0. minval must be strictly less than maxval.

2015-07-18 08:28:21,925 - com.numenta.nupic.swarming.HypersearchV2.HypersearchV2(8291) - INFO - <BUILDID=N/A, WORKER=HW, WRKID=49, JOBID=1044> Stopping model 4446 because the search has ended
2015-07-18 08:28:21,929 - com.numenta.nupic.swarming.HypersearchV2.HypersearchV2(8291) - INFO - <BUILDID=N/A, WORKER=HW, WRKID=49, JOBID=1044> Stopping model 4619 because the search has ended
2015-07-18 08:28:21,956 - com.numenta.nupic.swarming.HypersearchV2.HypersearchV2(8291) - INFO - <BUILDID=N/A, WORKER=HW, WRKID=49, JOBID=1044> Successfully updated the field contributions:{u'humid': nan, u'euse': nan, u'temp': nan, u'sec_since_rise': nan, u'timestamp_dayOfWeek': nan, u'timestamp_timeOfDay': nan, u'is_daylight': nan, u'buildup': nan, u'wind': nan, u'timestamp_weekend': nan}
2015-07-18 08:28:21,968 - com.numenta.nupic.swarming.HypersearchWorker(8291) - INFO - <BUILDID=N/A, WORKER=HW, WRKID=49, JOBID=1044> FINISHED. Evaluated 2 models.
