2015-06-30 07:10:10,049 - com.numenta.nupic.swarming.HypersearchWorker(5041) - INFO - <BUILDID=N/A, WORKER=HS, WRKID=N/A, JOBID=N/A> Launched with command line arguments: ['--jobID=1029']
2015-06-30 07:10:10,050 - com.numenta.nupic.swarming.HypersearchWorker(5041) - INFO - <BUILDID=N/A, WORKER=HS, WRKID=N/A, JOBID=N/A> Connecting to the jobs database
2015-06-30 07:10:10,050 - com.numenta.nupic.database.Connection.ConnectionFactory(5041) - INFO - <BUILDID=N/A, WORKER=HS, WRKID=N/A, JOBID=N/A> Creating db connection policy via provider <bound method type._createDefaultPolicy of <class 'nupic.database.Connection.ConnectionFactory'>>
2015-06-30 07:10:10,055 - com.numenta.nupic.database.Connection.PooledConnectionPolicy(5041) - INFO - <BUILDID=N/A, WORKER=HS, WRKID=N/A, JOBID=N/A> Created PooledConnectionPolicy
2015-06-30 07:10:10,070 - com.numenta.nupic.database.ClientJobsDAO.ClientJobsDAO(5041) - INFO - <BUILDID=N/A, WORKER=HS, WRKID=N/A, JOBID=N/A> clientJobsConnectionID=60
2015-06-30 07:10:10,073 - com.numenta.nupic.swarming.HypersearchWorker(5041) - INFO - <BUILDID=N/A, WORKER=HW, WRKID=60, JOBID=1029> Job info retrieved: {'engModelMilestones': 'None', 'clientInfo': '', 'numFailedWorkers': '0', 'engJobType': 'hypersearch', 'results': 'None', 'jobId': '1029', 'completionMsg': 'None', 'cancel': '0', 'engWorkerState': 'None', 'workerCompletionMsg': 'None', 'jobHash': "\xb7J\xd3I\x1f1\x11\xe5\x97X\x08\x00'\x16\xdf\xd4", 'genBaseDescription': 'None', 'completionReason': 'None', 'priority': '0', 'cmdLine': '$HYPERSEARCH', 'params': '{"hsVersion": "v2", "maxModels": null, "persistentJobGUID": "b74...', 'workerCompletionReason': 'success', 'engAllocateNewWorkers': '1', 'lastFailedWorkerErrorMsg': 'None', 'engUntendedDeadWorkers': '0', 'engLastUpdateTime': '2015-06-30 14:10:09', 'status': 'notStarted', 'engStatus': 'None', 'startTime': 'None', 'minimumWorkers': '1', 'endTime': 'None', 'engCjmConnId': 'None', 'genPermutations': 'None', 'client': 'GRP', 'engCleaningStatus': 'notdone', 'clientKey': '', 'maximumWorkers': '4'}
2015-06-30 07:10:10,080 - com.numenta.nupic.swarming.HypersearchV2.HypersearchV2(5041) - INFO - <BUILDID=N/A, WORKER=HW, WRKID=60, JOBID=1029> searchParams: 
{u'description': {u'includedFields': [{u'fieldName': 'timestamp',
                                       u'fieldType': 'datetime'},
                                      {u'fieldName': 'temp',
                                       u'fieldType': 'float',
                                       u'maxValue': '34.0',
                                       u'minValue': '6.0'},
                                      {u'fieldName': 'dewpt',
                                       u'fieldType': 'float',
                                       u'maxValue': '22.0',
                                       u'minValue': '-22.0'},
                                      {u'fieldName': 'wind',
                                       u'fieldType': 'float',
                                       u'maxValue': '14.0',
                                       u'minValue': '0.0'},
                                      {u'fieldName': 'is_daylight',
                                       u'fieldType': 'int',
                                       u'maxValue': '1',
                                       u'minValue': '0'},
                                      {u'fieldName': 'elapsed',
                                       u'fieldType': 'int',
                                       u'maxValue': '86400',
                                       u'minValue': '0'},
                                      {u'fieldName': 'kwh',
                                       u'fieldType': 'float',
                                       u'maxValue': '5.18',
                                       u'minValue': '0.0'}],
                  u'inferenceArgs': {u'predictedField': 'kwh',
                                     u'predictionSteps': ['1']},
                  u'inferenceType': 'TemporalMultiStep',
                  u'iterationCount': '-1',
                  u'streamDef': {u'info': 'kw_energy_consumption',
                                 u'streams': [{u'columns': ['*'],
                                               u'info': 'San Diego',
                                               u'source': 'file://sd_weather.csv'}],
                                 u'version': '1'},
                  u'swarmSize': 'medium'},
 u'hsVersion': 'v2',
 u'maxModels': 'None',
 u'persistentJobGUID': 'b74ad348-1f31-11e5-9758-08002716dfd4',
 u'useTerminators': 'False'}
2015-06-30 07:10:29,005 - com.numenta.nupic.swarming.HypersearchV2.HypersearchV2(5041) - INFO - <BUILDID=N/A, WORKER=HW, WRKID=60, JOBID=1029> Active swarms changed to [u'modelParams|sensorParams|encoders|dewpt', u'modelParams|sensorParams|encoders|wind', u'modelParams|sensorParams|encoders|is_daylight', u'modelParams|sensorParams|encoders|elapsed', u'modelParams|sensorParams|encoders|kwh', u'modelParams|sensorParams|encoders|timestamp_timeOfDay', u'modelParams|sensorParams|encoders|timestamp_dayOfWeek', u'modelParams|sensorParams|encoders|temp', u'modelParams|sensorParams|encoders|timestamp_weekend'] (from None)
2015-06-30 07:10:29,088 - com.numenta.nupic.swarming.HypersearchWorker(5041) - INFO - <BUILDID=N/A, WORKER=HW, WRKID=60, JOBID=1029> RUNNING MODEL GID=3154, paramsHash=9524ba6ff16f4a9e2a8a2e5ac3ba3e68, params={'particleState': {'varStates': {'modelParams|clParams|alpha': {'bestResult': None, 'position': 0.050050000000000004, 'bestPosition': 0.050050000000000004, '_position': 0.050050000000000004, 'velocity': 0.01998}, 'modelParams|tpParams|minThreshold': {'bestResult': None, 'position': 11, 'bestPosition': 11, '_position': 10.5, 'velocity': 0.6}, 'modelParams|tpParams|activationThreshold': {'bestResult': None, 'position': 14, 'bestPosition': 14, '_position': 14.0, 'velocity': 0.8}, u'modelParams|sensorParams|encoders|elapsed:n': {'bestResult': None, 'position': 272, 'bestPosition': 272, '_position': 271.5, 'velocity': 99.8}, 'modelParams|sensorParams|encoders|_classifierInput|n': {'bestResult': None, 'position': 275, 'bestPosition': 275, '_position': 274.5, 'velocity': 98.6}, 'modelParams|spParams|synPermInactiveDec': {'bestResult': None, 'position': 0.05015, 'bestPosition': 0.05015, '_position': 0.05015, 'velocity': 0.019940000000000003}, 'modelParams|tpParams|pamLength': {'bestResult': None, 'position': 3, 'bestPosition': 3, '_position': 3.0, 'velocity': 0.8}}, 'genIdx': 0, 'swarmId': u'modelParams|sensorParams|encoders|elapsed', 'id': '60.0'}, 'structuredParams': {'aggregationInfo': {'seconds': 0, 'fields': [], 'months': 0, 'days': 0, 'years': 0, 'hours': 0, 'microseconds': 0, 'weeks': 0, 'minutes': 0, 'milliseconds': 0}, 'modelParams': {'sensorParams': {'encoders': {'_classifierInput': {'maxval': 5.18, 'classifierOnly': True, 'minval': 0.0, 'clipInput': True, 'n': 275, 'fieldname': 'kwh', 'w': 21, 'type': 'ScalarEncoder'}, u'temp': None, u'kwh': None, u'dewpt': None, u'elapsed': {'maxval': 86400, 'name': 'elapsed', 'clipInput': True, 'minval': 0, 'n': 272, 'fieldname': 'elapsed', 'w': 21, 'type': 'ScalarEncoder'}, u'timestamp_timeOfDay': None, u'is_daylight': None, u'timestamp_dayOfWeek': None, u'wind': None, u'timestamp_weekend': None}}, 'spParams': {'synPermInactiveDec': 0.05015}, 'tpParams': {'minThreshold': 11, 'activationThreshold': 14, 'pamLength': 3}, 'clParams': {'alpha': 0.050050000000000004}}}}
2015-06-30 07:10:29,092 - com.numenta.nupic.hypersearch.utils(5041) - INFO - <BUILDID=N/A, WORKER=HW, WRKID=60, JOBID=1029> Using experiment directory: /tmp/tmp_cf3Dn
2015-06-30 07:10:32,515 - com.numenta.nupic.swarming.ModelRunner.OPFModelRunner(5041) - INFO - <BUILDID=N/A, WORKER=HW, WRKID=60, JOBID=1029> Flushed prediction cache; numrows=2; elapsed=0.000677108764648 sec.
2015-06-30 07:11:20,038 - com.numenta.nupic.swarming.ModelRunner.OPFModelRunner(5041) - INFO - <BUILDID=N/A, WORKER=HW, WRKID=60, JOBID=1029> Finished: modelID=3154; 1394 records processed. Performing final activities
2015-06-30 07:11:20,561 - com.numenta.nupic.swarming.ModelRunner.OPFModelRunner(5041) - INFO - <BUILDID=N/A, WORKER=HW, WRKID=60, JOBID=1029> Flushed prediction cache; numrows=1392; elapsed=0.502653121948 sec.
2015-06-30 07:11:20,593 - com.numenta.nupic.swarming.ModelRunner.OPFModelRunner(5041) - INFO - <BUILDID=N/A, WORKER=HW, WRKID=60, JOBID=1029> Model 3154 chosen as best model
2015-06-30 07:11:20,596 - com.numenta.nupic.swarming.HypersearchWorker(5041) - INFO - <BUILDID=N/A, WORKER=HW, WRKID=60, JOBID=1029> COMPLETED MODEL GID=3154; EVALUATED 1 MODELs
2015-06-30 07:11:20,598 - com.numenta.nupic.swarming.HypersearchV2.HypersearchV2(5041) - INFO - <BUILDID=N/A, WORKER=HW, WRKID=60, JOBID=1029> New best model after 2 evaluations: errScore 58.6243 on model 3153
2015-06-30 07:11:20,600 - com.numenta.nupic.swarming.HypersearchV2.HypersearchV2(5041) - INFO - <BUILDID=N/A, WORKER=HW, WRKID=60, JOBID=1029> New best model after 2 evaluations: errScore 37.2199 on model 3154
2015-06-30 07:11:20,779 - com.numenta.nupic.database.ClientJobsDAO.ClientJobsDAO(5041) - INFO - <BUILDID=N/A, WORKER=HW, WRKID=60, JOBID=1029> Model insert attempt failed with DUP_ENTRY: jobID=1029; paramsHash=697101438fa5b0f996e4dba4d6e79e8c OR particleHash=7c095d5f45fad17b27ec9c05e09df593; IntegrityError(1062, u"Duplicate entry '1029-iq\\x01C\\x8F\\xA5\\xB0\\xF9\\x96\\xE4\\xDB\\xA4\\xD6\\xE7\\x9E\\x8C' for key 'job_id'")
2015-06-30 07:11:20,787 - com.numenta.nupic.swarming.HypersearchWorker(5041) - INFO - <BUILDID=N/A, WORKER=HW, WRKID=60, JOBID=1029> Adding model 3158 to our internal DB because modelInsertAndStart() failed to insert it: paramsHash=697101438fa5b0f996e4dba4d6e79e8c, particleHash=a06cbb05fde0af232e43872e704cca87, particleId='58.10.0'
2015-06-30 07:11:20,792 - com.numenta.nupic.database.ClientJobsDAO.ClientJobsDAO(5041) - INFO - <BUILDID=N/A, WORKER=HW, WRKID=60, JOBID=1029> Model insert attempt failed with DUP_ENTRY: jobID=1029; paramsHash=697101438fa5b0f996e4dba4d6e79e8c OR particleHash=354208ffd8dfb950bf540058baa330cc; IntegrityError(1062, u"Duplicate entry '1029-iq\\x01C\\x8F\\xA5\\xB0\\xF9\\x96\\xE4\\xDB\\xA4\\xD6\\xE7\\x9E\\x8C' for key 'job_id'")
2015-06-30 07:11:20,798 - com.numenta.nupic.swarming.HypersearchWorker(5041) - INFO - <BUILDID=N/A, WORKER=HW, WRKID=60, JOBID=1029> Adding model 3158 to our internal DB because modelInsertAndStart() failed to insert it: paramsHash=697101438fa5b0f996e4dba4d6e79e8c, particleHash=a06cbb05fde0af232e43872e704cca87, particleId='58.10.0'
2015-06-30 07:11:20,801 - com.numenta.nupic.database.ClientJobsDAO.ClientJobsDAO(5041) - INFO - <BUILDID=N/A, WORKER=HW, WRKID=60, JOBID=1029> Model insert attempt failed with DUP_ENTRY: jobID=1029; paramsHash=697101438fa5b0f996e4dba4d6e79e8c OR particleHash=570a42df500c4c26a7a88b4f58d26922; IntegrityError(1062, u"Duplicate entry '1029-iq\\x01C\\x8F\\xA5\\xB0\\xF9\\x96\\xE4\\xDB\\xA4\\xD6\\xE7\\x9E\\x8C' for key 'job_id'")
2015-06-30 07:11:20,807 - com.numenta.nupic.swarming.HypersearchWorker(5041) - INFO - <BUILDID=N/A, WORKER=HW, WRKID=60, JOBID=1029> Adding model 3158 to our internal DB because modelInsertAndStart() failed to insert it: paramsHash=697101438fa5b0f996e4dba4d6e79e8c, particleHash=a06cbb05fde0af232e43872e704cca87, particleId='58.10.0'
2015-06-30 07:11:20,811 - com.numenta.nupic.database.ClientJobsDAO.ClientJobsDAO(5041) - INFO - <BUILDID=N/A, WORKER=HW, WRKID=60, JOBID=1029> Model insert attempt failed with DUP_ENTRY: jobID=1029; paramsHash=697101438fa5b0f996e4dba4d6e79e8c OR particleHash=339f972cd6067358f8d85c65779457f5; IntegrityError(1062, u"Duplicate entry '1029-iq\\x01C\\x8F\\xA5\\xB0\\xF9\\x96\\xE4\\xDB\\xA4\\xD6\\xE7\\x9E\\x8C' for key 'job_id'")
2015-06-30 07:11:20,815 - com.numenta.nupic.swarming.HypersearchWorker(5041) - INFO - <BUILDID=N/A, WORKER=HW, WRKID=60, JOBID=1029> Adding model 3158 to our internal DB because modelInsertAndStart() failed to insert it: paramsHash=697101438fa5b0f996e4dba4d6e79e8c, particleHash=a06cbb05fde0af232e43872e704cca87, particleId='58.10.0'
2015-06-30 07:11:20,823 - com.numenta.nupic.database.ClientJobsDAO.ClientJobsDAO(5041) - INFO - <BUILDID=N/A, WORKER=HW, WRKID=60, JOBID=1029> Model insert attempt failed with DUP_ENTRY: jobID=1029; paramsHash=697101438fa5b0f996e4dba4d6e79e8c OR particleHash=146b6ccc0d7fc824d4afeea4fbfd554f; IntegrityError(1062, u"Duplicate entry '1029-iq\\x01C\\x8F\\xA5\\xB0\\xF9\\x96\\xE4\\xDB\\xA4\\xD6\\xE7\\x9E\\x8C' for key 'job_id'")
2015-06-30 07:11:20,832 - com.numenta.nupic.swarming.HypersearchWorker(5041) - INFO - <BUILDID=N/A, WORKER=HW, WRKID=60, JOBID=1029> Adding model 3158 to our internal DB because modelInsertAndStart() failed to insert it: paramsHash=697101438fa5b0f996e4dba4d6e79e8c, particleHash=a06cbb05fde0af232e43872e704cca87, particleId='58.10.0'
2015-06-30 07:11:20,836 - com.numenta.nupic.database.ClientJobsDAO.ClientJobsDAO(5041) - INFO - <BUILDID=N/A, WORKER=HW, WRKID=60, JOBID=1029> Model insert attempt failed with DUP_ENTRY: jobID=1029; paramsHash=697101438fa5b0f996e4dba4d6e79e8c OR particleHash=9731295a445581f62691a4940c3e03c0; IntegrityError(1062, u"Duplicate entry '1029-iq\\x01C\\x8F\\xA5\\xB0\\xF9\\x96\\xE4\\xDB\\xA4\\xD6\\xE7\\x9E\\x8C' for key 'job_id'")
2015-06-30 07:11:20,840 - com.numenta.nupic.swarming.HypersearchWorker(5041) - INFO - <BUILDID=N/A, WORKER=HW, WRKID=60, JOBID=1029> Adding model 3158 to our internal DB because modelInsertAndStart() failed to insert it: paramsHash=697101438fa5b0f996e4dba4d6e79e8c, particleHash=a06cbb05fde0af232e43872e704cca87, particleId='58.10.0'
2015-06-30 07:11:20,846 - com.numenta.nupic.database.ClientJobsDAO.ClientJobsDAO(5041) - INFO - <BUILDID=N/A, WORKER=HW, WRKID=60, JOBID=1029> Model insert attempt failed with DUP_ENTRY: jobID=1029; paramsHash=697101438fa5b0f996e4dba4d6e79e8c OR particleHash=b661b041a2fdcc5b30d7e508e51bb864; IntegrityError(1062, u"Duplicate entry '1029-iq\\x01C\\x8F\\xA5\\xB0\\xF9\\x96\\xE4\\xDB\\xA4\\xD6\\xE7\\x9E\\x8C' for key 'job_id'")
2015-06-30 07:11:20,849 - com.numenta.nupic.swarming.HypersearchWorker(5041) - INFO - <BUILDID=N/A, WORKER=HW, WRKID=60, JOBID=1029> Adding model 3158 to our internal DB because modelInsertAndStart() failed to insert it: paramsHash=697101438fa5b0f996e4dba4d6e79e8c, particleHash=a06cbb05fde0af232e43872e704cca87, particleId='58.10.0'
2015-06-30 07:11:20,854 - com.numenta.nupic.database.ClientJobsDAO.ClientJobsDAO(5041) - INFO - <BUILDID=N/A, WORKER=HW, WRKID=60, JOBID=1029> Model insert attempt failed with DUP_ENTRY: jobID=1029; paramsHash=697101438fa5b0f996e4dba4d6e79e8c OR particleHash=75213c8a982ccfc0a47f9545d711931c; IntegrityError(1062, u"Duplicate entry '1029-iq\\x01C\\x8F\\xA5\\xB0\\xF9\\x96\\xE4\\xDB\\xA4\\xD6\\xE7\\x9E\\x8C' for key 'job_id'")
2015-06-30 07:11:20,862 - com.numenta.nupic.swarming.HypersearchWorker(5041) - INFO - <BUILDID=N/A, WORKER=HW, WRKID=60, JOBID=1029> Adding model 3158 to our internal DB because modelInsertAndStart() failed to insert it: paramsHash=697101438fa5b0f996e4dba4d6e79e8c, particleHash=a06cbb05fde0af232e43872e704cca87, particleId='58.10.0'
2015-06-30 07:11:20,865 - com.numenta.nupic.database.ClientJobsDAO.ClientJobsDAO(5041) - INFO - <BUILDID=N/A, WORKER=HW, WRKID=60, JOBID=1029> Model insert attempt failed with DUP_ENTRY: jobID=1029; paramsHash=697101438fa5b0f996e4dba4d6e79e8c OR particleHash=ff19634c2cb0ee2476c4bb52b765ffc4; IntegrityError(1062, u"Duplicate entry '1029-iq\\x01C\\x8F\\xA5\\xB0\\xF9\\x96\\xE4\\xDB\\xA4\\xD6\\xE7\\x9E\\x8C' for key 'job_id'")
2015-06-30 07:11:20,871 - com.numenta.nupic.swarming.HypersearchWorker(5041) - INFO - <BUILDID=N/A, WORKER=HW, WRKID=60, JOBID=1029> Adding model 3158 to our internal DB because modelInsertAndStart() failed to insert it: paramsHash=697101438fa5b0f996e4dba4d6e79e8c, particleHash=a06cbb05fde0af232e43872e704cca87, particleId='58.10.0'
2015-06-30 07:11:20,874 - com.numenta.nupic.database.ClientJobsDAO.ClientJobsDAO(5041) - INFO - <BUILDID=N/A, WORKER=HW, WRKID=60, JOBID=1029> Model insert attempt failed with DUP_ENTRY: jobID=1029; paramsHash=697101438fa5b0f996e4dba4d6e79e8c OR particleHash=92e72d8eb5a0689b3ab5439e5050eefb; IntegrityError(1062, u"Duplicate entry '1029-iq\\x01C\\x8F\\xA5\\xB0\\xF9\\x96\\xE4\\xDB\\xA4\\xD6\\xE7\\x9E\\x8C' for key 'job_id'")
2015-06-30 07:11:20,879 - com.numenta.nupic.swarming.HypersearchWorker(5041) - INFO - <BUILDID=N/A, WORKER=HW, WRKID=60, JOBID=1029> Adding model 3158 to our internal DB because modelInsertAndStart() failed to insert it: paramsHash=697101438fa5b0f996e4dba4d6e79e8c, particleHash=a06cbb05fde0af232e43872e704cca87, particleId='58.10.0'
2015-06-30 07:11:20,986 - com.numenta.nupic.swarming.HypersearchWorker(5041) - INFO - <BUILDID=N/A, WORKER=HW, WRKID=60, JOBID=1029> RUNNING MODEL GID=3170, paramsHash=185c3cca8bc56d02610330321eef6018, params={'particleState': {'varStates': {'modelParams|clParams|alpha': {'bestResult': None, 'position': 0.050050000000000004, 'bestPosition': 0.050050000000000004, '_position': 0.050050000000000004, 'velocity': 0.01998}, 'modelParams|tpParams|minThreshold': {'bestResult': None, 'position': 11, 'bestPosition': 11, '_position': 10.5, 'velocity': 0.6}, 'modelParams|tpParams|activationThreshold': {'bestResult': None, 'position': 14, 'bestPosition': 14, '_position': 14.0, 'velocity': 0.8}, 'modelParams|tpParams|pamLength': {'bestResult': None, 'position': 3, 'bestPosition': 3, '_position': 3.0, 'velocity': 0.8}, u'modelParams|sensorParams|encoders|timestamp_dayOfWeek:radius': {'bestResult': None, 'position': 3.5, 'bestPosition': 3.5, '_position': 3.5, 'velocity': 1.0}, 'modelParams|sensorParams|encoders|_classifierInput|n': {'bestResult': None, 'position': 275, 'bestPosition': 275, '_position': 274.5, 'velocity': 98.6}, 'modelParams|spParams|synPermInactiveDec': {'bestResult': None, 'position': 0.05015, 'bestPosition': 0.05015, '_position': 0.05015, 'velocity': 0.019940000000000003}}, 'genIdx': 0, 'swarmId': u'modelParams|sensorParams|encoders|timestamp_dayOfWeek', 'id': '60.20'}, 'structuredParams': {'aggregationInfo': {'seconds': 0, 'fields': [], 'months': 0, 'days': 0, 'years': 0, 'hours': 0, 'microseconds': 0, 'weeks': 0, 'minutes': 0, 'milliseconds': 0}, 'modelParams': {'sensorParams': {'encoders': {'_classifierInput': {'maxval': 5.18, 'classifierOnly': True, 'minval': 0.0, 'clipInput': True, 'n': 275, 'fieldname': 'kwh', 'w': 21, 'type': 'ScalarEncoder'}, u'temp': None, u'kwh': None, u'dewpt': None, u'elapsed': None, u'timestamp_timeOfDay': None, u'is_daylight': None, u'timestamp_dayOfWeek': {'dayOfWeek': (21, 3.5), 'name': 'timestamp', 'fieldname': 'timestamp', 'type': 'DateEncoder'}, u'wind': None, u'timestamp_weekend': None}}, 'spParams': {'synPermInactiveDec': 0.05015}, 'tpParams': {'minThreshold': 11, 'activationThreshold': 14, 'pamLength': 3}, 'clParams': {'alpha': 0.050050000000000004}}}}
2015-06-30 07:11:20,987 - com.numenta.nupic.hypersearch.utils(5041) - INFO - <BUILDID=N/A, WORKER=HW, WRKID=60, JOBID=1029> Using experiment directory: /tmp/tmpY8egbz
