2014-12-27 09:13:08,651 - com.numenta.nupic.swarming.HypersearchWorker(6810) - INFO - <BUILDID=N/A, WORKER=HS, WRKID=N/A, JOBID=N/A> Launched with command line arguments: ['--jobID=1002']
2014-12-27 09:13:08,651 - com.numenta.nupic.swarming.HypersearchWorker(6810) - INFO - <BUILDID=N/A, WORKER=HS, WRKID=N/A, JOBID=N/A> Connecting to the jobs database
2014-12-27 09:13:08,652 - com.numenta.nupic.database.Connection.ConnectionFactory(6810) - INFO - <BUILDID=N/A, WORKER=HS, WRKID=N/A, JOBID=N/A> Creating db connection policy via provider <bound method type._createDefaultPolicy of <class 'nupic.database.Connection.ConnectionFactory'>>
2014-12-27 09:13:08,666 - com.numenta.nupic.database.Connection.PooledConnectionPolicy(6810) - INFO - <BUILDID=N/A, WORKER=HS, WRKID=N/A, JOBID=N/A> Created PooledConnectionPolicy
2014-12-27 09:13:08,676 - com.numenta.nupic.database.ClientJobsDAO.ClientJobsDAO(6810) - INFO - <BUILDID=N/A, WORKER=HS, WRKID=N/A, JOBID=N/A> clientJobsConnectionID=45
2014-12-27 09:13:08,678 - com.numenta.nupic.swarming.HypersearchWorker(6810) - INFO - <BUILDID=N/A, WORKER=HW, WRKID=45, JOBID=1002> Job info retrieved: {'engModelMilestones': 'None', 'clientInfo': '', 'numFailedWorkers': '0', 'engJobType': 'hypersearch', 'results': 'None', 'jobId': '1002', 'completionMsg': 'None', 'cancel': '0', 'engWorkerState': 'None', 'workerCompletionMsg': 'None', 'jobHash': "\xa0\xc1\xe9\x9b\x8d\xeb\x11\xe4\x9c\x1f\x08\x00'\x16\xdf\xd4", 'genBaseDescription': 'None', 'completionReason': 'None', 'priority': '0', 'cmdLine': '$HYPERSEARCH', 'params': '{"hsVersion": "v2", "maxModels": null, "persistentJobGUID": "a0c...', 'workerCompletionReason': 'success', 'engAllocateNewWorkers': '1', 'lastFailedWorkerErrorMsg': 'None', 'engUntendedDeadWorkers': '0', 'engLastUpdateTime': '2014-12-27 17:13:08', 'status': 'notStarted', 'engStatus': 'None', 'startTime': 'None', 'minimumWorkers': '1', 'endTime': 'None', 'engCjmConnId': 'None', 'genPermutations': 'None', 'client': 'GRP', 'engCleaningStatus': 'notdone', 'clientKey': '', 'maximumWorkers': '4'}
2014-12-27 09:13:08,688 - com.numenta.nupic.swarming.HypersearchV2.HypersearchV2(6810) - INFO - <BUILDID=N/A, WORKER=HW, WRKID=45, JOBID=1002> searchParams: 
{u'description': {u'includedFields': [{u'fieldName': 'timestamp',
                                       u'fieldType': 'datetime'},
                                      {u'fieldName': 'kw_energy_consumption',
                                       u'fieldType': 'float',
                                       u'maxValue': '5.18',
                                       u'minValue': '0.0'}],
                  u'inferenceArgs': {u'predictedField': 'kw_energy_consumption',
                                     u'predictionSteps': ['1']},
                  u'inferenceType': 'TemporalMultiStep',
                  u'iterationCount': '-1',
                  u'streamDef': {u'info': 'kw_energy_consumption',
                                 u'streams': [{u'columns': ['*'],
                                               u'info': 'San Diego',
                                               u'source': 'file://sandiego.csv'}],
                                 u'version': '1'},
                  u'swarmSize': 'small'},
 u'hsVersion': 'v2',
 u'maxModels': 'None',
 u'persistentJobGUID': 'a0c1e99a-8deb-11e4-9c1f-08002716dfd4',
 u'useTerminators': 'False'}
2014-12-27 09:13:08,853 - com.numenta.nupic.swarming.HypersearchV2.HypersearchV2(6810) - INFO - <BUILDID=N/A, WORKER=HW, WRKID=45, JOBID=1002> Active swarms changed to [u'modelParams|sensorParams|encoders|kw_energy_consumption'] (from None)
2014-12-27 09:13:08,960 - com.numenta.nupic.database.ClientJobsDAO.ClientJobsDAO(6810) - INFO - <BUILDID=N/A, WORKER=HW, WRKID=45, JOBID=1002> Model insert attempt failed with DUP_ENTRY: jobID=1002; paramsHash=b83e94a3acb214f3fdd3aee92e9fbdb5 OR particleHash=3dbc39b3b84259c3b12a3ab83c3c4736; IntegrityError(1062, u"Duplicate entry '1002-\\xB8>\\x94\\xA3\\xAC\\xB2\\x14\\xF3\\xFD\\xD3\\xAE\\xE9.\\x9F\\xBD\\xB5' for key 'job_id'")
2014-12-27 09:13:08,973 - com.numenta.nupic.swarming.HypersearchWorker(6810) - INFO - <BUILDID=N/A, WORKER=HW, WRKID=45, JOBID=1002> Adding model 1184 to our internal DB because modelInsertAndStart() failed to insert it: paramsHash=b83e94a3acb214f3fdd3aee92e9fbdb5, particleHash=c0d1076c915ab70fe3a9f0269e6efb20, particleId='46.0.0'
2014-12-27 09:13:08,977 - com.numenta.nupic.database.ClientJobsDAO.ClientJobsDAO(6810) - INFO - <BUILDID=N/A, WORKER=HW, WRKID=45, JOBID=1002> Model insert attempt failed with DUP_ENTRY: jobID=1002; paramsHash=b83e94a3acb214f3fdd3aee92e9fbdb5 OR particleHash=df53511de3779a9b1db7b075d0ddb6e0; IntegrityError(1062, u"Duplicate entry '1002-\\xB8>\\x94\\xA3\\xAC\\xB2\\x14\\xF3\\xFD\\xD3\\xAE\\xE9.\\x9F\\xBD\\xB5' for key 'job_id'")
2014-12-27 09:13:08,979 - com.numenta.nupic.swarming.HypersearchWorker(6810) - INFO - <BUILDID=N/A, WORKER=HW, WRKID=45, JOBID=1002> Adding model 1184 to our internal DB because modelInsertAndStart() failed to insert it: paramsHash=b83e94a3acb214f3fdd3aee92e9fbdb5, particleHash=c0d1076c915ab70fe3a9f0269e6efb20, particleId='46.0.0'
2014-12-27 09:13:08,984 - com.numenta.nupic.database.ClientJobsDAO.ClientJobsDAO(6810) - INFO - <BUILDID=N/A, WORKER=HW, WRKID=45, JOBID=1002> Model insert attempt failed with DUP_ENTRY: jobID=1002; paramsHash=b83e94a3acb214f3fdd3aee92e9fbdb5 OR particleHash=eca800a023208edb080502257c3c16d9; IntegrityError(1062, u"Duplicate entry '1002-\\xB8>\\x94\\xA3\\xAC\\xB2\\x14\\xF3\\xFD\\xD3\\xAE\\xE9.\\x9F\\xBD\\xB5' for key 'job_id'")
2014-12-27 09:13:08,989 - com.numenta.nupic.swarming.HypersearchWorker(6810) - INFO - <BUILDID=N/A, WORKER=HW, WRKID=45, JOBID=1002> Adding model 1184 to our internal DB because modelInsertAndStart() failed to insert it: paramsHash=b83e94a3acb214f3fdd3aee92e9fbdb5, particleHash=c0d1076c915ab70fe3a9f0269e6efb20, particleId='46.0.0'
2014-12-27 09:13:08,993 - com.numenta.nupic.database.ClientJobsDAO.ClientJobsDAO(6810) - INFO - <BUILDID=N/A, WORKER=HW, WRKID=45, JOBID=1002> Model insert attempt failed with DUP_ENTRY: jobID=1002; paramsHash=b83e94a3acb214f3fdd3aee92e9fbdb5 OR particleHash=dabb5cf2eb73e6239e470dd378bb61f1; IntegrityError(1062, u"Duplicate entry '1002-\\xB8>\\x94\\xA3\\xAC\\xB2\\x14\\xF3\\xFD\\xD3\\xAE\\xE9.\\x9F\\xBD\\xB5' for key 'job_id'")
2014-12-27 09:13:09,000 - com.numenta.nupic.swarming.HypersearchWorker(6810) - INFO - <BUILDID=N/A, WORKER=HW, WRKID=45, JOBID=1002> Adding model 1184 to our internal DB because modelInsertAndStart() failed to insert it: paramsHash=b83e94a3acb214f3fdd3aee92e9fbdb5, particleHash=c0d1076c915ab70fe3a9f0269e6efb20, particleId='46.0.0'
2014-12-27 09:13:09,005 - com.numenta.nupic.database.ClientJobsDAO.ClientJobsDAO(6810) - INFO - <BUILDID=N/A, WORKER=HW, WRKID=45, JOBID=1002> Model insert attempt failed with DUP_ENTRY: jobID=1002; paramsHash=b83e94a3acb214f3fdd3aee92e9fbdb5 OR particleHash=be407aeb160d0635da53d660f2887d9e; IntegrityError(1062, u"Duplicate entry '1002-\\xB8>\\x94\\xA3\\xAC\\xB2\\x14\\xF3\\xFD\\xD3\\xAE\\xE9.\\x9F\\xBD\\xB5' for key 'job_id'")
2014-12-27 09:13:09,010 - com.numenta.nupic.swarming.HypersearchWorker(6810) - INFO - <BUILDID=N/A, WORKER=HW, WRKID=45, JOBID=1002> Adding model 1184 to our internal DB because modelInsertAndStart() failed to insert it: paramsHash=b83e94a3acb214f3fdd3aee92e9fbdb5, particleHash=c0d1076c915ab70fe3a9f0269e6efb20, particleId='46.0.0'
2014-12-27 09:13:09,015 - com.numenta.nupic.database.ClientJobsDAO.ClientJobsDAO(6810) - INFO - <BUILDID=N/A, WORKER=HW, WRKID=45, JOBID=1002> Model insert attempt failed with DUP_ENTRY: jobID=1002; paramsHash=b83e94a3acb214f3fdd3aee92e9fbdb5 OR particleHash=29d82dd2951ebdd6c01c617c0f6171dc; IntegrityError(1062, u"Duplicate entry '1002-\\xB8>\\x94\\xA3\\xAC\\xB2\\x14\\xF3\\xFD\\xD3\\xAE\\xE9.\\x9F\\xBD\\xB5' for key 'job_id'")
2014-12-27 09:13:09,019 - com.numenta.nupic.swarming.HypersearchWorker(6810) - INFO - <BUILDID=N/A, WORKER=HW, WRKID=45, JOBID=1002> Adding model 1184 to our internal DB because modelInsertAndStart() failed to insert it: paramsHash=b83e94a3acb214f3fdd3aee92e9fbdb5, particleHash=c0d1076c915ab70fe3a9f0269e6efb20, particleId='46.0.0'
2014-12-27 09:13:09,028 - com.numenta.nupic.database.ClientJobsDAO.ClientJobsDAO(6810) - INFO - <BUILDID=N/A, WORKER=HW, WRKID=45, JOBID=1002> Model insert attempt failed with DUP_ENTRY: jobID=1002; paramsHash=b83e94a3acb214f3fdd3aee92e9fbdb5 OR particleHash=498ee77acbf0f7df4c16546460a53abf; IntegrityError(1062, u"Duplicate entry '1002-\\xB8>\\x94\\xA3\\xAC\\xB2\\x14\\xF3\\xFD\\xD3\\xAE\\xE9.\\x9F\\xBD\\xB5' for key 'job_id'")
2014-12-27 09:13:09,034 - com.numenta.nupic.swarming.HypersearchWorker(6810) - INFO - <BUILDID=N/A, WORKER=HW, WRKID=45, JOBID=1002> Adding model 1184 to our internal DB because modelInsertAndStart() failed to insert it: paramsHash=b83e94a3acb214f3fdd3aee92e9fbdb5, particleHash=c0d1076c915ab70fe3a9f0269e6efb20, particleId='46.0.0'
2014-12-27 09:13:09,040 - com.numenta.nupic.database.ClientJobsDAO.ClientJobsDAO(6810) - INFO - <BUILDID=N/A, WORKER=HW, WRKID=45, JOBID=1002> Model insert attempt failed with DUP_ENTRY: jobID=1002; paramsHash=b83e94a3acb214f3fdd3aee92e9fbdb5 OR particleHash=4c771572c106419e75bffd7a9942269f; IntegrityError(1062, u"Duplicate entry '1002-\\xB8>\\x94\\xA3\\xAC\\xB2\\x14\\xF3\\xFD\\xD3\\xAE\\xE9.\\x9F\\xBD\\xB5' for key 'job_id'")
2014-12-27 09:13:09,049 - com.numenta.nupic.swarming.HypersearchWorker(6810) - INFO - <BUILDID=N/A, WORKER=HW, WRKID=45, JOBID=1002> Adding model 1184 to our internal DB because modelInsertAndStart() failed to insert it: paramsHash=b83e94a3acb214f3fdd3aee92e9fbdb5, particleHash=c0d1076c915ab70fe3a9f0269e6efb20, particleId='46.0.0'
2014-12-27 09:13:09,060 - com.numenta.nupic.database.ClientJobsDAO.ClientJobsDAO(6810) - INFO - <BUILDID=N/A, WORKER=HW, WRKID=45, JOBID=1002> Model insert attempt failed with DUP_ENTRY: jobID=1002; paramsHash=b83e94a3acb214f3fdd3aee92e9fbdb5 OR particleHash=2169cf2f036f205f96242257bfece096; IntegrityError(1062, u"Duplicate entry '1002-\\xB8>\\x94\\xA3\\xAC\\xB2\\x14\\xF3\\xFD\\xD3\\xAE\\xE9.\\x9F\\xBD\\xB5' for key 'job_id'")
2014-12-27 09:13:09,065 - com.numenta.nupic.swarming.HypersearchWorker(6810) - INFO - <BUILDID=N/A, WORKER=HW, WRKID=45, JOBID=1002> Adding model 1184 to our internal DB because modelInsertAndStart() failed to insert it: paramsHash=b83e94a3acb214f3fdd3aee92e9fbdb5, particleHash=c0d1076c915ab70fe3a9f0269e6efb20, particleId='46.0.0'
2014-12-27 09:13:09,072 - com.numenta.nupic.database.ClientJobsDAO.ClientJobsDAO(6810) - INFO - <BUILDID=N/A, WORKER=HW, WRKID=45, JOBID=1002> Model insert attempt failed with DUP_ENTRY: jobID=1002; paramsHash=b83e94a3acb214f3fdd3aee92e9fbdb5 OR particleHash=2169bb42a30e84d48441031df6215f6e; IntegrityError(1062, u"Duplicate entry '1002-\\xB8>\\x94\\xA3\\xAC\\xB2\\x14\\xF3\\xFD\\xD3\\xAE\\xE9.\\x9F\\xBD\\xB5' for key 'job_id'")
2014-12-27 09:13:09,075 - com.numenta.nupic.swarming.HypersearchWorker(6810) - INFO - <BUILDID=N/A, WORKER=HW, WRKID=45, JOBID=1002> Adding model 1184 to our internal DB because modelInsertAndStart() failed to insert it: paramsHash=b83e94a3acb214f3fdd3aee92e9fbdb5, particleHash=c0d1076c915ab70fe3a9f0269e6efb20, particleId='46.0.0'
2014-12-27 09:13:09,156 - com.numenta.nupic.database.ClientJobsDAO.ClientJobsDAO(6810) - INFO - <BUILDID=N/A, WORKER=HW, WRKID=45, JOBID=1002> Model insert attempt failed with DUP_ENTRY: jobID=1002; paramsHash=19aec87b133d141c1453d8d3cfcea9d8 OR particleHash=47559ab4ee549fe40580ecdac752cac5; IntegrityError(1062, u"Duplicate entry '1002-\\x19\\xAE\\xC8{\\x13=\\x14\\x1C\\x14S\\xD8\\xD3\\xCF\\xCE\\xA9\\xD8' for key 'job_id'")
2014-12-27 09:13:09,159 - com.numenta.nupic.swarming.HypersearchWorker(6810) - INFO - <BUILDID=N/A, WORKER=HW, WRKID=45, JOBID=1002> Adding model 1206 to our internal DB because modelInsertAndStart() failed to insert it: paramsHash=19aec87b133d141c1453d8d3cfcea9d8, particleHash=30962f991499125456db9b6201838027, particleId='46.20.0'
2014-12-27 09:13:09,163 - com.numenta.nupic.database.ClientJobsDAO.ClientJobsDAO(6810) - INFO - <BUILDID=N/A, WORKER=HW, WRKID=45, JOBID=1002> Model insert attempt failed with DUP_ENTRY: jobID=1002; paramsHash=19aec87b133d141c1453d8d3cfcea9d8 OR particleHash=968e7febc66da82f02bb7ff19561b786; IntegrityError(1062, u"Duplicate entry '1002-\\x19\\xAE\\xC8{\\x13=\\x14\\x1C\\x14S\\xD8\\xD3\\xCF\\xCE\\xA9\\xD8' for key 'job_id'")
2014-12-27 09:13:09,167 - com.numenta.nupic.swarming.HypersearchWorker(6810) - INFO - <BUILDID=N/A, WORKER=HW, WRKID=45, JOBID=1002> Adding model 1206 to our internal DB because modelInsertAndStart() failed to insert it: paramsHash=19aec87b133d141c1453d8d3cfcea9d8, particleHash=30962f991499125456db9b6201838027, particleId='46.20.0'
2014-12-27 09:13:09,175 - com.numenta.nupic.database.ClientJobsDAO.ClientJobsDAO(6810) - INFO - <BUILDID=N/A, WORKER=HW, WRKID=45, JOBID=1002> Model insert attempt failed with DUP_ENTRY: jobID=1002; paramsHash=19aec87b133d141c1453d8d3cfcea9d8 OR particleHash=ae401f2382424b61ef9447486e2b2ae4; IntegrityError(1062, u"Duplicate entry '1002-\\x19\\xAE\\xC8{\\x13=\\x14\\x1C\\x14S\\xD8\\xD3\\xCF\\xCE\\xA9\\xD8' for key 'job_id'")
2014-12-27 09:13:09,182 - com.numenta.nupic.swarming.HypersearchWorker(6810) - INFO - <BUILDID=N/A, WORKER=HW, WRKID=45, JOBID=1002> Adding model 1206 to our internal DB because modelInsertAndStart() failed to insert it: paramsHash=19aec87b133d141c1453d8d3cfcea9d8, particleHash=30962f991499125456db9b6201838027, particleId='46.20.0'
2014-12-27 09:13:09,189 - com.numenta.nupic.database.ClientJobsDAO.ClientJobsDAO(6810) - INFO - <BUILDID=N/A, WORKER=HW, WRKID=45, JOBID=1002> Model insert attempt failed with DUP_ENTRY: jobID=1002; paramsHash=19aec87b133d141c1453d8d3cfcea9d8 OR particleHash=1ee398a5dc82ed81c62e6d5ba76e8da1; IntegrityError(1062, u"Duplicate entry '1002-\\x19\\xAE\\xC8{\\x13=\\x14\\x1C\\x14S\\xD8\\xD3\\xCF\\xCE\\xA9\\xD8' for key 'job_id'")
2014-12-27 09:13:09,194 - com.numenta.nupic.swarming.HypersearchWorker(6810) - INFO - <BUILDID=N/A, WORKER=HW, WRKID=45, JOBID=1002> Adding model 1206 to our internal DB because modelInsertAndStart() failed to insert it: paramsHash=19aec87b133d141c1453d8d3cfcea9d8, particleHash=30962f991499125456db9b6201838027, particleId='46.20.0'
2014-12-27 09:13:09,200 - com.numenta.nupic.database.ClientJobsDAO.ClientJobsDAO(6810) - INFO - <BUILDID=N/A, WORKER=HW, WRKID=45, JOBID=1002> Model insert attempt failed with DUP_ENTRY: jobID=1002; paramsHash=19aec87b133d141c1453d8d3cfcea9d8 OR particleHash=8ae0f90f062c2e8b381427f68139021e; IntegrityError(1062, u"Duplicate entry '1002-\\x19\\xAE\\xC8{\\x13=\\x14\\x1C\\x14S\\xD8\\xD3\\xCF\\xCE\\xA9\\xD8' for key 'job_id'")
2014-12-27 09:13:09,206 - com.numenta.nupic.swarming.HypersearchWorker(6810) - INFO - <BUILDID=N/A, WORKER=HW, WRKID=45, JOBID=1002> Adding model 1206 to our internal DB because modelInsertAndStart() failed to insert it: paramsHash=19aec87b133d141c1453d8d3cfcea9d8, particleHash=30962f991499125456db9b6201838027, particleId='46.20.0'
2014-12-27 09:13:09,211 - com.numenta.nupic.database.ClientJobsDAO.ClientJobsDAO(6810) - INFO - <BUILDID=N/A, WORKER=HW, WRKID=45, JOBID=1002> Model insert attempt failed with DUP_ENTRY: jobID=1002; paramsHash=19aec87b133d141c1453d8d3cfcea9d8 OR particleHash=b2be19a5007e49347a21fc4d55326c1c; IntegrityError(1062, u"Duplicate entry '1002-\\x19\\xAE\\xC8{\\x13=\\x14\\x1C\\x14S\\xD8\\xD3\\xCF\\xCE\\xA9\\xD8' for key 'job_id'")
2014-12-27 09:13:09,221 - com.numenta.nupic.swarming.HypersearchWorker(6810) - INFO - <BUILDID=N/A, WORKER=HW, WRKID=45, JOBID=1002> Adding model 1206 to our internal DB because modelInsertAndStart() failed to insert it: paramsHash=19aec87b133d141c1453d8d3cfcea9d8, particleHash=30962f991499125456db9b6201838027, particleId='46.20.0'
2014-12-27 09:13:09,225 - com.numenta.nupic.database.ClientJobsDAO.ClientJobsDAO(6810) - INFO - <BUILDID=N/A, WORKER=HW, WRKID=45, JOBID=1002> Model insert attempt failed with DUP_ENTRY: jobID=1002; paramsHash=19aec87b133d141c1453d8d3cfcea9d8 OR particleHash=d7a120304f906d45ea42d7148bebccc7; IntegrityError(1062, u"Duplicate entry '1002-\\x19\\xAE\\xC8{\\x13=\\x14\\x1C\\x14S\\xD8\\xD3\\xCF\\xCE\\xA9\\xD8' for key 'job_id'")
2014-12-27 09:13:09,230 - com.numenta.nupic.swarming.HypersearchWorker(6810) - INFO - <BUILDID=N/A, WORKER=HW, WRKID=45, JOBID=1002> Adding model 1206 to our internal DB because modelInsertAndStart() failed to insert it: paramsHash=19aec87b133d141c1453d8d3cfcea9d8, particleHash=30962f991499125456db9b6201838027, particleId='46.20.0'
2014-12-27 09:13:09,241 - com.numenta.nupic.database.ClientJobsDAO.ClientJobsDAO(6810) - INFO - <BUILDID=N/A, WORKER=HW, WRKID=45, JOBID=1002> Model insert attempt failed with DUP_ENTRY: jobID=1002; paramsHash=19aec87b133d141c1453d8d3cfcea9d8 OR particleHash=9493518477ab6ed6347ebbfe476824f1; IntegrityError(1062, u"Duplicate entry '1002-\\x19\\xAE\\xC8{\\x13=\\x14\\x1C\\x14S\\xD8\\xD3\\xCF\\xCE\\xA9\\xD8' for key 'job_id'")
2014-12-27 09:13:09,244 - com.numenta.nupic.swarming.HypersearchWorker(6810) - INFO - <BUILDID=N/A, WORKER=HW, WRKID=45, JOBID=1002> Adding model 1206 to our internal DB because modelInsertAndStart() failed to insert it: paramsHash=19aec87b133d141c1453d8d3cfcea9d8, particleHash=30962f991499125456db9b6201838027, particleId='46.20.0'
2014-12-27 09:13:09,247 - com.numenta.nupic.database.ClientJobsDAO.ClientJobsDAO(6810) - INFO - <BUILDID=N/A, WORKER=HW, WRKID=45, JOBID=1002> Model insert attempt failed with DUP_ENTRY: jobID=1002; paramsHash=19aec87b133d141c1453d8d3cfcea9d8 OR particleHash=d41dc160b3cc1125498df37ee8840f16; IntegrityError(1062, u"Duplicate entry '1002-\\x19\\xAE\\xC8{\\x13=\\x14\\x1C\\x14S\\xD8\\xD3\\xCF\\xCE\\xA9\\xD8' for key 'job_id'")
2014-12-27 09:13:09,251 - com.numenta.nupic.swarming.HypersearchWorker(6810) - INFO - <BUILDID=N/A, WORKER=HW, WRKID=45, JOBID=1002> Adding model 1206 to our internal DB because modelInsertAndStart() failed to insert it: paramsHash=19aec87b133d141c1453d8d3cfcea9d8, particleHash=30962f991499125456db9b6201838027, particleId='46.20.0'
2014-12-27 09:13:09,255 - com.numenta.nupic.database.ClientJobsDAO.ClientJobsDAO(6810) - INFO - <BUILDID=N/A, WORKER=HW, WRKID=45, JOBID=1002> Model insert attempt failed with DUP_ENTRY: jobID=1002; paramsHash=19aec87b133d141c1453d8d3cfcea9d8 OR particleHash=15333325b0e1bcce4851b1a033de2bea; IntegrityError(1062, u"Duplicate entry '1002-\\x19\\xAE\\xC8{\\x13=\\x14\\x1C\\x14S\\xD8\\xD3\\xCF\\xCE\\xA9\\xD8' for key 'job_id'")
2014-12-27 09:13:09,259 - com.numenta.nupic.swarming.HypersearchWorker(6810) - INFO - <BUILDID=N/A, WORKER=HW, WRKID=45, JOBID=1002> Adding model 1206 to our internal DB because modelInsertAndStart() failed to insert it: paramsHash=19aec87b133d141c1453d8d3cfcea9d8, particleHash=30962f991499125456db9b6201838027, particleId='46.20.0'
2014-12-27 09:13:09,269 - com.numenta.nupic.swarming.HypersearchV2.HypersearchV2(6810) - INFO - <BUILDID=N/A, WORKER=HW, WRKID=45, JOBID=1002> Completed generation #0 of swarm 'modelParams|sensorParams|encoders|kw_energy_consumption' with a best errScore of inf
2014-12-27 09:13:09,375 - com.numenta.nupic.database.ClientJobsDAO.ClientJobsDAO(6810) - INFO - <BUILDID=N/A, WORKER=HW, WRKID=45, JOBID=1002> Model insert attempt failed with DUP_ENTRY: jobID=1002; paramsHash=64ee87e1fc85a50b6238a83ad6fd62da OR particleHash=6de20b7f47839a4b5924d3fd47bee874; IntegrityError(1062, u"Duplicate entry '1002-m\\xE2\\x0B\\x7FG\\x83\\x9AKY$\\xD3\\xFDG\\xBE\\xE8t' for key 'job_id_2'")
2014-12-27 09:13:09,378 - com.numenta.nupic.swarming.HypersearchWorker(6810) - INFO - <BUILDID=N/A, WORKER=HW, WRKID=45, JOBID=1002> Adding model 1228 to our internal DB because modelInsertAndStart() failed to insert it: paramsHash=54a66e30fe2eacf2eb9f523c28210f24, particleHash=6de20b7f47839a4b5924d3fd47bee874, particleId='46.10.1'
2014-12-27 09:13:09,386 - com.numenta.nupic.database.ClientJobsDAO.ClientJobsDAO(6810) - INFO - <BUILDID=N/A, WORKER=HW, WRKID=45, JOBID=1002> Model insert attempt failed with DUP_ENTRY: jobID=1002; paramsHash=64ee87e1fc85a50b6238a83ad6fd62da OR particleHash=6de20b7f47839a4b5924d3fd47bee874; IntegrityError(1062, u"Duplicate entry '1002-m\\xE2\\x0B\\x7FG\\x83\\x9AKY$\\xD3\\xFDG\\xBE\\xE8t' for key 'job_id_2'")
2014-12-27 09:13:09,389 - com.numenta.nupic.swarming.HypersearchWorker(6810) - INFO - <BUILDID=N/A, WORKER=HW, WRKID=45, JOBID=1002> Adding model 1228 to our internal DB because modelInsertAndStart() failed to insert it: paramsHash=54a66e30fe2eacf2eb9f523c28210f24, particleHash=6de20b7f47839a4b5924d3fd47bee874, particleId='46.10.1'
2014-12-27 09:13:09,396 - com.numenta.nupic.database.ClientJobsDAO.ClientJobsDAO(6810) - INFO - <BUILDID=N/A, WORKER=HW, WRKID=45, JOBID=1002> Model insert attempt failed with DUP_ENTRY: jobID=1002; paramsHash=64ee87e1fc85a50b6238a83ad6fd62da OR particleHash=6de20b7f47839a4b5924d3fd47bee874; IntegrityError(1062, u"Duplicate entry '1002-m\\xE2\\x0B\\x7FG\\x83\\x9AKY$\\xD3\\xFDG\\xBE\\xE8t' for key 'job_id_2'")
2014-12-27 09:13:09,400 - com.numenta.nupic.swarming.HypersearchWorker(6810) - INFO - <BUILDID=N/A, WORKER=HW, WRKID=45, JOBID=1002> Adding model 1228 to our internal DB because modelInsertAndStart() failed to insert it: paramsHash=54a66e30fe2eacf2eb9f523c28210f24, particleHash=6de20b7f47839a4b5924d3fd47bee874, particleId='46.10.1'
2014-12-27 09:13:09,417 - com.numenta.nupic.database.ClientJobsDAO.ClientJobsDAO(6810) - INFO - <BUILDID=N/A, WORKER=HW, WRKID=45, JOBID=1002> Model insert attempt failed with DUP_ENTRY: jobID=1002; paramsHash=64ee87e1fc85a50b6238a83ad6fd62da OR particleHash=6de20b7f47839a4b5924d3fd47bee874; IntegrityError(1062, u"Duplicate entry '1002-m\\xE2\\x0B\\x7FG\\x83\\x9AKY$\\xD3\\xFDG\\xBE\\xE8t' for key 'job_id_2'")
2014-12-27 09:13:09,421 - com.numenta.nupic.swarming.HypersearchWorker(6810) - INFO - <BUILDID=N/A, WORKER=HW, WRKID=45, JOBID=1002> Adding model 1228 to our internal DB because modelInsertAndStart() failed to insert it: paramsHash=54a66e30fe2eacf2eb9f523c28210f24, particleHash=6de20b7f47839a4b5924d3fd47bee874, particleId='46.10.1'
2014-12-27 09:13:09,425 - com.numenta.nupic.database.ClientJobsDAO.ClientJobsDAO(6810) - INFO - <BUILDID=N/A, WORKER=HW, WRKID=45, JOBID=1002> Model insert attempt failed with DUP_ENTRY: jobID=1002; paramsHash=64ee87e1fc85a50b6238a83ad6fd62da OR particleHash=6de20b7f47839a4b5924d3fd47bee874; IntegrityError(1062, u"Duplicate entry '1002-m\\xE2\\x0B\\x7FG\\x83\\x9AKY$\\xD3\\xFDG\\xBE\\xE8t' for key 'job_id_2'")
2014-12-27 09:13:09,431 - com.numenta.nupic.swarming.HypersearchWorker(6810) - INFO - <BUILDID=N/A, WORKER=HW, WRKID=45, JOBID=1002> Adding model 1228 to our internal DB because modelInsertAndStart() failed to insert it: paramsHash=54a66e30fe2eacf2eb9f523c28210f24, particleHash=6de20b7f47839a4b5924d3fd47bee874, particleId='46.10.1'
2014-12-27 09:13:09,441 - com.numenta.nupic.database.ClientJobsDAO.ClientJobsDAO(6810) - INFO - <BUILDID=N/A, WORKER=HW, WRKID=45, JOBID=1002> Model insert attempt failed with DUP_ENTRY: jobID=1002; paramsHash=64ee87e1fc85a50b6238a83ad6fd62da OR particleHash=6de20b7f47839a4b5924d3fd47bee874; IntegrityError(1062, u"Duplicate entry '1002-m\\xE2\\x0B\\x7FG\\x83\\x9AKY$\\xD3\\xFDG\\xBE\\xE8t' for key 'job_id_2'")
2014-12-27 09:13:09,448 - com.numenta.nupic.swarming.HypersearchWorker(6810) - INFO - <BUILDID=N/A, WORKER=HW, WRKID=45, JOBID=1002> Adding model 1228 to our internal DB because modelInsertAndStart() failed to insert it: paramsHash=54a66e30fe2eacf2eb9f523c28210f24, particleHash=6de20b7f47839a4b5924d3fd47bee874, particleId='46.10.1'
2014-12-27 09:13:09,452 - com.numenta.nupic.database.ClientJobsDAO.ClientJobsDAO(6810) - INFO - <BUILDID=N/A, WORKER=HW, WRKID=45, JOBID=1002> Model insert attempt failed with DUP_ENTRY: jobID=1002; paramsHash=64ee87e1fc85a50b6238a83ad6fd62da OR particleHash=6de20b7f47839a4b5924d3fd47bee874; IntegrityError(1062, u"Duplicate entry '1002-m\\xE2\\x0B\\x7FG\\x83\\x9AKY$\\xD3\\xFDG\\xBE\\xE8t' for key 'job_id_2'")
2014-12-27 09:13:09,457 - com.numenta.nupic.swarming.HypersearchWorker(6810) - INFO - <BUILDID=N/A, WORKER=HW, WRKID=45, JOBID=1002> Adding model 1228 to our internal DB because modelInsertAndStart() failed to insert it: paramsHash=54a66e30fe2eacf2eb9f523c28210f24, particleHash=6de20b7f47839a4b5924d3fd47bee874, particleId='46.10.1'
2014-12-27 09:13:09,468 - com.numenta.nupic.database.ClientJobsDAO.ClientJobsDAO(6810) - INFO - <BUILDID=N/A, WORKER=HW, WRKID=45, JOBID=1002> Model insert attempt failed with DUP_ENTRY: jobID=1002; paramsHash=64ee87e1fc85a50b6238a83ad6fd62da OR particleHash=6de20b7f47839a4b5924d3fd47bee874; IntegrityError(1062, u"Duplicate entry '1002-m\\xE2\\x0B\\x7FG\\x83\\x9AKY$\\xD3\\xFDG\\xBE\\xE8t' for key 'job_id_2'")
2014-12-27 09:13:09,474 - com.numenta.nupic.swarming.HypersearchWorker(6810) - INFO - <BUILDID=N/A, WORKER=HW, WRKID=45, JOBID=1002> Adding model 1228 to our internal DB because modelInsertAndStart() failed to insert it: paramsHash=54a66e30fe2eacf2eb9f523c28210f24, particleHash=6de20b7f47839a4b5924d3fd47bee874, particleId='46.10.1'
2014-12-27 09:13:09,484 - com.numenta.nupic.database.ClientJobsDAO.ClientJobsDAO(6810) - INFO - <BUILDID=N/A, WORKER=HW, WRKID=45, JOBID=1002> Model insert attempt failed with DUP_ENTRY: jobID=1002; paramsHash=64ee87e1fc85a50b6238a83ad6fd62da OR particleHash=6de20b7f47839a4b5924d3fd47bee874; IntegrityError(1062, u"Duplicate entry '1002-m\\xE2\\x0B\\x7FG\\x83\\x9AKY$\\xD3\\xFDG\\xBE\\xE8t' for key 'job_id_2'")
2014-12-27 09:13:09,489 - com.numenta.nupic.swarming.HypersearchWorker(6810) - INFO - <BUILDID=N/A, WORKER=HW, WRKID=45, JOBID=1002> Adding model 1228 to our internal DB because modelInsertAndStart() failed to insert it: paramsHash=54a66e30fe2eacf2eb9f523c28210f24, particleHash=6de20b7f47839a4b5924d3fd47bee874, particleId='46.10.1'
2014-12-27 09:13:09,501 - com.numenta.nupic.database.ClientJobsDAO.ClientJobsDAO(6810) - INFO - <BUILDID=N/A, WORKER=HW, WRKID=45, JOBID=1002> Model insert attempt failed with DUP_ENTRY: jobID=1002; paramsHash=64ee87e1fc85a50b6238a83ad6fd62da OR particleHash=6de20b7f47839a4b5924d3fd47bee874; IntegrityError(1062, u"Duplicate entry '1002-m\\xE2\\x0B\\x7FG\\x83\\x9AKY$\\xD3\\xFDG\\xBE\\xE8t' for key 'job_id_2'")
2014-12-27 09:13:09,506 - com.numenta.nupic.swarming.HypersearchWorker(6810) - INFO - <BUILDID=N/A, WORKER=HW, WRKID=45, JOBID=1002> Adding model 1228 to our internal DB because modelInsertAndStart() failed to insert it: paramsHash=54a66e30fe2eacf2eb9f523c28210f24, particleHash=6de20b7f47839a4b5924d3fd47bee874, particleId='46.10.1'
2014-12-27 09:13:09,513 - com.numenta.nupic.swarming.HypersearchV2.HypersearchV2(6810) - INFO - <BUILDID=N/A, WORKER=HW, WRKID=45, JOBID=1002> Active swarms changed to [] (from [u'modelParams|sensorParams|encoders|kw_energy_consumption'])
2014-12-27 09:13:09,513 - com.numenta.nupic.swarming.HypersearchV2.HypersearchV2(6810) - ERROR - <BUILDID=N/A, WORKER=HW, WRKID=45, JOBID=1002> E10002: Exiting due to receiving too many models failing from exceptions (6 out of 6). 
Model Exception: Exception occurred while running model 1184: Exception(u'Invalid file format for "/home/pat/workspace/nupic/examples/opf/clients/hotgym/prediction/sandiego/sandiego.csv" - field type ""2011-02-01 01:00:00"" not one of (\'string\', \'datetime\', \'int\', \'float\', \'bool\', \'sdr\') ',) (<type 'exceptions.Exception'>)
Traceback (most recent call last):
  File "/home/pat/workspace/nupic/nupic/swarming/utils.py", line 430, in runModelGivenBaseAndParams
    (completionReason, completionMsg) = runner.run()
  File "/home/pat/workspace/nupic/nupic/swarming/ModelRunner.py", line 237, in run
    maxTimeout=readTimeout)
  File "/home/pat/workspace/nupic/nupic/data/stream_reader.py", line 210, in __init__
    self._openStream(dataUrl, isBlocking, maxTimeout, bookmark, firstRecordIdx)
  File "/home/pat/workspace/nupic/nupic/data/stream_reader.py", line 298, in _openStream
    firstRecord=firstRecordIdx)
  File "/home/pat/workspace/nupic/nupic/data/file_record_stream.py", line 209, in __init__
    'not one of %s ' % (self._filename, t, allowedTypes))
Exception: Invalid file format for "/home/pat/workspace/nupic/examples/opf/clients/hotgym/prediction/sandiego/sandiego.csv" - field type ""2011-02-01 01:00:00"" not one of ('string', 'datetime', 'int', 'float', 'bool', 'sdr') 

2014-12-27 09:13:09,532 - com.numenta.nupic.swarming.HypersearchV2.HypersearchV2(6810) - INFO - <BUILDID=N/A, WORKER=HW, WRKID=45, JOBID=1002> Successfully updated the field contributions:{u'kw_energy_consumption': nan}
2014-12-27 09:13:09,533 - com.numenta.nupic.swarming.HypersearchWorker(6810) - INFO - <BUILDID=N/A, WORKER=HW, WRKID=45, JOBID=1002> FINISHED. Evaluated 0 models.
