2015-06-30 09:29:49,318 - com.numenta.nupic.swarming.HypersearchWorker(5954) - INFO - <BUILDID=N/A, WORKER=HS, WRKID=N/A, JOBID=N/A> Launched with command line arguments: ['--jobID=1031']
2015-06-30 09:29:49,319 - com.numenta.nupic.swarming.HypersearchWorker(5954) - INFO - <BUILDID=N/A, WORKER=HS, WRKID=N/A, JOBID=N/A> Connecting to the jobs database
2015-06-30 09:29:49,319 - com.numenta.nupic.database.Connection.ConnectionFactory(5954) - INFO - <BUILDID=N/A, WORKER=HS, WRKID=N/A, JOBID=N/A> Creating db connection policy via provider <bound method type._createDefaultPolicy of <class 'nupic.database.Connection.ConnectionFactory'>>
2015-06-30 09:29:49,344 - com.numenta.nupic.database.Connection.PooledConnectionPolicy(5954) - INFO - <BUILDID=N/A, WORKER=HS, WRKID=N/A, JOBID=N/A> Created PooledConnectionPolicy
2015-06-30 09:29:49,355 - com.numenta.nupic.database.ClientJobsDAO.ClientJobsDAO(5954) - INFO - <BUILDID=N/A, WORKER=HS, WRKID=N/A, JOBID=N/A> clientJobsConnectionID=72
2015-06-30 09:29:49,357 - com.numenta.nupic.swarming.HypersearchWorker(5954) - INFO - <BUILDID=N/A, WORKER=HW, WRKID=72, JOBID=1031> Job info retrieved: {'engModelMilestones': 'None', 'clientInfo': '', 'numFailedWorkers': '0', 'engJobType': 'hypersearch', 'results': 'None', 'jobId': '1031', 'completionMsg': 'None', 'cancel': '0', 'engWorkerState': 'None', 'workerCompletionMsg': 'None', 'jobHash': "9\xb6^\x03\x1fE\x11\xe5\x97X\x08\x00'\x16\xdf\xd4", 'genBaseDescription': 'None', 'completionReason': 'None', 'priority': '0', 'cmdLine': '$HYPERSEARCH', 'params': '{"hsVersion": "v2", "maxModels": null, "persistentJobGUID": "39b...', 'workerCompletionReason': 'success', 'engAllocateNewWorkers': '1', 'lastFailedWorkerErrorMsg': 'None', 'engUntendedDeadWorkers': '0', 'engLastUpdateTime': '2015-06-30 16:29:48', 'status': 'notStarted', 'engStatus': 'None', 'startTime': 'None', 'minimumWorkers': '1', 'endTime': 'None', 'engCjmConnId': 'None', 'genPermutations': 'None', 'client': 'GRP', 'engCleaningStatus': 'notdone', 'clientKey': '', 'maximumWorkers': '4'}
2015-06-30 09:29:49,358 - com.numenta.nupic.swarming.HypersearchV2.HypersearchV2(5954) - INFO - <BUILDID=N/A, WORKER=HW, WRKID=72, JOBID=1031> searchParams: 
{u'description': {u'includedFields': [{u'fieldName': 'timestamp',
                                       u'fieldType': 'datetime'},
                                      {u'fieldName': 'euse',
                                       u'fieldType': 'float',
                                       u'maxValue': '35.0',
                                       u'minValue': '10.0'}],
                  u'inferenceArgs': {u'predictedField': 'euse',
                                     u'predictionSteps': ['4']},
                  u'inferenceType': 'TemporalMultiStep',
                  u'iterationCount': '-1',
                  u'streamDef': {u'info': 'kwh',
                                 u'streams': [{u'columns': ['timestamp',
                                                            'euse'],
                                               u'info': 'energy_only_252',
                                               u'source': '/home/pat/workspace/pecan/house_data/252_data/252_clean_data.csv'}]},
                  u'swarmSize': 'small'},
 u'hsVersion': 'v2',
 u'maxModels': 'None',
 u'persistentJobGUID': '39b65e02-1f45-11e5-9758-08002716dfd4',
 u'useTerminators': 'False'}
2015-06-30 09:29:49,527 - com.numenta.nupic.swarming.HypersearchV2.HypersearchV2(5954) - INFO - <BUILDID=N/A, WORKER=HW, WRKID=72, JOBID=1031> Active swarms changed to [u'modelParams|sensorParams|encoders|euse'] (from None)
2015-06-30 09:29:49,608 - com.numenta.nupic.database.ClientJobsDAO.ClientJobsDAO(5954) - INFO - <BUILDID=N/A, WORKER=HW, WRKID=72, JOBID=1031> Model insert attempt failed with DUP_ENTRY: jobID=1031; paramsHash=47e79e321369d9146602405379ad11b0 OR particleHash=06be7a77e6507a8bdbfda712082ced23; IntegrityError(1062, u"Duplicate entry '1031-G\\xE7\\x9E2\\x13i\\xD9\\x14f\\x02@Sy\\xAD\\x11\\xB0' for key 'job_id'")
2015-06-30 09:29:49,615 - com.numenta.nupic.swarming.HypersearchWorker(5954) - INFO - <BUILDID=N/A, WORKER=HW, WRKID=72, JOBID=1031> Adding model 3227 to our internal DB because modelInsertAndStart() failed to insert it: paramsHash=47e79e321369d9146602405379ad11b0, particleHash=91e641f4372e3d515e9b46f5f26e9cd3, particleId='69.0.0'
2015-06-30 09:29:49,620 - com.numenta.nupic.database.ClientJobsDAO.ClientJobsDAO(5954) - INFO - <BUILDID=N/A, WORKER=HW, WRKID=72, JOBID=1031> Model insert attempt failed with DUP_ENTRY: jobID=1031; paramsHash=47e79e321369d9146602405379ad11b0 OR particleHash=acb756fa9e11caeb6553c3acbd8ff36b; IntegrityError(1062, u"Duplicate entry '1031-G\\xE7\\x9E2\\x13i\\xD9\\x14f\\x02@Sy\\xAD\\x11\\xB0' for key 'job_id'")
2015-06-30 09:29:49,627 - com.numenta.nupic.swarming.HypersearchWorker(5954) - INFO - <BUILDID=N/A, WORKER=HW, WRKID=72, JOBID=1031> Adding model 3227 to our internal DB because modelInsertAndStart() failed to insert it: paramsHash=47e79e321369d9146602405379ad11b0, particleHash=91e641f4372e3d515e9b46f5f26e9cd3, particleId='69.0.0'
2015-06-30 09:29:49,632 - com.numenta.nupic.database.ClientJobsDAO.ClientJobsDAO(5954) - INFO - <BUILDID=N/A, WORKER=HW, WRKID=72, JOBID=1031> Model insert attempt failed with DUP_ENTRY: jobID=1031; paramsHash=47e79e321369d9146602405379ad11b0 OR particleHash=eaaa8e0bfa950a96f06656715e8a98c9; IntegrityError(1062, u"Duplicate entry '1031-G\\xE7\\x9E2\\x13i\\xD9\\x14f\\x02@Sy\\xAD\\x11\\xB0' for key 'job_id'")
2015-06-30 09:29:49,661 - com.numenta.nupic.swarming.HypersearchWorker(5954) - INFO - <BUILDID=N/A, WORKER=HW, WRKID=72, JOBID=1031> Adding model 3227 to our internal DB because modelInsertAndStart() failed to insert it: paramsHash=47e79e321369d9146602405379ad11b0, particleHash=91e641f4372e3d515e9b46f5f26e9cd3, particleId='69.0.0'
2015-06-30 09:29:49,670 - com.numenta.nupic.database.ClientJobsDAO.ClientJobsDAO(5954) - INFO - <BUILDID=N/A, WORKER=HW, WRKID=72, JOBID=1031> Model insert attempt failed with DUP_ENTRY: jobID=1031; paramsHash=47e79e321369d9146602405379ad11b0 OR particleHash=267829aa9f8f7eb0ac7b14ce03b5eae8; IntegrityError(1062, u"Duplicate entry '1031-G\\xE7\\x9E2\\x13i\\xD9\\x14f\\x02@Sy\\xAD\\x11\\xB0' for key 'job_id'")
2015-06-30 09:29:49,685 - com.numenta.nupic.swarming.HypersearchWorker(5954) - INFO - <BUILDID=N/A, WORKER=HW, WRKID=72, JOBID=1031> Adding model 3227 to our internal DB because modelInsertAndStart() failed to insert it: paramsHash=47e79e321369d9146602405379ad11b0, particleHash=91e641f4372e3d515e9b46f5f26e9cd3, particleId='69.0.0'
2015-06-30 09:29:49,697 - com.numenta.nupic.database.ClientJobsDAO.ClientJobsDAO(5954) - INFO - <BUILDID=N/A, WORKER=HW, WRKID=72, JOBID=1031> Model insert attempt failed with DUP_ENTRY: jobID=1031; paramsHash=47e79e321369d9146602405379ad11b0 OR particleHash=8d8226a2322b670e3aa6081d3865371c; IntegrityError(1062, u"Duplicate entry '1031-G\\xE7\\x9E2\\x13i\\xD9\\x14f\\x02@Sy\\xAD\\x11\\xB0' for key 'job_id'")
2015-06-30 09:29:49,708 - com.numenta.nupic.swarming.HypersearchWorker(5954) - INFO - <BUILDID=N/A, WORKER=HW, WRKID=72, JOBID=1031> Adding model 3227 to our internal DB because modelInsertAndStart() failed to insert it: paramsHash=47e79e321369d9146602405379ad11b0, particleHash=91e641f4372e3d515e9b46f5f26e9cd3, particleId='69.0.0'
2015-06-30 09:29:49,714 - com.numenta.nupic.database.ClientJobsDAO.ClientJobsDAO(5954) - INFO - <BUILDID=N/A, WORKER=HW, WRKID=72, JOBID=1031> Model insert attempt failed with DUP_ENTRY: jobID=1031; paramsHash=47e79e321369d9146602405379ad11b0 OR particleHash=49e7ebb7d60a9353dccfc4b3ab11861c; IntegrityError(1062, u"Duplicate entry '1031-G\\xE7\\x9E2\\x13i\\xD9\\x14f\\x02@Sy\\xAD\\x11\\xB0' for key 'job_id'")
2015-06-30 09:29:49,727 - com.numenta.nupic.swarming.HypersearchWorker(5954) - INFO - <BUILDID=N/A, WORKER=HW, WRKID=72, JOBID=1031> Adding model 3227 to our internal DB because modelInsertAndStart() failed to insert it: paramsHash=47e79e321369d9146602405379ad11b0, particleHash=91e641f4372e3d515e9b46f5f26e9cd3, particleId='69.0.0'
2015-06-30 09:29:49,733 - com.numenta.nupic.database.ClientJobsDAO.ClientJobsDAO(5954) - INFO - <BUILDID=N/A, WORKER=HW, WRKID=72, JOBID=1031> Model insert attempt failed with DUP_ENTRY: jobID=1031; paramsHash=47e79e321369d9146602405379ad11b0 OR particleHash=e9bb0fecf356e6829d471c57ab8a56fe; IntegrityError(1062, u"Duplicate entry '1031-G\\xE7\\x9E2\\x13i\\xD9\\x14f\\x02@Sy\\xAD\\x11\\xB0' for key 'job_id'")
2015-06-30 09:29:49,737 - com.numenta.nupic.swarming.HypersearchWorker(5954) - INFO - <BUILDID=N/A, WORKER=HW, WRKID=72, JOBID=1031> Adding model 3227 to our internal DB because modelInsertAndStart() failed to insert it: paramsHash=47e79e321369d9146602405379ad11b0, particleHash=91e641f4372e3d515e9b46f5f26e9cd3, particleId='69.0.0'
2015-06-30 09:29:49,745 - com.numenta.nupic.database.ClientJobsDAO.ClientJobsDAO(5954) - INFO - <BUILDID=N/A, WORKER=HW, WRKID=72, JOBID=1031> Model insert attempt failed with DUP_ENTRY: jobID=1031; paramsHash=47e79e321369d9146602405379ad11b0 OR particleHash=aced1705650919e5f4c2d8b2e24863ca; IntegrityError(1062, u"Duplicate entry '1031-G\\xE7\\x9E2\\x13i\\xD9\\x14f\\x02@Sy\\xAD\\x11\\xB0' for key 'job_id'")
2015-06-30 09:29:49,750 - com.numenta.nupic.swarming.HypersearchWorker(5954) - INFO - <BUILDID=N/A, WORKER=HW, WRKID=72, JOBID=1031> Adding model 3227 to our internal DB because modelInsertAndStart() failed to insert it: paramsHash=47e79e321369d9146602405379ad11b0, particleHash=91e641f4372e3d515e9b46f5f26e9cd3, particleId='69.0.0'
2015-06-30 09:29:49,756 - com.numenta.nupic.database.ClientJobsDAO.ClientJobsDAO(5954) - INFO - <BUILDID=N/A, WORKER=HW, WRKID=72, JOBID=1031> Model insert attempt failed with DUP_ENTRY: jobID=1031; paramsHash=47e79e321369d9146602405379ad11b0 OR particleHash=ca11a9dacb30ff7f7da5b4b1011a308a; IntegrityError(1062, u"Duplicate entry '1031-G\\xE7\\x9E2\\x13i\\xD9\\x14f\\x02@Sy\\xAD\\x11\\xB0' for key 'job_id'")
2015-06-30 09:29:49,762 - com.numenta.nupic.swarming.HypersearchWorker(5954) - INFO - <BUILDID=N/A, WORKER=HW, WRKID=72, JOBID=1031> Adding model 3227 to our internal DB because modelInsertAndStart() failed to insert it: paramsHash=47e79e321369d9146602405379ad11b0, particleHash=91e641f4372e3d515e9b46f5f26e9cd3, particleId='69.0.0'
2015-06-30 09:29:49,765 - com.numenta.nupic.database.ClientJobsDAO.ClientJobsDAO(5954) - INFO - <BUILDID=N/A, WORKER=HW, WRKID=72, JOBID=1031> Model insert attempt failed with DUP_ENTRY: jobID=1031; paramsHash=47e79e321369d9146602405379ad11b0 OR particleHash=179172711299e2add55a21b8d71b347b; IntegrityError(1062, u"Duplicate entry '1031-G\\xE7\\x9E2\\x13i\\xD9\\x14f\\x02@Sy\\xAD\\x11\\xB0' for key 'job_id'")
2015-06-30 09:29:49,771 - com.numenta.nupic.swarming.HypersearchWorker(5954) - INFO - <BUILDID=N/A, WORKER=HW, WRKID=72, JOBID=1031> Adding model 3227 to our internal DB because modelInsertAndStart() failed to insert it: paramsHash=47e79e321369d9146602405379ad11b0, particleHash=91e641f4372e3d515e9b46f5f26e9cd3, particleId='69.0.0'
2015-06-30 09:29:49,925 - com.numenta.nupic.database.ClientJobsDAO.ClientJobsDAO(5954) - INFO - <BUILDID=N/A, WORKER=HW, WRKID=72, JOBID=1031> Model insert attempt failed with DUP_ENTRY: jobID=1031; paramsHash=18e2da62253fb38effeef3188ec3e860 OR particleHash=5acc174f6c803c93007c23d11d9aaea4; IntegrityError(1062, u"Duplicate entry '1031-\\x18\\xE2\\xDAb%?\\xB3\\x8E\\xFF\\xEE\\xF3\\x18\\x8E\\xC3\\xE8`' for key 'job_id'")
2015-06-30 09:29:49,937 - com.numenta.nupic.swarming.HypersearchWorker(5954) - INFO - <BUILDID=N/A, WORKER=HW, WRKID=72, JOBID=1031> Adding model 3264 to our internal DB because modelInsertAndStart() failed to insert it: paramsHash=18e2da62253fb38effeef3188ec3e860, particleHash=b0db067a4c64cb7b1d9754d82256e39a, particleId='69.20.0'
2015-06-30 09:29:49,941 - com.numenta.nupic.database.ClientJobsDAO.ClientJobsDAO(5954) - INFO - <BUILDID=N/A, WORKER=HW, WRKID=72, JOBID=1031> Model insert attempt failed with DUP_ENTRY: jobID=1031; paramsHash=18e2da62253fb38effeef3188ec3e860 OR particleHash=278e681ad8dc96d2c5b6feec74dede8d; IntegrityError(1062, u"Duplicate entry '1031-\\x18\\xE2\\xDAb%?\\xB3\\x8E\\xFF\\xEE\\xF3\\x18\\x8E\\xC3\\xE8`' for key 'job_id'")
2015-06-30 09:29:49,943 - com.numenta.nupic.swarming.HypersearchWorker(5954) - INFO - <BUILDID=N/A, WORKER=HW, WRKID=72, JOBID=1031> Adding model 3264 to our internal DB because modelInsertAndStart() failed to insert it: paramsHash=18e2da62253fb38effeef3188ec3e860, particleHash=b0db067a4c64cb7b1d9754d82256e39a, particleId='69.20.0'
2015-06-30 09:29:49,946 - com.numenta.nupic.database.ClientJobsDAO.ClientJobsDAO(5954) - INFO - <BUILDID=N/A, WORKER=HW, WRKID=72, JOBID=1031> Model insert attempt failed with DUP_ENTRY: jobID=1031; paramsHash=18e2da62253fb38effeef3188ec3e860 OR particleHash=97b0ca423cfbd86c5847c35a3341381f; IntegrityError(1062, u"Duplicate entry '1031-\\x18\\xE2\\xDAb%?\\xB3\\x8E\\xFF\\xEE\\xF3\\x18\\x8E\\xC3\\xE8`' for key 'job_id'")
2015-06-30 09:29:49,962 - com.numenta.nupic.swarming.HypersearchWorker(5954) - INFO - <BUILDID=N/A, WORKER=HW, WRKID=72, JOBID=1031> Adding model 3264 to our internal DB because modelInsertAndStart() failed to insert it: paramsHash=18e2da62253fb38effeef3188ec3e860, particleHash=b0db067a4c64cb7b1d9754d82256e39a, particleId='69.20.0'
2015-06-30 09:29:49,971 - com.numenta.nupic.database.ClientJobsDAO.ClientJobsDAO(5954) - INFO - <BUILDID=N/A, WORKER=HW, WRKID=72, JOBID=1031> Model insert attempt failed with DUP_ENTRY: jobID=1031; paramsHash=18e2da62253fb38effeef3188ec3e860 OR particleHash=b27de3cc8c5f740304e764ab615977bc; IntegrityError(1062, u"Duplicate entry '1031-\\x18\\xE2\\xDAb%?\\xB3\\x8E\\xFF\\xEE\\xF3\\x18\\x8E\\xC3\\xE8`' for key 'job_id'")
2015-06-30 09:29:49,977 - com.numenta.nupic.swarming.HypersearchWorker(5954) - INFO - <BUILDID=N/A, WORKER=HW, WRKID=72, JOBID=1031> Adding model 3264 to our internal DB because modelInsertAndStart() failed to insert it: paramsHash=18e2da62253fb38effeef3188ec3e860, particleHash=b0db067a4c64cb7b1d9754d82256e39a, particleId='69.20.0'
2015-06-30 09:29:49,986 - com.numenta.nupic.database.ClientJobsDAO.ClientJobsDAO(5954) - INFO - <BUILDID=N/A, WORKER=HW, WRKID=72, JOBID=1031> Model insert attempt failed with DUP_ENTRY: jobID=1031; paramsHash=18e2da62253fb38effeef3188ec3e860 OR particleHash=1851a271c38d0cb26acf433f982dd44e; IntegrityError(1062, u"Duplicate entry '1031-\\x18\\xE2\\xDAb%?\\xB3\\x8E\\xFF\\xEE\\xF3\\x18\\x8E\\xC3\\xE8`' for key 'job_id'")
2015-06-30 09:29:49,990 - com.numenta.nupic.swarming.HypersearchWorker(5954) - INFO - <BUILDID=N/A, WORKER=HW, WRKID=72, JOBID=1031> Adding model 3264 to our internal DB because modelInsertAndStart() failed to insert it: paramsHash=18e2da62253fb38effeef3188ec3e860, particleHash=b0db067a4c64cb7b1d9754d82256e39a, particleId='69.20.0'
2015-06-30 09:29:49,994 - com.numenta.nupic.database.ClientJobsDAO.ClientJobsDAO(5954) - INFO - <BUILDID=N/A, WORKER=HW, WRKID=72, JOBID=1031> Model insert attempt failed with DUP_ENTRY: jobID=1031; paramsHash=18e2da62253fb38effeef3188ec3e860 OR particleHash=b3df3c4b54b4c92453ff5d9f61cedb03; IntegrityError(1062, u"Duplicate entry '1031-\\x18\\xE2\\xDAb%?\\xB3\\x8E\\xFF\\xEE\\xF3\\x18\\x8E\\xC3\\xE8`' for key 'job_id'")
2015-06-30 09:29:50,000 - com.numenta.nupic.swarming.HypersearchWorker(5954) - INFO - <BUILDID=N/A, WORKER=HW, WRKID=72, JOBID=1031> Adding model 3264 to our internal DB because modelInsertAndStart() failed to insert it: paramsHash=18e2da62253fb38effeef3188ec3e860, particleHash=b0db067a4c64cb7b1d9754d82256e39a, particleId='69.20.0'
2015-06-30 09:29:50,006 - com.numenta.nupic.database.ClientJobsDAO.ClientJobsDAO(5954) - INFO - <BUILDID=N/A, WORKER=HW, WRKID=72, JOBID=1031> Model insert attempt failed with DUP_ENTRY: jobID=1031; paramsHash=18e2da62253fb38effeef3188ec3e860 OR particleHash=97cff78a47c22bc9c1d15dc4d360f2e4; IntegrityError(1062, u"Duplicate entry '1031-\\x18\\xE2\\xDAb%?\\xB3\\x8E\\xFF\\xEE\\xF3\\x18\\x8E\\xC3\\xE8`' for key 'job_id'")
2015-06-30 09:29:50,012 - com.numenta.nupic.swarming.HypersearchWorker(5954) - INFO - <BUILDID=N/A, WORKER=HW, WRKID=72, JOBID=1031> Adding model 3264 to our internal DB because modelInsertAndStart() failed to insert it: paramsHash=18e2da62253fb38effeef3188ec3e860, particleHash=b0db067a4c64cb7b1d9754d82256e39a, particleId='69.20.0'
2015-06-30 09:29:50,015 - com.numenta.nupic.database.ClientJobsDAO.ClientJobsDAO(5954) - INFO - <BUILDID=N/A, WORKER=HW, WRKID=72, JOBID=1031> Model insert attempt failed with DUP_ENTRY: jobID=1031; paramsHash=18e2da62253fb38effeef3188ec3e860 OR particleHash=fd032378174798c9fe3259ee82251998; IntegrityError(1062, u"Duplicate entry '1031-\\x18\\xE2\\xDAb%?\\xB3\\x8E\\xFF\\xEE\\xF3\\x18\\x8E\\xC3\\xE8`' for key 'job_id'")
2015-06-30 09:29:50,022 - com.numenta.nupic.swarming.HypersearchWorker(5954) - INFO - <BUILDID=N/A, WORKER=HW, WRKID=72, JOBID=1031> Adding model 3264 to our internal DB because modelInsertAndStart() failed to insert it: paramsHash=18e2da62253fb38effeef3188ec3e860, particleHash=b0db067a4c64cb7b1d9754d82256e39a, particleId='69.20.0'
2015-06-30 09:29:50,027 - com.numenta.nupic.database.ClientJobsDAO.ClientJobsDAO(5954) - INFO - <BUILDID=N/A, WORKER=HW, WRKID=72, JOBID=1031> Model insert attempt failed with DUP_ENTRY: jobID=1031; paramsHash=18e2da62253fb38effeef3188ec3e860 OR particleHash=266baf3d1101728bf35187acef295037; IntegrityError(1062, u"Duplicate entry '1031-\\x18\\xE2\\xDAb%?\\xB3\\x8E\\xFF\\xEE\\xF3\\x18\\x8E\\xC3\\xE8`' for key 'job_id'")
2015-06-30 09:29:50,030 - com.numenta.nupic.swarming.HypersearchWorker(5954) - INFO - <BUILDID=N/A, WORKER=HW, WRKID=72, JOBID=1031> Adding model 3264 to our internal DB because modelInsertAndStart() failed to insert it: paramsHash=18e2da62253fb38effeef3188ec3e860, particleHash=b0db067a4c64cb7b1d9754d82256e39a, particleId='69.20.0'
2015-06-30 09:29:50,045 - com.numenta.nupic.database.ClientJobsDAO.ClientJobsDAO(5954) - INFO - <BUILDID=N/A, WORKER=HW, WRKID=72, JOBID=1031> Model insert attempt failed with DUP_ENTRY: jobID=1031; paramsHash=18e2da62253fb38effeef3188ec3e860 OR particleHash=7d94d9e375e4a278cf4c18d55a6474d0; IntegrityError(1062, u"Duplicate entry '1031-\\x18\\xE2\\xDAb%?\\xB3\\x8E\\xFF\\xEE\\xF3\\x18\\x8E\\xC3\\xE8`' for key 'job_id'")
2015-06-30 09:29:50,048 - com.numenta.nupic.swarming.HypersearchWorker(5954) - INFO - <BUILDID=N/A, WORKER=HW, WRKID=72, JOBID=1031> Adding model 3264 to our internal DB because modelInsertAndStart() failed to insert it: paramsHash=18e2da62253fb38effeef3188ec3e860, particleHash=b0db067a4c64cb7b1d9754d82256e39a, particleId='69.20.0'
2015-06-30 09:29:50,056 - com.numenta.nupic.swarming.HypersearchV2.HypersearchV2(5954) - INFO - <BUILDID=N/A, WORKER=HW, WRKID=72, JOBID=1031> Completed generation #0 of swarm 'modelParams|sensorParams|encoders|euse' with a best errScore of inf
2015-06-30 09:29:50,154 - com.numenta.nupic.swarming.HypersearchWorker(5954) - INFO - <BUILDID=N/A, WORKER=HW, WRKID=72, JOBID=1031> Adding model 3281 to our internal DB because modelInsertAndStart() failed to insert it: paramsHash=d6ecb05f1e63ee1e95e00cebf30c57fe, particleHash=9ef094b2ec009bfa102e3fab31165c4e, particleId='69.10.1'
2015-06-30 09:29:50,159 - com.numenta.nupic.swarming.HypersearchWorker(5954) - INFO - <BUILDID=N/A, WORKER=HW, WRKID=72, JOBID=1031> Adding model 3281 to our internal DB because modelInsertAndStart() failed to insert it: paramsHash=d6ecb05f1e63ee1e95e00cebf30c57fe, particleHash=9ef094b2ec009bfa102e3fab31165c4e, particleId='69.10.1'
2015-06-30 09:29:50,166 - com.numenta.nupic.swarming.HypersearchWorker(5954) - INFO - <BUILDID=N/A, WORKER=HW, WRKID=72, JOBID=1031> Adding model 3281 to our internal DB because modelInsertAndStart() failed to insert it: paramsHash=d6ecb05f1e63ee1e95e00cebf30c57fe, particleHash=9ef094b2ec009bfa102e3fab31165c4e, particleId='69.10.1'
2015-06-30 09:29:50,171 - com.numenta.nupic.swarming.HypersearchWorker(5954) - INFO - <BUILDID=N/A, WORKER=HW, WRKID=72, JOBID=1031> Adding model 3281 to our internal DB because modelInsertAndStart() failed to insert it: paramsHash=d6ecb05f1e63ee1e95e00cebf30c57fe, particleHash=9ef094b2ec009bfa102e3fab31165c4e, particleId='69.10.1'
2015-06-30 09:29:50,183 - com.numenta.nupic.swarming.HypersearchWorker(5954) - INFO - <BUILDID=N/A, WORKER=HW, WRKID=72, JOBID=1031> Adding model 3281 to our internal DB because modelInsertAndStart() failed to insert it: paramsHash=d6ecb05f1e63ee1e95e00cebf30c57fe, particleHash=9ef094b2ec009bfa102e3fab31165c4e, particleId='69.10.1'
2015-06-30 09:29:50,187 - com.numenta.nupic.swarming.HypersearchWorker(5954) - INFO - <BUILDID=N/A, WORKER=HW, WRKID=72, JOBID=1031> Adding model 3281 to our internal DB because modelInsertAndStart() failed to insert it: paramsHash=d6ecb05f1e63ee1e95e00cebf30c57fe, particleHash=9ef094b2ec009bfa102e3fab31165c4e, particleId='69.10.1'
2015-06-30 09:29:50,190 - com.numenta.nupic.swarming.HypersearchWorker(5954) - INFO - <BUILDID=N/A, WORKER=HW, WRKID=72, JOBID=1031> Adding model 3281 to our internal DB because modelInsertAndStart() failed to insert it: paramsHash=d6ecb05f1e63ee1e95e00cebf30c57fe, particleHash=9ef094b2ec009bfa102e3fab31165c4e, particleId='69.10.1'
2015-06-30 09:29:50,196 - com.numenta.nupic.swarming.HypersearchWorker(5954) - INFO - <BUILDID=N/A, WORKER=HW, WRKID=72, JOBID=1031> Adding model 3281 to our internal DB because modelInsertAndStart() failed to insert it: paramsHash=d6ecb05f1e63ee1e95e00cebf30c57fe, particleHash=9ef094b2ec009bfa102e3fab31165c4e, particleId='69.10.1'
2015-06-30 09:29:50,200 - com.numenta.nupic.swarming.HypersearchWorker(5954) - INFO - <BUILDID=N/A, WORKER=HW, WRKID=72, JOBID=1031> Adding model 3281 to our internal DB because modelInsertAndStart() failed to insert it: paramsHash=d6ecb05f1e63ee1e95e00cebf30c57fe, particleHash=9ef094b2ec009bfa102e3fab31165c4e, particleId='69.10.1'
2015-06-30 09:29:50,203 - com.numenta.nupic.swarming.HypersearchWorker(5954) - INFO - <BUILDID=N/A, WORKER=HW, WRKID=72, JOBID=1031> Adding model 3281 to our internal DB because modelInsertAndStart() failed to insert it: paramsHash=d6ecb05f1e63ee1e95e00cebf30c57fe, particleHash=9ef094b2ec009bfa102e3fab31165c4e, particleId='69.10.1'
2015-06-30 09:29:50,266 - com.numenta.nupic.swarming.HypersearchWorker(5954) - INFO - <BUILDID=N/A, WORKER=HW, WRKID=72, JOBID=1031> RUNNING MODEL GID=3292, paramsHash=6f0d43966ff6be127d858a63ae703188, params={'particleState': {'varStates': {u'modelParams|sensorParams|encoders|euse:n': {'bestResult': None, 'position': 496, 'bestPosition': 521, '_position': 496.05, 'velocity': -24.95}, 'modelParams|clParams|alpha': {'bestResult': None, 'position': 0.1, 'bestPosition': 0.1, '_position': 0.1, 'velocity': 0.004995}, 'modelParams|tpParams|minThreshold': {'bestResult': None, 'position': 12, 'bestPosition': 12, '_position': 12, 'velocity': 0.15}, 'modelParams|tpParams|activationThreshold': {'bestResult': None, 'position': 16, 'bestPosition': 16, '_position': 15.8, 'velocity': -0.2}, 'modelParams|tpParams|pamLength': {'bestResult': None, 'position': 5, 'bestPosition': 5, '_position': 4.8, 'velocity': -0.2}, 'modelParams|sensorParams|encoders|_classifierInput|n': {'bestResult': None, 'position': 521, 'bestPosition': 521, '_position': 521, 'velocity': 24.65}, 'modelParams|spParams|synPermInactiveDec': {'bestResult': None, 'position': 0.005285000000000001, 'bestPosition': 0.0003, '_position': 0.005285000000000001, 'velocity': 0.004985000000000001}}, 'genIdx': 1, 'swarmId': u'modelParams|sensorParams|encoders|euse', 'id': u'69.20'}, 'structuredParams': {'aggregationInfo': {'seconds': 0, 'fields': [], 'months': 0, 'days': 0, 'years': 0, 'hours': 0, 'microseconds': 0, 'weeks': 0, 'minutes': 0, 'milliseconds': 0}, 'modelParams': {'sensorParams': {'encoders': {'_classifierInput': {'maxval': 35.0, 'classifierOnly': True, 'minval': 10.0, 'clipInput': True, 'n': 521, 'fieldname': 'euse', 'w': 21, 'type': 'ScalarEncoder'}, u'timestamp_dayOfWeek': None, u'timestamp_timeOfDay': None, u'euse': {'maxval': 35.0, 'name': 'euse', 'clipInput': True, 'minval': 10.0, 'n': 496, 'fieldname': 'euse', 'w': 21, 'type': 'ScalarEncoder'}, u'timestamp_weekend': None}}, 'spParams': {'synPermInactiveDec': 0.005285000000000001}, 'tpParams': {'minThreshold': 12, 'activationThreshold': 16, 'pamLength': 5}, 'clParams': {'alpha': 0.1}}}}
2015-06-30 09:29:50,271 - com.numenta.nupic.hypersearch.utils(5954) - INFO - <BUILDID=N/A, WORKER=HW, WRKID=72, JOBID=1031> Using experiment directory: /tmp/tmpys54RJ
2015-06-30 09:29:50,316 - com.numenta.nupic.hypersearch.utils(5954) - ERROR - <BUILDID=N/A, WORKER=HW, WRKID=72, JOBID=1031> Exception occurred while running model 3292: Exception(u'Unable to locate: at/workspace/pecan/house_data/252_data/252_clean_data.csv using NTA_DATA_PATH of ',) (<type 'exceptions.Exception'>)
Traceback (most recent call last):
  File "/home/pat/workspace/nupic/nupic/swarming/utils.py", line 430, in runModelGivenBaseAndParams
    (completionReason, completionMsg) = runner.run()
  File "/home/pat/workspace/nupic/nupic/swarming/ModelRunner.py", line 237, in run
    maxTimeout=readTimeout)
  File "/home/pat/workspace/nupic/nupic/data/stream_reader.py", line 210, in __init__
    self._openStream(dataUrl, isBlocking, maxTimeout, bookmark, firstRecordIdx)
  File "/home/pat/workspace/nupic/nupic/data/stream_reader.py", line 294, in _openStream
    self._recordStoreName = findDataset(dataUrl[len(FILE_PREF):])
  File "/home/pat/workspace/nupic/nupic/data/datasethelpers.py", line 79, in findDataset
    (datasetPath, os.environ.get('NTA_DATA_PATH', '')))
Exception: Unable to locate: at/workspace/pecan/house_data/252_data/252_clean_data.csv using NTA_DATA_PATH of 

2015-06-30 09:29:50,321 - com.numenta.nupic.swarming.HypersearchWorker(5954) - INFO - <BUILDID=N/A, WORKER=HW, WRKID=72, JOBID=1031> COMPLETED MODEL GID=3292; EVALUATED 1 MODELs
2015-06-30 09:29:50,329 - com.numenta.nupic.swarming.HypersearchV2.SwarmTerminator(5954) - INFO - <BUILDID=N/A, WORKER=HW, WRKID=72, JOBID=1031> Swarm modelParams|sensorParams|encoders|euse has matured (no change in 2 generations).Stopping...
2015-06-30 09:29:50,330 - com.numenta.nupic.swarming.HypersearchV2.HypersearchV2(5954) - INFO - <BUILDID=N/A, WORKER=HW, WRKID=72, JOBID=1031> Completed generation #1 of swarm 'modelParams|sensorParams|encoders|euse' with a best errScore of inf. Matured swarm(s): [u'modelParams|sensorParams|encoders|euse']
2015-06-30 09:29:50,332 - com.numenta.nupic.swarming.HypersearchV2.HypersearchV2(5954) - INFO - <BUILDID=N/A, WORKER=HW, WRKID=72, JOBID=1031> Swarm matured: modelParams|sensorParams|encoders|euse. Score at generation 1: inf
2015-06-30 09:29:50,337 - com.numenta.nupic.swarming.HypersearchV2.HypersearchV2(5954) - INFO - <BUILDID=N/A, WORKER=HW, WRKID=72, JOBID=1031> Active swarms changed to [] (from [u'modelParams|sensorParams|encoders|euse'])
2015-06-30 09:29:50,339 - com.numenta.nupic.swarming.HypersearchV2.HypersearchV2(5954) - ERROR - <BUILDID=N/A, WORKER=HW, WRKID=72, JOBID=1031> E10002: Exiting due to receiving too many models failing from exceptions (6 out of 6). 
Model Exception: Exception occurred while running model 3264: Exception(u'Unable to locate: at/workspace/pecan/house_data/252_data/252_clean_data.csv using NTA_DATA_PATH of ',) (<type 'exceptions.Exception'>)
Traceback (most recent call last):
  File "/home/pat/workspace/nupic/nupic/swarming/utils.py", line 430, in runModelGivenBaseAndParams
    (completionReason, completionMsg) = runner.run()
  File "/home/pat/workspace/nupic/nupic/swarming/ModelRunner.py", line 237, in run
    maxTimeout=readTimeout)
  File "/home/pat/workspace/nupic/nupic/data/stream_reader.py", line 210, in __init__
    self._openStream(dataUrl, isBlocking, maxTimeout, bookmark, firstRecordIdx)
  File "/home/pat/workspace/nupic/nupic/data/stream_reader.py", line 294, in _openStream
    self._recordStoreName = findDataset(dataUrl[len(FILE_PREF):])
  File "/home/pat/workspace/nupic/nupic/data/datasethelpers.py", line 79, in findDataset
    (datasetPath, os.environ.get('NTA_DATA_PATH', '')))
Exception: Unable to locate: at/workspace/pecan/house_data/252_data/252_clean_data.csv using NTA_DATA_PATH of 

2015-06-30 09:29:50,347 - com.numenta.nupic.swarming.HypersearchV2.HypersearchV2(5954) - INFO - <BUILDID=N/A, WORKER=HW, WRKID=72, JOBID=1031> Successfully updated the field contributions:{u'euse': nan}
2015-06-30 09:29:50,348 - com.numenta.nupic.swarming.HypersearchWorker(5954) - INFO - <BUILDID=N/A, WORKER=HW, WRKID=72, JOBID=1031> FINISHED. Evaluated 1 models.
