2015-07-18 07:32:45,752 - com.numenta.nupic.swarming.HypersearchWorker(8385) - INFO - <BUILDID=N/A, WORKER=HS, WRKID=N/A, JOBID=N/A> Launched with command line arguments: ['--jobID=1045']
2015-07-18 07:32:45,752 - com.numenta.nupic.swarming.HypersearchWorker(8385) - INFO - <BUILDID=N/A, WORKER=HS, WRKID=N/A, JOBID=N/A> Connecting to the jobs database
2015-07-18 07:32:45,782 - com.numenta.nupic.database.Connection.ConnectionFactory(8385) - INFO - <BUILDID=N/A, WORKER=HS, WRKID=N/A, JOBID=N/A> Creating db connection policy via provider <bound method type._createDefaultPolicy of <class 'nupic.database.Connection.ConnectionFactory'>>
2015-07-18 07:32:45,800 - com.numenta.nupic.database.Connection.PooledConnectionPolicy(8385) - INFO - <BUILDID=N/A, WORKER=HS, WRKID=N/A, JOBID=N/A> Created PooledConnectionPolicy
2015-07-18 07:32:45,833 - com.numenta.nupic.database.ClientJobsDAO.ClientJobsDAO(8385) - INFO - <BUILDID=N/A, WORKER=HS, WRKID=N/A, JOBID=N/A> clientJobsConnectionID=52
2015-07-18 07:32:45,851 - com.numenta.nupic.swarming.HypersearchWorker(8385) - INFO - <BUILDID=N/A, WORKER=HW, WRKID=52, JOBID=1045> Job info retrieved: {'engModelMilestones': 'None', 'clientInfo': '', 'numFailedWorkers': '0', 'engJobType': 'hypersearch', 'results': 'None', 'jobId': '1045', 'completionMsg': 'None', 'cancel': '0', 'engWorkerState': 'None', 'workerCompletionMsg': 'None', 'jobHash': "\xda\x06\x18\x8b-Y\x11\xe5\x98\xe1\x08\x00'\x16\xdf\xd4", 'genBaseDescription': 'None', 'completionReason': 'None', 'priority': '0', 'cmdLine': '$HYPERSEARCH', 'params': '{"hsVersion": "v2", "maxModels": null, "persistentJobGUID": "da0...', 'workerCompletionReason': 'success', 'engAllocateNewWorkers': '1', 'lastFailedWorkerErrorMsg': 'None', 'engUntendedDeadWorkers': '0', 'engLastUpdateTime': '2015-07-18 14:32:43', 'status': 'notStarted', 'engStatus': 'None', 'startTime': 'None', 'minimumWorkers': '1', 'endTime': 'None', 'engCjmConnId': 'None', 'genPermutations': 'None', 'client': 'GRP', 'engCleaningStatus': 'notdone', 'clientKey': '', 'maximumWorkers': '4'}
2015-07-18 07:32:45,870 - com.numenta.nupic.swarming.HypersearchV2.HypersearchV2(8385) - INFO - <BUILDID=N/A, WORKER=HW, WRKID=52, JOBID=1045> searchParams: 
{u'description': {u'includedFields': [{u'fieldName': 'timestamp',
                                       u'fieldType': 'datetime'},
                                      {u'fieldName': 'euse',
                                       u'fieldType': 'float',
                                       u'maxValue': '35.0',
                                       u'minValue': '10.0'},
                                      {u'fieldName': 'temp',
                                       u'fieldType': 'float',
                                       u'maxValue': '110.0',
                                       u'minValue': '0.0'},
                                      {u'fieldName': 'humid',
                                       u'fieldType': 'float',
                                       u'maxValue': '100.0',
                                       u'minValue': '0.0'},
                                      {u'fieldName': 'wind',
                                       u'fieldType': 'float',
                                       u'maxValue': '50.0',
                                       u'minValue': '0.0'},
                                      {u'fieldName': 'is_daylight',
                                       u'fieldType': 'float',
                                       u'maxValue': '0.0',
                                       u'minValue': '0.0'},
                                      {u'fieldName': 'buildup',
                                       u'fieldType': 'float',
                                       u'maxValue': '0.0',
                                       u'minValue': '0.0'},
                                      {u'fieldName': 'sec_since_rise',
                                       u'fieldType': 'float',
                                       u'maxValue': '50000',
                                       u'minValue': '10.0'}],
                  u'inferenceArgs': {u'predictedField': 'euse',
                                     u'predictionSteps': ['4']},
                  u'inferenceType': 'TemporalMultiStep',
                  u'iterationCount': '-1',
                  u'streamDef': {u'info': 'kwh',
                                 u'streams': [{u'columns': ['timestamp',
                                                            'euse',
                                                            'temp',
                                                            'humid',
                                                            'wind',
                                                            'is_daylight',
                                                            'buildup',
                                                            'sec_since_rise'],
                                               u'info': 'weather_plus_7531',
                                               u'source': 'file:///home/pat/workspace/pecan/house_data/7531_data/7531_clean...'}]},
                  u'swarmSize': 'medium'},
 u'hsVersion': 'v2',
 u'maxModels': 'None',
 u'persistentJobGUID': 'da06188a-2d59-11e5-98e1-08002716dfd4',
 u'useTerminators': 'False'}
2015-07-18 07:33:50,160 - com.numenta.nupic.swarming.HypersearchV2.HypersearchV2(8385) - INFO - <BUILDID=N/A, WORKER=HW, WRKID=52, JOBID=1045> Active swarms changed to [u'modelParams|sensorParams|encoders|humid', u'modelParams|sensorParams|encoders|wind', u'modelParams|sensorParams|encoders|is_daylight', u'modelParams|sensorParams|encoders|sec_since_rise', u'modelParams|sensorParams|encoders|timestamp_timeOfDay', u'modelParams|sensorParams|encoders|timestamp_dayOfWeek', u'modelParams|sensorParams|encoders|buildup', u'modelParams|sensorParams|encoders|euse', u'modelParams|sensorParams|encoders|temp', u'modelParams|sensorParams|encoders|timestamp_weekend'] (from None)
2015-07-18 07:33:50,541 - com.numenta.nupic.swarming.HypersearchWorker(8385) - INFO - <BUILDID=N/A, WORKER=HW, WRKID=52, JOBID=1045> RUNNING MODEL GID=4447, paramsHash=bc1676bd5de23e7524a9fc9ffdeecdf2, params={'particleState': {'varStates': {'modelParams|clParams|alpha': {'bestResult': None, 'position': 0.050050000000000004, 'bestPosition': 0.050050000000000004, '_position': 0.050050000000000004, 'velocity': 0.01998}, 'modelParams|tpParams|minThreshold': {'bestResult': None, 'position': 11, 'bestPosition': 11, '_position': 10.5, 'velocity': 0.6}, 'modelParams|tpParams|activationThreshold': {'bestResult': None, 'position': 14, 'bestPosition': 14, '_position': 14.0, 'velocity': 0.8}, u'modelParams|sensorParams|encoders|buildup:n': {'bestResult': None, 'position': 272, 'bestPosition': 272, '_position': 271.5, 'velocity': 99.8}, 'modelParams|tpParams|pamLength': {'bestResult': None, 'position': 3, 'bestPosition': 3, '_position': 3.0, 'velocity': 0.8}, 'modelParams|sensorParams|encoders|_classifierInput|n': {'bestResult': None, 'position': 275, 'bestPosition': 275, '_position': 274.5, 'velocity': 98.6}, 'modelParams|spParams|synPermInactiveDec': {'bestResult': None, 'position': 0.05015, 'bestPosition': 0.05015, '_position': 0.05015, 'velocity': 0.019940000000000003}}, 'genIdx': 0, 'swarmId': u'modelParams|sensorParams|encoders|buildup', 'id': '52.0'}, 'structuredParams': {'aggregationInfo': {'seconds': 0, 'fields': [], 'months': 0, 'days': 0, 'years': 0, 'hours': 0, 'microseconds': 0, 'weeks': 0, 'minutes': 0, 'milliseconds': 0}, 'modelParams': {'sensorParams': {'encoders': {'_classifierInput': {'maxval': 35.0, 'classifierOnly': True, 'minval': 10.0, 'clipInput': True, 'n': 275, 'fieldname': 'euse', 'w': 21, 'type': 'ScalarEncoder'}, u'humid': None, u'is_daylight': None, u'temp': None, u'sec_since_rise': None, u'timestamp_dayOfWeek': None, u'timestamp_timeOfDay': None, u'euse': None, u'buildup': {'maxval': 0.0, 'name': 'buildup', 'clipInput': True, 'minval': 0.0, 'n': 272, 'fieldname': 'buildup', 'w': 21, 'type': 'ScalarEncoder'}, u'wind': None, u'timestamp_weekend': None}}, 'spParams': {'synPermInactiveDec': 0.05015}, 'tpParams': {'minThreshold': 11, 'activationThreshold': 14, 'pamLength': 3}, 'clParams': {'alpha': 0.050050000000000004}}}}
2015-07-18 07:33:50,547 - com.numenta.nupic.hypersearch.utils(8385) - INFO - <BUILDID=N/A, WORKER=HW, WRKID=52, JOBID=1045> Using experiment directory: /tmp/tmpKYRbdk
2015-07-18 07:33:52,496 - com.numenta.nupic.hypersearch.utils(8385) - ERROR - <BUILDID=N/A, WORKER=HW, WRKID=52, JOBID=1045> Exception occurred while running model 4447: Exception('The encoder for buildup is invalid. minval 0.0 is greater than or equal to maxval 0.0. minval must be strictly less than maxval.',) (<type 'exceptions.Exception'>)
Traceback (most recent call last):
  File "/home/pat/workspace/nupic/nupic/swarming/utils.py", line 430, in runModelGivenBaseAndParams
    (completionReason, completionMsg) = runner.run()
  File "/home/pat/workspace/nupic/nupic/swarming/ModelRunner.py", line 245, in run
    self._model = ModelFactory.create(modelDescription)
  File "/home/pat/workspace/nupic/nupic/frameworks/opf/modelfactory.py", line 80, in create
    return modelClass(**modelConfig['modelParams'])
  File "/home/pat/workspace/nupic/nupic/frameworks/opf/clamodel.py", line 198, in __init__
    clParams, anomalyParams)
  File "/home/pat/workspace/nupic/nupic/frameworks/opf/clamodel.py", line 1058, in __createCLANetwork
    encoder = MultiEncoder(enabledEncoders)
  File "/home/pat/workspace/nupic/nupic/encoders/multi.py", line 54, in __init__
    self.addMultipleEncoders(encoderDescriptions)
  File "/home/pat/workspace/nupic/nupic/encoders/multi.py", line 135, in addMultipleEncoders
    self.addEncoder(fieldName, eval(encoderName)(**fieldParams))
  File "/home/pat/workspace/nupic/nupic/encoders/scalar.py", line 212, in __init__
    "than maxval." % (name, minval, maxval))
Exception: The encoder for buildup is invalid. minval 0.0 is greater than or equal to maxval 0.0. minval must be strictly less than maxval.

2015-07-18 07:33:52,514 - com.numenta.nupic.swarming.HypersearchWorker(8385) - INFO - <BUILDID=N/A, WORKER=HW, WRKID=52, JOBID=1045> COMPLETED MODEL GID=4447; EVALUATED 1 MODELs
2015-07-18 07:33:53,015 - com.numenta.nupic.swarming.HypersearchWorker(8385) - INFO - <BUILDID=N/A, WORKER=HW, WRKID=52, JOBID=1045> RUNNING MODEL GID=4510, paramsHash=2940a6ddb09849f6fe3e5daaa506b1b0, params={'particleState': {'varStates': {'modelParams|clParams|alpha': {'bestResult': None, 'position': 0.050050000000000004, 'bestPosition': 0.050050000000000004, '_position': 0.050050000000000004, 'velocity': 0.01998}, 'modelParams|tpParams|minThreshold': {'bestResult': None, 'position': 11, 'bestPosition': 11, '_position': 10.5, 'velocity': 0.6}, 'modelParams|tpParams|activationThreshold': {'bestResult': None, 'position': 14, 'bestPosition': 14, '_position': 14.0, 'velocity': 0.8}, u'modelParams|sensorParams|encoders|is_daylight:n': {'bestResult': None, 'position': 272, 'bestPosition': 272, '_position': 271.5, 'velocity': 99.8}, 'modelParams|tpParams|pamLength': {'bestResult': None, 'position': 3, 'bestPosition': 3, '_position': 3.0, 'velocity': 0.8}, 'modelParams|sensorParams|encoders|_classifierInput|n': {'bestResult': None, 'position': 275, 'bestPosition': 275, '_position': 274.5, 'velocity': 98.6}, 'modelParams|spParams|synPermInactiveDec': {'bestResult': None, 'position': 0.05015, 'bestPosition': 0.05015, '_position': 0.05015, 'velocity': 0.019940000000000003}}, 'genIdx': 0, 'swarmId': u'modelParams|sensorParams|encoders|is_daylight', 'id': '52.10'}, 'structuredParams': {'aggregationInfo': {'seconds': 0, 'fields': [], 'months': 0, 'days': 0, 'years': 0, 'hours': 0, 'microseconds': 0, 'weeks': 0, 'minutes': 0, 'milliseconds': 0}, 'modelParams': {'sensorParams': {'encoders': {'_classifierInput': {'maxval': 35.0, 'classifierOnly': True, 'minval': 10.0, 'clipInput': True, 'n': 275, 'fieldname': 'euse', 'w': 21, 'type': 'ScalarEncoder'}, u'humid': None, u'is_daylight': {'maxval': 0.0, 'name': 'is_daylight', 'clipInput': True, 'minval': 0.0, 'n': 272, 'fieldname': 'is_daylight', 'w': 21, 'type': 'ScalarEncoder'}, u'temp': None, u'sec_since_rise': None, u'timestamp_dayOfWeek': None, u'timestamp_timeOfDay': None, u'euse': None, u'buildup': None, u'wind': None, u'timestamp_weekend': None}}, 'spParams': {'synPermInactiveDec': 0.05015}, 'tpParams': {'minThreshold': 11, 'activationThreshold': 14, 'pamLength': 3}, 'clParams': {'alpha': 0.050050000000000004}}}}
2015-07-18 07:33:53,016 - com.numenta.nupic.hypersearch.utils(8385) - INFO - <BUILDID=N/A, WORKER=HW, WRKID=52, JOBID=1045> Using experiment directory: /tmp/tmpTIzhT8
2015-07-18 07:33:54,212 - com.numenta.nupic.hypersearch.utils(8385) - ERROR - <BUILDID=N/A, WORKER=HW, WRKID=52, JOBID=1045> Exception occurred while running model 4510: Exception('The encoder for is_daylight is invalid. minval 0.0 is greater than or equal to maxval 0.0. minval must be strictly less than maxval.',) (<type 'exceptions.Exception'>)
Traceback (most recent call last):
  File "/home/pat/workspace/nupic/nupic/swarming/utils.py", line 430, in runModelGivenBaseAndParams
    (completionReason, completionMsg) = runner.run()
  File "/home/pat/workspace/nupic/nupic/swarming/ModelRunner.py", line 245, in run
    self._model = ModelFactory.create(modelDescription)
  File "/home/pat/workspace/nupic/nupic/frameworks/opf/modelfactory.py", line 80, in create
    return modelClass(**modelConfig['modelParams'])
  File "/home/pat/workspace/nupic/nupic/frameworks/opf/clamodel.py", line 198, in __init__
    clParams, anomalyParams)
  File "/home/pat/workspace/nupic/nupic/frameworks/opf/clamodel.py", line 1058, in __createCLANetwork
    encoder = MultiEncoder(enabledEncoders)
  File "/home/pat/workspace/nupic/nupic/encoders/multi.py", line 54, in __init__
    self.addMultipleEncoders(encoderDescriptions)
  File "/home/pat/workspace/nupic/nupic/encoders/multi.py", line 135, in addMultipleEncoders
    self.addEncoder(fieldName, eval(encoderName)(**fieldParams))
  File "/home/pat/workspace/nupic/nupic/encoders/scalar.py", line 212, in __init__
    "than maxval." % (name, minval, maxval))
Exception: The encoder for is_daylight is invalid. minval 0.0 is greater than or equal to maxval 0.0. minval must be strictly less than maxval.

2015-07-18 07:33:54,222 - com.numenta.nupic.swarming.HypersearchWorker(8385) - INFO - <BUILDID=N/A, WORKER=HW, WRKID=52, JOBID=1045> COMPLETED MODEL GID=4510; EVALUATED 2 MODELs
2015-07-18 07:33:54,640 - com.numenta.nupic.database.ClientJobsDAO.ClientJobsDAO(8385) - INFO - <BUILDID=N/A, WORKER=HW, WRKID=52, JOBID=1045> Model insert attempt failed with DUP_ENTRY: jobID=1045; paramsHash=482f34205c198d0c9f360da714e0071f OR particleHash=689393a1ec63c66893cdf8bbfca353b1; IntegrityError(1062, u"Duplicate entry '1045-H/4 \\\\x19\\x8D\\x0C\\x9F6\\x0D\\xA7\\x14\\xE0\\x07\\x1F' for key 'job_id'")
2015-07-18 07:33:54,676 - com.numenta.nupic.swarming.HypersearchWorker(8385) - INFO - <BUILDID=N/A, WORKER=HW, WRKID=52, JOBID=1045> Adding model 4521 to our internal DB because modelInsertAndStart() failed to insert it: paramsHash=482f34205c198d0c9f360da714e0071f, particleHash=5c33c1285e0f3aedb702c54ee00756d8, particleId='55.40.0'
2015-07-18 07:33:54,688 - com.numenta.nupic.database.ClientJobsDAO.ClientJobsDAO(8385) - INFO - <BUILDID=N/A, WORKER=HW, WRKID=52, JOBID=1045> Model insert attempt failed with DUP_ENTRY: jobID=1045; paramsHash=482f34205c198d0c9f360da714e0071f OR particleHash=da6eb1b64ab15577264e9e5a604e0435; IntegrityError(1062, u"Duplicate entry '1045-H/4 \\\\x19\\x8D\\x0C\\x9F6\\x0D\\xA7\\x14\\xE0\\x07\\x1F' for key 'job_id'")
2015-07-18 07:33:54,704 - com.numenta.nupic.swarming.HypersearchWorker(8385) - INFO - <BUILDID=N/A, WORKER=HW, WRKID=52, JOBID=1045> Adding model 4521 to our internal DB because modelInsertAndStart() failed to insert it: paramsHash=482f34205c198d0c9f360da714e0071f, particleHash=5c33c1285e0f3aedb702c54ee00756d8, particleId='55.40.0'
2015-07-18 07:33:54,715 - com.numenta.nupic.database.ClientJobsDAO.ClientJobsDAO(8385) - INFO - <BUILDID=N/A, WORKER=HW, WRKID=52, JOBID=1045> Model insert attempt failed with DUP_ENTRY: jobID=1045; paramsHash=482f34205c198d0c9f360da714e0071f OR particleHash=0d6b6c25cfd709514ee6f6873e0417f4; IntegrityError(1062, u"Duplicate entry '1045-H/4 \\\\x19\\x8D\\x0C\\x9F6\\x0D\\xA7\\x14\\xE0\\x07\\x1F' for key 'job_id'")
2015-07-18 07:33:54,732 - com.numenta.nupic.swarming.HypersearchWorker(8385) - INFO - <BUILDID=N/A, WORKER=HW, WRKID=52, JOBID=1045> Adding model 4521 to our internal DB because modelInsertAndStart() failed to insert it: paramsHash=482f34205c198d0c9f360da714e0071f, particleHash=5c33c1285e0f3aedb702c54ee00756d8, particleId='55.40.0'
2015-07-18 07:33:54,744 - com.numenta.nupic.database.ClientJobsDAO.ClientJobsDAO(8385) - INFO - <BUILDID=N/A, WORKER=HW, WRKID=52, JOBID=1045> Model insert attempt failed with DUP_ENTRY: jobID=1045; paramsHash=482f34205c198d0c9f360da714e0071f OR particleHash=c407b46d68bd94f002b56882dabb0668; IntegrityError(1062, u"Duplicate entry '1045-H/4 \\\\x19\\x8D\\x0C\\x9F6\\x0D\\xA7\\x14\\xE0\\x07\\x1F' for key 'job_id'")
2015-07-18 07:33:54,768 - com.numenta.nupic.swarming.HypersearchWorker(8385) - INFO - <BUILDID=N/A, WORKER=HW, WRKID=52, JOBID=1045> Adding model 4521 to our internal DB because modelInsertAndStart() failed to insert it: paramsHash=482f34205c198d0c9f360da714e0071f, particleHash=5c33c1285e0f3aedb702c54ee00756d8, particleId='55.40.0'
2015-07-18 07:33:54,774 - com.numenta.nupic.database.ClientJobsDAO.ClientJobsDAO(8385) - INFO - <BUILDID=N/A, WORKER=HW, WRKID=52, JOBID=1045> Model insert attempt failed with DUP_ENTRY: jobID=1045; paramsHash=482f34205c198d0c9f360da714e0071f OR particleHash=1b34565067812852c103728a84448d8f; IntegrityError(1062, u"Duplicate entry '1045-H/4 \\\\x19\\x8D\\x0C\\x9F6\\x0D\\xA7\\x14\\xE0\\x07\\x1F' for key 'job_id'")
2015-07-18 07:33:54,803 - com.numenta.nupic.swarming.HypersearchWorker(8385) - INFO - <BUILDID=N/A, WORKER=HW, WRKID=52, JOBID=1045> Adding model 4521 to our internal DB because modelInsertAndStart() failed to insert it: paramsHash=482f34205c198d0c9f360da714e0071f, particleHash=5c33c1285e0f3aedb702c54ee00756d8, particleId='55.40.0'
2015-07-18 07:33:54,811 - com.numenta.nupic.database.ClientJobsDAO.ClientJobsDAO(8385) - INFO - <BUILDID=N/A, WORKER=HW, WRKID=52, JOBID=1045> Model insert attempt failed with DUP_ENTRY: jobID=1045; paramsHash=482f34205c198d0c9f360da714e0071f OR particleHash=a91299c5736fada04a7842f9c76753a9; IntegrityError(1062, u"Duplicate entry '1045-H/4 \\\\x19\\x8D\\x0C\\x9F6\\x0D\\xA7\\x14\\xE0\\x07\\x1F' for key 'job_id'")
2015-07-18 07:33:54,840 - com.numenta.nupic.swarming.HypersearchWorker(8385) - INFO - <BUILDID=N/A, WORKER=HW, WRKID=52, JOBID=1045> Adding model 4521 to our internal DB because modelInsertAndStart() failed to insert it: paramsHash=482f34205c198d0c9f360da714e0071f, particleHash=5c33c1285e0f3aedb702c54ee00756d8, particleId='55.40.0'
2015-07-18 07:33:54,845 - com.numenta.nupic.database.ClientJobsDAO.ClientJobsDAO(8385) - INFO - <BUILDID=N/A, WORKER=HW, WRKID=52, JOBID=1045> Model insert attempt failed with DUP_ENTRY: jobID=1045; paramsHash=482f34205c198d0c9f360da714e0071f OR particleHash=9168914a12d087108fb832c57aed1699; IntegrityError(1062, u"Duplicate entry '1045-H/4 \\\\x19\\x8D\\x0C\\x9F6\\x0D\\xA7\\x14\\xE0\\x07\\x1F' for key 'job_id'")
2015-07-18 07:33:54,872 - com.numenta.nupic.swarming.HypersearchWorker(8385) - INFO - <BUILDID=N/A, WORKER=HW, WRKID=52, JOBID=1045> Adding model 4521 to our internal DB because modelInsertAndStart() failed to insert it: paramsHash=482f34205c198d0c9f360da714e0071f, particleHash=5c33c1285e0f3aedb702c54ee00756d8, particleId='55.40.0'
2015-07-18 07:33:54,879 - com.numenta.nupic.database.ClientJobsDAO.ClientJobsDAO(8385) - INFO - <BUILDID=N/A, WORKER=HW, WRKID=52, JOBID=1045> Model insert attempt failed with DUP_ENTRY: jobID=1045; paramsHash=482f34205c198d0c9f360da714e0071f OR particleHash=1aeafba264475f9af6aee18c27cf7acc; IntegrityError(1062, u"Duplicate entry '1045-H/4 \\\\x19\\x8D\\x0C\\x9F6\\x0D\\xA7\\x14\\xE0\\x07\\x1F' for key 'job_id'")
2015-07-18 07:33:54,904 - com.numenta.nupic.swarming.HypersearchWorker(8385) - INFO - <BUILDID=N/A, WORKER=HW, WRKID=52, JOBID=1045> Adding model 4521 to our internal DB because modelInsertAndStart() failed to insert it: paramsHash=482f34205c198d0c9f360da714e0071f, particleHash=5c33c1285e0f3aedb702c54ee00756d8, particleId='55.40.0'
2015-07-18 07:33:54,912 - com.numenta.nupic.database.ClientJobsDAO.ClientJobsDAO(8385) - INFO - <BUILDID=N/A, WORKER=HW, WRKID=52, JOBID=1045> Model insert attempt failed with DUP_ENTRY: jobID=1045; paramsHash=482f34205c198d0c9f360da714e0071f OR particleHash=aed5013de7232ea5919d46d509062365; IntegrityError(1062, u"Duplicate entry '1045-H/4 \\\\x19\\x8D\\x0C\\x9F6\\x0D\\xA7\\x14\\xE0\\x07\\x1F' for key 'job_id'")
2015-07-18 07:33:54,931 - com.numenta.nupic.swarming.HypersearchWorker(8385) - INFO - <BUILDID=N/A, WORKER=HW, WRKID=52, JOBID=1045> Adding model 4521 to our internal DB because modelInsertAndStart() failed to insert it: paramsHash=482f34205c198d0c9f360da714e0071f, particleHash=5c33c1285e0f3aedb702c54ee00756d8, particleId='55.40.0'
2015-07-18 07:33:54,947 - com.numenta.nupic.database.ClientJobsDAO.ClientJobsDAO(8385) - INFO - <BUILDID=N/A, WORKER=HW, WRKID=52, JOBID=1045> Model insert attempt failed with DUP_ENTRY: jobID=1045; paramsHash=482f34205c198d0c9f360da714e0071f OR particleHash=6781b2a01482ba330e78265d66a1e66b; IntegrityError(1062, u"Duplicate entry '1045-H/4 \\\\x19\\x8D\\x0C\\x9F6\\x0D\\xA7\\x14\\xE0\\x07\\x1F' for key 'job_id'")
2015-07-18 07:33:54,961 - com.numenta.nupic.swarming.HypersearchWorker(8385) - INFO - <BUILDID=N/A, WORKER=HW, WRKID=52, JOBID=1045> Adding model 4521 to our internal DB because modelInsertAndStart() failed to insert it: paramsHash=482f34205c198d0c9f360da714e0071f, particleHash=5c33c1285e0f3aedb702c54ee00756d8, particleId='55.40.0'
2015-07-18 07:33:55,450 - com.numenta.nupic.swarming.HypersearchWorker(8385) - INFO - <BUILDID=N/A, WORKER=HW, WRKID=52, JOBID=1045> RUNNING MODEL GID=4532, paramsHash=3f112960034340cabfbe50ec73d65d85, params={'particleState': {'varStates': {'modelParams|clParams|alpha': {'bestResult': None, 'position': 0.050050000000000004, 'bestPosition': 0.050050000000000004, '_position': 0.050050000000000004, 'velocity': 0.01998}, 'modelParams|tpParams|minThreshold': {'bestResult': None, 'position': 11, 'bestPosition': 11, '_position': 10.5, 'velocity': 0.6}, 'modelParams|tpParams|activationThreshold': {'bestResult': None, 'position': 14, 'bestPosition': 14, '_position': 14.0, 'velocity': 0.8}, u'modelParams|sensorParams|encoders|temp:n': {'bestResult': None, 'position': 272, 'bestPosition': 272, '_position': 271.5, 'velocity': 99.8}, 'modelParams|tpParams|pamLength': {'bestResult': None, 'position': 3, 'bestPosition': 3, '_position': 3.0, 'velocity': 0.8}, 'modelParams|sensorParams|encoders|_classifierInput|n': {'bestResult': None, 'position': 275, 'bestPosition': 275, '_position': 274.5, 'velocity': 98.6}, 'modelParams|spParams|synPermInactiveDec': {'bestResult': None, 'position': 0.05015, 'bestPosition': 0.05015, '_position': 0.05015, 'velocity': 0.019940000000000003}}, 'genIdx': 0, 'swarmId': u'modelParams|sensorParams|encoders|temp', 'id': '52.30'}, 'structuredParams': {'aggregationInfo': {'seconds': 0, 'fields': [], 'months': 0, 'days': 0, 'years': 0, 'hours': 0, 'microseconds': 0, 'weeks': 0, 'minutes': 0, 'milliseconds': 0}, 'modelParams': {'sensorParams': {'encoders': {'_classifierInput': {'maxval': 35.0, 'classifierOnly': True, 'minval': 10.0, 'clipInput': True, 'n': 275, 'fieldname': 'euse', 'w': 21, 'type': 'ScalarEncoder'}, u'humid': None, u'is_daylight': None, u'temp': {'maxval': 110.0, 'name': 'temp', 'clipInput': True, 'minval': 0.0, 'n': 272, 'fieldname': 'temp', 'w': 21, 'type': 'ScalarEncoder'}, u'sec_since_rise': None, u'timestamp_dayOfWeek': None, u'timestamp_timeOfDay': None, u'euse': None, u'buildup': None, u'wind': None, u'timestamp_weekend': None}}, 'spParams': {'synPermInactiveDec': 0.05015}, 'tpParams': {'minThreshold': 11, 'activationThreshold': 14, 'pamLength': 3}, 'clParams': {'alpha': 0.050050000000000004}}}}
2015-07-18 07:33:55,451 - com.numenta.nupic.hypersearch.utils(8385) - INFO - <BUILDID=N/A, WORKER=HW, WRKID=52, JOBID=1045> Using experiment directory: /tmp/tmpCHZ8yC
