2014-12-27 09:33:35,786 - com.numenta.nupic.swarming.HypersearchWorker(6887) - INFO - <BUILDID=N/A, WORKER=HS, WRKID=N/A, JOBID=N/A> Launched with command line arguments: ['--jobID=1003']
2014-12-27 09:33:35,786 - com.numenta.nupic.swarming.HypersearchWorker(6887) - INFO - <BUILDID=N/A, WORKER=HS, WRKID=N/A, JOBID=N/A> Connecting to the jobs database
2014-12-27 09:33:35,786 - com.numenta.nupic.database.Connection.ConnectionFactory(6887) - INFO - <BUILDID=N/A, WORKER=HS, WRKID=N/A, JOBID=N/A> Creating db connection policy via provider <bound method type._createDefaultPolicy of <class 'nupic.database.Connection.ConnectionFactory'>>
2014-12-27 09:33:35,790 - com.numenta.nupic.database.Connection.PooledConnectionPolicy(6887) - INFO - <BUILDID=N/A, WORKER=HS, WRKID=N/A, JOBID=N/A> Created PooledConnectionPolicy
2014-12-27 09:33:35,797 - com.numenta.nupic.database.ClientJobsDAO.ClientJobsDAO(6887) - INFO - <BUILDID=N/A, WORKER=HS, WRKID=N/A, JOBID=N/A> clientJobsConnectionID=53
2014-12-27 09:33:35,800 - com.numenta.nupic.swarming.HypersearchWorker(6887) - INFO - <BUILDID=N/A, WORKER=HW, WRKID=53, JOBID=1003> Job info retrieved: {'engModelMilestones': 'None', 'clientInfo': '', 'numFailedWorkers': '0', 'engJobType': 'hypersearch', 'results': 'None', 'jobId': '1003', 'completionMsg': 'None', 'cancel': '0', 'engWorkerState': '{"sprints": [{"status": "active", "bestModelId": null, "bestErrS...', 'workerCompletionMsg': 'None', 'jobHash': "|\x16\xf7}\x8d\xee\x11\xe4\x9c\x1f\x08\x00'\x16\xdf\xd4", 'genBaseDescription': '# --------------------------------------------------------------...', 'completionReason': 'None', 'priority': '0', 'cmdLine': '$HYPERSEARCH', 'params': '{"hsVersion": "v2", "maxModels": null, "persistentJobGUID": "7c1...', 'workerCompletionReason': 'success', 'engAllocateNewWorkers': '1', 'lastFailedWorkerErrorMsg': 'None', 'engUntendedDeadWorkers': '0', 'engLastUpdateTime': '2014-12-27 17:33:35', 'status': 'notStarted', 'engStatus': 'None', 'startTime': 'None', 'minimumWorkers': '1', 'endTime': 'None', 'engCjmConnId': 'None', 'genPermutations': '# --------------------------------------------------------------...', 'client': 'GRP', 'engCleaningStatus': 'notdone', 'clientKey': '', 'maximumWorkers': '4'}
2014-12-27 09:33:35,801 - com.numenta.nupic.swarming.HypersearchV2.HypersearchV2(6887) - INFO - <BUILDID=N/A, WORKER=HW, WRKID=53, JOBID=1003> searchParams: 
{u'description': {u'includedFields': [{u'fieldName': 'timestamp',
                                       u'fieldType': 'datetime'},
                                      {u'fieldName': 'kw_energy_consumption',
                                       u'fieldType': 'float',
                                       u'maxValue': '5.18',
                                       u'minValue': '0.0'}],
                  u'inferenceArgs': {u'predictedField': 'kw_energy_consumption',
                                     u'predictionSteps': ['1']},
                  u'inferenceType': 'TemporalMultiStep',
                  u'iterationCount': '-1',
                  u'streamDef': {u'info': 'kw_energy_consumption',
                                 u'streams': [{u'columns': ['*'],
                                               u'info': 'San Diego',
                                               u'source': 'file://sandiego.csv'}],
                                 u'version': '1'},
                  u'swarmSize': 'small'},
 u'hsVersion': 'v2',
 u'maxModels': 'None',
 u'persistentJobGUID': '7c16f77c-8dee-11e4-9c1f-08002716dfd4',
 u'useTerminators': 'False'}
2014-12-27 09:33:35,872 - com.numenta.nupic.swarming.HypersearchV2.HypersearchV2(6887) - INFO - <BUILDID=N/A, WORKER=HW, WRKID=53, JOBID=1003> Active swarms changed to [u'modelParams|sensorParams|encoders|kw_energy_consumption'] (from None)
2014-12-27 09:33:35,918 - com.numenta.nupic.database.ClientJobsDAO.ClientJobsDAO(6887) - INFO - <BUILDID=N/A, WORKER=HW, WRKID=53, JOBID=1003> Model insert attempt failed with DUP_ENTRY: jobID=1003; paramsHash=0ef29c702faac17f2e7a49e1a9a11f3a OR particleHash=713567f8da5dfe385b60be5dd107ce2e; IntegrityError(1062, u"Duplicate entry '1003-\\x0E\\xF2\\x9Cp/\\xAA\\xC1\\x7F.zI\\xE1\\xA9\\xA1\\x1F:' for key 'job_id'")
2014-12-27 09:33:35,923 - com.numenta.nupic.swarming.HypersearchWorker(6887) - INFO - <BUILDID=N/A, WORKER=HW, WRKID=53, JOBID=1003> Adding model 1241 to our internal DB because modelInsertAndStart() failed to insert it: paramsHash=0ef29c702faac17f2e7a49e1a9a11f3a, particleHash=6a1a1cfbde1a6f109b957e2f7c746a3c, particleId='51.10.0'
2014-12-27 09:33:35,930 - com.numenta.nupic.database.ClientJobsDAO.ClientJobsDAO(6887) - INFO - <BUILDID=N/A, WORKER=HW, WRKID=53, JOBID=1003> Model insert attempt failed with DUP_ENTRY: jobID=1003; paramsHash=0ef29c702faac17f2e7a49e1a9a11f3a OR particleHash=a429960d5861b6c5520025e8b439a2e9; IntegrityError(1062, u"Duplicate entry '1003-\\x0E\\xF2\\x9Cp/\\xAA\\xC1\\x7F.zI\\xE1\\xA9\\xA1\\x1F:' for key 'job_id'")
2014-12-27 09:33:35,937 - com.numenta.nupic.swarming.HypersearchWorker(6887) - INFO - <BUILDID=N/A, WORKER=HW, WRKID=53, JOBID=1003> Adding model 1241 to our internal DB because modelInsertAndStart() failed to insert it: paramsHash=0ef29c702faac17f2e7a49e1a9a11f3a, particleHash=6a1a1cfbde1a6f109b957e2f7c746a3c, particleId='51.10.0'
2014-12-27 09:33:35,940 - com.numenta.nupic.database.ClientJobsDAO.ClientJobsDAO(6887) - INFO - <BUILDID=N/A, WORKER=HW, WRKID=53, JOBID=1003> Model insert attempt failed with DUP_ENTRY: jobID=1003; paramsHash=0ef29c702faac17f2e7a49e1a9a11f3a OR particleHash=18e9b90193ccc1799f7cedbe32226a27; IntegrityError(1062, u"Duplicate entry '1003-\\x0E\\xF2\\x9Cp/\\xAA\\xC1\\x7F.zI\\xE1\\xA9\\xA1\\x1F:' for key 'job_id'")
2014-12-27 09:33:35,946 - com.numenta.nupic.swarming.HypersearchWorker(6887) - INFO - <BUILDID=N/A, WORKER=HW, WRKID=53, JOBID=1003> Adding model 1241 to our internal DB because modelInsertAndStart() failed to insert it: paramsHash=0ef29c702faac17f2e7a49e1a9a11f3a, particleHash=6a1a1cfbde1a6f109b957e2f7c746a3c, particleId='51.10.0'
2014-12-27 09:33:35,951 - com.numenta.nupic.database.ClientJobsDAO.ClientJobsDAO(6887) - INFO - <BUILDID=N/A, WORKER=HW, WRKID=53, JOBID=1003> Model insert attempt failed with DUP_ENTRY: jobID=1003; paramsHash=0ef29c702faac17f2e7a49e1a9a11f3a OR particleHash=a41478b537b9ca7f3b89d2094b5419cf; IntegrityError(1062, u"Duplicate entry '1003-\\x0E\\xF2\\x9Cp/\\xAA\\xC1\\x7F.zI\\xE1\\xA9\\xA1\\x1F:' for key 'job_id'")
2014-12-27 09:33:35,955 - com.numenta.nupic.swarming.HypersearchWorker(6887) - INFO - <BUILDID=N/A, WORKER=HW, WRKID=53, JOBID=1003> Adding model 1241 to our internal DB because modelInsertAndStart() failed to insert it: paramsHash=0ef29c702faac17f2e7a49e1a9a11f3a, particleHash=6a1a1cfbde1a6f109b957e2f7c746a3c, particleId='51.10.0'
2014-12-27 09:33:35,960 - com.numenta.nupic.database.ClientJobsDAO.ClientJobsDAO(6887) - INFO - <BUILDID=N/A, WORKER=HW, WRKID=53, JOBID=1003> Model insert attempt failed with DUP_ENTRY: jobID=1003; paramsHash=0ef29c702faac17f2e7a49e1a9a11f3a OR particleHash=6bbd3ddce4d6d12ffb37767e2e94e92a; IntegrityError(1062, u"Duplicate entry '1003-\\x0E\\xF2\\x9Cp/\\xAA\\xC1\\x7F.zI\\xE1\\xA9\\xA1\\x1F:' for key 'job_id'")
2014-12-27 09:33:35,963 - com.numenta.nupic.swarming.HypersearchWorker(6887) - INFO - <BUILDID=N/A, WORKER=HW, WRKID=53, JOBID=1003> Adding model 1241 to our internal DB because modelInsertAndStart() failed to insert it: paramsHash=0ef29c702faac17f2e7a49e1a9a11f3a, particleHash=6a1a1cfbde1a6f109b957e2f7c746a3c, particleId='51.10.0'
2014-12-27 09:33:35,968 - com.numenta.nupic.database.ClientJobsDAO.ClientJobsDAO(6887) - INFO - <BUILDID=N/A, WORKER=HW, WRKID=53, JOBID=1003> Model insert attempt failed with DUP_ENTRY: jobID=1003; paramsHash=0ef29c702faac17f2e7a49e1a9a11f3a OR particleHash=9eab0b780eae0f85a7139aa9edf831b6; IntegrityError(1062, u"Duplicate entry '1003-\\x0E\\xF2\\x9Cp/\\xAA\\xC1\\x7F.zI\\xE1\\xA9\\xA1\\x1F:' for key 'job_id'")
2014-12-27 09:33:35,975 - com.numenta.nupic.swarming.HypersearchWorker(6887) - INFO - <BUILDID=N/A, WORKER=HW, WRKID=53, JOBID=1003> Adding model 1241 to our internal DB because modelInsertAndStart() failed to insert it: paramsHash=0ef29c702faac17f2e7a49e1a9a11f3a, particleHash=6a1a1cfbde1a6f109b957e2f7c746a3c, particleId='51.10.0'
2014-12-27 09:33:35,980 - com.numenta.nupic.database.ClientJobsDAO.ClientJobsDAO(6887) - INFO - <BUILDID=N/A, WORKER=HW, WRKID=53, JOBID=1003> Model insert attempt failed with DUP_ENTRY: jobID=1003; paramsHash=0ef29c702faac17f2e7a49e1a9a11f3a OR particleHash=472b9d116e6a8b474ba3a472320979c2; IntegrityError(1062, u"Duplicate entry '1003-\\x0E\\xF2\\x9Cp/\\xAA\\xC1\\x7F.zI\\xE1\\xA9\\xA1\\x1F:' for key 'job_id'")
2014-12-27 09:33:35,985 - com.numenta.nupic.swarming.HypersearchWorker(6887) - INFO - <BUILDID=N/A, WORKER=HW, WRKID=53, JOBID=1003> Adding model 1241 to our internal DB because modelInsertAndStart() failed to insert it: paramsHash=0ef29c702faac17f2e7a49e1a9a11f3a, particleHash=6a1a1cfbde1a6f109b957e2f7c746a3c, particleId='51.10.0'
2014-12-27 09:33:35,990 - com.numenta.nupic.database.ClientJobsDAO.ClientJobsDAO(6887) - INFO - <BUILDID=N/A, WORKER=HW, WRKID=53, JOBID=1003> Model insert attempt failed with DUP_ENTRY: jobID=1003; paramsHash=0ef29c702faac17f2e7a49e1a9a11f3a OR particleHash=653286eb28904a1bffb6f37f2c195f79; IntegrityError(1062, u"Duplicate entry '1003-\\x0E\\xF2\\x9Cp/\\xAA\\xC1\\x7F.zI\\xE1\\xA9\\xA1\\x1F:' for key 'job_id'")
2014-12-27 09:33:35,996 - com.numenta.nupic.swarming.HypersearchWorker(6887) - INFO - <BUILDID=N/A, WORKER=HW, WRKID=53, JOBID=1003> Adding model 1241 to our internal DB because modelInsertAndStart() failed to insert it: paramsHash=0ef29c702faac17f2e7a49e1a9a11f3a, particleHash=6a1a1cfbde1a6f109b957e2f7c746a3c, particleId='51.10.0'
2014-12-27 09:33:36,001 - com.numenta.nupic.database.ClientJobsDAO.ClientJobsDAO(6887) - INFO - <BUILDID=N/A, WORKER=HW, WRKID=53, JOBID=1003> Model insert attempt failed with DUP_ENTRY: jobID=1003; paramsHash=0ef29c702faac17f2e7a49e1a9a11f3a OR particleHash=8e6fb3eb2a5bb55eef18bdd9a1679c5e; IntegrityError(1062, u"Duplicate entry '1003-\\x0E\\xF2\\x9Cp/\\xAA\\xC1\\x7F.zI\\xE1\\xA9\\xA1\\x1F:' for key 'job_id'")
2014-12-27 09:33:36,005 - com.numenta.nupic.swarming.HypersearchWorker(6887) - INFO - <BUILDID=N/A, WORKER=HW, WRKID=53, JOBID=1003> Adding model 1241 to our internal DB because modelInsertAndStart() failed to insert it: paramsHash=0ef29c702faac17f2e7a49e1a9a11f3a, particleHash=6a1a1cfbde1a6f109b957e2f7c746a3c, particleId='51.10.0'
2014-12-27 09:33:36,012 - com.numenta.nupic.database.ClientJobsDAO.ClientJobsDAO(6887) - INFO - <BUILDID=N/A, WORKER=HW, WRKID=53, JOBID=1003> Model insert attempt failed with DUP_ENTRY: jobID=1003; paramsHash=0ef29c702faac17f2e7a49e1a9a11f3a OR particleHash=6aab864996da2da2d638d6742655c2da; IntegrityError(1062, u"Duplicate entry '1003-\\x0E\\xF2\\x9Cp/\\xAA\\xC1\\x7F.zI\\xE1\\xA9\\xA1\\x1F:' for key 'job_id'")
2014-12-27 09:33:36,016 - com.numenta.nupic.swarming.HypersearchWorker(6887) - INFO - <BUILDID=N/A, WORKER=HW, WRKID=53, JOBID=1003> Adding model 1241 to our internal DB because modelInsertAndStart() failed to insert it: paramsHash=0ef29c702faac17f2e7a49e1a9a11f3a, particleHash=6a1a1cfbde1a6f109b957e2f7c746a3c, particleId='51.10.0'
2014-12-27 09:33:36,020 - com.numenta.nupic.swarming.HypersearchV2.HypersearchV2(6887) - INFO - <BUILDID=N/A, WORKER=HW, WRKID=53, JOBID=1003> Ready to end hyperseach, but not all models have matured yet. Sleeping a bit to wait for all models to mature.
2014-12-27 09:33:39,229 - com.numenta.nupic.swarming.HypersearchV2.HypersearchV2(6887) - ERROR - <BUILDID=N/A, WORKER=HW, WRKID=53, JOBID=1003> Exiting because some worker set the workerCompletionReason to error. WorkerCompletionMsg: E10002: Exiting due to receiving too many models failing from exceptions (6 out of 6). 
Model Exception: Exception occurred while running model 1256: Exception(u'Invalid file format for "/home/pat/workspace/nupic/examples/opf/clients/hotgym/prediction/sandiego/sandiego.csv" - field type ""2011-02-01 01:00:00"" not one of (\'string\', \'datetime\', \'int\', \'float\', \'bool\', \'sdr\') ',) (<type 'exceptions.Exception'>)
Traceback (most recent call last):
  File "/home/pat/workspace/nupic/nupic/swarming/utils.py", line 430, in runModelGivenBaseAndParams
    (completionReason, completionMsg) = runner.run()
  File "/home/pat/workspace/nupic/nupic/swarming/ModelRunner.py", line 237, in run
    maxTimeout=readTimeout)
  File "/home/pat/workspace/nupic/nupic/data/stream_reader.py", line 210, in __init__
    self._openStream(dataUrl, isBlocking, maxTimeout, bookmark, firstRecordIdx)
  File "/home/pat/workspace/nupic/nupic/data/stream_reader.py", line 298, in _openStream
    firstRecord=firstRecordIdx)
  File "/home/pat/workspace/nupic/nupic/data/file_record_stream.py", line 209, in __init__
    'not one of %s ' % (self._filename, t, allowedTypes))
Exception: Invalid file format for "/home/pat/workspace/nupic/examples/opf/clients/hotgym/prediction/sandiego/sandiego.csv" - field type ""2011-02-01 01:00:00"" not one of ('string', 'datetime', 'int', 'float', 'bool', 'sdr') 

2014-12-27 09:33:39,237 - com.numenta.nupic.swarming.HypersearchV2.HypersearchV2(6887) - INFO - <BUILDID=N/A, WORKER=HW, WRKID=53, JOBID=1003> Failed updating the field contributions, another hypersearch worker must have updated it
2014-12-27 09:33:39,237 - com.numenta.nupic.swarming.HypersearchWorker(6887) - INFO - <BUILDID=N/A, WORKER=HW, WRKID=53, JOBID=1003> FINISHED. Evaluated 0 models.
