2015-07-18 07:32:45,864 - com.numenta.nupic.swarming.HypersearchWorker(8384) - INFO - <BUILDID=N/A, WORKER=HS, WRKID=N/A, JOBID=N/A> Launched with command line arguments: ['--jobID=1045']
2015-07-18 07:32:45,880 - com.numenta.nupic.swarming.HypersearchWorker(8384) - INFO - <BUILDID=N/A, WORKER=HS, WRKID=N/A, JOBID=N/A> Connecting to the jobs database
2015-07-18 07:32:45,880 - com.numenta.nupic.database.Connection.ConnectionFactory(8384) - INFO - <BUILDID=N/A, WORKER=HS, WRKID=N/A, JOBID=N/A> Creating db connection policy via provider <bound method type._createDefaultPolicy of <class 'nupic.database.Connection.ConnectionFactory'>>
2015-07-18 07:32:45,901 - com.numenta.nupic.database.Connection.PooledConnectionPolicy(8384) - INFO - <BUILDID=N/A, WORKER=HS, WRKID=N/A, JOBID=N/A> Created PooledConnectionPolicy
2015-07-18 07:32:45,944 - com.numenta.nupic.database.ClientJobsDAO.ClientJobsDAO(8384) - INFO - <BUILDID=N/A, WORKER=HS, WRKID=N/A, JOBID=N/A> clientJobsConnectionID=53
2015-07-18 07:32:45,968 - com.numenta.nupic.swarming.HypersearchWorker(8384) - INFO - <BUILDID=N/A, WORKER=HW, WRKID=53, JOBID=1045> Job info retrieved: {'engModelMilestones': 'None', 'clientInfo': '', 'numFailedWorkers': '0', 'engJobType': 'hypersearch', 'results': 'None', 'jobId': '1045', 'completionMsg': 'None', 'cancel': '0', 'engWorkerState': 'None', 'workerCompletionMsg': 'None', 'jobHash': "\xda\x06\x18\x8b-Y\x11\xe5\x98\xe1\x08\x00'\x16\xdf\xd4", 'genBaseDescription': 'None', 'completionReason': 'None', 'priority': '0', 'cmdLine': '$HYPERSEARCH', 'params': '{"hsVersion": "v2", "maxModels": null, "persistentJobGUID": "da0...', 'workerCompletionReason': 'success', 'engAllocateNewWorkers': '1', 'lastFailedWorkerErrorMsg': 'None', 'engUntendedDeadWorkers': '0', 'engLastUpdateTime': '2015-07-18 14:32:43', 'status': 'notStarted', 'engStatus': 'None', 'startTime': 'None', 'minimumWorkers': '1', 'endTime': 'None', 'engCjmConnId': 'None', 'genPermutations': 'None', 'client': 'GRP', 'engCleaningStatus': 'notdone', 'clientKey': '', 'maximumWorkers': '4'}
2015-07-18 07:32:45,970 - com.numenta.nupic.swarming.HypersearchV2.HypersearchV2(8384) - INFO - <BUILDID=N/A, WORKER=HW, WRKID=53, JOBID=1045> searchParams: 
{u'description': {u'includedFields': [{u'fieldName': 'timestamp',
                                       u'fieldType': 'datetime'},
                                      {u'fieldName': 'euse',
                                       u'fieldType': 'float',
                                       u'maxValue': '35.0',
                                       u'minValue': '10.0'},
                                      {u'fieldName': 'temp',
                                       u'fieldType': 'float',
                                       u'maxValue': '110.0',
                                       u'minValue': '0.0'},
                                      {u'fieldName': 'humid',
                                       u'fieldType': 'float',
                                       u'maxValue': '100.0',
                                       u'minValue': '0.0'},
                                      {u'fieldName': 'wind',
                                       u'fieldType': 'float',
                                       u'maxValue': '50.0',
                                       u'minValue': '0.0'},
                                      {u'fieldName': 'is_daylight',
                                       u'fieldType': 'float',
                                       u'maxValue': '0.0',
                                       u'minValue': '0.0'},
                                      {u'fieldName': 'buildup',
                                       u'fieldType': 'float',
                                       u'maxValue': '0.0',
                                       u'minValue': '0.0'},
                                      {u'fieldName': 'sec_since_rise',
                                       u'fieldType': 'float',
                                       u'maxValue': '50000',
                                       u'minValue': '10.0'}],
                  u'inferenceArgs': {u'predictedField': 'euse',
                                     u'predictionSteps': ['4']},
                  u'inferenceType': 'TemporalMultiStep',
                  u'iterationCount': '-1',
                  u'streamDef': {u'info': 'kwh',
                                 u'streams': [{u'columns': ['timestamp',
                                                            'euse',
                                                            'temp',
                                                            'humid',
                                                            'wind',
                                                            'is_daylight',
                                                            'buildup',
                                                            'sec_since_rise'],
                                               u'info': 'weather_plus_7531',
                                               u'source': 'file:///home/pat/workspace/pecan/house_data/7531_data/7531_clean...'}]},
                  u'swarmSize': 'medium'},
 u'hsVersion': 'v2',
 u'maxModels': 'None',
 u'persistentJobGUID': 'da06188a-2d59-11e5-98e1-08002716dfd4',
 u'useTerminators': 'False'}
2015-07-18 07:33:50,224 - com.numenta.nupic.swarming.HypersearchV2.HypersearchV2(8384) - INFO - <BUILDID=N/A, WORKER=HW, WRKID=53, JOBID=1045> Active swarms changed to [u'modelParams|sensorParams|encoders|humid', u'modelParams|sensorParams|encoders|wind', u'modelParams|sensorParams|encoders|is_daylight', u'modelParams|sensorParams|encoders|sec_since_rise', u'modelParams|sensorParams|encoders|timestamp_timeOfDay', u'modelParams|sensorParams|encoders|timestamp_dayOfWeek', u'modelParams|sensorParams|encoders|buildup', u'modelParams|sensorParams|encoders|euse', u'modelParams|sensorParams|encoders|temp', u'modelParams|sensorParams|encoders|timestamp_weekend'] (from None)
2015-07-18 07:33:50,615 - com.numenta.nupic.database.ClientJobsDAO.ClientJobsDAO(8384) - INFO - <BUILDID=N/A, WORKER=HW, WRKID=53, JOBID=1045> Model insert attempt failed with DUP_ENTRY: jobID=1045; paramsHash=bc1676bd5de23e7524a9fc9ffdeecdf2 OR particleHash=713567f8da5dfe385b60be5dd107ce2e; IntegrityError(1062, u"Duplicate entry '1045-\\xBC\\x16v\\xBD]\\xE2>u$\\xA9\\xFC\\x9F\\xFD\\xEE\\xCD\\xF2' for key 'job_id'")
2015-07-18 07:33:50,664 - com.numenta.nupic.swarming.HypersearchWorker(8384) - INFO - <BUILDID=N/A, WORKER=HW, WRKID=53, JOBID=1045> Adding model 4447 to our internal DB because modelInsertAndStart() failed to insert it: paramsHash=bc1676bd5de23e7524a9fc9ffdeecdf2, particleHash=d37f8e0c9127563cc761196bc58f9674, particleId='52.0.0'
2015-07-18 07:33:50,673 - com.numenta.nupic.database.ClientJobsDAO.ClientJobsDAO(8384) - INFO - <BUILDID=N/A, WORKER=HW, WRKID=53, JOBID=1045> Model insert attempt failed with DUP_ENTRY: jobID=1045; paramsHash=bc1676bd5de23e7524a9fc9ffdeecdf2 OR particleHash=a429960d5861b6c5520025e8b439a2e9; IntegrityError(1062, u"Duplicate entry '1045-\\xBC\\x16v\\xBD]\\xE2>u$\\xA9\\xFC\\x9F\\xFD\\xEE\\xCD\\xF2' for key 'job_id'")
2015-07-18 07:33:50,699 - com.numenta.nupic.swarming.HypersearchWorker(8384) - INFO - <BUILDID=N/A, WORKER=HW, WRKID=53, JOBID=1045> Adding model 4447 to our internal DB because modelInsertAndStart() failed to insert it: paramsHash=bc1676bd5de23e7524a9fc9ffdeecdf2, particleHash=d37f8e0c9127563cc761196bc58f9674, particleId='52.0.0'
2015-07-18 07:33:50,718 - com.numenta.nupic.database.ClientJobsDAO.ClientJobsDAO(8384) - INFO - <BUILDID=N/A, WORKER=HW, WRKID=53, JOBID=1045> Model insert attempt failed with DUP_ENTRY: jobID=1045; paramsHash=bc1676bd5de23e7524a9fc9ffdeecdf2 OR particleHash=18e9b90193ccc1799f7cedbe32226a27; IntegrityError(1062, u"Duplicate entry '1045-\\xBC\\x16v\\xBD]\\xE2>u$\\xA9\\xFC\\x9F\\xFD\\xEE\\xCD\\xF2' for key 'job_id'")
2015-07-18 07:33:50,752 - com.numenta.nupic.swarming.HypersearchWorker(8384) - INFO - <BUILDID=N/A, WORKER=HW, WRKID=53, JOBID=1045> Adding model 4447 to our internal DB because modelInsertAndStart() failed to insert it: paramsHash=bc1676bd5de23e7524a9fc9ffdeecdf2, particleHash=d37f8e0c9127563cc761196bc58f9674, particleId='52.0.0'
2015-07-18 07:33:50,770 - com.numenta.nupic.database.ClientJobsDAO.ClientJobsDAO(8384) - INFO - <BUILDID=N/A, WORKER=HW, WRKID=53, JOBID=1045> Model insert attempt failed with DUP_ENTRY: jobID=1045; paramsHash=bc1676bd5de23e7524a9fc9ffdeecdf2 OR particleHash=a41478b537b9ca7f3b89d2094b5419cf; IntegrityError(1062, u"Duplicate entry '1045-\\xBC\\x16v\\xBD]\\xE2>u$\\xA9\\xFC\\x9F\\xFD\\xEE\\xCD\\xF2' for key 'job_id'")
2015-07-18 07:33:50,789 - com.numenta.nupic.swarming.HypersearchWorker(8384) - INFO - <BUILDID=N/A, WORKER=HW, WRKID=53, JOBID=1045> Adding model 4447 to our internal DB because modelInsertAndStart() failed to insert it: paramsHash=bc1676bd5de23e7524a9fc9ffdeecdf2, particleHash=d37f8e0c9127563cc761196bc58f9674, particleId='52.0.0'
2015-07-18 07:33:50,806 - com.numenta.nupic.database.ClientJobsDAO.ClientJobsDAO(8384) - INFO - <BUILDID=N/A, WORKER=HW, WRKID=53, JOBID=1045> Model insert attempt failed with DUP_ENTRY: jobID=1045; paramsHash=bc1676bd5de23e7524a9fc9ffdeecdf2 OR particleHash=6bbd3ddce4d6d12ffb37767e2e94e92a; IntegrityError(1062, u"Duplicate entry '1045-\\xBC\\x16v\\xBD]\\xE2>u$\\xA9\\xFC\\x9F\\xFD\\xEE\\xCD\\xF2' for key 'job_id'")
2015-07-18 07:33:50,833 - com.numenta.nupic.swarming.HypersearchWorker(8384) - INFO - <BUILDID=N/A, WORKER=HW, WRKID=53, JOBID=1045> Adding model 4447 to our internal DB because modelInsertAndStart() failed to insert it: paramsHash=bc1676bd5de23e7524a9fc9ffdeecdf2, particleHash=d37f8e0c9127563cc761196bc58f9674, particleId='52.0.0'
2015-07-18 07:33:50,853 - com.numenta.nupic.database.ClientJobsDAO.ClientJobsDAO(8384) - INFO - <BUILDID=N/A, WORKER=HW, WRKID=53, JOBID=1045> Model insert attempt failed with DUP_ENTRY: jobID=1045; paramsHash=bc1676bd5de23e7524a9fc9ffdeecdf2 OR particleHash=9eab0b780eae0f85a7139aa9edf831b6; IntegrityError(1062, u"Duplicate entry '1045-\\xBC\\x16v\\xBD]\\xE2>u$\\xA9\\xFC\\x9F\\xFD\\xEE\\xCD\\xF2' for key 'job_id'")
2015-07-18 07:33:50,886 - com.numenta.nupic.swarming.HypersearchWorker(8384) - INFO - <BUILDID=N/A, WORKER=HW, WRKID=53, JOBID=1045> Adding model 4447 to our internal DB because modelInsertAndStart() failed to insert it: paramsHash=bc1676bd5de23e7524a9fc9ffdeecdf2, particleHash=d37f8e0c9127563cc761196bc58f9674, particleId='52.0.0'
2015-07-18 07:33:50,909 - com.numenta.nupic.database.ClientJobsDAO.ClientJobsDAO(8384) - INFO - <BUILDID=N/A, WORKER=HW, WRKID=53, JOBID=1045> Model insert attempt failed with DUP_ENTRY: jobID=1045; paramsHash=bc1676bd5de23e7524a9fc9ffdeecdf2 OR particleHash=472b9d116e6a8b474ba3a472320979c2; IntegrityError(1062, u"Duplicate entry '1045-\\xBC\\x16v\\xBD]\\xE2>u$\\xA9\\xFC\\x9F\\xFD\\xEE\\xCD\\xF2' for key 'job_id'")
2015-07-18 07:33:50,924 - com.numenta.nupic.swarming.HypersearchWorker(8384) - INFO - <BUILDID=N/A, WORKER=HW, WRKID=53, JOBID=1045> Adding model 4447 to our internal DB because modelInsertAndStart() failed to insert it: paramsHash=bc1676bd5de23e7524a9fc9ffdeecdf2, particleHash=d37f8e0c9127563cc761196bc58f9674, particleId='52.0.0'
2015-07-18 07:33:50,939 - com.numenta.nupic.database.ClientJobsDAO.ClientJobsDAO(8384) - INFO - <BUILDID=N/A, WORKER=HW, WRKID=53, JOBID=1045> Model insert attempt failed with DUP_ENTRY: jobID=1045; paramsHash=bc1676bd5de23e7524a9fc9ffdeecdf2 OR particleHash=653286eb28904a1bffb6f37f2c195f79; IntegrityError(1062, u"Duplicate entry '1045-\\xBC\\x16v\\xBD]\\xE2>u$\\xA9\\xFC\\x9F\\xFD\\xEE\\xCD\\xF2' for key 'job_id'")
2015-07-18 07:33:50,964 - com.numenta.nupic.swarming.HypersearchWorker(8384) - INFO - <BUILDID=N/A, WORKER=HW, WRKID=53, JOBID=1045> Adding model 4447 to our internal DB because modelInsertAndStart() failed to insert it: paramsHash=bc1676bd5de23e7524a9fc9ffdeecdf2, particleHash=d37f8e0c9127563cc761196bc58f9674, particleId='52.0.0'
2015-07-18 07:33:50,974 - com.numenta.nupic.database.ClientJobsDAO.ClientJobsDAO(8384) - INFO - <BUILDID=N/A, WORKER=HW, WRKID=53, JOBID=1045> Model insert attempt failed with DUP_ENTRY: jobID=1045; paramsHash=bc1676bd5de23e7524a9fc9ffdeecdf2 OR particleHash=8e6fb3eb2a5bb55eef18bdd9a1679c5e; IntegrityError(1062, u"Duplicate entry '1045-\\xBC\\x16v\\xBD]\\xE2>u$\\xA9\\xFC\\x9F\\xFD\\xEE\\xCD\\xF2' for key 'job_id'")
2015-07-18 07:33:51,008 - com.numenta.nupic.swarming.HypersearchWorker(8384) - INFO - <BUILDID=N/A, WORKER=HW, WRKID=53, JOBID=1045> Adding model 4447 to our internal DB because modelInsertAndStart() failed to insert it: paramsHash=bc1676bd5de23e7524a9fc9ffdeecdf2, particleHash=d37f8e0c9127563cc761196bc58f9674, particleId='52.0.0'
2015-07-18 07:33:51,018 - com.numenta.nupic.database.ClientJobsDAO.ClientJobsDAO(8384) - INFO - <BUILDID=N/A, WORKER=HW, WRKID=53, JOBID=1045> Model insert attempt failed with DUP_ENTRY: jobID=1045; paramsHash=bc1676bd5de23e7524a9fc9ffdeecdf2 OR particleHash=6aab864996da2da2d638d6742655c2da; IntegrityError(1062, u"Duplicate entry '1045-\\xBC\\x16v\\xBD]\\xE2>u$\\xA9\\xFC\\x9F\\xFD\\xEE\\xCD\\xF2' for key 'job_id'")
2015-07-18 07:33:51,044 - com.numenta.nupic.swarming.HypersearchWorker(8384) - INFO - <BUILDID=N/A, WORKER=HW, WRKID=53, JOBID=1045> Adding model 4447 to our internal DB because modelInsertAndStart() failed to insert it: paramsHash=bc1676bd5de23e7524a9fc9ffdeecdf2, particleHash=d37f8e0c9127563cc761196bc58f9674, particleId='52.0.0'
2015-07-18 07:33:51,506 - com.numenta.nupic.database.ClientJobsDAO.ClientJobsDAO(8384) - INFO - <BUILDID=N/A, WORKER=HW, WRKID=53, JOBID=1045> Model insert attempt failed with DUP_ENTRY: jobID=1045; paramsHash=9c941537d601a20d983fc9b422a68886 OR particleHash=eb7d7e7cc81cc85ebdb271f2bdf011a5; IntegrityError(1062, u'Duplicate entry \'1045-\\x9C\\x94\\x157\\xD6\\x01\\xA2\\x0D\\x98?\\xC9\\xB4"\\xA6\\x88\\x86\' for key \'job_id\'')
2015-07-18 07:33:51,545 - com.numenta.nupic.swarming.HypersearchWorker(8384) - INFO - <BUILDID=N/A, WORKER=HW, WRKID=53, JOBID=1045> Adding model 4478 to our internal DB because modelInsertAndStart() failed to insert it: paramsHash=9c941537d601a20d983fc9b422a68886, particleHash=3f5fdd4992b0f0a482d1b7a43b11cd4f, particleId='54.10.0'
2015-07-18 07:33:51,554 - com.numenta.nupic.database.ClientJobsDAO.ClientJobsDAO(8384) - INFO - <BUILDID=N/A, WORKER=HW, WRKID=53, JOBID=1045> Model insert attempt failed with DUP_ENTRY: jobID=1045; paramsHash=9c941537d601a20d983fc9b422a68886 OR particleHash=0812f04b2123c4ec84696760e6d43ffd; IntegrityError(1062, u'Duplicate entry \'1045-\\x9C\\x94\\x157\\xD6\\x01\\xA2\\x0D\\x98?\\xC9\\xB4"\\xA6\\x88\\x86\' for key \'job_id\'')
2015-07-18 07:33:51,589 - com.numenta.nupic.swarming.HypersearchWorker(8384) - INFO - <BUILDID=N/A, WORKER=HW, WRKID=53, JOBID=1045> Adding model 4478 to our internal DB because modelInsertAndStart() failed to insert it: paramsHash=9c941537d601a20d983fc9b422a68886, particleHash=3f5fdd4992b0f0a482d1b7a43b11cd4f, particleId='54.10.0'
2015-07-18 07:33:51,594 - com.numenta.nupic.database.ClientJobsDAO.ClientJobsDAO(8384) - INFO - <BUILDID=N/A, WORKER=HW, WRKID=53, JOBID=1045> Model insert attempt failed with DUP_ENTRY: jobID=1045; paramsHash=9c941537d601a20d983fc9b422a68886 OR particleHash=8c745a5d8d91a6df3efa4b48ff717f75; IntegrityError(1062, u'Duplicate entry \'1045-\\x9C\\x94\\x157\\xD6\\x01\\xA2\\x0D\\x98?\\xC9\\xB4"\\xA6\\x88\\x86\' for key \'job_id\'')
2015-07-18 07:33:51,618 - com.numenta.nupic.swarming.HypersearchWorker(8384) - INFO - <BUILDID=N/A, WORKER=HW, WRKID=53, JOBID=1045> Adding model 4478 to our internal DB because modelInsertAndStart() failed to insert it: paramsHash=9c941537d601a20d983fc9b422a68886, particleHash=3f5fdd4992b0f0a482d1b7a43b11cd4f, particleId='54.10.0'
2015-07-18 07:33:51,635 - com.numenta.nupic.database.ClientJobsDAO.ClientJobsDAO(8384) - INFO - <BUILDID=N/A, WORKER=HW, WRKID=53, JOBID=1045> Model insert attempt failed with DUP_ENTRY: jobID=1045; paramsHash=9c941537d601a20d983fc9b422a68886 OR particleHash=cc02e195968d0433e96312d7ea6751d5; IntegrityError(1062, u'Duplicate entry \'1045-\\x9C\\x94\\x157\\xD6\\x01\\xA2\\x0D\\x98?\\xC9\\xB4"\\xA6\\x88\\x86\' for key \'job_id\'')
2015-07-18 07:33:51,661 - com.numenta.nupic.swarming.HypersearchWorker(8384) - INFO - <BUILDID=N/A, WORKER=HW, WRKID=53, JOBID=1045> Adding model 4478 to our internal DB because modelInsertAndStart() failed to insert it: paramsHash=9c941537d601a20d983fc9b422a68886, particleHash=3f5fdd4992b0f0a482d1b7a43b11cd4f, particleId='54.10.0'
2015-07-18 07:33:51,678 - com.numenta.nupic.database.ClientJobsDAO.ClientJobsDAO(8384) - INFO - <BUILDID=N/A, WORKER=HW, WRKID=53, JOBID=1045> Model insert attempt failed with DUP_ENTRY: jobID=1045; paramsHash=9c941537d601a20d983fc9b422a68886 OR particleHash=dde512e0ccfc150996b21a839232c20c; IntegrityError(1062, u'Duplicate entry \'1045-\\x9C\\x94\\x157\\xD6\\x01\\xA2\\x0D\\x98?\\xC9\\xB4"\\xA6\\x88\\x86\' for key \'job_id\'')
2015-07-18 07:33:51,702 - com.numenta.nupic.swarming.HypersearchWorker(8384) - INFO - <BUILDID=N/A, WORKER=HW, WRKID=53, JOBID=1045> Adding model 4478 to our internal DB because modelInsertAndStart() failed to insert it: paramsHash=9c941537d601a20d983fc9b422a68886, particleHash=3f5fdd4992b0f0a482d1b7a43b11cd4f, particleId='54.10.0'
2015-07-18 07:33:51,750 - com.numenta.nupic.database.ClientJobsDAO.ClientJobsDAO(8384) - INFO - <BUILDID=N/A, WORKER=HW, WRKID=53, JOBID=1045> Model insert attempt failed with DUP_ENTRY: jobID=1045; paramsHash=9c941537d601a20d983fc9b422a68886 OR particleHash=0647411b9247b38b85b78b39942e6838; IntegrityError(1062, u'Duplicate entry \'1045-\\x9C\\x94\\x157\\xD6\\x01\\xA2\\x0D\\x98?\\xC9\\xB4"\\xA6\\x88\\x86\' for key \'job_id\'')
2015-07-18 07:33:51,752 - com.numenta.nupic.swarming.HypersearchWorker(8384) - INFO - <BUILDID=N/A, WORKER=HW, WRKID=53, JOBID=1045> Adding model 4478 to our internal DB because modelInsertAndStart() failed to insert it: paramsHash=9c941537d601a20d983fc9b422a68886, particleHash=3f5fdd4992b0f0a482d1b7a43b11cd4f, particleId='54.10.0'
2015-07-18 07:33:51,767 - com.numenta.nupic.database.ClientJobsDAO.ClientJobsDAO(8384) - INFO - <BUILDID=N/A, WORKER=HW, WRKID=53, JOBID=1045> Model insert attempt failed with DUP_ENTRY: jobID=1045; paramsHash=9c941537d601a20d983fc9b422a68886 OR particleHash=969e0b47c610c93e4bdcc8b55a89fc21; IntegrityError(1062, u'Duplicate entry \'1045-\\x9C\\x94\\x157\\xD6\\x01\\xA2\\x0D\\x98?\\xC9\\xB4"\\xA6\\x88\\x86\' for key \'job_id\'')
2015-07-18 07:33:51,769 - com.numenta.nupic.swarming.HypersearchWorker(8384) - INFO - <BUILDID=N/A, WORKER=HW, WRKID=53, JOBID=1045> Adding model 4478 to our internal DB because modelInsertAndStart() failed to insert it: paramsHash=9c941537d601a20d983fc9b422a68886, particleHash=3f5fdd4992b0f0a482d1b7a43b11cd4f, particleId='54.10.0'
2015-07-18 07:33:51,784 - com.numenta.nupic.database.ClientJobsDAO.ClientJobsDAO(8384) - INFO - <BUILDID=N/A, WORKER=HW, WRKID=53, JOBID=1045> Model insert attempt failed with DUP_ENTRY: jobID=1045; paramsHash=9c941537d601a20d983fc9b422a68886 OR particleHash=5d481bf6e0745f4ee21b7486fefc8a4e; IntegrityError(1062, u'Duplicate entry \'1045-\\x9C\\x94\\x157\\xD6\\x01\\xA2\\x0D\\x98?\\xC9\\xB4"\\xA6\\x88\\x86\' for key \'job_id\'')
2015-07-18 07:33:51,812 - com.numenta.nupic.swarming.HypersearchWorker(8384) - INFO - <BUILDID=N/A, WORKER=HW, WRKID=53, JOBID=1045> Adding model 4478 to our internal DB because modelInsertAndStart() failed to insert it: paramsHash=9c941537d601a20d983fc9b422a68886, particleHash=3f5fdd4992b0f0a482d1b7a43b11cd4f, particleId='54.10.0'
2015-07-18 07:33:51,820 - com.numenta.nupic.database.ClientJobsDAO.ClientJobsDAO(8384) - INFO - <BUILDID=N/A, WORKER=HW, WRKID=53, JOBID=1045> Model insert attempt failed with DUP_ENTRY: jobID=1045; paramsHash=9c941537d601a20d983fc9b422a68886 OR particleHash=b9ed5d4a3a6aaf5bc88cb5f571a8dc78; IntegrityError(1062, u'Duplicate entry \'1045-\\x9C\\x94\\x157\\xD6\\x01\\xA2\\x0D\\x98?\\xC9\\xB4"\\xA6\\x88\\x86\' for key \'job_id\'')
2015-07-18 07:33:51,848 - com.numenta.nupic.swarming.HypersearchWorker(8384) - INFO - <BUILDID=N/A, WORKER=HW, WRKID=53, JOBID=1045> Adding model 4478 to our internal DB because modelInsertAndStart() failed to insert it: paramsHash=9c941537d601a20d983fc9b422a68886, particleHash=3f5fdd4992b0f0a482d1b7a43b11cd4f, particleId='54.10.0'
2015-07-18 07:33:51,858 - com.numenta.nupic.database.ClientJobsDAO.ClientJobsDAO(8384) - INFO - <BUILDID=N/A, WORKER=HW, WRKID=53, JOBID=1045> Model insert attempt failed with DUP_ENTRY: jobID=1045; paramsHash=9c941537d601a20d983fc9b422a68886 OR particleHash=9e1a62cc2c291ab73433d7c29e5b6a22; IntegrityError(1062, u'Duplicate entry \'1045-\\x9C\\x94\\x157\\xD6\\x01\\xA2\\x0D\\x98?\\xC9\\xB4"\\xA6\\x88\\x86\' for key \'job_id\'')
2015-07-18 07:33:51,886 - com.numenta.nupic.swarming.HypersearchWorker(8384) - INFO - <BUILDID=N/A, WORKER=HW, WRKID=53, JOBID=1045> Adding model 4478 to our internal DB because modelInsertAndStart() failed to insert it: paramsHash=9c941537d601a20d983fc9b422a68886, particleHash=3f5fdd4992b0f0a482d1b7a43b11cd4f, particleId='54.10.0'
2015-07-18 07:33:52,345 - com.numenta.nupic.swarming.HypersearchWorker(8384) - INFO - <BUILDID=N/A, WORKER=HW, WRKID=53, JOBID=1045> RUNNING MODEL GID=4499, paramsHash=32e4e1a95a56df3e08ff6beccb847bc5, params={'particleState': {'varStates': {'modelParams|clParams|alpha': {'bestResult': None, 'position': 0.050050000000000004, 'bestPosition': 0.050050000000000004, '_position': 0.050050000000000004, 'velocity': 0.01998}, 'modelParams|tpParams|minThreshold': {'bestResult': None, 'position': 11, 'bestPosition': 11, '_position': 10.5, 'velocity': 0.6}, 'modelParams|tpParams|activationThreshold': {'bestResult': None, 'position': 14, 'bestPosition': 14, '_position': 14.0, 'velocity': 0.8}, u'modelParams|sensorParams|encoders|humid:n': {'bestResult': None, 'position': 272, 'bestPosition': 272, '_position': 271.5, 'velocity': 99.8}, 'modelParams|tpParams|pamLength': {'bestResult': None, 'position': 3, 'bestPosition': 3, '_position': 3.0, 'velocity': 0.8}, 'modelParams|sensorParams|encoders|_classifierInput|n': {'bestResult': None, 'position': 275, 'bestPosition': 275, '_position': 274.5, 'velocity': 98.6}, 'modelParams|spParams|synPermInactiveDec': {'bestResult': None, 'position': 0.05015, 'bestPosition': 0.05015, '_position': 0.05015, 'velocity': 0.019940000000000003}}, 'genIdx': 0, 'swarmId': u'modelParams|sensorParams|encoders|humid', 'id': '53.20'}, 'structuredParams': {'aggregationInfo': {'seconds': 0, 'fields': [], 'months': 0, 'days': 0, 'years': 0, 'hours': 0, 'microseconds': 0, 'weeks': 0, 'minutes': 0, 'milliseconds': 0}, 'modelParams': {'sensorParams': {'encoders': {'_classifierInput': {'maxval': 35.0, 'classifierOnly': True, 'minval': 10.0, 'clipInput': True, 'n': 275, 'fieldname': 'euse', 'w': 21, 'type': 'ScalarEncoder'}, u'humid': {'maxval': 100.0, 'name': 'humid', 'clipInput': True, 'minval': 0.0, 'n': 272, 'fieldname': 'humid', 'w': 21, 'type': 'ScalarEncoder'}, u'is_daylight': None, u'temp': None, u'sec_since_rise': None, u'timestamp_dayOfWeek': None, u'timestamp_timeOfDay': None, u'euse': None, u'buildup': None, u'wind': None, u'timestamp_weekend': None}}, 'spParams': {'synPermInactiveDec': 0.05015}, 'tpParams': {'minThreshold': 11, 'activationThreshold': 14, 'pamLength': 3}, 'clParams': {'alpha': 0.050050000000000004}}}}
2015-07-18 07:33:52,376 - com.numenta.nupic.hypersearch.utils(8384) - INFO - <BUILDID=N/A, WORKER=HW, WRKID=53, JOBID=1045> Using experiment directory: /tmp/tmpEczEF_
