2014-12-27 10:11:14,142 - com.numenta.nupic.swarming.HypersearchWorker(7137) - INFO - <BUILDID=N/A, WORKER=HS, WRKID=N/A, JOBID=N/A> Launched with command line arguments: ['--jobID=1010']
2014-12-27 10:11:14,143 - com.numenta.nupic.swarming.HypersearchWorker(7137) - INFO - <BUILDID=N/A, WORKER=HS, WRKID=N/A, JOBID=N/A> Connecting to the jobs database
2014-12-27 10:11:14,143 - com.numenta.nupic.database.Connection.ConnectionFactory(7137) - INFO - <BUILDID=N/A, WORKER=HS, WRKID=N/A, JOBID=N/A> Creating db connection policy via provider <bound method type._createDefaultPolicy of <class 'nupic.database.Connection.ConnectionFactory'>>
2014-12-27 10:11:14,146 - com.numenta.nupic.database.Connection.PooledConnectionPolicy(7137) - INFO - <BUILDID=N/A, WORKER=HS, WRKID=N/A, JOBID=N/A> Created PooledConnectionPolicy
2014-12-27 10:11:14,154 - com.numenta.nupic.database.ClientJobsDAO.ClientJobsDAO(7137) - INFO - <BUILDID=N/A, WORKER=HS, WRKID=N/A, JOBID=N/A> clientJobsConnectionID=85
2014-12-27 10:11:14,158 - com.numenta.nupic.swarming.HypersearchWorker(7137) - INFO - <BUILDID=N/A, WORKER=HW, WRKID=85, JOBID=1010> Job info retrieved: {'engModelMilestones': 'None', 'clientInfo': '', 'numFailedWorkers': '0', 'engJobType': 'hypersearch', 'results': 'None', 'jobId': '1010', 'completionMsg': 'None', 'cancel': '0', 'engWorkerState': 'None', 'workerCompletionMsg': 'None', 'jobHash': "\xbeH8A\x8d\xf3\x11\xe4\x9c\x1f\x08\x00'\x16\xdf\xd4", 'genBaseDescription': 'None', 'completionReason': 'None', 'priority': '0', 'cmdLine': '$HYPERSEARCH', 'params': '{"hsVersion": "v2", "maxModels": null, "persistentJobGUID": "be4...', 'workerCompletionReason': 'success', 'engAllocateNewWorkers': '1', 'lastFailedWorkerErrorMsg': 'None', 'engUntendedDeadWorkers': '0', 'engLastUpdateTime': '2014-12-27 18:11:13', 'status': 'notStarted', 'engStatus': 'None', 'startTime': 'None', 'minimumWorkers': '1', 'endTime': 'None', 'engCjmConnId': 'None', 'genPermutations': 'None', 'client': 'GRP', 'engCleaningStatus': 'notdone', 'clientKey': '', 'maximumWorkers': '4'}
2014-12-27 10:11:14,159 - com.numenta.nupic.swarming.HypersearchV2.HypersearchV2(7137) - INFO - <BUILDID=N/A, WORKER=HW, WRKID=85, JOBID=1010> searchParams: 
{u'description': {u'includedFields': [{u'fieldName': 'timestamp',
                                       u'fieldType': 'datetime'},
                                      {u'fieldName': 'kw_energy_consumption',
                                       u'fieldType': 'float',
                                       u'maxValue': '5.18',
                                       u'minValue': '0.0'}],
                  u'inferenceArgs': {u'predictedField': 'kw_energy_consumption',
                                     u'predictionSteps': ['1']},
                  u'inferenceType': 'TemporalMultiStep',
                  u'iterationCount': '-1',
                  u'streamDef': {u'info': 'kw_energy_consumption',
                                 u'streams': [{u'columns': ['*'],
                                               u'info': 'San Diego',
                                               u'source': 'file://sandiego.csv'}],
                                 u'version': '1'},
                  u'swarmSize': 'small'},
 u'hsVersion': 'v2',
 u'maxModels': 'None',
 u'persistentJobGUID': 'be483840-8df3-11e4-9c1f-08002716dfd4',
 u'useTerminators': 'False'}
2014-12-27 10:11:14,320 - com.numenta.nupic.swarming.HypersearchV2.HypersearchV2(7137) - INFO - <BUILDID=N/A, WORKER=HW, WRKID=85, JOBID=1010> Active swarms changed to [u'modelParams|sensorParams|encoders|kw_energy_consumption'] (from None)
2014-12-27 10:11:14,447 - com.numenta.nupic.swarming.HypersearchWorker(7137) - INFO - <BUILDID=N/A, WORKER=HW, WRKID=85, JOBID=1010> RUNNING MODEL GID=1542, paramsHash=b83e94a3acb214f3fdd3aee92e9fbdb5, params={'particleState': {'varStates': {'modelParams|clParams|alpha': {'bestResult': None, 'position': 0.050050000000000004, 'bestPosition': 0.050050000000000004, '_position': 0.050050000000000004, 'velocity': 0.01998}, 'modelParams|tpParams|minThreshold': {'bestResult': None, 'position': 11, 'bestPosition': 11, '_position': 10.5, 'velocity': 0.6}, 'modelParams|tpParams|activationThreshold': {'bestResult': None, 'position': 14, 'bestPosition': 14, '_position': 14.0, 'velocity': 0.8}, 'modelParams|tpParams|pamLength': {'bestResult': None, 'position': 3, 'bestPosition': 3, '_position': 3.0, 'velocity': 0.8}, u'modelParams|sensorParams|encoders|kw_energy_consumption:n': {'bestResult': None, 'position': 272, 'bestPosition': 272, '_position': 271.5, 'velocity': 99.8}, 'modelParams|sensorParams|encoders|_classifierInput|n': {'bestResult': None, 'position': 275, 'bestPosition': 275, '_position': 274.5, 'velocity': 98.6}, 'modelParams|spParams|synPermInactiveDec': {'bestResult': None, 'position': 0.05015, 'bestPosition': 0.05015, '_position': 0.05015, 'velocity': 0.019940000000000003}}, 'genIdx': 0, 'swarmId': u'modelParams|sensorParams|encoders|kw_energy_consumption', 'id': '85.0'}, 'structuredParams': {'aggregationInfo': {'seconds': 0, 'fields': [], 'months': 0, 'days': 0, 'years': 0, 'hours': 0, 'microseconds': 0, 'weeks': 0, 'minutes': 0, 'milliseconds': 0}, 'modelParams': {'sensorParams': {'encoders': {'_classifierInput': {'maxval': 5.18, 'classifierOnly': True, 'minval': 0.0, 'clipInput': True, 'n': 275, 'fieldname': 'kw_energy_consumption', 'w': 21, 'type': 'ScalarEncoder'}, u'timestamp_timeOfDay': None, u'timestamp_dayOfWeek': None, u'kw_energy_consumption': {'maxval': 5.18, 'name': 'kw_energy_consumption', 'clipInput': True, 'minval': 0.0, 'n': 272, 'fieldname': 'kw_energy_consumption', 'w': 21, 'type': 'ScalarEncoder'}, u'timestamp_weekend': None}}, 'spParams': {'synPermInactiveDec': 0.05015}, 'tpParams': {'minThreshold': 11, 'activationThreshold': 14, 'pamLength': 3}, 'clParams': {'alpha': 0.050050000000000004}}}}
2014-12-27 10:11:14,452 - com.numenta.nupic.hypersearch.utils(7137) - INFO - <BUILDID=N/A, WORKER=HW, WRKID=85, JOBID=1010> Using experiment directory: /tmp/tmpKDthR_
2014-12-27 10:11:14,541 - com.numenta.nupic.hypersearch.utils(7137) - ERROR - <BUILDID=N/A, WORKER=HW, WRKID=85, JOBID=1010> Exception occurred while running model 1542: Exception(u'Invalid file format for "/home/pat/workspace/nupic/examples/opf/clients/hotgym/prediction/sandiego/sandiego.csv" - field type ""2011-02-01 01:00:00"" not one of (\'string\', \'datetime\', \'int\', \'float\', \'bool\', \'sdr\') ',) (<type 'exceptions.Exception'>)
Traceback (most recent call last):
  File "/home/pat/workspace/nupic/nupic/swarming/utils.py", line 430, in runModelGivenBaseAndParams
    (completionReason, completionMsg) = runner.run()
  File "/home/pat/workspace/nupic/nupic/swarming/ModelRunner.py", line 237, in run
    maxTimeout=readTimeout)
  File "/home/pat/workspace/nupic/nupic/data/stream_reader.py", line 210, in __init__
    self._openStream(dataUrl, isBlocking, maxTimeout, bookmark, firstRecordIdx)
  File "/home/pat/workspace/nupic/nupic/data/stream_reader.py", line 298, in _openStream
    firstRecord=firstRecordIdx)
  File "/home/pat/workspace/nupic/nupic/data/file_record_stream.py", line 209, in __init__
    'not one of %s ' % (self._filename, t, allowedTypes))
Exception: Invalid file format for "/home/pat/workspace/nupic/examples/opf/clients/hotgym/prediction/sandiego/sandiego.csv" - field type ""2011-02-01 01:00:00"" not one of ('string', 'datetime', 'int', 'float', 'bool', 'sdr') 

2014-12-27 10:11:14,552 - com.numenta.nupic.swarming.HypersearchWorker(7137) - INFO - <BUILDID=N/A, WORKER=HW, WRKID=85, JOBID=1010> COMPLETED MODEL GID=1542; EVALUATED 1 MODELs
2014-12-27 10:11:14,629 - com.numenta.nupic.swarming.HypersearchWorker(7137) - INFO - <BUILDID=N/A, WORKER=HW, WRKID=85, JOBID=1010> RUNNING MODEL GID=1555, paramsHash=0ef29c702faac17f2e7a49e1a9a11f3a, params={'particleState': {'varStates': {'modelParams|clParams|alpha': {'bestResult': None, 'position': 0.0001, 'bestPosition': 0.0001, '_position': 0.0001, 'velocity': -0.01998}, 'modelParams|tpParams|minThreshold': {'bestResult': None, 'position': 9, 'bestPosition': 9, '_position': 9.0, 'velocity': 0.6}, 'modelParams|tpParams|activationThreshold': {'bestResult': None, 'position': 12, 'bestPosition': 12, '_position': 12.0, 'velocity': -0.8}, 'modelParams|tpParams|pamLength': {'bestResult': None, 'position': 1, 'bestPosition': 1, '_position': 1.0, 'velocity': -0.8}, u'modelParams|sensorParams|encoders|kw_energy_consumption:n': {'bestResult': None, 'position': 22, 'bestPosition': 22, '_position': 22.0, 'velocity': -99.8}, 'modelParams|sensorParams|encoders|_classifierInput|n': {'bestResult': None, 'position': 28, 'bestPosition': 28, '_position': 28.0, 'velocity': 98.6}, 'modelParams|spParams|synPermInactiveDec': {'bestResult': None, 'position': 0.10000000000000001, 'bestPosition': 0.10000000000000001, '_position': 0.10000000000000001, 'velocity': -0.019940000000000003}}, 'genIdx': 0, 'swarmId': u'modelParams|sensorParams|encoders|kw_energy_consumption', 'id': '85.10'}, 'structuredParams': {'aggregationInfo': {'seconds': 0, 'fields': [], 'months': 0, 'days': 0, 'years': 0, 'hours': 0, 'microseconds': 0, 'weeks': 0, 'minutes': 0, 'milliseconds': 0}, 'modelParams': {'sensorParams': {'encoders': {'_classifierInput': {'maxval': 5.18, 'classifierOnly': True, 'minval': 0.0, 'clipInput': True, 'n': 28, 'fieldname': 'kw_energy_consumption', 'w': 21, 'type': 'ScalarEncoder'}, u'timestamp_timeOfDay': None, u'timestamp_dayOfWeek': None, u'kw_energy_consumption': {'maxval': 5.18, 'name': 'kw_energy_consumption', 'clipInput': True, 'minval': 0.0, 'n': 22, 'fieldname': 'kw_energy_consumption', 'w': 21, 'type': 'ScalarEncoder'}, u'timestamp_weekend': None}}, 'spParams': {'synPermInactiveDec': 0.10000000000000001}, 'tpParams': {'minThreshold': 9, 'activationThreshold': 12, 'pamLength': 1}, 'clParams': {'alpha': 0.0001}}}}
2014-12-27 10:11:14,631 - com.numenta.nupic.hypersearch.utils(7137) - INFO - <BUILDID=N/A, WORKER=HW, WRKID=85, JOBID=1010> Using experiment directory: /tmp/tmp_NRDeb
2014-12-27 10:11:14,643 - com.numenta.nupic.hypersearch.utils(7137) - ERROR - <BUILDID=N/A, WORKER=HW, WRKID=85, JOBID=1010> Exception occurred while running model 1555: Exception(u'Invalid file format for "/home/pat/workspace/nupic/examples/opf/clients/hotgym/prediction/sandiego/sandiego.csv" - field type ""2011-02-01 01:00:00"" not one of (\'string\', \'datetime\', \'int\', \'float\', \'bool\', \'sdr\') ',) (<type 'exceptions.Exception'>)
Traceback (most recent call last):
  File "/home/pat/workspace/nupic/nupic/swarming/utils.py", line 430, in runModelGivenBaseAndParams
    (completionReason, completionMsg) = runner.run()
  File "/home/pat/workspace/nupic/nupic/swarming/ModelRunner.py", line 237, in run
    maxTimeout=readTimeout)
  File "/home/pat/workspace/nupic/nupic/data/stream_reader.py", line 210, in __init__
    self._openStream(dataUrl, isBlocking, maxTimeout, bookmark, firstRecordIdx)
  File "/home/pat/workspace/nupic/nupic/data/stream_reader.py", line 298, in _openStream
    firstRecord=firstRecordIdx)
  File "/home/pat/workspace/nupic/nupic/data/file_record_stream.py", line 209, in __init__
    'not one of %s ' % (self._filename, t, allowedTypes))
Exception: Invalid file format for "/home/pat/workspace/nupic/examples/opf/clients/hotgym/prediction/sandiego/sandiego.csv" - field type ""2011-02-01 01:00:00"" not one of ('string', 'datetime', 'int', 'float', 'bool', 'sdr') 

2014-12-27 10:11:14,652 - com.numenta.nupic.swarming.HypersearchWorker(7137) - INFO - <BUILDID=N/A, WORKER=HW, WRKID=85, JOBID=1010> COMPLETED MODEL GID=1555; EVALUATED 2 MODELs
2014-12-27 10:11:14,705 - com.numenta.nupic.swarming.HypersearchWorker(7137) - INFO - <BUILDID=N/A, WORKER=HW, WRKID=85, JOBID=1010> RUNNING MODEL GID=1564, paramsHash=19aec87b133d141c1453d8d3cfcea9d8, params={'particleState': {'varStates': {'modelParams|clParams|alpha': {'bestResult': None, 'position': 0.10000000000000001, 'bestPosition': 0.10000000000000001, '_position': 0.10000000000000001, 'velocity': -0.01998}, 'modelParams|tpParams|minThreshold': {'bestResult': None, 'position': 12, 'bestPosition': 12, '_position': 12.0, 'velocity': 0.6}, 'modelParams|tpParams|activationThreshold': {'bestResult': None, 'position': 16, 'bestPosition': 16, '_position': 16.0, 'velocity': -0.8}, 'modelParams|tpParams|pamLength': {'bestResult': None, 'position': 5, 'bestPosition': 5, '_position': 5.0, 'velocity': -0.8}, u'modelParams|sensorParams|encoders|kw_energy_consumption:n': {'bestResult': None, 'position': 521, 'bestPosition': 521, '_position': 521.0, 'velocity': 99.8}, 'modelParams|sensorParams|encoders|_classifierInput|n': {'bestResult': None, 'position': 521, 'bestPosition': 521, '_position': 521.0, 'velocity': 98.6}, 'modelParams|spParams|synPermInactiveDec': {'bestResult': None, 'position': 0.00029999999999999997, 'bestPosition': 0.00029999999999999997, '_position': 0.00029999999999999997, 'velocity': 0.019940000000000003}}, 'genIdx': 0, 'swarmId': u'modelParams|sensorParams|encoders|kw_energy_consumption', 'id': '85.20'}, 'structuredParams': {'aggregationInfo': {'seconds': 0, 'fields': [], 'months': 0, 'days': 0, 'years': 0, 'hours': 0, 'microseconds': 0, 'weeks': 0, 'minutes': 0, 'milliseconds': 0}, 'modelParams': {'sensorParams': {'encoders': {'_classifierInput': {'maxval': 5.18, 'classifierOnly': True, 'minval': 0.0, 'clipInput': True, 'n': 521, 'fieldname': 'kw_energy_consumption', 'w': 21, 'type': 'ScalarEncoder'}, u'timestamp_timeOfDay': None, u'timestamp_dayOfWeek': None, u'kw_energy_consumption': {'maxval': 5.18, 'name': 'kw_energy_consumption', 'clipInput': True, 'minval': 0.0, 'n': 521, 'fieldname': 'kw_energy_consumption', 'w': 21, 'type': 'ScalarEncoder'}, u'timestamp_weekend': None}}, 'spParams': {'synPermInactiveDec': 0.00029999999999999997}, 'tpParams': {'minThreshold': 12, 'activationThreshold': 16, 'pamLength': 5}, 'clParams': {'alpha': 0.10000000000000001}}}}
2014-12-27 10:11:14,706 - com.numenta.nupic.hypersearch.utils(7137) - INFO - <BUILDID=N/A, WORKER=HW, WRKID=85, JOBID=1010> Using experiment directory: /tmp/tmpbBtIyA
2014-12-27 10:11:14,712 - com.numenta.nupic.hypersearch.utils(7137) - ERROR - <BUILDID=N/A, WORKER=HW, WRKID=85, JOBID=1010> Exception occurred while running model 1564: Exception(u'Invalid file format for "/home/pat/workspace/nupic/examples/opf/clients/hotgym/prediction/sandiego/sandiego.csv" - field type ""2011-02-01 01:00:00"" not one of (\'string\', \'datetime\', \'int\', \'float\', \'bool\', \'sdr\') ',) (<type 'exceptions.Exception'>)
Traceback (most recent call last):
  File "/home/pat/workspace/nupic/nupic/swarming/utils.py", line 430, in runModelGivenBaseAndParams
    (completionReason, completionMsg) = runner.run()
  File "/home/pat/workspace/nupic/nupic/swarming/ModelRunner.py", line 237, in run
    maxTimeout=readTimeout)
  File "/home/pat/workspace/nupic/nupic/data/stream_reader.py", line 210, in __init__
    self._openStream(dataUrl, isBlocking, maxTimeout, bookmark, firstRecordIdx)
  File "/home/pat/workspace/nupic/nupic/data/stream_reader.py", line 298, in _openStream
    firstRecord=firstRecordIdx)
  File "/home/pat/workspace/nupic/nupic/data/file_record_stream.py", line 209, in __init__
    'not one of %s ' % (self._filename, t, allowedTypes))
Exception: Invalid file format for "/home/pat/workspace/nupic/examples/opf/clients/hotgym/prediction/sandiego/sandiego.csv" - field type ""2011-02-01 01:00:00"" not one of ('string', 'datetime', 'int', 'float', 'bool', 'sdr') 

2014-12-27 10:11:14,716 - com.numenta.nupic.swarming.HypersearchWorker(7137) - INFO - <BUILDID=N/A, WORKER=HW, WRKID=85, JOBID=1010> COMPLETED MODEL GID=1564; EVALUATED 3 MODELs
2014-12-27 10:11:14,721 - com.numenta.nupic.swarming.HypersearchV2.HypersearchV2(7137) - INFO - <BUILDID=N/A, WORKER=HW, WRKID=85, JOBID=1010> Completed generation #0 of swarm 'modelParams|sensorParams|encoders|kw_energy_consumption' with a best errScore of inf
2014-12-27 10:11:14,766 - com.numenta.nupic.swarming.HypersearchWorker(7137) - INFO - <BUILDID=N/A, WORKER=HW, WRKID=85, JOBID=1010> RUNNING MODEL GID=1572, paramsHash=82447107c1d57318b4b297c7580b4921, params={'particleState': {'varStates': {'modelParams|clParams|alpha': {'bestResult': None, 'position': 0.055045000000000004, 'bestPosition': 0.050050000000000004, '_position': 0.055045000000000004, 'velocity': 0.004995}, 'modelParams|tpParams|minThreshold': {'bestResult': None, 'position': 11, 'bestPosition': 11, '_position': 10.65, 'velocity': 0.15}, 'modelParams|tpParams|activationThreshold': {'bestResult': None, 'position': 14, 'bestPosition': 14, '_position': 14.2, 'velocity': 0.2}, 'modelParams|tpParams|pamLength': {'bestResult': None, 'position': 3, 'bestPosition': 3, '_position': 3.2, 'velocity': 0.2}, u'modelParams|sensorParams|encoders|kw_energy_consumption:n': {'bestResult': None, 'position': 296, 'bestPosition': 272, '_position': 296.45, 'velocity': 24.95}, 'modelParams|sensorParams|encoders|_classifierInput|n': {'bestResult': None, 'position': 299, 'bestPosition': 275, '_position': 299.15, 'velocity': 24.65}, 'modelParams|spParams|synPermInactiveDec': {'bestResult': None, 'position': 0.055135, 'bestPosition': 0.05015, '_position': 0.055135, 'velocity': 0.004985000000000001}}, 'genIdx': 1, 'swarmId': u'modelParams|sensorParams|encoders|kw_energy_consumption', 'id': '85.0'}, 'structuredParams': {'aggregationInfo': {'seconds': 0, 'fields': [], 'months': 0, 'days': 0, 'years': 0, 'hours': 0, 'microseconds': 0, 'weeks': 0, 'minutes': 0, 'milliseconds': 0}, 'modelParams': {'sensorParams': {'encoders': {'_classifierInput': {'maxval': 5.18, 'classifierOnly': True, 'minval': 0.0, 'clipInput': True, 'n': 299, 'fieldname': 'kw_energy_consumption', 'w': 21, 'type': 'ScalarEncoder'}, u'timestamp_timeOfDay': None, u'timestamp_dayOfWeek': None, u'kw_energy_consumption': {'maxval': 5.18, 'name': 'kw_energy_consumption', 'clipInput': True, 'minval': 0.0, 'n': 296, 'fieldname': 'kw_energy_consumption', 'w': 21, 'type': 'ScalarEncoder'}, u'timestamp_weekend': None}}, 'spParams': {'synPermInactiveDec': 0.055135}, 'tpParams': {'minThreshold': 11, 'activationThreshold': 14, 'pamLength': 3}, 'clParams': {'alpha': 0.055045000000000004}}}}
2014-12-27 10:11:14,766 - com.numenta.nupic.hypersearch.utils(7137) - INFO - <BUILDID=N/A, WORKER=HW, WRKID=85, JOBID=1010> Using experiment directory: /tmp/tmpF_AUH8
2014-12-27 10:11:14,779 - com.numenta.nupic.hypersearch.utils(7137) - ERROR - <BUILDID=N/A, WORKER=HW, WRKID=85, JOBID=1010> Exception occurred while running model 1572: Exception(u'Invalid file format for "/home/pat/workspace/nupic/examples/opf/clients/hotgym/prediction/sandiego/sandiego.csv" - field type ""2011-02-01 01:00:00"" not one of (\'string\', \'datetime\', \'int\', \'float\', \'bool\', \'sdr\') ',) (<type 'exceptions.Exception'>)
Traceback (most recent call last):
  File "/home/pat/workspace/nupic/nupic/swarming/utils.py", line 430, in runModelGivenBaseAndParams
    (completionReason, completionMsg) = runner.run()
  File "/home/pat/workspace/nupic/nupic/swarming/ModelRunner.py", line 237, in run
    maxTimeout=readTimeout)
  File "/home/pat/workspace/nupic/nupic/data/stream_reader.py", line 210, in __init__
    self._openStream(dataUrl, isBlocking, maxTimeout, bookmark, firstRecordIdx)
  File "/home/pat/workspace/nupic/nupic/data/stream_reader.py", line 298, in _openStream
    firstRecord=firstRecordIdx)
  File "/home/pat/workspace/nupic/nupic/data/file_record_stream.py", line 209, in __init__
    'not one of %s ' % (self._filename, t, allowedTypes))
Exception: Invalid file format for "/home/pat/workspace/nupic/examples/opf/clients/hotgym/prediction/sandiego/sandiego.csv" - field type ""2011-02-01 01:00:00"" not one of ('string', 'datetime', 'int', 'float', 'bool', 'sdr') 

2014-12-27 10:11:14,786 - com.numenta.nupic.swarming.HypersearchWorker(7137) - INFO - <BUILDID=N/A, WORKER=HW, WRKID=85, JOBID=1010> COMPLETED MODEL GID=1572; EVALUATED 4 MODELs
2014-12-27 10:11:14,885 - com.numenta.nupic.swarming.HypersearchWorker(7137) - INFO - <BUILDID=N/A, WORKER=HW, WRKID=85, JOBID=1010> RUNNING MODEL GID=1576, paramsHash=54a66e30fe2eacf2eb9f523c28210f24, params={'particleState': {'varStates': {'modelParams|clParams|alpha': {'bestResult': None, 'position': 0.0001, 'bestPosition': 0.0001, '_position': 0.0001, 'velocity': -0.0049950000000000003}, 'modelParams|tpParams|minThreshold': {'bestResult': None, 'position': 9, 'bestPosition': 9, '_position': 9.1500000000000004, 'velocity': 0.15}, 'modelParams|tpParams|activationThreshold': {'bestResult': None, 'position': 12, 'bestPosition': 12, '_position': 12, 'velocity': -0.2}, 'modelParams|tpParams|pamLength': {'bestResult': None, 'position': 1, 'bestPosition': 1, '_position': 1, 'velocity': -0.2}, u'modelParams|sensorParams|encoders|kw_energy_consumption:n': {'bestResult': None, 'position': 22, 'bestPosition': 22, '_position': 22, 'velocity': -24.95}, 'modelParams|sensorParams|encoders|_classifierInput|n': {'bestResult': None, 'position': 53, 'bestPosition': 28, '_position': 52.649999999999999, 'velocity': 24.65}, 'modelParams|spParams|synPermInactiveDec': {'bestResult': None, 'position': 0.095015000000000002, 'bestPosition': 0.10000000000000001, '_position': 0.095015000000000002, 'velocity': -0.0049850000000000007}}, 'genIdx': 1, 'swarmId': u'modelParams|sensorParams|encoders|kw_energy_consumption', 'id': '85.10'}, 'structuredParams': {'aggregationInfo': {'seconds': 0, 'fields': [], 'months': 0, 'days': 0, 'years': 0, 'hours': 0, 'microseconds': 0, 'weeks': 0, 'minutes': 0, 'milliseconds': 0}, 'modelParams': {'sensorParams': {'encoders': {'_classifierInput': {'maxval': 5.18, 'classifierOnly': True, 'minval': 0.0, 'clipInput': True, 'n': 53, 'fieldname': 'kw_energy_consumption', 'w': 21, 'type': 'ScalarEncoder'}, u'timestamp_timeOfDay': None, u'timestamp_dayOfWeek': None, u'kw_energy_consumption': {'maxval': 5.18, 'name': 'kw_energy_consumption', 'clipInput': True, 'minval': 0.0, 'n': 22, 'fieldname': 'kw_energy_consumption', 'w': 21, 'type': 'ScalarEncoder'}, u'timestamp_weekend': None}}, 'spParams': {'synPermInactiveDec': 0.095015000000000002}, 'tpParams': {'minThreshold': 9, 'activationThreshold': 12, 'pamLength': 1}, 'clParams': {'alpha': 0.0001}}}}
2014-12-27 10:11:14,886 - com.numenta.nupic.hypersearch.utils(7137) - INFO - <BUILDID=N/A, WORKER=HW, WRKID=85, JOBID=1010> Using experiment directory: /tmp/tmpB3TCwb
2014-12-27 10:11:14,893 - com.numenta.nupic.hypersearch.utils(7137) - ERROR - <BUILDID=N/A, WORKER=HW, WRKID=85, JOBID=1010> Exception occurred while running model 1576: Exception(u'Invalid file format for "/home/pat/workspace/nupic/examples/opf/clients/hotgym/prediction/sandiego/sandiego.csv" - field type ""2011-02-01 01:00:00"" not one of (\'string\', \'datetime\', \'int\', \'float\', \'bool\', \'sdr\') ',) (<type 'exceptions.Exception'>)
Traceback (most recent call last):
  File "/home/pat/workspace/nupic/nupic/swarming/utils.py", line 430, in runModelGivenBaseAndParams
    (completionReason, completionMsg) = runner.run()
  File "/home/pat/workspace/nupic/nupic/swarming/ModelRunner.py", line 237, in run
    maxTimeout=readTimeout)
  File "/home/pat/workspace/nupic/nupic/data/stream_reader.py", line 210, in __init__
    self._openStream(dataUrl, isBlocking, maxTimeout, bookmark, firstRecordIdx)
  File "/home/pat/workspace/nupic/nupic/data/stream_reader.py", line 298, in _openStream
    firstRecord=firstRecordIdx)
  File "/home/pat/workspace/nupic/nupic/data/file_record_stream.py", line 209, in __init__
    'not one of %s ' % (self._filename, t, allowedTypes))
Exception: Invalid file format for "/home/pat/workspace/nupic/examples/opf/clients/hotgym/prediction/sandiego/sandiego.csv" - field type ""2011-02-01 01:00:00"" not one of ('string', 'datetime', 'int', 'float', 'bool', 'sdr') 

2014-12-27 10:11:14,903 - com.numenta.nupic.swarming.HypersearchWorker(7137) - INFO - <BUILDID=N/A, WORKER=HW, WRKID=85, JOBID=1010> COMPLETED MODEL GID=1576; EVALUATED 5 MODELs
2014-12-27 10:11:15,028 - com.numenta.nupic.swarming.HypersearchWorker(7137) - INFO - <BUILDID=N/A, WORKER=HW, WRKID=85, JOBID=1010> RUNNING MODEL GID=1585, paramsHash=ec01b8fbc31c102265c273f29975305f, params={'particleState': {'varStates': {'modelParams|clParams|alpha': {'bestResult': None, 'position': 0.095005000000000006, 'bestPosition': 0.10000000000000001, '_position': 0.095005000000000006, 'velocity': -0.0049950000000000003}, 'modelParams|tpParams|minThreshold': {'bestResult': None, 'position': 12, 'bestPosition': 12, '_position': 12, 'velocity': 0.15}, 'modelParams|tpParams|activationThreshold': {'bestResult': None, 'position': 16, 'bestPosition': 16, '_position': 15.800000000000001, 'velocity': -0.2}, 'modelParams|tpParams|pamLength': {'bestResult': None, 'position': 5, 'bestPosition': 5, '_position': 4.7999999999999998, 'velocity': -0.2}, u'modelParams|sensorParams|encoders|kw_energy_consumption:n': {'bestResult': None, 'position': 521, 'bestPosition': 521, '_position': 521, 'velocity': 24.95}, 'modelParams|sensorParams|encoders|_classifierInput|n': {'bestResult': None, 'position': 521, 'bestPosition': 521, '_position': 521, 'velocity': 24.65}, 'modelParams|spParams|synPermInactiveDec': {'bestResult': None, 'position': 0.0052850000000000006, 'bestPosition': 0.00029999999999999997, '_position': 0.0052850000000000006, 'velocity': 0.0049850000000000007}}, 'genIdx': 1, 'swarmId': u'modelParams|sensorParams|encoders|kw_energy_consumption', 'id': '85.20'}, 'structuredParams': {'aggregationInfo': {'seconds': 0, 'fields': [], 'months': 0, 'days': 0, 'years': 0, 'hours': 0, 'microseconds': 0, 'weeks': 0, 'minutes': 0, 'milliseconds': 0}, 'modelParams': {'sensorParams': {'encoders': {'_classifierInput': {'maxval': 5.18, 'classifierOnly': True, 'minval': 0.0, 'clipInput': True, 'n': 521, 'fieldname': 'kw_energy_consumption', 'w': 21, 'type': 'ScalarEncoder'}, u'timestamp_timeOfDay': None, u'timestamp_dayOfWeek': None, u'kw_energy_consumption': {'maxval': 5.18, 'name': 'kw_energy_consumption', 'clipInput': True, 'minval': 0.0, 'n': 521, 'fieldname': 'kw_energy_consumption', 'w': 21, 'type': 'ScalarEncoder'}, u'timestamp_weekend': None}}, 'spParams': {'synPermInactiveDec': 0.0052850000000000006}, 'tpParams': {'minThreshold': 12, 'activationThreshold': 16, 'pamLength': 5}, 'clParams': {'alpha': 0.095005000000000006}}}}
2014-12-27 10:11:15,029 - com.numenta.nupic.hypersearch.utils(7137) - INFO - <BUILDID=N/A, WORKER=HW, WRKID=85, JOBID=1010> Using experiment directory: /tmp/tmpxXQEU8
2014-12-27 10:11:15,038 - com.numenta.nupic.hypersearch.utils(7137) - ERROR - <BUILDID=N/A, WORKER=HW, WRKID=85, JOBID=1010> Exception occurred while running model 1585: Exception(u'Invalid file format for "/home/pat/workspace/nupic/examples/opf/clients/hotgym/prediction/sandiego/sandiego.csv" - field type ""2011-02-01 01:00:00"" not one of (\'string\', \'datetime\', \'int\', \'float\', \'bool\', \'sdr\') ',) (<type 'exceptions.Exception'>)
Traceback (most recent call last):
  File "/home/pat/workspace/nupic/nupic/swarming/utils.py", line 430, in runModelGivenBaseAndParams
    (completionReason, completionMsg) = runner.run()
  File "/home/pat/workspace/nupic/nupic/swarming/ModelRunner.py", line 237, in run
    maxTimeout=readTimeout)
  File "/home/pat/workspace/nupic/nupic/data/stream_reader.py", line 210, in __init__
    self._openStream(dataUrl, isBlocking, maxTimeout, bookmark, firstRecordIdx)
  File "/home/pat/workspace/nupic/nupic/data/stream_reader.py", line 298, in _openStream
    firstRecord=firstRecordIdx)
  File "/home/pat/workspace/nupic/nupic/data/file_record_stream.py", line 209, in __init__
    'not one of %s ' % (self._filename, t, allowedTypes))
Exception: Invalid file format for "/home/pat/workspace/nupic/examples/opf/clients/hotgym/prediction/sandiego/sandiego.csv" - field type ""2011-02-01 01:00:00"" not one of ('string', 'datetime', 'int', 'float', 'bool', 'sdr') 

2014-12-27 10:11:15,045 - com.numenta.nupic.swarming.HypersearchWorker(7137) - INFO - <BUILDID=N/A, WORKER=HW, WRKID=85, JOBID=1010> COMPLETED MODEL GID=1585; EVALUATED 6 MODELs
2014-12-27 10:11:15,050 - com.numenta.nupic.swarming.HypersearchV2.SwarmTerminator(7137) - INFO - <BUILDID=N/A, WORKER=HW, WRKID=85, JOBID=1010> Swarm modelParams|sensorParams|encoders|kw_energy_consumption has matured (no change in 2 generations).Stopping...
2014-12-27 10:11:15,050 - com.numenta.nupic.swarming.HypersearchV2.HypersearchV2(7137) - INFO - <BUILDID=N/A, WORKER=HW, WRKID=85, JOBID=1010> Completed generation #1 of swarm 'modelParams|sensorParams|encoders|kw_energy_consumption' with a best errScore of inf. Matured swarm(s): [u'modelParams|sensorParams|encoders|kw_energy_consumption']
2014-12-27 10:11:15,054 - com.numenta.nupic.swarming.HypersearchV2.HypersearchV2(7137) - INFO - <BUILDID=N/A, WORKER=HW, WRKID=85, JOBID=1010> Swarm matured: modelParams|sensorParams|encoders|kw_energy_consumption. Score at generation 1: inf
2014-12-27 10:11:15,057 - com.numenta.nupic.swarming.HypersearchV2.HypersearchV2(7137) - INFO - <BUILDID=N/A, WORKER=HW, WRKID=85, JOBID=1010> New hsState has been set by some other worker to:  
{   u'activeSwarms': [],
    u'blackListedEncoders': [],
    u'lastGoodSprint': -1,
    u'lastUpdateTime': 1419703875.05427,
    u'searchOver': True,
    u'sprints': [   {   u'bestErrScore': inf,
                        u'bestModelId': None,
                        u'status': u'completed'}],
    u'swarms': {   u'modelParams|sensorParams|encoders|kw_energy_consumption': {   u'bestErrScore': inf,
                                                                                   u'bestModelId': None,
                                                                                   u'sprintIdx': 0,
                                                                                   u'status': u'completed'}}}
2014-12-27 10:11:15,058 - com.numenta.nupic.swarming.HypersearchV2.HypersearchV2(7137) - INFO - <BUILDID=N/A, WORKER=HW, WRKID=85, JOBID=1010> Active swarms changed to [] (from [u'modelParams|sensorParams|encoders|kw_energy_consumption'])
2014-12-27 10:11:15,058 - com.numenta.nupic.swarming.HypersearchV2.HypersearchV2(7137) - ERROR - <BUILDID=N/A, WORKER=HW, WRKID=85, JOBID=1010> E10002: Exiting due to receiving too many models failing from exceptions (6 out of 6). 
Model Exception: Exception occurred while running model 1572: Exception(u'Invalid file format for "/home/pat/workspace/nupic/examples/opf/clients/hotgym/prediction/sandiego/sandiego.csv" - field type ""2011-02-01 01:00:00"" not one of (\'string\', \'datetime\', \'int\', \'float\', \'bool\', \'sdr\') ',) (<type 'exceptions.Exception'>)
Traceback (most recent call last):
  File "/home/pat/workspace/nupic/nupic/swarming/utils.py", line 430, in runModelGivenBaseAndParams
    (completionReason, completionMsg) = runner.run()
  File "/home/pat/workspace/nupic/nupic/swarming/ModelRunner.py", line 237, in run
    maxTimeout=readTimeout)
  File "/home/pat/workspace/nupic/nupic/data/stream_reader.py", line 210, in __init__
    self._openStream(dataUrl, isBlocking, maxTimeout, bookmark, firstRecordIdx)
  File "/home/pat/workspace/nupic/nupic/data/stream_reader.py", line 298, in _openStream
    firstRecord=firstRecordIdx)
  File "/home/pat/workspace/nupic/nupic/data/file_record_stream.py", line 209, in __init__
    'not one of %s ' % (self._filename, t, allowedTypes))
Exception: Invalid file format for "/home/pat/workspace/nupic/examples/opf/clients/hotgym/prediction/sandiego/sandiego.csv" - field type ""2011-02-01 01:00:00"" not one of ('string', 'datetime', 'int', 'float', 'bool', 'sdr') 

2014-12-27 10:11:15,065 - com.numenta.nupic.swarming.HypersearchV2.HypersearchV2(7137) - INFO - <BUILDID=N/A, WORKER=HW, WRKID=85, JOBID=1010> Successfully updated the field contributions:{u'kw_energy_consumption': nan}
2014-12-27 10:11:15,065 - com.numenta.nupic.swarming.HypersearchWorker(7137) - INFO - <BUILDID=N/A, WORKER=HW, WRKID=85, JOBID=1010> FINISHED. Evaluated 6 models.
