2014-12-27 10:01:53,394 - com.numenta.nupic.swarming.HypersearchWorker(7080) - INFO - <BUILDID=N/A, WORKER=HS, WRKID=N/A, JOBID=N/A> Launched with command line arguments: ['--jobID=1008']
2014-12-27 10:01:53,394 - com.numenta.nupic.swarming.HypersearchWorker(7080) - INFO - <BUILDID=N/A, WORKER=HS, WRKID=N/A, JOBID=N/A> Connecting to the jobs database
2014-12-27 10:01:53,394 - com.numenta.nupic.database.Connection.ConnectionFactory(7080) - INFO - <BUILDID=N/A, WORKER=HS, WRKID=N/A, JOBID=N/A> Creating db connection policy via provider <bound method type._createDefaultPolicy of <class 'nupic.database.Connection.ConnectionFactory'>>
2014-12-27 10:01:53,397 - com.numenta.nupic.database.Connection.PooledConnectionPolicy(7080) - INFO - <BUILDID=N/A, WORKER=HS, WRKID=N/A, JOBID=N/A> Created PooledConnectionPolicy
2014-12-27 10:01:53,405 - com.numenta.nupic.database.ClientJobsDAO.ClientJobsDAO(7080) - INFO - <BUILDID=N/A, WORKER=HS, WRKID=N/A, JOBID=N/A> clientJobsConnectionID=75
2014-12-27 10:01:53,410 - com.numenta.nupic.swarming.HypersearchWorker(7080) - INFO - <BUILDID=N/A, WORKER=HW, WRKID=75, JOBID=1008> Job info retrieved: {'engModelMilestones': 'None', 'clientInfo': '', 'numFailedWorkers': '0', 'engJobType': 'hypersearch', 'results': 'None', 'jobId': '1008', 'completionMsg': 'None', 'cancel': '0', 'engWorkerState': 'None', 'workerCompletionMsg': 'None', 'jobHash': "o\xfaM\xab\x8d\xf2\x11\xe4\x9c\x1f\x08\x00'\x16\xdf\xd4", 'genBaseDescription': 'None', 'completionReason': 'None', 'priority': '0', 'cmdLine': '$HYPERSEARCH', 'params': '{"hsVersion": "v2", "maxModels": null, "persistentJobGUID": "6ff...', 'workerCompletionReason': 'success', 'engAllocateNewWorkers': '1', 'lastFailedWorkerErrorMsg': 'None', 'engUntendedDeadWorkers': '0', 'engLastUpdateTime': '2014-12-27 18:01:52', 'status': 'notStarted', 'engStatus': 'None', 'startTime': 'None', 'minimumWorkers': '1', 'endTime': 'None', 'engCjmConnId': 'None', 'genPermutations': 'None', 'client': 'GRP', 'engCleaningStatus': 'notdone', 'clientKey': '', 'maximumWorkers': '4'}
2014-12-27 10:01:53,412 - com.numenta.nupic.swarming.HypersearchV2.HypersearchV2(7080) - INFO - <BUILDID=N/A, WORKER=HW, WRKID=75, JOBID=1008> searchParams: 
{u'description': {u'includedFields': [{u'fieldName': 'timestamp',
                                       u'fieldType': 'datetime'},
                                      {u'fieldName': 'kw_energy_consumption',
                                       u'fieldType': 'float',
                                       u'maxValue': '5.18',
                                       u'minValue': '0.0'}],
                  u'inferenceArgs': {u'predictedField': 'kw_energy_consumption',
                                     u'predictionSteps': ['1']},
                  u'inferenceType': 'TemporalMultiStep',
                  u'iterationCount': '-1',
                  u'streamDef': {u'info': 'kw_energy_consumption',
                                 u'streams': [{u'columns': ['*'],
                                               u'info': 'San Diego',
                                               u'source': 'file://sandiego.csv'}],
                                 u'version': '1'},
                  u'swarmSize': 'small'},
 u'hsVersion': 'v2',
 u'maxModels': 'None',
 u'persistentJobGUID': '6ffa4daa-8df2-11e4-9c1f-08002716dfd4',
 u'useTerminators': 'False'}
2014-12-27 10:01:53,604 - com.numenta.nupic.swarming.HypersearchV2.HypersearchV2(7080) - INFO - <BUILDID=N/A, WORKER=HW, WRKID=75, JOBID=1008> Active swarms changed to [u'modelParams|sensorParams|encoders|kw_energy_consumption'] (from None)
2014-12-27 10:01:53,716 - com.numenta.nupic.swarming.HypersearchWorker(7080) - INFO - <BUILDID=N/A, WORKER=HW, WRKID=75, JOBID=1008> RUNNING MODEL GID=1420, paramsHash=b83e94a3acb214f3fdd3aee92e9fbdb5, params={'particleState': {'varStates': {'modelParams|clParams|alpha': {'bestResult': None, 'position': 0.050050000000000004, 'bestPosition': 0.050050000000000004, '_position': 0.050050000000000004, 'velocity': 0.01998}, 'modelParams|tpParams|minThreshold': {'bestResult': None, 'position': 11, 'bestPosition': 11, '_position': 10.5, 'velocity': 0.6}, 'modelParams|tpParams|activationThreshold': {'bestResult': None, 'position': 14, 'bestPosition': 14, '_position': 14.0, 'velocity': 0.8}, 'modelParams|tpParams|pamLength': {'bestResult': None, 'position': 3, 'bestPosition': 3, '_position': 3.0, 'velocity': 0.8}, u'modelParams|sensorParams|encoders|kw_energy_consumption:n': {'bestResult': None, 'position': 272, 'bestPosition': 272, '_position': 271.5, 'velocity': 99.8}, 'modelParams|sensorParams|encoders|_classifierInput|n': {'bestResult': None, 'position': 275, 'bestPosition': 275, '_position': 274.5, 'velocity': 98.6}, 'modelParams|spParams|synPermInactiveDec': {'bestResult': None, 'position': 0.05015, 'bestPosition': 0.05015, '_position': 0.05015, 'velocity': 0.019940000000000003}}, 'genIdx': 0, 'swarmId': u'modelParams|sensorParams|encoders|kw_energy_consumption', 'id': '75.0'}, 'structuredParams': {'aggregationInfo': {'seconds': 0, 'fields': [], 'months': 0, 'days': 0, 'years': 0, 'hours': 0, 'microseconds': 0, 'weeks': 0, 'minutes': 0, 'milliseconds': 0}, 'modelParams': {'sensorParams': {'encoders': {'_classifierInput': {'maxval': 5.18, 'classifierOnly': True, 'minval': 0.0, 'clipInput': True, 'n': 275, 'fieldname': 'kw_energy_consumption', 'w': 21, 'type': 'ScalarEncoder'}, u'timestamp_timeOfDay': None, u'timestamp_dayOfWeek': None, u'kw_energy_consumption': {'maxval': 5.18, 'name': 'kw_energy_consumption', 'clipInput': True, 'minval': 0.0, 'n': 272, 'fieldname': 'kw_energy_consumption', 'w': 21, 'type': 'ScalarEncoder'}, u'timestamp_weekend': None}}, 'spParams': {'synPermInactiveDec': 0.05015}, 'tpParams': {'minThreshold': 11, 'activationThreshold': 14, 'pamLength': 3}, 'clParams': {'alpha': 0.050050000000000004}}}}
2014-12-27 10:01:53,727 - com.numenta.nupic.hypersearch.utils(7080) - INFO - <BUILDID=N/A, WORKER=HW, WRKID=75, JOBID=1008> Using experiment directory: /tmp/tmpE4EH_C
2014-12-27 10:01:53,754 - com.numenta.nupic.hypersearch.utils(7080) - ERROR - <BUILDID=N/A, WORKER=HW, WRKID=75, JOBID=1008> Exception occurred while running model 1420: Exception(u'Invalid file format for "/home/pat/workspace/nupic/examples/opf/clients/hotgym/prediction/sandiego/sandiego.csv" - field type ""2011-02-01 01:00:00"" not one of (\'string\', \'datetime\', \'int\', \'float\', \'bool\', \'sdr\') ',) (<type 'exceptions.Exception'>)
Traceback (most recent call last):
  File "/home/pat/workspace/nupic/nupic/swarming/utils.py", line 430, in runModelGivenBaseAndParams
    (completionReason, completionMsg) = runner.run()
  File "/home/pat/workspace/nupic/nupic/swarming/ModelRunner.py", line 237, in run
    maxTimeout=readTimeout)
  File "/home/pat/workspace/nupic/nupic/data/stream_reader.py", line 210, in __init__
    self._openStream(dataUrl, isBlocking, maxTimeout, bookmark, firstRecordIdx)
  File "/home/pat/workspace/nupic/nupic/data/stream_reader.py", line 298, in _openStream
    firstRecord=firstRecordIdx)
  File "/home/pat/workspace/nupic/nupic/data/file_record_stream.py", line 209, in __init__
    'not one of %s ' % (self._filename, t, allowedTypes))
Exception: Invalid file format for "/home/pat/workspace/nupic/examples/opf/clients/hotgym/prediction/sandiego/sandiego.csv" - field type ""2011-02-01 01:00:00"" not one of ('string', 'datetime', 'int', 'float', 'bool', 'sdr') 

2014-12-27 10:01:53,759 - com.numenta.nupic.swarming.HypersearchWorker(7080) - INFO - <BUILDID=N/A, WORKER=HW, WRKID=75, JOBID=1008> COMPLETED MODEL GID=1420; EVALUATED 1 MODELs
2014-12-27 10:01:53,807 - com.numenta.nupic.swarming.HypersearchWorker(7080) - INFO - <BUILDID=N/A, WORKER=HW, WRKID=75, JOBID=1008> RUNNING MODEL GID=1421, paramsHash=0ef29c702faac17f2e7a49e1a9a11f3a, params={'particleState': {'varStates': {'modelParams|clParams|alpha': {'bestResult': None, 'position': 0.0001, 'bestPosition': 0.0001, '_position': 0.0001, 'velocity': -0.01998}, 'modelParams|tpParams|minThreshold': {'bestResult': None, 'position': 9, 'bestPosition': 9, '_position': 9.0, 'velocity': 0.6}, 'modelParams|tpParams|activationThreshold': {'bestResult': None, 'position': 12, 'bestPosition': 12, '_position': 12.0, 'velocity': -0.8}, 'modelParams|tpParams|pamLength': {'bestResult': None, 'position': 1, 'bestPosition': 1, '_position': 1.0, 'velocity': -0.8}, u'modelParams|sensorParams|encoders|kw_energy_consumption:n': {'bestResult': None, 'position': 22, 'bestPosition': 22, '_position': 22.0, 'velocity': -99.8}, 'modelParams|sensorParams|encoders|_classifierInput|n': {'bestResult': None, 'position': 28, 'bestPosition': 28, '_position': 28.0, 'velocity': 98.6}, 'modelParams|spParams|synPermInactiveDec': {'bestResult': None, 'position': 0.10000000000000001, 'bestPosition': 0.10000000000000001, '_position': 0.10000000000000001, 'velocity': -0.019940000000000003}}, 'genIdx': 0, 'swarmId': u'modelParams|sensorParams|encoders|kw_energy_consumption', 'id': '75.10'}, 'structuredParams': {'aggregationInfo': {'seconds': 0, 'fields': [], 'months': 0, 'days': 0, 'years': 0, 'hours': 0, 'microseconds': 0, 'weeks': 0, 'minutes': 0, 'milliseconds': 0}, 'modelParams': {'sensorParams': {'encoders': {'_classifierInput': {'maxval': 5.18, 'classifierOnly': True, 'minval': 0.0, 'clipInput': True, 'n': 28, 'fieldname': 'kw_energy_consumption', 'w': 21, 'type': 'ScalarEncoder'}, u'timestamp_timeOfDay': None, u'timestamp_dayOfWeek': None, u'kw_energy_consumption': {'maxval': 5.18, 'name': 'kw_energy_consumption', 'clipInput': True, 'minval': 0.0, 'n': 22, 'fieldname': 'kw_energy_consumption', 'w': 21, 'type': 'ScalarEncoder'}, u'timestamp_weekend': None}}, 'spParams': {'synPermInactiveDec': 0.10000000000000001}, 'tpParams': {'minThreshold': 9, 'activationThreshold': 12, 'pamLength': 1}, 'clParams': {'alpha': 0.0001}}}}
2014-12-27 10:01:53,807 - com.numenta.nupic.hypersearch.utils(7080) - INFO - <BUILDID=N/A, WORKER=HW, WRKID=75, JOBID=1008> Using experiment directory: /tmp/tmpOwOGX8
2014-12-27 10:01:53,814 - com.numenta.nupic.hypersearch.utils(7080) - ERROR - <BUILDID=N/A, WORKER=HW, WRKID=75, JOBID=1008> Exception occurred while running model 1421: Exception(u'Invalid file format for "/home/pat/workspace/nupic/examples/opf/clients/hotgym/prediction/sandiego/sandiego.csv" - field type ""2011-02-01 01:00:00"" not one of (\'string\', \'datetime\', \'int\', \'float\', \'bool\', \'sdr\') ',) (<type 'exceptions.Exception'>)
Traceback (most recent call last):
  File "/home/pat/workspace/nupic/nupic/swarming/utils.py", line 430, in runModelGivenBaseAndParams
    (completionReason, completionMsg) = runner.run()
  File "/home/pat/workspace/nupic/nupic/swarming/ModelRunner.py", line 237, in run
    maxTimeout=readTimeout)
  File "/home/pat/workspace/nupic/nupic/data/stream_reader.py", line 210, in __init__
    self._openStream(dataUrl, isBlocking, maxTimeout, bookmark, firstRecordIdx)
  File "/home/pat/workspace/nupic/nupic/data/stream_reader.py", line 298, in _openStream
    firstRecord=firstRecordIdx)
  File "/home/pat/workspace/nupic/nupic/data/file_record_stream.py", line 209, in __init__
    'not one of %s ' % (self._filename, t, allowedTypes))
Exception: Invalid file format for "/home/pat/workspace/nupic/examples/opf/clients/hotgym/prediction/sandiego/sandiego.csv" - field type ""2011-02-01 01:00:00"" not one of ('string', 'datetime', 'int', 'float', 'bool', 'sdr') 

2014-12-27 10:01:53,821 - com.numenta.nupic.swarming.HypersearchWorker(7080) - INFO - <BUILDID=N/A, WORKER=HW, WRKID=75, JOBID=1008> COMPLETED MODEL GID=1421; EVALUATED 2 MODELs
2014-12-27 10:01:53,939 - com.numenta.nupic.database.ClientJobsDAO.ClientJobsDAO(7080) - INFO - <BUILDID=N/A, WORKER=HW, WRKID=75, JOBID=1008> Model insert attempt failed with DUP_ENTRY: jobID=1008; paramsHash=19aec87b133d141c1453d8d3cfcea9d8 OR particleHash=db6df7ca87ecb4a69ba2bd3c901fb68c; IntegrityError(1062, u"Duplicate entry '1008-\\x19\\xAE\\xC8{\\x13=\\x14\\x1C\\x14S\\xD8\\xD3\\xCF\\xCE\\xA9\\xD8' for key 'job_id'")
2014-12-27 10:01:53,966 - com.numenta.nupic.swarming.HypersearchWorker(7080) - INFO - <BUILDID=N/A, WORKER=HW, WRKID=75, JOBID=1008> Adding model 1429 to our internal DB because modelInsertAndStart() failed to insert it: paramsHash=19aec87b133d141c1453d8d3cfcea9d8, particleHash=dd8fb4f1c4215f0c3476b225ca0c77e4, particleId='78.0.0'
2014-12-27 10:01:53,973 - com.numenta.nupic.database.ClientJobsDAO.ClientJobsDAO(7080) - INFO - <BUILDID=N/A, WORKER=HW, WRKID=75, JOBID=1008> Model insert attempt failed with DUP_ENTRY: jobID=1008; paramsHash=19aec87b133d141c1453d8d3cfcea9d8 OR particleHash=1fd9e5600ecb0026a50c3d99e00818d8; IntegrityError(1062, u"Duplicate entry '1008-\\x19\\xAE\\xC8{\\x13=\\x14\\x1C\\x14S\\xD8\\xD3\\xCF\\xCE\\xA9\\xD8' for key 'job_id'")
2014-12-27 10:01:53,979 - com.numenta.nupic.swarming.HypersearchWorker(7080) - INFO - <BUILDID=N/A, WORKER=HW, WRKID=75, JOBID=1008> Adding model 1429 to our internal DB because modelInsertAndStart() failed to insert it: paramsHash=19aec87b133d141c1453d8d3cfcea9d8, particleHash=dd8fb4f1c4215f0c3476b225ca0c77e4, particleId='78.0.0'
2014-12-27 10:01:53,982 - com.numenta.nupic.database.ClientJobsDAO.ClientJobsDAO(7080) - INFO - <BUILDID=N/A, WORKER=HW, WRKID=75, JOBID=1008> Model insert attempt failed with DUP_ENTRY: jobID=1008; paramsHash=19aec87b133d141c1453d8d3cfcea9d8 OR particleHash=8794c93b10c642b62b6c911dd0922923; IntegrityError(1062, u"Duplicate entry '1008-\\x19\\xAE\\xC8{\\x13=\\x14\\x1C\\x14S\\xD8\\xD3\\xCF\\xCE\\xA9\\xD8' for key 'job_id'")
2014-12-27 10:01:53,985 - com.numenta.nupic.swarming.HypersearchWorker(7080) - INFO - <BUILDID=N/A, WORKER=HW, WRKID=75, JOBID=1008> Adding model 1429 to our internal DB because modelInsertAndStart() failed to insert it: paramsHash=19aec87b133d141c1453d8d3cfcea9d8, particleHash=dd8fb4f1c4215f0c3476b225ca0c77e4, particleId='78.0.0'
2014-12-27 10:01:53,992 - com.numenta.nupic.database.ClientJobsDAO.ClientJobsDAO(7080) - INFO - <BUILDID=N/A, WORKER=HW, WRKID=75, JOBID=1008> Model insert attempt failed with DUP_ENTRY: jobID=1008; paramsHash=19aec87b133d141c1453d8d3cfcea9d8 OR particleHash=ba12a80b0771fb3b96339504a8e9324a; IntegrityError(1062, u"Duplicate entry '1008-\\x19\\xAE\\xC8{\\x13=\\x14\\x1C\\x14S\\xD8\\xD3\\xCF\\xCE\\xA9\\xD8' for key 'job_id'")
2014-12-27 10:01:53,995 - com.numenta.nupic.swarming.HypersearchWorker(7080) - INFO - <BUILDID=N/A, WORKER=HW, WRKID=75, JOBID=1008> Adding model 1429 to our internal DB because modelInsertAndStart() failed to insert it: paramsHash=19aec87b133d141c1453d8d3cfcea9d8, particleHash=dd8fb4f1c4215f0c3476b225ca0c77e4, particleId='78.0.0'
2014-12-27 10:01:53,998 - com.numenta.nupic.database.ClientJobsDAO.ClientJobsDAO(7080) - INFO - <BUILDID=N/A, WORKER=HW, WRKID=75, JOBID=1008> Model insert attempt failed with DUP_ENTRY: jobID=1008; paramsHash=19aec87b133d141c1453d8d3cfcea9d8 OR particleHash=33e9a63b8df93a1f5462c083ca94d2fe; IntegrityError(1062, u"Duplicate entry '1008-\\x19\\xAE\\xC8{\\x13=\\x14\\x1C\\x14S\\xD8\\xD3\\xCF\\xCE\\xA9\\xD8' for key 'job_id'")
2014-12-27 10:01:54,003 - com.numenta.nupic.swarming.HypersearchWorker(7080) - INFO - <BUILDID=N/A, WORKER=HW, WRKID=75, JOBID=1008> Adding model 1429 to our internal DB because modelInsertAndStart() failed to insert it: paramsHash=19aec87b133d141c1453d8d3cfcea9d8, particleHash=dd8fb4f1c4215f0c3476b225ca0c77e4, particleId='78.0.0'
2014-12-27 10:01:54,010 - com.numenta.nupic.database.ClientJobsDAO.ClientJobsDAO(7080) - INFO - <BUILDID=N/A, WORKER=HW, WRKID=75, JOBID=1008> Model insert attempt failed with DUP_ENTRY: jobID=1008; paramsHash=19aec87b133d141c1453d8d3cfcea9d8 OR particleHash=11db4c94d2a410ff4fb23016bb5a2d85; IntegrityError(1062, u"Duplicate entry '1008-\\x19\\xAE\\xC8{\\x13=\\x14\\x1C\\x14S\\xD8\\xD3\\xCF\\xCE\\xA9\\xD8' for key 'job_id'")
2014-12-27 10:01:54,017 - com.numenta.nupic.swarming.HypersearchWorker(7080) - INFO - <BUILDID=N/A, WORKER=HW, WRKID=75, JOBID=1008> Adding model 1429 to our internal DB because modelInsertAndStart() failed to insert it: paramsHash=19aec87b133d141c1453d8d3cfcea9d8, particleHash=dd8fb4f1c4215f0c3476b225ca0c77e4, particleId='78.0.0'
2014-12-27 10:01:54,022 - com.numenta.nupic.database.ClientJobsDAO.ClientJobsDAO(7080) - INFO - <BUILDID=N/A, WORKER=HW, WRKID=75, JOBID=1008> Model insert attempt failed with DUP_ENTRY: jobID=1008; paramsHash=19aec87b133d141c1453d8d3cfcea9d8 OR particleHash=96a0e67e62ae6ac84c7896e64b5f6936; IntegrityError(1062, u"Duplicate entry '1008-\\x19\\xAE\\xC8{\\x13=\\x14\\x1C\\x14S\\xD8\\xD3\\xCF\\xCE\\xA9\\xD8' for key 'job_id'")
2014-12-27 10:01:54,029 - com.numenta.nupic.swarming.HypersearchWorker(7080) - INFO - <BUILDID=N/A, WORKER=HW, WRKID=75, JOBID=1008> Adding model 1429 to our internal DB because modelInsertAndStart() failed to insert it: paramsHash=19aec87b133d141c1453d8d3cfcea9d8, particleHash=dd8fb4f1c4215f0c3476b225ca0c77e4, particleId='78.0.0'
2014-12-27 10:01:54,033 - com.numenta.nupic.database.ClientJobsDAO.ClientJobsDAO(7080) - INFO - <BUILDID=N/A, WORKER=HW, WRKID=75, JOBID=1008> Model insert attempt failed with DUP_ENTRY: jobID=1008; paramsHash=19aec87b133d141c1453d8d3cfcea9d8 OR particleHash=2414ba2df6ca06b0479e443de8bf400a; IntegrityError(1062, u"Duplicate entry '1008-\\x19\\xAE\\xC8{\\x13=\\x14\\x1C\\x14S\\xD8\\xD3\\xCF\\xCE\\xA9\\xD8' for key 'job_id'")
2014-12-27 10:01:54,042 - com.numenta.nupic.swarming.HypersearchWorker(7080) - INFO - <BUILDID=N/A, WORKER=HW, WRKID=75, JOBID=1008> Adding model 1429 to our internal DB because modelInsertAndStart() failed to insert it: paramsHash=19aec87b133d141c1453d8d3cfcea9d8, particleHash=dd8fb4f1c4215f0c3476b225ca0c77e4, particleId='78.0.0'
2014-12-27 10:01:54,045 - com.numenta.nupic.database.ClientJobsDAO.ClientJobsDAO(7080) - INFO - <BUILDID=N/A, WORKER=HW, WRKID=75, JOBID=1008> Model insert attempt failed with DUP_ENTRY: jobID=1008; paramsHash=19aec87b133d141c1453d8d3cfcea9d8 OR particleHash=59604a37afeb28e87a6926ddf46d395b; IntegrityError(1062, u"Duplicate entry '1008-\\x19\\xAE\\xC8{\\x13=\\x14\\x1C\\x14S\\xD8\\xD3\\xCF\\xCE\\xA9\\xD8' for key 'job_id'")
2014-12-27 10:01:54,052 - com.numenta.nupic.swarming.HypersearchWorker(7080) - INFO - <BUILDID=N/A, WORKER=HW, WRKID=75, JOBID=1008> Adding model 1429 to our internal DB because modelInsertAndStart() failed to insert it: paramsHash=19aec87b133d141c1453d8d3cfcea9d8, particleHash=dd8fb4f1c4215f0c3476b225ca0c77e4, particleId='78.0.0'
2014-12-27 10:01:54,056 - com.numenta.nupic.database.ClientJobsDAO.ClientJobsDAO(7080) - INFO - <BUILDID=N/A, WORKER=HW, WRKID=75, JOBID=1008> Model insert attempt failed with DUP_ENTRY: jobID=1008; paramsHash=19aec87b133d141c1453d8d3cfcea9d8 OR particleHash=5b6d2f9186f5f455d209cbf92717c8bb; IntegrityError(1062, u"Duplicate entry '1008-\\x19\\xAE\\xC8{\\x13=\\x14\\x1C\\x14S\\xD8\\xD3\\xCF\\xCE\\xA9\\xD8' for key 'job_id'")
2014-12-27 10:01:54,063 - com.numenta.nupic.swarming.HypersearchWorker(7080) - INFO - <BUILDID=N/A, WORKER=HW, WRKID=75, JOBID=1008> Adding model 1429 to our internal DB because modelInsertAndStart() failed to insert it: paramsHash=19aec87b133d141c1453d8d3cfcea9d8, particleHash=dd8fb4f1c4215f0c3476b225ca0c77e4, particleId='78.0.0'
2014-12-27 10:01:54,073 - com.numenta.nupic.swarming.HypersearchV2.HypersearchV2(7080) - INFO - <BUILDID=N/A, WORKER=HW, WRKID=75, JOBID=1008> Completed generation #0 of swarm 'modelParams|sensorParams|encoders|kw_energy_consumption' with a best errScore of inf
2014-12-27 10:01:54,177 - com.numenta.nupic.swarming.HypersearchWorker(7080) - INFO - <BUILDID=N/A, WORKER=HW, WRKID=75, JOBID=1008> Adding model 1443 to our internal DB because modelInsertAndStart() failed to insert it: paramsHash=82447107c1d57318b4b297c7580b4921, particleHash=ec5361ae4edccf29468e3535b1fbdad1, particleId='75.0.1'
2014-12-27 10:01:54,181 - com.numenta.nupic.swarming.HypersearchWorker(7080) - INFO - <BUILDID=N/A, WORKER=HW, WRKID=75, JOBID=1008> Adding model 1443 to our internal DB because modelInsertAndStart() failed to insert it: paramsHash=82447107c1d57318b4b297c7580b4921, particleHash=ec5361ae4edccf29468e3535b1fbdad1, particleId='75.0.1'
2014-12-27 10:01:54,188 - com.numenta.nupic.swarming.HypersearchWorker(7080) - INFO - <BUILDID=N/A, WORKER=HW, WRKID=75, JOBID=1008> Adding model 1443 to our internal DB because modelInsertAndStart() failed to insert it: paramsHash=82447107c1d57318b4b297c7580b4921, particleHash=ec5361ae4edccf29468e3535b1fbdad1, particleId='75.0.1'
2014-12-27 10:01:54,197 - com.numenta.nupic.swarming.HypersearchWorker(7080) - INFO - <BUILDID=N/A, WORKER=HW, WRKID=75, JOBID=1008> Adding model 1443 to our internal DB because modelInsertAndStart() failed to insert it: paramsHash=82447107c1d57318b4b297c7580b4921, particleHash=ec5361ae4edccf29468e3535b1fbdad1, particleId='75.0.1'
2014-12-27 10:01:54,203 - com.numenta.nupic.swarming.HypersearchWorker(7080) - INFO - <BUILDID=N/A, WORKER=HW, WRKID=75, JOBID=1008> Adding model 1443 to our internal DB because modelInsertAndStart() failed to insert it: paramsHash=82447107c1d57318b4b297c7580b4921, particleHash=ec5361ae4edccf29468e3535b1fbdad1, particleId='75.0.1'
2014-12-27 10:01:54,214 - com.numenta.nupic.swarming.HypersearchWorker(7080) - INFO - <BUILDID=N/A, WORKER=HW, WRKID=75, JOBID=1008> Adding model 1443 to our internal DB because modelInsertAndStart() failed to insert it: paramsHash=82447107c1d57318b4b297c7580b4921, particleHash=ec5361ae4edccf29468e3535b1fbdad1, particleId='75.0.1'
2014-12-27 10:01:54,216 - com.numenta.nupic.swarming.HypersearchWorker(7080) - INFO - <BUILDID=N/A, WORKER=HW, WRKID=75, JOBID=1008> Adding model 1443 to our internal DB because modelInsertAndStart() failed to insert it: paramsHash=82447107c1d57318b4b297c7580b4921, particleHash=ec5361ae4edccf29468e3535b1fbdad1, particleId='75.0.1'
2014-12-27 10:01:54,226 - com.numenta.nupic.swarming.HypersearchWorker(7080) - INFO - <BUILDID=N/A, WORKER=HW, WRKID=75, JOBID=1008> Adding model 1443 to our internal DB because modelInsertAndStart() failed to insert it: paramsHash=82447107c1d57318b4b297c7580b4921, particleHash=ec5361ae4edccf29468e3535b1fbdad1, particleId='75.0.1'
2014-12-27 10:01:54,234 - com.numenta.nupic.swarming.HypersearchWorker(7080) - INFO - <BUILDID=N/A, WORKER=HW, WRKID=75, JOBID=1008> Adding model 1443 to our internal DB because modelInsertAndStart() failed to insert it: paramsHash=82447107c1d57318b4b297c7580b4921, particleHash=ec5361ae4edccf29468e3535b1fbdad1, particleId='75.0.1'
2014-12-27 10:01:54,241 - com.numenta.nupic.swarming.HypersearchWorker(7080) - INFO - <BUILDID=N/A, WORKER=HW, WRKID=75, JOBID=1008> Adding model 1443 to our internal DB because modelInsertAndStart() failed to insert it: paramsHash=82447107c1d57318b4b297c7580b4921, particleHash=ec5361ae4edccf29468e3535b1fbdad1, particleId='75.0.1'
2014-12-27 10:01:54,331 - com.numenta.nupic.swarming.HypersearchWorker(7080) - INFO - <BUILDID=N/A, WORKER=HW, WRKID=75, JOBID=1008> Adding model 1445 to our internal DB because modelInsertAndStart() failed to insert it: paramsHash=359ba31c92f4c66583c3387bd157a1c7, particleHash=accf344d27492edf04c451b75b1053ac, particleId='78.0.1'
2014-12-27 10:01:54,335 - com.numenta.nupic.swarming.HypersearchWorker(7080) - INFO - <BUILDID=N/A, WORKER=HW, WRKID=75, JOBID=1008> Adding model 1445 to our internal DB because modelInsertAndStart() failed to insert it: paramsHash=359ba31c92f4c66583c3387bd157a1c7, particleHash=accf344d27492edf04c451b75b1053ac, particleId='78.0.1'
2014-12-27 10:01:54,338 - com.numenta.nupic.swarming.HypersearchWorker(7080) - INFO - <BUILDID=N/A, WORKER=HW, WRKID=75, JOBID=1008> Adding model 1445 to our internal DB because modelInsertAndStart() failed to insert it: paramsHash=359ba31c92f4c66583c3387bd157a1c7, particleHash=accf344d27492edf04c451b75b1053ac, particleId='78.0.1'
2014-12-27 10:01:54,341 - com.numenta.nupic.swarming.HypersearchWorker(7080) - INFO - <BUILDID=N/A, WORKER=HW, WRKID=75, JOBID=1008> Adding model 1445 to our internal DB because modelInsertAndStart() failed to insert it: paramsHash=359ba31c92f4c66583c3387bd157a1c7, particleHash=accf344d27492edf04c451b75b1053ac, particleId='78.0.1'
2014-12-27 10:01:54,343 - com.numenta.nupic.swarming.HypersearchWorker(7080) - INFO - <BUILDID=N/A, WORKER=HW, WRKID=75, JOBID=1008> Adding model 1445 to our internal DB because modelInsertAndStart() failed to insert it: paramsHash=359ba31c92f4c66583c3387bd157a1c7, particleHash=accf344d27492edf04c451b75b1053ac, particleId='78.0.1'
2014-12-27 10:01:54,346 - com.numenta.nupic.swarming.HypersearchWorker(7080) - INFO - <BUILDID=N/A, WORKER=HW, WRKID=75, JOBID=1008> Adding model 1445 to our internal DB because modelInsertAndStart() failed to insert it: paramsHash=359ba31c92f4c66583c3387bd157a1c7, particleHash=accf344d27492edf04c451b75b1053ac, particleId='78.0.1'
2014-12-27 10:01:54,349 - com.numenta.nupic.swarming.HypersearchWorker(7080) - INFO - <BUILDID=N/A, WORKER=HW, WRKID=75, JOBID=1008> Adding model 1445 to our internal DB because modelInsertAndStart() failed to insert it: paramsHash=359ba31c92f4c66583c3387bd157a1c7, particleHash=accf344d27492edf04c451b75b1053ac, particleId='78.0.1'
2014-12-27 10:01:54,351 - com.numenta.nupic.swarming.HypersearchWorker(7080) - INFO - <BUILDID=N/A, WORKER=HW, WRKID=75, JOBID=1008> Adding model 1445 to our internal DB because modelInsertAndStart() failed to insert it: paramsHash=359ba31c92f4c66583c3387bd157a1c7, particleHash=accf344d27492edf04c451b75b1053ac, particleId='78.0.1'
2014-12-27 10:01:54,354 - com.numenta.nupic.swarming.HypersearchWorker(7080) - INFO - <BUILDID=N/A, WORKER=HW, WRKID=75, JOBID=1008> Adding model 1445 to our internal DB because modelInsertAndStart() failed to insert it: paramsHash=359ba31c92f4c66583c3387bd157a1c7, particleHash=accf344d27492edf04c451b75b1053ac, particleId='78.0.1'
2014-12-27 10:01:54,357 - com.numenta.nupic.swarming.HypersearchWorker(7080) - INFO - <BUILDID=N/A, WORKER=HW, WRKID=75, JOBID=1008> Adding model 1445 to our internal DB because modelInsertAndStart() failed to insert it: paramsHash=359ba31c92f4c66583c3387bd157a1c7, particleHash=accf344d27492edf04c451b75b1053ac, particleId='78.0.1'
2014-12-27 10:01:54,361 - com.numenta.nupic.swarming.HypersearchV2.HypersearchV2(7080) - ERROR - <BUILDID=N/A, WORKER=HW, WRKID=75, JOBID=1008> Exiting because some worker set the workerCompletionReason to error. WorkerCompletionMsg: E10002: Exiting due to receiving too many models failing from exceptions (6 out of 6). 
Model Exception: Exception occurred while running model 1443: Exception(u'Invalid file format for "/home/pat/workspace/nupic/examples/opf/clients/hotgym/prediction/sandiego/sandiego.csv" - field type ""2011-02-01 01:00:00"" not one of (\'string\', \'datetime\', \'int\', \'float\', \'bool\', \'sdr\') ',) (<type 'exceptions.Exception'>)
Traceback (most recent call last):
  File "/home/pat/workspace/nupic/nupic/swarming/utils.py", line 430, in runModelGivenBaseAndParams
    (completionReason, completionMsg) = runner.run()
  File "/home/pat/workspace/nupic/nupic/swarming/ModelRunner.py", line 237, in run
    maxTimeout=readTimeout)
  File "/home/pat/workspace/nupic/nupic/data/stream_reader.py", line 210, in __init__
    self._openStream(dataUrl, isBlocking, maxTimeout, bookmark, firstRecordIdx)
  File "/home/pat/workspace/nupic/nupic/data/stream_reader.py", line 298, in _openStream
    firstRecord=firstRecordIdx)
  File "/home/pat/workspace/nupic/nupic/data/file_record_stream.py", line 209, in __init__
    'not one of %s ' % (self._filename, t, allowedTypes))
Exception: Invalid file format for "/home/pat/workspace/nupic/examples/opf/clients/hotgym/prediction/sandiego/sandiego.csv" - field type ""2011-02-01 01:00:00"" not one of ('string', 'datetime', 'int', 'float', 'bool', 'sdr') 

2014-12-27 10:01:54,365 - com.numenta.nupic.swarming.HypersearchV2.HypersearchV2(7080) - INFO - <BUILDID=N/A, WORKER=HW, WRKID=75, JOBID=1008> Failed updating the field contributions, another hypersearch worker must have updated it
2014-12-27 10:01:54,365 - com.numenta.nupic.swarming.HypersearchWorker(7080) - INFO - <BUILDID=N/A, WORKER=HW, WRKID=75, JOBID=1008> FINISHED. Evaluated 2 models.
