2015-06-30 07:06:08,921 - com.numenta.nupic.swarming.HypersearchWorker(4962) - INFO - <BUILDID=N/A, WORKER=HS, WRKID=N/A, JOBID=N/A> Launched with command line arguments: ['--jobID=1027']
2015-06-30 07:06:08,921 - com.numenta.nupic.swarming.HypersearchWorker(4962) - INFO - <BUILDID=N/A, WORKER=HS, WRKID=N/A, JOBID=N/A> Connecting to the jobs database
2015-06-30 07:06:08,921 - com.numenta.nupic.database.Connection.ConnectionFactory(4962) - INFO - <BUILDID=N/A, WORKER=HS, WRKID=N/A, JOBID=N/A> Creating db connection policy via provider <bound method type._createDefaultPolicy of <class 'nupic.database.Connection.ConnectionFactory'>>
2015-06-30 07:06:08,954 - com.numenta.nupic.database.Connection.PooledConnectionPolicy(4962) - INFO - <BUILDID=N/A, WORKER=HS, WRKID=N/A, JOBID=N/A> Created PooledConnectionPolicy
2015-06-30 07:06:08,971 - com.numenta.nupic.database.ClientJobsDAO.ClientJobsDAO(4962) - INFO - <BUILDID=N/A, WORKER=HS, WRKID=N/A, JOBID=N/A> clientJobsConnectionID=48
2015-06-30 07:06:08,973 - com.numenta.nupic.swarming.HypersearchWorker(4962) - INFO - <BUILDID=N/A, WORKER=HW, WRKID=48, JOBID=1027> Job info retrieved: {'engModelMilestones': 'None', 'clientInfo': '', 'numFailedWorkers': '0', 'engJobType': 'hypersearch', 'results': 'None', 'jobId': '1027', 'completionMsg': 'None', 'cancel': '0', 'engWorkerState': 'None', 'workerCompletionMsg': 'None', 'jobHash': "'\xa47S\x1f1\x11\xe5\x97X\x08\x00'\x16\xdf\xd4", 'genBaseDescription': 'None', 'completionReason': 'None', 'priority': '0', 'cmdLine': '$HYPERSEARCH', 'params': '{"hsVersion": "v2", "maxModels": null, "persistentJobGUID": "27a...', 'workerCompletionReason': 'success', 'engAllocateNewWorkers': '1', 'lastFailedWorkerErrorMsg': 'None', 'engUntendedDeadWorkers': '0', 'engLastUpdateTime': '2015-06-30 14:06:08', 'status': 'notStarted', 'engStatus': 'None', 'startTime': 'None', 'minimumWorkers': '1', 'endTime': 'None', 'engCjmConnId': 'None', 'genPermutations': 'None', 'client': 'GRP', 'engCleaningStatus': 'notdone', 'clientKey': '', 'maximumWorkers': '4'}
2015-06-30 07:06:08,975 - com.numenta.nupic.swarming.HypersearchV2.HypersearchV2(4962) - INFO - <BUILDID=N/A, WORKER=HW, WRKID=48, JOBID=1027> searchParams: 
{u'description': {u'includedFields': [{u'fieldName': 'timestamp',
                                       u'fieldType': 'datetime'},
                                      {u'fieldName': 'temp',
                                       u'fieldType': 'float',
                                       u'maxValue': '34.0',
                                       u'minValue': '6.0'},
                                      {u'fieldName': 'dewpt',
                                       u'fieldType': 'float',
                                       u'maxValue': '22.0',
                                       u'minValue': '-22.0'},
                                      {u'fieldName': 'wind',
                                       u'fieldType': 'float',
                                       u'maxValue': '14.0',
                                       u'minValue': '0.0'},
                                      {u'fieldName': 'is_daylight',
                                       u'fieldType': 'int',
                                       u'maxValue': '1',
                                       u'minValue': '0'},
                                      {u'fieldName': 'elapsed',
                                       u'fieldType': 'int',
                                       u'maxValue': '86400',
                                       u'minValue': '0'},
                                      {u'fieldName': 'kwh',
                                       u'fieldType': 'float',
                                       u'maxValue': '5.18',
                                       u'minValue': '0.0'}],
                  u'inferenceArgs': {u'predictedField': 'kwh',
                                     u'predictionSteps': ['1']},
                  u'inferenceType': 'TemporalMultiStep',
                  u'iterationCount': '-1',
                  u'streamDef': {u'info': 'kw_energy_consumption',
                                 u'streams': [{u'columns': ['*'],
                                               u'info': 'San Diego',
                                               u'source': 'file://sd_weather.csv'}],
                                 u'version': '1'},
                  u'swarmSize': 'medium'},
 u'hsVersion': 'v2',
 u'maxModels': 'None',
 u'persistentJobGUID': '27a43752-1f31-11e5-9758-08002716dfd4',
 u'useTerminators': 'False'}
2015-06-30 07:06:09,198 - com.numenta.nupic.swarming.HypersearchV2.HypersearchV2(4962) - INFO - <BUILDID=N/A, WORKER=HW, WRKID=48, JOBID=1027> Active swarms changed to [u'modelParams|sensorParams|encoders|dewpt', u'modelParams|sensorParams|encoders|wind', u'modelParams|sensorParams|encoders|is_daylight', u'modelParams|sensorParams|encoders|elapsed', u'modelParams|sensorParams|encoders|kwh', u'modelParams|sensorParams|encoders|timestamp_timeOfDay', u'modelParams|sensorParams|encoders|timestamp_dayOfWeek', u'modelParams|sensorParams|encoders|temp', u'modelParams|sensorParams|encoders|timestamp_weekend'] (from None)
2015-06-30 07:06:09,308 - com.numenta.nupic.database.ClientJobsDAO.ClientJobsDAO(4962) - INFO - <BUILDID=N/A, WORKER=HW, WRKID=48, JOBID=1027> Model insert attempt failed with DUP_ENTRY: jobID=1027; paramsHash=bea41b9861111caad55dd55b43b8d808 OR particleHash=11a4702bed36b507116cb1c10246733e; IntegrityError(1062, u"Duplicate entry '1027-\\xBE\\xA4\\x1B\\x98a\\x11\\x1C\\xAA\\xD5]\\xD5[C\\xB8\\xD8\\x08' for key 'job_id'")
2015-06-30 07:06:09,318 - com.numenta.nupic.swarming.HypersearchWorker(4962) - INFO - <BUILDID=N/A, WORKER=HW, WRKID=48, JOBID=1027> Adding model 3047 to our internal DB because modelInsertAndStart() failed to insert it: paramsHash=bea41b9861111caad55dd55b43b8d808, particleHash=d34ea1d547ac6f4210cd74e3d6772d14, particleId='49.0.0'
2015-06-30 07:06:09,322 - com.numenta.nupic.database.ClientJobsDAO.ClientJobsDAO(4962) - INFO - <BUILDID=N/A, WORKER=HW, WRKID=48, JOBID=1027> Model insert attempt failed with DUP_ENTRY: jobID=1027; paramsHash=bea41b9861111caad55dd55b43b8d808 OR particleHash=d45730bab1af11b78f96ae52c47cfd91; IntegrityError(1062, u"Duplicate entry '1027-\\xBE\\xA4\\x1B\\x98a\\x11\\x1C\\xAA\\xD5]\\xD5[C\\xB8\\xD8\\x08' for key 'job_id'")
2015-06-30 07:06:09,329 - com.numenta.nupic.swarming.HypersearchWorker(4962) - INFO - <BUILDID=N/A, WORKER=HW, WRKID=48, JOBID=1027> Adding model 3047 to our internal DB because modelInsertAndStart() failed to insert it: paramsHash=bea41b9861111caad55dd55b43b8d808, particleHash=d34ea1d547ac6f4210cd74e3d6772d14, particleId='49.0.0'
2015-06-30 07:06:09,337 - com.numenta.nupic.database.ClientJobsDAO.ClientJobsDAO(4962) - INFO - <BUILDID=N/A, WORKER=HW, WRKID=48, JOBID=1027> Model insert attempt failed with DUP_ENTRY: jobID=1027; paramsHash=bea41b9861111caad55dd55b43b8d808 OR particleHash=009cb293b147fdf250094d8a795879e6; IntegrityError(1062, u"Duplicate entry '1027-\\xBE\\xA4\\x1B\\x98a\\x11\\x1C\\xAA\\xD5]\\xD5[C\\xB8\\xD8\\x08' for key 'job_id'")
2015-06-30 07:06:09,342 - com.numenta.nupic.swarming.HypersearchWorker(4962) - INFO - <BUILDID=N/A, WORKER=HW, WRKID=48, JOBID=1027> Adding model 3047 to our internal DB because modelInsertAndStart() failed to insert it: paramsHash=bea41b9861111caad55dd55b43b8d808, particleHash=d34ea1d547ac6f4210cd74e3d6772d14, particleId='49.0.0'
2015-06-30 07:06:09,346 - com.numenta.nupic.database.ClientJobsDAO.ClientJobsDAO(4962) - INFO - <BUILDID=N/A, WORKER=HW, WRKID=48, JOBID=1027> Model insert attempt failed with DUP_ENTRY: jobID=1027; paramsHash=bea41b9861111caad55dd55b43b8d808 OR particleHash=6cd017cb834c12b86411b0df0d4f77bb; IntegrityError(1062, u"Duplicate entry '1027-\\xBE\\xA4\\x1B\\x98a\\x11\\x1C\\xAA\\xD5]\\xD5[C\\xB8\\xD8\\x08' for key 'job_id'")
2015-06-30 07:06:09,354 - com.numenta.nupic.swarming.HypersearchWorker(4962) - INFO - <BUILDID=N/A, WORKER=HW, WRKID=48, JOBID=1027> Adding model 3047 to our internal DB because modelInsertAndStart() failed to insert it: paramsHash=bea41b9861111caad55dd55b43b8d808, particleHash=d34ea1d547ac6f4210cd74e3d6772d14, particleId='49.0.0'
2015-06-30 07:06:09,359 - com.numenta.nupic.database.ClientJobsDAO.ClientJobsDAO(4962) - INFO - <BUILDID=N/A, WORKER=HW, WRKID=48, JOBID=1027> Model insert attempt failed with DUP_ENTRY: jobID=1027; paramsHash=bea41b9861111caad55dd55b43b8d808 OR particleHash=2efd3cfb1a6a522f4f9d589b6036638b; IntegrityError(1062, u"Duplicate entry '1027-\\xBE\\xA4\\x1B\\x98a\\x11\\x1C\\xAA\\xD5]\\xD5[C\\xB8\\xD8\\x08' for key 'job_id'")
2015-06-30 07:06:09,366 - com.numenta.nupic.swarming.HypersearchWorker(4962) - INFO - <BUILDID=N/A, WORKER=HW, WRKID=48, JOBID=1027> Adding model 3047 to our internal DB because modelInsertAndStart() failed to insert it: paramsHash=bea41b9861111caad55dd55b43b8d808, particleHash=d34ea1d547ac6f4210cd74e3d6772d14, particleId='49.0.0'
2015-06-30 07:06:09,370 - com.numenta.nupic.database.ClientJobsDAO.ClientJobsDAO(4962) - INFO - <BUILDID=N/A, WORKER=HW, WRKID=48, JOBID=1027> Model insert attempt failed with DUP_ENTRY: jobID=1027; paramsHash=bea41b9861111caad55dd55b43b8d808 OR particleHash=49f9cdfc36ba423028a2b9ca4b9fd22f; IntegrityError(1062, u"Duplicate entry '1027-\\xBE\\xA4\\x1B\\x98a\\x11\\x1C\\xAA\\xD5]\\xD5[C\\xB8\\xD8\\x08' for key 'job_id'")
2015-06-30 07:06:09,374 - com.numenta.nupic.swarming.HypersearchWorker(4962) - INFO - <BUILDID=N/A, WORKER=HW, WRKID=48, JOBID=1027> Adding model 3047 to our internal DB because modelInsertAndStart() failed to insert it: paramsHash=bea41b9861111caad55dd55b43b8d808, particleHash=d34ea1d547ac6f4210cd74e3d6772d14, particleId='49.0.0'
2015-06-30 07:06:09,378 - com.numenta.nupic.database.ClientJobsDAO.ClientJobsDAO(4962) - INFO - <BUILDID=N/A, WORKER=HW, WRKID=48, JOBID=1027> Model insert attempt failed with DUP_ENTRY: jobID=1027; paramsHash=bea41b9861111caad55dd55b43b8d808 OR particleHash=a97e110ff92515343b7509ea0830f58c; IntegrityError(1062, u"Duplicate entry '1027-\\xBE\\xA4\\x1B\\x98a\\x11\\x1C\\xAA\\xD5]\\xD5[C\\xB8\\xD8\\x08' for key 'job_id'")
2015-06-30 07:06:09,384 - com.numenta.nupic.swarming.HypersearchWorker(4962) - INFO - <BUILDID=N/A, WORKER=HW, WRKID=48, JOBID=1027> Adding model 3047 to our internal DB because modelInsertAndStart() failed to insert it: paramsHash=bea41b9861111caad55dd55b43b8d808, particleHash=d34ea1d547ac6f4210cd74e3d6772d14, particleId='49.0.0'
2015-06-30 07:06:09,389 - com.numenta.nupic.database.ClientJobsDAO.ClientJobsDAO(4962) - INFO - <BUILDID=N/A, WORKER=HW, WRKID=48, JOBID=1027> Model insert attempt failed with DUP_ENTRY: jobID=1027; paramsHash=bea41b9861111caad55dd55b43b8d808 OR particleHash=f7c3f0eaf598f763819f94f0d0e0a73a; IntegrityError(1062, u"Duplicate entry '1027-\\xBE\\xA4\\x1B\\x98a\\x11\\x1C\\xAA\\xD5]\\xD5[C\\xB8\\xD8\\x08' for key 'job_id'")
2015-06-30 07:06:09,395 - com.numenta.nupic.swarming.HypersearchWorker(4962) - INFO - <BUILDID=N/A, WORKER=HW, WRKID=48, JOBID=1027> Adding model 3047 to our internal DB because modelInsertAndStart() failed to insert it: paramsHash=bea41b9861111caad55dd55b43b8d808, particleHash=d34ea1d547ac6f4210cd74e3d6772d14, particleId='49.0.0'
2015-06-30 07:06:09,399 - com.numenta.nupic.database.ClientJobsDAO.ClientJobsDAO(4962) - INFO - <BUILDID=N/A, WORKER=HW, WRKID=48, JOBID=1027> Model insert attempt failed with DUP_ENTRY: jobID=1027; paramsHash=bea41b9861111caad55dd55b43b8d808 OR particleHash=d5067230bb31037d0767642be4864197; IntegrityError(1062, u"Duplicate entry '1027-\\xBE\\xA4\\x1B\\x98a\\x11\\x1C\\xAA\\xD5]\\xD5[C\\xB8\\xD8\\x08' for key 'job_id'")
2015-06-30 07:06:09,406 - com.numenta.nupic.swarming.HypersearchWorker(4962) - INFO - <BUILDID=N/A, WORKER=HW, WRKID=48, JOBID=1027> Adding model 3047 to our internal DB because modelInsertAndStart() failed to insert it: paramsHash=bea41b9861111caad55dd55b43b8d808, particleHash=d34ea1d547ac6f4210cd74e3d6772d14, particleId='49.0.0'
2015-06-30 07:06:09,414 - com.numenta.nupic.database.ClientJobsDAO.ClientJobsDAO(4962) - INFO - <BUILDID=N/A, WORKER=HW, WRKID=48, JOBID=1027> Model insert attempt failed with DUP_ENTRY: jobID=1027; paramsHash=bea41b9861111caad55dd55b43b8d808 OR particleHash=2ee069c5346a25d5e8413b974f9b2c4a; IntegrityError(1062, u"Duplicate entry '1027-\\xBE\\xA4\\x1B\\x98a\\x11\\x1C\\xAA\\xD5]\\xD5[C\\xB8\\xD8\\x08' for key 'job_id'")
2015-06-30 07:06:09,424 - com.numenta.nupic.swarming.HypersearchWorker(4962) - INFO - <BUILDID=N/A, WORKER=HW, WRKID=48, JOBID=1027> Adding model 3047 to our internal DB because modelInsertAndStart() failed to insert it: paramsHash=bea41b9861111caad55dd55b43b8d808, particleHash=d34ea1d547ac6f4210cd74e3d6772d14, particleId='49.0.0'
2015-06-30 07:06:09,596 - com.numenta.nupic.database.ClientJobsDAO.ClientJobsDAO(4962) - INFO - <BUILDID=N/A, WORKER=HW, WRKID=48, JOBID=1027> Model insert attempt failed with DUP_ENTRY: jobID=1027; paramsHash=9524ba6ff16f4a9e2a8a2e5ac3ba3e68 OR particleHash=b13c79d4396ae667b1a80c58259154c6; IntegrityError(1062, u"Duplicate entry '1027-\\x95$\\xBAo\\xF1oJ\\x9E*\\x8A.Z\\xC3\\xBA>h' for key 'job_id'")
2015-06-30 07:06:09,599 - com.numenta.nupic.swarming.HypersearchWorker(4962) - INFO - <BUILDID=N/A, WORKER=HW, WRKID=48, JOBID=1027> Adding model 3076 to our internal DB because modelInsertAndStart() failed to insert it: paramsHash=9524ba6ff16f4a9e2a8a2e5ac3ba3e68, particleHash=a23b021da33708cb018fcf794bcb2045, particleId='49.10.0'
2015-06-30 07:06:09,603 - com.numenta.nupic.database.ClientJobsDAO.ClientJobsDAO(4962) - INFO - <BUILDID=N/A, WORKER=HW, WRKID=48, JOBID=1027> Model insert attempt failed with DUP_ENTRY: jobID=1027; paramsHash=9524ba6ff16f4a9e2a8a2e5ac3ba3e68 OR particleHash=732309e25a1158415c1d33017a8065b4; IntegrityError(1062, u"Duplicate entry '1027-\\x95$\\xBAo\\xF1oJ\\x9E*\\x8A.Z\\xC3\\xBA>h' for key 'job_id'")
2015-06-30 07:06:09,606 - com.numenta.nupic.swarming.HypersearchWorker(4962) - INFO - <BUILDID=N/A, WORKER=HW, WRKID=48, JOBID=1027> Adding model 3076 to our internal DB because modelInsertAndStart() failed to insert it: paramsHash=9524ba6ff16f4a9e2a8a2e5ac3ba3e68, particleHash=a23b021da33708cb018fcf794bcb2045, particleId='49.10.0'
2015-06-30 07:06:09,611 - com.numenta.nupic.database.ClientJobsDAO.ClientJobsDAO(4962) - INFO - <BUILDID=N/A, WORKER=HW, WRKID=48, JOBID=1027> Model insert attempt failed with DUP_ENTRY: jobID=1027; paramsHash=9524ba6ff16f4a9e2a8a2e5ac3ba3e68 OR particleHash=53e0c29cb3369613059a6e884f1d9a2f; IntegrityError(1062, u"Duplicate entry '1027-\\x95$\\xBAo\\xF1oJ\\x9E*\\x8A.Z\\xC3\\xBA>h' for key 'job_id'")
2015-06-30 07:06:09,619 - com.numenta.nupic.swarming.HypersearchWorker(4962) - INFO - <BUILDID=N/A, WORKER=HW, WRKID=48, JOBID=1027> Adding model 3076 to our internal DB because modelInsertAndStart() failed to insert it: paramsHash=9524ba6ff16f4a9e2a8a2e5ac3ba3e68, particleHash=a23b021da33708cb018fcf794bcb2045, particleId='49.10.0'
2015-06-30 07:06:09,624 - com.numenta.nupic.database.ClientJobsDAO.ClientJobsDAO(4962) - INFO - <BUILDID=N/A, WORKER=HW, WRKID=48, JOBID=1027> Model insert attempt failed with DUP_ENTRY: jobID=1027; paramsHash=9524ba6ff16f4a9e2a8a2e5ac3ba3e68 OR particleHash=caa224b826684881c9c0f16b430b5207; IntegrityError(1062, u"Duplicate entry '1027-\\x95$\\xBAo\\xF1oJ\\x9E*\\x8A.Z\\xC3\\xBA>h' for key 'job_id'")
2015-06-30 07:06:09,632 - com.numenta.nupic.swarming.HypersearchWorker(4962) - INFO - <BUILDID=N/A, WORKER=HW, WRKID=48, JOBID=1027> Adding model 3076 to our internal DB because modelInsertAndStart() failed to insert it: paramsHash=9524ba6ff16f4a9e2a8a2e5ac3ba3e68, particleHash=a23b021da33708cb018fcf794bcb2045, particleId='49.10.0'
2015-06-30 07:06:09,637 - com.numenta.nupic.database.ClientJobsDAO.ClientJobsDAO(4962) - INFO - <BUILDID=N/A, WORKER=HW, WRKID=48, JOBID=1027> Model insert attempt failed with DUP_ENTRY: jobID=1027; paramsHash=9524ba6ff16f4a9e2a8a2e5ac3ba3e68 OR particleHash=20e73e6e41dedecdf71608c6b17480f4; IntegrityError(1062, u"Duplicate entry '1027-\\x95$\\xBAo\\xF1oJ\\x9E*\\x8A.Z\\xC3\\xBA>h' for key 'job_id'")
2015-06-30 07:06:09,641 - com.numenta.nupic.swarming.HypersearchWorker(4962) - INFO - <BUILDID=N/A, WORKER=HW, WRKID=48, JOBID=1027> Adding model 3076 to our internal DB because modelInsertAndStart() failed to insert it: paramsHash=9524ba6ff16f4a9e2a8a2e5ac3ba3e68, particleHash=a23b021da33708cb018fcf794bcb2045, particleId='49.10.0'
2015-06-30 07:06:09,654 - com.numenta.nupic.database.ClientJobsDAO.ClientJobsDAO(4962) - INFO - <BUILDID=N/A, WORKER=HW, WRKID=48, JOBID=1027> Model insert attempt failed with DUP_ENTRY: jobID=1027; paramsHash=9524ba6ff16f4a9e2a8a2e5ac3ba3e68 OR particleHash=b572ac6b5185ef0e90eea8744bc85ae9; IntegrityError(1062, u"Duplicate entry '1027-\\x95$\\xBAo\\xF1oJ\\x9E*\\x8A.Z\\xC3\\xBA>h' for key 'job_id'")
2015-06-30 07:06:09,673 - com.numenta.nupic.swarming.HypersearchWorker(4962) - INFO - <BUILDID=N/A, WORKER=HW, WRKID=48, JOBID=1027> Adding model 3076 to our internal DB because modelInsertAndStart() failed to insert it: paramsHash=9524ba6ff16f4a9e2a8a2e5ac3ba3e68, particleHash=a23b021da33708cb018fcf794bcb2045, particleId='49.10.0'
2015-06-30 07:06:09,678 - com.numenta.nupic.database.ClientJobsDAO.ClientJobsDAO(4962) - INFO - <BUILDID=N/A, WORKER=HW, WRKID=48, JOBID=1027> Model insert attempt failed with DUP_ENTRY: jobID=1027; paramsHash=9524ba6ff16f4a9e2a8a2e5ac3ba3e68 OR particleHash=d61cb08d72ae99083a81f768ddddfb8f; IntegrityError(1062, u"Duplicate entry '1027-\\x95$\\xBAo\\xF1oJ\\x9E*\\x8A.Z\\xC3\\xBA>h' for key 'job_id'")
2015-06-30 07:06:09,690 - com.numenta.nupic.swarming.HypersearchWorker(4962) - INFO - <BUILDID=N/A, WORKER=HW, WRKID=48, JOBID=1027> Adding model 3076 to our internal DB because modelInsertAndStart() failed to insert it: paramsHash=9524ba6ff16f4a9e2a8a2e5ac3ba3e68, particleHash=a23b021da33708cb018fcf794bcb2045, particleId='49.10.0'
2015-06-30 07:06:09,703 - com.numenta.nupic.database.ClientJobsDAO.ClientJobsDAO(4962) - INFO - <BUILDID=N/A, WORKER=HW, WRKID=48, JOBID=1027> Model insert attempt failed with DUP_ENTRY: jobID=1027; paramsHash=9524ba6ff16f4a9e2a8a2e5ac3ba3e68 OR particleHash=866b4b261a3b1dfa27ab61deb316e303; IntegrityError(1062, u"Duplicate entry '1027-\\x95$\\xBAo\\xF1oJ\\x9E*\\x8A.Z\\xC3\\xBA>h' for key 'job_id'")
2015-06-30 07:06:09,712 - com.numenta.nupic.swarming.HypersearchWorker(4962) - INFO - <BUILDID=N/A, WORKER=HW, WRKID=48, JOBID=1027> Adding model 3076 to our internal DB because modelInsertAndStart() failed to insert it: paramsHash=9524ba6ff16f4a9e2a8a2e5ac3ba3e68, particleHash=a23b021da33708cb018fcf794bcb2045, particleId='49.10.0'
2015-06-30 07:06:09,721 - com.numenta.nupic.database.ClientJobsDAO.ClientJobsDAO(4962) - INFO - <BUILDID=N/A, WORKER=HW, WRKID=48, JOBID=1027> Model insert attempt failed with DUP_ENTRY: jobID=1027; paramsHash=9524ba6ff16f4a9e2a8a2e5ac3ba3e68 OR particleHash=a7c35dccdc99ca66b772bb1b841f565f; IntegrityError(1062, u"Duplicate entry '1027-\\x95$\\xBAo\\xF1oJ\\x9E*\\x8A.Z\\xC3\\xBA>h' for key 'job_id'")
2015-06-30 07:06:09,724 - com.numenta.nupic.swarming.HypersearchWorker(4962) - INFO - <BUILDID=N/A, WORKER=HW, WRKID=48, JOBID=1027> Adding model 3076 to our internal DB because modelInsertAndStart() failed to insert it: paramsHash=9524ba6ff16f4a9e2a8a2e5ac3ba3e68, particleHash=a23b021da33708cb018fcf794bcb2045, particleId='49.10.0'
2015-06-30 07:06:09,735 - com.numenta.nupic.database.ClientJobsDAO.ClientJobsDAO(4962) - INFO - <BUILDID=N/A, WORKER=HW, WRKID=48, JOBID=1027> Model insert attempt failed with DUP_ENTRY: jobID=1027; paramsHash=9524ba6ff16f4a9e2a8a2e5ac3ba3e68 OR particleHash=04d59264b8ed946c19b3896b3222bd0b; IntegrityError(1062, u"Duplicate entry '1027-\\x95$\\xBAo\\xF1oJ\\x9E*\\x8A.Z\\xC3\\xBA>h' for key 'job_id'")
2015-06-30 07:06:09,739 - com.numenta.nupic.swarming.HypersearchWorker(4962) - INFO - <BUILDID=N/A, WORKER=HW, WRKID=48, JOBID=1027> Adding model 3076 to our internal DB because modelInsertAndStart() failed to insert it: paramsHash=9524ba6ff16f4a9e2a8a2e5ac3ba3e68, particleHash=a23b021da33708cb018fcf794bcb2045, particleId='49.10.0'
2015-06-30 07:06:09,877 - com.numenta.nupic.database.ClientJobsDAO.ClientJobsDAO(4962) - INFO - <BUILDID=N/A, WORKER=HW, WRKID=48, JOBID=1027> Model insert attempt failed with DUP_ENTRY: jobID=1027; paramsHash=1989cdfd90b2e1af3c94a2f31f8207af OR particleHash=b7b820841630fffe84182389371815fd; IntegrityError(1062, u"Duplicate entry '1027-\\x19\\x89\\xCD\\xFD\\x90\\xB2\\xE1\\xAF<\\x94\\xA2\\xF3\\x1F\\x82\\x07\\x' for key 'job_id'")
2015-06-30 07:06:09,880 - com.numenta.nupic.swarming.HypersearchWorker(4962) - INFO - <BUILDID=N/A, WORKER=HW, WRKID=48, JOBID=1027> Adding model 3111 to our internal DB because modelInsertAndStart() failed to insert it: paramsHash=1989cdfd90b2e1af3c94a2f31f8207af, particleHash=254d11fff8e3a193db09d13c7e26adb2, particleId='47.20.0'
2015-06-30 07:06:09,884 - com.numenta.nupic.database.ClientJobsDAO.ClientJobsDAO(4962) - INFO - <BUILDID=N/A, WORKER=HW, WRKID=48, JOBID=1027> Model insert attempt failed with DUP_ENTRY: jobID=1027; paramsHash=1989cdfd90b2e1af3c94a2f31f8207af OR particleHash=e949c958bada239a6fc087912bc2d35c; IntegrityError(1062, u"Duplicate entry '1027-\\x19\\x89\\xCD\\xFD\\x90\\xB2\\xE1\\xAF<\\x94\\xA2\\xF3\\x1F\\x82\\x07\\x' for key 'job_id'")
2015-06-30 07:06:09,887 - com.numenta.nupic.swarming.HypersearchWorker(4962) - INFO - <BUILDID=N/A, WORKER=HW, WRKID=48, JOBID=1027> Adding model 3111 to our internal DB because modelInsertAndStart() failed to insert it: paramsHash=1989cdfd90b2e1af3c94a2f31f8207af, particleHash=254d11fff8e3a193db09d13c7e26adb2, particleId='47.20.0'
2015-06-30 07:06:09,890 - com.numenta.nupic.database.ClientJobsDAO.ClientJobsDAO(4962) - INFO - <BUILDID=N/A, WORKER=HW, WRKID=48, JOBID=1027> Model insert attempt failed with DUP_ENTRY: jobID=1027; paramsHash=1989cdfd90b2e1af3c94a2f31f8207af OR particleHash=961187314fe0a75beb23a6e9b0e2c591; IntegrityError(1062, u"Duplicate entry '1027-\\x19\\x89\\xCD\\xFD\\x90\\xB2\\xE1\\xAF<\\x94\\xA2\\xF3\\x1F\\x82\\x07\\x' for key 'job_id'")
2015-06-30 07:06:09,903 - com.numenta.nupic.swarming.HypersearchWorker(4962) - INFO - <BUILDID=N/A, WORKER=HW, WRKID=48, JOBID=1027> Adding model 3111 to our internal DB because modelInsertAndStart() failed to insert it: paramsHash=1989cdfd90b2e1af3c94a2f31f8207af, particleHash=254d11fff8e3a193db09d13c7e26adb2, particleId='47.20.0'
2015-06-30 07:06:09,917 - com.numenta.nupic.database.ClientJobsDAO.ClientJobsDAO(4962) - INFO - <BUILDID=N/A, WORKER=HW, WRKID=48, JOBID=1027> Model insert attempt failed with DUP_ENTRY: jobID=1027; paramsHash=1989cdfd90b2e1af3c94a2f31f8207af OR particleHash=9b4a0168f669b0e89db4131fd9459838; IntegrityError(1062, u"Duplicate entry '1027-\\x19\\x89\\xCD\\xFD\\x90\\xB2\\xE1\\xAF<\\x94\\xA2\\xF3\\x1F\\x82\\x07\\x' for key 'job_id'")
2015-06-30 07:06:09,924 - com.numenta.nupic.swarming.HypersearchWorker(4962) - INFO - <BUILDID=N/A, WORKER=HW, WRKID=48, JOBID=1027> Adding model 3111 to our internal DB because modelInsertAndStart() failed to insert it: paramsHash=1989cdfd90b2e1af3c94a2f31f8207af, particleHash=254d11fff8e3a193db09d13c7e26adb2, particleId='47.20.0'
2015-06-30 07:06:09,933 - com.numenta.nupic.database.ClientJobsDAO.ClientJobsDAO(4962) - INFO - <BUILDID=N/A, WORKER=HW, WRKID=48, JOBID=1027> Model insert attempt failed with DUP_ENTRY: jobID=1027; paramsHash=1989cdfd90b2e1af3c94a2f31f8207af OR particleHash=89fe250553a5776454986f2aebe59cea; IntegrityError(1062, u"Duplicate entry '1027-\\x19\\x89\\xCD\\xFD\\x90\\xB2\\xE1\\xAF<\\x94\\xA2\\xF3\\x1F\\x82\\x07\\x' for key 'job_id'")
2015-06-30 07:06:09,938 - com.numenta.nupic.swarming.HypersearchWorker(4962) - INFO - <BUILDID=N/A, WORKER=HW, WRKID=48, JOBID=1027> Adding model 3111 to our internal DB because modelInsertAndStart() failed to insert it: paramsHash=1989cdfd90b2e1af3c94a2f31f8207af, particleHash=254d11fff8e3a193db09d13c7e26adb2, particleId='47.20.0'
2015-06-30 07:06:09,950 - com.numenta.nupic.database.ClientJobsDAO.ClientJobsDAO(4962) - INFO - <BUILDID=N/A, WORKER=HW, WRKID=48, JOBID=1027> Model insert attempt failed with DUP_ENTRY: jobID=1027; paramsHash=1989cdfd90b2e1af3c94a2f31f8207af OR particleHash=5a4d039e159b39a6e8d5fa85b04b6ad3; IntegrityError(1062, u"Duplicate entry '1027-\\x19\\x89\\xCD\\xFD\\x90\\xB2\\xE1\\xAF<\\x94\\xA2\\xF3\\x1F\\x82\\x07\\x' for key 'job_id'")
2015-06-30 07:06:09,956 - com.numenta.nupic.swarming.HypersearchWorker(4962) - INFO - <BUILDID=N/A, WORKER=HW, WRKID=48, JOBID=1027> Adding model 3111 to our internal DB because modelInsertAndStart() failed to insert it: paramsHash=1989cdfd90b2e1af3c94a2f31f8207af, particleHash=254d11fff8e3a193db09d13c7e26adb2, particleId='47.20.0'
2015-06-30 07:06:09,961 - com.numenta.nupic.database.ClientJobsDAO.ClientJobsDAO(4962) - INFO - <BUILDID=N/A, WORKER=HW, WRKID=48, JOBID=1027> Model insert attempt failed with DUP_ENTRY: jobID=1027; paramsHash=1989cdfd90b2e1af3c94a2f31f8207af OR particleHash=a343766e98d97598a58b405111d41b26; IntegrityError(1062, u"Duplicate entry '1027-\\x19\\x89\\xCD\\xFD\\x90\\xB2\\xE1\\xAF<\\x94\\xA2\\xF3\\x1F\\x82\\x07\\x' for key 'job_id'")
2015-06-30 07:06:09,966 - com.numenta.nupic.swarming.HypersearchWorker(4962) - INFO - <BUILDID=N/A, WORKER=HW, WRKID=48, JOBID=1027> Adding model 3111 to our internal DB because modelInsertAndStart() failed to insert it: paramsHash=1989cdfd90b2e1af3c94a2f31f8207af, particleHash=254d11fff8e3a193db09d13c7e26adb2, particleId='47.20.0'
2015-06-30 07:06:09,974 - com.numenta.nupic.database.ClientJobsDAO.ClientJobsDAO(4962) - INFO - <BUILDID=N/A, WORKER=HW, WRKID=48, JOBID=1027> Model insert attempt failed with DUP_ENTRY: jobID=1027; paramsHash=1989cdfd90b2e1af3c94a2f31f8207af OR particleHash=0d73e52c743e92e274ca61e25ce6f5c8; IntegrityError(1062, u"Duplicate entry '1027-\\x19\\x89\\xCD\\xFD\\x90\\xB2\\xE1\\xAF<\\x94\\xA2\\xF3\\x1F\\x82\\x07\\x' for key 'job_id'")
2015-06-30 07:06:09,979 - com.numenta.nupic.swarming.HypersearchWorker(4962) - INFO - <BUILDID=N/A, WORKER=HW, WRKID=48, JOBID=1027> Adding model 3111 to our internal DB because modelInsertAndStart() failed to insert it: paramsHash=1989cdfd90b2e1af3c94a2f31f8207af, particleHash=254d11fff8e3a193db09d13c7e26adb2, particleId='47.20.0'
2015-06-30 07:06:09,990 - com.numenta.nupic.database.ClientJobsDAO.ClientJobsDAO(4962) - INFO - <BUILDID=N/A, WORKER=HW, WRKID=48, JOBID=1027> Model insert attempt failed with DUP_ENTRY: jobID=1027; paramsHash=1989cdfd90b2e1af3c94a2f31f8207af OR particleHash=8034a9507c7ed444ccc13f641a6404ac; IntegrityError(1062, u"Duplicate entry '1027-\\x19\\x89\\xCD\\xFD\\x90\\xB2\\xE1\\xAF<\\x94\\xA2\\xF3\\x1F\\x82\\x07\\x' for key 'job_id'")
2015-06-30 07:06:09,992 - com.numenta.nupic.swarming.HypersearchWorker(4962) - INFO - <BUILDID=N/A, WORKER=HW, WRKID=48, JOBID=1027> Adding model 3111 to our internal DB because modelInsertAndStart() failed to insert it: paramsHash=1989cdfd90b2e1af3c94a2f31f8207af, particleHash=254d11fff8e3a193db09d13c7e26adb2, particleId='47.20.0'
2015-06-30 07:06:10,001 - com.numenta.nupic.database.ClientJobsDAO.ClientJobsDAO(4962) - INFO - <BUILDID=N/A, WORKER=HW, WRKID=48, JOBID=1027> Model insert attempt failed with DUP_ENTRY: jobID=1027; paramsHash=1989cdfd90b2e1af3c94a2f31f8207af OR particleHash=3f580a0f0bc7bd6dfba42c8305c57c34; IntegrityError(1062, u"Duplicate entry '1027-\\x19\\x89\\xCD\\xFD\\x90\\xB2\\xE1\\xAF<\\x94\\xA2\\xF3\\x1F\\x82\\x07\\x' for key 'job_id'")
2015-06-30 07:06:10,011 - com.numenta.nupic.swarming.HypersearchWorker(4962) - INFO - <BUILDID=N/A, WORKER=HW, WRKID=48, JOBID=1027> Adding model 3111 to our internal DB because modelInsertAndStart() failed to insert it: paramsHash=1989cdfd90b2e1af3c94a2f31f8207af, particleHash=254d11fff8e3a193db09d13c7e26adb2, particleId='47.20.0'
2015-06-30 07:06:10,054 - com.numenta.nupic.swarming.HypersearchV2.HypersearchV2(4962) - ERROR - <BUILDID=N/A, WORKER=HW, WRKID=48, JOBID=1027> Exiting because some worker set the workerCompletionReason to error. WorkerCompletionMsg: E10002: Exiting due to receiving too many models failing from exceptions (6 out of 6). 
Model Exception: Exception occurred while running model 3138: Exception(u'Unable to locate: sd_weather.csv using NTA_DATA_PATH of ',) (<type 'exceptions.Exception'>)
Traceback (most recent call last):
  File "/home/pat/workspace/nupic/nupic/swarming/utils.py", line 430, in runModelGivenBaseAndParams
    (completionReason, completionMsg) = runner.run()
  File "/home/pat/workspace/nupic/nupic/swarming/ModelRunner.py", line 237, in run
    maxTimeout=readTimeout)
  File "/home/pat/workspace/nupic/nupic/data/stream_reader.py", line 210, in __init__
    self._openStream(dataUrl, isBlocking, maxTimeout, bookmark, firstRecordIdx)
  File "/home/pat/workspace/nupic/nupic/data/stream_reader.py", line 294, in _openStream
    self._recordStoreName = findDataset(dataUrl[len(FILE_PREF):])
  File "/home/pat/workspace/nupic/nupic/data/datasethelpers.py", line 79, in findDataset
    (datasetPath, os.environ.get('NTA_DATA_PATH', '')))
Exception: Unable to locate: sd_weather.csv using NTA_DATA_PATH of 

2015-06-30 07:06:10,054 - com.numenta.nupic.swarming.HypersearchV2.HypersearchV2(4962) - INFO - <BUILDID=N/A, WORKER=HW, WRKID=48, JOBID=1027> Stopping model 3138 because the search has ended
2015-06-30 07:06:10,083 - com.numenta.nupic.swarming.HypersearchV2.HypersearchV2(4962) - INFO - <BUILDID=N/A, WORKER=HW, WRKID=48, JOBID=1027> Failed updating the field contributions, another hypersearch worker must have updated it
2015-06-30 07:06:10,083 - com.numenta.nupic.swarming.HypersearchWorker(4962) - INFO - <BUILDID=N/A, WORKER=HW, WRKID=48, JOBID=1027> FINISHED. Evaluated 0 models.
