2015-06-30 09:16:10,088 - com.numenta.nupic.swarming.HypersearchWorker(5908) - INFO - <BUILDID=N/A, WORKER=HS, WRKID=N/A, JOBID=N/A> Launched with command line arguments: ['--jobID=1030']
2015-06-30 09:16:10,088 - com.numenta.nupic.swarming.HypersearchWorker(5908) - INFO - <BUILDID=N/A, WORKER=HS, WRKID=N/A, JOBID=N/A> Connecting to the jobs database
2015-06-30 09:16:10,088 - com.numenta.nupic.database.Connection.ConnectionFactory(5908) - INFO - <BUILDID=N/A, WORKER=HS, WRKID=N/A, JOBID=N/A> Creating db connection policy via provider <bound method type._createDefaultPolicy of <class 'nupic.database.Connection.ConnectionFactory'>>
2015-06-30 09:16:10,117 - com.numenta.nupic.database.Connection.PooledConnectionPolicy(5908) - INFO - <BUILDID=N/A, WORKER=HS, WRKID=N/A, JOBID=N/A> Created PooledConnectionPolicy
2015-06-30 09:16:10,134 - com.numenta.nupic.database.ClientJobsDAO.ClientJobsDAO(5908) - INFO - <BUILDID=N/A, WORKER=HS, WRKID=N/A, JOBID=N/A> clientJobsConnectionID=64
2015-06-30 09:16:10,140 - com.numenta.nupic.swarming.HypersearchWorker(5908) - INFO - <BUILDID=N/A, WORKER=HW, WRKID=64, JOBID=1030> Job info retrieved: {'engModelMilestones': 'None', 'clientInfo': '', 'numFailedWorkers': '0', 'engJobType': 'hypersearch', 'results': 'None', 'jobId': '1030', 'completionMsg': 'None', 'cancel': '0', 'engWorkerState': 'None', 'workerCompletionMsg': 'None', 'jobHash': "Qy\xc0O\x1fC\x11\xe5\x97X\x08\x00'\x16\xdf\xd4", 'genBaseDescription': 'None', 'completionReason': 'None', 'priority': '0', 'cmdLine': '$HYPERSEARCH', 'params': '{"hsVersion": "v2", "maxModels": null, "persistentJobGUID": "517...', 'workerCompletionReason': 'success', 'engAllocateNewWorkers': '1', 'lastFailedWorkerErrorMsg': 'None', 'engUntendedDeadWorkers': '0', 'engLastUpdateTime': '2015-06-30 16:16:09', 'status': 'notStarted', 'engStatus': 'None', 'startTime': 'None', 'minimumWorkers': '1', 'endTime': 'None', 'engCjmConnId': 'None', 'genPermutations': 'None', 'client': 'GRP', 'engCleaningStatus': 'notdone', 'clientKey': '', 'maximumWorkers': '4'}
2015-06-30 09:16:10,142 - com.numenta.nupic.swarming.HypersearchV2.HypersearchV2(5908) - INFO - <BUILDID=N/A, WORKER=HW, WRKID=64, JOBID=1030> searchParams: 
{u'description': {u'includedFields': [{u'fieldName': 'timestamp',
                                       u'fieldType': 'datetime'},
                                      {u'fieldName': 'euse',
                                       u'fieldType': 'float',
                                       u'maxValue': '35.0',
                                       u'minValue': '10.0'}],
                  u'inferenceArgs': {u'predictedField': 'euse',
                                     u'predictionSteps': ['4']},
                  u'inferenceType': 'TemporalMultiStep',
                  u'iterationCount': '-1',
                  u'streamDef': {u'info': 'kwh',
                                 u'streams': [{u'columns': ['timestamp',
                                                            'euse'],
                                               u'info': 'energy_only_252',
                                               u'source': '/home/pat/workspace/pecan/house_data/252_data/252_clean_data.csv'}]},
                  u'swarmSize': 'small'},
 u'hsVersion': 'v2',
 u'maxModels': 'None',
 u'persistentJobGUID': '5179c04e-1f43-11e5-9758-08002716dfd4',
 u'useTerminators': 'False'}
2015-06-30 09:16:10,257 - com.numenta.nupic.swarming.HypersearchV2.HypersearchV2(5908) - INFO - <BUILDID=N/A, WORKER=HW, WRKID=64, JOBID=1030> Active swarms changed to [u'modelParams|sensorParams|encoders|euse'] (from None)
2015-06-30 09:16:10,389 - com.numenta.nupic.database.ClientJobsDAO.ClientJobsDAO(5908) - INFO - <BUILDID=N/A, WORKER=HW, WRKID=64, JOBID=1030> Model insert attempt failed with DUP_ENTRY: jobID=1030; paramsHash=47e79e321369d9146602405379ad11b0 OR particleHash=a27f4e8adf5fcc9f5a4bbd89abe08f02; IntegrityError(1062, u"Duplicate entry '1030-G\\xE7\\x9E2\\x13i\\xD9\\x14f\\x02@Sy\\xAD\\x11\\xB0' for key 'job_id'")
2015-06-30 09:16:10,393 - com.numenta.nupic.swarming.HypersearchWorker(5908) - INFO - <BUILDID=N/A, WORKER=HW, WRKID=64, JOBID=1030> Adding model 3171 to our internal DB because modelInsertAndStart() failed to insert it: paramsHash=47e79e321369d9146602405379ad11b0, particleHash=a20455e6834d463d3aeaf904cca39934, particleId='65.0.0'
2015-06-30 09:16:10,398 - com.numenta.nupic.database.ClientJobsDAO.ClientJobsDAO(5908) - INFO - <BUILDID=N/A, WORKER=HW, WRKID=64, JOBID=1030> Model insert attempt failed with DUP_ENTRY: jobID=1030; paramsHash=47e79e321369d9146602405379ad11b0 OR particleHash=8ee2ef45a7f247a4b21349273b5d6e49; IntegrityError(1062, u"Duplicate entry '1030-G\\xE7\\x9E2\\x13i\\xD9\\x14f\\x02@Sy\\xAD\\x11\\xB0' for key 'job_id'")
2015-06-30 09:16:10,401 - com.numenta.nupic.swarming.HypersearchWorker(5908) - INFO - <BUILDID=N/A, WORKER=HW, WRKID=64, JOBID=1030> Adding model 3171 to our internal DB because modelInsertAndStart() failed to insert it: paramsHash=47e79e321369d9146602405379ad11b0, particleHash=a20455e6834d463d3aeaf904cca39934, particleId='65.0.0'
2015-06-30 09:16:10,404 - com.numenta.nupic.database.ClientJobsDAO.ClientJobsDAO(5908) - INFO - <BUILDID=N/A, WORKER=HW, WRKID=64, JOBID=1030> Model insert attempt failed with DUP_ENTRY: jobID=1030; paramsHash=47e79e321369d9146602405379ad11b0 OR particleHash=4620e6b5c0d1d73c3d03a1c924a7d09e; IntegrityError(1062, u"Duplicate entry '1030-G\\xE7\\x9E2\\x13i\\xD9\\x14f\\x02@Sy\\xAD\\x11\\xB0' for key 'job_id'")
2015-06-30 09:16:10,413 - com.numenta.nupic.swarming.HypersearchWorker(5908) - INFO - <BUILDID=N/A, WORKER=HW, WRKID=64, JOBID=1030> Adding model 3171 to our internal DB because modelInsertAndStart() failed to insert it: paramsHash=47e79e321369d9146602405379ad11b0, particleHash=a20455e6834d463d3aeaf904cca39934, particleId='65.0.0'
2015-06-30 09:16:10,419 - com.numenta.nupic.database.ClientJobsDAO.ClientJobsDAO(5908) - INFO - <BUILDID=N/A, WORKER=HW, WRKID=64, JOBID=1030> Model insert attempt failed with DUP_ENTRY: jobID=1030; paramsHash=47e79e321369d9146602405379ad11b0 OR particleHash=a6f9841f457bdd68990fc45d13be56fb; IntegrityError(1062, u"Duplicate entry '1030-G\\xE7\\x9E2\\x13i\\xD9\\x14f\\x02@Sy\\xAD\\x11\\xB0' for key 'job_id'")
2015-06-30 09:16:10,421 - com.numenta.nupic.swarming.HypersearchWorker(5908) - INFO - <BUILDID=N/A, WORKER=HW, WRKID=64, JOBID=1030> Adding model 3171 to our internal DB because modelInsertAndStart() failed to insert it: paramsHash=47e79e321369d9146602405379ad11b0, particleHash=a20455e6834d463d3aeaf904cca39934, particleId='65.0.0'
2015-06-30 09:16:10,429 - com.numenta.nupic.database.ClientJobsDAO.ClientJobsDAO(5908) - INFO - <BUILDID=N/A, WORKER=HW, WRKID=64, JOBID=1030> Model insert attempt failed with DUP_ENTRY: jobID=1030; paramsHash=47e79e321369d9146602405379ad11b0 OR particleHash=6ce83f6b599ee2c2bc23934ad087ce1b; IntegrityError(1062, u"Duplicate entry '1030-G\\xE7\\x9E2\\x13i\\xD9\\x14f\\x02@Sy\\xAD\\x11\\xB0' for key 'job_id'")
2015-06-30 09:16:10,432 - com.numenta.nupic.swarming.HypersearchWorker(5908) - INFO - <BUILDID=N/A, WORKER=HW, WRKID=64, JOBID=1030> Adding model 3171 to our internal DB because modelInsertAndStart() failed to insert it: paramsHash=47e79e321369d9146602405379ad11b0, particleHash=a20455e6834d463d3aeaf904cca39934, particleId='65.0.0'
2015-06-30 09:16:10,436 - com.numenta.nupic.database.ClientJobsDAO.ClientJobsDAO(5908) - INFO - <BUILDID=N/A, WORKER=HW, WRKID=64, JOBID=1030> Model insert attempt failed with DUP_ENTRY: jobID=1030; paramsHash=47e79e321369d9146602405379ad11b0 OR particleHash=d7c9fe20455c9aafd88e25a24315cfae; IntegrityError(1062, u"Duplicate entry '1030-G\\xE7\\x9E2\\x13i\\xD9\\x14f\\x02@Sy\\xAD\\x11\\xB0' for key 'job_id'")
2015-06-30 09:16:10,440 - com.numenta.nupic.swarming.HypersearchWorker(5908) - INFO - <BUILDID=N/A, WORKER=HW, WRKID=64, JOBID=1030> Adding model 3171 to our internal DB because modelInsertAndStart() failed to insert it: paramsHash=47e79e321369d9146602405379ad11b0, particleHash=a20455e6834d463d3aeaf904cca39934, particleId='65.0.0'
2015-06-30 09:16:10,444 - com.numenta.nupic.database.ClientJobsDAO.ClientJobsDAO(5908) - INFO - <BUILDID=N/A, WORKER=HW, WRKID=64, JOBID=1030> Model insert attempt failed with DUP_ENTRY: jobID=1030; paramsHash=47e79e321369d9146602405379ad11b0 OR particleHash=e648c74c4cca84d6100abfccc1f0050f; IntegrityError(1062, u"Duplicate entry '1030-G\\xE7\\x9E2\\x13i\\xD9\\x14f\\x02@Sy\\xAD\\x11\\xB0' for key 'job_id'")
2015-06-30 09:16:10,458 - com.numenta.nupic.swarming.HypersearchWorker(5908) - INFO - <BUILDID=N/A, WORKER=HW, WRKID=64, JOBID=1030> Adding model 3171 to our internal DB because modelInsertAndStart() failed to insert it: paramsHash=47e79e321369d9146602405379ad11b0, particleHash=a20455e6834d463d3aeaf904cca39934, particleId='65.0.0'
2015-06-30 09:16:10,461 - com.numenta.nupic.database.ClientJobsDAO.ClientJobsDAO(5908) - INFO - <BUILDID=N/A, WORKER=HW, WRKID=64, JOBID=1030> Model insert attempt failed with DUP_ENTRY: jobID=1030; paramsHash=47e79e321369d9146602405379ad11b0 OR particleHash=ba53c252cfdf14ad8f48d5c9b7db9b89; IntegrityError(1062, u"Duplicate entry '1030-G\\xE7\\x9E2\\x13i\\xD9\\x14f\\x02@Sy\\xAD\\x11\\xB0' for key 'job_id'")
2015-06-30 09:16:10,469 - com.numenta.nupic.swarming.HypersearchWorker(5908) - INFO - <BUILDID=N/A, WORKER=HW, WRKID=64, JOBID=1030> Adding model 3171 to our internal DB because modelInsertAndStart() failed to insert it: paramsHash=47e79e321369d9146602405379ad11b0, particleHash=a20455e6834d463d3aeaf904cca39934, particleId='65.0.0'
2015-06-30 09:16:10,475 - com.numenta.nupic.database.ClientJobsDAO.ClientJobsDAO(5908) - INFO - <BUILDID=N/A, WORKER=HW, WRKID=64, JOBID=1030> Model insert attempt failed with DUP_ENTRY: jobID=1030; paramsHash=47e79e321369d9146602405379ad11b0 OR particleHash=39ff6bd2d36c6f3971664297b494ca1a; IntegrityError(1062, u"Duplicate entry '1030-G\\xE7\\x9E2\\x13i\\xD9\\x14f\\x02@Sy\\xAD\\x11\\xB0' for key 'job_id'")
2015-06-30 09:16:10,478 - com.numenta.nupic.swarming.HypersearchWorker(5908) - INFO - <BUILDID=N/A, WORKER=HW, WRKID=64, JOBID=1030> Adding model 3171 to our internal DB because modelInsertAndStart() failed to insert it: paramsHash=47e79e321369d9146602405379ad11b0, particleHash=a20455e6834d463d3aeaf904cca39934, particleId='65.0.0'
2015-06-30 09:16:10,484 - com.numenta.nupic.database.ClientJobsDAO.ClientJobsDAO(5908) - INFO - <BUILDID=N/A, WORKER=HW, WRKID=64, JOBID=1030> Model insert attempt failed with DUP_ENTRY: jobID=1030; paramsHash=47e79e321369d9146602405379ad11b0 OR particleHash=eb30a9bb1a77acec30c391b56d88b854; IntegrityError(1062, u"Duplicate entry '1030-G\\xE7\\x9E2\\x13i\\xD9\\x14f\\x02@Sy\\xAD\\x11\\xB0' for key 'job_id'")
2015-06-30 09:16:10,487 - com.numenta.nupic.swarming.HypersearchWorker(5908) - INFO - <BUILDID=N/A, WORKER=HW, WRKID=64, JOBID=1030> Adding model 3171 to our internal DB because modelInsertAndStart() failed to insert it: paramsHash=47e79e321369d9146602405379ad11b0, particleHash=a20455e6834d463d3aeaf904cca39934, particleId='65.0.0'
2015-06-30 09:16:10,579 - com.numenta.nupic.database.ClientJobsDAO.ClientJobsDAO(5908) - INFO - <BUILDID=N/A, WORKER=HW, WRKID=64, JOBID=1030> Model insert attempt failed with DUP_ENTRY: jobID=1030; paramsHash=507d0ba6bd8a1885ca1e4857d7ee15aa OR particleHash=11725e2cd2d058f1bafb585f12ba9fc6; IntegrityError(1062, u"Duplicate entry '1030-P}\\x0B\\xA6\\xBD\\x8A\\x18\\x85\\xCA\\x1EHW\\xD7\\xEE\\x15\\xAA' for key 'job_id'")
2015-06-30 09:16:10,582 - com.numenta.nupic.swarming.HypersearchWorker(5908) - INFO - <BUILDID=N/A, WORKER=HW, WRKID=64, JOBID=1030> Adding model 3182 to our internal DB because modelInsertAndStart() failed to insert it: paramsHash=507d0ba6bd8a1885ca1e4857d7ee15aa, particleHash=069e609ae31cd26b415c2a3fc71744f4, particleId='67.0.0'
2015-06-30 09:16:10,603 - com.numenta.nupic.database.ClientJobsDAO.ClientJobsDAO(5908) - INFO - <BUILDID=N/A, WORKER=HW, WRKID=64, JOBID=1030> Model insert attempt failed with DUP_ENTRY: jobID=1030; paramsHash=507d0ba6bd8a1885ca1e4857d7ee15aa OR particleHash=864ef0fcf54ad6857fa0fab16e01c548; IntegrityError(1062, u"Duplicate entry '1030-P}\\x0B\\xA6\\xBD\\x8A\\x18\\x85\\xCA\\x1EHW\\xD7\\xEE\\x15\\xAA' for key 'job_id'")
2015-06-30 09:16:10,617 - com.numenta.nupic.swarming.HypersearchWorker(5908) - INFO - <BUILDID=N/A, WORKER=HW, WRKID=64, JOBID=1030> Adding model 3182 to our internal DB because modelInsertAndStart() failed to insert it: paramsHash=507d0ba6bd8a1885ca1e4857d7ee15aa, particleHash=069e609ae31cd26b415c2a3fc71744f4, particleId='67.0.0'
2015-06-30 09:16:10,634 - com.numenta.nupic.database.ClientJobsDAO.ClientJobsDAO(5908) - INFO - <BUILDID=N/A, WORKER=HW, WRKID=64, JOBID=1030> Model insert attempt failed with DUP_ENTRY: jobID=1030; paramsHash=507d0ba6bd8a1885ca1e4857d7ee15aa OR particleHash=836a434a03d8649ea8ea31345d0b9416; IntegrityError(1062, u"Duplicate entry '1030-P}\\x0B\\xA6\\xBD\\x8A\\x18\\x85\\xCA\\x1EHW\\xD7\\xEE\\x15\\xAA' for key 'job_id'")
2015-06-30 09:16:10,636 - com.numenta.nupic.swarming.HypersearchWorker(5908) - INFO - <BUILDID=N/A, WORKER=HW, WRKID=64, JOBID=1030> Adding model 3182 to our internal DB because modelInsertAndStart() failed to insert it: paramsHash=507d0ba6bd8a1885ca1e4857d7ee15aa, particleHash=069e609ae31cd26b415c2a3fc71744f4, particleId='67.0.0'
2015-06-30 09:16:10,667 - com.numenta.nupic.database.ClientJobsDAO.ClientJobsDAO(5908) - INFO - <BUILDID=N/A, WORKER=HW, WRKID=64, JOBID=1030> Model insert attempt failed with DUP_ENTRY: jobID=1030; paramsHash=507d0ba6bd8a1885ca1e4857d7ee15aa OR particleHash=6de6bf016cc2323e1359ab46a08590f9; IntegrityError(1062, u"Duplicate entry '1030-P}\\x0B\\xA6\\xBD\\x8A\\x18\\x85\\xCA\\x1EHW\\xD7\\xEE\\x15\\xAA' for key 'job_id'")
2015-06-30 09:16:10,671 - com.numenta.nupic.swarming.HypersearchWorker(5908) - INFO - <BUILDID=N/A, WORKER=HW, WRKID=64, JOBID=1030> Adding model 3182 to our internal DB because modelInsertAndStart() failed to insert it: paramsHash=507d0ba6bd8a1885ca1e4857d7ee15aa, particleHash=069e609ae31cd26b415c2a3fc71744f4, particleId='67.0.0'
2015-06-30 09:16:10,678 - com.numenta.nupic.database.ClientJobsDAO.ClientJobsDAO(5908) - INFO - <BUILDID=N/A, WORKER=HW, WRKID=64, JOBID=1030> Model insert attempt failed with DUP_ENTRY: jobID=1030; paramsHash=507d0ba6bd8a1885ca1e4857d7ee15aa OR particleHash=e8b9e4c6c898dc87109b2cc59a335235; IntegrityError(1062, u"Duplicate entry '1030-P}\\x0B\\xA6\\xBD\\x8A\\x18\\x85\\xCA\\x1EHW\\xD7\\xEE\\x15\\xAA' for key 'job_id'")
2015-06-30 09:16:10,686 - com.numenta.nupic.swarming.HypersearchWorker(5908) - INFO - <BUILDID=N/A, WORKER=HW, WRKID=64, JOBID=1030> Adding model 3182 to our internal DB because modelInsertAndStart() failed to insert it: paramsHash=507d0ba6bd8a1885ca1e4857d7ee15aa, particleHash=069e609ae31cd26b415c2a3fc71744f4, particleId='67.0.0'
2015-06-30 09:16:10,694 - com.numenta.nupic.database.ClientJobsDAO.ClientJobsDAO(5908) - INFO - <BUILDID=N/A, WORKER=HW, WRKID=64, JOBID=1030> Model insert attempt failed with DUP_ENTRY: jobID=1030; paramsHash=507d0ba6bd8a1885ca1e4857d7ee15aa OR particleHash=852d692668a3f0502705b0829455317b; IntegrityError(1062, u"Duplicate entry '1030-P}\\x0B\\xA6\\xBD\\x8A\\x18\\x85\\xCA\\x1EHW\\xD7\\xEE\\x15\\xAA' for key 'job_id'")
2015-06-30 09:16:10,698 - com.numenta.nupic.swarming.HypersearchWorker(5908) - INFO - <BUILDID=N/A, WORKER=HW, WRKID=64, JOBID=1030> Adding model 3182 to our internal DB because modelInsertAndStart() failed to insert it: paramsHash=507d0ba6bd8a1885ca1e4857d7ee15aa, particleHash=069e609ae31cd26b415c2a3fc71744f4, particleId='67.0.0'
2015-06-30 09:16:10,708 - com.numenta.nupic.database.ClientJobsDAO.ClientJobsDAO(5908) - INFO - <BUILDID=N/A, WORKER=HW, WRKID=64, JOBID=1030> Model insert attempt failed with DUP_ENTRY: jobID=1030; paramsHash=507d0ba6bd8a1885ca1e4857d7ee15aa OR particleHash=2e7f6345bccfb7f24485f2e3b1de9f1a; IntegrityError(1062, u"Duplicate entry '1030-P}\\x0B\\xA6\\xBD\\x8A\\x18\\x85\\xCA\\x1EHW\\xD7\\xEE\\x15\\xAA' for key 'job_id'")
2015-06-30 09:16:10,713 - com.numenta.nupic.swarming.HypersearchWorker(5908) - INFO - <BUILDID=N/A, WORKER=HW, WRKID=64, JOBID=1030> Adding model 3182 to our internal DB because modelInsertAndStart() failed to insert it: paramsHash=507d0ba6bd8a1885ca1e4857d7ee15aa, particleHash=069e609ae31cd26b415c2a3fc71744f4, particleId='67.0.0'
2015-06-30 09:16:10,716 - com.numenta.nupic.database.ClientJobsDAO.ClientJobsDAO(5908) - INFO - <BUILDID=N/A, WORKER=HW, WRKID=64, JOBID=1030> Model insert attempt failed with DUP_ENTRY: jobID=1030; paramsHash=507d0ba6bd8a1885ca1e4857d7ee15aa OR particleHash=388a0560aea3ac7132b33b5788daf50b; IntegrityError(1062, u"Duplicate entry '1030-P}\\x0B\\xA6\\xBD\\x8A\\x18\\x85\\xCA\\x1EHW\\xD7\\xEE\\x15\\xAA' for key 'job_id'")
2015-06-30 09:16:10,725 - com.numenta.nupic.swarming.HypersearchWorker(5908) - INFO - <BUILDID=N/A, WORKER=HW, WRKID=64, JOBID=1030> Adding model 3182 to our internal DB because modelInsertAndStart() failed to insert it: paramsHash=507d0ba6bd8a1885ca1e4857d7ee15aa, particleHash=069e609ae31cd26b415c2a3fc71744f4, particleId='67.0.0'
2015-06-30 09:16:10,731 - com.numenta.nupic.database.ClientJobsDAO.ClientJobsDAO(5908) - INFO - <BUILDID=N/A, WORKER=HW, WRKID=64, JOBID=1030> Model insert attempt failed with DUP_ENTRY: jobID=1030; paramsHash=507d0ba6bd8a1885ca1e4857d7ee15aa OR particleHash=98c8c5a1ac90d81778d624f9068df12a; IntegrityError(1062, u"Duplicate entry '1030-P}\\x0B\\xA6\\xBD\\x8A\\x18\\x85\\xCA\\x1EHW\\xD7\\xEE\\x15\\xAA' for key 'job_id'")
2015-06-30 09:16:10,748 - com.numenta.nupic.swarming.HypersearchWorker(5908) - INFO - <BUILDID=N/A, WORKER=HW, WRKID=64, JOBID=1030> Adding model 3182 to our internal DB because modelInsertAndStart() failed to insert it: paramsHash=507d0ba6bd8a1885ca1e4857d7ee15aa, particleHash=069e609ae31cd26b415c2a3fc71744f4, particleId='67.0.0'
2015-06-30 09:16:10,758 - com.numenta.nupic.database.ClientJobsDAO.ClientJobsDAO(5908) - INFO - <BUILDID=N/A, WORKER=HW, WRKID=64, JOBID=1030> Model insert attempt failed with DUP_ENTRY: jobID=1030; paramsHash=507d0ba6bd8a1885ca1e4857d7ee15aa OR particleHash=5b50194e9a5c89f03dbdaa22e04ba4fd; IntegrityError(1062, u"Duplicate entry '1030-P}\\x0B\\xA6\\xBD\\x8A\\x18\\x85\\xCA\\x1EHW\\xD7\\xEE\\x15\\xAA' for key 'job_id'")
2015-06-30 09:16:10,770 - com.numenta.nupic.swarming.HypersearchWorker(5908) - INFO - <BUILDID=N/A, WORKER=HW, WRKID=64, JOBID=1030> Adding model 3182 to our internal DB because modelInsertAndStart() failed to insert it: paramsHash=507d0ba6bd8a1885ca1e4857d7ee15aa, particleHash=069e609ae31cd26b415c2a3fc71744f4, particleId='67.0.0'
2015-06-30 09:16:10,791 - com.numenta.nupic.swarming.HypersearchV2.HypersearchV2(5908) - INFO - <BUILDID=N/A, WORKER=HW, WRKID=64, JOBID=1030> Completed generation #0 of swarm 'modelParams|sensorParams|encoders|euse' with a best errScore of inf
2015-06-30 09:16:10,880 - com.numenta.nupic.swarming.HypersearchWorker(5908) - INFO - <BUILDID=N/A, WORKER=HW, WRKID=64, JOBID=1030> Adding model 3214 to our internal DB because modelInsertAndStart() failed to insert it: paramsHash=8e31bf9920c1a98714120b76b21e58a4, particleHash=6d86a55fd7fa66fab83ad7206306875d, particleId='65.0.1'
2015-06-30 09:16:10,882 - com.numenta.nupic.swarming.HypersearchWorker(5908) - INFO - <BUILDID=N/A, WORKER=HW, WRKID=64, JOBID=1030> Adding model 3214 to our internal DB because modelInsertAndStart() failed to insert it: paramsHash=8e31bf9920c1a98714120b76b21e58a4, particleHash=6d86a55fd7fa66fab83ad7206306875d, particleId='65.0.1'
2015-06-30 09:16:10,884 - com.numenta.nupic.swarming.HypersearchWorker(5908) - INFO - <BUILDID=N/A, WORKER=HW, WRKID=64, JOBID=1030> Adding model 3214 to our internal DB because modelInsertAndStart() failed to insert it: paramsHash=8e31bf9920c1a98714120b76b21e58a4, particleHash=6d86a55fd7fa66fab83ad7206306875d, particleId='65.0.1'
2015-06-30 09:16:10,887 - com.numenta.nupic.swarming.HypersearchWorker(5908) - INFO - <BUILDID=N/A, WORKER=HW, WRKID=64, JOBID=1030> Adding model 3214 to our internal DB because modelInsertAndStart() failed to insert it: paramsHash=8e31bf9920c1a98714120b76b21e58a4, particleHash=6d86a55fd7fa66fab83ad7206306875d, particleId='65.0.1'
2015-06-30 09:16:10,889 - com.numenta.nupic.swarming.HypersearchWorker(5908) - INFO - <BUILDID=N/A, WORKER=HW, WRKID=64, JOBID=1030> Adding model 3214 to our internal DB because modelInsertAndStart() failed to insert it: paramsHash=8e31bf9920c1a98714120b76b21e58a4, particleHash=6d86a55fd7fa66fab83ad7206306875d, particleId='65.0.1'
2015-06-30 09:16:10,892 - com.numenta.nupic.swarming.HypersearchWorker(5908) - INFO - <BUILDID=N/A, WORKER=HW, WRKID=64, JOBID=1030> Adding model 3214 to our internal DB because modelInsertAndStart() failed to insert it: paramsHash=8e31bf9920c1a98714120b76b21e58a4, particleHash=6d86a55fd7fa66fab83ad7206306875d, particleId='65.0.1'
2015-06-30 09:16:10,894 - com.numenta.nupic.swarming.HypersearchWorker(5908) - INFO - <BUILDID=N/A, WORKER=HW, WRKID=64, JOBID=1030> Adding model 3214 to our internal DB because modelInsertAndStart() failed to insert it: paramsHash=8e31bf9920c1a98714120b76b21e58a4, particleHash=6d86a55fd7fa66fab83ad7206306875d, particleId='65.0.1'
2015-06-30 09:16:10,897 - com.numenta.nupic.swarming.HypersearchWorker(5908) - INFO - <BUILDID=N/A, WORKER=HW, WRKID=64, JOBID=1030> Adding model 3214 to our internal DB because modelInsertAndStart() failed to insert it: paramsHash=8e31bf9920c1a98714120b76b21e58a4, particleHash=6d86a55fd7fa66fab83ad7206306875d, particleId='65.0.1'
2015-06-30 09:16:10,899 - com.numenta.nupic.swarming.HypersearchWorker(5908) - INFO - <BUILDID=N/A, WORKER=HW, WRKID=64, JOBID=1030> Adding model 3214 to our internal DB because modelInsertAndStart() failed to insert it: paramsHash=8e31bf9920c1a98714120b76b21e58a4, particleHash=6d86a55fd7fa66fab83ad7206306875d, particleId='65.0.1'
2015-06-30 09:16:10,924 - com.numenta.nupic.swarming.HypersearchWorker(5908) - INFO - <BUILDID=N/A, WORKER=HW, WRKID=64, JOBID=1030> Adding model 3214 to our internal DB because modelInsertAndStart() failed to insert it: paramsHash=8e31bf9920c1a98714120b76b21e58a4, particleHash=6d86a55fd7fa66fab83ad7206306875d, particleId='65.0.1'
2015-06-30 09:16:10,986 - com.numenta.nupic.database.ClientJobsDAO.ClientJobsDAO(5908) - INFO - <BUILDID=N/A, WORKER=HW, WRKID=64, JOBID=1030> Model insert attempt failed with DUP_ENTRY: jobID=1030; paramsHash=d6ecb05f1e63ee1e95e00cebf30c57fe OR particleHash=5dd77db46829d7c09ffad1c7544449d0; IntegrityError(1062, u"Duplicate entry '1030-]\\xD7}\\xB4h)\\xD7\\xC0\\x9F\\xFA\\xD1\\xC7TDI\\xD0' for key 'job_id_2'")
2015-06-30 09:16:10,991 - com.numenta.nupic.swarming.HypersearchWorker(5908) - INFO - <BUILDID=N/A, WORKER=HW, WRKID=64, JOBID=1030> Adding model 3215 to our internal DB because modelInsertAndStart() failed to insert it: paramsHash=76fb2ea3a6eddef004330513b7a0375c, particleHash=5dd77db46829d7c09ffad1c7544449d0, particleId='67.0.1'
2015-06-30 09:16:10,999 - com.numenta.nupic.database.ClientJobsDAO.ClientJobsDAO(5908) - INFO - <BUILDID=N/A, WORKER=HW, WRKID=64, JOBID=1030> Model insert attempt failed with DUP_ENTRY: jobID=1030; paramsHash=d6ecb05f1e63ee1e95e00cebf30c57fe OR particleHash=5dd77db46829d7c09ffad1c7544449d0; IntegrityError(1062, u"Duplicate entry '1030-]\\xD7}\\xB4h)\\xD7\\xC0\\x9F\\xFA\\xD1\\xC7TDI\\xD0' for key 'job_id_2'")
2015-06-30 09:16:11,003 - com.numenta.nupic.swarming.HypersearchWorker(5908) - INFO - <BUILDID=N/A, WORKER=HW, WRKID=64, JOBID=1030> Adding model 3215 to our internal DB because modelInsertAndStart() failed to insert it: paramsHash=76fb2ea3a6eddef004330513b7a0375c, particleHash=5dd77db46829d7c09ffad1c7544449d0, particleId='67.0.1'
2015-06-30 09:16:11,007 - com.numenta.nupic.database.ClientJobsDAO.ClientJobsDAO(5908) - INFO - <BUILDID=N/A, WORKER=HW, WRKID=64, JOBID=1030> Model insert attempt failed with DUP_ENTRY: jobID=1030; paramsHash=d6ecb05f1e63ee1e95e00cebf30c57fe OR particleHash=5dd77db46829d7c09ffad1c7544449d0; IntegrityError(1062, u"Duplicate entry '1030-]\\xD7}\\xB4h)\\xD7\\xC0\\x9F\\xFA\\xD1\\xC7TDI\\xD0' for key 'job_id_2'")
2015-06-30 09:16:11,012 - com.numenta.nupic.swarming.HypersearchWorker(5908) - INFO - <BUILDID=N/A, WORKER=HW, WRKID=64, JOBID=1030> Adding model 3215 to our internal DB because modelInsertAndStart() failed to insert it: paramsHash=76fb2ea3a6eddef004330513b7a0375c, particleHash=5dd77db46829d7c09ffad1c7544449d0, particleId='67.0.1'
2015-06-30 09:16:11,016 - com.numenta.nupic.database.ClientJobsDAO.ClientJobsDAO(5908) - INFO - <BUILDID=N/A, WORKER=HW, WRKID=64, JOBID=1030> Model insert attempt failed with DUP_ENTRY: jobID=1030; paramsHash=d6ecb05f1e63ee1e95e00cebf30c57fe OR particleHash=5dd77db46829d7c09ffad1c7544449d0; IntegrityError(1062, u"Duplicate entry '1030-]\\xD7}\\xB4h)\\xD7\\xC0\\x9F\\xFA\\xD1\\xC7TDI\\xD0' for key 'job_id_2'")
2015-06-30 09:16:11,019 - com.numenta.nupic.swarming.HypersearchWorker(5908) - INFO - <BUILDID=N/A, WORKER=HW, WRKID=64, JOBID=1030> Adding model 3215 to our internal DB because modelInsertAndStart() failed to insert it: paramsHash=76fb2ea3a6eddef004330513b7a0375c, particleHash=5dd77db46829d7c09ffad1c7544449d0, particleId='67.0.1'
2015-06-30 09:16:11,022 - com.numenta.nupic.database.ClientJobsDAO.ClientJobsDAO(5908) - INFO - <BUILDID=N/A, WORKER=HW, WRKID=64, JOBID=1030> Model insert attempt failed with DUP_ENTRY: jobID=1030; paramsHash=d6ecb05f1e63ee1e95e00cebf30c57fe OR particleHash=5dd77db46829d7c09ffad1c7544449d0; IntegrityError(1062, u"Duplicate entry '1030-]\\xD7}\\xB4h)\\xD7\\xC0\\x9F\\xFA\\xD1\\xC7TDI\\xD0' for key 'job_id_2'")
2015-06-30 09:16:11,025 - com.numenta.nupic.swarming.HypersearchWorker(5908) - INFO - <BUILDID=N/A, WORKER=HW, WRKID=64, JOBID=1030> Adding model 3215 to our internal DB because modelInsertAndStart() failed to insert it: paramsHash=76fb2ea3a6eddef004330513b7a0375c, particleHash=5dd77db46829d7c09ffad1c7544449d0, particleId='67.0.1'
2015-06-30 09:16:11,028 - com.numenta.nupic.database.ClientJobsDAO.ClientJobsDAO(5908) - INFO - <BUILDID=N/A, WORKER=HW, WRKID=64, JOBID=1030> Model insert attempt failed with DUP_ENTRY: jobID=1030; paramsHash=d6ecb05f1e63ee1e95e00cebf30c57fe OR particleHash=5dd77db46829d7c09ffad1c7544449d0; IntegrityError(1062, u"Duplicate entry '1030-]\\xD7}\\xB4h)\\xD7\\xC0\\x9F\\xFA\\xD1\\xC7TDI\\xD0' for key 'job_id_2'")
2015-06-30 09:16:11,031 - com.numenta.nupic.swarming.HypersearchWorker(5908) - INFO - <BUILDID=N/A, WORKER=HW, WRKID=64, JOBID=1030> Adding model 3215 to our internal DB because modelInsertAndStart() failed to insert it: paramsHash=76fb2ea3a6eddef004330513b7a0375c, particleHash=5dd77db46829d7c09ffad1c7544449d0, particleId='67.0.1'
2015-06-30 09:16:11,034 - com.numenta.nupic.database.ClientJobsDAO.ClientJobsDAO(5908) - INFO - <BUILDID=N/A, WORKER=HW, WRKID=64, JOBID=1030> Model insert attempt failed with DUP_ENTRY: jobID=1030; paramsHash=d6ecb05f1e63ee1e95e00cebf30c57fe OR particleHash=5dd77db46829d7c09ffad1c7544449d0; IntegrityError(1062, u"Duplicate entry '1030-]\\xD7}\\xB4h)\\xD7\\xC0\\x9F\\xFA\\xD1\\xC7TDI\\xD0' for key 'job_id_2'")
2015-06-30 09:16:11,037 - com.numenta.nupic.swarming.HypersearchWorker(5908) - INFO - <BUILDID=N/A, WORKER=HW, WRKID=64, JOBID=1030> Adding model 3215 to our internal DB because modelInsertAndStart() failed to insert it: paramsHash=76fb2ea3a6eddef004330513b7a0375c, particleHash=5dd77db46829d7c09ffad1c7544449d0, particleId='67.0.1'
2015-06-30 09:16:11,040 - com.numenta.nupic.database.ClientJobsDAO.ClientJobsDAO(5908) - INFO - <BUILDID=N/A, WORKER=HW, WRKID=64, JOBID=1030> Model insert attempt failed with DUP_ENTRY: jobID=1030; paramsHash=d6ecb05f1e63ee1e95e00cebf30c57fe OR particleHash=5dd77db46829d7c09ffad1c7544449d0; IntegrityError(1062, u"Duplicate entry '1030-]\\xD7}\\xB4h)\\xD7\\xC0\\x9F\\xFA\\xD1\\xC7TDI\\xD0' for key 'job_id_2'")
2015-06-30 09:16:11,043 - com.numenta.nupic.swarming.HypersearchWorker(5908) - INFO - <BUILDID=N/A, WORKER=HW, WRKID=64, JOBID=1030> Adding model 3215 to our internal DB because modelInsertAndStart() failed to insert it: paramsHash=76fb2ea3a6eddef004330513b7a0375c, particleHash=5dd77db46829d7c09ffad1c7544449d0, particleId='67.0.1'
2015-06-30 09:16:11,046 - com.numenta.nupic.database.ClientJobsDAO.ClientJobsDAO(5908) - INFO - <BUILDID=N/A, WORKER=HW, WRKID=64, JOBID=1030> Model insert attempt failed with DUP_ENTRY: jobID=1030; paramsHash=d6ecb05f1e63ee1e95e00cebf30c57fe OR particleHash=5dd77db46829d7c09ffad1c7544449d0; IntegrityError(1062, u"Duplicate entry '1030-]\\xD7}\\xB4h)\\xD7\\xC0\\x9F\\xFA\\xD1\\xC7TDI\\xD0' for key 'job_id_2'")
2015-06-30 09:16:11,048 - com.numenta.nupic.swarming.HypersearchWorker(5908) - INFO - <BUILDID=N/A, WORKER=HW, WRKID=64, JOBID=1030> Adding model 3215 to our internal DB because modelInsertAndStart() failed to insert it: paramsHash=76fb2ea3a6eddef004330513b7a0375c, particleHash=5dd77db46829d7c09ffad1c7544449d0, particleId='67.0.1'
2015-06-30 09:16:11,051 - com.numenta.nupic.database.ClientJobsDAO.ClientJobsDAO(5908) - INFO - <BUILDID=N/A, WORKER=HW, WRKID=64, JOBID=1030> Model insert attempt failed with DUP_ENTRY: jobID=1030; paramsHash=d6ecb05f1e63ee1e95e00cebf30c57fe OR particleHash=5dd77db46829d7c09ffad1c7544449d0; IntegrityError(1062, u"Duplicate entry '1030-]\\xD7}\\xB4h)\\xD7\\xC0\\x9F\\xFA\\xD1\\xC7TDI\\xD0' for key 'job_id_2'")
2015-06-30 09:16:11,053 - com.numenta.nupic.swarming.HypersearchWorker(5908) - INFO - <BUILDID=N/A, WORKER=HW, WRKID=64, JOBID=1030> Adding model 3215 to our internal DB because modelInsertAndStart() failed to insert it: paramsHash=76fb2ea3a6eddef004330513b7a0375c, particleHash=5dd77db46829d7c09ffad1c7544449d0, particleId='67.0.1'
2015-06-30 09:16:11,095 - com.numenta.nupic.swarming.HypersearchV2.HypersearchV2(5908) - INFO - <BUILDID=N/A, WORKER=HW, WRKID=64, JOBID=1030> Active swarms changed to [] (from [u'modelParams|sensorParams|encoders|euse'])
2015-06-30 09:16:11,095 - com.numenta.nupic.swarming.HypersearchV2.HypersearchV2(5908) - INFO - <BUILDID=N/A, WORKER=HW, WRKID=64, JOBID=1030> Exiting because results did not improve in most recently completed sprint.
2015-06-30 09:16:11,101 - com.numenta.nupic.swarming.HypersearchV2.HypersearchV2(5908) - INFO - <BUILDID=N/A, WORKER=HW, WRKID=64, JOBID=1030> Failed updating the field contributions, another hypersearch worker must have updated it
2015-06-30 09:16:11,101 - com.numenta.nupic.swarming.HypersearchWorker(5908) - INFO - <BUILDID=N/A, WORKER=HW, WRKID=64, JOBID=1030> FINISHED. Evaluated 0 models.
