2014-12-27 09:37:19,420 - com.numenta.nupic.swarming.HypersearchWorker(6915) - INFO - <BUILDID=N/A, WORKER=HS, WRKID=N/A, JOBID=N/A> Launched with command line arguments: ['--jobID=1004']
2014-12-27 09:37:19,420 - com.numenta.nupic.swarming.HypersearchWorker(6915) - INFO - <BUILDID=N/A, WORKER=HS, WRKID=N/A, JOBID=N/A> Connecting to the jobs database
2014-12-27 09:37:19,421 - com.numenta.nupic.database.Connection.ConnectionFactory(6915) - INFO - <BUILDID=N/A, WORKER=HS, WRKID=N/A, JOBID=N/A> Creating db connection policy via provider <bound method type._createDefaultPolicy of <class 'nupic.database.Connection.ConnectionFactory'>>
2014-12-27 09:37:19,441 - com.numenta.nupic.database.Connection.PooledConnectionPolicy(6915) - INFO - <BUILDID=N/A, WORKER=HS, WRKID=N/A, JOBID=N/A> Created PooledConnectionPolicy
2014-12-27 09:37:19,453 - com.numenta.nupic.database.ClientJobsDAO.ClientJobsDAO(6915) - INFO - <BUILDID=N/A, WORKER=HS, WRKID=N/A, JOBID=N/A> clientJobsConnectionID=56
2014-12-27 09:37:19,464 - com.numenta.nupic.swarming.HypersearchWorker(6915) - INFO - <BUILDID=N/A, WORKER=HW, WRKID=56, JOBID=1004> Job info retrieved: {'engModelMilestones': 'None', 'clientInfo': '', 'numFailedWorkers': '0', 'engJobType': 'hypersearch', 'results': 'None', 'jobId': '1004', 'completionMsg': 'None', 'cancel': '0', 'engWorkerState': '{"sprints": [{"status": "active", "bestModelId": null, "bestErrS...', 'workerCompletionMsg': 'None', 'jobHash': "\x01rlE\x8d\xef\x11\xe4\x9c\x1f\x08\x00'\x16\xdf\xd4", 'genBaseDescription': '# --------------------------------------------------------------...', 'completionReason': 'None', 'priority': '0', 'cmdLine': '$HYPERSEARCH', 'params': '{"hsVersion": "v2", "maxModels": null, "persistentJobGUID": "017...', 'workerCompletionReason': 'success', 'engAllocateNewWorkers': '1', 'lastFailedWorkerErrorMsg': 'None', 'engUntendedDeadWorkers': '0', 'engLastUpdateTime': '2014-12-27 17:37:19', 'status': 'notStarted', 'engStatus': 'None', 'startTime': 'None', 'minimumWorkers': '1', 'endTime': 'None', 'engCjmConnId': 'None', 'genPermutations': '# --------------------------------------------------------------...', 'client': 'GRP', 'engCleaningStatus': 'notdone', 'clientKey': '', 'maximumWorkers': '4'}
2014-12-27 09:37:19,466 - com.numenta.nupic.swarming.HypersearchV2.HypersearchV2(6915) - INFO - <BUILDID=N/A, WORKER=HW, WRKID=56, JOBID=1004> searchParams: 
{u'description': {u'includedFields': [{u'fieldName': 'timestamp',
                                       u'fieldType': 'datetime'},
                                      {u'fieldName': 'kw_energy_consumption',
                                       u'fieldType': 'float',
                                       u'maxValue': '5.18',
                                       u'minValue': '0.0'}],
                  u'inferenceArgs': {u'predictedField': 'kw_energy_consumption',
                                     u'predictionSteps': ['1']},
                  u'inferenceType': 'TemporalMultiStep',
                  u'iterationCount': '-1',
                  u'streamDef': {u'info': 'kw_energy_consumption',
                                 u'streams': [{u'columns': ['*'],
                                               u'info': 'San Diego',
                                               u'source': 'file://sandiego.csv'}],
                                 u'version': '1'},
                  u'swarmSize': 'small'},
 u'hsVersion': 'v2',
 u'maxModels': 'None',
 u'persistentJobGUID': '01726c44-8def-11e4-9c1f-08002716dfd4',
 u'useTerminators': 'False'}
2014-12-27 09:37:19,593 - com.numenta.nupic.swarming.HypersearchV2.HypersearchV2(6915) - INFO - <BUILDID=N/A, WORKER=HW, WRKID=56, JOBID=1004> Active swarms changed to [u'modelParams|sensorParams|encoders|kw_energy_consumption'] (from None)
2014-12-27 09:37:19,677 - com.numenta.nupic.database.ClientJobsDAO.ClientJobsDAO(6915) - INFO - <BUILDID=N/A, WORKER=HW, WRKID=56, JOBID=1004> Model insert attempt failed with DUP_ENTRY: jobID=1004; paramsHash=0ef29c702faac17f2e7a49e1a9a11f3a OR particleHash=b186ca1b5352489467ffdf411b6aa6a3; IntegrityError(1062, u"Duplicate entry '1004-\\x0E\\xF2\\x9Cp/\\xAA\\xC1\\x7F.zI\\xE1\\xA9\\xA1\\x1F:' for key 'job_id'")
2014-12-27 09:37:19,681 - com.numenta.nupic.swarming.HypersearchWorker(6915) - INFO - <BUILDID=N/A, WORKER=HW, WRKID=56, JOBID=1004> Adding model 1277 to our internal DB because modelInsertAndStart() failed to insert it: paramsHash=0ef29c702faac17f2e7a49e1a9a11f3a, particleHash=1d88f2f528712452428a7a9599deac55, particleId='55.10.0'
2014-12-27 09:37:19,684 - com.numenta.nupic.database.ClientJobsDAO.ClientJobsDAO(6915) - INFO - <BUILDID=N/A, WORKER=HW, WRKID=56, JOBID=1004> Model insert attempt failed with DUP_ENTRY: jobID=1004; paramsHash=0ef29c702faac17f2e7a49e1a9a11f3a OR particleHash=07d9cffa293f88001d850ce50cf87f2b; IntegrityError(1062, u"Duplicate entry '1004-\\x0E\\xF2\\x9Cp/\\xAA\\xC1\\x7F.zI\\xE1\\xA9\\xA1\\x1F:' for key 'job_id'")
2014-12-27 09:37:19,687 - com.numenta.nupic.swarming.HypersearchWorker(6915) - INFO - <BUILDID=N/A, WORKER=HW, WRKID=56, JOBID=1004> Adding model 1277 to our internal DB because modelInsertAndStart() failed to insert it: paramsHash=0ef29c702faac17f2e7a49e1a9a11f3a, particleHash=1d88f2f528712452428a7a9599deac55, particleId='55.10.0'
2014-12-27 09:37:19,690 - com.numenta.nupic.database.ClientJobsDAO.ClientJobsDAO(6915) - INFO - <BUILDID=N/A, WORKER=HW, WRKID=56, JOBID=1004> Model insert attempt failed with DUP_ENTRY: jobID=1004; paramsHash=0ef29c702faac17f2e7a49e1a9a11f3a OR particleHash=01b5d725fe0b89c8d784b6880a87e037; IntegrityError(1062, u"Duplicate entry '1004-\\x0E\\xF2\\x9Cp/\\xAA\\xC1\\x7F.zI\\xE1\\xA9\\xA1\\x1F:' for key 'job_id'")
2014-12-27 09:37:19,693 - com.numenta.nupic.swarming.HypersearchWorker(6915) - INFO - <BUILDID=N/A, WORKER=HW, WRKID=56, JOBID=1004> Adding model 1277 to our internal DB because modelInsertAndStart() failed to insert it: paramsHash=0ef29c702faac17f2e7a49e1a9a11f3a, particleHash=1d88f2f528712452428a7a9599deac55, particleId='55.10.0'
2014-12-27 09:37:19,697 - com.numenta.nupic.database.ClientJobsDAO.ClientJobsDAO(6915) - INFO - <BUILDID=N/A, WORKER=HW, WRKID=56, JOBID=1004> Model insert attempt failed with DUP_ENTRY: jobID=1004; paramsHash=0ef29c702faac17f2e7a49e1a9a11f3a OR particleHash=0b4b67b2e2cef2ef2b71731c6f6c7f26; IntegrityError(1062, u"Duplicate entry '1004-\\x0E\\xF2\\x9Cp/\\xAA\\xC1\\x7F.zI\\xE1\\xA9\\xA1\\x1F:' for key 'job_id'")
2014-12-27 09:37:19,699 - com.numenta.nupic.swarming.HypersearchWorker(6915) - INFO - <BUILDID=N/A, WORKER=HW, WRKID=56, JOBID=1004> Adding model 1277 to our internal DB because modelInsertAndStart() failed to insert it: paramsHash=0ef29c702faac17f2e7a49e1a9a11f3a, particleHash=1d88f2f528712452428a7a9599deac55, particleId='55.10.0'
2014-12-27 09:37:19,703 - com.numenta.nupic.database.ClientJobsDAO.ClientJobsDAO(6915) - INFO - <BUILDID=N/A, WORKER=HW, WRKID=56, JOBID=1004> Model insert attempt failed with DUP_ENTRY: jobID=1004; paramsHash=0ef29c702faac17f2e7a49e1a9a11f3a OR particleHash=fb554e2bd5b5651353524f0224243534; IntegrityError(1062, u"Duplicate entry '1004-\\x0E\\xF2\\x9Cp/\\xAA\\xC1\\x7F.zI\\xE1\\xA9\\xA1\\x1F:' for key 'job_id'")
2014-12-27 09:37:19,707 - com.numenta.nupic.swarming.HypersearchWorker(6915) - INFO - <BUILDID=N/A, WORKER=HW, WRKID=56, JOBID=1004> Adding model 1277 to our internal DB because modelInsertAndStart() failed to insert it: paramsHash=0ef29c702faac17f2e7a49e1a9a11f3a, particleHash=1d88f2f528712452428a7a9599deac55, particleId='55.10.0'
2014-12-27 09:37:19,710 - com.numenta.nupic.database.ClientJobsDAO.ClientJobsDAO(6915) - INFO - <BUILDID=N/A, WORKER=HW, WRKID=56, JOBID=1004> Model insert attempt failed with DUP_ENTRY: jobID=1004; paramsHash=0ef29c702faac17f2e7a49e1a9a11f3a OR particleHash=4de0a5b4562532e516924d019be7706d; IntegrityError(1062, u"Duplicate entry '1004-\\x0E\\xF2\\x9Cp/\\xAA\\xC1\\x7F.zI\\xE1\\xA9\\xA1\\x1F:' for key 'job_id'")
2014-12-27 09:37:19,713 - com.numenta.nupic.swarming.HypersearchWorker(6915) - INFO - <BUILDID=N/A, WORKER=HW, WRKID=56, JOBID=1004> Adding model 1277 to our internal DB because modelInsertAndStart() failed to insert it: paramsHash=0ef29c702faac17f2e7a49e1a9a11f3a, particleHash=1d88f2f528712452428a7a9599deac55, particleId='55.10.0'
2014-12-27 09:37:19,718 - com.numenta.nupic.database.ClientJobsDAO.ClientJobsDAO(6915) - INFO - <BUILDID=N/A, WORKER=HW, WRKID=56, JOBID=1004> Model insert attempt failed with DUP_ENTRY: jobID=1004; paramsHash=0ef29c702faac17f2e7a49e1a9a11f3a OR particleHash=84bdd90ad409c28defe8c7fd63705106; IntegrityError(1062, u"Duplicate entry '1004-\\x0E\\xF2\\x9Cp/\\xAA\\xC1\\x7F.zI\\xE1\\xA9\\xA1\\x1F:' for key 'job_id'")
2014-12-27 09:37:19,722 - com.numenta.nupic.swarming.HypersearchWorker(6915) - INFO - <BUILDID=N/A, WORKER=HW, WRKID=56, JOBID=1004> Adding model 1277 to our internal DB because modelInsertAndStart() failed to insert it: paramsHash=0ef29c702faac17f2e7a49e1a9a11f3a, particleHash=1d88f2f528712452428a7a9599deac55, particleId='55.10.0'
2014-12-27 09:37:19,726 - com.numenta.nupic.database.ClientJobsDAO.ClientJobsDAO(6915) - INFO - <BUILDID=N/A, WORKER=HW, WRKID=56, JOBID=1004> Model insert attempt failed with DUP_ENTRY: jobID=1004; paramsHash=0ef29c702faac17f2e7a49e1a9a11f3a OR particleHash=ddc5d8210780883c01d35fac8ba517d2; IntegrityError(1062, u"Duplicate entry '1004-\\x0E\\xF2\\x9Cp/\\xAA\\xC1\\x7F.zI\\xE1\\xA9\\xA1\\x1F:' for key 'job_id'")
2014-12-27 09:37:19,730 - com.numenta.nupic.swarming.HypersearchWorker(6915) - INFO - <BUILDID=N/A, WORKER=HW, WRKID=56, JOBID=1004> Adding model 1277 to our internal DB because modelInsertAndStart() failed to insert it: paramsHash=0ef29c702faac17f2e7a49e1a9a11f3a, particleHash=1d88f2f528712452428a7a9599deac55, particleId='55.10.0'
2014-12-27 09:37:19,734 - com.numenta.nupic.database.ClientJobsDAO.ClientJobsDAO(6915) - INFO - <BUILDID=N/A, WORKER=HW, WRKID=56, JOBID=1004> Model insert attempt failed with DUP_ENTRY: jobID=1004; paramsHash=0ef29c702faac17f2e7a49e1a9a11f3a OR particleHash=52d9cb2500ca1609b65067fa64ca0919; IntegrityError(1062, u"Duplicate entry '1004-\\x0E\\xF2\\x9Cp/\\xAA\\xC1\\x7F.zI\\xE1\\xA9\\xA1\\x1F:' for key 'job_id'")
2014-12-27 09:37:19,736 - com.numenta.nupic.swarming.HypersearchWorker(6915) - INFO - <BUILDID=N/A, WORKER=HW, WRKID=56, JOBID=1004> Adding model 1277 to our internal DB because modelInsertAndStart() failed to insert it: paramsHash=0ef29c702faac17f2e7a49e1a9a11f3a, particleHash=1d88f2f528712452428a7a9599deac55, particleId='55.10.0'
2014-12-27 09:37:19,740 - com.numenta.nupic.database.ClientJobsDAO.ClientJobsDAO(6915) - INFO - <BUILDID=N/A, WORKER=HW, WRKID=56, JOBID=1004> Model insert attempt failed with DUP_ENTRY: jobID=1004; paramsHash=0ef29c702faac17f2e7a49e1a9a11f3a OR particleHash=78d64ac1c597e30d75afe427942a4cdb; IntegrityError(1062, u"Duplicate entry '1004-\\x0E\\xF2\\x9Cp/\\xAA\\xC1\\x7F.zI\\xE1\\xA9\\xA1\\x1F:' for key 'job_id'")
2014-12-27 09:37:19,744 - com.numenta.nupic.swarming.HypersearchWorker(6915) - INFO - <BUILDID=N/A, WORKER=HW, WRKID=56, JOBID=1004> Adding model 1277 to our internal DB because modelInsertAndStart() failed to insert it: paramsHash=0ef29c702faac17f2e7a49e1a9a11f3a, particleHash=1d88f2f528712452428a7a9599deac55, particleId='55.10.0'
2014-12-27 09:37:19,751 - com.numenta.nupic.swarming.HypersearchV2.HypersearchV2(6915) - INFO - <BUILDID=N/A, WORKER=HW, WRKID=56, JOBID=1004> Completed generation #0 of swarm 'modelParams|sensorParams|encoders|kw_energy_consumption' with a best errScore of inf
2014-12-27 09:37:19,798 - com.numenta.nupic.swarming.HypersearchWorker(6915) - INFO - <BUILDID=N/A, WORKER=HW, WRKID=56, JOBID=1004> Adding model 1289 to our internal DB because modelInsertAndStart() failed to insert it: paramsHash=82447107c1d57318b4b297c7580b4921, particleHash=79ed5c93c39c9aaaffcf7a67f3f35b73, particleId='55.0.1'
2014-12-27 09:37:19,802 - com.numenta.nupic.swarming.HypersearchWorker(6915) - INFO - <BUILDID=N/A, WORKER=HW, WRKID=56, JOBID=1004> Adding model 1289 to our internal DB because modelInsertAndStart() failed to insert it: paramsHash=82447107c1d57318b4b297c7580b4921, particleHash=79ed5c93c39c9aaaffcf7a67f3f35b73, particleId='55.0.1'
2014-12-27 09:37:19,805 - com.numenta.nupic.swarming.HypersearchWorker(6915) - INFO - <BUILDID=N/A, WORKER=HW, WRKID=56, JOBID=1004> Adding model 1289 to our internal DB because modelInsertAndStart() failed to insert it: paramsHash=82447107c1d57318b4b297c7580b4921, particleHash=79ed5c93c39c9aaaffcf7a67f3f35b73, particleId='55.0.1'
2014-12-27 09:37:19,809 - com.numenta.nupic.swarming.HypersearchWorker(6915) - INFO - <BUILDID=N/A, WORKER=HW, WRKID=56, JOBID=1004> Adding model 1289 to our internal DB because modelInsertAndStart() failed to insert it: paramsHash=82447107c1d57318b4b297c7580b4921, particleHash=79ed5c93c39c9aaaffcf7a67f3f35b73, particleId='55.0.1'
2014-12-27 09:37:19,813 - com.numenta.nupic.swarming.HypersearchWorker(6915) - INFO - <BUILDID=N/A, WORKER=HW, WRKID=56, JOBID=1004> Adding model 1289 to our internal DB because modelInsertAndStart() failed to insert it: paramsHash=82447107c1d57318b4b297c7580b4921, particleHash=79ed5c93c39c9aaaffcf7a67f3f35b73, particleId='55.0.1'
2014-12-27 09:37:19,815 - com.numenta.nupic.swarming.HypersearchWorker(6915) - INFO - <BUILDID=N/A, WORKER=HW, WRKID=56, JOBID=1004> Adding model 1289 to our internal DB because modelInsertAndStart() failed to insert it: paramsHash=82447107c1d57318b4b297c7580b4921, particleHash=79ed5c93c39c9aaaffcf7a67f3f35b73, particleId='55.0.1'
2014-12-27 09:37:19,818 - com.numenta.nupic.swarming.HypersearchWorker(6915) - INFO - <BUILDID=N/A, WORKER=HW, WRKID=56, JOBID=1004> Adding model 1289 to our internal DB because modelInsertAndStart() failed to insert it: paramsHash=82447107c1d57318b4b297c7580b4921, particleHash=79ed5c93c39c9aaaffcf7a67f3f35b73, particleId='55.0.1'
2014-12-27 09:37:19,820 - com.numenta.nupic.swarming.HypersearchWorker(6915) - INFO - <BUILDID=N/A, WORKER=HW, WRKID=56, JOBID=1004> Adding model 1289 to our internal DB because modelInsertAndStart() failed to insert it: paramsHash=82447107c1d57318b4b297c7580b4921, particleHash=79ed5c93c39c9aaaffcf7a67f3f35b73, particleId='55.0.1'
2014-12-27 09:37:19,823 - com.numenta.nupic.swarming.HypersearchWorker(6915) - INFO - <BUILDID=N/A, WORKER=HW, WRKID=56, JOBID=1004> Adding model 1289 to our internal DB because modelInsertAndStart() failed to insert it: paramsHash=82447107c1d57318b4b297c7580b4921, particleHash=79ed5c93c39c9aaaffcf7a67f3f35b73, particleId='55.0.1'
2014-12-27 09:37:19,826 - com.numenta.nupic.swarming.HypersearchWorker(6915) - INFO - <BUILDID=N/A, WORKER=HW, WRKID=56, JOBID=1004> Adding model 1289 to our internal DB because modelInsertAndStart() failed to insert it: paramsHash=82447107c1d57318b4b297c7580b4921, particleHash=79ed5c93c39c9aaaffcf7a67f3f35b73, particleId='55.0.1'
2014-12-27 09:37:19,880 - com.numenta.nupic.database.ClientJobsDAO.ClientJobsDAO(6915) - INFO - <BUILDID=N/A, WORKER=HW, WRKID=56, JOBID=1004> Model insert attempt failed with DUP_ENTRY: jobID=1004; paramsHash=64ee87e1fc85a50b6238a83ad6fd62da OR particleHash=da562abed4f72bdfaab4debbe9573828; IntegrityError(1062, u"Duplicate entry '1004-\\xDAV*\\xBE\\xD4\\xF7+\\xDF\\xAA\\xB4\\xDE\\xBB\\xE9W8(' for key 'job_id_2'")
2014-12-27 09:37:19,883 - com.numenta.nupic.swarming.HypersearchWorker(6915) - INFO - <BUILDID=N/A, WORKER=HW, WRKID=56, JOBID=1004> Adding model 1290 to our internal DB because modelInsertAndStart() failed to insert it: paramsHash=54a66e30fe2eacf2eb9f523c28210f24, particleHash=da562abed4f72bdfaab4debbe9573828, particleId='55.10.1'
2014-12-27 09:37:19,890 - com.numenta.nupic.database.ClientJobsDAO.ClientJobsDAO(6915) - INFO - <BUILDID=N/A, WORKER=HW, WRKID=56, JOBID=1004> Model insert attempt failed with DUP_ENTRY: jobID=1004; paramsHash=64ee87e1fc85a50b6238a83ad6fd62da OR particleHash=da562abed4f72bdfaab4debbe9573828; IntegrityError(1062, u"Duplicate entry '1004-\\xDAV*\\xBE\\xD4\\xF7+\\xDF\\xAA\\xB4\\xDE\\xBB\\xE9W8(' for key 'job_id_2'")
2014-12-27 09:37:19,895 - com.numenta.nupic.swarming.HypersearchWorker(6915) - INFO - <BUILDID=N/A, WORKER=HW, WRKID=56, JOBID=1004> Adding model 1290 to our internal DB because modelInsertAndStart() failed to insert it: paramsHash=54a66e30fe2eacf2eb9f523c28210f24, particleHash=da562abed4f72bdfaab4debbe9573828, particleId='55.10.1'
2014-12-27 09:37:19,899 - com.numenta.nupic.database.ClientJobsDAO.ClientJobsDAO(6915) - INFO - <BUILDID=N/A, WORKER=HW, WRKID=56, JOBID=1004> Model insert attempt failed with DUP_ENTRY: jobID=1004; paramsHash=64ee87e1fc85a50b6238a83ad6fd62da OR particleHash=da562abed4f72bdfaab4debbe9573828; IntegrityError(1062, u"Duplicate entry '1004-\\xDAV*\\xBE\\xD4\\xF7+\\xDF\\xAA\\xB4\\xDE\\xBB\\xE9W8(' for key 'job_id_2'")
2014-12-27 09:37:19,901 - com.numenta.nupic.swarming.HypersearchWorker(6915) - INFO - <BUILDID=N/A, WORKER=HW, WRKID=56, JOBID=1004> Adding model 1290 to our internal DB because modelInsertAndStart() failed to insert it: paramsHash=54a66e30fe2eacf2eb9f523c28210f24, particleHash=da562abed4f72bdfaab4debbe9573828, particleId='55.10.1'
2014-12-27 09:37:19,905 - com.numenta.nupic.database.ClientJobsDAO.ClientJobsDAO(6915) - INFO - <BUILDID=N/A, WORKER=HW, WRKID=56, JOBID=1004> Model insert attempt failed with DUP_ENTRY: jobID=1004; paramsHash=64ee87e1fc85a50b6238a83ad6fd62da OR particleHash=da562abed4f72bdfaab4debbe9573828; IntegrityError(1062, u"Duplicate entry '1004-\\xDAV*\\xBE\\xD4\\xF7+\\xDF\\xAA\\xB4\\xDE\\xBB\\xE9W8(' for key 'job_id_2'")
2014-12-27 09:37:19,908 - com.numenta.nupic.swarming.HypersearchWorker(6915) - INFO - <BUILDID=N/A, WORKER=HW, WRKID=56, JOBID=1004> Adding model 1290 to our internal DB because modelInsertAndStart() failed to insert it: paramsHash=54a66e30fe2eacf2eb9f523c28210f24, particleHash=da562abed4f72bdfaab4debbe9573828, particleId='55.10.1'
2014-12-27 09:37:19,911 - com.numenta.nupic.database.ClientJobsDAO.ClientJobsDAO(6915) - INFO - <BUILDID=N/A, WORKER=HW, WRKID=56, JOBID=1004> Model insert attempt failed with DUP_ENTRY: jobID=1004; paramsHash=64ee87e1fc85a50b6238a83ad6fd62da OR particleHash=da562abed4f72bdfaab4debbe9573828; IntegrityError(1062, u"Duplicate entry '1004-\\xDAV*\\xBE\\xD4\\xF7+\\xDF\\xAA\\xB4\\xDE\\xBB\\xE9W8(' for key 'job_id_2'")
2014-12-27 09:37:19,914 - com.numenta.nupic.swarming.HypersearchWorker(6915) - INFO - <BUILDID=N/A, WORKER=HW, WRKID=56, JOBID=1004> Adding model 1290 to our internal DB because modelInsertAndStart() failed to insert it: paramsHash=54a66e30fe2eacf2eb9f523c28210f24, particleHash=da562abed4f72bdfaab4debbe9573828, particleId='55.10.1'
2014-12-27 09:37:19,920 - com.numenta.nupic.database.ClientJobsDAO.ClientJobsDAO(6915) - INFO - <BUILDID=N/A, WORKER=HW, WRKID=56, JOBID=1004> Model insert attempt failed with DUP_ENTRY: jobID=1004; paramsHash=64ee87e1fc85a50b6238a83ad6fd62da OR particleHash=da562abed4f72bdfaab4debbe9573828; IntegrityError(1062, u"Duplicate entry '1004-\\xDAV*\\xBE\\xD4\\xF7+\\xDF\\xAA\\xB4\\xDE\\xBB\\xE9W8(' for key 'job_id_2'")
2014-12-27 09:37:19,923 - com.numenta.nupic.swarming.HypersearchWorker(6915) - INFO - <BUILDID=N/A, WORKER=HW, WRKID=56, JOBID=1004> Adding model 1290 to our internal DB because modelInsertAndStart() failed to insert it: paramsHash=54a66e30fe2eacf2eb9f523c28210f24, particleHash=da562abed4f72bdfaab4debbe9573828, particleId='55.10.1'
2014-12-27 09:37:19,926 - com.numenta.nupic.database.ClientJobsDAO.ClientJobsDAO(6915) - INFO - <BUILDID=N/A, WORKER=HW, WRKID=56, JOBID=1004> Model insert attempt failed with DUP_ENTRY: jobID=1004; paramsHash=64ee87e1fc85a50b6238a83ad6fd62da OR particleHash=da562abed4f72bdfaab4debbe9573828; IntegrityError(1062, u"Duplicate entry '1004-\\xDAV*\\xBE\\xD4\\xF7+\\xDF\\xAA\\xB4\\xDE\\xBB\\xE9W8(' for key 'job_id_2'")
2014-12-27 09:37:19,929 - com.numenta.nupic.swarming.HypersearchWorker(6915) - INFO - <BUILDID=N/A, WORKER=HW, WRKID=56, JOBID=1004> Adding model 1290 to our internal DB because modelInsertAndStart() failed to insert it: paramsHash=54a66e30fe2eacf2eb9f523c28210f24, particleHash=da562abed4f72bdfaab4debbe9573828, particleId='55.10.1'
2014-12-27 09:37:19,932 - com.numenta.nupic.database.ClientJobsDAO.ClientJobsDAO(6915) - INFO - <BUILDID=N/A, WORKER=HW, WRKID=56, JOBID=1004> Model insert attempt failed with DUP_ENTRY: jobID=1004; paramsHash=64ee87e1fc85a50b6238a83ad6fd62da OR particleHash=da562abed4f72bdfaab4debbe9573828; IntegrityError(1062, u"Duplicate entry '1004-\\xDAV*\\xBE\\xD4\\xF7+\\xDF\\xAA\\xB4\\xDE\\xBB\\xE9W8(' for key 'job_id_2'")
2014-12-27 09:37:19,937 - com.numenta.nupic.swarming.HypersearchWorker(6915) - INFO - <BUILDID=N/A, WORKER=HW, WRKID=56, JOBID=1004> Adding model 1290 to our internal DB because modelInsertAndStart() failed to insert it: paramsHash=54a66e30fe2eacf2eb9f523c28210f24, particleHash=da562abed4f72bdfaab4debbe9573828, particleId='55.10.1'
2014-12-27 09:37:19,940 - com.numenta.nupic.database.ClientJobsDAO.ClientJobsDAO(6915) - INFO - <BUILDID=N/A, WORKER=HW, WRKID=56, JOBID=1004> Model insert attempt failed with DUP_ENTRY: jobID=1004; paramsHash=64ee87e1fc85a50b6238a83ad6fd62da OR particleHash=da562abed4f72bdfaab4debbe9573828; IntegrityError(1062, u"Duplicate entry '1004-\\xDAV*\\xBE\\xD4\\xF7+\\xDF\\xAA\\xB4\\xDE\\xBB\\xE9W8(' for key 'job_id_2'")
2014-12-27 09:37:19,942 - com.numenta.nupic.swarming.HypersearchWorker(6915) - INFO - <BUILDID=N/A, WORKER=HW, WRKID=56, JOBID=1004> Adding model 1290 to our internal DB because modelInsertAndStart() failed to insert it: paramsHash=54a66e30fe2eacf2eb9f523c28210f24, particleHash=da562abed4f72bdfaab4debbe9573828, particleId='55.10.1'
2014-12-27 09:37:19,945 - com.numenta.nupic.database.ClientJobsDAO.ClientJobsDAO(6915) - INFO - <BUILDID=N/A, WORKER=HW, WRKID=56, JOBID=1004> Model insert attempt failed with DUP_ENTRY: jobID=1004; paramsHash=64ee87e1fc85a50b6238a83ad6fd62da OR particleHash=da562abed4f72bdfaab4debbe9573828; IntegrityError(1062, u"Duplicate entry '1004-\\xDAV*\\xBE\\xD4\\xF7+\\xDF\\xAA\\xB4\\xDE\\xBB\\xE9W8(' for key 'job_id_2'")
2014-12-27 09:37:19,947 - com.numenta.nupic.swarming.HypersearchWorker(6915) - INFO - <BUILDID=N/A, WORKER=HW, WRKID=56, JOBID=1004> Adding model 1290 to our internal DB because modelInsertAndStart() failed to insert it: paramsHash=54a66e30fe2eacf2eb9f523c28210f24, particleHash=da562abed4f72bdfaab4debbe9573828, particleId='55.10.1'
2014-12-27 09:37:20,004 - com.numenta.nupic.database.ClientJobsDAO.ClientJobsDAO(6915) - INFO - <BUILDID=N/A, WORKER=HW, WRKID=56, JOBID=1004> Model insert attempt failed with DUP_ENTRY: jobID=1004; paramsHash=359ba31c92f4c66583c3387bd157a1c7 OR particleHash=3ccc6452333fe592fc44bf9476fc8201; IntegrityError(1062, u"Duplicate entry '1004-<\\xCCdR3?\\xE5\\x92\\xFCD\\xBF\\x94v\\xFC\\x82\\x01' for key 'job_id_2'")
2014-12-27 09:37:20,007 - com.numenta.nupic.swarming.HypersearchWorker(6915) - INFO - <BUILDID=N/A, WORKER=HW, WRKID=56, JOBID=1004> Adding model 1301 to our internal DB because modelInsertAndStart() failed to insert it: paramsHash=ec01b8fbc31c102265c273f29975305f, particleHash=3ccc6452333fe592fc44bf9476fc8201, particleId='55.20.1'
2014-12-27 09:37:20,010 - com.numenta.nupic.database.ClientJobsDAO.ClientJobsDAO(6915) - INFO - <BUILDID=N/A, WORKER=HW, WRKID=56, JOBID=1004> Model insert attempt failed with DUP_ENTRY: jobID=1004; paramsHash=359ba31c92f4c66583c3387bd157a1c7 OR particleHash=3ccc6452333fe592fc44bf9476fc8201; IntegrityError(1062, u"Duplicate entry '1004-<\\xCCdR3?\\xE5\\x92\\xFCD\\xBF\\x94v\\xFC\\x82\\x01' for key 'job_id_2'")
2014-12-27 09:37:20,013 - com.numenta.nupic.swarming.HypersearchWorker(6915) - INFO - <BUILDID=N/A, WORKER=HW, WRKID=56, JOBID=1004> Adding model 1301 to our internal DB because modelInsertAndStart() failed to insert it: paramsHash=ec01b8fbc31c102265c273f29975305f, particleHash=3ccc6452333fe592fc44bf9476fc8201, particleId='55.20.1'
2014-12-27 09:37:20,024 - com.numenta.nupic.database.ClientJobsDAO.ClientJobsDAO(6915) - INFO - <BUILDID=N/A, WORKER=HW, WRKID=56, JOBID=1004> Model insert attempt failed with DUP_ENTRY: jobID=1004; paramsHash=359ba31c92f4c66583c3387bd157a1c7 OR particleHash=3ccc6452333fe592fc44bf9476fc8201; IntegrityError(1062, u"Duplicate entry '1004-<\\xCCdR3?\\xE5\\x92\\xFCD\\xBF\\x94v\\xFC\\x82\\x01' for key 'job_id_2'")
2014-12-27 09:37:20,036 - com.numenta.nupic.swarming.HypersearchWorker(6915) - INFO - <BUILDID=N/A, WORKER=HW, WRKID=56, JOBID=1004> Adding model 1301 to our internal DB because modelInsertAndStart() failed to insert it: paramsHash=ec01b8fbc31c102265c273f29975305f, particleHash=3ccc6452333fe592fc44bf9476fc8201, particleId='55.20.1'
2014-12-27 09:37:20,044 - com.numenta.nupic.database.ClientJobsDAO.ClientJobsDAO(6915) - INFO - <BUILDID=N/A, WORKER=HW, WRKID=56, JOBID=1004> Model insert attempt failed with DUP_ENTRY: jobID=1004; paramsHash=359ba31c92f4c66583c3387bd157a1c7 OR particleHash=3ccc6452333fe592fc44bf9476fc8201; IntegrityError(1062, u"Duplicate entry '1004-<\\xCCdR3?\\xE5\\x92\\xFCD\\xBF\\x94v\\xFC\\x82\\x01' for key 'job_id_2'")
2014-12-27 09:37:20,050 - com.numenta.nupic.swarming.HypersearchWorker(6915) - INFO - <BUILDID=N/A, WORKER=HW, WRKID=56, JOBID=1004> Adding model 1301 to our internal DB because modelInsertAndStart() failed to insert it: paramsHash=ec01b8fbc31c102265c273f29975305f, particleHash=3ccc6452333fe592fc44bf9476fc8201, particleId='55.20.1'
2014-12-27 09:37:20,060 - com.numenta.nupic.database.ClientJobsDAO.ClientJobsDAO(6915) - INFO - <BUILDID=N/A, WORKER=HW, WRKID=56, JOBID=1004> Model insert attempt failed with DUP_ENTRY: jobID=1004; paramsHash=359ba31c92f4c66583c3387bd157a1c7 OR particleHash=3ccc6452333fe592fc44bf9476fc8201; IntegrityError(1062, u"Duplicate entry '1004-<\\xCCdR3?\\xE5\\x92\\xFCD\\xBF\\x94v\\xFC\\x82\\x01' for key 'job_id_2'")
2014-12-27 09:37:20,063 - com.numenta.nupic.swarming.HypersearchWorker(6915) - INFO - <BUILDID=N/A, WORKER=HW, WRKID=56, JOBID=1004> Adding model 1301 to our internal DB because modelInsertAndStart() failed to insert it: paramsHash=ec01b8fbc31c102265c273f29975305f, particleHash=3ccc6452333fe592fc44bf9476fc8201, particleId='55.20.1'
2014-12-27 09:37:20,067 - com.numenta.nupic.database.ClientJobsDAO.ClientJobsDAO(6915) - INFO - <BUILDID=N/A, WORKER=HW, WRKID=56, JOBID=1004> Model insert attempt failed with DUP_ENTRY: jobID=1004; paramsHash=359ba31c92f4c66583c3387bd157a1c7 OR particleHash=3ccc6452333fe592fc44bf9476fc8201; IntegrityError(1062, u"Duplicate entry '1004-<\\xCCdR3?\\xE5\\x92\\xFCD\\xBF\\x94v\\xFC\\x82\\x01' for key 'job_id_2'")
2014-12-27 09:37:20,073 - com.numenta.nupic.swarming.HypersearchWorker(6915) - INFO - <BUILDID=N/A, WORKER=HW, WRKID=56, JOBID=1004> Adding model 1301 to our internal DB because modelInsertAndStart() failed to insert it: paramsHash=ec01b8fbc31c102265c273f29975305f, particleHash=3ccc6452333fe592fc44bf9476fc8201, particleId='55.20.1'
2014-12-27 09:37:20,077 - com.numenta.nupic.database.ClientJobsDAO.ClientJobsDAO(6915) - INFO - <BUILDID=N/A, WORKER=HW, WRKID=56, JOBID=1004> Model insert attempt failed with DUP_ENTRY: jobID=1004; paramsHash=359ba31c92f4c66583c3387bd157a1c7 OR particleHash=3ccc6452333fe592fc44bf9476fc8201; IntegrityError(1062, u"Duplicate entry '1004-<\\xCCdR3?\\xE5\\x92\\xFCD\\xBF\\x94v\\xFC\\x82\\x01' for key 'job_id_2'")
2014-12-27 09:37:20,084 - com.numenta.nupic.swarming.HypersearchWorker(6915) - INFO - <BUILDID=N/A, WORKER=HW, WRKID=56, JOBID=1004> Adding model 1301 to our internal DB because modelInsertAndStart() failed to insert it: paramsHash=ec01b8fbc31c102265c273f29975305f, particleHash=3ccc6452333fe592fc44bf9476fc8201, particleId='55.20.1'
2014-12-27 09:37:20,087 - com.numenta.nupic.database.ClientJobsDAO.ClientJobsDAO(6915) - INFO - <BUILDID=N/A, WORKER=HW, WRKID=56, JOBID=1004> Model insert attempt failed with DUP_ENTRY: jobID=1004; paramsHash=359ba31c92f4c66583c3387bd157a1c7 OR particleHash=3ccc6452333fe592fc44bf9476fc8201; IntegrityError(1062, u"Duplicate entry '1004-<\\xCCdR3?\\xE5\\x92\\xFCD\\xBF\\x94v\\xFC\\x82\\x01' for key 'job_id_2'")
2014-12-27 09:37:20,090 - com.numenta.nupic.swarming.HypersearchWorker(6915) - INFO - <BUILDID=N/A, WORKER=HW, WRKID=56, JOBID=1004> Adding model 1301 to our internal DB because modelInsertAndStart() failed to insert it: paramsHash=ec01b8fbc31c102265c273f29975305f, particleHash=3ccc6452333fe592fc44bf9476fc8201, particleId='55.20.1'
2014-12-27 09:37:20,093 - com.numenta.nupic.database.ClientJobsDAO.ClientJobsDAO(6915) - INFO - <BUILDID=N/A, WORKER=HW, WRKID=56, JOBID=1004> Model insert attempt failed with DUP_ENTRY: jobID=1004; paramsHash=359ba31c92f4c66583c3387bd157a1c7 OR particleHash=3ccc6452333fe592fc44bf9476fc8201; IntegrityError(1062, u"Duplicate entry '1004-<\\xCCdR3?\\xE5\\x92\\xFCD\\xBF\\x94v\\xFC\\x82\\x01' for key 'job_id_2'")
2014-12-27 09:37:20,097 - com.numenta.nupic.swarming.HypersearchWorker(6915) - INFO - <BUILDID=N/A, WORKER=HW, WRKID=56, JOBID=1004> Adding model 1301 to our internal DB because modelInsertAndStart() failed to insert it: paramsHash=ec01b8fbc31c102265c273f29975305f, particleHash=3ccc6452333fe592fc44bf9476fc8201, particleId='55.20.1'
2014-12-27 09:37:20,101 - com.numenta.nupic.database.ClientJobsDAO.ClientJobsDAO(6915) - INFO - <BUILDID=N/A, WORKER=HW, WRKID=56, JOBID=1004> Model insert attempt failed with DUP_ENTRY: jobID=1004; paramsHash=359ba31c92f4c66583c3387bd157a1c7 OR particleHash=3ccc6452333fe592fc44bf9476fc8201; IntegrityError(1062, u"Duplicate entry '1004-<\\xCCdR3?\\xE5\\x92\\xFCD\\xBF\\x94v\\xFC\\x82\\x01' for key 'job_id_2'")
2014-12-27 09:37:20,106 - com.numenta.nupic.swarming.HypersearchWorker(6915) - INFO - <BUILDID=N/A, WORKER=HW, WRKID=56, JOBID=1004> Adding model 1301 to our internal DB because modelInsertAndStart() failed to insert it: paramsHash=ec01b8fbc31c102265c273f29975305f, particleHash=3ccc6452333fe592fc44bf9476fc8201, particleId='55.20.1'
2014-12-27 09:37:20,113 - com.numenta.nupic.swarming.HypersearchV2.HypersearchV2(6915) - ERROR - <BUILDID=N/A, WORKER=HW, WRKID=56, JOBID=1004> Exiting because some worker set the workerCompletionReason to error. WorkerCompletionMsg: E10002: Exiting due to receiving too many models failing from exceptions (6 out of 6). 
Model Exception: Exception occurred while running model 1283: Exception(u'Invalid file format for "/home/pat/workspace/nupic/examples/opf/clients/hotgym/prediction/sandiego/sandiego.csv" - field type ""2011-02-01 01:00:00"" not one of (\'string\', \'datetime\', \'int\', \'float\', \'bool\', \'sdr\') ',) (<type 'exceptions.Exception'>)
Traceback (most recent call last):
  File "/home/pat/workspace/nupic/nupic/swarming/utils.py", line 430, in runModelGivenBaseAndParams
    (completionReason, completionMsg) = runner.run()
  File "/home/pat/workspace/nupic/nupic/swarming/ModelRunner.py", line 237, in run
    maxTimeout=readTimeout)
  File "/home/pat/workspace/nupic/nupic/data/stream_reader.py", line 210, in __init__
    self._openStream(dataUrl, isBlocking, maxTimeout, bookmark, firstRecordIdx)
  File "/home/pat/workspace/nupic/nupic/data/stream_reader.py", line 298, in _openStream
    firstRecord=firstRecordIdx)
  File "/home/pat/workspace/nupic/nupic/data/file_record_stream.py", line 209, in __init__
    'not one of %s ' % (self._filename, t, allowedTypes))
Exception: Invalid file format for "/home/pat/workspace/nupic/examples/opf/clients/hotgym/prediction/sandiego/sandiego.csv" - field type ""2011-02-01 01:00:00"" not one of ('string', 'datetime', 'int', 'float', 'bool', 'sdr') 

2014-12-27 09:37:20,119 - com.numenta.nupic.swarming.HypersearchV2.HypersearchV2(6915) - INFO - <BUILDID=N/A, WORKER=HW, WRKID=56, JOBID=1004> Failed updating the field contributions, another hypersearch worker must have updated it
2014-12-27 09:37:20,120 - com.numenta.nupic.swarming.HypersearchWorker(6915) - INFO - <BUILDID=N/A, WORKER=HW, WRKID=56, JOBID=1004> FINISHED. Evaluated 0 models.
