2015-06-30 09:38:56,228 - com.numenta.nupic.swarming.HypersearchWorker(5991) - INFO - <BUILDID=N/A, WORKER=HS, WRKID=N/A, JOBID=N/A> Launched with command line arguments: ['--jobID=1032']
2015-06-30 09:38:56,229 - com.numenta.nupic.swarming.HypersearchWorker(5991) - INFO - <BUILDID=N/A, WORKER=HS, WRKID=N/A, JOBID=N/A> Connecting to the jobs database
2015-06-30 09:38:56,229 - com.numenta.nupic.database.Connection.ConnectionFactory(5991) - INFO - <BUILDID=N/A, WORKER=HS, WRKID=N/A, JOBID=N/A> Creating db connection policy via provider <bound method type._createDefaultPolicy of <class 'nupic.database.Connection.ConnectionFactory'>>
2015-06-30 09:38:56,236 - com.numenta.nupic.database.Connection.PooledConnectionPolicy(5991) - INFO - <BUILDID=N/A, WORKER=HS, WRKID=N/A, JOBID=N/A> Created PooledConnectionPolicy
2015-06-30 09:38:56,243 - com.numenta.nupic.database.ClientJobsDAO.ClientJobsDAO(5991) - INFO - <BUILDID=N/A, WORKER=HS, WRKID=N/A, JOBID=N/A> clientJobsConnectionID=74
2015-06-30 09:38:56,247 - com.numenta.nupic.swarming.HypersearchWorker(5991) - INFO - <BUILDID=N/A, WORKER=HW, WRKID=74, JOBID=1032> Job info retrieved: {'engModelMilestones': 'None', 'clientInfo': '', 'numFailedWorkers': '0', 'engJobType': 'hypersearch', 'results': 'None', 'jobId': '1032', 'completionMsg': 'None', 'cancel': '0', 'engWorkerState': 'None', 'workerCompletionMsg': 'None', 'jobHash': "\x7f\xc0\x87\x97\x1fF\x11\xe5\x97X\x08\x00'\x16\xdf\xd4", 'genBaseDescription': 'None', 'completionReason': 'None', 'priority': '0', 'cmdLine': '$HYPERSEARCH', 'params': '{"hsVersion": "v2", "maxModels": null, "persistentJobGUID": "7fc...', 'workerCompletionReason': 'success', 'engAllocateNewWorkers': '1', 'lastFailedWorkerErrorMsg': 'None', 'engUntendedDeadWorkers': '0', 'engLastUpdateTime': '2015-06-30 16:38:55', 'status': 'notStarted', 'engStatus': 'None', 'startTime': 'None', 'minimumWorkers': '1', 'endTime': 'None', 'engCjmConnId': 'None', 'genPermutations': 'None', 'client': 'GRP', 'engCleaningStatus': 'notdone', 'clientKey': '', 'maximumWorkers': '4'}
2015-06-30 09:38:56,248 - com.numenta.nupic.swarming.HypersearchV2.HypersearchV2(5991) - INFO - <BUILDID=N/A, WORKER=HW, WRKID=74, JOBID=1032> searchParams: 
{u'description': {u'includedFields': [{u'fieldName': 'timestamp',
                                       u'fieldType': 'datetime'},
                                      {u'fieldName': 'euse',
                                       u'fieldType': 'float',
                                       u'maxValue': '35.0',
                                       u'minValue': '10.0'}],
                  u'inferenceArgs': {u'predictedField': 'euse',
                                     u'predictionSteps': ['4']},
                  u'inferenceType': 'TemporalMultiStep',
                  u'iterationCount': '-1',
                  u'streamDef': {u'info': 'kwh',
                                 u'streams': [{u'columns': ['timestamp',
                                                            'euse'],
                                               u'info': 'energy_only_252',
                                               u'source': 'file:///home/pat/workspace/pecan/house_data/252_data/252_clean_d...'}]},
                  u'swarmSize': 'small'},
 u'hsVersion': 'v2',
 u'maxModels': 'None',
 u'persistentJobGUID': '7fc08796-1f46-11e5-9758-08002716dfd4',
 u'useTerminators': 'False'}
2015-06-30 09:38:56,390 - com.numenta.nupic.swarming.HypersearchV2.HypersearchV2(5991) - INFO - <BUILDID=N/A, WORKER=HW, WRKID=74, JOBID=1032> Active swarms changed to [u'modelParams|sensorParams|encoders|euse'] (from None)
2015-06-30 09:38:56,600 - com.numenta.nupic.database.ClientJobsDAO.ClientJobsDAO(5991) - INFO - <BUILDID=N/A, WORKER=HW, WRKID=74, JOBID=1032> Model insert attempt failed with DUP_ENTRY: jobID=1032; paramsHash=d21fa19f58f20e84b2c53adbd03c1fa0 OR particleHash=a722bc60f317c48a695aa46e0f3f3b6e; IntegrityError(1062, u"Duplicate entry '1032-\\xD2\\x1F\\xA1\\x9FX\\xF2\\x0E\\x84\\xB2\\xC5:\\xDB\\xD0<\\x1F\\xA0' for key 'job_id'")
2015-06-30 09:38:56,619 - com.numenta.nupic.swarming.HypersearchWorker(5991) - INFO - <BUILDID=N/A, WORKER=HW, WRKID=74, JOBID=1032> Adding model 3303 to our internal DB because modelInsertAndStart() failed to insert it: paramsHash=d21fa19f58f20e84b2c53adbd03c1fa0, particleHash=2f98f6fbf17900ddf42e25005f4a151f, particleId='75.0.0'
2015-06-30 09:38:56,621 - com.numenta.nupic.database.ClientJobsDAO.ClientJobsDAO(5991) - INFO - <BUILDID=N/A, WORKER=HW, WRKID=74, JOBID=1032> Model insert attempt failed with DUP_ENTRY: jobID=1032; paramsHash=d21fa19f58f20e84b2c53adbd03c1fa0 OR particleHash=865c081b8c3a6dece22c273aa55b9b16; IntegrityError(1062, u"Duplicate entry '1032-\\xD2\\x1F\\xA1\\x9FX\\xF2\\x0E\\x84\\xB2\\xC5:\\xDB\\xD0<\\x1F\\xA0' for key 'job_id'")
2015-06-30 09:38:56,624 - com.numenta.nupic.swarming.HypersearchWorker(5991) - INFO - <BUILDID=N/A, WORKER=HW, WRKID=74, JOBID=1032> Adding model 3303 to our internal DB because modelInsertAndStart() failed to insert it: paramsHash=d21fa19f58f20e84b2c53adbd03c1fa0, particleHash=2f98f6fbf17900ddf42e25005f4a151f, particleId='75.0.0'
2015-06-30 09:38:56,649 - com.numenta.nupic.database.ClientJobsDAO.ClientJobsDAO(5991) - INFO - <BUILDID=N/A, WORKER=HW, WRKID=74, JOBID=1032> Model insert attempt failed with DUP_ENTRY: jobID=1032; paramsHash=d21fa19f58f20e84b2c53adbd03c1fa0 OR particleHash=c7cf349d39379f3dc06be23a8803e0f1; IntegrityError(1062, u"Duplicate entry '1032-\\xD2\\x1F\\xA1\\x9FX\\xF2\\x0E\\x84\\xB2\\xC5:\\xDB\\xD0<\\x1F\\xA0' for key 'job_id'")
2015-06-30 09:38:56,666 - com.numenta.nupic.swarming.HypersearchWorker(5991) - INFO - <BUILDID=N/A, WORKER=HW, WRKID=74, JOBID=1032> Adding model 3303 to our internal DB because modelInsertAndStart() failed to insert it: paramsHash=d21fa19f58f20e84b2c53adbd03c1fa0, particleHash=2f98f6fbf17900ddf42e25005f4a151f, particleId='75.0.0'
2015-06-30 09:38:56,669 - com.numenta.nupic.database.ClientJobsDAO.ClientJobsDAO(5991) - INFO - <BUILDID=N/A, WORKER=HW, WRKID=74, JOBID=1032> Model insert attempt failed with DUP_ENTRY: jobID=1032; paramsHash=d21fa19f58f20e84b2c53adbd03c1fa0 OR particleHash=f96c6421b772c28cc798194198de6775; IntegrityError(1062, u"Duplicate entry '1032-\\xD2\\x1F\\xA1\\x9FX\\xF2\\x0E\\x84\\xB2\\xC5:\\xDB\\xD0<\\x1F\\xA0' for key 'job_id'")
2015-06-30 09:38:56,679 - com.numenta.nupic.swarming.HypersearchWorker(5991) - INFO - <BUILDID=N/A, WORKER=HW, WRKID=74, JOBID=1032> Adding model 3303 to our internal DB because modelInsertAndStart() failed to insert it: paramsHash=d21fa19f58f20e84b2c53adbd03c1fa0, particleHash=2f98f6fbf17900ddf42e25005f4a151f, particleId='75.0.0'
2015-06-30 09:38:56,682 - com.numenta.nupic.database.ClientJobsDAO.ClientJobsDAO(5991) - INFO - <BUILDID=N/A, WORKER=HW, WRKID=74, JOBID=1032> Model insert attempt failed with DUP_ENTRY: jobID=1032; paramsHash=d21fa19f58f20e84b2c53adbd03c1fa0 OR particleHash=b16c08d3e9bb932d8d5a79e0c8df79fd; IntegrityError(1062, u"Duplicate entry '1032-\\xD2\\x1F\\xA1\\x9FX\\xF2\\x0E\\x84\\xB2\\xC5:\\xDB\\xD0<\\x1F\\xA0' for key 'job_id'")
2015-06-30 09:38:56,685 - com.numenta.nupic.swarming.HypersearchWorker(5991) - INFO - <BUILDID=N/A, WORKER=HW, WRKID=74, JOBID=1032> Adding model 3303 to our internal DB because modelInsertAndStart() failed to insert it: paramsHash=d21fa19f58f20e84b2c53adbd03c1fa0, particleHash=2f98f6fbf17900ddf42e25005f4a151f, particleId='75.0.0'
2015-06-30 09:38:56,689 - com.numenta.nupic.database.ClientJobsDAO.ClientJobsDAO(5991) - INFO - <BUILDID=N/A, WORKER=HW, WRKID=74, JOBID=1032> Model insert attempt failed with DUP_ENTRY: jobID=1032; paramsHash=d21fa19f58f20e84b2c53adbd03c1fa0 OR particleHash=33bca62ede187d9daed07d6456b9b9cc; IntegrityError(1062, u"Duplicate entry '1032-\\xD2\\x1F\\xA1\\x9FX\\xF2\\x0E\\x84\\xB2\\xC5:\\xDB\\xD0<\\x1F\\xA0' for key 'job_id'")
2015-06-30 09:38:56,695 - com.numenta.nupic.swarming.HypersearchWorker(5991) - INFO - <BUILDID=N/A, WORKER=HW, WRKID=74, JOBID=1032> Adding model 3303 to our internal DB because modelInsertAndStart() failed to insert it: paramsHash=d21fa19f58f20e84b2c53adbd03c1fa0, particleHash=2f98f6fbf17900ddf42e25005f4a151f, particleId='75.0.0'
2015-06-30 09:38:56,699 - com.numenta.nupic.database.ClientJobsDAO.ClientJobsDAO(5991) - INFO - <BUILDID=N/A, WORKER=HW, WRKID=74, JOBID=1032> Model insert attempt failed with DUP_ENTRY: jobID=1032; paramsHash=d21fa19f58f20e84b2c53adbd03c1fa0 OR particleHash=a49ba580ac30c0f455d70e950ab51840; IntegrityError(1062, u"Duplicate entry '1032-\\xD2\\x1F\\xA1\\x9FX\\xF2\\x0E\\x84\\xB2\\xC5:\\xDB\\xD0<\\x1F\\xA0' for key 'job_id'")
2015-06-30 09:38:56,711 - com.numenta.nupic.swarming.HypersearchWorker(5991) - INFO - <BUILDID=N/A, WORKER=HW, WRKID=74, JOBID=1032> Adding model 3303 to our internal DB because modelInsertAndStart() failed to insert it: paramsHash=d21fa19f58f20e84b2c53adbd03c1fa0, particleHash=2f98f6fbf17900ddf42e25005f4a151f, particleId='75.0.0'
2015-06-30 09:38:56,719 - com.numenta.nupic.database.ClientJobsDAO.ClientJobsDAO(5991) - INFO - <BUILDID=N/A, WORKER=HW, WRKID=74, JOBID=1032> Model insert attempt failed with DUP_ENTRY: jobID=1032; paramsHash=d21fa19f58f20e84b2c53adbd03c1fa0 OR particleHash=24001f6ad14d34ac4e1cbe2678df210d; IntegrityError(1062, u"Duplicate entry '1032-\\xD2\\x1F\\xA1\\x9FX\\xF2\\x0E\\x84\\xB2\\xC5:\\xDB\\xD0<\\x1F\\xA0' for key 'job_id'")
2015-06-30 09:38:56,731 - com.numenta.nupic.swarming.HypersearchWorker(5991) - INFO - <BUILDID=N/A, WORKER=HW, WRKID=74, JOBID=1032> Adding model 3303 to our internal DB because modelInsertAndStart() failed to insert it: paramsHash=d21fa19f58f20e84b2c53adbd03c1fa0, particleHash=2f98f6fbf17900ddf42e25005f4a151f, particleId='75.0.0'
2015-06-30 09:38:56,743 - com.numenta.nupic.database.ClientJobsDAO.ClientJobsDAO(5991) - INFO - <BUILDID=N/A, WORKER=HW, WRKID=74, JOBID=1032> Model insert attempt failed with DUP_ENTRY: jobID=1032; paramsHash=d21fa19f58f20e84b2c53adbd03c1fa0 OR particleHash=c8cb2b55f7e956c04b2840b1a994dcdb; IntegrityError(1062, u"Duplicate entry '1032-\\xD2\\x1F\\xA1\\x9FX\\xF2\\x0E\\x84\\xB2\\xC5:\\xDB\\xD0<\\x1F\\xA0' for key 'job_id'")
2015-06-30 09:38:56,754 - com.numenta.nupic.swarming.HypersearchWorker(5991) - INFO - <BUILDID=N/A, WORKER=HW, WRKID=74, JOBID=1032> Adding model 3303 to our internal DB because modelInsertAndStart() failed to insert it: paramsHash=d21fa19f58f20e84b2c53adbd03c1fa0, particleHash=2f98f6fbf17900ddf42e25005f4a151f, particleId='75.0.0'
2015-06-30 09:38:56,761 - com.numenta.nupic.database.ClientJobsDAO.ClientJobsDAO(5991) - INFO - <BUILDID=N/A, WORKER=HW, WRKID=74, JOBID=1032> Model insert attempt failed with DUP_ENTRY: jobID=1032; paramsHash=d21fa19f58f20e84b2c53adbd03c1fa0 OR particleHash=72c73ab36ac5de3814fd1d6550f8455d; IntegrityError(1062, u"Duplicate entry '1032-\\xD2\\x1F\\xA1\\x9FX\\xF2\\x0E\\x84\\xB2\\xC5:\\xDB\\xD0<\\x1F\\xA0' for key 'job_id'")
2015-06-30 09:38:56,764 - com.numenta.nupic.swarming.HypersearchWorker(5991) - INFO - <BUILDID=N/A, WORKER=HW, WRKID=74, JOBID=1032> Adding model 3303 to our internal DB because modelInsertAndStart() failed to insert it: paramsHash=d21fa19f58f20e84b2c53adbd03c1fa0, particleHash=2f98f6fbf17900ddf42e25005f4a151f, particleId='75.0.0'
2015-06-30 09:38:56,874 - com.numenta.nupic.database.ClientJobsDAO.ClientJobsDAO(5991) - INFO - <BUILDID=N/A, WORKER=HW, WRKID=74, JOBID=1032> Model insert attempt failed with DUP_ENTRY: jobID=1032; paramsHash=f9dcf84e5259a6a9bcc2ece8abf45a22 OR particleHash=292d1c38236d96e5ad7beb3dea601c87; IntegrityError(1062, u'Duplicate entry \'1032-\\xF9\\xDC\\xF8NRY\\xA6\\xA9\\xBC\\xC2\\xEC\\xE8\\xAB\\xF4Z"\' for key \'job_id\'')
2015-06-30 09:38:56,887 - com.numenta.nupic.swarming.HypersearchWorker(5991) - INFO - <BUILDID=N/A, WORKER=HW, WRKID=74, JOBID=1032> Adding model 3321 to our internal DB because modelInsertAndStart() failed to insert it: paramsHash=f9dcf84e5259a6a9bcc2ece8abf45a22, particleHash=db6df7ca87ecb4a69ba2bd3c901fb68c, particleId='75.20.0'
2015-06-30 09:38:56,901 - com.numenta.nupic.database.ClientJobsDAO.ClientJobsDAO(5991) - INFO - <BUILDID=N/A, WORKER=HW, WRKID=74, JOBID=1032> Model insert attempt failed with DUP_ENTRY: jobID=1032; paramsHash=f9dcf84e5259a6a9bcc2ece8abf45a22 OR particleHash=00fff4dcae2d2769f7cda7fc3aa3e093; IntegrityError(1062, u'Duplicate entry \'1032-\\xF9\\xDC\\xF8NRY\\xA6\\xA9\\xBC\\xC2\\xEC\\xE8\\xAB\\xF4Z"\' for key \'job_id\'')
2015-06-30 09:38:56,913 - com.numenta.nupic.swarming.HypersearchWorker(5991) - INFO - <BUILDID=N/A, WORKER=HW, WRKID=74, JOBID=1032> Adding model 3321 to our internal DB because modelInsertAndStart() failed to insert it: paramsHash=f9dcf84e5259a6a9bcc2ece8abf45a22, particleHash=db6df7ca87ecb4a69ba2bd3c901fb68c, particleId='75.20.0'
2015-06-30 09:38:56,922 - com.numenta.nupic.database.ClientJobsDAO.ClientJobsDAO(5991) - INFO - <BUILDID=N/A, WORKER=HW, WRKID=74, JOBID=1032> Model insert attempt failed with DUP_ENTRY: jobID=1032; paramsHash=f9dcf84e5259a6a9bcc2ece8abf45a22 OR particleHash=08a4a2c34fa9ceb356ff59325d20cb16; IntegrityError(1062, u'Duplicate entry \'1032-\\xF9\\xDC\\xF8NRY\\xA6\\xA9\\xBC\\xC2\\xEC\\xE8\\xAB\\xF4Z"\' for key \'job_id\'')
2015-06-30 09:38:56,927 - com.numenta.nupic.swarming.HypersearchWorker(5991) - INFO - <BUILDID=N/A, WORKER=HW, WRKID=74, JOBID=1032> Adding model 3321 to our internal DB because modelInsertAndStart() failed to insert it: paramsHash=f9dcf84e5259a6a9bcc2ece8abf45a22, particleHash=db6df7ca87ecb4a69ba2bd3c901fb68c, particleId='75.20.0'
2015-06-30 09:38:56,934 - com.numenta.nupic.database.ClientJobsDAO.ClientJobsDAO(5991) - INFO - <BUILDID=N/A, WORKER=HW, WRKID=74, JOBID=1032> Model insert attempt failed with DUP_ENTRY: jobID=1032; paramsHash=f9dcf84e5259a6a9bcc2ece8abf45a22 OR particleHash=1fe514a76fb91316350b2546cca483a8; IntegrityError(1062, u'Duplicate entry \'1032-\\xF9\\xDC\\xF8NRY\\xA6\\xA9\\xBC\\xC2\\xEC\\xE8\\xAB\\xF4Z"\' for key \'job_id\'')
2015-06-30 09:38:56,941 - com.numenta.nupic.swarming.HypersearchWorker(5991) - INFO - <BUILDID=N/A, WORKER=HW, WRKID=74, JOBID=1032> Adding model 3321 to our internal DB because modelInsertAndStart() failed to insert it: paramsHash=f9dcf84e5259a6a9bcc2ece8abf45a22, particleHash=db6df7ca87ecb4a69ba2bd3c901fb68c, particleId='75.20.0'
2015-06-30 09:38:56,945 - com.numenta.nupic.database.ClientJobsDAO.ClientJobsDAO(5991) - INFO - <BUILDID=N/A, WORKER=HW, WRKID=74, JOBID=1032> Model insert attempt failed with DUP_ENTRY: jobID=1032; paramsHash=f9dcf84e5259a6a9bcc2ece8abf45a22 OR particleHash=163bd7d1b7dad4c9bcc00cc03e39a7f9; IntegrityError(1062, u'Duplicate entry \'1032-\\xF9\\xDC\\xF8NRY\\xA6\\xA9\\xBC\\xC2\\xEC\\xE8\\xAB\\xF4Z"\' for key \'job_id\'')
2015-06-30 09:38:56,948 - com.numenta.nupic.swarming.HypersearchWorker(5991) - INFO - <BUILDID=N/A, WORKER=HW, WRKID=74, JOBID=1032> Adding model 3321 to our internal DB because modelInsertAndStart() failed to insert it: paramsHash=f9dcf84e5259a6a9bcc2ece8abf45a22, particleHash=db6df7ca87ecb4a69ba2bd3c901fb68c, particleId='75.20.0'
2015-06-30 09:38:56,954 - com.numenta.nupic.database.ClientJobsDAO.ClientJobsDAO(5991) - INFO - <BUILDID=N/A, WORKER=HW, WRKID=74, JOBID=1032> Model insert attempt failed with DUP_ENTRY: jobID=1032; paramsHash=f9dcf84e5259a6a9bcc2ece8abf45a22 OR particleHash=424e8391f7ddbdda07803a22d7e79e77; IntegrityError(1062, u'Duplicate entry \'1032-\\xF9\\xDC\\xF8NRY\\xA6\\xA9\\xBC\\xC2\\xEC\\xE8\\xAB\\xF4Z"\' for key \'job_id\'')
2015-06-30 09:38:56,957 - com.numenta.nupic.swarming.HypersearchWorker(5991) - INFO - <BUILDID=N/A, WORKER=HW, WRKID=74, JOBID=1032> Adding model 3321 to our internal DB because modelInsertAndStart() failed to insert it: paramsHash=f9dcf84e5259a6a9bcc2ece8abf45a22, particleHash=db6df7ca87ecb4a69ba2bd3c901fb68c, particleId='75.20.0'
2015-06-30 09:38:56,962 - com.numenta.nupic.database.ClientJobsDAO.ClientJobsDAO(5991) - INFO - <BUILDID=N/A, WORKER=HW, WRKID=74, JOBID=1032> Model insert attempt failed with DUP_ENTRY: jobID=1032; paramsHash=f9dcf84e5259a6a9bcc2ece8abf45a22 OR particleHash=7fa7689ca1852c511e89b79bfe9585e2; IntegrityError(1062, u'Duplicate entry \'1032-\\xF9\\xDC\\xF8NRY\\xA6\\xA9\\xBC\\xC2\\xEC\\xE8\\xAB\\xF4Z"\' for key \'job_id\'')
2015-06-30 09:38:56,967 - com.numenta.nupic.swarming.HypersearchWorker(5991) - INFO - <BUILDID=N/A, WORKER=HW, WRKID=74, JOBID=1032> Adding model 3321 to our internal DB because modelInsertAndStart() failed to insert it: paramsHash=f9dcf84e5259a6a9bcc2ece8abf45a22, particleHash=db6df7ca87ecb4a69ba2bd3c901fb68c, particleId='75.20.0'
2015-06-30 09:38:56,971 - com.numenta.nupic.database.ClientJobsDAO.ClientJobsDAO(5991) - INFO - <BUILDID=N/A, WORKER=HW, WRKID=74, JOBID=1032> Model insert attempt failed with DUP_ENTRY: jobID=1032; paramsHash=f9dcf84e5259a6a9bcc2ece8abf45a22 OR particleHash=4bd9384c24658b9e2ec07dd089814440; IntegrityError(1062, u'Duplicate entry \'1032-\\xF9\\xDC\\xF8NRY\\xA6\\xA9\\xBC\\xC2\\xEC\\xE8\\xAB\\xF4Z"\' for key \'job_id\'')
2015-06-30 09:38:56,979 - com.numenta.nupic.swarming.HypersearchWorker(5991) - INFO - <BUILDID=N/A, WORKER=HW, WRKID=74, JOBID=1032> Adding model 3321 to our internal DB because modelInsertAndStart() failed to insert it: paramsHash=f9dcf84e5259a6a9bcc2ece8abf45a22, particleHash=db6df7ca87ecb4a69ba2bd3c901fb68c, particleId='75.20.0'
2015-06-30 09:38:56,981 - com.numenta.nupic.database.ClientJobsDAO.ClientJobsDAO(5991) - INFO - <BUILDID=N/A, WORKER=HW, WRKID=74, JOBID=1032> Model insert attempt failed with DUP_ENTRY: jobID=1032; paramsHash=f9dcf84e5259a6a9bcc2ece8abf45a22 OR particleHash=b77a12351b02650074e6912532bbea9e; IntegrityError(1062, u'Duplicate entry \'1032-\\xF9\\xDC\\xF8NRY\\xA6\\xA9\\xBC\\xC2\\xEC\\xE8\\xAB\\xF4Z"\' for key \'job_id\'')
2015-06-30 09:38:56,987 - com.numenta.nupic.swarming.HypersearchWorker(5991) - INFO - <BUILDID=N/A, WORKER=HW, WRKID=74, JOBID=1032> Adding model 3321 to our internal DB because modelInsertAndStart() failed to insert it: paramsHash=f9dcf84e5259a6a9bcc2ece8abf45a22, particleHash=db6df7ca87ecb4a69ba2bd3c901fb68c, particleId='75.20.0'
2015-06-30 09:38:56,994 - com.numenta.nupic.database.ClientJobsDAO.ClientJobsDAO(5991) - INFO - <BUILDID=N/A, WORKER=HW, WRKID=74, JOBID=1032> Model insert attempt failed with DUP_ENTRY: jobID=1032; paramsHash=f9dcf84e5259a6a9bcc2ece8abf45a22 OR particleHash=69ad104d1250b88a9d626cf9520819ef; IntegrityError(1062, u'Duplicate entry \'1032-\\xF9\\xDC\\xF8NRY\\xA6\\xA9\\xBC\\xC2\\xEC\\xE8\\xAB\\xF4Z"\' for key \'job_id\'')
2015-06-30 09:38:57,005 - com.numenta.nupic.swarming.HypersearchWorker(5991) - INFO - <BUILDID=N/A, WORKER=HW, WRKID=74, JOBID=1032> Adding model 3321 to our internal DB because modelInsertAndStart() failed to insert it: paramsHash=f9dcf84e5259a6a9bcc2ece8abf45a22, particleHash=db6df7ca87ecb4a69ba2bd3c901fb68c, particleId='75.20.0'
2015-06-30 09:38:57,010 - com.numenta.nupic.swarming.HypersearchV2.HypersearchV2(5991) - INFO - <BUILDID=N/A, WORKER=HW, WRKID=74, JOBID=1032> Completed generation #0 of swarm 'modelParams|sensorParams|encoders|euse' with a best errScore of inf
2015-06-30 09:38:57,109 - com.numenta.nupic.swarming.HypersearchWorker(5991) - INFO - <BUILDID=N/A, WORKER=HW, WRKID=74, JOBID=1032> Adding model 3336 to our internal DB because modelInsertAndStart() failed to insert it: paramsHash=c02fa095fc349547b28654cd0f5f0442, particleHash=ec5361ae4edccf29468e3535b1fbdad1, particleId='75.0.1'
2015-06-30 09:38:57,127 - com.numenta.nupic.swarming.HypersearchWorker(5991) - INFO - <BUILDID=N/A, WORKER=HW, WRKID=74, JOBID=1032> Adding model 3336 to our internal DB because modelInsertAndStart() failed to insert it: paramsHash=c02fa095fc349547b28654cd0f5f0442, particleHash=ec5361ae4edccf29468e3535b1fbdad1, particleId='75.0.1'
2015-06-30 09:38:57,134 - com.numenta.nupic.swarming.HypersearchWorker(5991) - INFO - <BUILDID=N/A, WORKER=HW, WRKID=74, JOBID=1032> Adding model 3336 to our internal DB because modelInsertAndStart() failed to insert it: paramsHash=c02fa095fc349547b28654cd0f5f0442, particleHash=ec5361ae4edccf29468e3535b1fbdad1, particleId='75.0.1'
2015-06-30 09:38:57,141 - com.numenta.nupic.swarming.HypersearchWorker(5991) - INFO - <BUILDID=N/A, WORKER=HW, WRKID=74, JOBID=1032> Adding model 3336 to our internal DB because modelInsertAndStart() failed to insert it: paramsHash=c02fa095fc349547b28654cd0f5f0442, particleHash=ec5361ae4edccf29468e3535b1fbdad1, particleId='75.0.1'
2015-06-30 09:38:57,144 - com.numenta.nupic.swarming.HypersearchWorker(5991) - INFO - <BUILDID=N/A, WORKER=HW, WRKID=74, JOBID=1032> Adding model 3336 to our internal DB because modelInsertAndStart() failed to insert it: paramsHash=c02fa095fc349547b28654cd0f5f0442, particleHash=ec5361ae4edccf29468e3535b1fbdad1, particleId='75.0.1'
2015-06-30 09:38:57,152 - com.numenta.nupic.swarming.HypersearchWorker(5991) - INFO - <BUILDID=N/A, WORKER=HW, WRKID=74, JOBID=1032> Adding model 3336 to our internal DB because modelInsertAndStart() failed to insert it: paramsHash=c02fa095fc349547b28654cd0f5f0442, particleHash=ec5361ae4edccf29468e3535b1fbdad1, particleId='75.0.1'
2015-06-30 09:38:57,156 - com.numenta.nupic.swarming.HypersearchWorker(5991) - INFO - <BUILDID=N/A, WORKER=HW, WRKID=74, JOBID=1032> Adding model 3336 to our internal DB because modelInsertAndStart() failed to insert it: paramsHash=c02fa095fc349547b28654cd0f5f0442, particleHash=ec5361ae4edccf29468e3535b1fbdad1, particleId='75.0.1'
2015-06-30 09:38:57,159 - com.numenta.nupic.swarming.HypersearchWorker(5991) - INFO - <BUILDID=N/A, WORKER=HW, WRKID=74, JOBID=1032> Adding model 3336 to our internal DB because modelInsertAndStart() failed to insert it: paramsHash=c02fa095fc349547b28654cd0f5f0442, particleHash=ec5361ae4edccf29468e3535b1fbdad1, particleId='75.0.1'
2015-06-30 09:38:57,162 - com.numenta.nupic.swarming.HypersearchWorker(5991) - INFO - <BUILDID=N/A, WORKER=HW, WRKID=74, JOBID=1032> Adding model 3336 to our internal DB because modelInsertAndStart() failed to insert it: paramsHash=c02fa095fc349547b28654cd0f5f0442, particleHash=ec5361ae4edccf29468e3535b1fbdad1, particleId='75.0.1'
2015-06-30 09:38:57,165 - com.numenta.nupic.swarming.HypersearchWorker(5991) - INFO - <BUILDID=N/A, WORKER=HW, WRKID=74, JOBID=1032> Adding model 3336 to our internal DB because modelInsertAndStart() failed to insert it: paramsHash=c02fa095fc349547b28654cd0f5f0442, particleHash=ec5361ae4edccf29468e3535b1fbdad1, particleId='75.0.1'
2015-06-30 09:38:57,169 - com.numenta.nupic.swarming.HypersearchV2.HypersearchV2(5991) - INFO - <BUILDID=N/A, WORKER=HW, WRKID=74, JOBID=1032> Ready to end hyperseach, but not all models have matured yet. Sleeping a bit to wait for all models to mature.
2015-06-30 09:39:00,402 - com.numenta.nupic.swarming.HypersearchV2.HypersearchV2(5991) - ERROR - <BUILDID=N/A, WORKER=HW, WRKID=74, JOBID=1032> Exiting because some worker set the workerCompletionReason to error. WorkerCompletionMsg: E10002: Exiting due to receiving too many models failing from exceptions (6 out of 6). 
Model Exception: Exception occurred while running model 3303: Exception(u'Invalid file format for "/home/pat/workspace/pecan/house_data/252_data/252_clean_data.csv" - field type "2013-03-10 01:00:00" not one of (\'string\', \'datetime\', \'int\', \'float\', \'bool\', \'sdr\') ',) (<type 'exceptions.Exception'>)
Traceback (most recent call last):
  File "/home/pat/workspace/nupic/nupic/swarming/utils.py", line 430, in runModelGivenBaseAndParams
    (completionReason, completionMsg) = runner.run()
  File "/home/pat/workspace/nupic/nupic/swarming/ModelRunner.py", line 237, in run
    maxTimeout=readTimeout)
  File "/home/pat/workspace/nupic/nupic/data/stream_reader.py", line 210, in __init__
    self._openStream(dataUrl, isBlocking, maxTimeout, bookmark, firstRecordIdx)
  File "/home/pat/workspace/nupic/nupic/data/stream_reader.py", line 298, in _openStream
    firstRecord=firstRecordIdx)
  File "/home/pat/workspace/nupic/nupic/data/file_record_stream.py", line 209, in __init__
    'not one of %s ' % (self._filename, t, allowedTypes))
Exception: Invalid file format for "/home/pat/workspace/pecan/house_data/252_data/252_clean_data.csv" - field type "2013-03-10 01:00:00" not one of ('string', 'datetime', 'int', 'float', 'bool', 'sdr') 

2015-06-30 09:39:00,415 - com.numenta.nupic.swarming.HypersearchV2.HypersearchV2(5991) - INFO - <BUILDID=N/A, WORKER=HW, WRKID=74, JOBID=1032> Successfully updated the field contributions:{u'euse': nan}
2015-06-30 09:39:00,416 - com.numenta.nupic.swarming.HypersearchWorker(5991) - INFO - <BUILDID=N/A, WORKER=HW, WRKID=74, JOBID=1032> FINISHED. Evaluated 0 models.
