2014-12-27 10:30:47,600 - com.numenta.nupic.swarming.HypersearchWorker(7243) - INFO - <BUILDID=N/A, WORKER=HS, WRKID=N/A, JOBID=N/A> Launched with command line arguments: ['--jobID=1013']
2014-12-27 10:30:47,604 - com.numenta.nupic.swarming.HypersearchWorker(7243) - INFO - <BUILDID=N/A, WORKER=HS, WRKID=N/A, JOBID=N/A> Connecting to the jobs database
2014-12-27 10:30:47,605 - com.numenta.nupic.database.Connection.ConnectionFactory(7243) - INFO - <BUILDID=N/A, WORKER=HS, WRKID=N/A, JOBID=N/A> Creating db connection policy via provider <bound method type._createDefaultPolicy of <class 'nupic.database.Connection.ConnectionFactory'>>
2014-12-27 10:30:47,624 - com.numenta.nupic.database.Connection.PooledConnectionPolicy(7243) - INFO - <BUILDID=N/A, WORKER=HS, WRKID=N/A, JOBID=N/A> Created PooledConnectionPolicy
2014-12-27 10:30:47,632 - com.numenta.nupic.database.ClientJobsDAO.ClientJobsDAO(7243) - INFO - <BUILDID=N/A, WORKER=HS, WRKID=N/A, JOBID=N/A> clientJobsConnectionID=101
2014-12-27 10:30:47,634 - com.numenta.nupic.swarming.HypersearchWorker(7243) - INFO - <BUILDID=N/A, WORKER=HW, WRKID=101, JOBID=1013> Job info retrieved: {'engModelMilestones': 'None', 'clientInfo': '', 'numFailedWorkers': '0', 'engJobType': 'hypersearch', 'results': 'None', 'jobId': '1013', 'completionMsg': 'None', 'cancel': '0', 'engWorkerState': 'None', 'workerCompletionMsg': 'None', 'jobHash': "y\xa6$u\x8d\xf6\x11\xe4\x9c\x1f\x08\x00'\x16\xdf\xd4", 'genBaseDescription': 'None', 'completionReason': 'None', 'priority': '0', 'cmdLine': '$HYPERSEARCH', 'params': '{"hsVersion": "v2", "maxModels": null, "persistentJobGUID": "79a...', 'workerCompletionReason': 'success', 'engAllocateNewWorkers': '1', 'lastFailedWorkerErrorMsg': 'None', 'engUntendedDeadWorkers': '0', 'engLastUpdateTime': '2014-12-27 18:30:47', 'status': 'notStarted', 'engStatus': 'None', 'startTime': 'None', 'minimumWorkers': '1', 'endTime': 'None', 'engCjmConnId': 'None', 'genPermutations': 'None', 'client': 'GRP', 'engCleaningStatus': 'notdone', 'clientKey': '', 'maximumWorkers': '4'}
2014-12-27 10:30:47,636 - com.numenta.nupic.swarming.HypersearchV2.HypersearchV2(7243) - INFO - <BUILDID=N/A, WORKER=HW, WRKID=101, JOBID=1013> searchParams: 
{u'description': {u'includedFields': [{u'fieldName': 'timestamp',
                                       u'fieldType': 'datetime'},
                                      {u'fieldName': 'kw_energy_consumption',
                                       u'fieldType': 'float',
                                       u'maxValue': '5.18',
                                       u'minValue': '0.0'}],
                  u'inferenceArgs': {u'predictedField': 'kw_energy_consumption',
                                     u'predictionSteps': ['1']},
                  u'inferenceType': 'TemporalMultiStep',
                  u'iterationCount': '-1',
                  u'streamDef': {u'info': 'kw_energy_consumption',
                                 u'streams': [{u'columns': ['*'],
                                               u'info': 'San Diego',
                                               u'source': 'file://sandiego.csv'}],
                                 u'version': '1'},
                  u'swarmSize': 'small'},
 u'hsVersion': 'v2',
 u'maxModels': 'None',
 u'persistentJobGUID': '79a62474-8df6-11e4-9c1f-08002716dfd4',
 u'useTerminators': 'False'}
2014-12-27 10:30:47,729 - com.numenta.nupic.swarming.HypersearchV2.HypersearchV2(7243) - INFO - <BUILDID=N/A, WORKER=HW, WRKID=101, JOBID=1013> Active swarms changed to [u'modelParams|sensorParams|encoders|kw_energy_consumption'] (from None)
2014-12-27 10:30:47,890 - com.numenta.nupic.swarming.HypersearchWorker(7243) - INFO - <BUILDID=N/A, WORKER=HW, WRKID=101, JOBID=1013> RUNNING MODEL GID=1620, paramsHash=b83e94a3acb214f3fdd3aee92e9fbdb5, params={'particleState': {'varStates': {'modelParams|clParams|alpha': {'bestResult': None, 'position': 0.050050000000000004, 'bestPosition': 0.050050000000000004, '_position': 0.050050000000000004, 'velocity': 0.01998}, 'modelParams|tpParams|minThreshold': {'bestResult': None, 'position': 11, 'bestPosition': 11, '_position': 10.5, 'velocity': 0.6}, 'modelParams|tpParams|activationThreshold': {'bestResult': None, 'position': 14, 'bestPosition': 14, '_position': 14.0, 'velocity': 0.8}, 'modelParams|tpParams|pamLength': {'bestResult': None, 'position': 3, 'bestPosition': 3, '_position': 3.0, 'velocity': 0.8}, u'modelParams|sensorParams|encoders|kw_energy_consumption:n': {'bestResult': None, 'position': 272, 'bestPosition': 272, '_position': 271.5, 'velocity': 99.8}, 'modelParams|sensorParams|encoders|_classifierInput|n': {'bestResult': None, 'position': 275, 'bestPosition': 275, '_position': 274.5, 'velocity': 98.6}, 'modelParams|spParams|synPermInactiveDec': {'bestResult': None, 'position': 0.05015, 'bestPosition': 0.05015, '_position': 0.05015, 'velocity': 0.019940000000000003}}, 'genIdx': 0, 'swarmId': u'modelParams|sensorParams|encoders|kw_energy_consumption', 'id': '101.0'}, 'structuredParams': {'aggregationInfo': {'seconds': 0, 'fields': [], 'months': 0, 'days': 0, 'years': 0, 'hours': 0, 'microseconds': 0, 'weeks': 0, 'minutes': 0, 'milliseconds': 0}, 'modelParams': {'sensorParams': {'encoders': {'_classifierInput': {'maxval': 5.18, 'classifierOnly': True, 'minval': 0.0, 'clipInput': True, 'n': 275, 'fieldname': 'kw_energy_consumption', 'w': 21, 'type': 'ScalarEncoder'}, u'timestamp_timeOfDay': None, u'timestamp_dayOfWeek': None, u'kw_energy_consumption': {'maxval': 5.18, 'name': 'kw_energy_consumption', 'clipInput': True, 'minval': 0.0, 'n': 272, 'fieldname': 'kw_energy_consumption', 'w': 21, 'type': 'ScalarEncoder'}, u'timestamp_weekend': None}}, 'spParams': {'synPermInactiveDec': 0.05015}, 'tpParams': {'minThreshold': 11, 'activationThreshold': 14, 'pamLength': 3}, 'clParams': {'alpha': 0.050050000000000004}}}}
2014-12-27 10:30:47,894 - com.numenta.nupic.hypersearch.utils(7243) - INFO - <BUILDID=N/A, WORKER=HW, WRKID=101, JOBID=1013> Using experiment directory: /tmp/tmpGVUSyo
2014-12-27 10:30:49,561 - com.numenta.nupic.hypersearch.utils(7243) - ERROR - <BUILDID=N/A, WORKER=HW, WRKID=101, JOBID=1013> Exception occurred while running model 1620: JobFailException('E10001', '(\'The provided timestamp "2011-02-01 01:00:00" is malformed. The supported formats are: [%Y-%m-%d %H:%M:%S.%f, %Y-%m-%d %H:%M:%S:%f, %Y-%m-%d %H:%M:%S, %Y-%m-%d %H:%M, %Y-%m-%d, %m/%d/%Y %H:%M, %m/%d/%y %H:%M, %Y-%m-%dT%H:%M:%S.%fZ, %Y-%m-%dT%H:%M:%SZ, %Y-%m-%dT%H:%M:%S]\',)', 'Traceback (most recent call last):\n  File "/home/pat/workspace/nupic/nupic/swarming/ModelRunner.py", line 346, in __runTaskMainLoop\n    inputRecord = self._inputSource.getNextRecordDict()\n  File "/home/pat/workspace/nupic/nupic/data/record_stream.py", line 75, in getNextRecordDict\n    values = self.getNextRecord()\n  File "/home/pat/workspace/nupic/nupic/data/stream_reader.py", line 327, in getNextRecord\n    preAggValues = self._recordStore.getNextRecord()\n  File "/home/pat/workspace/nupic/nupic/data/file_record_stream.py", line 374, in getNextRecord\n    record.append(self._adapters[i](f))\n  File "/home/pat/workspace/nupic/nupic/data/utils.py", line 60, in parseTimestamp\n    \'formats are: [%s]\' % (s, \', \'.join(DATETIME_FORMATS)))\nValueError: The provided timestamp "2011-02-01 01:00:00" is malformed. The supported formats are: [%Y-%m-%d %H:%M:%S.%f, %Y-%m-%d %H:%M:%S:%f, %Y-%m-%d %H:%M:%S, %Y-%m-%d %H:%M, %Y-%m-%d, %m/%d/%Y %H:%M, %m/%d/%y %H:%M, %Y-%m-%dT%H:%M:%S.%fZ, %Y-%m-%dT%H:%M:%SZ, %Y-%m-%dT%H:%M:%S]\n') (<class 'nupic.swarming.utils.JobFailException'>)
Traceback (most recent call last):
  File "/home/pat/workspace/nupic/nupic/swarming/utils.py", line 430, in runModelGivenBaseAndParams
    (completionReason, completionMsg) = runner.run()
  File "/home/pat/workspace/nupic/nupic/swarming/ModelRunner.py", line 283, in run
    self.__runTaskMainLoop(numIters, learningOffAt=learningOffAt)
  File "/home/pat/workspace/nupic/nupic/swarming/ModelRunner.py", line 351, in __runTaskMainLoop
    traceback.format_exc())
JobFailException: ('E10001', '(\'The provided timestamp "2011-02-01 01:00:00" is malformed. The supported formats are: [%Y-%m-%d %H:%M:%S.%f, %Y-%m-%d %H:%M:%S:%f, %Y-%m-%d %H:%M:%S, %Y-%m-%d %H:%M, %Y-%m-%d, %m/%d/%Y %H:%M, %m/%d/%y %H:%M, %Y-%m-%dT%H:%M:%S.%fZ, %Y-%m-%dT%H:%M:%SZ, %Y-%m-%dT%H:%M:%S]\',)', 'Traceback (most recent call last):\n  File "/home/pat/workspace/nupic/nupic/swarming/ModelRunner.py", line 346, in __runTaskMainLoop\n    inputRecord = self._inputSource.getNextRecordDict()\n  File "/home/pat/workspace/nupic/nupic/data/record_stream.py", line 75, in getNextRecordDict\n    values = self.getNextRecord()\n  File "/home/pat/workspace/nupic/nupic/data/stream_reader.py", line 327, in getNextRecord\n    preAggValues = self._recordStore.getNextRecord()\n  File "/home/pat/workspace/nupic/nupic/data/file_record_stream.py", line 374, in getNextRecord\n    record.append(self._adapters[i](f))\n  File "/home/pat/workspace/nupic/nupic/data/utils.py", line 60, in parseTimestamp\n    \'formats are: [%s]\' % (s, \', \'.join(DATETIME_FORMATS)))\nValueError: The provided timestamp "2011-02-01 01:00:00" is malformed. The supported formats are: [%Y-%m-%d %H:%M:%S.%f, %Y-%m-%d %H:%M:%S:%f, %Y-%m-%d %H:%M:%S, %Y-%m-%d %H:%M, %Y-%m-%d, %m/%d/%Y %H:%M, %m/%d/%y %H:%M, %Y-%m-%dT%H:%M:%S.%fZ, %Y-%m-%dT%H:%M:%SZ, %Y-%m-%dT%H:%M:%S]\n')

2014-12-27 10:30:49,573 - com.numenta.nupic.swarming.HypersearchWorker(7243) - INFO - <BUILDID=N/A, WORKER=HW, WRKID=101, JOBID=1013> COMPLETED MODEL GID=1620; EVALUATED 1 MODELs
2014-12-27 10:30:49,579 - com.numenta.nupic.swarming.HypersearchV2.HypersearchV2(7243) - ERROR - <BUILDID=N/A, WORKER=HW, WRKID=101, JOBID=1013> Exiting because some worker set the workerCompletionReason to error. WorkerCompletionMsg: E10001: ('The provided timestamp "2011-02-01 01:00:00" is malformed. The supported formats are: [%Y-%m-%d %H:%M:%S.%f, %Y-%m-%d %H:%M:%S:%f, %Y-%m-%d %H:%M:%S, %Y-%m-%d %H:%M, %Y-%m-%d, %m/%d/%Y %H:%M, %m/%d/%y %H:%M, %Y-%m-%dT%H:%M:%S.%fZ, %Y-%m-%dT%H:%M:%SZ, %Y-%m-%dT%H:%M:%S]',): Traceback (most recent call last):
  File "/home/pat/workspace/nupic/nupic/swarming/ModelRunner.py", line 346, in __runTaskMainLoop
    inputRecord = self._inputSource.getNextRecordDict()
  File "/home/pat/workspace/nupic/nupic/data/record_stream.py", line 75, in getNextRecordDict
    values = self.getNextRecord()
  File "/home/pat/workspace/nupic/nupic/data/stream_reader.py", line 327, in getNextRecord
    preAggValues = self._recordStore.getNextRecord()
  File "/home/pat/workspace/nupic/nupic/data/file_record_stream.py", line 374, in getNextRecord
    record.append(self._adapters[i](f))
  File "/home/pat/workspace/nupic/nupic/data/utils.py", line 60, in parseTimestamp
    'formats are: [%s]' % (s, ', '.join(DATETIME_FORMATS)))
ValueError: The provided timestamp "2011-02-01 01:00:00" is malformed. The supported formats are: [%Y-%m-%d %H:%M:%S.%f, %Y-%m-%d %H:%M:%S:%f, %Y-%m-%d %H:%M:%S, %Y-%m-%d %H:%M, %Y-%m-%d, %m/%d/%Y %H:%M, %m/%d/%y %H:%M, %Y-%m-%dT%H:%M:%S.%fZ, %Y-%m-%dT%H:%M:%SZ, %Y-%m-%dT%H:%M:%S]

2014-12-27 10:30:49,585 - com.numenta.nupic.swarming.HypersearchV2.HypersearchV2(7243) - INFO - <BUILDID=N/A, WORKER=HW, WRKID=101, JOBID=1013> Successfully updated the field contributions:{u'kw_energy_consumption': nan}
2014-12-27 10:30:49,585 - com.numenta.nupic.swarming.HypersearchWorker(7243) - INFO - <BUILDID=N/A, WORKER=HW, WRKID=101, JOBID=1013> FINISHED. Evaluated 1 models.
