2014-12-28 11:11:40,568 - com.numenta.nupic.swarming.HypersearchWorker(3180) - INFO - <BUILDID=N/A, WORKER=HS, WRKID=N/A, JOBID=N/A> Launched with command line arguments: ['--jobID=1021']
2014-12-28 11:11:40,569 - com.numenta.nupic.swarming.HypersearchWorker(3180) - INFO - <BUILDID=N/A, WORKER=HS, WRKID=N/A, JOBID=N/A> Connecting to the jobs database
2014-12-28 11:11:40,569 - com.numenta.nupic.database.Connection.ConnectionFactory(3180) - INFO - <BUILDID=N/A, WORKER=HS, WRKID=N/A, JOBID=N/A> Creating db connection policy via provider <bound method type._createDefaultPolicy of <class 'nupic.database.Connection.ConnectionFactory'>>
2014-12-28 11:11:40,574 - com.numenta.nupic.database.Connection.PooledConnectionPolicy(3180) - INFO - <BUILDID=N/A, WORKER=HS, WRKID=N/A, JOBID=N/A> Created PooledConnectionPolicy
2014-12-28 11:11:40,593 - com.numenta.nupic.database.ClientJobsDAO.ClientJobsDAO(3180) - INFO - <BUILDID=N/A, WORKER=HS, WRKID=N/A, JOBID=N/A> clientJobsConnectionID=38
2014-12-28 11:11:40,603 - com.numenta.nupic.swarming.HypersearchWorker(3180) - INFO - <BUILDID=N/A, WORKER=HW, WRKID=38, JOBID=1021> Job info retrieved: {'engModelMilestones': 'None', 'clientInfo': '', 'numFailedWorkers': '0', 'engJobType': 'hypersearch', 'results': 'None', 'jobId': '1021', 'completionMsg': 'None', 'cancel': '0', 'engWorkerState': 'None', 'workerCompletionMsg': 'None', 'jobHash': "Z'\x86\xff\x8e\xc5\x11\xe4\x89\xa4\x08\x00'\x16\xdf\xd4", 'genBaseDescription': 'None', 'completionReason': 'None', 'priority': '0', 'cmdLine': '$HYPERSEARCH', 'params': '{"hsVersion": "v2", "maxModels": null, "persistentJobGUID": "5a2...', 'workerCompletionReason': 'success', 'engAllocateNewWorkers': '1', 'lastFailedWorkerErrorMsg': 'None', 'engUntendedDeadWorkers': '0', 'engLastUpdateTime': '2014-12-28 19:11:40', 'status': 'notStarted', 'engStatus': 'None', 'startTime': 'None', 'minimumWorkers': '1', 'endTime': 'None', 'engCjmConnId': 'None', 'genPermutations': 'None', 'client': 'GRP', 'engCleaningStatus': 'notdone', 'clientKey': '', 'maximumWorkers': '4'}
2014-12-28 11:11:40,605 - com.numenta.nupic.swarming.HypersearchV2.HypersearchV2(3180) - INFO - <BUILDID=N/A, WORKER=HW, WRKID=38, JOBID=1021> searchParams: 
{u'description': {u'includedFields': [{u'fieldName': 'timestamp',
                                       u'fieldType': 'datetime'},
                                      {u'fieldName': 'kw_energy_consumption',
                                       u'fieldType': 'float',
                                       u'maxValue': '5.18',
                                       u'minValue': '0.0'}],
                  u'inferenceArgs': {u'predictedField': 'kw_energy_consumption',
                                     u'predictionSteps': ['1']},
                  u'inferenceType': 'TemporalMultiStep',
                  u'iterationCount': '-1',
                  u'metricWindow': '24',
                  u'streamDef': {u'info': 'kw_energy_consumption',
                                 u'streams': [{u'columns': ['*'],
                                               u'info': 'San Diego',
                                               u'source': 'file://san_diego.csv'}],
                                 u'version': '1'},
                  u'swarmSize': 'small'},
 u'hsVersion': 'v2',
 u'maxModels': 'None',
 u'persistentJobGUID': '5a2786fe-8ec5-11e4-89a4-08002716dfd4',
 u'useTerminators': 'False'}
2014-12-28 11:11:43,579 - com.numenta.nupic.swarming.HypersearchV2.HypersearchV2(3180) - INFO - <BUILDID=N/A, WORKER=HW, WRKID=38, JOBID=1021> Ready to end hyperseach, but not all models have matured yet. Sleeping a bit to wait for all models to mature.
2014-12-28 11:11:46,782 - com.numenta.nupic.swarming.HypersearchV2.HypersearchV2(3180) - INFO - <BUILDID=N/A, WORKER=HW, WRKID=38, JOBID=1021> Ready to end hyperseach, but not all models have matured yet. Sleeping a bit to wait for all models to mature.
2014-12-28 11:11:46,914 - com.numenta.nupic.swarming.HypersearchV2.HypersearchV2(3180) - INFO - <BUILDID=N/A, WORKER=HW, WRKID=38, JOBID=1021> Ready to end hyperseach, but not all models have matured yet. Sleeping a bit to wait for all models to mature.
2014-12-28 11:11:48,294 - com.numenta.nupic.swarming.HypersearchV2.HypersearchV2(3180) - INFO - <BUILDID=N/A, WORKER=HW, WRKID=38, JOBID=1021> Ready to end hyperseach, but not all models have matured yet. Sleeping a bit to wait for all models to mature.
2014-12-28 11:11:49,414 - com.numenta.nupic.swarming.HypersearchV2.HypersearchV2(3180) - INFO - <BUILDID=N/A, WORKER=HW, WRKID=38, JOBID=1021> Ready to end hyperseach, but not all models have matured yet. Sleeping a bit to wait for all models to mature.
2014-12-28 11:11:53,102 - com.numenta.nupic.swarming.HypersearchV2.HypersearchV2(3180) - INFO - <BUILDID=N/A, WORKER=HW, WRKID=38, JOBID=1021> Ready to end hyperseach, but not all models have matured yet. Sleeping a bit to wait for all models to mature.
2014-12-28 11:11:56,491 - com.numenta.nupic.swarming.HypersearchV2.HypersearchV2(3180) - INFO - <BUILDID=N/A, WORKER=HW, WRKID=38, JOBID=1021> Ready to end hyperseach, but not all models have matured yet. Sleeping a bit to wait for all models to mature.
2014-12-28 11:12:00,955 - com.numenta.nupic.swarming.HypersearchV2.HypersearchV2(3180) - INFO - <BUILDID=N/A, WORKER=HW, WRKID=38, JOBID=1021> Ready to end hyperseach, but not all models have matured yet. Sleeping a bit to wait for all models to mature.
2014-12-28 11:12:01,392 - com.numenta.nupic.swarming.HypersearchV2.HypersearchV2(3180) - INFO - <BUILDID=N/A, WORKER=HW, WRKID=38, JOBID=1021> Ready to end hyperseach, but not all models have matured yet. Sleeping a bit to wait for all models to mature.
2014-12-28 11:12:03,506 - com.numenta.nupic.swarming.HypersearchV2.HypersearchV2(3180) - INFO - <BUILDID=N/A, WORKER=HW, WRKID=38, JOBID=1021> Ready to end hyperseach, but not all models have matured yet. Sleeping a bit to wait for all models to mature.
2014-12-28 11:12:03,657 - com.numenta.nupic.swarming.HypersearchV2.HypersearchV2(3180) - INFO - <BUILDID=N/A, WORKER=HW, WRKID=38, JOBID=1021> Ready to end hyperseach, but not all models have matured yet. Sleeping a bit to wait for all models to mature.
2014-12-28 11:12:04,754 - com.numenta.nupic.swarming.HypersearchV2.HypersearchV2(3180) - INFO - <BUILDID=N/A, WORKER=HW, WRKID=38, JOBID=1021> Ready to end hyperseach, but not all models have matured yet. Sleeping a bit to wait for all models to mature.
2014-12-28 11:12:07,287 - com.numenta.nupic.swarming.HypersearchV2.HypersearchV2(3180) - INFO - <BUILDID=N/A, WORKER=HW, WRKID=38, JOBID=1021> Ready to end hyperseach, but not all models have matured yet. Sleeping a bit to wait for all models to mature.
2014-12-28 11:12:07,421 - com.numenta.nupic.swarming.HypersearchV2.HypersearchV2(3180) - INFO - <BUILDID=N/A, WORKER=HW, WRKID=38, JOBID=1021> Ready to end hyperseach, but not all models have matured yet. Sleeping a bit to wait for all models to mature.
2014-12-28 11:12:08,419 - com.numenta.nupic.swarming.HypersearchV2.HypersearchV2(3180) - INFO - <BUILDID=N/A, WORKER=HW, WRKID=38, JOBID=1021> Ready to end hyperseach, but not all models have matured yet. Sleeping a bit to wait for all models to mature.
2014-12-28 11:12:11,675 - com.numenta.nupic.swarming.HypersearchV2.HypersearchV2(3180) - INFO - <BUILDID=N/A, WORKER=HW, WRKID=38, JOBID=1021> Ready to end hyperseach, but not all models have matured yet. Sleeping a bit to wait for all models to mature.
2014-12-28 11:12:14,405 - com.numenta.nupic.swarming.HypersearchV2.HypersearchV2(3180) - INFO - <BUILDID=N/A, WORKER=HW, WRKID=38, JOBID=1021> Ready to end hyperseach, but not all models have matured yet. Sleeping a bit to wait for all models to mature.
2014-12-28 11:12:15,511 - com.numenta.nupic.swarming.HypersearchV2.HypersearchV2(3180) - INFO - <BUILDID=N/A, WORKER=HW, WRKID=38, JOBID=1021> Ready to end hyperseach, but not all models have matured yet. Sleeping a bit to wait for all models to mature.
2014-12-28 11:12:18,461 - com.numenta.nupic.swarming.HypersearchV2.HypersearchV2(3180) - INFO - <BUILDID=N/A, WORKER=HW, WRKID=38, JOBID=1021> Ready to end hyperseach, but not all models have matured yet. Sleeping a bit to wait for all models to mature.
2014-12-28 11:12:22,517 - com.numenta.nupic.swarming.HypersearchV2.HypersearchV2(3180) - INFO - <BUILDID=N/A, WORKER=HW, WRKID=38, JOBID=1021> Ready to end hyperseach, but not all models have matured yet. Sleeping a bit to wait for all models to mature.
2014-12-28 11:12:22,551 - com.numenta.nupic.swarming.HypersearchV2.HypersearchV2(3180) - INFO - <BUILDID=N/A, WORKER=HW, WRKID=38, JOBID=1021> Ready to end hyperseach, but not all models have matured yet. Sleeping a bit to wait for all models to mature.
2014-12-28 11:12:26,596 - com.numenta.nupic.swarming.HypersearchV2.HypersearchV2(3180) - INFO - <BUILDID=N/A, WORKER=HW, WRKID=38, JOBID=1021> Ready to end hyperseach, but not all models have matured yet. Sleeping a bit to wait for all models to mature.
2014-12-28 11:12:30,094 - com.numenta.nupic.swarming.HypersearchV2.HypersearchV2(3180) - INFO - <BUILDID=N/A, WORKER=HW, WRKID=38, JOBID=1021> Ready to end hyperseach, but not all models have matured yet. Sleeping a bit to wait for all models to mature.
2014-12-28 11:12:31,799 - com.numenta.nupic.swarming.HypersearchV2.HypersearchV2(3180) - INFO - <BUILDID=N/A, WORKER=HW, WRKID=38, JOBID=1021> Ready to end hyperseach, but not all models have matured yet. Sleeping a bit to wait for all models to mature.
2014-12-28 11:12:32,580 - com.numenta.nupic.swarming.HypersearchV2.HypersearchV2(3180) - INFO - <BUILDID=N/A, WORKER=HW, WRKID=38, JOBID=1021> Ready to end hyperseach, but not all models have matured yet. Sleeping a bit to wait for all models to mature.
2014-12-28 11:12:37,374 - com.numenta.nupic.swarming.HypersearchV2.HypersearchV2(3180) - INFO - <BUILDID=N/A, WORKER=HW, WRKID=38, JOBID=1021> Ready to end hyperseach, but not all models have matured yet. Sleeping a bit to wait for all models to mature.
2014-12-28 11:12:39,061 - com.numenta.nupic.swarming.HypersearchV2.HypersearchV2(3180) - INFO - <BUILDID=N/A, WORKER=HW, WRKID=38, JOBID=1021> Ready to end hyperseach, but not all models have matured yet. Sleeping a bit to wait for all models to mature.
2014-12-28 11:12:39,528 - com.numenta.nupic.swarming.HypersearchV2.HypersearchV2(3180) - INFO - <BUILDID=N/A, WORKER=HW, WRKID=38, JOBID=1021> Ready to end hyperseach, but not all models have matured yet. Sleeping a bit to wait for all models to mature.
2014-12-28 11:12:40,015 - com.numenta.nupic.swarming.HypersearchV2.HypersearchV2(3180) - INFO - <BUILDID=N/A, WORKER=HW, WRKID=38, JOBID=1021> Ready to end hyperseach, but not all models have matured yet. Sleeping a bit to wait for all models to mature.
2014-12-28 11:12:44,259 - com.numenta.nupic.swarming.HypersearchV2.HypersearchV2(3180) - INFO - <BUILDID=N/A, WORKER=HW, WRKID=38, JOBID=1021> Ready to end hyperseach, but not all models have matured yet. Sleeping a bit to wait for all models to mature.
2014-12-28 11:12:47,287 - com.numenta.nupic.swarming.HypersearchV2.HypersearchV2(3180) - INFO - <BUILDID=N/A, WORKER=HW, WRKID=38, JOBID=1021> Ready to end hyperseach, but not all models have matured yet. Sleeping a bit to wait for all models to mature.
2014-12-28 11:12:51,328 - com.numenta.nupic.swarming.HypersearchV2.HypersearchV2(3180) - INFO - <BUILDID=N/A, WORKER=HW, WRKID=38, JOBID=1021> Ready to end hyperseach, but not all models have matured yet. Sleeping a bit to wait for all models to mature.
2014-12-28 11:12:54,986 - com.numenta.nupic.swarming.HypersearchV2.HypersearchV2(3180) - INFO - <BUILDID=N/A, WORKER=HW, WRKID=38, JOBID=1021> Ready to end hyperseach, but not all models have matured yet. Sleeping a bit to wait for all models to mature.
2014-12-28 11:12:57,673 - com.numenta.nupic.swarming.HypersearchV2.HypersearchV2(3180) - INFO - <BUILDID=N/A, WORKER=HW, WRKID=38, JOBID=1021> Ready to end hyperseach, but not all models have matured yet. Sleeping a bit to wait for all models to mature.
2014-12-28 11:13:02,545 - com.numenta.nupic.swarming.HypersearchV2.HypersearchV2(3180) - INFO - <BUILDID=N/A, WORKER=HW, WRKID=38, JOBID=1021> Ready to end hyperseach, but not all models have matured yet. Sleeping a bit to wait for all models to mature.
2014-12-28 11:13:04,444 - com.numenta.nupic.swarming.HypersearchV2.HypersearchV2(3180) - INFO - <BUILDID=N/A, WORKER=HW, WRKID=38, JOBID=1021> Ready to end hyperseach, but not all models have matured yet. Sleeping a bit to wait for all models to mature.
2014-12-28 11:13:07,212 - com.numenta.nupic.swarming.HypersearchV2.HypersearchV2(3180) - INFO - <BUILDID=N/A, WORKER=HW, WRKID=38, JOBID=1021> Ready to end hyperseach, but not all models have matured yet. Sleeping a bit to wait for all models to mature.
2014-12-28 11:13:11,367 - com.numenta.nupic.swarming.HypersearchV2.HypersearchV2(3180) - INFO - <BUILDID=N/A, WORKER=HW, WRKID=38, JOBID=1021> Ready to end hyperseach, but not all models have matured yet. Sleeping a bit to wait for all models to mature.
2014-12-28 11:13:14,467 - com.numenta.nupic.swarming.HypersearchV2.HypersearchV2(3180) - INFO - <BUILDID=N/A, WORKER=HW, WRKID=38, JOBID=1021> Ready to end hyperseach, but not all models have matured yet. Sleeping a bit to wait for all models to mature.
2014-12-28 11:13:18,786 - com.numenta.nupic.swarming.HypersearchV2.HypersearchV2(3180) - INFO - <BUILDID=N/A, WORKER=HW, WRKID=38, JOBID=1021> Ready to end hyperseach, but not all models have matured yet. Sleeping a bit to wait for all models to mature.
2014-12-28 11:13:21,681 - com.numenta.nupic.swarming.HypersearchV2.HypersearchV2(3180) - INFO - <BUILDID=N/A, WORKER=HW, WRKID=38, JOBID=1021> Ready to end hyperseach, but not all models have matured yet. Sleeping a bit to wait for all models to mature.
2014-12-28 11:13:25,211 - com.numenta.nupic.swarming.HypersearchV2.HypersearchV2(3180) - INFO - <BUILDID=N/A, WORKER=HW, WRKID=38, JOBID=1021> Ready to end hyperseach, but not all models have matured yet. Sleeping a bit to wait for all models to mature.
2014-12-28 11:13:25,445 - com.numenta.nupic.swarming.HypersearchV2.HypersearchV2(3180) - INFO - <BUILDID=N/A, WORKER=HW, WRKID=38, JOBID=1021> Ready to end hyperseach, but not all models have matured yet. Sleeping a bit to wait for all models to mature.
2014-12-28 11:13:26,589 - com.numenta.nupic.swarming.HypersearchV2.HypersearchV2(3180) - INFO - <BUILDID=N/A, WORKER=HW, WRKID=38, JOBID=1021> Ready to end hyperseach, but not all models have matured yet. Sleeping a bit to wait for all models to mature.
2014-12-28 11:13:28,042 - com.numenta.nupic.swarming.HypersearchV2.HypersearchV2(3180) - INFO - <BUILDID=N/A, WORKER=HW, WRKID=38, JOBID=1021> Ready to end hyperseach, but not all models have matured yet. Sleeping a bit to wait for all models to mature.
2014-12-28 11:13:28,444 - com.numenta.nupic.swarming.HypersearchV2.HypersearchV2(3180) - INFO - <BUILDID=N/A, WORKER=HW, WRKID=38, JOBID=1021> Ready to end hyperseach, but not all models have matured yet. Sleeping a bit to wait for all models to mature.
2014-12-28 11:13:29,614 - com.numenta.nupic.swarming.HypersearchV2.HypersearchV2(3180) - INFO - <BUILDID=N/A, WORKER=HW, WRKID=38, JOBID=1021> Ready to end hyperseach, but not all models have matured yet. Sleeping a bit to wait for all models to mature.
2014-12-28 11:13:30,123 - com.numenta.nupic.swarming.HypersearchV2.HypersearchV2(3180) - INFO - <BUILDID=N/A, WORKER=HW, WRKID=38, JOBID=1021> Ready to end hyperseach, but not all models have matured yet. Sleeping a bit to wait for all models to mature.
2014-12-28 11:13:31,518 - com.numenta.nupic.swarming.HypersearchV2.HypersearchV2(3180) - INFO - <BUILDID=N/A, WORKER=HW, WRKID=38, JOBID=1021> Ready to end hyperseach, but not all models have matured yet. Sleeping a bit to wait for all models to mature.
2014-12-28 11:13:34,706 - com.numenta.nupic.swarming.HypersearchV2.HypersearchV2(3180) - INFO - <BUILDID=N/A, WORKER=HW, WRKID=38, JOBID=1021> Ready to end hyperseach, but not all models have matured yet. Sleeping a bit to wait for all models to mature.
2014-12-28 11:13:36,536 - com.numenta.nupic.swarming.HypersearchV2.HypersearchV2(3180) - INFO - <BUILDID=N/A, WORKER=HW, WRKID=38, JOBID=1021> Ready to end hyperseach, but not all models have matured yet. Sleeping a bit to wait for all models to mature.
2014-12-28 11:13:38,392 - com.numenta.nupic.swarming.HypersearchV2.HypersearchV2(3180) - INFO - <BUILDID=N/A, WORKER=HW, WRKID=38, JOBID=1021> Ready to end hyperseach, but not all models have matured yet. Sleeping a bit to wait for all models to mature.
2014-12-28 11:13:39,446 - com.numenta.nupic.swarming.HypersearchV2.HypersearchV2(3180) - INFO - <BUILDID=N/A, WORKER=HW, WRKID=38, JOBID=1021> Ready to end hyperseach, but not all models have matured yet. Sleeping a bit to wait for all models to mature.
2014-12-28 11:13:40,786 - com.numenta.nupic.swarming.HypersearchV2.HypersearchV2(3180) - INFO - <BUILDID=N/A, WORKER=HW, WRKID=38, JOBID=1021> Ready to end hyperseach, but not all models have matured yet. Sleeping a bit to wait for all models to mature.
2014-12-28 11:13:45,478 - com.numenta.nupic.swarming.HypersearchV2.HypersearchV2(3180) - INFO - <BUILDID=N/A, WORKER=HW, WRKID=38, JOBID=1021> Ready to end hyperseach, but not all models have matured yet. Sleeping a bit to wait for all models to mature.
2014-12-28 11:13:48,727 - com.numenta.nupic.swarming.HypersearchV2.HypersearchV2(3180) - INFO - <BUILDID=N/A, WORKER=HW, WRKID=38, JOBID=1021> Ready to end hyperseach, but not all models have matured yet. Sleeping a bit to wait for all models to mature.
2014-12-28 11:13:51,779 - com.numenta.nupic.swarming.HypersearchV2.HypersearchV2(3180) - INFO - <BUILDID=N/A, WORKER=HW, WRKID=38, JOBID=1021> Ready to end hyperseach, but not all models have matured yet. Sleeping a bit to wait for all models to mature.
2014-12-28 11:13:52,639 - com.numenta.nupic.swarming.HypersearchV2.HypersearchV2(3180) - INFO - <BUILDID=N/A, WORKER=HW, WRKID=38, JOBID=1021> Ready to end hyperseach, but not all models have matured yet. Sleeping a bit to wait for all models to mature.
2014-12-28 11:13:56,293 - com.numenta.nupic.swarming.HypersearchV2.HypersearchV2(3180) - INFO - <BUILDID=N/A, WORKER=HW, WRKID=38, JOBID=1021> Ready to end hyperseach, but not all models have matured yet. Sleeping a bit to wait for all models to mature.
2014-12-28 11:13:57,113 - com.numenta.nupic.swarming.HypersearchV2.HypersearchV2(3180) - INFO - <BUILDID=N/A, WORKER=HW, WRKID=38, JOBID=1021> Ready to end hyperseach, but not all models have matured yet. Sleeping a bit to wait for all models to mature.
2014-12-28 11:13:59,023 - com.numenta.nupic.swarming.HypersearchV2.HypersearchV2(3180) - INFO - <BUILDID=N/A, WORKER=HW, WRKID=38, JOBID=1021> Ready to end hyperseach, but not all models have matured yet. Sleeping a bit to wait for all models to mature.
2014-12-28 11:14:03,977 - com.numenta.nupic.swarming.HypersearchV2.HypersearchV2(3180) - INFO - <BUILDID=N/A, WORKER=HW, WRKID=38, JOBID=1021> Ready to end hyperseach, but not all models have matured yet. Sleeping a bit to wait for all models to mature.
2014-12-28 11:14:07,184 - com.numenta.nupic.swarming.HypersearchV2.HypersearchV2(3180) - INFO - <BUILDID=N/A, WORKER=HW, WRKID=38, JOBID=1021> Ready to end hyperseach, but not all models have matured yet. Sleeping a bit to wait for all models to mature.
2014-12-28 11:14:09,978 - com.numenta.nupic.swarming.HypersearchV2.HypersearchV2(3180) - INFO - <BUILDID=N/A, WORKER=HW, WRKID=38, JOBID=1021> Ready to end hyperseach, but not all models have matured yet. Sleeping a bit to wait for all models to mature.
2014-12-28 11:14:13,405 - com.numenta.nupic.swarming.HypersearchV2.HypersearchV2(3180) - INFO - <BUILDID=N/A, WORKER=HW, WRKID=38, JOBID=1021> Ready to end hyperseach, but not all models have matured yet. Sleeping a bit to wait for all models to mature.
2014-12-28 11:14:17,628 - com.numenta.nupic.swarming.HypersearchV2.HypersearchV2(3180) - INFO - <BUILDID=N/A, WORKER=HW, WRKID=38, JOBID=1021> Ready to end hyperseach, but not all models have matured yet. Sleeping a bit to wait for all models to mature.
2014-12-28 11:14:21,517 - com.numenta.nupic.swarming.HypersearchV2.HypersearchV2(3180) - INFO - <BUILDID=N/A, WORKER=HW, WRKID=38, JOBID=1021> Ready to end hyperseach, but not all models have matured yet. Sleeping a bit to wait for all models to mature.
2014-12-28 11:14:22,671 - com.numenta.nupic.swarming.HypersearchV2.HypersearchV2(3180) - INFO - <BUILDID=N/A, WORKER=HW, WRKID=38, JOBID=1021> Ready to end hyperseach, but not all models have matured yet. Sleeping a bit to wait for all models to mature.
2014-12-28 11:14:22,835 - com.numenta.nupic.swarming.HypersearchV2.HypersearchV2(3180) - INFO - <BUILDID=N/A, WORKER=HW, WRKID=38, JOBID=1021> Ready to end hyperseach, but not all models have matured yet. Sleeping a bit to wait for all models to mature.
2014-12-28 11:14:24,417 - com.numenta.nupic.swarming.HypersearchV2.HypersearchV2(3180) - INFO - <BUILDID=N/A, WORKER=HW, WRKID=38, JOBID=1021> Ready to end hyperseach, but not all models have matured yet. Sleeping a bit to wait for all models to mature.
2014-12-28 11:14:25,761 - com.numenta.nupic.swarming.HypersearchV2.HypersearchV2(3180) - INFO - <BUILDID=N/A, WORKER=HW, WRKID=38, JOBID=1021> Ready to end hyperseach, but not all models have matured yet. Sleeping a bit to wait for all models to mature.
2014-12-28 11:14:26,821 - com.numenta.nupic.swarming.HypersearchV2.HypersearchV2(3180) - INFO - <BUILDID=N/A, WORKER=HW, WRKID=38, JOBID=1021> Ready to end hyperseach, but not all models have matured yet. Sleeping a bit to wait for all models to mature.
2014-12-28 11:14:31,545 - com.numenta.nupic.swarming.HypersearchV2.HypersearchV2(3180) - INFO - <BUILDID=N/A, WORKER=HW, WRKID=38, JOBID=1021> Ready to end hyperseach, but not all models have matured yet. Sleeping a bit to wait for all models to mature.
2014-12-28 11:14:35,937 - com.numenta.nupic.swarming.HypersearchV2.HypersearchV2(3180) - INFO - <BUILDID=N/A, WORKER=HW, WRKID=38, JOBID=1021> Ready to end hyperseach, but not all models have matured yet. Sleeping a bit to wait for all models to mature.
2014-12-28 11:14:37,517 - com.numenta.nupic.swarming.HypersearchV2.HypersearchV2(3180) - INFO - <BUILDID=N/A, WORKER=HW, WRKID=38, JOBID=1021> Ready to end hyperseach, but not all models have matured yet. Sleeping a bit to wait for all models to mature.
2014-12-28 11:14:40,801 - com.numenta.nupic.swarming.HypersearchV2.HypersearchV2(3180) - INFO - <BUILDID=N/A, WORKER=HW, WRKID=38, JOBID=1021> Ready to end hyperseach, but not all models have matured yet. Sleeping a bit to wait for all models to mature.
2014-12-28 11:14:42,787 - com.numenta.nupic.swarming.HypersearchV2.HypersearchV2(3180) - INFO - <BUILDID=N/A, WORKER=HW, WRKID=38, JOBID=1021> Ready to end hyperseach, but not all models have matured yet. Sleeping a bit to wait for all models to mature.
2014-12-28 11:14:47,367 - com.numenta.nupic.swarming.HypersearchV2.HypersearchV2(3180) - INFO - <BUILDID=N/A, WORKER=HW, WRKID=38, JOBID=1021> Ready to end hyperseach, but not all models have matured yet. Sleeping a bit to wait for all models to mature.
2014-12-28 11:14:49,667 - com.numenta.nupic.swarming.HypersearchV2.HypersearchV2(3180) - INFO - <BUILDID=N/A, WORKER=HW, WRKID=38, JOBID=1021> Ready to end hyperseach, but not all models have matured yet. Sleeping a bit to wait for all models to mature.
2014-12-28 11:14:50,997 - com.numenta.nupic.swarming.HypersearchV2.HypersearchV2(3180) - INFO - <BUILDID=N/A, WORKER=HW, WRKID=38, JOBID=1021> Ready to end hyperseach, but not all models have matured yet. Sleeping a bit to wait for all models to mature.
2014-12-28 11:14:52,234 - com.numenta.nupic.swarming.HypersearchV2.HypersearchV2(3180) - INFO - <BUILDID=N/A, WORKER=HW, WRKID=38, JOBID=1021> Ready to end hyperseach, but not all models have matured yet. Sleeping a bit to wait for all models to mature.
2014-12-28 11:14:55,048 - com.numenta.nupic.swarming.HypersearchV2.HypersearchV2(3180) - INFO - <BUILDID=N/A, WORKER=HW, WRKID=38, JOBID=1021> Ready to end hyperseach, but not all models have matured yet. Sleeping a bit to wait for all models to mature.
2014-12-28 11:14:56,367 - com.numenta.nupic.swarming.HypersearchV2.HypersearchV2(3180) - INFO - <BUILDID=N/A, WORKER=HW, WRKID=38, JOBID=1021> Ready to end hyperseach, but not all models have matured yet. Sleeping a bit to wait for all models to mature.
2014-12-28 11:14:59,296 - com.numenta.nupic.swarming.HypersearchV2.HypersearchV2(3180) - INFO - <BUILDID=N/A, WORKER=HW, WRKID=38, JOBID=1021> Ready to end hyperseach, but not all models have matured yet. Sleeping a bit to wait for all models to mature.
2014-12-28 11:15:03,790 - com.numenta.nupic.swarming.HypersearchV2.HypersearchV2(3180) - INFO - <BUILDID=N/A, WORKER=HW, WRKID=38, JOBID=1021> Ready to end hyperseach, but not all models have matured yet. Sleeping a bit to wait for all models to mature.
2014-12-28 11:15:05,791 - com.numenta.nupic.swarming.HypersearchV2.HypersearchV2(3180) - INFO - <BUILDID=N/A, WORKER=HW, WRKID=38, JOBID=1021> Ready to end hyperseach, but not all models have matured yet. Sleeping a bit to wait for all models to mature.
2014-12-28 11:15:06,891 - com.numenta.nupic.swarming.HypersearchV2.HypersearchV2(3180) - INFO - <BUILDID=N/A, WORKER=HW, WRKID=38, JOBID=1021> Ready to end hyperseach, but not all models have matured yet. Sleeping a bit to wait for all models to mature.
2014-12-28 11:15:11,886 - com.numenta.nupic.swarming.HypersearchV2.HypersearchV2(3180) - INFO - <BUILDID=N/A, WORKER=HW, WRKID=38, JOBID=1021> Ready to end hyperseach, but not all models have matured yet. Sleeping a bit to wait for all models to mature.
2014-12-28 11:15:14,440 - com.numenta.nupic.swarming.HypersearchV2.HypersearchV2(3180) - INFO - <BUILDID=N/A, WORKER=HW, WRKID=38, JOBID=1021> Ready to end hyperseach, but not all models have matured yet. Sleeping a bit to wait for all models to mature.
2014-12-28 11:15:14,901 - com.numenta.nupic.swarming.HypersearchV2.HypersearchV2(3180) - INFO - <BUILDID=N/A, WORKER=HW, WRKID=38, JOBID=1021> Ready to end hyperseach, but not all models have matured yet. Sleeping a bit to wait for all models to mature.
2014-12-28 11:15:15,139 - com.numenta.nupic.swarming.HypersearchV2.HypersearchV2(3180) - INFO - <BUILDID=N/A, WORKER=HW, WRKID=38, JOBID=1021> Ready to end hyperseach, but not all models have matured yet. Sleeping a bit to wait for all models to mature.
2014-12-28 11:15:15,689 - com.numenta.nupic.swarming.HypersearchV2.HypersearchV2(3180) - INFO - <BUILDID=N/A, WORKER=HW, WRKID=38, JOBID=1021> Ready to end hyperseach, but not all models have matured yet. Sleeping a bit to wait for all models to mature.
2014-12-28 11:15:18,834 - com.numenta.nupic.swarming.HypersearchV2.HypersearchV2(3180) - INFO - <BUILDID=N/A, WORKER=HW, WRKID=38, JOBID=1021> Ready to end hyperseach, but not all models have matured yet. Sleeping a bit to wait for all models to mature.
2014-12-28 11:15:22,802 - com.numenta.nupic.swarming.HypersearchV2.HypersearchV2(3180) - INFO - <BUILDID=N/A, WORKER=HW, WRKID=38, JOBID=1021> Ready to end hyperseach, but not all models have matured yet. Sleeping a bit to wait for all models to mature.
2014-12-28 11:15:24,918 - com.numenta.nupic.swarming.HypersearchV2.HypersearchV2(3180) - INFO - <BUILDID=N/A, WORKER=HW, WRKID=38, JOBID=1021> Ready to end hyperseach, but not all models have matured yet. Sleeping a bit to wait for all models to mature.
2014-12-28 11:15:25,238 - com.numenta.nupic.swarming.HypersearchV2.HypersearchV2(3180) - INFO - <BUILDID=N/A, WORKER=HW, WRKID=38, JOBID=1021> Ready to end hyperseach, but not all models have matured yet. Sleeping a bit to wait for all models to mature.
2014-12-28 11:15:27,154 - com.numenta.nupic.swarming.HypersearchV2.HypersearchV2(3180) - INFO - <BUILDID=N/A, WORKER=HW, WRKID=38, JOBID=1021> Ready to end hyperseach, but not all models have matured yet. Sleeping a bit to wait for all models to mature.
2014-12-28 11:15:32,142 - com.numenta.nupic.swarming.HypersearchV2.HypersearchV2(3180) - INFO - <BUILDID=N/A, WORKER=HW, WRKID=38, JOBID=1021> Ready to end hyperseach, but not all models have matured yet. Sleeping a bit to wait for all models to mature.
2014-12-28 11:15:34,795 - com.numenta.nupic.swarming.HypersearchV2.HypersearchV2(3180) - INFO - <BUILDID=N/A, WORKER=HW, WRKID=38, JOBID=1021> Ready to end hyperseach, but not all models have matured yet. Sleeping a bit to wait for all models to mature.
2014-12-28 11:15:39,673 - com.numenta.nupic.swarming.HypersearchV2.HypersearchV2(3180) - INFO - <BUILDID=N/A, WORKER=HW, WRKID=38, JOBID=1021> Ready to end hyperseach, but not all models have matured yet. Sleeping a bit to wait for all models to mature.
2014-12-28 11:15:43,980 - com.numenta.nupic.swarming.HypersearchV2.HypersearchV2(3180) - INFO - <BUILDID=N/A, WORKER=HW, WRKID=38, JOBID=1021> Ready to end hyperseach, but not all models have matured yet. Sleeping a bit to wait for all models to mature.
2014-12-28 11:15:44,041 - com.numenta.nupic.swarming.HypersearchV2.HypersearchV2(3180) - INFO - <BUILDID=N/A, WORKER=HW, WRKID=38, JOBID=1021> Ready to end hyperseach, but not all models have matured yet. Sleeping a bit to wait for all models to mature.
2014-12-28 11:15:47,653 - com.numenta.nupic.swarming.HypersearchV2.HypersearchV2(3180) - INFO - <BUILDID=N/A, WORKER=HW, WRKID=38, JOBID=1021> Ready to end hyperseach, but not all models have matured yet. Sleeping a bit to wait for all models to mature.
2014-12-28 11:15:51,067 - com.numenta.nupic.swarming.HypersearchV2.HypersearchV2(3180) - INFO - <BUILDID=N/A, WORKER=HW, WRKID=38, JOBID=1021> Ready to end hyperseach, but not all models have matured yet. Sleeping a bit to wait for all models to mature.
2014-12-28 11:15:53,759 - com.numenta.nupic.swarming.HypersearchV2.HypersearchV2(3180) - INFO - <BUILDID=N/A, WORKER=HW, WRKID=38, JOBID=1021> Ready to end hyperseach, but not all models have matured yet. Sleeping a bit to wait for all models to mature.
2014-12-28 11:15:55,098 - com.numenta.nupic.swarming.HypersearchV2.HypersearchV2(3180) - INFO - <BUILDID=N/A, WORKER=HW, WRKID=38, JOBID=1021> Ready to end hyperseach, but not all models have matured yet. Sleeping a bit to wait for all models to mature.
2014-12-28 11:15:58,307 - com.numenta.nupic.swarming.HypersearchV2.HypersearchV2(3180) - INFO - <BUILDID=N/A, WORKER=HW, WRKID=38, JOBID=1021> Ready to end hyperseach, but not all models have matured yet. Sleeping a bit to wait for all models to mature.
2014-12-28 11:15:58,870 - com.numenta.nupic.swarming.HypersearchV2.HypersearchV2(3180) - INFO - <BUILDID=N/A, WORKER=HW, WRKID=38, JOBID=1021> Ready to end hyperseach, but not all models have matured yet. Sleeping a bit to wait for all models to mature.
2014-12-28 11:16:01,048 - com.numenta.nupic.swarming.HypersearchV2.HypersearchV2(3180) - INFO - <BUILDID=N/A, WORKER=HW, WRKID=38, JOBID=1021> Ready to end hyperseach, but not all models have matured yet. Sleeping a bit to wait for all models to mature.
2014-12-28 11:16:03,322 - com.numenta.nupic.swarming.HypersearchV2.HypersearchV2(3180) - INFO - <BUILDID=N/A, WORKER=HW, WRKID=38, JOBID=1021> Ready to end hyperseach, but not all models have matured yet. Sleeping a bit to wait for all models to mature.
2014-12-28 11:16:08,098 - com.numenta.nupic.swarming.HypersearchV2.HypersearchV2(3180) - INFO - <BUILDID=N/A, WORKER=HW, WRKID=38, JOBID=1021> Ready to end hyperseach, but not all models have matured yet. Sleeping a bit to wait for all models to mature.
2014-12-28 11:16:12,485 - com.numenta.nupic.swarming.HypersearchV2.HypersearchV2(3180) - INFO - <BUILDID=N/A, WORKER=HW, WRKID=38, JOBID=1021> Ready to end hyperseach, but not all models have matured yet. Sleeping a bit to wait for all models to mature.
2014-12-28 11:16:13,808 - com.numenta.nupic.swarming.HypersearchV2.HypersearchV2(3180) - INFO - <BUILDID=N/A, WORKER=HW, WRKID=38, JOBID=1021> Ready to end hyperseach, but not all models have matured yet. Sleeping a bit to wait for all models to mature.
2014-12-28 11:16:16,319 - com.numenta.nupic.swarming.HypersearchV2.HypersearchV2(3180) - INFO - <BUILDID=N/A, WORKER=HW, WRKID=38, JOBID=1021> Ready to end hyperseach, but not all models have matured yet. Sleeping a bit to wait for all models to mature.
2014-12-28 11:16:17,215 - com.numenta.nupic.swarming.HypersearchV2.HypersearchV2(3180) - INFO - <BUILDID=N/A, WORKER=HW, WRKID=38, JOBID=1021> Ready to end hyperseach, but not all models have matured yet. Sleeping a bit to wait for all models to mature.
2014-12-28 11:16:21,786 - com.numenta.nupic.swarming.HypersearchV2.HypersearchV2(3180) - INFO - <BUILDID=N/A, WORKER=HW, WRKID=38, JOBID=1021> Ready to end hyperseach, but not all models have matured yet. Sleeping a bit to wait for all models to mature.
2014-12-28 11:16:26,146 - com.numenta.nupic.swarming.HypersearchV2.HypersearchV2(3180) - INFO - <BUILDID=N/A, WORKER=HW, WRKID=38, JOBID=1021> Ready to end hyperseach, but not all models have matured yet. Sleeping a bit to wait for all models to mature.
2014-12-28 11:16:27,644 - com.numenta.nupic.swarming.HypersearchV2.HypersearchV2(3180) - INFO - <BUILDID=N/A, WORKER=HW, WRKID=38, JOBID=1021> Ready to end hyperseach, but not all models have matured yet. Sleeping a bit to wait for all models to mature.
2014-12-28 11:16:30,845 - com.numenta.nupic.swarming.HypersearchV2.HypersearchV2(3180) - INFO - <BUILDID=N/A, WORKER=HW, WRKID=38, JOBID=1021> Ready to end hyperseach, but not all models have matured yet. Sleeping a bit to wait for all models to mature.
2014-12-28 11:16:33,906 - com.numenta.nupic.swarming.HypersearchV2.HypersearchV2(3180) - INFO - <BUILDID=N/A, WORKER=HW, WRKID=38, JOBID=1021> Ready to end hyperseach, but not all models have matured yet. Sleeping a bit to wait for all models to mature.
2014-12-28 11:16:34,675 - com.numenta.nupic.swarming.HypersearchV2.HypersearchV2(3180) - INFO - <BUILDID=N/A, WORKER=HW, WRKID=38, JOBID=1021> Ready to end hyperseach, but not all models have matured yet. Sleeping a bit to wait for all models to mature.
2014-12-28 11:16:38,496 - com.numenta.nupic.swarming.HypersearchV2.HypersearchV2(3180) - INFO - <BUILDID=N/A, WORKER=HW, WRKID=38, JOBID=1021> Ready to end hyperseach, but not all models have matured yet. Sleeping a bit to wait for all models to mature.
2014-12-28 11:16:41,198 - com.numenta.nupic.swarming.HypersearchV2.HypersearchV2(3180) - INFO - <BUILDID=N/A, WORKER=HW, WRKID=38, JOBID=1021> Ready to end hyperseach, but not all models have matured yet. Sleeping a bit to wait for all models to mature.
2014-12-28 11:16:45,099 - com.numenta.nupic.swarming.HypersearchV2.HypersearchV2(3180) - INFO - <BUILDID=N/A, WORKER=HW, WRKID=38, JOBID=1021> Ready to end hyperseach, but not all models have matured yet. Sleeping a bit to wait for all models to mature.
2014-12-28 11:16:47,759 - com.numenta.nupic.swarming.HypersearchV2.HypersearchV2(3180) - INFO - <BUILDID=N/A, WORKER=HW, WRKID=38, JOBID=1021> Ready to end hyperseach, but not all models have matured yet. Sleeping a bit to wait for all models to mature.
2014-12-28 11:16:47,764 - com.numenta.nupic.swarming.HypersearchV2.HypersearchV2(3180) - INFO - <BUILDID=N/A, WORKER=HW, WRKID=38, JOBID=1021> Ready to end hyperseach, but not all models have matured yet. Sleeping a bit to wait for all models to mature.
2014-12-28 11:16:49,389 - com.numenta.nupic.swarming.HypersearchV2.HypersearchV2(3180) - INFO - <BUILDID=N/A, WORKER=HW, WRKID=38, JOBID=1021> Ready to end hyperseach, but not all models have matured yet. Sleeping a bit to wait for all models to mature.
2014-12-28 11:16:49,490 - com.numenta.nupic.swarming.HypersearchV2.HypersearchV2(3180) - INFO - <BUILDID=N/A, WORKER=HW, WRKID=38, JOBID=1021> Ready to end hyperseach, but not all models have matured yet. Sleeping a bit to wait for all models to mature.
2014-12-28 11:16:54,147 - com.numenta.nupic.swarming.HypersearchV2.HypersearchV2(3180) - INFO - <BUILDID=N/A, WORKER=HW, WRKID=38, JOBID=1021> Ready to end hyperseach, but not all models have matured yet. Sleeping a bit to wait for all models to mature.
2014-12-28 11:16:58,548 - com.numenta.nupic.swarming.HypersearchV2.HypersearchV2(3180) - INFO - <BUILDID=N/A, WORKER=HW, WRKID=38, JOBID=1021> Ready to end hyperseach, but not all models have matured yet. Sleeping a bit to wait for all models to mature.
2014-12-28 11:17:02,713 - com.numenta.nupic.swarming.HypersearchV2.HypersearchV2(3180) - INFO - <BUILDID=N/A, WORKER=HW, WRKID=38, JOBID=1021> Ready to end hyperseach, but not all models have matured yet. Sleeping a bit to wait for all models to mature.
2014-12-28 11:17:04,256 - com.numenta.nupic.swarming.HypersearchV2.HypersearchV2(3180) - INFO - <BUILDID=N/A, WORKER=HW, WRKID=38, JOBID=1021> Ready to end hyperseach, but not all models have matured yet. Sleeping a bit to wait for all models to mature.
2014-12-28 11:17:04,549 - com.numenta.nupic.swarming.HypersearchV2.HypersearchV2(3180) - INFO - <BUILDID=N/A, WORKER=HW, WRKID=38, JOBID=1021> Ready to end hyperseach, but not all models have matured yet. Sleeping a bit to wait for all models to mature.
2014-12-28 11:17:08,943 - com.numenta.nupic.swarming.HypersearchV2.HypersearchV2(3180) - INFO - <BUILDID=N/A, WORKER=HW, WRKID=38, JOBID=1021> Ready to end hyperseach, but not all models have matured yet. Sleeping a bit to wait for all models to mature.
2014-12-28 11:17:11,545 - root(3180) - ERROR - HypersearchWorker is exiting with unhandled exception; argv=['/home/pat/workspace/nupic/nupic/swarming/HypersearchWorker.py', '--jobID=1021']
Traceback (most recent call last):
  File "/home/pat/workspace/nupic/nupic/swarming/HypersearchWorker.py", line 609, in <module>
    main(sys.argv)
  File "/home/pat/workspace/nupic/nupic/swarming/HypersearchWorker.py", line 551, in main
    jobID = hst.run()
  File "/home/pat/workspace/nupic/nupic/swarming/HypersearchWorker.py", line 344, in run
    (exit, newModels) = self._hs.createModels(numModels = batchSize)
  File "/home/pat/workspace/nupic/nupic/swarming/HypersearchV2.py", line 3744, in createModels
    return (self._okToExit(), [])
  File "/home/pat/workspace/nupic/nupic/swarming/HypersearchV2.py", line 3601, in _okToExit
    time.sleep(5.0 * random.random())
KeyboardInterrupt
