2014-12-28 17:20:16,716 - com.numenta.nupic.swarming.HypersearchWorker(3770) - INFO - <BUILDID=N/A, WORKER=HS, WRKID=N/A, JOBID=N/A> Launched with command line arguments: ['--jobID=1023']
2014-12-28 17:20:16,718 - com.numenta.nupic.swarming.HypersearchWorker(3770) - INFO - <BUILDID=N/A, WORKER=HS, WRKID=N/A, JOBID=N/A> Connecting to the jobs database
2014-12-28 17:20:16,718 - com.numenta.nupic.database.Connection.ConnectionFactory(3770) - INFO - <BUILDID=N/A, WORKER=HS, WRKID=N/A, JOBID=N/A> Creating db connection policy via provider <bound method type._createDefaultPolicy of <class 'nupic.database.Connection.ConnectionFactory'>>
2014-12-28 17:20:16,721 - com.numenta.nupic.database.Connection.PooledConnectionPolicy(3770) - INFO - <BUILDID=N/A, WORKER=HS, WRKID=N/A, JOBID=N/A> Created PooledConnectionPolicy
2014-12-28 17:20:16,733 - com.numenta.nupic.database.ClientJobsDAO.ClientJobsDAO(3770) - INFO - <BUILDID=N/A, WORKER=HS, WRKID=N/A, JOBID=N/A> clientJobsConnectionID=49
2014-12-28 17:20:16,736 - com.numenta.nupic.swarming.HypersearchWorker(3770) - INFO - <BUILDID=N/A, WORKER=HW, WRKID=49, JOBID=1023> Job info retrieved: {'engModelMilestones': 'None', 'clientInfo': '', 'numFailedWorkers': '0', 'engJobType': 'hypersearch', 'results': 'None', 'jobId': '1023', 'completionMsg': 'None', 'cancel': '0', 'engWorkerState': 'None', 'workerCompletionMsg': 'None', 'jobHash': "\xd8_\x92\xb9\x8e\xf8\x11\xe4\x89\xa4\x08\x00'\x16\xdf\xd4", 'genBaseDescription': 'None', 'completionReason': 'None', 'priority': '0', 'cmdLine': '$HYPERSEARCH', 'params': '{"hsVersion": "v2", "maxModels": null, "persistentJobGUID": "d85...', 'workerCompletionReason': 'success', 'engAllocateNewWorkers': '1', 'lastFailedWorkerErrorMsg': 'None', 'engUntendedDeadWorkers': '0', 'engLastUpdateTime': '2014-12-29 01:20:16', 'status': 'notStarted', 'engStatus': 'None', 'startTime': 'None', 'minimumWorkers': '1', 'endTime': 'None', 'engCjmConnId': 'None', 'genPermutations': 'None', 'client': 'GRP', 'engCleaningStatus': 'notdone', 'clientKey': '', 'maximumWorkers': '4'}
2014-12-28 17:20:16,742 - com.numenta.nupic.swarming.HypersearchV2.HypersearchV2(3770) - INFO - <BUILDID=N/A, WORKER=HW, WRKID=49, JOBID=1023> searchParams: 
{u'description': {u'includedFields': [{u'fieldName': 'timestamp',
                                       u'fieldType': 'datetime'},
                                      {u'fieldName': 'temp',
                                       u'fieldType': 'float',
                                       u'maxValue': '34.0',
                                       u'minValue': '6.0'},
                                      {u'fieldName': 'dewpt',
                                       u'fieldType': 'float',
                                       u'maxValue': '22.0',
                                       u'minValue': '-22.0'},
                                      {u'fieldName': 'wind',
                                       u'fieldType': 'float',
                                       u'maxValue': '14.0',
                                       u'minValue': '0.0'},
                                      {u'fieldName': 'is_daylight',
                                       u'fieldType': 'int',
                                       u'maxValue': '1',
                                       u'minValue': '0'},
                                      {u'fieldName': 'elapsed',
                                       u'fieldType': 'int',
                                       u'maxValue': '86400',
                                       u'minValue': '0'},
                                      {u'fieldName': 'kwh',
                                       u'fieldType': 'float',
                                       u'maxValue': '5.18',
                                       u'minValue': '0.0'}],
                  u'inferenceArgs': {u'predictedField': 'kwh',
                                     u'predictionSteps': ['1']},
                  u'inferenceType': 'TemporalMultiStep',
                  u'iterationCount': '-1',
                  u'streamDef': {u'info': 'kw_energy_consumption',
                                 u'streams': [{u'columns': ['*'],
                                               u'info': 'San Diego',
                                               u'source': 'file://sd_weather.csv'}],
                                 u'version': '1'},
                  u'swarmSize': 'small'},
 u'hsVersion': 'v2',
 u'maxModels': 'None',
 u'persistentJobGUID': 'd85f92b8-8ef8-11e4-89a4-08002716dfd4',
 u'useTerminators': 'False'}
2014-12-28 17:20:16,904 - com.numenta.nupic.swarming.HypersearchV2.HypersearchV2(3770) - INFO - <BUILDID=N/A, WORKER=HW, WRKID=49, JOBID=1023> Active swarms changed to [u'modelParams|sensorParams|encoders|kwh'] (from None)
2014-12-28 17:20:17,031 - com.numenta.nupic.database.ClientJobsDAO.ClientJobsDAO(3770) - INFO - <BUILDID=N/A, WORKER=HW, WRKID=49, JOBID=1023> Model insert attempt failed with DUP_ENTRY: jobID=1023; paramsHash=1342987db02374861f1f7af0cc45ca9c OR particleHash=d34ea1d547ac6f4210cd74e3d6772d14; IntegrityError(1062, u"Duplicate entry '1023-\\x13B\\x98}\\xB0#t\\x86\\x1F\\x1Fz\\xF0\\xCCE\\xCA\\x9C' for key 'job_id'")
2014-12-28 17:20:17,037 - com.numenta.nupic.swarming.HypersearchWorker(3770) - INFO - <BUILDID=N/A, WORKER=HW, WRKID=49, JOBID=1023> Adding model 2510 to our internal DB because modelInsertAndStart() failed to insert it: paramsHash=1342987db02374861f1f7af0cc45ca9c, particleHash=11a4702bed36b507116cb1c10246733e, particleId='48.0.0'
2014-12-28 17:20:17,039 - com.numenta.nupic.database.ClientJobsDAO.ClientJobsDAO(3770) - INFO - <BUILDID=N/A, WORKER=HW, WRKID=49, JOBID=1023> Model insert attempt failed with DUP_ENTRY: jobID=1023; paramsHash=1342987db02374861f1f7af0cc45ca9c OR particleHash=f4b749340c79406e44abf5fffee05b6c; IntegrityError(1062, u"Duplicate entry '1023-\\x13B\\x98}\\xB0#t\\x86\\x1F\\x1Fz\\xF0\\xCCE\\xCA\\x9C' for key 'job_id'")
2014-12-28 17:20:17,042 - com.numenta.nupic.swarming.HypersearchWorker(3770) - INFO - <BUILDID=N/A, WORKER=HW, WRKID=49, JOBID=1023> Adding model 2510 to our internal DB because modelInsertAndStart() failed to insert it: paramsHash=1342987db02374861f1f7af0cc45ca9c, particleHash=11a4702bed36b507116cb1c10246733e, particleId='48.0.0'
2014-12-28 17:20:17,045 - com.numenta.nupic.database.ClientJobsDAO.ClientJobsDAO(3770) - INFO - <BUILDID=N/A, WORKER=HW, WRKID=49, JOBID=1023> Model insert attempt failed with DUP_ENTRY: jobID=1023; paramsHash=1342987db02374861f1f7af0cc45ca9c OR particleHash=f89e853c5c982a4901256728c42ec9a9; IntegrityError(1062, u"Duplicate entry '1023-\\x13B\\x98}\\xB0#t\\x86\\x1F\\x1Fz\\xF0\\xCCE\\xCA\\x9C' for key 'job_id'")
2014-12-28 17:20:17,054 - com.numenta.nupic.swarming.HypersearchWorker(3770) - INFO - <BUILDID=N/A, WORKER=HW, WRKID=49, JOBID=1023> Adding model 2510 to our internal DB because modelInsertAndStart() failed to insert it: paramsHash=1342987db02374861f1f7af0cc45ca9c, particleHash=11a4702bed36b507116cb1c10246733e, particleId='48.0.0'
2014-12-28 17:20:17,064 - com.numenta.nupic.database.ClientJobsDAO.ClientJobsDAO(3770) - INFO - <BUILDID=N/A, WORKER=HW, WRKID=49, JOBID=1023> Model insert attempt failed with DUP_ENTRY: jobID=1023; paramsHash=1342987db02374861f1f7af0cc45ca9c OR particleHash=b5e7ac6a4c93a7c2479842d818457f25; IntegrityError(1062, u"Duplicate entry '1023-\\x13B\\x98}\\xB0#t\\x86\\x1F\\x1Fz\\xF0\\xCCE\\xCA\\x9C' for key 'job_id'")
2014-12-28 17:20:17,080 - com.numenta.nupic.swarming.HypersearchWorker(3770) - INFO - <BUILDID=N/A, WORKER=HW, WRKID=49, JOBID=1023> Adding model 2510 to our internal DB because modelInsertAndStart() failed to insert it: paramsHash=1342987db02374861f1f7af0cc45ca9c, particleHash=11a4702bed36b507116cb1c10246733e, particleId='48.0.0'
2014-12-28 17:20:17,085 - com.numenta.nupic.database.ClientJobsDAO.ClientJobsDAO(3770) - INFO - <BUILDID=N/A, WORKER=HW, WRKID=49, JOBID=1023> Model insert attempt failed with DUP_ENTRY: jobID=1023; paramsHash=1342987db02374861f1f7af0cc45ca9c OR particleHash=7937b2374e03acc6b4d215b11296d241; IntegrityError(1062, u"Duplicate entry '1023-\\x13B\\x98}\\xB0#t\\x86\\x1F\\x1Fz\\xF0\\xCCE\\xCA\\x9C' for key 'job_id'")
2014-12-28 17:20:17,092 - com.numenta.nupic.swarming.HypersearchWorker(3770) - INFO - <BUILDID=N/A, WORKER=HW, WRKID=49, JOBID=1023> Adding model 2510 to our internal DB because modelInsertAndStart() failed to insert it: paramsHash=1342987db02374861f1f7af0cc45ca9c, particleHash=11a4702bed36b507116cb1c10246733e, particleId='48.0.0'
2014-12-28 17:20:17,097 - com.numenta.nupic.database.ClientJobsDAO.ClientJobsDAO(3770) - INFO - <BUILDID=N/A, WORKER=HW, WRKID=49, JOBID=1023> Model insert attempt failed with DUP_ENTRY: jobID=1023; paramsHash=1342987db02374861f1f7af0cc45ca9c OR particleHash=904aa78f8391097adfb4d9a6650fcf7e; IntegrityError(1062, u"Duplicate entry '1023-\\x13B\\x98}\\xB0#t\\x86\\x1F\\x1Fz\\xF0\\xCCE\\xCA\\x9C' for key 'job_id'")
2014-12-28 17:20:17,114 - com.numenta.nupic.swarming.HypersearchWorker(3770) - INFO - <BUILDID=N/A, WORKER=HW, WRKID=49, JOBID=1023> Adding model 2510 to our internal DB because modelInsertAndStart() failed to insert it: paramsHash=1342987db02374861f1f7af0cc45ca9c, particleHash=11a4702bed36b507116cb1c10246733e, particleId='48.0.0'
2014-12-28 17:20:17,125 - com.numenta.nupic.database.ClientJobsDAO.ClientJobsDAO(3770) - INFO - <BUILDID=N/A, WORKER=HW, WRKID=49, JOBID=1023> Model insert attempt failed with DUP_ENTRY: jobID=1023; paramsHash=1342987db02374861f1f7af0cc45ca9c OR particleHash=3414558704f52e3556dd3126ea3a64a3; IntegrityError(1062, u"Duplicate entry '1023-\\x13B\\x98}\\xB0#t\\x86\\x1F\\x1Fz\\xF0\\xCCE\\xCA\\x9C' for key 'job_id'")
2014-12-28 17:20:17,136 - com.numenta.nupic.swarming.HypersearchWorker(3770) - INFO - <BUILDID=N/A, WORKER=HW, WRKID=49, JOBID=1023> Adding model 2510 to our internal DB because modelInsertAndStart() failed to insert it: paramsHash=1342987db02374861f1f7af0cc45ca9c, particleHash=11a4702bed36b507116cb1c10246733e, particleId='48.0.0'
2014-12-28 17:20:17,143 - com.numenta.nupic.database.ClientJobsDAO.ClientJobsDAO(3770) - INFO - <BUILDID=N/A, WORKER=HW, WRKID=49, JOBID=1023> Model insert attempt failed with DUP_ENTRY: jobID=1023; paramsHash=1342987db02374861f1f7af0cc45ca9c OR particleHash=9d48ba7988a6541bb020d7a8eb12e91c; IntegrityError(1062, u"Duplicate entry '1023-\\x13B\\x98}\\xB0#t\\x86\\x1F\\x1Fz\\xF0\\xCCE\\xCA\\x9C' for key 'job_id'")
2014-12-28 17:20:17,155 - com.numenta.nupic.swarming.HypersearchWorker(3770) - INFO - <BUILDID=N/A, WORKER=HW, WRKID=49, JOBID=1023> Adding model 2510 to our internal DB because modelInsertAndStart() failed to insert it: paramsHash=1342987db02374861f1f7af0cc45ca9c, particleHash=11a4702bed36b507116cb1c10246733e, particleId='48.0.0'
2014-12-28 17:20:17,159 - com.numenta.nupic.database.ClientJobsDAO.ClientJobsDAO(3770) - INFO - <BUILDID=N/A, WORKER=HW, WRKID=49, JOBID=1023> Model insert attempt failed with DUP_ENTRY: jobID=1023; paramsHash=1342987db02374861f1f7af0cc45ca9c OR particleHash=64b41ee12f4dec812c8102f7b031ac37; IntegrityError(1062, u"Duplicate entry '1023-\\x13B\\x98}\\xB0#t\\x86\\x1F\\x1Fz\\xF0\\xCCE\\xCA\\x9C' for key 'job_id'")
2014-12-28 17:20:17,175 - com.numenta.nupic.swarming.HypersearchWorker(3770) - INFO - <BUILDID=N/A, WORKER=HW, WRKID=49, JOBID=1023> Adding model 2510 to our internal DB because modelInsertAndStart() failed to insert it: paramsHash=1342987db02374861f1f7af0cc45ca9c, particleHash=11a4702bed36b507116cb1c10246733e, particleId='48.0.0'
2014-12-28 17:20:17,181 - com.numenta.nupic.database.ClientJobsDAO.ClientJobsDAO(3770) - INFO - <BUILDID=N/A, WORKER=HW, WRKID=49, JOBID=1023> Model insert attempt failed with DUP_ENTRY: jobID=1023; paramsHash=1342987db02374861f1f7af0cc45ca9c OR particleHash=b3d994fd41d6238b5e7e54892e3e8c15; IntegrityError(1062, u"Duplicate entry '1023-\\x13B\\x98}\\xB0#t\\x86\\x1F\\x1Fz\\xF0\\xCCE\\xCA\\x9C' for key 'job_id'")
2014-12-28 17:20:17,191 - com.numenta.nupic.swarming.HypersearchWorker(3770) - INFO - <BUILDID=N/A, WORKER=HW, WRKID=49, JOBID=1023> Adding model 2510 to our internal DB because modelInsertAndStart() failed to insert it: paramsHash=1342987db02374861f1f7af0cc45ca9c, particleHash=11a4702bed36b507116cb1c10246733e, particleId='48.0.0'
2014-12-28 17:20:17,360 - com.numenta.nupic.database.ClientJobsDAO.ClientJobsDAO(3770) - INFO - <BUILDID=N/A, WORKER=HW, WRKID=49, JOBID=1023> Model insert attempt failed with DUP_ENTRY: jobID=1023; paramsHash=47fa1f49b50b87362cf34f56fd8ab9a7 OR particleHash=a23b021da33708cb018fcf794bcb2045; IntegrityError(1062, u"Duplicate entry '1023-G\\xFA\\x1FI\\xB5\\x0B\\x876,\\xF3OV\\xFD\\x8A\\xB9\\xA7' for key 'job_id'")
2014-12-28 17:20:17,363 - com.numenta.nupic.swarming.HypersearchWorker(3770) - INFO - <BUILDID=N/A, WORKER=HW, WRKID=49, JOBID=1023> Adding model 2532 to our internal DB because modelInsertAndStart() failed to insert it: paramsHash=47fa1f49b50b87362cf34f56fd8ab9a7, particleHash=b7b820841630fffe84182389371815fd, particleId='48.20.0'
2014-12-28 17:20:17,368 - com.numenta.nupic.database.ClientJobsDAO.ClientJobsDAO(3770) - INFO - <BUILDID=N/A, WORKER=HW, WRKID=49, JOBID=1023> Model insert attempt failed with DUP_ENTRY: jobID=1023; paramsHash=47fa1f49b50b87362cf34f56fd8ab9a7 OR particleHash=7417b301f4308d7b3251cddfa1bdf9d5; IntegrityError(1062, u"Duplicate entry '1023-G\\xFA\\x1FI\\xB5\\x0B\\x876,\\xF3OV\\xFD\\x8A\\xB9\\xA7' for key 'job_id'")
2014-12-28 17:20:17,384 - com.numenta.nupic.swarming.HypersearchWorker(3770) - INFO - <BUILDID=N/A, WORKER=HW, WRKID=49, JOBID=1023> Adding model 2532 to our internal DB because modelInsertAndStart() failed to insert it: paramsHash=47fa1f49b50b87362cf34f56fd8ab9a7, particleHash=b7b820841630fffe84182389371815fd, particleId='48.20.0'
2014-12-28 17:20:17,389 - com.numenta.nupic.database.ClientJobsDAO.ClientJobsDAO(3770) - INFO - <BUILDID=N/A, WORKER=HW, WRKID=49, JOBID=1023> Model insert attempt failed with DUP_ENTRY: jobID=1023; paramsHash=47fa1f49b50b87362cf34f56fd8ab9a7 OR particleHash=5bf8684d799fd96215fee6cfe0136261; IntegrityError(1062, u"Duplicate entry '1023-G\\xFA\\x1FI\\xB5\\x0B\\x876,\\xF3OV\\xFD\\x8A\\xB9\\xA7' for key 'job_id'")
2014-12-28 17:20:17,402 - com.numenta.nupic.swarming.HypersearchWorker(3770) - INFO - <BUILDID=N/A, WORKER=HW, WRKID=49, JOBID=1023> Adding model 2532 to our internal DB because modelInsertAndStart() failed to insert it: paramsHash=47fa1f49b50b87362cf34f56fd8ab9a7, particleHash=b7b820841630fffe84182389371815fd, particleId='48.20.0'
2014-12-28 17:20:17,407 - com.numenta.nupic.database.ClientJobsDAO.ClientJobsDAO(3770) - INFO - <BUILDID=N/A, WORKER=HW, WRKID=49, JOBID=1023> Model insert attempt failed with DUP_ENTRY: jobID=1023; paramsHash=47fa1f49b50b87362cf34f56fd8ab9a7 OR particleHash=21d45c48f4b4cda9e3f8a46659429ba2; IntegrityError(1062, u"Duplicate entry '1023-G\\xFA\\x1FI\\xB5\\x0B\\x876,\\xF3OV\\xFD\\x8A\\xB9\\xA7' for key 'job_id'")
2014-12-28 17:20:17,421 - com.numenta.nupic.swarming.HypersearchWorker(3770) - INFO - <BUILDID=N/A, WORKER=HW, WRKID=49, JOBID=1023> Adding model 2532 to our internal DB because modelInsertAndStart() failed to insert it: paramsHash=47fa1f49b50b87362cf34f56fd8ab9a7, particleHash=b7b820841630fffe84182389371815fd, particleId='48.20.0'
2014-12-28 17:20:17,425 - com.numenta.nupic.database.ClientJobsDAO.ClientJobsDAO(3770) - INFO - <BUILDID=N/A, WORKER=HW, WRKID=49, JOBID=1023> Model insert attempt failed with DUP_ENTRY: jobID=1023; paramsHash=47fa1f49b50b87362cf34f56fd8ab9a7 OR particleHash=88836174a77ea8f8100cba71062cee29; IntegrityError(1062, u"Duplicate entry '1023-G\\xFA\\x1FI\\xB5\\x0B\\x876,\\xF3OV\\xFD\\x8A\\xB9\\xA7' for key 'job_id'")
2014-12-28 17:20:17,432 - com.numenta.nupic.swarming.HypersearchWorker(3770) - INFO - <BUILDID=N/A, WORKER=HW, WRKID=49, JOBID=1023> Adding model 2532 to our internal DB because modelInsertAndStart() failed to insert it: paramsHash=47fa1f49b50b87362cf34f56fd8ab9a7, particleHash=b7b820841630fffe84182389371815fd, particleId='48.20.0'
2014-12-28 17:20:17,441 - com.numenta.nupic.database.ClientJobsDAO.ClientJobsDAO(3770) - INFO - <BUILDID=N/A, WORKER=HW, WRKID=49, JOBID=1023> Model insert attempt failed with DUP_ENTRY: jobID=1023; paramsHash=47fa1f49b50b87362cf34f56fd8ab9a7 OR particleHash=89658e9205045c3243dfe92d843b406f; IntegrityError(1062, u"Duplicate entry '1023-G\\xFA\\x1FI\\xB5\\x0B\\x876,\\xF3OV\\xFD\\x8A\\xB9\\xA7' for key 'job_id'")
2014-12-28 17:20:17,450 - com.numenta.nupic.swarming.HypersearchWorker(3770) - INFO - <BUILDID=N/A, WORKER=HW, WRKID=49, JOBID=1023> Adding model 2532 to our internal DB because modelInsertAndStart() failed to insert it: paramsHash=47fa1f49b50b87362cf34f56fd8ab9a7, particleHash=b7b820841630fffe84182389371815fd, particleId='48.20.0'
2014-12-28 17:20:17,458 - com.numenta.nupic.database.ClientJobsDAO.ClientJobsDAO(3770) - INFO - <BUILDID=N/A, WORKER=HW, WRKID=49, JOBID=1023> Model insert attempt failed with DUP_ENTRY: jobID=1023; paramsHash=47fa1f49b50b87362cf34f56fd8ab9a7 OR particleHash=efde3f94c268c46c9eea6951fa18ee01; IntegrityError(1062, u"Duplicate entry '1023-G\\xFA\\x1FI\\xB5\\x0B\\x876,\\xF3OV\\xFD\\x8A\\xB9\\xA7' for key 'job_id'")
2014-12-28 17:20:17,461 - com.numenta.nupic.swarming.HypersearchWorker(3770) - INFO - <BUILDID=N/A, WORKER=HW, WRKID=49, JOBID=1023> Adding model 2532 to our internal DB because modelInsertAndStart() failed to insert it: paramsHash=47fa1f49b50b87362cf34f56fd8ab9a7, particleHash=b7b820841630fffe84182389371815fd, particleId='48.20.0'
2014-12-28 17:20:17,466 - com.numenta.nupic.database.ClientJobsDAO.ClientJobsDAO(3770) - INFO - <BUILDID=N/A, WORKER=HW, WRKID=49, JOBID=1023> Model insert attempt failed with DUP_ENTRY: jobID=1023; paramsHash=47fa1f49b50b87362cf34f56fd8ab9a7 OR particleHash=d859a3e7b5842aa31892b6de143d6e67; IntegrityError(1062, u"Duplicate entry '1023-G\\xFA\\x1FI\\xB5\\x0B\\x876,\\xF3OV\\xFD\\x8A\\xB9\\xA7' for key 'job_id'")
2014-12-28 17:20:17,471 - com.numenta.nupic.swarming.HypersearchWorker(3770) - INFO - <BUILDID=N/A, WORKER=HW, WRKID=49, JOBID=1023> Adding model 2532 to our internal DB because modelInsertAndStart() failed to insert it: paramsHash=47fa1f49b50b87362cf34f56fd8ab9a7, particleHash=b7b820841630fffe84182389371815fd, particleId='48.20.0'
2014-12-28 17:20:17,477 - com.numenta.nupic.database.ClientJobsDAO.ClientJobsDAO(3770) - INFO - <BUILDID=N/A, WORKER=HW, WRKID=49, JOBID=1023> Model insert attempt failed with DUP_ENTRY: jobID=1023; paramsHash=47fa1f49b50b87362cf34f56fd8ab9a7 OR particleHash=a9bbc032aed4ea98822681e83ec7938a; IntegrityError(1062, u"Duplicate entry '1023-G\\xFA\\x1FI\\xB5\\x0B\\x876,\\xF3OV\\xFD\\x8A\\xB9\\xA7' for key 'job_id'")
2014-12-28 17:20:17,487 - com.numenta.nupic.swarming.HypersearchWorker(3770) - INFO - <BUILDID=N/A, WORKER=HW, WRKID=49, JOBID=1023> Adding model 2532 to our internal DB because modelInsertAndStart() failed to insert it: paramsHash=47fa1f49b50b87362cf34f56fd8ab9a7, particleHash=b7b820841630fffe84182389371815fd, particleId='48.20.0'
2014-12-28 17:20:17,491 - com.numenta.nupic.database.ClientJobsDAO.ClientJobsDAO(3770) - INFO - <BUILDID=N/A, WORKER=HW, WRKID=49, JOBID=1023> Model insert attempt failed with DUP_ENTRY: jobID=1023; paramsHash=47fa1f49b50b87362cf34f56fd8ab9a7 OR particleHash=be51511974d75712e4941ab3fbfed8d2; IntegrityError(1062, u"Duplicate entry '1023-G\\xFA\\x1FI\\xB5\\x0B\\x876,\\xF3OV\\xFD\\x8A\\xB9\\xA7' for key 'job_id'")
2014-12-28 17:20:17,494 - com.numenta.nupic.swarming.HypersearchWorker(3770) - INFO - <BUILDID=N/A, WORKER=HW, WRKID=49, JOBID=1023> Adding model 2532 to our internal DB because modelInsertAndStart() failed to insert it: paramsHash=47fa1f49b50b87362cf34f56fd8ab9a7, particleHash=b7b820841630fffe84182389371815fd, particleId='48.20.0'
2014-12-28 17:20:17,498 - com.numenta.nupic.swarming.HypersearchV2.HypersearchV2(3770) - INFO - <BUILDID=N/A, WORKER=HW, WRKID=49, JOBID=1023> Completed generation #0 of swarm 'modelParams|sensorParams|encoders|kwh' with a best errScore of inf
2014-12-28 17:20:17,590 - com.numenta.nupic.database.ClientJobsDAO.ClientJobsDAO(3770) - INFO - <BUILDID=N/A, WORKER=HW, WRKID=49, JOBID=1023> Model insert attempt failed with DUP_ENTRY: jobID=1023; paramsHash=ab564021dfb8a5e157d4d4450a8082ba OR particleHash=0d21dfb14b43a89b69eecb9193083640; IntegrityError(1062, u"Duplicate entry '1023-\\x0D!\\xDF\\xB1KC\\xA8\\x9Bi\\xEE\\xCB\\x91\\x93\\x086@' for key 'job_id_2'")
2014-12-28 17:20:17,600 - com.numenta.nupic.swarming.HypersearchWorker(3770) - INFO - <BUILDID=N/A, WORKER=HW, WRKID=49, JOBID=1023> Adding model 2554 to our internal DB because modelInsertAndStart() failed to insert it: paramsHash=d5d5d4af218500b2ea86c9243c6b8db7, particleHash=0d21dfb14b43a89b69eecb9193083640, particleId='48.10.1'
2014-12-28 17:20:17,605 - com.numenta.nupic.database.ClientJobsDAO.ClientJobsDAO(3770) - INFO - <BUILDID=N/A, WORKER=HW, WRKID=49, JOBID=1023> Model insert attempt failed with DUP_ENTRY: jobID=1023; paramsHash=ab564021dfb8a5e157d4d4450a8082ba OR particleHash=0d21dfb14b43a89b69eecb9193083640; IntegrityError(1062, u"Duplicate entry '1023-\\x0D!\\xDF\\xB1KC\\xA8\\x9Bi\\xEE\\xCB\\x91\\x93\\x086@' for key 'job_id_2'")
2014-12-28 17:20:17,611 - com.numenta.nupic.swarming.HypersearchWorker(3770) - INFO - <BUILDID=N/A, WORKER=HW, WRKID=49, JOBID=1023> Adding model 2554 to our internal DB because modelInsertAndStart() failed to insert it: paramsHash=d5d5d4af218500b2ea86c9243c6b8db7, particleHash=0d21dfb14b43a89b69eecb9193083640, particleId='48.10.1'
2014-12-28 17:20:17,615 - com.numenta.nupic.database.ClientJobsDAO.ClientJobsDAO(3770) - INFO - <BUILDID=N/A, WORKER=HW, WRKID=49, JOBID=1023> Model insert attempt failed with DUP_ENTRY: jobID=1023; paramsHash=ab564021dfb8a5e157d4d4450a8082ba OR particleHash=0d21dfb14b43a89b69eecb9193083640; IntegrityError(1062, u"Duplicate entry '1023-\\x0D!\\xDF\\xB1KC\\xA8\\x9Bi\\xEE\\xCB\\x91\\x93\\x086@' for key 'job_id_2'")
2014-12-28 17:20:17,620 - com.numenta.nupic.swarming.HypersearchWorker(3770) - INFO - <BUILDID=N/A, WORKER=HW, WRKID=49, JOBID=1023> Adding model 2554 to our internal DB because modelInsertAndStart() failed to insert it: paramsHash=d5d5d4af218500b2ea86c9243c6b8db7, particleHash=0d21dfb14b43a89b69eecb9193083640, particleId='48.10.1'
2014-12-28 17:20:17,625 - com.numenta.nupic.database.ClientJobsDAO.ClientJobsDAO(3770) - INFO - <BUILDID=N/A, WORKER=HW, WRKID=49, JOBID=1023> Model insert attempt failed with DUP_ENTRY: jobID=1023; paramsHash=ab564021dfb8a5e157d4d4450a8082ba OR particleHash=0d21dfb14b43a89b69eecb9193083640; IntegrityError(1062, u"Duplicate entry '1023-\\x0D!\\xDF\\xB1KC\\xA8\\x9Bi\\xEE\\xCB\\x91\\x93\\x086@' for key 'job_id_2'")
2014-12-28 17:20:17,635 - com.numenta.nupic.swarming.HypersearchWorker(3770) - INFO - <BUILDID=N/A, WORKER=HW, WRKID=49, JOBID=1023> Adding model 2554 to our internal DB because modelInsertAndStart() failed to insert it: paramsHash=d5d5d4af218500b2ea86c9243c6b8db7, particleHash=0d21dfb14b43a89b69eecb9193083640, particleId='48.10.1'
2014-12-28 17:20:17,640 - com.numenta.nupic.database.ClientJobsDAO.ClientJobsDAO(3770) - INFO - <BUILDID=N/A, WORKER=HW, WRKID=49, JOBID=1023> Model insert attempt failed with DUP_ENTRY: jobID=1023; paramsHash=ab564021dfb8a5e157d4d4450a8082ba OR particleHash=0d21dfb14b43a89b69eecb9193083640; IntegrityError(1062, u"Duplicate entry '1023-\\x0D!\\xDF\\xB1KC\\xA8\\x9Bi\\xEE\\xCB\\x91\\x93\\x086@' for key 'job_id_2'")
2014-12-28 17:20:17,650 - com.numenta.nupic.swarming.HypersearchWorker(3770) - INFO - <BUILDID=N/A, WORKER=HW, WRKID=49, JOBID=1023> Adding model 2554 to our internal DB because modelInsertAndStart() failed to insert it: paramsHash=d5d5d4af218500b2ea86c9243c6b8db7, particleHash=0d21dfb14b43a89b69eecb9193083640, particleId='48.10.1'
2014-12-28 17:20:17,654 - com.numenta.nupic.database.ClientJobsDAO.ClientJobsDAO(3770) - INFO - <BUILDID=N/A, WORKER=HW, WRKID=49, JOBID=1023> Model insert attempt failed with DUP_ENTRY: jobID=1023; paramsHash=ab564021dfb8a5e157d4d4450a8082ba OR particleHash=0d21dfb14b43a89b69eecb9193083640; IntegrityError(1062, u"Duplicate entry '1023-\\x0D!\\xDF\\xB1KC\\xA8\\x9Bi\\xEE\\xCB\\x91\\x93\\x086@' for key 'job_id_2'")
2014-12-28 17:20:17,660 - com.numenta.nupic.swarming.HypersearchWorker(3770) - INFO - <BUILDID=N/A, WORKER=HW, WRKID=49, JOBID=1023> Adding model 2554 to our internal DB because modelInsertAndStart() failed to insert it: paramsHash=d5d5d4af218500b2ea86c9243c6b8db7, particleHash=0d21dfb14b43a89b69eecb9193083640, particleId='48.10.1'
2014-12-28 17:20:17,664 - com.numenta.nupic.database.ClientJobsDAO.ClientJobsDAO(3770) - INFO - <BUILDID=N/A, WORKER=HW, WRKID=49, JOBID=1023> Model insert attempt failed with DUP_ENTRY: jobID=1023; paramsHash=ab564021dfb8a5e157d4d4450a8082ba OR particleHash=0d21dfb14b43a89b69eecb9193083640; IntegrityError(1062, u"Duplicate entry '1023-\\x0D!\\xDF\\xB1KC\\xA8\\x9Bi\\xEE\\xCB\\x91\\x93\\x086@' for key 'job_id_2'")
2014-12-28 17:20:17,672 - com.numenta.nupic.swarming.HypersearchWorker(3770) - INFO - <BUILDID=N/A, WORKER=HW, WRKID=49, JOBID=1023> Adding model 2554 to our internal DB because modelInsertAndStart() failed to insert it: paramsHash=d5d5d4af218500b2ea86c9243c6b8db7, particleHash=0d21dfb14b43a89b69eecb9193083640, particleId='48.10.1'
2014-12-28 17:20:17,676 - com.numenta.nupic.database.ClientJobsDAO.ClientJobsDAO(3770) - INFO - <BUILDID=N/A, WORKER=HW, WRKID=49, JOBID=1023> Model insert attempt failed with DUP_ENTRY: jobID=1023; paramsHash=ab564021dfb8a5e157d4d4450a8082ba OR particleHash=0d21dfb14b43a89b69eecb9193083640; IntegrityError(1062, u"Duplicate entry '1023-\\x0D!\\xDF\\xB1KC\\xA8\\x9Bi\\xEE\\xCB\\x91\\x93\\x086@' for key 'job_id_2'")
2014-12-28 17:20:17,683 - com.numenta.nupic.swarming.HypersearchWorker(3770) - INFO - <BUILDID=N/A, WORKER=HW, WRKID=49, JOBID=1023> Adding model 2554 to our internal DB because modelInsertAndStart() failed to insert it: paramsHash=d5d5d4af218500b2ea86c9243c6b8db7, particleHash=0d21dfb14b43a89b69eecb9193083640, particleId='48.10.1'
2014-12-28 17:20:17,687 - com.numenta.nupic.database.ClientJobsDAO.ClientJobsDAO(3770) - INFO - <BUILDID=N/A, WORKER=HW, WRKID=49, JOBID=1023> Model insert attempt failed with DUP_ENTRY: jobID=1023; paramsHash=ab564021dfb8a5e157d4d4450a8082ba OR particleHash=0d21dfb14b43a89b69eecb9193083640; IntegrityError(1062, u"Duplicate entry '1023-\\x0D!\\xDF\\xB1KC\\xA8\\x9Bi\\xEE\\xCB\\x91\\x93\\x086@' for key 'job_id_2'")
2014-12-28 17:20:17,692 - com.numenta.nupic.swarming.HypersearchWorker(3770) - INFO - <BUILDID=N/A, WORKER=HW, WRKID=49, JOBID=1023> Adding model 2554 to our internal DB because modelInsertAndStart() failed to insert it: paramsHash=d5d5d4af218500b2ea86c9243c6b8db7, particleHash=0d21dfb14b43a89b69eecb9193083640, particleId='48.10.1'
2014-12-28 17:20:17,696 - com.numenta.nupic.database.ClientJobsDAO.ClientJobsDAO(3770) - INFO - <BUILDID=N/A, WORKER=HW, WRKID=49, JOBID=1023> Model insert attempt failed with DUP_ENTRY: jobID=1023; paramsHash=ab564021dfb8a5e157d4d4450a8082ba OR particleHash=0d21dfb14b43a89b69eecb9193083640; IntegrityError(1062, u"Duplicate entry '1023-\\x0D!\\xDF\\xB1KC\\xA8\\x9Bi\\xEE\\xCB\\x91\\x93\\x086@' for key 'job_id_2'")
2014-12-28 17:20:17,703 - com.numenta.nupic.swarming.HypersearchWorker(3770) - INFO - <BUILDID=N/A, WORKER=HW, WRKID=49, JOBID=1023> Adding model 2554 to our internal DB because modelInsertAndStart() failed to insert it: paramsHash=d5d5d4af218500b2ea86c9243c6b8db7, particleHash=0d21dfb14b43a89b69eecb9193083640, particleId='48.10.1'
2014-12-28 17:20:17,712 - com.numenta.nupic.swarming.HypersearchV2.HypersearchV2(3770) - ERROR - <BUILDID=N/A, WORKER=HW, WRKID=49, JOBID=1023> Exiting because some worker set the workerCompletionReason to error. WorkerCompletionMsg: E10002: Exiting due to receiving too many models failing from exceptions (6 out of 6). 
Model Exception: Exception occurred while running model 2532: Exception(u'Invalid file format: different number of fields in the header rows of file /home/pat/workspace/nupic/examples/opf/clients/hotgym/prediction/diego_weather/sd_weather.csv (7, 7, 8)',) (<type 'exceptions.Exception'>)
Traceback (most recent call last):
  File "/home/pat/workspace/nupic/nupic/swarming/utils.py", line 430, in runModelGivenBaseAndParams
    (completionReason, completionMsg) = runner.run()
  File "/home/pat/workspace/nupic/nupic/swarming/ModelRunner.py", line 237, in run
    maxTimeout=readTimeout)
  File "/home/pat/workspace/nupic/nupic/data/stream_reader.py", line 210, in __init__
    self._openStream(dataUrl, isBlocking, maxTimeout, bookmark, firstRecordIdx)
  File "/home/pat/workspace/nupic/nupic/data/stream_reader.py", line 298, in _openStream
    firstRecord=firstRecordIdx)
  File "/home/pat/workspace/nupic/nupic/data/file_record_stream.py", line 195, in __init__
    (streamID, len(names), len(types), len(specials)))
Exception: Invalid file format: different number of fields in the header rows of file /home/pat/workspace/nupic/examples/opf/clients/hotgym/prediction/diego_weather/sd_weather.csv (7, 7, 8)

2014-12-28 17:20:17,718 - com.numenta.nupic.swarming.HypersearchV2.HypersearchV2(3770) - INFO - <BUILDID=N/A, WORKER=HW, WRKID=49, JOBID=1023> Failed updating the field contributions, another hypersearch worker must have updated it
2014-12-28 17:20:17,719 - com.numenta.nupic.swarming.HypersearchWorker(3770) - INFO - <BUILDID=N/A, WORKER=HW, WRKID=49, JOBID=1023> FINISHED. Evaluated 0 models.
