2015-06-30 09:16:10,172 - com.numenta.nupic.swarming.HypersearchWorker(5906) - INFO - <BUILDID=N/A, WORKER=HS, WRKID=N/A, JOBID=N/A> Launched with command line arguments: ['--jobID=1030']
2015-06-30 09:16:10,173 - com.numenta.nupic.swarming.HypersearchWorker(5906) - INFO - <BUILDID=N/A, WORKER=HS, WRKID=N/A, JOBID=N/A> Connecting to the jobs database
2015-06-30 09:16:10,173 - com.numenta.nupic.database.Connection.ConnectionFactory(5906) - INFO - <BUILDID=N/A, WORKER=HS, WRKID=N/A, JOBID=N/A> Creating db connection policy via provider <bound method type._createDefaultPolicy of <class 'nupic.database.Connection.ConnectionFactory'>>
2015-06-30 09:16:10,190 - com.numenta.nupic.database.Connection.PooledConnectionPolicy(5906) - INFO - <BUILDID=N/A, WORKER=HS, WRKID=N/A, JOBID=N/A> Created PooledConnectionPolicy
2015-06-30 09:16:10,203 - com.numenta.nupic.database.ClientJobsDAO.ClientJobsDAO(5906) - INFO - <BUILDID=N/A, WORKER=HS, WRKID=N/A, JOBID=N/A> clientJobsConnectionID=65
2015-06-30 09:16:10,206 - com.numenta.nupic.swarming.HypersearchWorker(5906) - INFO - <BUILDID=N/A, WORKER=HW, WRKID=65, JOBID=1030> Job info retrieved: {'engModelMilestones': 'None', 'clientInfo': '', 'numFailedWorkers': '0', 'engJobType': 'hypersearch', 'results': 'None', 'jobId': '1030', 'completionMsg': 'None', 'cancel': '0', 'engWorkerState': 'None', 'workerCompletionMsg': 'None', 'jobHash': "Qy\xc0O\x1fC\x11\xe5\x97X\x08\x00'\x16\xdf\xd4", 'genBaseDescription': 'None', 'completionReason': 'None', 'priority': '0', 'cmdLine': '$HYPERSEARCH', 'params': '{"hsVersion": "v2", "maxModels": null, "persistentJobGUID": "517...', 'workerCompletionReason': 'success', 'engAllocateNewWorkers': '1', 'lastFailedWorkerErrorMsg': 'None', 'engUntendedDeadWorkers': '0', 'engLastUpdateTime': '2015-06-30 16:16:09', 'status': 'notStarted', 'engStatus': 'None', 'startTime': 'None', 'minimumWorkers': '1', 'endTime': 'None', 'engCjmConnId': 'None', 'genPermutations': 'None', 'client': 'GRP', 'engCleaningStatus': 'notdone', 'clientKey': '', 'maximumWorkers': '4'}
2015-06-30 09:16:10,208 - com.numenta.nupic.swarming.HypersearchV2.HypersearchV2(5906) - INFO - <BUILDID=N/A, WORKER=HW, WRKID=65, JOBID=1030> searchParams: 
{u'description': {u'includedFields': [{u'fieldName': 'timestamp',
                                       u'fieldType': 'datetime'},
                                      {u'fieldName': 'euse',
                                       u'fieldType': 'float',
                                       u'maxValue': '35.0',
                                       u'minValue': '10.0'}],
                  u'inferenceArgs': {u'predictedField': 'euse',
                                     u'predictionSteps': ['4']},
                  u'inferenceType': 'TemporalMultiStep',
                  u'iterationCount': '-1',
                  u'streamDef': {u'info': 'kwh',
                                 u'streams': [{u'columns': ['timestamp',
                                                            'euse'],
                                               u'info': 'energy_only_252',
                                               u'source': '/home/pat/workspace/pecan/house_data/252_data/252_clean_data.csv'}]},
                  u'swarmSize': 'small'},
 u'hsVersion': 'v2',
 u'maxModels': 'None',
 u'persistentJobGUID': '5179c04e-1f43-11e5-9758-08002716dfd4',
 u'useTerminators': 'False'}
2015-06-30 09:16:10,298 - com.numenta.nupic.swarming.HypersearchV2.HypersearchV2(5906) - INFO - <BUILDID=N/A, WORKER=HW, WRKID=65, JOBID=1030> Active swarms changed to [u'modelParams|sensorParams|encoders|euse'] (from None)
2015-06-30 09:16:10,370 - com.numenta.nupic.swarming.HypersearchWorker(5906) - INFO - <BUILDID=N/A, WORKER=HW, WRKID=65, JOBID=1030> RUNNING MODEL GID=3171, paramsHash=47e79e321369d9146602405379ad11b0, params={'particleState': {'varStates': {u'modelParams|sensorParams|encoders|euse:n': {'bestResult': None, 'position': 272, 'bestPosition': 272, '_position': 271.5, 'velocity': 99.8}, 'modelParams|clParams|alpha': {'bestResult': None, 'position': 0.050050000000000004, 'bestPosition': 0.050050000000000004, '_position': 0.050050000000000004, 'velocity': 0.01998}, 'modelParams|tpParams|minThreshold': {'bestResult': None, 'position': 11, 'bestPosition': 11, '_position': 10.5, 'velocity': 0.6}, 'modelParams|tpParams|activationThreshold': {'bestResult': None, 'position': 14, 'bestPosition': 14, '_position': 14.0, 'velocity': 0.8}, 'modelParams|tpParams|pamLength': {'bestResult': None, 'position': 3, 'bestPosition': 3, '_position': 3.0, 'velocity': 0.8}, 'modelParams|sensorParams|encoders|_classifierInput|n': {'bestResult': None, 'position': 275, 'bestPosition': 275, '_position': 274.5, 'velocity': 98.6}, 'modelParams|spParams|synPermInactiveDec': {'bestResult': None, 'position': 0.05015, 'bestPosition': 0.05015, '_position': 0.05015, 'velocity': 0.019940000000000003}}, 'genIdx': 0, 'swarmId': u'modelParams|sensorParams|encoders|euse', 'id': '65.0'}, 'structuredParams': {'aggregationInfo': {'seconds': 0, 'fields': [], 'months': 0, 'days': 0, 'years': 0, 'hours': 0, 'microseconds': 0, 'weeks': 0, 'minutes': 0, 'milliseconds': 0}, 'modelParams': {'sensorParams': {'encoders': {'_classifierInput': {'maxval': 35.0, 'classifierOnly': True, 'minval': 10.0, 'clipInput': True, 'n': 275, 'fieldname': 'euse', 'w': 21, 'type': 'ScalarEncoder'}, u'timestamp_dayOfWeek': None, u'timestamp_timeOfDay': None, u'euse': {'maxval': 35.0, 'name': 'euse', 'clipInput': True, 'minval': 10.0, 'n': 272, 'fieldname': 'euse', 'w': 21, 'type': 'ScalarEncoder'}, u'timestamp_weekend': None}}, 'spParams': {'synPermInactiveDec': 0.05015}, 'tpParams': {'minThreshold': 11, 'activationThreshold': 14, 'pamLength': 3}, 'clParams': {'alpha': 0.050050000000000004}}}}
2015-06-30 09:16:10,374 - com.numenta.nupic.hypersearch.utils(5906) - INFO - <BUILDID=N/A, WORKER=HW, WRKID=65, JOBID=1030> Using experiment directory: /tmp/tmpNlh05M
2015-06-30 09:16:10,433 - com.numenta.nupic.hypersearch.utils(5906) - ERROR - <BUILDID=N/A, WORKER=HW, WRKID=65, JOBID=1030> Exception occurred while running model 3171: Exception(u'Unable to locate: at/workspace/pecan/house_data/252_data/252_clean_data.csv using NTA_DATA_PATH of ',) (<type 'exceptions.Exception'>)
Traceback (most recent call last):
  File "/home/pat/workspace/nupic/nupic/swarming/utils.py", line 430, in runModelGivenBaseAndParams
    (completionReason, completionMsg) = runner.run()
  File "/home/pat/workspace/nupic/nupic/swarming/ModelRunner.py", line 237, in run
    maxTimeout=readTimeout)
  File "/home/pat/workspace/nupic/nupic/data/stream_reader.py", line 210, in __init__
    self._openStream(dataUrl, isBlocking, maxTimeout, bookmark, firstRecordIdx)
  File "/home/pat/workspace/nupic/nupic/data/stream_reader.py", line 294, in _openStream
    self._recordStoreName = findDataset(dataUrl[len(FILE_PREF):])
  File "/home/pat/workspace/nupic/nupic/data/datasethelpers.py", line 79, in findDataset
    (datasetPath, os.environ.get('NTA_DATA_PATH', '')))
Exception: Unable to locate: at/workspace/pecan/house_data/252_data/252_clean_data.csv using NTA_DATA_PATH of 

2015-06-30 09:16:10,443 - com.numenta.nupic.swarming.HypersearchWorker(5906) - INFO - <BUILDID=N/A, WORKER=HW, WRKID=65, JOBID=1030> COMPLETED MODEL GID=3171; EVALUATED 1 MODELs
2015-06-30 09:16:10,541 - com.numenta.nupic.database.ClientJobsDAO.ClientJobsDAO(5906) - INFO - <BUILDID=N/A, WORKER=HW, WRKID=65, JOBID=1030> Model insert attempt failed with DUP_ENTRY: jobID=1030; paramsHash=507d0ba6bd8a1885ca1e4857d7ee15aa OR particleHash=c59ac477dfc17a755a8798cfb9437305; IntegrityError(1062, u"Duplicate entry '1030-P}\\x0B\\xA6\\xBD\\x8A\\x18\\x85\\xCA\\x1EHW\\xD7\\xEE\\x15\\xAA' for key 'job_id'")
2015-06-30 09:16:10,544 - com.numenta.nupic.swarming.HypersearchWorker(5906) - INFO - <BUILDID=N/A, WORKER=HW, WRKID=65, JOBID=1030> Adding model 3182 to our internal DB because modelInsertAndStart() failed to insert it: paramsHash=507d0ba6bd8a1885ca1e4857d7ee15aa, particleHash=069e609ae31cd26b415c2a3fc71744f4, particleId='67.0.0'
2015-06-30 09:16:10,579 - com.numenta.nupic.database.ClientJobsDAO.ClientJobsDAO(5906) - INFO - <BUILDID=N/A, WORKER=HW, WRKID=65, JOBID=1030> Model insert attempt failed with DUP_ENTRY: jobID=1030; paramsHash=507d0ba6bd8a1885ca1e4857d7ee15aa OR particleHash=0cbbff531a16b0e4b550f56963c223de; IntegrityError(1062, u"Duplicate entry '1030-P}\\x0B\\xA6\\xBD\\x8A\\x18\\x85\\xCA\\x1EHW\\xD7\\xEE\\x15\\xAA' for key 'job_id'")
2015-06-30 09:16:10,581 - com.numenta.nupic.swarming.HypersearchWorker(5906) - INFO - <BUILDID=N/A, WORKER=HW, WRKID=65, JOBID=1030> Adding model 3182 to our internal DB because modelInsertAndStart() failed to insert it: paramsHash=507d0ba6bd8a1885ca1e4857d7ee15aa, particleHash=069e609ae31cd26b415c2a3fc71744f4, particleId='67.0.0'
2015-06-30 09:16:10,588 - com.numenta.nupic.database.ClientJobsDAO.ClientJobsDAO(5906) - INFO - <BUILDID=N/A, WORKER=HW, WRKID=65, JOBID=1030> Model insert attempt failed with DUP_ENTRY: jobID=1030; paramsHash=507d0ba6bd8a1885ca1e4857d7ee15aa OR particleHash=834d5fa924e5be3d6251aac44d7eeb6b; IntegrityError(1062, u"Duplicate entry '1030-P}\\x0B\\xA6\\xBD\\x8A\\x18\\x85\\xCA\\x1EHW\\xD7\\xEE\\x15\\xAA' for key 'job_id'")
2015-06-30 09:16:10,591 - com.numenta.nupic.swarming.HypersearchWorker(5906) - INFO - <BUILDID=N/A, WORKER=HW, WRKID=65, JOBID=1030> Adding model 3182 to our internal DB because modelInsertAndStart() failed to insert it: paramsHash=507d0ba6bd8a1885ca1e4857d7ee15aa, particleHash=069e609ae31cd26b415c2a3fc71744f4, particleId='67.0.0'
2015-06-30 09:16:10,608 - com.numenta.nupic.database.ClientJobsDAO.ClientJobsDAO(5906) - INFO - <BUILDID=N/A, WORKER=HW, WRKID=65, JOBID=1030> Model insert attempt failed with DUP_ENTRY: jobID=1030; paramsHash=507d0ba6bd8a1885ca1e4857d7ee15aa OR particleHash=ced339e78aec5d0b93ce66176eef4c9a; IntegrityError(1062, u"Duplicate entry '1030-P}\\x0B\\xA6\\xBD\\x8A\\x18\\x85\\xCA\\x1EHW\\xD7\\xEE\\x15\\xAA' for key 'job_id'")
2015-06-30 09:16:10,627 - com.numenta.nupic.swarming.HypersearchWorker(5906) - INFO - <BUILDID=N/A, WORKER=HW, WRKID=65, JOBID=1030> Adding model 3182 to our internal DB because modelInsertAndStart() failed to insert it: paramsHash=507d0ba6bd8a1885ca1e4857d7ee15aa, particleHash=069e609ae31cd26b415c2a3fc71744f4, particleId='67.0.0'
2015-06-30 09:16:10,666 - com.numenta.nupic.database.ClientJobsDAO.ClientJobsDAO(5906) - INFO - <BUILDID=N/A, WORKER=HW, WRKID=65, JOBID=1030> Model insert attempt failed with DUP_ENTRY: jobID=1030; paramsHash=507d0ba6bd8a1885ca1e4857d7ee15aa OR particleHash=9a5b8967bf3c087e277cf3c7fb93aa32; IntegrityError(1062, u"Duplicate entry '1030-P}\\x0B\\xA6\\xBD\\x8A\\x18\\x85\\xCA\\x1EHW\\xD7\\xEE\\x15\\xAA' for key 'job_id'")
2015-06-30 09:16:10,673 - com.numenta.nupic.swarming.HypersearchWorker(5906) - INFO - <BUILDID=N/A, WORKER=HW, WRKID=65, JOBID=1030> Adding model 3182 to our internal DB because modelInsertAndStart() failed to insert it: paramsHash=507d0ba6bd8a1885ca1e4857d7ee15aa, particleHash=069e609ae31cd26b415c2a3fc71744f4, particleId='67.0.0'
2015-06-30 09:16:10,689 - com.numenta.nupic.database.ClientJobsDAO.ClientJobsDAO(5906) - INFO - <BUILDID=N/A, WORKER=HW, WRKID=65, JOBID=1030> Model insert attempt failed with DUP_ENTRY: jobID=1030; paramsHash=507d0ba6bd8a1885ca1e4857d7ee15aa OR particleHash=948f3f4d3376d23e22a2a2660b5fffca; IntegrityError(1062, u"Duplicate entry '1030-P}\\x0B\\xA6\\xBD\\x8A\\x18\\x85\\xCA\\x1EHW\\xD7\\xEE\\x15\\xAA' for key 'job_id'")
2015-06-30 09:16:10,702 - com.numenta.nupic.swarming.HypersearchWorker(5906) - INFO - <BUILDID=N/A, WORKER=HW, WRKID=65, JOBID=1030> Adding model 3182 to our internal DB because modelInsertAndStart() failed to insert it: paramsHash=507d0ba6bd8a1885ca1e4857d7ee15aa, particleHash=069e609ae31cd26b415c2a3fc71744f4, particleId='67.0.0'
2015-06-30 09:16:10,715 - com.numenta.nupic.database.ClientJobsDAO.ClientJobsDAO(5906) - INFO - <BUILDID=N/A, WORKER=HW, WRKID=65, JOBID=1030> Model insert attempt failed with DUP_ENTRY: jobID=1030; paramsHash=507d0ba6bd8a1885ca1e4857d7ee15aa OR particleHash=277abb9bb3f6460efb7c692f2d9d4fd0; IntegrityError(1062, u"Duplicate entry '1030-P}\\x0B\\xA6\\xBD\\x8A\\x18\\x85\\xCA\\x1EHW\\xD7\\xEE\\x15\\xAA' for key 'job_id'")
2015-06-30 09:16:10,726 - com.numenta.nupic.swarming.HypersearchWorker(5906) - INFO - <BUILDID=N/A, WORKER=HW, WRKID=65, JOBID=1030> Adding model 3182 to our internal DB because modelInsertAndStart() failed to insert it: paramsHash=507d0ba6bd8a1885ca1e4857d7ee15aa, particleHash=069e609ae31cd26b415c2a3fc71744f4, particleId='67.0.0'
2015-06-30 09:16:10,732 - com.numenta.nupic.database.ClientJobsDAO.ClientJobsDAO(5906) - INFO - <BUILDID=N/A, WORKER=HW, WRKID=65, JOBID=1030> Model insert attempt failed with DUP_ENTRY: jobID=1030; paramsHash=507d0ba6bd8a1885ca1e4857d7ee15aa OR particleHash=a28eadf10090af00951bf8badf222d73; IntegrityError(1062, u"Duplicate entry '1030-P}\\x0B\\xA6\\xBD\\x8A\\x18\\x85\\xCA\\x1EHW\\xD7\\xEE\\x15\\xAA' for key 'job_id'")
2015-06-30 09:16:10,749 - com.numenta.nupic.swarming.HypersearchWorker(5906) - INFO - <BUILDID=N/A, WORKER=HW, WRKID=65, JOBID=1030> Adding model 3182 to our internal DB because modelInsertAndStart() failed to insert it: paramsHash=507d0ba6bd8a1885ca1e4857d7ee15aa, particleHash=069e609ae31cd26b415c2a3fc71744f4, particleId='67.0.0'
2015-06-30 09:16:10,760 - com.numenta.nupic.database.ClientJobsDAO.ClientJobsDAO(5906) - INFO - <BUILDID=N/A, WORKER=HW, WRKID=65, JOBID=1030> Model insert attempt failed with DUP_ENTRY: jobID=1030; paramsHash=507d0ba6bd8a1885ca1e4857d7ee15aa OR particleHash=9594749dc7f284d68c6a3398d6bed18d; IntegrityError(1062, u"Duplicate entry '1030-P}\\x0B\\xA6\\xBD\\x8A\\x18\\x85\\xCA\\x1EHW\\xD7\\xEE\\x15\\xAA' for key 'job_id'")
2015-06-30 09:16:10,785 - com.numenta.nupic.swarming.HypersearchWorker(5906) - INFO - <BUILDID=N/A, WORKER=HW, WRKID=65, JOBID=1030> Adding model 3182 to our internal DB because modelInsertAndStart() failed to insert it: paramsHash=507d0ba6bd8a1885ca1e4857d7ee15aa, particleHash=069e609ae31cd26b415c2a3fc71744f4, particleId='67.0.0'
2015-06-30 09:16:10,794 - com.numenta.nupic.database.ClientJobsDAO.ClientJobsDAO(5906) - INFO - <BUILDID=N/A, WORKER=HW, WRKID=65, JOBID=1030> Model insert attempt failed with DUP_ENTRY: jobID=1030; paramsHash=507d0ba6bd8a1885ca1e4857d7ee15aa OR particleHash=1b3a10178f477887d2487d5e668da451; IntegrityError(1062, u"Duplicate entry '1030-P}\\x0B\\xA6\\xBD\\x8A\\x18\\x85\\xCA\\x1EHW\\xD7\\xEE\\x15\\xAA' for key 'job_id'")
2015-06-30 09:16:10,818 - com.numenta.nupic.swarming.HypersearchWorker(5906) - INFO - <BUILDID=N/A, WORKER=HW, WRKID=65, JOBID=1030> Adding model 3182 to our internal DB because modelInsertAndStart() failed to insert it: paramsHash=507d0ba6bd8a1885ca1e4857d7ee15aa, particleHash=069e609ae31cd26b415c2a3fc71744f4, particleId='67.0.0'
2015-06-30 09:16:10,832 - com.numenta.nupic.swarming.HypersearchV2.HypersearchV2(5906) - INFO - <BUILDID=N/A, WORKER=HW, WRKID=65, JOBID=1030> Completed generation #0 of swarm 'modelParams|sensorParams|encoders|euse' with a best errScore of inf
2015-06-30 09:16:10,961 - com.numenta.nupic.swarming.HypersearchWorker(5906) - INFO - <BUILDID=N/A, WORKER=HW, WRKID=65, JOBID=1030> Adding model 3214 to our internal DB because modelInsertAndStart() failed to insert it: paramsHash=8e31bf9920c1a98714120b76b21e58a4, particleHash=6d86a55fd7fa66fab83ad7206306875d, particleId='65.0.1'
2015-06-30 09:16:10,965 - com.numenta.nupic.swarming.HypersearchWorker(5906) - INFO - <BUILDID=N/A, WORKER=HW, WRKID=65, JOBID=1030> Adding model 3214 to our internal DB because modelInsertAndStart() failed to insert it: paramsHash=8e31bf9920c1a98714120b76b21e58a4, particleHash=6d86a55fd7fa66fab83ad7206306875d, particleId='65.0.1'
2015-06-30 09:16:10,969 - com.numenta.nupic.swarming.HypersearchWorker(5906) - INFO - <BUILDID=N/A, WORKER=HW, WRKID=65, JOBID=1030> Adding model 3214 to our internal DB because modelInsertAndStart() failed to insert it: paramsHash=8e31bf9920c1a98714120b76b21e58a4, particleHash=6d86a55fd7fa66fab83ad7206306875d, particleId='65.0.1'
2015-06-30 09:16:10,973 - com.numenta.nupic.swarming.HypersearchWorker(5906) - INFO - <BUILDID=N/A, WORKER=HW, WRKID=65, JOBID=1030> Adding model 3214 to our internal DB because modelInsertAndStart() failed to insert it: paramsHash=8e31bf9920c1a98714120b76b21e58a4, particleHash=6d86a55fd7fa66fab83ad7206306875d, particleId='65.0.1'
2015-06-30 09:16:10,976 - com.numenta.nupic.swarming.HypersearchWorker(5906) - INFO - <BUILDID=N/A, WORKER=HW, WRKID=65, JOBID=1030> Adding model 3214 to our internal DB because modelInsertAndStart() failed to insert it: paramsHash=8e31bf9920c1a98714120b76b21e58a4, particleHash=6d86a55fd7fa66fab83ad7206306875d, particleId='65.0.1'
2015-06-30 09:16:10,978 - com.numenta.nupic.swarming.HypersearchWorker(5906) - INFO - <BUILDID=N/A, WORKER=HW, WRKID=65, JOBID=1030> Adding model 3214 to our internal DB because modelInsertAndStart() failed to insert it: paramsHash=8e31bf9920c1a98714120b76b21e58a4, particleHash=6d86a55fd7fa66fab83ad7206306875d, particleId='65.0.1'
2015-06-30 09:16:10,981 - com.numenta.nupic.swarming.HypersearchWorker(5906) - INFO - <BUILDID=N/A, WORKER=HW, WRKID=65, JOBID=1030> Adding model 3214 to our internal DB because modelInsertAndStart() failed to insert it: paramsHash=8e31bf9920c1a98714120b76b21e58a4, particleHash=6d86a55fd7fa66fab83ad7206306875d, particleId='65.0.1'
2015-06-30 09:16:10,984 - com.numenta.nupic.swarming.HypersearchWorker(5906) - INFO - <BUILDID=N/A, WORKER=HW, WRKID=65, JOBID=1030> Adding model 3214 to our internal DB because modelInsertAndStart() failed to insert it: paramsHash=8e31bf9920c1a98714120b76b21e58a4, particleHash=6d86a55fd7fa66fab83ad7206306875d, particleId='65.0.1'
2015-06-30 09:16:10,993 - com.numenta.nupic.swarming.HypersearchWorker(5906) - INFO - <BUILDID=N/A, WORKER=HW, WRKID=65, JOBID=1030> Adding model 3214 to our internal DB because modelInsertAndStart() failed to insert it: paramsHash=8e31bf9920c1a98714120b76b21e58a4, particleHash=6d86a55fd7fa66fab83ad7206306875d, particleId='65.0.1'
2015-06-30 09:16:10,997 - com.numenta.nupic.swarming.HypersearchWorker(5906) - INFO - <BUILDID=N/A, WORKER=HW, WRKID=65, JOBID=1030> Adding model 3214 to our internal DB because modelInsertAndStart() failed to insert it: paramsHash=8e31bf9920c1a98714120b76b21e58a4, particleHash=6d86a55fd7fa66fab83ad7206306875d, particleId='65.0.1'
2015-06-30 09:16:11,002 - com.numenta.nupic.swarming.HypersearchV2.HypersearchV2(5906) - INFO - <BUILDID=N/A, WORKER=HW, WRKID=65, JOBID=1030> Ready to end hyperseach, but not all models have matured yet. Sleeping a bit to wait for all models to mature.
2015-06-30 09:16:14,234 - com.numenta.nupic.swarming.HypersearchV2.HypersearchV2(5906) - ERROR - <BUILDID=N/A, WORKER=HW, WRKID=65, JOBID=1030> Exiting because some worker set the workerCompletionReason to error. WorkerCompletionMsg: Exiting because results did not improve in most recently completed sprint.
2015-06-30 09:16:14,246 - com.numenta.nupic.swarming.HypersearchV2.HypersearchV2(5906) - INFO - <BUILDID=N/A, WORKER=HW, WRKID=65, JOBID=1030> Failed updating the field contributions, another hypersearch worker must have updated it
2015-06-30 09:16:14,247 - com.numenta.nupic.swarming.HypersearchWorker(5906) - INFO - <BUILDID=N/A, WORKER=HW, WRKID=65, JOBID=1030> FINISHED. Evaluated 1 models.
