2015-07-18 07:32:45,966 - com.numenta.nupic.swarming.HypersearchWorker(8387) - INFO - <BUILDID=N/A, WORKER=HS, WRKID=N/A, JOBID=N/A> Launched with command line arguments: ['--jobID=1045']
2015-07-18 07:32:45,967 - com.numenta.nupic.swarming.HypersearchWorker(8387) - INFO - <BUILDID=N/A, WORKER=HS, WRKID=N/A, JOBID=N/A> Connecting to the jobs database
2015-07-18 07:32:45,967 - com.numenta.nupic.database.Connection.ConnectionFactory(8387) - INFO - <BUILDID=N/A, WORKER=HS, WRKID=N/A, JOBID=N/A> Creating db connection policy via provider <bound method type._createDefaultPolicy of <class 'nupic.database.Connection.ConnectionFactory'>>
2015-07-18 07:32:46,010 - com.numenta.nupic.database.Connection.PooledConnectionPolicy(8387) - INFO - <BUILDID=N/A, WORKER=HS, WRKID=N/A, JOBID=N/A> Created PooledConnectionPolicy
2015-07-18 07:32:46,067 - com.numenta.nupic.database.ClientJobsDAO.ClientJobsDAO(8387) - INFO - <BUILDID=N/A, WORKER=HS, WRKID=N/A, JOBID=N/A> clientJobsConnectionID=55
2015-07-18 07:32:46,088 - com.numenta.nupic.swarming.HypersearchWorker(8387) - INFO - <BUILDID=N/A, WORKER=HW, WRKID=55, JOBID=1045> Job info retrieved: {'engModelMilestones': 'None', 'clientInfo': '', 'numFailedWorkers': '0', 'engJobType': 'hypersearch', 'results': 'None', 'jobId': '1045', 'completionMsg': 'None', 'cancel': '0', 'engWorkerState': 'None', 'workerCompletionMsg': 'None', 'jobHash': "\xda\x06\x18\x8b-Y\x11\xe5\x98\xe1\x08\x00'\x16\xdf\xd4", 'genBaseDescription': 'None', 'completionReason': 'None', 'priority': '0', 'cmdLine': '$HYPERSEARCH', 'params': '{"hsVersion": "v2", "maxModels": null, "persistentJobGUID": "da0...', 'workerCompletionReason': 'success', 'engAllocateNewWorkers': '1', 'lastFailedWorkerErrorMsg': 'None', 'engUntendedDeadWorkers': '0', 'engLastUpdateTime': '2015-07-18 14:32:43', 'status': 'notStarted', 'engStatus': 'None', 'startTime': 'None', 'minimumWorkers': '1', 'endTime': 'None', 'engCjmConnId': 'None', 'genPermutations': 'None', 'client': 'GRP', 'engCleaningStatus': 'notdone', 'clientKey': '', 'maximumWorkers': '4'}
2015-07-18 07:32:46,102 - com.numenta.nupic.swarming.HypersearchV2.HypersearchV2(8387) - INFO - <BUILDID=N/A, WORKER=HW, WRKID=55, JOBID=1045> searchParams: 
{u'description': {u'includedFields': [{u'fieldName': 'timestamp',
                                       u'fieldType': 'datetime'},
                                      {u'fieldName': 'euse',
                                       u'fieldType': 'float',
                                       u'maxValue': '35.0',
                                       u'minValue': '10.0'},
                                      {u'fieldName': 'temp',
                                       u'fieldType': 'float',
                                       u'maxValue': '110.0',
                                       u'minValue': '0.0'},
                                      {u'fieldName': 'humid',
                                       u'fieldType': 'float',
                                       u'maxValue': '100.0',
                                       u'minValue': '0.0'},
                                      {u'fieldName': 'wind',
                                       u'fieldType': 'float',
                                       u'maxValue': '50.0',
                                       u'minValue': '0.0'},
                                      {u'fieldName': 'is_daylight',
                                       u'fieldType': 'float',
                                       u'maxValue': '0.0',
                                       u'minValue': '0.0'},
                                      {u'fieldName': 'buildup',
                                       u'fieldType': 'float',
                                       u'maxValue': '0.0',
                                       u'minValue': '0.0'},
                                      {u'fieldName': 'sec_since_rise',
                                       u'fieldType': 'float',
                                       u'maxValue': '50000',
                                       u'minValue': '10.0'}],
                  u'inferenceArgs': {u'predictedField': 'euse',
                                     u'predictionSteps': ['4']},
                  u'inferenceType': 'TemporalMultiStep',
                  u'iterationCount': '-1',
                  u'streamDef': {u'info': 'kwh',
                                 u'streams': [{u'columns': ['timestamp',
                                                            'euse',
                                                            'temp',
                                                            'humid',
                                                            'wind',
                                                            'is_daylight',
                                                            'buildup',
                                                            'sec_since_rise'],
                                               u'info': 'weather_plus_7531',
                                               u'source': 'file:///home/pat/workspace/pecan/house_data/7531_data/7531_clean...'}]},
                  u'swarmSize': 'medium'},
 u'hsVersion': 'v2',
 u'maxModels': 'None',
 u'persistentJobGUID': 'da06188a-2d59-11e5-98e1-08002716dfd4',
 u'useTerminators': 'False'}
2015-07-18 07:33:50,335 - com.numenta.nupic.swarming.HypersearchV2.HypersearchV2(8387) - INFO - <BUILDID=N/A, WORKER=HW, WRKID=55, JOBID=1045> Active swarms changed to [u'modelParams|sensorParams|encoders|humid', u'modelParams|sensorParams|encoders|wind', u'modelParams|sensorParams|encoders|is_daylight', u'modelParams|sensorParams|encoders|sec_since_rise', u'modelParams|sensorParams|encoders|timestamp_timeOfDay', u'modelParams|sensorParams|encoders|timestamp_dayOfWeek', u'modelParams|sensorParams|encoders|buildup', u'modelParams|sensorParams|encoders|euse', u'modelParams|sensorParams|encoders|temp', u'modelParams|sensorParams|encoders|timestamp_weekend'] (from None)
2015-07-18 07:33:50,755 - com.numenta.nupic.database.ClientJobsDAO.ClientJobsDAO(8387) - INFO - <BUILDID=N/A, WORKER=HW, WRKID=55, JOBID=1045> Model insert attempt failed with DUP_ENTRY: jobID=1045; paramsHash=bc1676bd5de23e7524a9fc9ffdeecdf2 OR particleHash=ecab776084b7a44b0f632a24572cf914; IntegrityError(1062, u"Duplicate entry '1045-\\xBC\\x16v\\xBD]\\xE2>u$\\xA9\\xFC\\x9F\\xFD\\xEE\\xCD\\xF2' for key 'job_id'")
2015-07-18 07:33:50,788 - com.numenta.nupic.swarming.HypersearchWorker(8387) - INFO - <BUILDID=N/A, WORKER=HW, WRKID=55, JOBID=1045> Adding model 4447 to our internal DB because modelInsertAndStart() failed to insert it: paramsHash=bc1676bd5de23e7524a9fc9ffdeecdf2, particleHash=d37f8e0c9127563cc761196bc58f9674, particleId='52.0.0'
2015-07-18 07:33:50,799 - com.numenta.nupic.database.ClientJobsDAO.ClientJobsDAO(8387) - INFO - <BUILDID=N/A, WORKER=HW, WRKID=55, JOBID=1045> Model insert attempt failed with DUP_ENTRY: jobID=1045; paramsHash=bc1676bd5de23e7524a9fc9ffdeecdf2 OR particleHash=ad8eca3b222feb217c4517ff9c4ab055; IntegrityError(1062, u"Duplicate entry '1045-\\xBC\\x16v\\xBD]\\xE2>u$\\xA9\\xFC\\x9F\\xFD\\xEE\\xCD\\xF2' for key 'job_id'")
2015-07-18 07:33:50,829 - com.numenta.nupic.swarming.HypersearchWorker(8387) - INFO - <BUILDID=N/A, WORKER=HW, WRKID=55, JOBID=1045> Adding model 4447 to our internal DB because modelInsertAndStart() failed to insert it: paramsHash=bc1676bd5de23e7524a9fc9ffdeecdf2, particleHash=d37f8e0c9127563cc761196bc58f9674, particleId='52.0.0'
2015-07-18 07:33:50,841 - com.numenta.nupic.database.ClientJobsDAO.ClientJobsDAO(8387) - INFO - <BUILDID=N/A, WORKER=HW, WRKID=55, JOBID=1045> Model insert attempt failed with DUP_ENTRY: jobID=1045; paramsHash=bc1676bd5de23e7524a9fc9ffdeecdf2 OR particleHash=5c86404fe65e0292a3823e0290e9ff3e; IntegrityError(1062, u"Duplicate entry '1045-\\xBC\\x16v\\xBD]\\xE2>u$\\xA9\\xFC\\x9F\\xFD\\xEE\\xCD\\xF2' for key 'job_id'")
2015-07-18 07:33:50,877 - com.numenta.nupic.swarming.HypersearchWorker(8387) - INFO - <BUILDID=N/A, WORKER=HW, WRKID=55, JOBID=1045> Adding model 4447 to our internal DB because modelInsertAndStart() failed to insert it: paramsHash=bc1676bd5de23e7524a9fc9ffdeecdf2, particleHash=d37f8e0c9127563cc761196bc58f9674, particleId='52.0.0'
2015-07-18 07:33:50,888 - com.numenta.nupic.database.ClientJobsDAO.ClientJobsDAO(8387) - INFO - <BUILDID=N/A, WORKER=HW, WRKID=55, JOBID=1045> Model insert attempt failed with DUP_ENTRY: jobID=1045; paramsHash=bc1676bd5de23e7524a9fc9ffdeecdf2 OR particleHash=5e21da330e8c7e1222af8518ca93014f; IntegrityError(1062, u"Duplicate entry '1045-\\xBC\\x16v\\xBD]\\xE2>u$\\xA9\\xFC\\x9F\\xFD\\xEE\\xCD\\xF2' for key 'job_id'")
2015-07-18 07:33:50,918 - com.numenta.nupic.swarming.HypersearchWorker(8387) - INFO - <BUILDID=N/A, WORKER=HW, WRKID=55, JOBID=1045> Adding model 4447 to our internal DB because modelInsertAndStart() failed to insert it: paramsHash=bc1676bd5de23e7524a9fc9ffdeecdf2, particleHash=d37f8e0c9127563cc761196bc58f9674, particleId='52.0.0'
2015-07-18 07:33:50,939 - com.numenta.nupic.database.ClientJobsDAO.ClientJobsDAO(8387) - INFO - <BUILDID=N/A, WORKER=HW, WRKID=55, JOBID=1045> Model insert attempt failed with DUP_ENTRY: jobID=1045; paramsHash=bc1676bd5de23e7524a9fc9ffdeecdf2 OR particleHash=434a3df3a3656e0f4b99901d2093d2dc; IntegrityError(1062, u"Duplicate entry '1045-\\xBC\\x16v\\xBD]\\xE2>u$\\xA9\\xFC\\x9F\\xFD\\xEE\\xCD\\xF2' for key 'job_id'")
2015-07-18 07:33:50,968 - com.numenta.nupic.swarming.HypersearchWorker(8387) - INFO - <BUILDID=N/A, WORKER=HW, WRKID=55, JOBID=1045> Adding model 4447 to our internal DB because modelInsertAndStart() failed to insert it: paramsHash=bc1676bd5de23e7524a9fc9ffdeecdf2, particleHash=d37f8e0c9127563cc761196bc58f9674, particleId='52.0.0'
2015-07-18 07:33:50,981 - com.numenta.nupic.database.ClientJobsDAO.ClientJobsDAO(8387) - INFO - <BUILDID=N/A, WORKER=HW, WRKID=55, JOBID=1045> Model insert attempt failed with DUP_ENTRY: jobID=1045; paramsHash=bc1676bd5de23e7524a9fc9ffdeecdf2 OR particleHash=bb1ac4ef9c3ac43232c85f4a79b02b13; IntegrityError(1062, u"Duplicate entry '1045-\\xBC\\x16v\\xBD]\\xE2>u$\\xA9\\xFC\\x9F\\xFD\\xEE\\xCD\\xF2' for key 'job_id'")
2015-07-18 07:33:51,012 - com.numenta.nupic.swarming.HypersearchWorker(8387) - INFO - <BUILDID=N/A, WORKER=HW, WRKID=55, JOBID=1045> Adding model 4447 to our internal DB because modelInsertAndStart() failed to insert it: paramsHash=bc1676bd5de23e7524a9fc9ffdeecdf2, particleHash=d37f8e0c9127563cc761196bc58f9674, particleId='52.0.0'
2015-07-18 07:33:51,020 - com.numenta.nupic.database.ClientJobsDAO.ClientJobsDAO(8387) - INFO - <BUILDID=N/A, WORKER=HW, WRKID=55, JOBID=1045> Model insert attempt failed with DUP_ENTRY: jobID=1045; paramsHash=bc1676bd5de23e7524a9fc9ffdeecdf2 OR particleHash=61233e89006ff52abbcb4f3efa5b4598; IntegrityError(1062, u"Duplicate entry '1045-\\xBC\\x16v\\xBD]\\xE2>u$\\xA9\\xFC\\x9F\\xFD\\xEE\\xCD\\xF2' for key 'job_id'")
2015-07-18 07:33:51,046 - com.numenta.nupic.swarming.HypersearchWorker(8387) - INFO - <BUILDID=N/A, WORKER=HW, WRKID=55, JOBID=1045> Adding model 4447 to our internal DB because modelInsertAndStart() failed to insert it: paramsHash=bc1676bd5de23e7524a9fc9ffdeecdf2, particleHash=d37f8e0c9127563cc761196bc58f9674, particleId='52.0.0'
2015-07-18 07:33:51,074 - com.numenta.nupic.database.ClientJobsDAO.ClientJobsDAO(8387) - INFO - <BUILDID=N/A, WORKER=HW, WRKID=55, JOBID=1045> Model insert attempt failed with DUP_ENTRY: jobID=1045; paramsHash=bc1676bd5de23e7524a9fc9ffdeecdf2 OR particleHash=a190b59b6f7e82171f02891822e71b7f; IntegrityError(1062, u"Duplicate entry '1045-\\xBC\\x16v\\xBD]\\xE2>u$\\xA9\\xFC\\x9F\\xFD\\xEE\\xCD\\xF2' for key 'job_id'")
2015-07-18 07:33:51,106 - com.numenta.nupic.swarming.HypersearchWorker(8387) - INFO - <BUILDID=N/A, WORKER=HW, WRKID=55, JOBID=1045> Adding model 4447 to our internal DB because modelInsertAndStart() failed to insert it: paramsHash=bc1676bd5de23e7524a9fc9ffdeecdf2, particleHash=d37f8e0c9127563cc761196bc58f9674, particleId='52.0.0'
2015-07-18 07:33:51,115 - com.numenta.nupic.database.ClientJobsDAO.ClientJobsDAO(8387) - INFO - <BUILDID=N/A, WORKER=HW, WRKID=55, JOBID=1045> Model insert attempt failed with DUP_ENTRY: jobID=1045; paramsHash=bc1676bd5de23e7524a9fc9ffdeecdf2 OR particleHash=73172b2df7ca214743a72ee9bbdd3dd8; IntegrityError(1062, u"Duplicate entry '1045-\\xBC\\x16v\\xBD]\\xE2>u$\\xA9\\xFC\\x9F\\xFD\\xEE\\xCD\\xF2' for key 'job_id'")
2015-07-18 07:33:51,144 - com.numenta.nupic.swarming.HypersearchWorker(8387) - INFO - <BUILDID=N/A, WORKER=HW, WRKID=55, JOBID=1045> Adding model 4447 to our internal DB because modelInsertAndStart() failed to insert it: paramsHash=bc1676bd5de23e7524a9fc9ffdeecdf2, particleHash=d37f8e0c9127563cc761196bc58f9674, particleId='52.0.0'
2015-07-18 07:33:51,157 - com.numenta.nupic.database.ClientJobsDAO.ClientJobsDAO(8387) - INFO - <BUILDID=N/A, WORKER=HW, WRKID=55, JOBID=1045> Model insert attempt failed with DUP_ENTRY: jobID=1045; paramsHash=bc1676bd5de23e7524a9fc9ffdeecdf2 OR particleHash=fdfab6da1ebced44bd9ea3ce8859ded7; IntegrityError(1062, u"Duplicate entry '1045-\\xBC\\x16v\\xBD]\\xE2>u$\\xA9\\xFC\\x9F\\xFD\\xEE\\xCD\\xF2' for key 'job_id'")
2015-07-18 07:33:51,188 - com.numenta.nupic.swarming.HypersearchWorker(8387) - INFO - <BUILDID=N/A, WORKER=HW, WRKID=55, JOBID=1045> Adding model 4447 to our internal DB because modelInsertAndStart() failed to insert it: paramsHash=bc1676bd5de23e7524a9fc9ffdeecdf2, particleHash=d37f8e0c9127563cc761196bc58f9674, particleId='52.0.0'
2015-07-18 07:33:51,659 - com.numenta.nupic.database.ClientJobsDAO.ClientJobsDAO(8387) - INFO - <BUILDID=N/A, WORKER=HW, WRKID=55, JOBID=1045> Model insert attempt failed with DUP_ENTRY: jobID=1045; paramsHash=9c941537d601a20d983fc9b422a68886 OR particleHash=1d88f2f528712452428a7a9599deac55; IntegrityError(1062, u'Duplicate entry \'1045-\\x9C\\x94\\x157\\xD6\\x01\\xA2\\x0D\\x98?\\xC9\\xB4"\\xA6\\x88\\x86\' for key \'job_id\'')
2015-07-18 07:33:51,686 - com.numenta.nupic.swarming.HypersearchWorker(8387) - INFO - <BUILDID=N/A, WORKER=HW, WRKID=55, JOBID=1045> Adding model 4478 to our internal DB because modelInsertAndStart() failed to insert it: paramsHash=9c941537d601a20d983fc9b422a68886, particleHash=3f5fdd4992b0f0a482d1b7a43b11cd4f, particleId='54.10.0'
2015-07-18 07:33:51,729 - com.numenta.nupic.database.ClientJobsDAO.ClientJobsDAO(8387) - INFO - <BUILDID=N/A, WORKER=HW, WRKID=55, JOBID=1045> Model insert attempt failed with DUP_ENTRY: jobID=1045; paramsHash=9c941537d601a20d983fc9b422a68886 OR particleHash=63e8987b1a1748e698d569eec92af5e7; IntegrityError(1062, u'Duplicate entry \'1045-\\x9C\\x94\\x157\\xD6\\x01\\xA2\\x0D\\x98?\\xC9\\xB4"\\xA6\\x88\\x86\' for key \'job_id\'')
2015-07-18 07:33:51,732 - com.numenta.nupic.swarming.HypersearchWorker(8387) - INFO - <BUILDID=N/A, WORKER=HW, WRKID=55, JOBID=1045> Adding model 4478 to our internal DB because modelInsertAndStart() failed to insert it: paramsHash=9c941537d601a20d983fc9b422a68886, particleHash=3f5fdd4992b0f0a482d1b7a43b11cd4f, particleId='54.10.0'
2015-07-18 07:33:51,761 - com.numenta.nupic.database.ClientJobsDAO.ClientJobsDAO(8387) - INFO - <BUILDID=N/A, WORKER=HW, WRKID=55, JOBID=1045> Model insert attempt failed with DUP_ENTRY: jobID=1045; paramsHash=9c941537d601a20d983fc9b422a68886 OR particleHash=34c1003910e2281bbe573515ad0c224d; IntegrityError(1062, u'Duplicate entry \'1045-\\x9C\\x94\\x157\\xD6\\x01\\xA2\\x0D\\x98?\\xC9\\xB4"\\xA6\\x88\\x86\' for key \'job_id\'')
2015-07-18 07:33:51,764 - com.numenta.nupic.swarming.HypersearchWorker(8387) - INFO - <BUILDID=N/A, WORKER=HW, WRKID=55, JOBID=1045> Adding model 4478 to our internal DB because modelInsertAndStart() failed to insert it: paramsHash=9c941537d601a20d983fc9b422a68886, particleHash=3f5fdd4992b0f0a482d1b7a43b11cd4f, particleId='54.10.0'
2015-07-18 07:33:51,773 - com.numenta.nupic.database.ClientJobsDAO.ClientJobsDAO(8387) - INFO - <BUILDID=N/A, WORKER=HW, WRKID=55, JOBID=1045> Model insert attempt failed with DUP_ENTRY: jobID=1045; paramsHash=9c941537d601a20d983fc9b422a68886 OR particleHash=f8dae921a776b8cc36b88e5874b024bf; IntegrityError(1062, u'Duplicate entry \'1045-\\x9C\\x94\\x157\\xD6\\x01\\xA2\\x0D\\x98?\\xC9\\xB4"\\xA6\\x88\\x86\' for key \'job_id\'')
2015-07-18 07:33:51,805 - com.numenta.nupic.swarming.HypersearchWorker(8387) - INFO - <BUILDID=N/A, WORKER=HW, WRKID=55, JOBID=1045> Adding model 4478 to our internal DB because modelInsertAndStart() failed to insert it: paramsHash=9c941537d601a20d983fc9b422a68886, particleHash=3f5fdd4992b0f0a482d1b7a43b11cd4f, particleId='54.10.0'
2015-07-18 07:33:51,814 - com.numenta.nupic.database.ClientJobsDAO.ClientJobsDAO(8387) - INFO - <BUILDID=N/A, WORKER=HW, WRKID=55, JOBID=1045> Model insert attempt failed with DUP_ENTRY: jobID=1045; paramsHash=9c941537d601a20d983fc9b422a68886 OR particleHash=0aacf2100f6634a130d8bdfba0316e80; IntegrityError(1062, u'Duplicate entry \'1045-\\x9C\\x94\\x157\\xD6\\x01\\xA2\\x0D\\x98?\\xC9\\xB4"\\xA6\\x88\\x86\' for key \'job_id\'')
2015-07-18 07:33:51,844 - com.numenta.nupic.swarming.HypersearchWorker(8387) - INFO - <BUILDID=N/A, WORKER=HW, WRKID=55, JOBID=1045> Adding model 4478 to our internal DB because modelInsertAndStart() failed to insert it: paramsHash=9c941537d601a20d983fc9b422a68886, particleHash=3f5fdd4992b0f0a482d1b7a43b11cd4f, particleId='54.10.0'
2015-07-18 07:33:51,851 - com.numenta.nupic.database.ClientJobsDAO.ClientJobsDAO(8387) - INFO - <BUILDID=N/A, WORKER=HW, WRKID=55, JOBID=1045> Model insert attempt failed with DUP_ENTRY: jobID=1045; paramsHash=9c941537d601a20d983fc9b422a68886 OR particleHash=86d55cf11e5fb641b81679808401f636; IntegrityError(1062, u'Duplicate entry \'1045-\\x9C\\x94\\x157\\xD6\\x01\\xA2\\x0D\\x98?\\xC9\\xB4"\\xA6\\x88\\x86\' for key \'job_id\'')
2015-07-18 07:33:51,876 - com.numenta.nupic.swarming.HypersearchWorker(8387) - INFO - <BUILDID=N/A, WORKER=HW, WRKID=55, JOBID=1045> Adding model 4478 to our internal DB because modelInsertAndStart() failed to insert it: paramsHash=9c941537d601a20d983fc9b422a68886, particleHash=3f5fdd4992b0f0a482d1b7a43b11cd4f, particleId='54.10.0'
2015-07-18 07:33:51,893 - com.numenta.nupic.database.ClientJobsDAO.ClientJobsDAO(8387) - INFO - <BUILDID=N/A, WORKER=HW, WRKID=55, JOBID=1045> Model insert attempt failed with DUP_ENTRY: jobID=1045; paramsHash=9c941537d601a20d983fc9b422a68886 OR particleHash=656e6f2fff4e4ea866abdd51cb6cf31a; IntegrityError(1062, u'Duplicate entry \'1045-\\x9C\\x94\\x157\\xD6\\x01\\xA2\\x0D\\x98?\\xC9\\xB4"\\xA6\\x88\\x86\' for key \'job_id\'')
2015-07-18 07:33:51,917 - com.numenta.nupic.swarming.HypersearchWorker(8387) - INFO - <BUILDID=N/A, WORKER=HW, WRKID=55, JOBID=1045> Adding model 4478 to our internal DB because modelInsertAndStart() failed to insert it: paramsHash=9c941537d601a20d983fc9b422a68886, particleHash=3f5fdd4992b0f0a482d1b7a43b11cd4f, particleId='54.10.0'
2015-07-18 07:33:51,943 - com.numenta.nupic.database.ClientJobsDAO.ClientJobsDAO(8387) - INFO - <BUILDID=N/A, WORKER=HW, WRKID=55, JOBID=1045> Model insert attempt failed with DUP_ENTRY: jobID=1045; paramsHash=9c941537d601a20d983fc9b422a68886 OR particleHash=e1b69fd5ebb8873e2c6133846578d615; IntegrityError(1062, u'Duplicate entry \'1045-\\x9C\\x94\\x157\\xD6\\x01\\xA2\\x0D\\x98?\\xC9\\xB4"\\xA6\\x88\\x86\' for key \'job_id\'')
2015-07-18 07:33:51,970 - com.numenta.nupic.swarming.HypersearchWorker(8387) - INFO - <BUILDID=N/A, WORKER=HW, WRKID=55, JOBID=1045> Adding model 4478 to our internal DB because modelInsertAndStart() failed to insert it: paramsHash=9c941537d601a20d983fc9b422a68886, particleHash=3f5fdd4992b0f0a482d1b7a43b11cd4f, particleId='54.10.0'
2015-07-18 07:33:51,977 - com.numenta.nupic.database.ClientJobsDAO.ClientJobsDAO(8387) - INFO - <BUILDID=N/A, WORKER=HW, WRKID=55, JOBID=1045> Model insert attempt failed with DUP_ENTRY: jobID=1045; paramsHash=9c941537d601a20d983fc9b422a68886 OR particleHash=3ab075fa86e3c02dc4f571ca86d6163b; IntegrityError(1062, u'Duplicate entry \'1045-\\x9C\\x94\\x157\\xD6\\x01\\xA2\\x0D\\x98?\\xC9\\xB4"\\xA6\\x88\\x86\' for key \'job_id\'')
2015-07-18 07:33:52,008 - com.numenta.nupic.swarming.HypersearchWorker(8387) - INFO - <BUILDID=N/A, WORKER=HW, WRKID=55, JOBID=1045> Adding model 4478 to our internal DB because modelInsertAndStart() failed to insert it: paramsHash=9c941537d601a20d983fc9b422a68886, particleHash=3f5fdd4992b0f0a482d1b7a43b11cd4f, particleId='54.10.0'
2015-07-18 07:33:52,020 - com.numenta.nupic.database.ClientJobsDAO.ClientJobsDAO(8387) - INFO - <BUILDID=N/A, WORKER=HW, WRKID=55, JOBID=1045> Model insert attempt failed with DUP_ENTRY: jobID=1045; paramsHash=9c941537d601a20d983fc9b422a68886 OR particleHash=40d1fb02738f835443144bcb0e6b0e18; IntegrityError(1062, u'Duplicate entry \'1045-\\x9C\\x94\\x157\\xD6\\x01\\xA2\\x0D\\x98?\\xC9\\xB4"\\xA6\\x88\\x86\' for key \'job_id\'')
2015-07-18 07:33:52,041 - com.numenta.nupic.swarming.HypersearchWorker(8387) - INFO - <BUILDID=N/A, WORKER=HW, WRKID=55, JOBID=1045> Adding model 4478 to our internal DB because modelInsertAndStart() failed to insert it: paramsHash=9c941537d601a20d983fc9b422a68886, particleHash=3f5fdd4992b0f0a482d1b7a43b11cd4f, particleId='54.10.0'
2015-07-18 07:33:52,538 - com.numenta.nupic.database.ClientJobsDAO.ClientJobsDAO(8387) - INFO - <BUILDID=N/A, WORKER=HW, WRKID=55, JOBID=1045> Model insert attempt failed with DUP_ENTRY: jobID=1045; paramsHash=32e4e1a95a56df3e08ff6beccb847bc5 OR particleHash=7bcc944aa0536175f2d36a020c3cee8e; IntegrityError(1062, u"Duplicate entry '1045-2\\xE4\\xE1\\xA9ZV\\xDF>\\x08\\xFFk\\xEC\\xCB\\x84{\\xC5' for key 'job_id'")
2015-07-18 07:33:52,556 - com.numenta.nupic.swarming.HypersearchWorker(8387) - INFO - <BUILDID=N/A, WORKER=HW, WRKID=55, JOBID=1045> Adding model 4499 to our internal DB because modelInsertAndStart() failed to insert it: paramsHash=32e4e1a95a56df3e08ff6beccb847bc5, particleHash=d807c843bd70e99a0a5d847b78978c8b, particleId='53.20.0'
2015-07-18 07:33:52,570 - com.numenta.nupic.database.ClientJobsDAO.ClientJobsDAO(8387) - INFO - <BUILDID=N/A, WORKER=HW, WRKID=55, JOBID=1045> Model insert attempt failed with DUP_ENTRY: jobID=1045; paramsHash=32e4e1a95a56df3e08ff6beccb847bc5 OR particleHash=7abd9c30b38d816b46d780ac32ea2a96; IntegrityError(1062, u"Duplicate entry '1045-2\\xE4\\xE1\\xA9ZV\\xDF>\\x08\\xFFk\\xEC\\xCB\\x84{\\xC5' for key 'job_id'")
2015-07-18 07:33:52,588 - com.numenta.nupic.swarming.HypersearchWorker(8387) - INFO - <BUILDID=N/A, WORKER=HW, WRKID=55, JOBID=1045> Adding model 4499 to our internal DB because modelInsertAndStart() failed to insert it: paramsHash=32e4e1a95a56df3e08ff6beccb847bc5, particleHash=d807c843bd70e99a0a5d847b78978c8b, particleId='53.20.0'
2015-07-18 07:33:52,600 - com.numenta.nupic.database.ClientJobsDAO.ClientJobsDAO(8387) - INFO - <BUILDID=N/A, WORKER=HW, WRKID=55, JOBID=1045> Model insert attempt failed with DUP_ENTRY: jobID=1045; paramsHash=32e4e1a95a56df3e08ff6beccb847bc5 OR particleHash=e074715e162f3666db3e4c0debad2b2d; IntegrityError(1062, u"Duplicate entry '1045-2\\xE4\\xE1\\xA9ZV\\xDF>\\x08\\xFFk\\xEC\\xCB\\x84{\\xC5' for key 'job_id'")
2015-07-18 07:33:52,619 - com.numenta.nupic.swarming.HypersearchWorker(8387) - INFO - <BUILDID=N/A, WORKER=HW, WRKID=55, JOBID=1045> Adding model 4499 to our internal DB because modelInsertAndStart() failed to insert it: paramsHash=32e4e1a95a56df3e08ff6beccb847bc5, particleHash=d807c843bd70e99a0a5d847b78978c8b, particleId='53.20.0'
2015-07-18 07:33:52,631 - com.numenta.nupic.database.ClientJobsDAO.ClientJobsDAO(8387) - INFO - <BUILDID=N/A, WORKER=HW, WRKID=55, JOBID=1045> Model insert attempt failed with DUP_ENTRY: jobID=1045; paramsHash=32e4e1a95a56df3e08ff6beccb847bc5 OR particleHash=d8bd46732d2cc58f104ea6a599820589; IntegrityError(1062, u"Duplicate entry '1045-2\\xE4\\xE1\\xA9ZV\\xDF>\\x08\\xFFk\\xEC\\xCB\\x84{\\xC5' for key 'job_id'")
2015-07-18 07:33:52,664 - com.numenta.nupic.swarming.HypersearchWorker(8387) - INFO - <BUILDID=N/A, WORKER=HW, WRKID=55, JOBID=1045> Adding model 4499 to our internal DB because modelInsertAndStart() failed to insert it: paramsHash=32e4e1a95a56df3e08ff6beccb847bc5, particleHash=d807c843bd70e99a0a5d847b78978c8b, particleId='53.20.0'
2015-07-18 07:33:52,671 - com.numenta.nupic.database.ClientJobsDAO.ClientJobsDAO(8387) - INFO - <BUILDID=N/A, WORKER=HW, WRKID=55, JOBID=1045> Model insert attempt failed with DUP_ENTRY: jobID=1045; paramsHash=32e4e1a95a56df3e08ff6beccb847bc5 OR particleHash=61a555f9be839ef26f3bd833ac270cef; IntegrityError(1062, u"Duplicate entry '1045-2\\xE4\\xE1\\xA9ZV\\xDF>\\x08\\xFFk\\xEC\\xCB\\x84{\\xC5' for key 'job_id'")
2015-07-18 07:33:52,712 - com.numenta.nupic.swarming.HypersearchWorker(8387) - INFO - <BUILDID=N/A, WORKER=HW, WRKID=55, JOBID=1045> Adding model 4499 to our internal DB because modelInsertAndStart() failed to insert it: paramsHash=32e4e1a95a56df3e08ff6beccb847bc5, particleHash=d807c843bd70e99a0a5d847b78978c8b, particleId='53.20.0'
2015-07-18 07:33:52,735 - com.numenta.nupic.database.ClientJobsDAO.ClientJobsDAO(8387) - INFO - <BUILDID=N/A, WORKER=HW, WRKID=55, JOBID=1045> Model insert attempt failed with DUP_ENTRY: jobID=1045; paramsHash=32e4e1a95a56df3e08ff6beccb847bc5 OR particleHash=be8d97bd58bbb1f1553cbaf1a604903f; IntegrityError(1062, u"Duplicate entry '1045-2\\xE4\\xE1\\xA9ZV\\xDF>\\x08\\xFFk\\xEC\\xCB\\x84{\\xC5' for key 'job_id'")
2015-07-18 07:33:52,776 - com.numenta.nupic.swarming.HypersearchWorker(8387) - INFO - <BUILDID=N/A, WORKER=HW, WRKID=55, JOBID=1045> Adding model 4499 to our internal DB because modelInsertAndStart() failed to insert it: paramsHash=32e4e1a95a56df3e08ff6beccb847bc5, particleHash=d807c843bd70e99a0a5d847b78978c8b, particleId='53.20.0'
2015-07-18 07:33:52,793 - com.numenta.nupic.database.ClientJobsDAO.ClientJobsDAO(8387) - INFO - <BUILDID=N/A, WORKER=HW, WRKID=55, JOBID=1045> Model insert attempt failed with DUP_ENTRY: jobID=1045; paramsHash=32e4e1a95a56df3e08ff6beccb847bc5 OR particleHash=36e828123157a030ff259edc86e2a208; IntegrityError(1062, u"Duplicate entry '1045-2\\xE4\\xE1\\xA9ZV\\xDF>\\x08\\xFFk\\xEC\\xCB\\x84{\\xC5' for key 'job_id'")
2015-07-18 07:33:52,814 - com.numenta.nupic.swarming.HypersearchWorker(8387) - INFO - <BUILDID=N/A, WORKER=HW, WRKID=55, JOBID=1045> Adding model 4499 to our internal DB because modelInsertAndStart() failed to insert it: paramsHash=32e4e1a95a56df3e08ff6beccb847bc5, particleHash=d807c843bd70e99a0a5d847b78978c8b, particleId='53.20.0'
2015-07-18 07:33:52,824 - com.numenta.nupic.database.ClientJobsDAO.ClientJobsDAO(8387) - INFO - <BUILDID=N/A, WORKER=HW, WRKID=55, JOBID=1045> Model insert attempt failed with DUP_ENTRY: jobID=1045; paramsHash=32e4e1a95a56df3e08ff6beccb847bc5 OR particleHash=a16361074d147ab420115df6b16d81b5; IntegrityError(1062, u"Duplicate entry '1045-2\\xE4\\xE1\\xA9ZV\\xDF>\\x08\\xFFk\\xEC\\xCB\\x84{\\xC5' for key 'job_id'")
2015-07-18 07:33:52,848 - com.numenta.nupic.swarming.HypersearchWorker(8387) - INFO - <BUILDID=N/A, WORKER=HW, WRKID=55, JOBID=1045> Adding model 4499 to our internal DB because modelInsertAndStart() failed to insert it: paramsHash=32e4e1a95a56df3e08ff6beccb847bc5, particleHash=d807c843bd70e99a0a5d847b78978c8b, particleId='53.20.0'
2015-07-18 07:33:52,866 - com.numenta.nupic.database.ClientJobsDAO.ClientJobsDAO(8387) - INFO - <BUILDID=N/A, WORKER=HW, WRKID=55, JOBID=1045> Model insert attempt failed with DUP_ENTRY: jobID=1045; paramsHash=32e4e1a95a56df3e08ff6beccb847bc5 OR particleHash=c2c32a0136137502ceb5a5133cd234ea; IntegrityError(1062, u"Duplicate entry '1045-2\\xE4\\xE1\\xA9ZV\\xDF>\\x08\\xFFk\\xEC\\xCB\\x84{\\xC5' for key 'job_id'")
2015-07-18 07:33:52,899 - com.numenta.nupic.swarming.HypersearchWorker(8387) - INFO - <BUILDID=N/A, WORKER=HW, WRKID=55, JOBID=1045> Adding model 4499 to our internal DB because modelInsertAndStart() failed to insert it: paramsHash=32e4e1a95a56df3e08ff6beccb847bc5, particleHash=d807c843bd70e99a0a5d847b78978c8b, particleId='53.20.0'
2015-07-18 07:33:52,914 - com.numenta.nupic.database.ClientJobsDAO.ClientJobsDAO(8387) - INFO - <BUILDID=N/A, WORKER=HW, WRKID=55, JOBID=1045> Model insert attempt failed with DUP_ENTRY: jobID=1045; paramsHash=32e4e1a95a56df3e08ff6beccb847bc5 OR particleHash=085df2586335bcd3d6bd157fada613e9; IntegrityError(1062, u"Duplicate entry '1045-2\\xE4\\xE1\\xA9ZV\\xDF>\\x08\\xFFk\\xEC\\xCB\\x84{\\xC5' for key 'job_id'")
2015-07-18 07:33:52,932 - com.numenta.nupic.swarming.HypersearchWorker(8387) - INFO - <BUILDID=N/A, WORKER=HW, WRKID=55, JOBID=1045> Adding model 4499 to our internal DB because modelInsertAndStart() failed to insert it: paramsHash=32e4e1a95a56df3e08ff6beccb847bc5, particleHash=d807c843bd70e99a0a5d847b78978c8b, particleId='53.20.0'
2015-07-18 07:33:53,442 - com.numenta.nupic.database.ClientJobsDAO.ClientJobsDAO(8387) - INFO - <BUILDID=N/A, WORKER=HW, WRKID=55, JOBID=1045> Model insert attempt failed with DUP_ENTRY: jobID=1045; paramsHash=2940a6ddb09849f6fe3e5daaa506b1b0 OR particleHash=b7d4e1fdc5270f3a00adcd4604671a70; IntegrityError(1062, u"Duplicate entry '1045-)@\\xA6\\xDD\\xB0\\x98I\\xF6\\xFE>]\\xAA\\xA5\\x06\\xB1\\xB0' for key 'job_id'")
2015-07-18 07:33:53,465 - com.numenta.nupic.swarming.HypersearchWorker(8387) - INFO - <BUILDID=N/A, WORKER=HW, WRKID=55, JOBID=1045> Adding model 4510 to our internal DB because modelInsertAndStart() failed to insert it: paramsHash=2940a6ddb09849f6fe3e5daaa506b1b0, particleHash=9f27422d9094be9ebd0d4da5137d400f, particleId='52.10.0'
2015-07-18 07:33:53,476 - com.numenta.nupic.database.ClientJobsDAO.ClientJobsDAO(8387) - INFO - <BUILDID=N/A, WORKER=HW, WRKID=55, JOBID=1045> Model insert attempt failed with DUP_ENTRY: jobID=1045; paramsHash=2940a6ddb09849f6fe3e5daaa506b1b0 OR particleHash=9b90b55b8c7b6749a289d5dc008e25e1; IntegrityError(1062, u"Duplicate entry '1045-)@\\xA6\\xDD\\xB0\\x98I\\xF6\\xFE>]\\xAA\\xA5\\x06\\xB1\\xB0' for key 'job_id'")
2015-07-18 07:33:53,502 - com.numenta.nupic.swarming.HypersearchWorker(8387) - INFO - <BUILDID=N/A, WORKER=HW, WRKID=55, JOBID=1045> Adding model 4510 to our internal DB because modelInsertAndStart() failed to insert it: paramsHash=2940a6ddb09849f6fe3e5daaa506b1b0, particleHash=9f27422d9094be9ebd0d4da5137d400f, particleId='52.10.0'
2015-07-18 07:33:53,510 - com.numenta.nupic.database.ClientJobsDAO.ClientJobsDAO(8387) - INFO - <BUILDID=N/A, WORKER=HW, WRKID=55, JOBID=1045> Model insert attempt failed with DUP_ENTRY: jobID=1045; paramsHash=2940a6ddb09849f6fe3e5daaa506b1b0 OR particleHash=3ec73d4bc9dd5e3b7f19a4a2eedbf013; IntegrityError(1062, u"Duplicate entry '1045-)@\\xA6\\xDD\\xB0\\x98I\\xF6\\xFE>]\\xAA\\xA5\\x06\\xB1\\xB0' for key 'job_id'")
2015-07-18 07:33:53,540 - com.numenta.nupic.swarming.HypersearchWorker(8387) - INFO - <BUILDID=N/A, WORKER=HW, WRKID=55, JOBID=1045> Adding model 4510 to our internal DB because modelInsertAndStart() failed to insert it: paramsHash=2940a6ddb09849f6fe3e5daaa506b1b0, particleHash=9f27422d9094be9ebd0d4da5137d400f, particleId='52.10.0'
2015-07-18 07:33:53,551 - com.numenta.nupic.database.ClientJobsDAO.ClientJobsDAO(8387) - INFO - <BUILDID=N/A, WORKER=HW, WRKID=55, JOBID=1045> Model insert attempt failed with DUP_ENTRY: jobID=1045; paramsHash=2940a6ddb09849f6fe3e5daaa506b1b0 OR particleHash=b1a26dc9864248e45b181e21efd6d98f; IntegrityError(1062, u"Duplicate entry '1045-)@\\xA6\\xDD\\xB0\\x98I\\xF6\\xFE>]\\xAA\\xA5\\x06\\xB1\\xB0' for key 'job_id'")
2015-07-18 07:33:53,572 - com.numenta.nupic.swarming.HypersearchWorker(8387) - INFO - <BUILDID=N/A, WORKER=HW, WRKID=55, JOBID=1045> Adding model 4510 to our internal DB because modelInsertAndStart() failed to insert it: paramsHash=2940a6ddb09849f6fe3e5daaa506b1b0, particleHash=9f27422d9094be9ebd0d4da5137d400f, particleId='52.10.0'
2015-07-18 07:33:53,586 - com.numenta.nupic.database.ClientJobsDAO.ClientJobsDAO(8387) - INFO - <BUILDID=N/A, WORKER=HW, WRKID=55, JOBID=1045> Model insert attempt failed with DUP_ENTRY: jobID=1045; paramsHash=2940a6ddb09849f6fe3e5daaa506b1b0 OR particleHash=33660b7aac6983123223fb9d0000fa37; IntegrityError(1062, u"Duplicate entry '1045-)@\\xA6\\xDD\\xB0\\x98I\\xF6\\xFE>]\\xAA\\xA5\\x06\\xB1\\xB0' for key 'job_id'")
2015-07-18 07:33:53,601 - com.numenta.nupic.swarming.HypersearchWorker(8387) - INFO - <BUILDID=N/A, WORKER=HW, WRKID=55, JOBID=1045> Adding model 4510 to our internal DB because modelInsertAndStart() failed to insert it: paramsHash=2940a6ddb09849f6fe3e5daaa506b1b0, particleHash=9f27422d9094be9ebd0d4da5137d400f, particleId='52.10.0'
2015-07-18 07:33:53,616 - com.numenta.nupic.database.ClientJobsDAO.ClientJobsDAO(8387) - INFO - <BUILDID=N/A, WORKER=HW, WRKID=55, JOBID=1045> Model insert attempt failed with DUP_ENTRY: jobID=1045; paramsHash=2940a6ddb09849f6fe3e5daaa506b1b0 OR particleHash=becf0d0ad0c33dd2224d3001de30fc45; IntegrityError(1062, u"Duplicate entry '1045-)@\\xA6\\xDD\\xB0\\x98I\\xF6\\xFE>]\\xAA\\xA5\\x06\\xB1\\xB0' for key 'job_id'")
2015-07-18 07:33:53,664 - com.numenta.nupic.swarming.HypersearchWorker(8387) - INFO - <BUILDID=N/A, WORKER=HW, WRKID=55, JOBID=1045> Adding model 4510 to our internal DB because modelInsertAndStart() failed to insert it: paramsHash=2940a6ddb09849f6fe3e5daaa506b1b0, particleHash=9f27422d9094be9ebd0d4da5137d400f, particleId='52.10.0'
2015-07-18 07:33:53,689 - com.numenta.nupic.database.ClientJobsDAO.ClientJobsDAO(8387) - INFO - <BUILDID=N/A, WORKER=HW, WRKID=55, JOBID=1045> Model insert attempt failed with DUP_ENTRY: jobID=1045; paramsHash=2940a6ddb09849f6fe3e5daaa506b1b0 OR particleHash=78b286d9d8a146d14116fcab85877b96; IntegrityError(1062, u"Duplicate entry '1045-)@\\xA6\\xDD\\xB0\\x98I\\xF6\\xFE>]\\xAA\\xA5\\x06\\xB1\\xB0' for key 'job_id'")
2015-07-18 07:33:53,700 - com.numenta.nupic.swarming.HypersearchWorker(8387) - INFO - <BUILDID=N/A, WORKER=HW, WRKID=55, JOBID=1045> Adding model 4510 to our internal DB because modelInsertAndStart() failed to insert it: paramsHash=2940a6ddb09849f6fe3e5daaa506b1b0, particleHash=9f27422d9094be9ebd0d4da5137d400f, particleId='52.10.0'
2015-07-18 07:33:53,716 - com.numenta.nupic.database.ClientJobsDAO.ClientJobsDAO(8387) - INFO - <BUILDID=N/A, WORKER=HW, WRKID=55, JOBID=1045> Model insert attempt failed with DUP_ENTRY: jobID=1045; paramsHash=2940a6ddb09849f6fe3e5daaa506b1b0 OR particleHash=72c22193af341213e009d570b85a4617; IntegrityError(1062, u"Duplicate entry '1045-)@\\xA6\\xDD\\xB0\\x98I\\xF6\\xFE>]\\xAA\\xA5\\x06\\xB1\\xB0' for key 'job_id'")
2015-07-18 07:33:53,736 - com.numenta.nupic.swarming.HypersearchWorker(8387) - INFO - <BUILDID=N/A, WORKER=HW, WRKID=55, JOBID=1045> Adding model 4510 to our internal DB because modelInsertAndStart() failed to insert it: paramsHash=2940a6ddb09849f6fe3e5daaa506b1b0, particleHash=9f27422d9094be9ebd0d4da5137d400f, particleId='52.10.0'
2015-07-18 07:33:53,739 - com.numenta.nupic.database.ClientJobsDAO.ClientJobsDAO(8387) - INFO - <BUILDID=N/A, WORKER=HW, WRKID=55, JOBID=1045> Model insert attempt failed with DUP_ENTRY: jobID=1045; paramsHash=2940a6ddb09849f6fe3e5daaa506b1b0 OR particleHash=4254dc8f06c34951260c93c6705e6918; IntegrityError(1062, u"Duplicate entry '1045-)@\\xA6\\xDD\\xB0\\x98I\\xF6\\xFE>]\\xAA\\xA5\\x06\\xB1\\xB0' for key 'job_id'")
2015-07-18 07:33:53,763 - com.numenta.nupic.swarming.HypersearchWorker(8387) - INFO - <BUILDID=N/A, WORKER=HW, WRKID=55, JOBID=1045> Adding model 4510 to our internal DB because modelInsertAndStart() failed to insert it: paramsHash=2940a6ddb09849f6fe3e5daaa506b1b0, particleHash=9f27422d9094be9ebd0d4da5137d400f, particleId='52.10.0'
2015-07-18 07:33:53,771 - com.numenta.nupic.database.ClientJobsDAO.ClientJobsDAO(8387) - INFO - <BUILDID=N/A, WORKER=HW, WRKID=55, JOBID=1045> Model insert attempt failed with DUP_ENTRY: jobID=1045; paramsHash=2940a6ddb09849f6fe3e5daaa506b1b0 OR particleHash=355b54479906a7b3fcce11d7a336a3b8; IntegrityError(1062, u"Duplicate entry '1045-)@\\xA6\\xDD\\xB0\\x98I\\xF6\\xFE>]\\xAA\\xA5\\x06\\xB1\\xB0' for key 'job_id'")
2015-07-18 07:33:53,795 - com.numenta.nupic.swarming.HypersearchWorker(8387) - INFO - <BUILDID=N/A, WORKER=HW, WRKID=55, JOBID=1045> Adding model 4510 to our internal DB because modelInsertAndStart() failed to insert it: paramsHash=2940a6ddb09849f6fe3e5daaa506b1b0, particleHash=9f27422d9094be9ebd0d4da5137d400f, particleId='52.10.0'
2015-07-18 07:33:54,235 - com.numenta.nupic.swarming.HypersearchWorker(8387) - INFO - <BUILDID=N/A, WORKER=HW, WRKID=55, JOBID=1045> RUNNING MODEL GID=4521, paramsHash=482f34205c198d0c9f360da714e0071f, params={'particleState': {'varStates': {u'modelParams|sensorParams|encoders|sec_since_rise:n': {'bestResult': None, 'position': 272, 'bestPosition': 272, '_position': 271.5, 'velocity': 99.8}, 'modelParams|clParams|alpha': {'bestResult': None, 'position': 0.050050000000000004, 'bestPosition': 0.050050000000000004, '_position': 0.050050000000000004, 'velocity': 0.01998}, 'modelParams|tpParams|minThreshold': {'bestResult': None, 'position': 11, 'bestPosition': 11, '_position': 10.5, 'velocity': 0.6}, 'modelParams|tpParams|activationThreshold': {'bestResult': None, 'position': 14, 'bestPosition': 14, '_position': 14.0, 'velocity': 0.8}, 'modelParams|tpParams|pamLength': {'bestResult': None, 'position': 3, 'bestPosition': 3, '_position': 3.0, 'velocity': 0.8}, 'modelParams|sensorParams|encoders|_classifierInput|n': {'bestResult': None, 'position': 275, 'bestPosition': 275, '_position': 274.5, 'velocity': 98.6}, 'modelParams|spParams|synPermInactiveDec': {'bestResult': None, 'position': 0.05015, 'bestPosition': 0.05015, '_position': 0.05015, 'velocity': 0.019940000000000003}}, 'genIdx': 0, 'swarmId': u'modelParams|sensorParams|encoders|sec_since_rise', 'id': '55.40'}, 'structuredParams': {'aggregationInfo': {'seconds': 0, 'fields': [], 'months': 0, 'days': 0, 'years': 0, 'hours': 0, 'microseconds': 0, 'weeks': 0, 'minutes': 0, 'milliseconds': 0}, 'modelParams': {'sensorParams': {'encoders': {'_classifierInput': {'maxval': 35.0, 'classifierOnly': True, 'minval': 10.0, 'clipInput': True, 'n': 275, 'fieldname': 'euse', 'w': 21, 'type': 'ScalarEncoder'}, u'humid': None, u'is_daylight': None, u'temp': None, u'sec_since_rise': {'maxval': 50000, 'name': 'sec_since_rise', 'clipInput': True, 'minval': 10.0, 'n': 272, 'fieldname': 'sec_since_rise', 'w': 21, 'type': 'ScalarEncoder'}, u'timestamp_dayOfWeek': None, u'timestamp_timeOfDay': None, u'euse': None, u'buildup': None, u'wind': None, u'timestamp_weekend': None}}, 'spParams': {'synPermInactiveDec': 0.05015}, 'tpParams': {'minThreshold': 11, 'activationThreshold': 14, 'pamLength': 3}, 'clParams': {'alpha': 0.050050000000000004}}}}
2015-07-18 07:33:54,254 - com.numenta.nupic.hypersearch.utils(8387) - INFO - <BUILDID=N/A, WORKER=HW, WRKID=55, JOBID=1045> Using experiment directory: /tmp/tmpNEYe3m
2015-07-18 08:28:52,103 - com.numenta.nupic.swarming.ModelRunner.OPFModelRunner(8387) - INFO - <BUILDID=N/A, WORKER=HW, WRKID=55, JOBID=1045> Finished: modelID=4521; 13982 records processed. Performing final activities
2015-07-18 08:28:52,161 - com.numenta.nupic.swarming.HypersearchWorker(8387) - INFO - <BUILDID=N/A, WORKER=HW, WRKID=55, JOBID=1045> COMPLETED MODEL GID=4521; EVALUATED 1 MODELs
2015-07-18 08:28:52,193 - com.numenta.nupic.swarming.HypersearchV2.HypersearchV2(8387) - INFO - <BUILDID=N/A, WORKER=HW, WRKID=55, JOBID=1045> New best model after 5 evaluations: errScore 59.595 on model 4478
2015-07-18 08:28:52,715 - com.numenta.nupic.swarming.HypersearchWorker(8387) - INFO - <BUILDID=N/A, WORKER=HW, WRKID=55, JOBID=1045> RUNNING MODEL GID=4623, paramsHash=e6c9ca858beffc1ad0b8e3f333c501ce, params={'particleState': {'varStates': {u'modelParams|sensorParams|encoders|timestamp_timeOfDay:radius': {'bestResult': None, 'position': 6.25, 'bestPosition': 6.25, '_position': 6.25, 'velocity': 2.3}, 'modelParams|clParams|alpha': {'bestResult': None, 'position': 0.050050000000000004, 'bestPosition': 0.050050000000000004, '_position': 0.050050000000000004, 'velocity': 0.01998}, 'modelParams|tpParams|minThreshold': {'bestResult': None, 'position': 11, 'bestPosition': 11, '_position': 10.5, 'velocity': 0.6}, 'modelParams|tpParams|activationThreshold': {'bestResult': None, 'position': 14, 'bestPosition': 14, '_position': 14.0, 'velocity': 0.8}, 'modelParams|tpParams|pamLength': {'bestResult': None, 'position': 3, 'bestPosition': 3, '_position': 3.0, 'velocity': 0.8}, 'modelParams|sensorParams|encoders|_classifierInput|n': {'bestResult': None, 'position': 275, 'bestPosition': 275, '_position': 274.5, 'velocity': 98.6}, 'modelParams|spParams|synPermInactiveDec': {'bestResult': None, 'position': 0.05015, 'bestPosition': 0.05015, '_position': 0.05015, 'velocity': 0.019940000000000003}}, 'genIdx': 0, 'swarmId': u'modelParams|sensorParams|encoders|timestamp_timeOfDay', 'id': '55.50'}, 'structuredParams': {'aggregationInfo': {'seconds': 0, 'fields': [], 'months': 0, 'days': 0, 'years': 0, 'hours': 0, 'microseconds': 0, 'weeks': 0, 'minutes': 0, 'milliseconds': 0}, 'modelParams': {'sensorParams': {'encoders': {'_classifierInput': {'maxval': 35.0, 'classifierOnly': True, 'minval': 10.0, 'clipInput': True, 'n': 275, 'fieldname': 'euse', 'w': 21, 'type': 'ScalarEncoder'}, u'humid': None, u'is_daylight': None, u'temp': None, u'sec_since_rise': None, u'timestamp_dayOfWeek': None, u'timestamp_timeOfDay': {'name': 'timestamp', 'fieldname': 'timestamp', 'timeOfDay': (21, 6.25), 'type': 'DateEncoder'}, u'euse': None, u'buildup': None, u'wind': None, u'timestamp_weekend': None}}, 'spParams': {'synPermInactiveDec': 0.05015}, 'tpParams': {'minThreshold': 11, 'activationThreshold': 14, 'pamLength': 3}, 'clParams': {'alpha': 0.050050000000000004}}}}
2015-07-18 08:28:52,729 - com.numenta.nupic.hypersearch.utils(8387) - INFO - <BUILDID=N/A, WORKER=HW, WRKID=55, JOBID=1045> Using experiment directory: /tmp/tmpM2ZCs3
