2014-11-23 14:34:25,255 - com.numenta.nupic.swarming.HypersearchWorker(25287) - INFO - <BUILDID=N/A, WORKER=HS, WRKID=N/A, JOBID=N/A> Launched with command line arguments: ['--jobID=1000']
2014-11-23 14:34:25,255 - com.numenta.nupic.swarming.HypersearchWorker(25287) - INFO - <BUILDID=N/A, WORKER=HS, WRKID=N/A, JOBID=N/A> Connecting to the jobs database
2014-11-23 14:34:25,255 - com.numenta.nupic.database.Connection.ConnectionFactory(25287) - INFO - <BUILDID=N/A, WORKER=HS, WRKID=N/A, JOBID=N/A> Creating db connection policy via provider <bound method type._createDefaultPolicy of <class 'nupic.database.Connection.ConnectionFactory'>>
2014-11-23 14:34:25,273 - com.numenta.nupic.database.Connection.PooledConnectionPolicy(25287) - INFO - <BUILDID=N/A, WORKER=HS, WRKID=N/A, JOBID=N/A> Created PooledConnectionPolicy
2014-11-23 14:34:25,289 - com.numenta.nupic.database.ClientJobsDAO.ClientJobsDAO(25287) - INFO - <BUILDID=N/A, WORKER=HS, WRKID=N/A, JOBID=N/A> clientJobsConnectionID=45
2014-11-23 14:34:25,298 - com.numenta.nupic.swarming.HypersearchWorker(25287) - INFO - <BUILDID=N/A, WORKER=HW, WRKID=45, JOBID=1000> Job info retrieved: {'engModelMilestones': 'None', 'clientInfo': '', 'numFailedWorkers': '0', 'engJobType': 'hypersearch', 'results': 'None', 'jobId': '1000', 'completionMsg': 'None', 'cancel': '0', 'engWorkerState': 'None', 'workerCompletionMsg': 'None', 'jobHash': "\xe0R\xba\xe5s`\x11\xe4\xa7q\x08\x00'\x16\xdf\xd4", 'genBaseDescription': 'None', 'completionReason': 'None', 'priority': '0', 'cmdLine': '$HYPERSEARCH', 'params': '{"hsVersion": "v2", "maxModels": null, "persistentJobGUID": "e05...', 'workerCompletionReason': 'success', 'engAllocateNewWorkers': '1', 'lastFailedWorkerErrorMsg': 'None', 'engUntendedDeadWorkers': '0', 'engLastUpdateTime': '2014-11-23 22:34:24', 'status': 'notStarted', 'engStatus': 'None', 'startTime': 'None', 'minimumWorkers': '1', 'endTime': 'None', 'engCjmConnId': 'None', 'genPermutations': 'None', 'client': 'GRP', 'engCleaningStatus': 'notdone', 'clientKey': '', 'maximumWorkers': '4'}
2014-11-23 14:34:25,302 - com.numenta.nupic.swarming.HypersearchV2.HypersearchV2(25287) - INFO - <BUILDID=N/A, WORKER=HW, WRKID=45, JOBID=1000> searchParams: 
{u'description': {u'includedFields': [{u'fieldName': 'timestamp',
                                       u'fieldType': 'datetime'},
                                      {u'fieldName': 'kw_energy_consumption',
                                       u'fieldType': 'float',
                                       u'maxValue': '53.0',
                                       u'minValue': '0.0'}],
                  u'inferenceArgs': {u'predictedField': 'kw_energy_consumption',
                                     u'predictionSteps': ['1']},
                  u'inferenceType': 'TemporalMultiStep',
                  u'iterationCount': '-1',
                  u'streamDef': {u'info': 'kw_energy_consumption',
                                 u'streams': [{u'columns': ['*'],
                                               u'info': 'Rec Center',
                                               u'source': 'file://rec-center-hourly.csv'}],
                                 u'version': '1'},
                  u'swarmSize': 'medium'},
 u'hsVersion': 'v2',
 u'maxModels': 'None',
 u'persistentJobGUID': 'e052bae4-7360-11e4-a771-08002716dfd4',
 u'useTerminators': 'False'}
2014-11-23 14:34:28,907 - com.numenta.nupic.swarming.HypersearchV2.HypersearchV2(25287) - INFO - <BUILDID=N/A, WORKER=HW, WRKID=45, JOBID=1000> Active swarms changed to [u'modelParams|sensorParams|encoders|kw_energy_consumption', u'modelParams|sensorParams|encoders|timestamp_dayOfWeek', u'modelParams|sensorParams|encoders|timestamp_timeOfDay', u'modelParams|sensorParams|encoders|timestamp_weekend'] (from None)
2014-11-23 14:34:29,092 - com.numenta.nupic.swarming.HypersearchWorker(25287) - INFO - <BUILDID=N/A, WORKER=HW, WRKID=45, JOBID=1000> RUNNING MODEL GID=1000, paramsHash=18aff967f44add9fb1aca540bb70fe48, params={'particleState': {'varStates': {'modelParams|clParams|alpha': {'bestResult': None, 'position': 0.050050000000000004, 'bestPosition': 0.050050000000000004, '_position': 0.050050000000000004, 'velocity': 0.01998}, 'modelParams|tpParams|minThreshold': {'bestResult': None, 'position': 11, 'bestPosition': 11, '_position': 10.5, 'velocity': 0.6}, 'modelParams|tpParams|activationThreshold': {'bestResult': None, 'position': 14, 'bestPosition': 14, '_position': 14.0, 'velocity': 0.8}, 'modelParams|tpParams|pamLength': {'bestResult': None, 'position': 3, 'bestPosition': 3, '_position': 3.0, 'velocity': 0.8}, u'modelParams|sensorParams|encoders|kw_energy_consumption:n': {'bestResult': None, 'position': 272, 'bestPosition': 272, '_position': 271.5, 'velocity': 99.8}, 'modelParams|sensorParams|encoders|_classifierInput|n': {'bestResult': None, 'position': 275, 'bestPosition': 275, '_position': 274.5, 'velocity': 98.6}, 'modelParams|spParams|synPermInactiveDec': {'bestResult': None, 'position': 0.05015, 'bestPosition': 0.05015, '_position': 0.05015, 'velocity': 0.019940000000000003}}, 'genIdx': 0, 'swarmId': u'modelParams|sensorParams|encoders|kw_energy_consumption', 'id': '45.0'}, 'structuredParams': {'aggregationInfo': {'seconds': 0, 'fields': [], 'months': 0, 'days': 0, 'years': 0, 'hours': 0, 'microseconds': 0, 'weeks': 0, 'minutes': 0, 'milliseconds': 0}, 'modelParams': {'sensorParams': {'encoders': {'_classifierInput': {'maxval': 53.0, 'classifierOnly': True, 'minval': 0.0, 'clipInput': True, 'n': 275, 'fieldname': 'kw_energy_consumption', 'w': 21, 'type': 'ScalarEncoder'}, u'timestamp_timeOfDay': None, u'timestamp_dayOfWeek': None, u'kw_energy_consumption': {'maxval': 53.0, 'name': 'kw_energy_consumption', 'clipInput': True, 'minval': 0.0, 'n': 272, 'fieldname': 'kw_energy_consumption', 'w': 21, 'type': 'ScalarEncoder'}, u'timestamp_weekend': None}}, 'spParams': {'synPermInactiveDec': 0.05015}, 'tpParams': {'minThreshold': 11, 'activationThreshold': 14, 'pamLength': 3}, 'clParams': {'alpha': 0.050050000000000004}}}}
2014-11-23 14:34:29,125 - com.numenta.nupic.hypersearch.utils(25287) - INFO - <BUILDID=N/A, WORKER=HW, WRKID=45, JOBID=1000> Using experiment directory: /tmp/tmp9miXH0
2014-11-23 14:40:10,228 - com.numenta.nupic.swarming.ModelRunner.OPFModelRunner(25287) - INFO - <BUILDID=N/A, WORKER=HW, WRKID=45, JOBID=1000> Finished: modelID=1000; 4391 records processed. Performing final activities
2014-11-23 14:40:10,247 - com.numenta.nupic.swarming.HypersearchWorker(25287) - INFO - <BUILDID=N/A, WORKER=HW, WRKID=45, JOBID=1000> COMPLETED MODEL GID=1000; EVALUATED 1 MODELs
2014-11-23 14:40:10,251 - com.numenta.nupic.swarming.HypersearchV2.HypersearchV2(25287) - INFO - <BUILDID=N/A, WORKER=HW, WRKID=45, JOBID=1000> New best model after 1 evaluations: errScore 29.3324 on model 1000
2014-11-23 14:40:10,251 - com.numenta.nupic.swarming.HypersearchV2.HypersearchV2(25287) - INFO - <BUILDID=N/A, WORKER=HW, WRKID=45, JOBID=1000> New best model after 2 evaluations: errScore 24.7211 on model 1012
2014-11-23 14:40:10,363 - com.numenta.nupic.swarming.HypersearchWorker(25287) - INFO - <BUILDID=N/A, WORKER=HW, WRKID=45, JOBID=1000> RUNNING MODEL GID=1029, paramsHash=9cdc22c08d402620bc41a1d29761b729, params={'particleState': {'varStates': {'modelParams|clParams|alpha': {'bestResult': None, 'position': 0.10000000000000001, 'bestPosition': 0.10000000000000001, '_position': 0.10000000000000001, 'velocity': -0.01998}, 'modelParams|tpParams|minThreshold': {'bestResult': None, 'position': 12, 'bestPosition': 12, '_position': 12.0, 'velocity': 0.6}, 'modelParams|tpParams|activationThreshold': {'bestResult': None, 'position': 16, 'bestPosition': 16, '_position': 16.0, 'velocity': -0.8}, 'modelParams|tpParams|pamLength': {'bestResult': None, 'position': 5, 'bestPosition': 5, '_position': 5.0, 'velocity': -0.8}, u'modelParams|sensorParams|encoders|timestamp_dayOfWeek:radius': {'bestResult': None, 'position': 6.0, 'bestPosition': 6.0, '_position': 6.0, 'velocity': 1.0}, 'modelParams|sensorParams|encoders|_classifierInput|n': {'bestResult': None, 'position': 521, 'bestPosition': 521, '_position': 521.0, 'velocity': -98.6}, 'modelParams|spParams|synPermInactiveDec': {'bestResult': None, 'position': 0.00029999999999999997, 'bestPosition': 0.00029999999999999997, '_position': 0.00029999999999999997, 'velocity': 0.019940000000000003}}, 'genIdx': 0, 'swarmId': u'modelParams|sensorParams|encoders|timestamp_dayOfWeek', 'id': '45.10'}, 'structuredParams': {'aggregationInfo': {'seconds': 0, 'fields': [], 'months': 0, 'days': 0, 'years': 0, 'hours': 0, 'microseconds': 0, 'weeks': 0, 'minutes': 0, 'milliseconds': 0}, 'modelParams': {'sensorParams': {'encoders': {'_classifierInput': {'maxval': 53.0, 'classifierOnly': True, 'minval': 0.0, 'clipInput': True, 'n': 521, 'fieldname': 'kw_energy_consumption', 'w': 21, 'type': 'ScalarEncoder'}, u'timestamp_timeOfDay': None, u'timestamp_dayOfWeek': {'dayOfWeek': (21, 6.0), 'name': 'timestamp', 'fieldname': 'timestamp', 'type': 'DateEncoder'}, u'kw_energy_consumption': None, u'timestamp_weekend': None}}, 'spParams': {'synPermInactiveDec': 0.00029999999999999997}, 'tpParams': {'minThreshold': 12, 'activationThreshold': 16, 'pamLength': 5}, 'clParams': {'alpha': 0.10000000000000001}}}}
2014-11-23 14:40:10,365 - com.numenta.nupic.hypersearch.utils(25287) - INFO - <BUILDID=N/A, WORKER=HW, WRKID=45, JOBID=1000> Using experiment directory: /tmp/tmpqCo4t4
2014-11-23 14:42:26,664 - com.numenta.nupic.swarming.ModelRunner.OPFModelRunner(25287) - INFO - <BUILDID=N/A, WORKER=HW, WRKID=45, JOBID=1000> Finished: modelID=1029; 1539 records processed. Performing final activities
2014-11-23 14:42:26,678 - com.numenta.nupic.swarming.HypersearchWorker(25287) - INFO - <BUILDID=N/A, WORKER=HW, WRKID=45, JOBID=1000> COMPLETED MODEL GID=1029; EVALUATED 2 MODELs
2014-11-23 14:42:26,827 - com.numenta.nupic.swarming.HypersearchWorker(25287) - INFO - <BUILDID=N/A, WORKER=HW, WRKID=45, JOBID=1000> RUNNING MODEL GID=1032, paramsHash=eb62e8a338a91b42c626d01b48c5e10a, params={'particleState': {'varStates': {'modelParams|clParams|alpha': {'bestResult': None, 'position': 0.025075000000000004, 'bestPosition': 0.025075000000000004, '_position': 0.025075000000000004, 'velocity': -0.01998}, 'modelParams|tpParams|minThreshold': {'bestResult': None, 'position': 10, 'bestPosition': 10, '_position': 10.0, 'velocity': -0.6}, 'modelParams|tpParams|activationThreshold': {'bestResult': None, 'position': 13, 'bestPosition': 13, '_position': 13.000000000000002, 'velocity': 0.8}, 'modelParams|tpParams|pamLength': {'bestResult': None, 'position': 2, 'bestPosition': 2, '_position': 1.9999999999999998, 'velocity': 0.8}, u'modelParams|sensorParams|encoders|kw_energy_consumption:n': {'bestResult': None, 'position': 147, 'bestPosition': 147, '_position': 146.75, 'velocity': -99.8}, 'modelParams|sensorParams|encoders|_classifierInput|n': {'bestResult': None, 'position': 151, 'bestPosition': 151, '_position': 151.25000000000003, 'velocity': -98.6}, 'modelParams|spParams|synPermInactiveDec': {'bestResult': None, 'position': 0.075075000000000003, 'bestPosition': 0.075075000000000003, '_position': 0.075075000000000003, 'velocity': -0.019940000000000003}}, 'genIdx': 0, 'swarmId': u'modelParams|sensorParams|encoders|kw_energy_consumption', 'id': '45.20'}, 'structuredParams': {'aggregationInfo': {'seconds': 0, 'fields': [], 'months': 0, 'days': 0, 'years': 0, 'hours': 0, 'microseconds': 0, 'weeks': 0, 'minutes': 0, 'milliseconds': 0}, 'modelParams': {'sensorParams': {'encoders': {'_classifierInput': {'maxval': 53.0, 'classifierOnly': True, 'minval': 0.0, 'clipInput': True, 'n': 151, 'fieldname': 'kw_energy_consumption', 'w': 21, 'type': 'ScalarEncoder'}, u'timestamp_timeOfDay': None, u'timestamp_dayOfWeek': None, u'kw_energy_consumption': {'maxval': 53.0, 'name': 'kw_energy_consumption', 'clipInput': True, 'minval': 0.0, 'n': 147, 'fieldname': 'kw_energy_consumption', 'w': 21, 'type': 'ScalarEncoder'}, u'timestamp_weekend': None}}, 'spParams': {'synPermInactiveDec': 0.075075000000000003}, 'tpParams': {'minThreshold': 10, 'activationThreshold': 13, 'pamLength': 2}, 'clParams': {'alpha': 0.025075000000000004}}}}
2014-11-23 14:42:26,828 - com.numenta.nupic.hypersearch.utils(25287) - INFO - <BUILDID=N/A, WORKER=HW, WRKID=45, JOBID=1000> Using experiment directory: /tmp/tmpJV36LN
2014-11-23 14:47:15,917 - com.numenta.nupic.swarming.ModelRunner.OPFModelRunner(25287) - INFO - <BUILDID=N/A, WORKER=HW, WRKID=45, JOBID=1000> Finished: modelID=1032; 4391 records processed. Performing final activities
2014-11-23 14:47:15,930 - com.numenta.nupic.swarming.HypersearchWorker(25287) - INFO - <BUILDID=N/A, WORKER=HW, WRKID=45, JOBID=1000> COMPLETED MODEL GID=1032; EVALUATED 3 MODELs
2014-11-23 14:47:15,932 - com.numenta.nupic.swarming.HypersearchV2.HypersearchV2(25287) - INFO - <BUILDID=N/A, WORKER=HW, WRKID=45, JOBID=1000> New best model after 13 evaluations: errScore 21.4316 on model 1030
2014-11-23 14:47:16,050 - com.numenta.nupic.swarming.HypersearchWorker(25287) - INFO - <BUILDID=N/A, WORKER=HW, WRKID=45, JOBID=1000> RUNNING MODEL GID=1049, paramsHash=05f369cf2037a39aec9be597bcb6b4ae, params={'particleState': {'varStates': {'modelParams|clParams|alpha': {'bestResult': None, 'position': 0.075025000000000008, 'bestPosition': 0.075025000000000008, '_position': 0.075025000000000008, 'velocity': -0.01998}, 'modelParams|tpParams|minThreshold': {'bestResult': None, 'position': 11, 'bestPosition': 11, '_position': 10.5, 'velocity': -0.6}, 'modelParams|tpParams|activationThreshold': {'bestResult': None, 'position': 15, 'bestPosition': 15, '_position': 15.0, 'velocity': -0.8}, 'modelParams|tpParams|pamLength': {'bestResult': None, 'position': 4, 'bestPosition': 4, '_position': 4.0, 'velocity': -0.8}, u'modelParams|sensorParams|encoders|timestamp_dayOfWeek:radius': {'bestResult': None, 'position': 2.25, 'bestPosition': 2.25, '_position': 2.25, 'velocity': 1.0}, 'modelParams|sensorParams|encoders|_classifierInput|n': {'bestResult': None, 'position': 398, 'bestPosition': 398, '_position': 397.75, 'velocity': -98.6}, 'modelParams|spParams|synPermInactiveDec': {'bestResult': None, 'position': 0.025225000000000004, 'bestPosition': 0.025225000000000004, '_position': 0.025225000000000004, 'velocity': -0.019940000000000003}}, 'genIdx': 0, 'swarmId': u'modelParams|sensorParams|encoders|timestamp_dayOfWeek', 'id': '45.30'}, 'structuredParams': {'aggregationInfo': {'seconds': 0, 'fields': [], 'months': 0, 'days': 0, 'years': 0, 'hours': 0, 'microseconds': 0, 'weeks': 0, 'minutes': 0, 'milliseconds': 0}, 'modelParams': {'sensorParams': {'encoders': {'_classifierInput': {'maxval': 53.0, 'classifierOnly': True, 'minval': 0.0, 'clipInput': True, 'n': 398, 'fieldname': 'kw_energy_consumption', 'w': 21, 'type': 'ScalarEncoder'}, u'timestamp_timeOfDay': None, u'timestamp_dayOfWeek': {'dayOfWeek': (21, 2.25), 'name': 'timestamp', 'fieldname': 'timestamp', 'type': 'DateEncoder'}, u'kw_energy_consumption': None, u'timestamp_weekend': None}}, 'spParams': {'synPermInactiveDec': 0.025225000000000004}, 'tpParams': {'minThreshold': 11, 'activationThreshold': 15, 'pamLength': 4}, 'clParams': {'alpha': 0.075025000000000008}}}}
2014-11-23 14:47:16,051 - com.numenta.nupic.hypersearch.utils(25287) - INFO - <BUILDID=N/A, WORKER=HW, WRKID=45, JOBID=1000> Using experiment directory: /tmp/tmph2vVAV
2014-11-23 14:50:26,628 - com.numenta.nupic.swarming.ModelRunner.OPFModelRunner(25287) - INFO - <BUILDID=N/A, WORKER=HW, WRKID=45, JOBID=1000> Finished: modelID=1049; 4391 records processed. Performing final activities
2014-11-23 14:50:26,664 - com.numenta.nupic.swarming.HypersearchWorker(25287) - INFO - <BUILDID=N/A, WORKER=HW, WRKID=45, JOBID=1000> COMPLETED MODEL GID=1049; EVALUATED 4 MODELs
2014-11-23 14:50:26,683 - com.numenta.nupic.swarming.HypersearchV2.HypersearchV2(25287) - INFO - <BUILDID=N/A, WORKER=HW, WRKID=45, JOBID=1000> Completed generation #0 of swarm 'modelParams|sensorParams|encoders|timestamp_dayOfWeek' with a best errScore of 54.9047
2014-11-23 14:50:26,836 - com.numenta.nupic.swarming.HypersearchWorker(25287) - INFO - <BUILDID=N/A, WORKER=HW, WRKID=45, JOBID=1000> RUNNING MODEL GID=1052, paramsHash=9ba3d1ab47aea7921e285920ad3ef51e, params={'particleState': {'varStates': {'modelParams|clParams|alpha': {'bestResult': 29.332449658495552, 'position': 0.09550471488934889, 'bestPosition': 0.050050000000000004, '_position': 0.09550471488934889, 'velocity': 0.045454714889348886}, 'modelParams|tpParams|minThreshold': {'bestResult': 29.332449658495552, 'position': 12, 'bestPosition': 11, '_position': 11.53928429525953, 'velocity': 1.0392842952595291}, 'modelParams|tpParams|activationThreshold': {'bestResult': 29.332449658495552, 'position': 16, 'bestPosition': 14, '_position': 16, 'velocity': 2.341359589938329}, 'modelParams|tpParams|pamLength': {'bestResult': 29.332449658495552, 'position': 5, 'bestPosition': 3, '_position': 4.869551066103533, 'velocity': 1.869551066103533}, u'modelParams|sensorParams|encoders|kw_energy_consumption:n': {'bestResult': 29.332449658495552, 'position': 499, 'bestPosition': 272, '_position': 498.6178030560318, 'velocity': 227.1178030560318}, 'modelParams|sensorParams|encoders|_classifierInput|n': {'bestResult': 29.332449658495552, 'position': 521, 'bestPosition': 275, '_position': 521, 'velocity': 271.17696034937086}, 'modelParams|spParams|synPermInactiveDec': {'bestResult': 29.332449658495552, 'position': 0.01129017724530823, 'bestPosition': 0.05015, '_position': 0.01129017724530823, 'velocity': -0.03885982275469177}}, 'genIdx': 1, 'swarmId': u'modelParams|sensorParams|encoders|kw_energy_consumption', 'id': '45.0'}, 'structuredParams': {'aggregationInfo': {'seconds': 0, 'fields': [], 'months': 0, 'days': 0, 'years': 0, 'hours': 0, 'microseconds': 0, 'weeks': 0, 'minutes': 0, 'milliseconds': 0}, 'modelParams': {'sensorParams': {'encoders': {'_classifierInput': {'maxval': 53.0, 'classifierOnly': True, 'minval': 0.0, 'clipInput': True, 'n': 521, 'fieldname': 'kw_energy_consumption', 'w': 21, 'type': 'ScalarEncoder'}, u'timestamp_timeOfDay': None, u'timestamp_dayOfWeek': None, u'kw_energy_consumption': {'maxval': 53.0, 'name': 'kw_energy_consumption', 'clipInput': True, 'minval': 0.0, 'n': 499, 'fieldname': 'kw_energy_consumption', 'w': 21, 'type': 'ScalarEncoder'}, u'timestamp_weekend': None}}, 'spParams': {'synPermInactiveDec': 0.01129017724530823}, 'tpParams': {'minThreshold': 12, 'activationThreshold': 16, 'pamLength': 5}, 'clParams': {'alpha': 0.09550471488934889}}}}
2014-11-23 14:50:26,837 - com.numenta.nupic.hypersearch.utils(25287) - INFO - <BUILDID=N/A, WORKER=HW, WRKID=45, JOBID=1000> Using experiment directory: /tmp/tmpi39stu
2014-11-23 14:58:24,421 - com.numenta.nupic.swarming.ModelRunner.OPFModelRunner(25287) - INFO - <BUILDID=N/A, WORKER=HW, WRKID=45, JOBID=1000> Finished: modelID=1052; 4391 records processed. Performing final activities
2014-11-23 14:58:24,434 - com.numenta.nupic.swarming.HypersearchWorker(25287) - INFO - <BUILDID=N/A, WORKER=HW, WRKID=45, JOBID=1000> COMPLETED MODEL GID=1052; EVALUATED 5 MODELs
2014-11-23 14:58:24,449 - com.numenta.nupic.swarming.HypersearchV2.HypersearchV2(25287) - INFO - <BUILDID=N/A, WORKER=HW, WRKID=45, JOBID=1000> Completed generation #0 of swarm 'modelParams|sensorParams|encoders|kw_energy_consumption' with a best errScore of 26.5486
2014-11-23 14:58:24,451 - com.numenta.nupic.swarming.HypersearchV2.HypersearchV2(25287) - INFO - <BUILDID=N/A, WORKER=HW, WRKID=45, JOBID=1000> Completed generation #0 of swarm 'modelParams|sensorParams|encoders|timestamp_timeOfDay' with a best errScore of 21.4316
2014-11-23 14:58:24,454 - com.numenta.nupic.swarming.HypersearchV2.HypersearchV2(25287) - INFO - <BUILDID=N/A, WORKER=HW, WRKID=45, JOBID=1000> Completed generation #0 of swarm 'modelParams|sensorParams|encoders|timestamp_weekend' with a best errScore of 47.7847
2014-11-23 14:58:24,552 - com.numenta.nupic.swarming.HypersearchWorker(25287) - INFO - <BUILDID=N/A, WORKER=HW, WRKID=45, JOBID=1000> RUNNING MODEL GID=1060, paramsHash=54465af2dd242362f5f50386f1a28b80, params={'particleState': {'varStates': {'modelParams|clParams|alpha': {'bestResult': 26.54862872732117, 'position': 0.095005, 'bestPosition': 0.1, '_position': 0.095005, 'velocity': -0.004995}, 'modelParams|tpParams|minThreshold': {'bestResult': 26.54862872732117, 'position': 12, 'bestPosition': 12, '_position': 12, 'velocity': 0.15}, 'modelParams|tpParams|activationThreshold': {'bestResult': 26.54862872732117, 'position': 16, 'bestPosition': 16, '_position': 15.8, 'velocity': -0.2}, 'modelParams|tpParams|pamLength': {'bestResult': 26.54862872732117, 'position': 5, 'bestPosition': 5, '_position': 4.8, 'velocity': -0.2}, u'modelParams|sensorParams|encoders|kw_energy_consumption:n': {'bestResult': 26.54862872732117, 'position': 521, 'bestPosition': 521, '_position': 521, 'velocity': 24.95}, 'modelParams|sensorParams|encoders|_classifierInput|n': {'bestResult': 26.54862872732117, 'position': 521, 'bestPosition': 521, '_position': 521, 'velocity': 24.65}, 'modelParams|spParams|synPermInactiveDec': {'bestResult': 26.54862872732117, 'position': 0.005285000000000001, 'bestPosition': 0.0003, '_position': 0.005285000000000001, 'velocity': 0.004985000000000001}}, 'genIdx': 1, 'swarmId': u'modelParams|sensorParams|encoders|kw_energy_consumption', 'id': u'46.40'}, 'structuredParams': {'aggregationInfo': {'seconds': 0, 'fields': [], 'months': 0, 'days': 0, 'years': 0, 'hours': 0, 'microseconds': 0, 'weeks': 0, 'minutes': 0, 'milliseconds': 0}, 'modelParams': {'sensorParams': {'encoders': {'_classifierInput': {'maxval': 53.0, 'classifierOnly': True, 'minval': 0.0, 'clipInput': True, 'n': 521, 'fieldname': 'kw_energy_consumption', 'w': 21, 'type': 'ScalarEncoder'}, u'timestamp_timeOfDay': None, u'timestamp_dayOfWeek': None, u'kw_energy_consumption': {'maxval': 53.0, 'name': 'kw_energy_consumption', 'clipInput': True, 'minval': 0.0, 'n': 521, 'fieldname': 'kw_energy_consumption', 'w': 21, 'type': 'ScalarEncoder'}, u'timestamp_weekend': None}}, 'spParams': {'synPermInactiveDec': 0.005285000000000001}, 'tpParams': {'minThreshold': 12, 'activationThreshold': 16, 'pamLength': 5}, 'clParams': {'alpha': 0.095005}}}}
2014-11-23 14:58:24,553 - com.numenta.nupic.hypersearch.utils(25287) - INFO - <BUILDID=N/A, WORKER=HW, WRKID=45, JOBID=1000> Using experiment directory: /tmp/tmpEREH9E
2014-11-23 15:07:08,395 - com.numenta.nupic.swarming.ModelRunner.OPFModelRunner(25287) - INFO - <BUILDID=N/A, WORKER=HW, WRKID=45, JOBID=1000> Finished: modelID=1060; 4391 records processed. Performing final activities
2014-11-23 15:07:08,406 - com.numenta.nupic.swarming.HypersearchWorker(25287) - INFO - <BUILDID=N/A, WORKER=HW, WRKID=45, JOBID=1000> COMPLETED MODEL GID=1060; EVALUATED 6 MODELs
2014-11-23 15:07:08,462 - com.numenta.nupic.swarming.HypersearchWorker(25287) - INFO - <BUILDID=N/A, WORKER=HW, WRKID=45, JOBID=1000> RUNNING MODEL GID=1069, paramsHash=d3a85906cd64a43cd6f16bd3c0e8790c, params={'particleState': {'varStates': {'modelParams|clParams|alpha': {'bestResult': 61.205123993350796, 'position': 0.009340427665976675, 'bestPosition': 0.075025000000000008, '_position': 0.009340427665976675, 'velocity': -0.065684572334023333}, 'modelParams|tpParams|minThreshold': {'bestResult': 61.205123993350796, 'position': 9, 'bestPosition': 11, '_position': 9, 'velocity': -1.9285685905190582}, 'modelParams|tpParams|activationThreshold': {'bestResult': 61.205123993350796, 'position': 12, 'bestPosition': 15, '_position': 12, 'velocity': -3.4120393849074935}, 'modelParams|tpParams|pamLength': {'bestResult': 61.205123993350796, 'position': 1, 'bestPosition': 4, '_position': 1.2956734008447004, 'velocity': -2.7043265991552996}, u'modelParams|sensorParams|encoders|timestamp_dayOfWeek:radius': {'bestResult': 61.205123993350796, 'position': 1.4851013902809649, 'bestPosition': 2.25, '_position': 1.4851013902809649, 'velocity': -0.76489860971903512}, 'modelParams|sensorParams|encoders|_classifierInput|n': {'bestResult': 61.205123993350796, 'position': 28, 'bestPosition': 398, '_position': 28, 'velocity': -395.44258263929765}, 'modelParams|spParams|synPermInactiveDec': {'bestResult': 61.205123993350796, 'position': 0.086007234132037674, 'bestPosition': 0.025225000000000004, '_position': 0.086007234132037674, 'velocity': 0.060782234132037663}}, 'genIdx': 1, 'swarmId': u'modelParams|sensorParams|encoders|timestamp_dayOfWeek', 'id': '45.30'}, 'structuredParams': {'aggregationInfo': {'seconds': 0, 'fields': [], 'months': 0, 'days': 0, 'years': 0, 'hours': 0, 'microseconds': 0, 'weeks': 0, 'minutes': 0, 'milliseconds': 0}, 'modelParams': {'sensorParams': {'encoders': {'_classifierInput': {'maxval': 53.0, 'classifierOnly': True, 'minval': 0.0, 'clipInput': True, 'n': 28, 'fieldname': 'kw_energy_consumption', 'w': 21, 'type': 'ScalarEncoder'}, u'timestamp_timeOfDay': None, u'timestamp_dayOfWeek': {'dayOfWeek': (21, 1.4851013902809649), 'name': 'timestamp', 'fieldname': 'timestamp', 'type': 'DateEncoder'}, u'kw_energy_consumption': None, u'timestamp_weekend': None}}, 'spParams': {'synPermInactiveDec': 0.086007234132037674}, 'tpParams': {'minThreshold': 9, 'activationThreshold': 12, 'pamLength': 1}, 'clParams': {'alpha': 0.009340427665976675}}}}
2014-11-23 15:07:08,462 - com.numenta.nupic.hypersearch.utils(25287) - INFO - <BUILDID=N/A, WORKER=HW, WRKID=45, JOBID=1000> Using experiment directory: /tmp/tmpZnC0je
2014-11-23 15:08:10,656 - com.numenta.nupic.swarming.ModelRunner.OPFModelRunner(25287) - INFO - <BUILDID=N/A, WORKER=HW, WRKID=45, JOBID=1000> Finished: modelID=1069; 4391 records processed. Performing final activities
2014-11-23 15:08:10,668 - com.numenta.nupic.swarming.HypersearchWorker(25287) - INFO - <BUILDID=N/A, WORKER=HW, WRKID=45, JOBID=1000> COMPLETED MODEL GID=1069; EVALUATED 7 MODELs
2014-11-23 15:08:10,676 - com.numenta.nupic.swarming.HypersearchV2.HypersearchV2(25287) - INFO - <BUILDID=N/A, WORKER=HW, WRKID=45, JOBID=1000> Completed generation #1 of swarm 'modelParams|sensorParams|encoders|timestamp_dayOfWeek' with a best errScore of 52.8927
2014-11-23 15:08:10,730 - com.numenta.nupic.swarming.HypersearchWorker(25287) - INFO - <BUILDID=N/A, WORKER=HW, WRKID=45, JOBID=1000> RUNNING MODEL GID=1070, paramsHash=a8fcbe00409a7e7087a5704cf21e3416, params={'particleState': {'varStates': {'modelParams|clParams|alpha': {'bestResult': 29.218044761352484, 'position': 0.1, 'bestPosition': 0.09550471488934889, '_position': 0.1, 'velocity': 0.015004879001081552}, 'modelParams|tpParams|minThreshold': {'bestResult': 29.218044761352484, 'position': 12, 'bestPosition': 12, '_position': 11.799105369074411, 'velocity': 0.2598210738148823}, 'modelParams|tpParams|activationThreshold': {'bestResult': 29.218044761352484, 'position': 16, 'bestPosition': 16, '_position': 16, 'velocity': 0.5853398974845823}, 'modelParams|tpParams|pamLength': {'bestResult': 29.218044761352484, 'position': 5, 'bestPosition': 5, '_position': 5, 'velocity': 0.46738776652588326}, u'modelParams|sensorParams|encoders|kw_energy_consumption:n': {'bestResult': 29.218044761352484, 'position': 521, 'bestPosition': 499, '_position': 521, 'velocity': 74.64166629506296}, 'modelParams|sensorParams|encoders|_classifierInput|n': {'bestResult': 29.218044761352484, 'position': 521, 'bestPosition': 521, '_position': 521, 'velocity': 67.79424008734271}, 'modelParams|spParams|synPermInactiveDec': {'bestResult': 29.218044761352484, 'position': 0.0003, 'bestPosition': 0.01129017724530823, '_position': 0.0003, 'velocity': -0.019381201894554306}}, 'genIdx': 2, 'swarmId': u'modelParams|sensorParams|encoders|kw_energy_consumption', 'id': '45.0'}, 'structuredParams': {'aggregationInfo': {'seconds': 0, 'fields': [], 'months': 0, 'days': 0, 'years': 0, 'hours': 0, 'microseconds': 0, 'weeks': 0, 'minutes': 0, 'milliseconds': 0}, 'modelParams': {'sensorParams': {'encoders': {'_classifierInput': {'maxval': 53.0, 'classifierOnly': True, 'minval': 0.0, 'clipInput': True, 'n': 521, 'fieldname': 'kw_energy_consumption', 'w': 21, 'type': 'ScalarEncoder'}, u'timestamp_timeOfDay': None, u'timestamp_dayOfWeek': None, u'kw_energy_consumption': {'maxval': 53.0, 'name': 'kw_energy_consumption', 'clipInput': True, 'minval': 0.0, 'n': 521, 'fieldname': 'kw_energy_consumption', 'w': 21, 'type': 'ScalarEncoder'}, u'timestamp_weekend': None}}, 'spParams': {'synPermInactiveDec': 0.0003}, 'tpParams': {'minThreshold': 12, 'activationThreshold': 16, 'pamLength': 5}, 'clParams': {'alpha': 0.1}}}}
2014-11-23 15:08:10,730 - com.numenta.nupic.hypersearch.utils(25287) - INFO - <BUILDID=N/A, WORKER=HW, WRKID=45, JOBID=1000> Using experiment directory: /tmp/tmpJ25JwQ
2014-11-23 15:09:26,214 - com.numenta.nupic.database.ClientJobsDAO.ClientJobsDAO(25287) - WARNING - <BUILDID=N/A, WORKER=HW, WRKID=45, JOBID=1000> [] First failure in <function _getMatchingRowsWithRetries at 0x7f53a1feced8>; initial retry in 0.1 sec.; timeoutSec=300. Caller stack:
  File "/usr/lib/python2.7/runpy.py", line 162, in _run_module_as_main
    "__main__", fname, loader, pkg_name)
  File "/usr/lib/python2.7/runpy.py", line 72, in _run_code
    exec code in run_globals
  File "/home/pat/workspace/nupic/nupic/swarming/HypersearchWorker.py", line 609, in <module>
    main(sys.argv)
  File "/home/pat/workspace/nupic/nupic/swarming/HypersearchWorker.py", line 551, in main
    jobID = hst.run()
  File "/home/pat/workspace/nupic/nupic/swarming/HypersearchWorker.py", line 453, in run
    jobsDAO=cjDAO, modelCheckpointGUID=modelCheckpointGUID)
  File "/home/pat/workspace/nupic/nupic/swarming/HypersearchV2.py", line 3994, in runModel
    predictionCacheMaxRecords=self._predictionCacheMaxRecords)
  File "/home/pat/workspace/nupic/nupic/swarming/utils.py", line 430, in runModelGivenBaseAndParams
    (completionReason, completionMsg) = runner.run()
  File "/home/pat/workspace/nupic/nupic/swarming/ModelRunner.py", line 283, in run
    self.__runTaskMainLoop(numIters, learningOffAt=learningOffAt)
  File "/home/pat/workspace/nupic/nupic/swarming/ModelRunner.py", line 380, in __runTaskMainLoop
    self._periodic.tick()
  File "/home/pat/workspace/nupic/nupic/frameworks/opf/periodic.py", line 85, in tick
    act.cb()
  File "/home/pat/workspace/nupic/nupic/swarming/ModelRunner.py", line 896, in __checkCancelation
    jobCancel = self._jobsDAO.jobGetFields(self._jobID, ['cancel'])[0]
  File "/home/pat/workspace/nupic/nupic/support/decorators.py", line 59, in exceptionLoggingWrap
    return func(*args, **kwargs)
  File "/home/pat/workspace/nupic/nupic/database/ClientJobsDAO.py", line 2114, in jobGetFields
    return self.jobsGetFields([jobID], fields, requireAll=True)[0][1]
  File "/home/pat/workspace/nupic/nupic/support/decorators.py", line 59, in exceptionLoggingWrap
    return func(*args, **kwargs)
  File "/home/pat/workspace/nupic/nupic/database/ClientJobsDAO.py", line 2140, in jobsGetFields
    ['job_id'] + [self._jobs.pubToDBNameDict[x] for x in fields])
  File "/home/pat/workspace/nupic/nupic/support/decorators.py", line 241, in retryWrap
    timeoutSec, ''.join(traceback.format_stack()), exc_info=True)
Traceback (most recent call last):
  File "/home/pat/workspace/nupic/nupic/support/decorators.py", line 214, in retryWrap
    result = func(*args, **kwargs)
  File "/home/pat/workspace/nupic/nupic/database/ClientJobsDAO.py", line 1026, in _getMatchingRowsWithRetries
    selectFieldNames, maxRows)
  File "/home/pat/workspace/nupic/nupic/database/ClientJobsDAO.py", line 1003, in _getMatchingRowsNoRetries
    conn.cursor.execute(query, sqlParams)
  File "/home/pat/.envs/nupic/local/lib/python2.7/site-packages/DBUtils/SteadyDB.py", line 631, in tough_method
    raise error # reraise the original error again
OperationalError: (2006, "MySQL server has gone away (error(32, 'Broken pipe'))")
