2015-06-30 09:38:56,232 - com.numenta.nupic.swarming.HypersearchWorker(5992) - INFO - <BUILDID=N/A, WORKER=HS, WRKID=N/A, JOBID=N/A> Launched with command line arguments: ['--jobID=1032']
2015-06-30 09:38:56,232 - com.numenta.nupic.swarming.HypersearchWorker(5992) - INFO - <BUILDID=N/A, WORKER=HS, WRKID=N/A, JOBID=N/A> Connecting to the jobs database
2015-06-30 09:38:56,232 - com.numenta.nupic.database.Connection.ConnectionFactory(5992) - INFO - <BUILDID=N/A, WORKER=HS, WRKID=N/A, JOBID=N/A> Creating db connection policy via provider <bound method type._createDefaultPolicy of <class 'nupic.database.Connection.ConnectionFactory'>>
2015-06-30 09:38:56,250 - com.numenta.nupic.database.Connection.PooledConnectionPolicy(5992) - INFO - <BUILDID=N/A, WORKER=HS, WRKID=N/A, JOBID=N/A> Created PooledConnectionPolicy
2015-06-30 09:38:56,257 - com.numenta.nupic.database.ClientJobsDAO.ClientJobsDAO(5992) - INFO - <BUILDID=N/A, WORKER=HS, WRKID=N/A, JOBID=N/A> clientJobsConnectionID=75
2015-06-30 09:38:56,259 - com.numenta.nupic.swarming.HypersearchWorker(5992) - INFO - <BUILDID=N/A, WORKER=HW, WRKID=75, JOBID=1032> Job info retrieved: {'engModelMilestones': 'None', 'clientInfo': '', 'numFailedWorkers': '0', 'engJobType': 'hypersearch', 'results': 'None', 'jobId': '1032', 'completionMsg': 'None', 'cancel': '0', 'engWorkerState': 'None', 'workerCompletionMsg': 'None', 'jobHash': "\x7f\xc0\x87\x97\x1fF\x11\xe5\x97X\x08\x00'\x16\xdf\xd4", 'genBaseDescription': 'None', 'completionReason': 'None', 'priority': '0', 'cmdLine': '$HYPERSEARCH', 'params': '{"hsVersion": "v2", "maxModels": null, "persistentJobGUID": "7fc...', 'workerCompletionReason': 'success', 'engAllocateNewWorkers': '1', 'lastFailedWorkerErrorMsg': 'None', 'engUntendedDeadWorkers': '0', 'engLastUpdateTime': '2015-06-30 16:38:55', 'status': 'notStarted', 'engStatus': 'None', 'startTime': 'None', 'minimumWorkers': '1', 'endTime': 'None', 'engCjmConnId': 'None', 'genPermutations': 'None', 'client': 'GRP', 'engCleaningStatus': 'notdone', 'clientKey': '', 'maximumWorkers': '4'}
2015-06-30 09:38:56,261 - com.numenta.nupic.swarming.HypersearchV2.HypersearchV2(5992) - INFO - <BUILDID=N/A, WORKER=HW, WRKID=75, JOBID=1032> searchParams: 
{u'description': {u'includedFields': [{u'fieldName': 'timestamp',
                                       u'fieldType': 'datetime'},
                                      {u'fieldName': 'euse',
                                       u'fieldType': 'float',
                                       u'maxValue': '35.0',
                                       u'minValue': '10.0'}],
                  u'inferenceArgs': {u'predictedField': 'euse',
                                     u'predictionSteps': ['4']},
                  u'inferenceType': 'TemporalMultiStep',
                  u'iterationCount': '-1',
                  u'streamDef': {u'info': 'kwh',
                                 u'streams': [{u'columns': ['timestamp',
                                                            'euse'],
                                               u'info': 'energy_only_252',
                                               u'source': 'file:///home/pat/workspace/pecan/house_data/252_data/252_clean_d...'}]},
                  u'swarmSize': 'small'},
 u'hsVersion': 'v2',
 u'maxModels': 'None',
 u'persistentJobGUID': '7fc08796-1f46-11e5-9758-08002716dfd4',
 u'useTerminators': 'False'}
2015-06-30 09:38:56,394 - com.numenta.nupic.swarming.HypersearchV2.HypersearchV2(5992) - INFO - <BUILDID=N/A, WORKER=HW, WRKID=75, JOBID=1032> Active swarms changed to [u'modelParams|sensorParams|encoders|euse'] (from None)
2015-06-30 09:38:56,460 - com.numenta.nupic.swarming.HypersearchWorker(5992) - INFO - <BUILDID=N/A, WORKER=HW, WRKID=75, JOBID=1032> RUNNING MODEL GID=3303, paramsHash=d21fa19f58f20e84b2c53adbd03c1fa0, params={'particleState': {'varStates': {u'modelParams|sensorParams|encoders|euse:n': {'bestResult': None, 'position': 272, 'bestPosition': 272, '_position': 271.5, 'velocity': 99.8}, 'modelParams|clParams|alpha': {'bestResult': None, 'position': 0.050050000000000004, 'bestPosition': 0.050050000000000004, '_position': 0.050050000000000004, 'velocity': 0.01998}, 'modelParams|tpParams|minThreshold': {'bestResult': None, 'position': 11, 'bestPosition': 11, '_position': 10.5, 'velocity': 0.6}, 'modelParams|tpParams|activationThreshold': {'bestResult': None, 'position': 14, 'bestPosition': 14, '_position': 14.0, 'velocity': 0.8}, 'modelParams|tpParams|pamLength': {'bestResult': None, 'position': 3, 'bestPosition': 3, '_position': 3.0, 'velocity': 0.8}, 'modelParams|sensorParams|encoders|_classifierInput|n': {'bestResult': None, 'position': 275, 'bestPosition': 275, '_position': 274.5, 'velocity': 98.6}, 'modelParams|spParams|synPermInactiveDec': {'bestResult': None, 'position': 0.05015, 'bestPosition': 0.05015, '_position': 0.05015, 'velocity': 0.019940000000000003}}, 'genIdx': 0, 'swarmId': u'modelParams|sensorParams|encoders|euse', 'id': '75.0'}, 'structuredParams': {'aggregationInfo': {'seconds': 0, 'fields': [], 'months': 0, 'days': 0, 'years': 0, 'hours': 0, 'microseconds': 0, 'weeks': 0, 'minutes': 0, 'milliseconds': 0}, 'modelParams': {'sensorParams': {'encoders': {'_classifierInput': {'maxval': 35.0, 'classifierOnly': True, 'minval': 10.0, 'clipInput': True, 'n': 275, 'fieldname': 'euse', 'w': 21, 'type': 'ScalarEncoder'}, u'timestamp_dayOfWeek': None, u'timestamp_timeOfDay': None, u'euse': {'maxval': 35.0, 'name': 'euse', 'clipInput': True, 'minval': 10.0, 'n': 272, 'fieldname': 'euse', 'w': 21, 'type': 'ScalarEncoder'}, u'timestamp_weekend': None}}, 'spParams': {'synPermInactiveDec': 0.05015}, 'tpParams': {'minThreshold': 11, 'activationThreshold': 14, 'pamLength': 3}, 'clParams': {'alpha': 0.050050000000000004}}}}
2015-06-30 09:38:56,464 - com.numenta.nupic.hypersearch.utils(5992) - INFO - <BUILDID=N/A, WORKER=HW, WRKID=75, JOBID=1032> Using experiment directory: /tmp/tmpfBUrjF
2015-06-30 09:38:56,531 - com.numenta.nupic.hypersearch.utils(5992) - ERROR - <BUILDID=N/A, WORKER=HW, WRKID=75, JOBID=1032> Exception occurred while running model 3303: Exception(u'Invalid file format for "/home/pat/workspace/pecan/house_data/252_data/252_clean_data.csv" - field type "2013-03-10 01:00:00" not one of (\'string\', \'datetime\', \'int\', \'float\', \'bool\', \'sdr\') ',) (<type 'exceptions.Exception'>)
Traceback (most recent call last):
  File "/home/pat/workspace/nupic/nupic/swarming/utils.py", line 430, in runModelGivenBaseAndParams
    (completionReason, completionMsg) = runner.run()
  File "/home/pat/workspace/nupic/nupic/swarming/ModelRunner.py", line 237, in run
    maxTimeout=readTimeout)
  File "/home/pat/workspace/nupic/nupic/data/stream_reader.py", line 210, in __init__
    self._openStream(dataUrl, isBlocking, maxTimeout, bookmark, firstRecordIdx)
  File "/home/pat/workspace/nupic/nupic/data/stream_reader.py", line 298, in _openStream
    firstRecord=firstRecordIdx)
  File "/home/pat/workspace/nupic/nupic/data/file_record_stream.py", line 209, in __init__
    'not one of %s ' % (self._filename, t, allowedTypes))
Exception: Invalid file format for "/home/pat/workspace/pecan/house_data/252_data/252_clean_data.csv" - field type "2013-03-10 01:00:00" not one of ('string', 'datetime', 'int', 'float', 'bool', 'sdr') 

2015-06-30 09:38:56,552 - com.numenta.nupic.swarming.HypersearchWorker(5992) - INFO - <BUILDID=N/A, WORKER=HW, WRKID=75, JOBID=1032> COMPLETED MODEL GID=3303; EVALUATED 1 MODELs
2015-06-30 09:38:56,690 - com.numenta.nupic.swarming.HypersearchWorker(5992) - INFO - <BUILDID=N/A, WORKER=HW, WRKID=75, JOBID=1032> RUNNING MODEL GID=3309, paramsHash=470fa2db3378c671ca629f7ece150617, params={'particleState': {'varStates': {u'modelParams|sensorParams|encoders|euse:n': {'bestResult': None, 'position': 22, 'bestPosition': 22, '_position': 22.0, 'velocity': -99.8}, 'modelParams|clParams|alpha': {'bestResult': None, 'position': 0.0001, 'bestPosition': 0.0001, '_position': 0.0001, 'velocity': 0.01998}, 'modelParams|tpParams|minThreshold': {'bestResult': None, 'position': 9, 'bestPosition': 9, '_position': 9.0, 'velocity': 0.6}, 'modelParams|tpParams|activationThreshold': {'bestResult': None, 'position': 12, 'bestPosition': 12, '_position': 12.0, 'velocity': -0.8}, 'modelParams|tpParams|pamLength': {'bestResult': None, 'position': 1, 'bestPosition': 1, '_position': 1.0, 'velocity': -0.8}, 'modelParams|sensorParams|encoders|_classifierInput|n': {'bestResult': None, 'position': 28, 'bestPosition': 28, '_position': 28.0, 'velocity': -98.6}, 'modelParams|spParams|synPermInactiveDec': {'bestResult': None, 'position': 0.10000000000000001, 'bestPosition': 0.10000000000000001, '_position': 0.10000000000000001, 'velocity': -0.019940000000000003}}, 'genIdx': 0, 'swarmId': u'modelParams|sensorParams|encoders|euse', 'id': '75.10'}, 'structuredParams': {'aggregationInfo': {'seconds': 0, 'fields': [], 'months': 0, 'days': 0, 'years': 0, 'hours': 0, 'microseconds': 0, 'weeks': 0, 'minutes': 0, 'milliseconds': 0}, 'modelParams': {'sensorParams': {'encoders': {'_classifierInput': {'maxval': 35.0, 'classifierOnly': True, 'minval': 10.0, 'clipInput': True, 'n': 28, 'fieldname': 'euse', 'w': 21, 'type': 'ScalarEncoder'}, u'timestamp_dayOfWeek': None, u'timestamp_timeOfDay': None, u'euse': {'maxval': 35.0, 'name': 'euse', 'clipInput': True, 'minval': 10.0, 'n': 22, 'fieldname': 'euse', 'w': 21, 'type': 'ScalarEncoder'}, u'timestamp_weekend': None}}, 'spParams': {'synPermInactiveDec': 0.10000000000000001}, 'tpParams': {'minThreshold': 9, 'activationThreshold': 12, 'pamLength': 1}, 'clParams': {'alpha': 0.0001}}}}
2015-06-30 09:38:56,690 - com.numenta.nupic.hypersearch.utils(5992) - INFO - <BUILDID=N/A, WORKER=HW, WRKID=75, JOBID=1032> Using experiment directory: /tmp/tmp5H53ef
2015-06-30 09:38:56,707 - com.numenta.nupic.hypersearch.utils(5992) - ERROR - <BUILDID=N/A, WORKER=HW, WRKID=75, JOBID=1032> Exception occurred while running model 3309: Exception(u'Invalid file format for "/home/pat/workspace/pecan/house_data/252_data/252_clean_data.csv" - field type "2013-03-10 01:00:00" not one of (\'string\', \'datetime\', \'int\', \'float\', \'bool\', \'sdr\') ',) (<type 'exceptions.Exception'>)
Traceback (most recent call last):
  File "/home/pat/workspace/nupic/nupic/swarming/utils.py", line 430, in runModelGivenBaseAndParams
    (completionReason, completionMsg) = runner.run()
  File "/home/pat/workspace/nupic/nupic/swarming/ModelRunner.py", line 237, in run
    maxTimeout=readTimeout)
  File "/home/pat/workspace/nupic/nupic/data/stream_reader.py", line 210, in __init__
    self._openStream(dataUrl, isBlocking, maxTimeout, bookmark, firstRecordIdx)
  File "/home/pat/workspace/nupic/nupic/data/stream_reader.py", line 298, in _openStream
    firstRecord=firstRecordIdx)
  File "/home/pat/workspace/nupic/nupic/data/file_record_stream.py", line 209, in __init__
    'not one of %s ' % (self._filename, t, allowedTypes))
Exception: Invalid file format for "/home/pat/workspace/pecan/house_data/252_data/252_clean_data.csv" - field type "2013-03-10 01:00:00" not one of ('string', 'datetime', 'int', 'float', 'bool', 'sdr') 

2015-06-30 09:38:56,713 - com.numenta.nupic.swarming.HypersearchWorker(5992) - INFO - <BUILDID=N/A, WORKER=HW, WRKID=75, JOBID=1032> COMPLETED MODEL GID=3309; EVALUATED 2 MODELs
2015-06-30 09:38:56,871 - com.numenta.nupic.swarming.HypersearchWorker(5992) - INFO - <BUILDID=N/A, WORKER=HW, WRKID=75, JOBID=1032> RUNNING MODEL GID=3321, paramsHash=f9dcf84e5259a6a9bcc2ece8abf45a22, params={'particleState': {'varStates': {u'modelParams|sensorParams|encoders|euse:n': {'bestResult': None, 'position': 521, 'bestPosition': 521, '_position': 521.0, 'velocity': -99.8}, 'modelParams|clParams|alpha': {'bestResult': None, 'position': 0.10000000000000001, 'bestPosition': 0.10000000000000001, '_position': 0.10000000000000001, 'velocity': 0.01998}, 'modelParams|tpParams|minThreshold': {'bestResult': None, 'position': 12, 'bestPosition': 12, '_position': 12.0, 'velocity': 0.6}, 'modelParams|tpParams|activationThreshold': {'bestResult': None, 'position': 16, 'bestPosition': 16, '_position': 16.0, 'velocity': -0.8}, 'modelParams|tpParams|pamLength': {'bestResult': None, 'position': 5, 'bestPosition': 5, '_position': 5.0, 'velocity': -0.8}, 'modelParams|sensorParams|encoders|_classifierInput|n': {'bestResult': None, 'position': 521, 'bestPosition': 521, '_position': 521.0, 'velocity': 98.6}, 'modelParams|spParams|synPermInactiveDec': {'bestResult': None, 'position': 0.00029999999999999997, 'bestPosition': 0.00029999999999999997, '_position': 0.00029999999999999997, 'velocity': 0.019940000000000003}}, 'genIdx': 0, 'swarmId': u'modelParams|sensorParams|encoders|euse', 'id': '75.20'}, 'structuredParams': {'aggregationInfo': {'seconds': 0, 'fields': [], 'months': 0, 'days': 0, 'years': 0, 'hours': 0, 'microseconds': 0, 'weeks': 0, 'minutes': 0, 'milliseconds': 0}, 'modelParams': {'sensorParams': {'encoders': {'_classifierInput': {'maxval': 35.0, 'classifierOnly': True, 'minval': 10.0, 'clipInput': True, 'n': 521, 'fieldname': 'euse', 'w': 21, 'type': 'ScalarEncoder'}, u'timestamp_dayOfWeek': None, u'timestamp_timeOfDay': None, u'euse': {'maxval': 35.0, 'name': 'euse', 'clipInput': True, 'minval': 10.0, 'n': 521, 'fieldname': 'euse', 'w': 21, 'type': 'ScalarEncoder'}, u'timestamp_weekend': None}}, 'spParams': {'synPermInactiveDec': 0.00029999999999999997}, 'tpParams': {'minThreshold': 12, 'activationThreshold': 16, 'pamLength': 5}, 'clParams': {'alpha': 0.10000000000000001}}}}
2015-06-30 09:38:56,873 - com.numenta.nupic.hypersearch.utils(5992) - INFO - <BUILDID=N/A, WORKER=HW, WRKID=75, JOBID=1032> Using experiment directory: /tmp/tmpfM1msj
2015-06-30 09:38:56,903 - com.numenta.nupic.hypersearch.utils(5992) - ERROR - <BUILDID=N/A, WORKER=HW, WRKID=75, JOBID=1032> Exception occurred while running model 3321: Exception(u'Invalid file format for "/home/pat/workspace/pecan/house_data/252_data/252_clean_data.csv" - field type "2013-03-10 01:00:00" not one of (\'string\', \'datetime\', \'int\', \'float\', \'bool\', \'sdr\') ',) (<type 'exceptions.Exception'>)
Traceback (most recent call last):
  File "/home/pat/workspace/nupic/nupic/swarming/utils.py", line 430, in runModelGivenBaseAndParams
    (completionReason, completionMsg) = runner.run()
  File "/home/pat/workspace/nupic/nupic/swarming/ModelRunner.py", line 237, in run
    maxTimeout=readTimeout)
  File "/home/pat/workspace/nupic/nupic/data/stream_reader.py", line 210, in __init__
    self._openStream(dataUrl, isBlocking, maxTimeout, bookmark, firstRecordIdx)
  File "/home/pat/workspace/nupic/nupic/data/stream_reader.py", line 298, in _openStream
    firstRecord=firstRecordIdx)
  File "/home/pat/workspace/nupic/nupic/data/file_record_stream.py", line 209, in __init__
    'not one of %s ' % (self._filename, t, allowedTypes))
Exception: Invalid file format for "/home/pat/workspace/pecan/house_data/252_data/252_clean_data.csv" - field type "2013-03-10 01:00:00" not one of ('string', 'datetime', 'int', 'float', 'bool', 'sdr') 

2015-06-30 09:38:56,914 - com.numenta.nupic.swarming.HypersearchWorker(5992) - INFO - <BUILDID=N/A, WORKER=HW, WRKID=75, JOBID=1032> COMPLETED MODEL GID=3321; EVALUATED 3 MODELs
2015-06-30 09:38:56,924 - com.numenta.nupic.swarming.HypersearchV2.HypersearchV2(5992) - INFO - <BUILDID=N/A, WORKER=HW, WRKID=75, JOBID=1032> Completed generation #0 of swarm 'modelParams|sensorParams|encoders|euse' with a best errScore of inf
2015-06-30 09:38:57,044 - com.numenta.nupic.swarming.HypersearchWorker(5992) - INFO - <BUILDID=N/A, WORKER=HW, WRKID=75, JOBID=1032> Adding model 3336 to our internal DB because modelInsertAndStart() failed to insert it: paramsHash=c02fa095fc349547b28654cd0f5f0442, particleHash=ec5361ae4edccf29468e3535b1fbdad1, particleId='75.0.1'
2015-06-30 09:38:57,047 - com.numenta.nupic.swarming.HypersearchWorker(5992) - INFO - <BUILDID=N/A, WORKER=HW, WRKID=75, JOBID=1032> Adding model 3336 to our internal DB because modelInsertAndStart() failed to insert it: paramsHash=c02fa095fc349547b28654cd0f5f0442, particleHash=ec5361ae4edccf29468e3535b1fbdad1, particleId='75.0.1'
2015-06-30 09:38:57,051 - com.numenta.nupic.swarming.HypersearchWorker(5992) - INFO - <BUILDID=N/A, WORKER=HW, WRKID=75, JOBID=1032> Adding model 3336 to our internal DB because modelInsertAndStart() failed to insert it: paramsHash=c02fa095fc349547b28654cd0f5f0442, particleHash=ec5361ae4edccf29468e3535b1fbdad1, particleId='75.0.1'
2015-06-30 09:38:57,053 - com.numenta.nupic.swarming.HypersearchWorker(5992) - INFO - <BUILDID=N/A, WORKER=HW, WRKID=75, JOBID=1032> Adding model 3336 to our internal DB because modelInsertAndStart() failed to insert it: paramsHash=c02fa095fc349547b28654cd0f5f0442, particleHash=ec5361ae4edccf29468e3535b1fbdad1, particleId='75.0.1'
2015-06-30 09:38:57,056 - com.numenta.nupic.swarming.HypersearchWorker(5992) - INFO - <BUILDID=N/A, WORKER=HW, WRKID=75, JOBID=1032> Adding model 3336 to our internal DB because modelInsertAndStart() failed to insert it: paramsHash=c02fa095fc349547b28654cd0f5f0442, particleHash=ec5361ae4edccf29468e3535b1fbdad1, particleId='75.0.1'
2015-06-30 09:38:57,059 - com.numenta.nupic.swarming.HypersearchWorker(5992) - INFO - <BUILDID=N/A, WORKER=HW, WRKID=75, JOBID=1032> Adding model 3336 to our internal DB because modelInsertAndStart() failed to insert it: paramsHash=c02fa095fc349547b28654cd0f5f0442, particleHash=ec5361ae4edccf29468e3535b1fbdad1, particleId='75.0.1'
2015-06-30 09:38:57,061 - com.numenta.nupic.swarming.HypersearchWorker(5992) - INFO - <BUILDID=N/A, WORKER=HW, WRKID=75, JOBID=1032> Adding model 3336 to our internal DB because modelInsertAndStart() failed to insert it: paramsHash=c02fa095fc349547b28654cd0f5f0442, particleHash=ec5361ae4edccf29468e3535b1fbdad1, particleId='75.0.1'
2015-06-30 09:38:57,064 - com.numenta.nupic.swarming.HypersearchWorker(5992) - INFO - <BUILDID=N/A, WORKER=HW, WRKID=75, JOBID=1032> Adding model 3336 to our internal DB because modelInsertAndStart() failed to insert it: paramsHash=c02fa095fc349547b28654cd0f5f0442, particleHash=ec5361ae4edccf29468e3535b1fbdad1, particleId='75.0.1'
2015-06-30 09:38:57,077 - com.numenta.nupic.swarming.HypersearchWorker(5992) - INFO - <BUILDID=N/A, WORKER=HW, WRKID=75, JOBID=1032> Adding model 3336 to our internal DB because modelInsertAndStart() failed to insert it: paramsHash=c02fa095fc349547b28654cd0f5f0442, particleHash=ec5361ae4edccf29468e3535b1fbdad1, particleId='75.0.1'
2015-06-30 09:38:57,096 - com.numenta.nupic.swarming.HypersearchWorker(5992) - INFO - <BUILDID=N/A, WORKER=HW, WRKID=75, JOBID=1032> Adding model 3336 to our internal DB because modelInsertAndStart() failed to insert it: paramsHash=c02fa095fc349547b28654cd0f5f0442, particleHash=ec5361ae4edccf29468e3535b1fbdad1, particleId='75.0.1'
2015-06-30 09:38:57,174 - com.numenta.nupic.swarming.HypersearchWorker(5992) - INFO - <BUILDID=N/A, WORKER=HW, WRKID=75, JOBID=1032> RUNNING MODEL GID=3337, paramsHash=7646c113cd2e412208ef62bdc878f25a, params={'particleState': {'varStates': {u'modelParams|sensorParams|encoders|euse:n': {'bestResult': None, 'position': 22, 'bestPosition': 22, '_position': 22, 'velocity': -24.95}, 'modelParams|clParams|alpha': {'bestResult': None, 'position': 0.0050950000000000006, 'bestPosition': 0.0001, '_position': 0.0050950000000000006, 'velocity': 0.0049950000000000003}, 'modelParams|tpParams|minThreshold': {'bestResult': None, 'position': 9, 'bestPosition': 9, '_position': 9.1500000000000004, 'velocity': 0.15}, 'modelParams|tpParams|activationThreshold': {'bestResult': None, 'position': 12, 'bestPosition': 12, '_position': 12, 'velocity': -0.2}, 'modelParams|tpParams|pamLength': {'bestResult': None, 'position': 1, 'bestPosition': 1, '_position': 1, 'velocity': -0.2}, 'modelParams|sensorParams|encoders|_classifierInput|n': {'bestResult': None, 'position': 28, 'bestPosition': 28, '_position': 28, 'velocity': -24.65}, 'modelParams|spParams|synPermInactiveDec': {'bestResult': None, 'position': 0.095015000000000002, 'bestPosition': 0.10000000000000001, '_position': 0.095015000000000002, 'velocity': -0.0049850000000000007}}, 'genIdx': 1, 'swarmId': u'modelParams|sensorParams|encoders|euse', 'id': '75.10'}, 'structuredParams': {'aggregationInfo': {'seconds': 0, 'fields': [], 'months': 0, 'days': 0, 'years': 0, 'hours': 0, 'microseconds': 0, 'weeks': 0, 'minutes': 0, 'milliseconds': 0}, 'modelParams': {'sensorParams': {'encoders': {'_classifierInput': {'maxval': 35.0, 'classifierOnly': True, 'minval': 10.0, 'clipInput': True, 'n': 28, 'fieldname': 'euse', 'w': 21, 'type': 'ScalarEncoder'}, u'timestamp_dayOfWeek': None, u'timestamp_timeOfDay': None, u'euse': {'maxval': 35.0, 'name': 'euse', 'clipInput': True, 'minval': 10.0, 'n': 22, 'fieldname': 'euse', 'w': 21, 'type': 'ScalarEncoder'}, u'timestamp_weekend': None}}, 'spParams': {'synPermInactiveDec': 0.095015000000000002}, 'tpParams': {'minThreshold': 9, 'activationThreshold': 12, 'pamLength': 1}, 'clParams': {'alpha': 0.0050950000000000006}}}}
2015-06-30 09:38:57,175 - com.numenta.nupic.hypersearch.utils(5992) - INFO - <BUILDID=N/A, WORKER=HW, WRKID=75, JOBID=1032> Using experiment directory: /tmp/tmpOSCLfX
2015-06-30 09:38:57,190 - com.numenta.nupic.hypersearch.utils(5992) - ERROR - <BUILDID=N/A, WORKER=HW, WRKID=75, JOBID=1032> Exception occurred while running model 3337: Exception(u'Invalid file format for "/home/pat/workspace/pecan/house_data/252_data/252_clean_data.csv" - field type "2013-03-10 01:00:00" not one of (\'string\', \'datetime\', \'int\', \'float\', \'bool\', \'sdr\') ',) (<type 'exceptions.Exception'>)
Traceback (most recent call last):
  File "/home/pat/workspace/nupic/nupic/swarming/utils.py", line 430, in runModelGivenBaseAndParams
    (completionReason, completionMsg) = runner.run()
  File "/home/pat/workspace/nupic/nupic/swarming/ModelRunner.py", line 237, in run
    maxTimeout=readTimeout)
  File "/home/pat/workspace/nupic/nupic/data/stream_reader.py", line 210, in __init__
    self._openStream(dataUrl, isBlocking, maxTimeout, bookmark, firstRecordIdx)
  File "/home/pat/workspace/nupic/nupic/data/stream_reader.py", line 298, in _openStream
    firstRecord=firstRecordIdx)
  File "/home/pat/workspace/nupic/nupic/data/file_record_stream.py", line 209, in __init__
    'not one of %s ' % (self._filename, t, allowedTypes))
Exception: Invalid file format for "/home/pat/workspace/pecan/house_data/252_data/252_clean_data.csv" - field type "2013-03-10 01:00:00" not one of ('string', 'datetime', 'int', 'float', 'bool', 'sdr') 

2015-06-30 09:38:57,196 - com.numenta.nupic.swarming.HypersearchWorker(5992) - INFO - <BUILDID=N/A, WORKER=HW, WRKID=75, JOBID=1032> COMPLETED MODEL GID=3337; EVALUATED 4 MODELs
2015-06-30 09:38:57,251 - com.numenta.nupic.swarming.HypersearchWorker(5992) - INFO - <BUILDID=N/A, WORKER=HW, WRKID=75, JOBID=1032> RUNNING MODEL GID=3348, paramsHash=48f0df7d6923f3aa068f9dfe9a6a9c83, params={'particleState': {'varStates': {u'modelParams|sensorParams|encoders|euse:n': {'bestResult': None, 'position': 496, 'bestPosition': 521, '_position': 496.05000000000001, 'velocity': -24.95}, 'modelParams|clParams|alpha': {'bestResult': None, 'position': 0.1, 'bestPosition': 0.10000000000000001, '_position': 0.1, 'velocity': 0.0049950000000000003}, 'modelParams|tpParams|minThreshold': {'bestResult': None, 'position': 12, 'bestPosition': 12, '_position': 12, 'velocity': 0.15}, 'modelParams|tpParams|activationThreshold': {'bestResult': None, 'position': 16, 'bestPosition': 16, '_position': 15.800000000000001, 'velocity': -0.2}, 'modelParams|tpParams|pamLength': {'bestResult': None, 'position': 5, 'bestPosition': 5, '_position': 4.7999999999999998, 'velocity': -0.2}, 'modelParams|sensorParams|encoders|_classifierInput|n': {'bestResult': None, 'position': 521, 'bestPosition': 521, '_position': 521, 'velocity': 24.65}, 'modelParams|spParams|synPermInactiveDec': {'bestResult': None, 'position': 0.0052850000000000006, 'bestPosition': 0.00029999999999999997, '_position': 0.0052850000000000006, 'velocity': 0.0049850000000000007}}, 'genIdx': 1, 'swarmId': u'modelParams|sensorParams|encoders|euse', 'id': '75.20'}, 'structuredParams': {'aggregationInfo': {'seconds': 0, 'fields': [], 'months': 0, 'days': 0, 'years': 0, 'hours': 0, 'microseconds': 0, 'weeks': 0, 'minutes': 0, 'milliseconds': 0}, 'modelParams': {'sensorParams': {'encoders': {'_classifierInput': {'maxval': 35.0, 'classifierOnly': True, 'minval': 10.0, 'clipInput': True, 'n': 521, 'fieldname': 'euse', 'w': 21, 'type': 'ScalarEncoder'}, u'timestamp_dayOfWeek': None, u'timestamp_timeOfDay': None, u'euse': {'maxval': 35.0, 'name': 'euse', 'clipInput': True, 'minval': 10.0, 'n': 496, 'fieldname': 'euse', 'w': 21, 'type': 'ScalarEncoder'}, u'timestamp_weekend': None}}, 'spParams': {'synPermInactiveDec': 0.0052850000000000006}, 'tpParams': {'minThreshold': 12, 'activationThreshold': 16, 'pamLength': 5}, 'clParams': {'alpha': 0.1}}}}
2015-06-30 09:38:57,251 - com.numenta.nupic.hypersearch.utils(5992) - INFO - <BUILDID=N/A, WORKER=HW, WRKID=75, JOBID=1032> Using experiment directory: /tmp/tmpbkvXxZ
2015-06-30 09:38:57,260 - com.numenta.nupic.hypersearch.utils(5992) - ERROR - <BUILDID=N/A, WORKER=HW, WRKID=75, JOBID=1032> Exception occurred while running model 3348: Exception(u'Invalid file format for "/home/pat/workspace/pecan/house_data/252_data/252_clean_data.csv" - field type "2013-03-10 01:00:00" not one of (\'string\', \'datetime\', \'int\', \'float\', \'bool\', \'sdr\') ',) (<type 'exceptions.Exception'>)
Traceback (most recent call last):
  File "/home/pat/workspace/nupic/nupic/swarming/utils.py", line 430, in runModelGivenBaseAndParams
    (completionReason, completionMsg) = runner.run()
  File "/home/pat/workspace/nupic/nupic/swarming/ModelRunner.py", line 237, in run
    maxTimeout=readTimeout)
  File "/home/pat/workspace/nupic/nupic/data/stream_reader.py", line 210, in __init__
    self._openStream(dataUrl, isBlocking, maxTimeout, bookmark, firstRecordIdx)
  File "/home/pat/workspace/nupic/nupic/data/stream_reader.py", line 298, in _openStream
    firstRecord=firstRecordIdx)
  File "/home/pat/workspace/nupic/nupic/data/file_record_stream.py", line 209, in __init__
    'not one of %s ' % (self._filename, t, allowedTypes))
Exception: Invalid file format for "/home/pat/workspace/pecan/house_data/252_data/252_clean_data.csv" - field type "2013-03-10 01:00:00" not one of ('string', 'datetime', 'int', 'float', 'bool', 'sdr') 

2015-06-30 09:38:57,265 - com.numenta.nupic.swarming.HypersearchWorker(5992) - INFO - <BUILDID=N/A, WORKER=HW, WRKID=75, JOBID=1032> COMPLETED MODEL GID=3348; EVALUATED 5 MODELs
2015-06-30 09:38:57,270 - com.numenta.nupic.swarming.HypersearchV2.SwarmTerminator(5992) - INFO - <BUILDID=N/A, WORKER=HW, WRKID=75, JOBID=1032> Swarm modelParams|sensorParams|encoders|euse has matured (no change in 2 generations).Stopping...
2015-06-30 09:38:57,271 - com.numenta.nupic.swarming.HypersearchV2.HypersearchV2(5992) - INFO - <BUILDID=N/A, WORKER=HW, WRKID=75, JOBID=1032> Completed generation #1 of swarm 'modelParams|sensorParams|encoders|euse' with a best errScore of inf. Matured swarm(s): [u'modelParams|sensorParams|encoders|euse']
2015-06-30 09:38:57,274 - com.numenta.nupic.swarming.HypersearchV2.HypersearchV2(5992) - INFO - <BUILDID=N/A, WORKER=HW, WRKID=75, JOBID=1032> Swarm matured: modelParams|sensorParams|encoders|euse. Score at generation 1: inf
2015-06-30 09:38:57,277 - com.numenta.nupic.swarming.HypersearchV2.HypersearchV2(5992) - INFO - <BUILDID=N/A, WORKER=HW, WRKID=75, JOBID=1032> Active swarms changed to [] (from [u'modelParams|sensorParams|encoders|euse'])
2015-06-30 09:38:57,279 - com.numenta.nupic.swarming.HypersearchV2.HypersearchV2(5992) - ERROR - <BUILDID=N/A, WORKER=HW, WRKID=75, JOBID=1032> E10002: Exiting due to receiving too many models failing from exceptions (6 out of 6). 
Model Exception: Exception occurred while running model 3303: Exception(u'Invalid file format for "/home/pat/workspace/pecan/house_data/252_data/252_clean_data.csv" - field type "2013-03-10 01:00:00" not one of (\'string\', \'datetime\', \'int\', \'float\', \'bool\', \'sdr\') ',) (<type 'exceptions.Exception'>)
Traceback (most recent call last):
  File "/home/pat/workspace/nupic/nupic/swarming/utils.py", line 430, in runModelGivenBaseAndParams
    (completionReason, completionMsg) = runner.run()
  File "/home/pat/workspace/nupic/nupic/swarming/ModelRunner.py", line 237, in run
    maxTimeout=readTimeout)
  File "/home/pat/workspace/nupic/nupic/data/stream_reader.py", line 210, in __init__
    self._openStream(dataUrl, isBlocking, maxTimeout, bookmark, firstRecordIdx)
  File "/home/pat/workspace/nupic/nupic/data/stream_reader.py", line 298, in _openStream
    firstRecord=firstRecordIdx)
  File "/home/pat/workspace/nupic/nupic/data/file_record_stream.py", line 209, in __init__
    'not one of %s ' % (self._filename, t, allowedTypes))
Exception: Invalid file format for "/home/pat/workspace/pecan/house_data/252_data/252_clean_data.csv" - field type "2013-03-10 01:00:00" not one of ('string', 'datetime', 'int', 'float', 'bool', 'sdr') 

2015-06-30 09:38:57,287 - com.numenta.nupic.swarming.HypersearchV2.HypersearchV2(5992) - INFO - <BUILDID=N/A, WORKER=HW, WRKID=75, JOBID=1032> Failed updating the field contributions, another hypersearch worker must have updated it
2015-06-30 09:38:57,287 - com.numenta.nupic.swarming.HypersearchWorker(5992) - INFO - <BUILDID=N/A, WORKER=HW, WRKID=75, JOBID=1032> FINISHED. Evaluated 5 models.
