2015-07-18 07:20:58,367 - com.numenta.nupic.swarming.HypersearchWorker(8293) - INFO - <BUILDID=N/A, WORKER=HS, WRKID=N/A, JOBID=N/A> Launched with command line arguments: ['--jobID=1044']
2015-07-18 07:20:58,367 - com.numenta.nupic.swarming.HypersearchWorker(8293) - INFO - <BUILDID=N/A, WORKER=HS, WRKID=N/A, JOBID=N/A> Connecting to the jobs database
2015-07-18 07:20:58,367 - com.numenta.nupic.database.Connection.ConnectionFactory(8293) - INFO - <BUILDID=N/A, WORKER=HS, WRKID=N/A, JOBID=N/A> Creating db connection policy via provider <bound method type._createDefaultPolicy of <class 'nupic.database.Connection.ConnectionFactory'>>
2015-07-18 07:20:58,378 - com.numenta.nupic.database.Connection.PooledConnectionPolicy(8293) - INFO - <BUILDID=N/A, WORKER=HS, WRKID=N/A, JOBID=N/A> Created PooledConnectionPolicy
2015-07-18 07:20:58,405 - com.numenta.nupic.database.ClientJobsDAO.ClientJobsDAO(8293) - INFO - <BUILDID=N/A, WORKER=HS, WRKID=N/A, JOBID=N/A> clientJobsConnectionID=48
2015-07-18 07:20:58,417 - com.numenta.nupic.swarming.HypersearchWorker(8293) - INFO - <BUILDID=N/A, WORKER=HW, WRKID=48, JOBID=1044> Job info retrieved: {'engModelMilestones': 'None', 'clientInfo': '', 'numFailedWorkers': '0', 'engJobType': 'hypersearch', 'results': 'None', 'jobId': '1044', 'completionMsg': 'None', 'cancel': '0', 'engWorkerState': 'None', 'workerCompletionMsg': 'None', 'jobHash': "4\xc8\xb5\x19-X\x11\xe5\x98\xe1\x08\x00'\x16\xdf\xd4", 'genBaseDescription': 'None', 'completionReason': 'None', 'priority': '0', 'cmdLine': '$HYPERSEARCH', 'params': '{"hsVersion": "v2", "maxModels": null, "persistentJobGUID": "34c...', 'workerCompletionReason': 'success', 'engAllocateNewWorkers': '1', 'lastFailedWorkerErrorMsg': 'None', 'engUntendedDeadWorkers': '0', 'engLastUpdateTime': '2015-07-18 14:20:57', 'status': 'notStarted', 'engStatus': 'None', 'startTime': 'None', 'minimumWorkers': '1', 'endTime': 'None', 'engCjmConnId': 'None', 'genPermutations': 'None', 'client': 'GRP', 'engCleaningStatus': 'notdone', 'clientKey': '', 'maximumWorkers': '4'}
2015-07-18 07:20:58,429 - com.numenta.nupic.swarming.HypersearchV2.HypersearchV2(8293) - INFO - <BUILDID=N/A, WORKER=HW, WRKID=48, JOBID=1044> searchParams: 
{u'description': {u'includedFields': [{u'fieldName': 'timestamp',
                                       u'fieldType': 'datetime'},
                                      {u'fieldName': 'euse',
                                       u'fieldType': 'float',
                                       u'maxValue': '35.0',
                                       u'minValue': '10.0'},
                                      {u'fieldName': 'temp',
                                       u'fieldType': 'float',
                                       u'maxValue': '110.0',
                                       u'minValue': '0.0'},
                                      {u'fieldName': 'humid',
                                       u'fieldType': 'float',
                                       u'maxValue': '100.0',
                                       u'minValue': '0.0'},
                                      {u'fieldName': 'wind',
                                       u'fieldType': 'float',
                                       u'maxValue': '50.0',
                                       u'minValue': '0.0'},
                                      {u'fieldName': 'is_daylight',
                                       u'fieldType': 'float',
                                       u'maxValue': '0.0',
                                       u'minValue': '0.0'},
                                      {u'fieldName': 'buildup',
                                       u'fieldType': 'float',
                                       u'maxValue': '0.0',
                                       u'minValue': '0.0'},
                                      {u'fieldName': 'sec_since_rise',
                                       u'fieldType': 'float',
                                       u'maxValue': '50000',
                                       u'minValue': '10.0'}],
                  u'inferenceArgs': {u'predictedField': 'euse',
                                     u'predictionSteps': ['4']},
                  u'inferenceType': 'TemporalMultiStep',
                  u'iterationCount': '-1',
                  u'streamDef': {u'info': 'kwh',
                                 u'streams': [{u'columns': ['timestamp',
                                                            'euse',
                                                            'temp',
                                                            'humid',
                                                            'wind',
                                                            'is_daylight',
                                                            'buildup',
                                                            'sec_since_rise'],
                                               u'info': 'weather_plus_7531',
                                               u'source': 'file:///home/pat/workspace/pecan/house_data/7531_data/7531_clean...'}]},
                  u'swarmSize': 'medium'},
 u'hsVersion': 'v2',
 u'maxModels': 'None',
 u'persistentJobGUID': '34c8b518-2d58-11e5-98e1-08002716dfd4',
 u'useTerminators': 'False'}
2015-07-18 07:21:28,389 - com.numenta.nupic.swarming.HypersearchV2.HypersearchV2(8293) - INFO - <BUILDID=N/A, WORKER=HW, WRKID=48, JOBID=1044> Active swarms changed to [u'modelParams|sensorParams|encoders|humid', u'modelParams|sensorParams|encoders|wind', u'modelParams|sensorParams|encoders|is_daylight', u'modelParams|sensorParams|encoders|sec_since_rise', u'modelParams|sensorParams|encoders|timestamp_timeOfDay', u'modelParams|sensorParams|encoders|timestamp_dayOfWeek', u'modelParams|sensorParams|encoders|buildup', u'modelParams|sensorParams|encoders|euse', u'modelParams|sensorParams|encoders|temp', u'modelParams|sensorParams|encoders|timestamp_weekend'] (from None)
2015-07-18 07:21:28,548 - com.numenta.nupic.database.ClientJobsDAO.ClientJobsDAO(8293) - INFO - <BUILDID=N/A, WORKER=HW, WRKID=48, JOBID=1044> Model insert attempt failed with DUP_ENTRY: jobID=1044; paramsHash=bc1676bd5de23e7524a9fc9ffdeecdf2 OR particleHash=11a4702bed36b507116cb1c10246733e; IntegrityError(1062, u"Duplicate entry '1044-\\xBC\\x16v\\xBD]\\xE2>u$\\xA9\\xFC\\x9F\\xFD\\xEE\\xCD\\xF2' for key 'job_id'")
2015-07-18 07:21:28,559 - com.numenta.nupic.swarming.HypersearchWorker(8293) - INFO - <BUILDID=N/A, WORKER=HW, WRKID=48, JOBID=1044> Adding model 4381 to our internal DB because modelInsertAndStart() failed to insert it: paramsHash=bc1676bd5de23e7524a9fc9ffdeecdf2, particleHash=e0eec1370ff310c451d9bce8c9b6efc9, particleId='47.0.0'
2015-07-18 07:21:28,568 - com.numenta.nupic.database.ClientJobsDAO.ClientJobsDAO(8293) - INFO - <BUILDID=N/A, WORKER=HW, WRKID=48, JOBID=1044> Model insert attempt failed with DUP_ENTRY: jobID=1044; paramsHash=bc1676bd5de23e7524a9fc9ffdeecdf2 OR particleHash=d45730bab1af11b78f96ae52c47cfd91; IntegrityError(1062, u"Duplicate entry '1044-\\xBC\\x16v\\xBD]\\xE2>u$\\xA9\\xFC\\x9F\\xFD\\xEE\\xCD\\xF2' for key 'job_id'")
2015-07-18 07:21:28,572 - com.numenta.nupic.swarming.HypersearchWorker(8293) - INFO - <BUILDID=N/A, WORKER=HW, WRKID=48, JOBID=1044> Adding model 4381 to our internal DB because modelInsertAndStart() failed to insert it: paramsHash=bc1676bd5de23e7524a9fc9ffdeecdf2, particleHash=e0eec1370ff310c451d9bce8c9b6efc9, particleId='47.0.0'
2015-07-18 07:21:28,585 - com.numenta.nupic.database.ClientJobsDAO.ClientJobsDAO(8293) - INFO - <BUILDID=N/A, WORKER=HW, WRKID=48, JOBID=1044> Model insert attempt failed with DUP_ENTRY: jobID=1044; paramsHash=bc1676bd5de23e7524a9fc9ffdeecdf2 OR particleHash=009cb293b147fdf250094d8a795879e6; IntegrityError(1062, u"Duplicate entry '1044-\\xBC\\x16v\\xBD]\\xE2>u$\\xA9\\xFC\\x9F\\xFD\\xEE\\xCD\\xF2' for key 'job_id'")
2015-07-18 07:21:28,588 - com.numenta.nupic.swarming.HypersearchWorker(8293) - INFO - <BUILDID=N/A, WORKER=HW, WRKID=48, JOBID=1044> Adding model 4381 to our internal DB because modelInsertAndStart() failed to insert it: paramsHash=bc1676bd5de23e7524a9fc9ffdeecdf2, particleHash=e0eec1370ff310c451d9bce8c9b6efc9, particleId='47.0.0'
2015-07-18 07:21:28,597 - com.numenta.nupic.database.ClientJobsDAO.ClientJobsDAO(8293) - INFO - <BUILDID=N/A, WORKER=HW, WRKID=48, JOBID=1044> Model insert attempt failed with DUP_ENTRY: jobID=1044; paramsHash=bc1676bd5de23e7524a9fc9ffdeecdf2 OR particleHash=6cd017cb834c12b86411b0df0d4f77bb; IntegrityError(1062, u"Duplicate entry '1044-\\xBC\\x16v\\xBD]\\xE2>u$\\xA9\\xFC\\x9F\\xFD\\xEE\\xCD\\xF2' for key 'job_id'")
2015-07-18 07:21:28,606 - com.numenta.nupic.swarming.HypersearchWorker(8293) - INFO - <BUILDID=N/A, WORKER=HW, WRKID=48, JOBID=1044> Adding model 4381 to our internal DB because modelInsertAndStart() failed to insert it: paramsHash=bc1676bd5de23e7524a9fc9ffdeecdf2, particleHash=e0eec1370ff310c451d9bce8c9b6efc9, particleId='47.0.0'
2015-07-18 07:21:28,610 - com.numenta.nupic.database.ClientJobsDAO.ClientJobsDAO(8293) - INFO - <BUILDID=N/A, WORKER=HW, WRKID=48, JOBID=1044> Model insert attempt failed with DUP_ENTRY: jobID=1044; paramsHash=bc1676bd5de23e7524a9fc9ffdeecdf2 OR particleHash=2efd3cfb1a6a522f4f9d589b6036638b; IntegrityError(1062, u"Duplicate entry '1044-\\xBC\\x16v\\xBD]\\xE2>u$\\xA9\\xFC\\x9F\\xFD\\xEE\\xCD\\xF2' for key 'job_id'")
2015-07-18 07:21:28,621 - com.numenta.nupic.swarming.HypersearchWorker(8293) - INFO - <BUILDID=N/A, WORKER=HW, WRKID=48, JOBID=1044> Adding model 4381 to our internal DB because modelInsertAndStart() failed to insert it: paramsHash=bc1676bd5de23e7524a9fc9ffdeecdf2, particleHash=e0eec1370ff310c451d9bce8c9b6efc9, particleId='47.0.0'
2015-07-18 07:21:28,633 - com.numenta.nupic.database.ClientJobsDAO.ClientJobsDAO(8293) - INFO - <BUILDID=N/A, WORKER=HW, WRKID=48, JOBID=1044> Model insert attempt failed with DUP_ENTRY: jobID=1044; paramsHash=bc1676bd5de23e7524a9fc9ffdeecdf2 OR particleHash=49f9cdfc36ba423028a2b9ca4b9fd22f; IntegrityError(1062, u"Duplicate entry '1044-\\xBC\\x16v\\xBD]\\xE2>u$\\xA9\\xFC\\x9F\\xFD\\xEE\\xCD\\xF2' for key 'job_id'")
2015-07-18 07:21:28,638 - com.numenta.nupic.swarming.HypersearchWorker(8293) - INFO - <BUILDID=N/A, WORKER=HW, WRKID=48, JOBID=1044> Adding model 4381 to our internal DB because modelInsertAndStart() failed to insert it: paramsHash=bc1676bd5de23e7524a9fc9ffdeecdf2, particleHash=e0eec1370ff310c451d9bce8c9b6efc9, particleId='47.0.0'
2015-07-18 07:21:28,643 - com.numenta.nupic.database.ClientJobsDAO.ClientJobsDAO(8293) - INFO - <BUILDID=N/A, WORKER=HW, WRKID=48, JOBID=1044> Model insert attempt failed with DUP_ENTRY: jobID=1044; paramsHash=bc1676bd5de23e7524a9fc9ffdeecdf2 OR particleHash=a97e110ff92515343b7509ea0830f58c; IntegrityError(1062, u"Duplicate entry '1044-\\xBC\\x16v\\xBD]\\xE2>u$\\xA9\\xFC\\x9F\\xFD\\xEE\\xCD\\xF2' for key 'job_id'")
2015-07-18 07:21:28,655 - com.numenta.nupic.swarming.HypersearchWorker(8293) - INFO - <BUILDID=N/A, WORKER=HW, WRKID=48, JOBID=1044> Adding model 4381 to our internal DB because modelInsertAndStart() failed to insert it: paramsHash=bc1676bd5de23e7524a9fc9ffdeecdf2, particleHash=e0eec1370ff310c451d9bce8c9b6efc9, particleId='47.0.0'
2015-07-18 07:21:28,665 - com.numenta.nupic.database.ClientJobsDAO.ClientJobsDAO(8293) - INFO - <BUILDID=N/A, WORKER=HW, WRKID=48, JOBID=1044> Model insert attempt failed with DUP_ENTRY: jobID=1044; paramsHash=bc1676bd5de23e7524a9fc9ffdeecdf2 OR particleHash=f7c3f0eaf598f763819f94f0d0e0a73a; IntegrityError(1062, u"Duplicate entry '1044-\\xBC\\x16v\\xBD]\\xE2>u$\\xA9\\xFC\\x9F\\xFD\\xEE\\xCD\\xF2' for key 'job_id'")
2015-07-18 07:21:28,671 - com.numenta.nupic.swarming.HypersearchWorker(8293) - INFO - <BUILDID=N/A, WORKER=HW, WRKID=48, JOBID=1044> Adding model 4381 to our internal DB because modelInsertAndStart() failed to insert it: paramsHash=bc1676bd5de23e7524a9fc9ffdeecdf2, particleHash=e0eec1370ff310c451d9bce8c9b6efc9, particleId='47.0.0'
2015-07-18 07:21:28,678 - com.numenta.nupic.database.ClientJobsDAO.ClientJobsDAO(8293) - INFO - <BUILDID=N/A, WORKER=HW, WRKID=48, JOBID=1044> Model insert attempt failed with DUP_ENTRY: jobID=1044; paramsHash=bc1676bd5de23e7524a9fc9ffdeecdf2 OR particleHash=d5067230bb31037d0767642be4864197; IntegrityError(1062, u"Duplicate entry '1044-\\xBC\\x16v\\xBD]\\xE2>u$\\xA9\\xFC\\x9F\\xFD\\xEE\\xCD\\xF2' for key 'job_id'")
2015-07-18 07:21:28,689 - com.numenta.nupic.swarming.HypersearchWorker(8293) - INFO - <BUILDID=N/A, WORKER=HW, WRKID=48, JOBID=1044> Adding model 4381 to our internal DB because modelInsertAndStart() failed to insert it: paramsHash=bc1676bd5de23e7524a9fc9ffdeecdf2, particleHash=e0eec1370ff310c451d9bce8c9b6efc9, particleId='47.0.0'
2015-07-18 07:21:28,694 - com.numenta.nupic.database.ClientJobsDAO.ClientJobsDAO(8293) - INFO - <BUILDID=N/A, WORKER=HW, WRKID=48, JOBID=1044> Model insert attempt failed with DUP_ENTRY: jobID=1044; paramsHash=bc1676bd5de23e7524a9fc9ffdeecdf2 OR particleHash=2ee069c5346a25d5e8413b974f9b2c4a; IntegrityError(1062, u"Duplicate entry '1044-\\xBC\\x16v\\xBD]\\xE2>u$\\xA9\\xFC\\x9F\\xFD\\xEE\\xCD\\xF2' for key 'job_id'")
2015-07-18 07:21:28,706 - com.numenta.nupic.swarming.HypersearchWorker(8293) - INFO - <BUILDID=N/A, WORKER=HW, WRKID=48, JOBID=1044> Adding model 4381 to our internal DB because modelInsertAndStart() failed to insert it: paramsHash=bc1676bd5de23e7524a9fc9ffdeecdf2, particleHash=e0eec1370ff310c451d9bce8c9b6efc9, particleId='47.0.0'
2015-07-18 07:21:28,905 - com.numenta.nupic.database.ClientJobsDAO.ClientJobsDAO(8293) - INFO - <BUILDID=N/A, WORKER=HW, WRKID=48, JOBID=1044> Model insert attempt failed with DUP_ENTRY: jobID=1044; paramsHash=9c941537d601a20d983fc9b422a68886 OR particleHash=b13c79d4396ae667b1a80c58259154c6; IntegrityError(1062, u'Duplicate entry \'1044-\\x9C\\x94\\x157\\xD6\\x01\\xA2\\x0D\\x98?\\xC9\\xB4"\\xA6\\x88\\x86\' for key \'job_id\'')
2015-07-18 07:21:28,909 - com.numenta.nupic.swarming.HypersearchWorker(8293) - INFO - <BUILDID=N/A, WORKER=HW, WRKID=48, JOBID=1044> Adding model 4402 to our internal DB because modelInsertAndStart() failed to insert it: paramsHash=9c941537d601a20d983fc9b422a68886, particleHash=5536b60870bd84c4e2b73a9812af7dc6, particleId='50.0.0'
2015-07-18 07:21:28,917 - com.numenta.nupic.database.ClientJobsDAO.ClientJobsDAO(8293) - INFO - <BUILDID=N/A, WORKER=HW, WRKID=48, JOBID=1044> Model insert attempt failed with DUP_ENTRY: jobID=1044; paramsHash=9c941537d601a20d983fc9b422a68886 OR particleHash=732309e25a1158415c1d33017a8065b4; IntegrityError(1062, u'Duplicate entry \'1044-\\x9C\\x94\\x157\\xD6\\x01\\xA2\\x0D\\x98?\\xC9\\xB4"\\xA6\\x88\\x86\' for key \'job_id\'')
2015-07-18 07:21:28,928 - com.numenta.nupic.swarming.HypersearchWorker(8293) - INFO - <BUILDID=N/A, WORKER=HW, WRKID=48, JOBID=1044> Adding model 4402 to our internal DB because modelInsertAndStart() failed to insert it: paramsHash=9c941537d601a20d983fc9b422a68886, particleHash=5536b60870bd84c4e2b73a9812af7dc6, particleId='50.0.0'
2015-07-18 07:21:28,932 - com.numenta.nupic.database.ClientJobsDAO.ClientJobsDAO(8293) - INFO - <BUILDID=N/A, WORKER=HW, WRKID=48, JOBID=1044> Model insert attempt failed with DUP_ENTRY: jobID=1044; paramsHash=9c941537d601a20d983fc9b422a68886 OR particleHash=53e0c29cb3369613059a6e884f1d9a2f; IntegrityError(1062, u'Duplicate entry \'1044-\\x9C\\x94\\x157\\xD6\\x01\\xA2\\x0D\\x98?\\xC9\\xB4"\\xA6\\x88\\x86\' for key \'job_id\'')
2015-07-18 07:21:28,942 - com.numenta.nupic.swarming.HypersearchWorker(8293) - INFO - <BUILDID=N/A, WORKER=HW, WRKID=48, JOBID=1044> Adding model 4402 to our internal DB because modelInsertAndStart() failed to insert it: paramsHash=9c941537d601a20d983fc9b422a68886, particleHash=5536b60870bd84c4e2b73a9812af7dc6, particleId='50.0.0'
2015-07-18 07:21:28,950 - com.numenta.nupic.database.ClientJobsDAO.ClientJobsDAO(8293) - INFO - <BUILDID=N/A, WORKER=HW, WRKID=48, JOBID=1044> Model insert attempt failed with DUP_ENTRY: jobID=1044; paramsHash=9c941537d601a20d983fc9b422a68886 OR particleHash=caa224b826684881c9c0f16b430b5207; IntegrityError(1062, u'Duplicate entry \'1044-\\x9C\\x94\\x157\\xD6\\x01\\xA2\\x0D\\x98?\\xC9\\xB4"\\xA6\\x88\\x86\' for key \'job_id\'')
2015-07-18 07:21:28,961 - com.numenta.nupic.swarming.HypersearchWorker(8293) - INFO - <BUILDID=N/A, WORKER=HW, WRKID=48, JOBID=1044> Adding model 4402 to our internal DB because modelInsertAndStart() failed to insert it: paramsHash=9c941537d601a20d983fc9b422a68886, particleHash=5536b60870bd84c4e2b73a9812af7dc6, particleId='50.0.0'
2015-07-18 07:21:28,968 - com.numenta.nupic.database.ClientJobsDAO.ClientJobsDAO(8293) - INFO - <BUILDID=N/A, WORKER=HW, WRKID=48, JOBID=1044> Model insert attempt failed with DUP_ENTRY: jobID=1044; paramsHash=9c941537d601a20d983fc9b422a68886 OR particleHash=20e73e6e41dedecdf71608c6b17480f4; IntegrityError(1062, u'Duplicate entry \'1044-\\x9C\\x94\\x157\\xD6\\x01\\xA2\\x0D\\x98?\\xC9\\xB4"\\xA6\\x88\\x86\' for key \'job_id\'')
2015-07-18 07:21:28,976 - com.numenta.nupic.swarming.HypersearchWorker(8293) - INFO - <BUILDID=N/A, WORKER=HW, WRKID=48, JOBID=1044> Adding model 4402 to our internal DB because modelInsertAndStart() failed to insert it: paramsHash=9c941537d601a20d983fc9b422a68886, particleHash=5536b60870bd84c4e2b73a9812af7dc6, particleId='50.0.0'
2015-07-18 07:21:28,985 - com.numenta.nupic.database.ClientJobsDAO.ClientJobsDAO(8293) - INFO - <BUILDID=N/A, WORKER=HW, WRKID=48, JOBID=1044> Model insert attempt failed with DUP_ENTRY: jobID=1044; paramsHash=9c941537d601a20d983fc9b422a68886 OR particleHash=b572ac6b5185ef0e90eea8744bc85ae9; IntegrityError(1062, u'Duplicate entry \'1044-\\x9C\\x94\\x157\\xD6\\x01\\xA2\\x0D\\x98?\\xC9\\xB4"\\xA6\\x88\\x86\' for key \'job_id\'')
2015-07-18 07:21:28,993 - com.numenta.nupic.swarming.HypersearchWorker(8293) - INFO - <BUILDID=N/A, WORKER=HW, WRKID=48, JOBID=1044> Adding model 4402 to our internal DB because modelInsertAndStart() failed to insert it: paramsHash=9c941537d601a20d983fc9b422a68886, particleHash=5536b60870bd84c4e2b73a9812af7dc6, particleId='50.0.0'
2015-07-18 07:21:29,000 - com.numenta.nupic.database.ClientJobsDAO.ClientJobsDAO(8293) - INFO - <BUILDID=N/A, WORKER=HW, WRKID=48, JOBID=1044> Model insert attempt failed with DUP_ENTRY: jobID=1044; paramsHash=9c941537d601a20d983fc9b422a68886 OR particleHash=d61cb08d72ae99083a81f768ddddfb8f; IntegrityError(1062, u'Duplicate entry \'1044-\\x9C\\x94\\x157\\xD6\\x01\\xA2\\x0D\\x98?\\xC9\\xB4"\\xA6\\x88\\x86\' for key \'job_id\'')
2015-07-18 07:21:29,009 - com.numenta.nupic.swarming.HypersearchWorker(8293) - INFO - <BUILDID=N/A, WORKER=HW, WRKID=48, JOBID=1044> Adding model 4402 to our internal DB because modelInsertAndStart() failed to insert it: paramsHash=9c941537d601a20d983fc9b422a68886, particleHash=5536b60870bd84c4e2b73a9812af7dc6, particleId='50.0.0'
2015-07-18 07:21:29,021 - com.numenta.nupic.database.ClientJobsDAO.ClientJobsDAO(8293) - INFO - <BUILDID=N/A, WORKER=HW, WRKID=48, JOBID=1044> Model insert attempt failed with DUP_ENTRY: jobID=1044; paramsHash=9c941537d601a20d983fc9b422a68886 OR particleHash=866b4b261a3b1dfa27ab61deb316e303; IntegrityError(1062, u'Duplicate entry \'1044-\\x9C\\x94\\x157\\xD6\\x01\\xA2\\x0D\\x98?\\xC9\\xB4"\\xA6\\x88\\x86\' for key \'job_id\'')
2015-07-18 07:21:29,024 - com.numenta.nupic.swarming.HypersearchWorker(8293) - INFO - <BUILDID=N/A, WORKER=HW, WRKID=48, JOBID=1044> Adding model 4402 to our internal DB because modelInsertAndStart() failed to insert it: paramsHash=9c941537d601a20d983fc9b422a68886, particleHash=5536b60870bd84c4e2b73a9812af7dc6, particleId='50.0.0'
2015-07-18 07:21:29,033 - com.numenta.nupic.database.ClientJobsDAO.ClientJobsDAO(8293) - INFO - <BUILDID=N/A, WORKER=HW, WRKID=48, JOBID=1044> Model insert attempt failed with DUP_ENTRY: jobID=1044; paramsHash=9c941537d601a20d983fc9b422a68886 OR particleHash=a7c35dccdc99ca66b772bb1b841f565f; IntegrityError(1062, u'Duplicate entry \'1044-\\x9C\\x94\\x157\\xD6\\x01\\xA2\\x0D\\x98?\\xC9\\xB4"\\xA6\\x88\\x86\' for key \'job_id\'')
2015-07-18 07:21:29,043 - com.numenta.nupic.swarming.HypersearchWorker(8293) - INFO - <BUILDID=N/A, WORKER=HW, WRKID=48, JOBID=1044> Adding model 4402 to our internal DB because modelInsertAndStart() failed to insert it: paramsHash=9c941537d601a20d983fc9b422a68886, particleHash=5536b60870bd84c4e2b73a9812af7dc6, particleId='50.0.0'
2015-07-18 07:21:29,049 - com.numenta.nupic.database.ClientJobsDAO.ClientJobsDAO(8293) - INFO - <BUILDID=N/A, WORKER=HW, WRKID=48, JOBID=1044> Model insert attempt failed with DUP_ENTRY: jobID=1044; paramsHash=9c941537d601a20d983fc9b422a68886 OR particleHash=04d59264b8ed946c19b3896b3222bd0b; IntegrityError(1062, u'Duplicate entry \'1044-\\x9C\\x94\\x157\\xD6\\x01\\xA2\\x0D\\x98?\\xC9\\xB4"\\xA6\\x88\\x86\' for key \'job_id\'')
2015-07-18 07:21:29,058 - com.numenta.nupic.swarming.HypersearchWorker(8293) - INFO - <BUILDID=N/A, WORKER=HW, WRKID=48, JOBID=1044> Adding model 4402 to our internal DB because modelInsertAndStart() failed to insert it: paramsHash=9c941537d601a20d983fc9b422a68886, particleHash=5536b60870bd84c4e2b73a9812af7dc6, particleId='50.0.0'
2015-07-18 07:21:29,314 - com.numenta.nupic.swarming.HypersearchWorker(8293) - INFO - <BUILDID=N/A, WORKER=HW, WRKID=48, JOBID=1044> RUNNING MODEL GID=4423, paramsHash=32e4e1a95a56df3e08ff6beccb847bc5, params={'particleState': {'varStates': {'modelParams|clParams|alpha': {'bestResult': None, 'position': 0.050050000000000004, 'bestPosition': 0.050050000000000004, '_position': 0.050050000000000004, 'velocity': 0.01998}, 'modelParams|tpParams|minThreshold': {'bestResult': None, 'position': 11, 'bestPosition': 11, '_position': 10.5, 'velocity': 0.6}, 'modelParams|tpParams|activationThreshold': {'bestResult': None, 'position': 14, 'bestPosition': 14, '_position': 14.0, 'velocity': 0.8}, u'modelParams|sensorParams|encoders|humid:n': {'bestResult': None, 'position': 272, 'bestPosition': 272, '_position': 271.5, 'velocity': 99.8}, 'modelParams|tpParams|pamLength': {'bestResult': None, 'position': 3, 'bestPosition': 3, '_position': 3.0, 'velocity': 0.8}, 'modelParams|sensorParams|encoders|_classifierInput|n': {'bestResult': None, 'position': 275, 'bestPosition': 275, '_position': 274.5, 'velocity': 98.6}, 'modelParams|spParams|synPermInactiveDec': {'bestResult': None, 'position': 0.05015, 'bestPosition': 0.05015, '_position': 0.05015, 'velocity': 0.019940000000000003}}, 'genIdx': 0, 'swarmId': u'modelParams|sensorParams|encoders|humid', 'id': '48.20'}, 'structuredParams': {'aggregationInfo': {'seconds': 0, 'fields': [], 'months': 0, 'days': 0, 'years': 0, 'hours': 0, 'microseconds': 0, 'weeks': 0, 'minutes': 0, 'milliseconds': 0}, 'modelParams': {'sensorParams': {'encoders': {'_classifierInput': {'maxval': 35.0, 'classifierOnly': True, 'minval': 10.0, 'clipInput': True, 'n': 275, 'fieldname': 'euse', 'w': 21, 'type': 'ScalarEncoder'}, u'humid': {'maxval': 100.0, 'name': 'humid', 'clipInput': True, 'minval': 0.0, 'n': 272, 'fieldname': 'humid', 'w': 21, 'type': 'ScalarEncoder'}, u'is_daylight': None, u'temp': None, u'sec_since_rise': None, u'timestamp_dayOfWeek': None, u'timestamp_timeOfDay': None, u'euse': None, u'buildup': None, u'wind': None, u'timestamp_weekend': None}}, 'spParams': {'synPermInactiveDec': 0.05015}, 'tpParams': {'minThreshold': 11, 'activationThreshold': 14, 'pamLength': 3}, 'clParams': {'alpha': 0.050050000000000004}}}}
2015-07-18 07:21:29,327 - com.numenta.nupic.hypersearch.utils(8293) - INFO - <BUILDID=N/A, WORKER=HW, WRKID=48, JOBID=1044> Using experiment directory: /tmp/tmp8AM2GO
2015-07-18 08:25:17,508 - com.numenta.nupic.swarming.ModelRunner.OPFModelRunner(8293) - INFO - <BUILDID=N/A, WORKER=HW, WRKID=48, JOBID=1044> Finished: modelID=4423; 13982 records processed. Performing final activities
2015-07-18 08:25:17,620 - com.numenta.nupic.swarming.HypersearchWorker(8293) - INFO - <BUILDID=N/A, WORKER=HW, WRKID=48, JOBID=1044> COMPLETED MODEL GID=4423; EVALUATED 1 MODELs
2015-07-18 08:25:17,723 - com.numenta.nupic.swarming.HypersearchV2.HypersearchV2(8293) - INFO - <BUILDID=N/A, WORKER=HW, WRKID=48, JOBID=1044> New best model after 3 evaluations: errScore 59.595 on model 4402
2015-07-18 08:25:18,654 - com.numenta.nupic.swarming.HypersearchWorker(8293) - INFO - <BUILDID=N/A, WORKER=HW, WRKID=48, JOBID=1044> RUNNING MODEL GID=4621, paramsHash=4732b04c9c2817e077403e5ea92613ce, params={'particleState': {'varStates': {u'modelParams|sensorParams|encoders|timestamp_weekend:radius': {'bestResult': None, 'position': 1, 'bestPosition': 1, '_position': 1, 'velocity': None}, 'modelParams|clParams|alpha': {'bestResult': None, 'position': 0.050050000000000004, 'bestPosition': 0.050050000000000004, '_position': 0.050050000000000004, 'velocity': 0.01998}, 'modelParams|tpParams|minThreshold': {'bestResult': None, 'position': 11, 'bestPosition': 11, '_position': 10.5, 'velocity': 0.6}, 'modelParams|tpParams|activationThreshold': {'bestResult': None, 'position': 14, 'bestPosition': 14, '_position': 14.0, 'velocity': 0.8}, 'modelParams|tpParams|pamLength': {'bestResult': None, 'position': 3, 'bestPosition': 3, '_position': 3.0, 'velocity': 0.8}, 'modelParams|sensorParams|encoders|_classifierInput|n': {'bestResult': None, 'position': 275, 'bestPosition': 275, '_position': 274.5, 'velocity': 98.6}, 'modelParams|spParams|synPermInactiveDec': {'bestResult': None, 'position': 0.05015, 'bestPosition': 0.05015, '_position': 0.05015, 'velocity': 0.019940000000000003}}, 'genIdx': 0, 'swarmId': u'modelParams|sensorParams|encoders|timestamp_weekend', 'id': '48.30'}, 'structuredParams': {'aggregationInfo': {'seconds': 0, 'fields': [], 'months': 0, 'days': 0, 'years': 0, 'hours': 0, 'microseconds': 0, 'weeks': 0, 'minutes': 0, 'milliseconds': 0}, 'modelParams': {'sensorParams': {'encoders': {'_classifierInput': {'maxval': 35.0, 'classifierOnly': True, 'minval': 10.0, 'clipInput': True, 'n': 275, 'fieldname': 'euse', 'w': 21, 'type': 'ScalarEncoder'}, u'humid': None, u'is_daylight': None, u'temp': None, u'sec_since_rise': None, u'timestamp_dayOfWeek': None, u'timestamp_timeOfDay': None, u'euse': None, u'buildup': None, u'wind': None, u'timestamp_weekend': {'name': 'timestamp', 'type': 'DateEncoder', 'fieldname': 'timestamp', 'weekend': (21, 1)}}}, 'spParams': {'synPermInactiveDec': 0.05015}, 'tpParams': {'minThreshold': 11, 'activationThreshold': 14, 'pamLength': 3}, 'clParams': {'alpha': 0.050050000000000004}}}}
2015-07-18 08:25:18,672 - com.numenta.nupic.hypersearch.utils(8293) - INFO - <BUILDID=N/A, WORKER=HW, WRKID=48, JOBID=1044> Using experiment directory: /tmp/tmp_TMhAZ
2015-07-18 08:28:21,092 - com.numenta.nupic.swarming.ModelRunner.OPFModelRunner(8293) - INFO - <BUILDID=N/A, WORKER=HW, WRKID=48, JOBID=1044> Model 4621 canceled because Job 1044 was stopped.
2015-07-18 08:28:21,095 - com.numenta.nupic.swarming.ModelRunner.OPFModelRunner(8293) - INFO - <BUILDID=N/A, WORKER=HW, WRKID=48, JOBID=1044> Finished: modelID=4621; 1000 records processed. Performing final activities
2015-07-18 08:28:21,157 - com.numenta.nupic.swarming.HypersearchWorker(8293) - INFO - <BUILDID=N/A, WORKER=HW, WRKID=48, JOBID=1044> COMPLETED MODEL GID=4621; EVALUATED 2 MODELs
2015-07-18 08:28:21,215 - com.numenta.nupic.swarming.HypersearchV2.HypersearchV2(8293) - ERROR - <BUILDID=N/A, WORKER=HW, WRKID=48, JOBID=1044> Exiting because some worker set the workerCompletionReason to error. WorkerCompletionMsg: E10002: Exiting due to receiving too many models failing from exceptions (2 out of 6). 
Model Exception: Exception occurred while running model 4434: Exception('The encoder for is_daylight is invalid. minval 0.0 is greater than or equal to maxval 0.0. minval must be strictly less than maxval.',) (<type 'exceptions.Exception'>)
Traceback (most recent call last):
  File "/home/pat/workspace/nupic/nupic/swarming/utils.py", line 430, in runModelGivenBaseAndParams
    (completionReason, completionMsg) = runner.run()
  File "/home/pat/workspace/nupic/nupic/swarming/ModelRunner.py", line 245, in run
    self._model = ModelFactory.create(modelDescription)
  File "/home/pat/workspace/nupic/nupic/frameworks/opf/modelfactory.py", line 80, in create
    return modelClass(**modelConfig['modelParams'])
  File "/home/pat/workspace/nupic/nupic/frameworks/opf/clamodel.py", line 198, in __init__
    clParams, anomalyParams)
  File "/home/pat/workspace/nupic/nupic/frameworks/opf/clamodel.py", line 1058, in __createCLANetwork
    encoder = MultiEncoder(enabledEncoders)
  File "/home/pat/workspace/nupic/nupic/encoders/multi.py", line 54, in __init__
    self.addMultipleEncoders(encoderDescriptions)
  File "/home/pat/workspace/nupic/nupic/encoders/multi.py", line 135, in addMultipleEncoders
    self.addEncoder(fieldName, eval(encoderName)(**fieldParams))
  File "/home/pat/workspace/nupic/nupic/encoders/scalar.py", line 212, in __init__
    "than maxval." % (name, minval, maxval))
Exception: The encoder for is_daylight is invalid. minval 0.0 is greater than or equal to maxval 0.0. minval must be strictly less than maxval.

2015-07-18 08:28:21,215 - com.numenta.nupic.swarming.HypersearchV2.HypersearchV2(8293) - INFO - <BUILDID=N/A, WORKER=HW, WRKID=48, JOBID=1044> Stopping model 4446 because the search has ended
2015-07-18 08:28:21,230 - com.numenta.nupic.swarming.HypersearchV2.HypersearchV2(8293) - INFO - <BUILDID=N/A, WORKER=HW, WRKID=48, JOBID=1044> Stopping model 4619 because the search has ended
2015-07-18 08:28:21,271 - com.numenta.nupic.swarming.HypersearchV2.HypersearchV2(8293) - INFO - <BUILDID=N/A, WORKER=HW, WRKID=48, JOBID=1044> Successfully updated the field contributions:{u'humid': nan, u'euse': nan, u'temp': nan, u'sec_since_rise': nan, u'timestamp_dayOfWeek': nan, u'timestamp_timeOfDay': nan, u'is_daylight': nan, u'buildup': nan, u'wind': nan, u'timestamp_weekend': nan}
2015-07-18 08:28:21,272 - com.numenta.nupic.swarming.HypersearchWorker(8293) - INFO - <BUILDID=N/A, WORKER=HW, WRKID=48, JOBID=1044> FINISHED. Evaluated 2 models.
