2015-06-30 10:36:33,883 - com.numenta.nupic.swarming.HypersearchWorker(6151) - INFO - <BUILDID=N/A, WORKER=HS, WRKID=N/A, JOBID=N/A> Launched with command line arguments: ['--jobID=1034']
2015-06-30 10:36:33,885 - com.numenta.nupic.swarming.HypersearchWorker(6151) - INFO - <BUILDID=N/A, WORKER=HS, WRKID=N/A, JOBID=N/A> Connecting to the jobs database
2015-06-30 10:36:33,886 - com.numenta.nupic.database.Connection.ConnectionFactory(6151) - INFO - <BUILDID=N/A, WORKER=HS, WRKID=N/A, JOBID=N/A> Creating db connection policy via provider <bound method type._createDefaultPolicy of <class 'nupic.database.Connection.ConnectionFactory'>>
2015-06-30 10:36:33,914 - com.numenta.nupic.database.Connection.PooledConnectionPolicy(6151) - INFO - <BUILDID=N/A, WORKER=HS, WRKID=N/A, JOBID=N/A> Created PooledConnectionPolicy
2015-06-30 10:36:33,924 - com.numenta.nupic.database.ClientJobsDAO.ClientJobsDAO(6151) - INFO - <BUILDID=N/A, WORKER=HS, WRKID=N/A, JOBID=N/A> clientJobsConnectionID=85
2015-06-30 10:36:33,926 - com.numenta.nupic.swarming.HypersearchWorker(6151) - INFO - <BUILDID=N/A, WORKER=HW, WRKID=85, JOBID=1034> Job info retrieved: {'engModelMilestones': 'None', 'clientInfo': '', 'numFailedWorkers': '0', 'engJobType': 'hypersearch', 'results': 'None', 'jobId': '1034', 'completionMsg': 'None', 'cancel': '0', 'engWorkerState': 'None', 'workerCompletionMsg': 'None', 'jobHash': "\x8c\xa9\xe8\xf1\x1fN\x11\xe5\x97X\x08\x00'\x16\xdf\xd4", 'genBaseDescription': 'None', 'completionReason': 'None', 'priority': '0', 'cmdLine': '$HYPERSEARCH', 'params': '{"hsVersion": "v2", "maxModels": null, "persistentJobGUID": "8ca...', 'workerCompletionReason': 'success', 'engAllocateNewWorkers': '1', 'lastFailedWorkerErrorMsg': 'None', 'engUntendedDeadWorkers': '0', 'engLastUpdateTime': '2015-06-30 17:36:33', 'status': 'notStarted', 'engStatus': 'None', 'startTime': 'None', 'minimumWorkers': '1', 'endTime': 'None', 'engCjmConnId': 'None', 'genPermutations': 'None', 'client': 'GRP', 'engCleaningStatus': 'notdone', 'clientKey': '', 'maximumWorkers': '4'}
2015-06-30 10:36:33,927 - com.numenta.nupic.swarming.HypersearchV2.HypersearchV2(6151) - INFO - <BUILDID=N/A, WORKER=HW, WRKID=85, JOBID=1034> searchParams: 
{u'description': {u'includedFields': [{u'fieldName': 'timestamp',
                                       u'fieldType': 'datetime'},
                                      {u'fieldName': 'euse',
                                       u'fieldType': 'float',
                                       u'maxValue': '35.0',
                                       u'minValue': '10.0'}],
                  u'inferenceArgs': {u'predictedField': 'euse',
                                     u'predictionSteps': ['4']},
                  u'inferenceType': 'TemporalMultiStep',
                  u'iterationCount': '-1',
                  u'streamDef': {u'info': 'kwh',
                                 u'streams': [{u'columns': ['timestamp',
                                                            'euse'],
                                               u'info': 'energy_only_252',
                                               u'source': 'file:///home/pat/workspace/pecan/house_data/252_data/252_clean_d...'}]},
                  u'swarmSize': 'medium'},
 u'hsVersion': 'v2',
 u'maxModels': 'None',
 u'persistentJobGUID': '8ca9e8f0-1f4e-11e5-9758-08002716dfd4',
 u'useTerminators': 'False'}
2015-06-30 10:36:55,931 - com.numenta.nupic.swarming.HypersearchV2.HypersearchV2(6151) - INFO - <BUILDID=N/A, WORKER=HW, WRKID=85, JOBID=1034> Active swarms changed to [u'modelParams|sensorParams|encoders|euse', u'modelParams|sensorParams|encoders|timestamp_dayOfWeek', u'modelParams|sensorParams|encoders|timestamp_timeOfDay', u'modelParams|sensorParams|encoders|timestamp_weekend'] (from None)
2015-06-30 10:36:56,065 - com.numenta.nupic.database.ClientJobsDAO.ClientJobsDAO(6151) - INFO - <BUILDID=N/A, WORKER=HW, WRKID=85, JOBID=1034> Model insert attempt failed with DUP_ENTRY: jobID=1034; paramsHash=6e7c2529a6a7b2bb14694b97904eedc8 OR particleHash=9a02cd8248313b66146579a87edb88db; IntegrityError(1062, u"Duplicate entry '1034-n|%)\\xA6\\xA7\\xB2\\xBB\\x14iK\\x97\\x90N\\xED\\xC8' for key 'job_id'")
2015-06-30 10:36:56,070 - com.numenta.nupic.swarming.HypersearchWorker(6151) - INFO - <BUILDID=N/A, WORKER=HW, WRKID=85, JOBID=1034> Adding model 3361 to our internal DB because modelInsertAndStart() failed to insert it: paramsHash=6e7c2529a6a7b2bb14694b97904eedc8, particleHash=75695b30c1738cf5cf96b8b125489592, particleId='87.10.0'
2015-06-30 10:36:56,076 - com.numenta.nupic.database.ClientJobsDAO.ClientJobsDAO(6151) - INFO - <BUILDID=N/A, WORKER=HW, WRKID=85, JOBID=1034> Model insert attempt failed with DUP_ENTRY: jobID=1034; paramsHash=6e7c2529a6a7b2bb14694b97904eedc8 OR particleHash=b50902f8e1ddc5c5a5016713fa8beeaa; IntegrityError(1062, u"Duplicate entry '1034-n|%)\\xA6\\xA7\\xB2\\xBB\\x14iK\\x97\\x90N\\xED\\xC8' for key 'job_id'")
2015-06-30 10:36:56,091 - com.numenta.nupic.swarming.HypersearchWorker(6151) - INFO - <BUILDID=N/A, WORKER=HW, WRKID=85, JOBID=1034> Adding model 3361 to our internal DB because modelInsertAndStart() failed to insert it: paramsHash=6e7c2529a6a7b2bb14694b97904eedc8, particleHash=75695b30c1738cf5cf96b8b125489592, particleId='87.10.0'
2015-06-30 10:36:56,097 - com.numenta.nupic.database.ClientJobsDAO.ClientJobsDAO(6151) - INFO - <BUILDID=N/A, WORKER=HW, WRKID=85, JOBID=1034> Model insert attempt failed with DUP_ENTRY: jobID=1034; paramsHash=6e7c2529a6a7b2bb14694b97904eedc8 OR particleHash=1ae7dd36d11827803c6b3824b91dcbdd; IntegrityError(1062, u"Duplicate entry '1034-n|%)\\xA6\\xA7\\xB2\\xBB\\x14iK\\x97\\x90N\\xED\\xC8' for key 'job_id'")
2015-06-30 10:36:56,109 - com.numenta.nupic.swarming.HypersearchWorker(6151) - INFO - <BUILDID=N/A, WORKER=HW, WRKID=85, JOBID=1034> Adding model 3361 to our internal DB because modelInsertAndStart() failed to insert it: paramsHash=6e7c2529a6a7b2bb14694b97904eedc8, particleHash=75695b30c1738cf5cf96b8b125489592, particleId='87.10.0'
2015-06-30 10:36:56,123 - com.numenta.nupic.database.ClientJobsDAO.ClientJobsDAO(6151) - INFO - <BUILDID=N/A, WORKER=HW, WRKID=85, JOBID=1034> Model insert attempt failed with DUP_ENTRY: jobID=1034; paramsHash=6e7c2529a6a7b2bb14694b97904eedc8 OR particleHash=c4fd43e07c20b6c765cbc9214abd381d; IntegrityError(1062, u"Duplicate entry '1034-n|%)\\xA6\\xA7\\xB2\\xBB\\x14iK\\x97\\x90N\\xED\\xC8' for key 'job_id'")
2015-06-30 10:36:56,142 - com.numenta.nupic.swarming.HypersearchWorker(6151) - INFO - <BUILDID=N/A, WORKER=HW, WRKID=85, JOBID=1034> Adding model 3361 to our internal DB because modelInsertAndStart() failed to insert it: paramsHash=6e7c2529a6a7b2bb14694b97904eedc8, particleHash=75695b30c1738cf5cf96b8b125489592, particleId='87.10.0'
2015-06-30 10:36:56,155 - com.numenta.nupic.database.ClientJobsDAO.ClientJobsDAO(6151) - INFO - <BUILDID=N/A, WORKER=HW, WRKID=85, JOBID=1034> Model insert attempt failed with DUP_ENTRY: jobID=1034; paramsHash=6e7c2529a6a7b2bb14694b97904eedc8 OR particleHash=fb0fcf10a2edacd6a0a45dd549e1197c; IntegrityError(1062, u"Duplicate entry '1034-n|%)\\xA6\\xA7\\xB2\\xBB\\x14iK\\x97\\x90N\\xED\\xC8' for key 'job_id'")
2015-06-30 10:36:56,163 - com.numenta.nupic.swarming.HypersearchWorker(6151) - INFO - <BUILDID=N/A, WORKER=HW, WRKID=85, JOBID=1034> Adding model 3361 to our internal DB because modelInsertAndStart() failed to insert it: paramsHash=6e7c2529a6a7b2bb14694b97904eedc8, particleHash=75695b30c1738cf5cf96b8b125489592, particleId='87.10.0'
2015-06-30 10:36:56,168 - com.numenta.nupic.database.ClientJobsDAO.ClientJobsDAO(6151) - INFO - <BUILDID=N/A, WORKER=HW, WRKID=85, JOBID=1034> Model insert attempt failed with DUP_ENTRY: jobID=1034; paramsHash=6e7c2529a6a7b2bb14694b97904eedc8 OR particleHash=13ddd4d8800b8b065c38f3d7415d8e0c; IntegrityError(1062, u"Duplicate entry '1034-n|%)\\xA6\\xA7\\xB2\\xBB\\x14iK\\x97\\x90N\\xED\\xC8' for key 'job_id'")
2015-06-30 10:36:56,177 - com.numenta.nupic.swarming.HypersearchWorker(6151) - INFO - <BUILDID=N/A, WORKER=HW, WRKID=85, JOBID=1034> Adding model 3361 to our internal DB because modelInsertAndStart() failed to insert it: paramsHash=6e7c2529a6a7b2bb14694b97904eedc8, particleHash=75695b30c1738cf5cf96b8b125489592, particleId='87.10.0'
2015-06-30 10:36:56,181 - com.numenta.nupic.database.ClientJobsDAO.ClientJobsDAO(6151) - INFO - <BUILDID=N/A, WORKER=HW, WRKID=85, JOBID=1034> Model insert attempt failed with DUP_ENTRY: jobID=1034; paramsHash=6e7c2529a6a7b2bb14694b97904eedc8 OR particleHash=5171aae9fab4e0e2eb1bebe87837660b; IntegrityError(1062, u"Duplicate entry '1034-n|%)\\xA6\\xA7\\xB2\\xBB\\x14iK\\x97\\x90N\\xED\\xC8' for key 'job_id'")
2015-06-30 10:36:56,199 - com.numenta.nupic.swarming.HypersearchWorker(6151) - INFO - <BUILDID=N/A, WORKER=HW, WRKID=85, JOBID=1034> Adding model 3361 to our internal DB because modelInsertAndStart() failed to insert it: paramsHash=6e7c2529a6a7b2bb14694b97904eedc8, particleHash=75695b30c1738cf5cf96b8b125489592, particleId='87.10.0'
2015-06-30 10:36:56,203 - com.numenta.nupic.database.ClientJobsDAO.ClientJobsDAO(6151) - INFO - <BUILDID=N/A, WORKER=HW, WRKID=85, JOBID=1034> Model insert attempt failed with DUP_ENTRY: jobID=1034; paramsHash=6e7c2529a6a7b2bb14694b97904eedc8 OR particleHash=b686d156efcf90a31cd5b356cab6e32f; IntegrityError(1062, u"Duplicate entry '1034-n|%)\\xA6\\xA7\\xB2\\xBB\\x14iK\\x97\\x90N\\xED\\xC8' for key 'job_id'")
2015-06-30 10:36:56,217 - com.numenta.nupic.swarming.HypersearchWorker(6151) - INFO - <BUILDID=N/A, WORKER=HW, WRKID=85, JOBID=1034> Adding model 3361 to our internal DB because modelInsertAndStart() failed to insert it: paramsHash=6e7c2529a6a7b2bb14694b97904eedc8, particleHash=75695b30c1738cf5cf96b8b125489592, particleId='87.10.0'
2015-06-30 10:36:56,240 - com.numenta.nupic.database.ClientJobsDAO.ClientJobsDAO(6151) - INFO - <BUILDID=N/A, WORKER=HW, WRKID=85, JOBID=1034> Model insert attempt failed with DUP_ENTRY: jobID=1034; paramsHash=6e7c2529a6a7b2bb14694b97904eedc8 OR particleHash=b1635a6a195c3f4566f3f9ad507d546c; IntegrityError(1062, u"Duplicate entry '1034-n|%)\\xA6\\xA7\\xB2\\xBB\\x14iK\\x97\\x90N\\xED\\xC8' for key 'job_id'")
2015-06-30 10:36:56,258 - com.numenta.nupic.swarming.HypersearchWorker(6151) - INFO - <BUILDID=N/A, WORKER=HW, WRKID=85, JOBID=1034> Adding model 3361 to our internal DB because modelInsertAndStart() failed to insert it: paramsHash=6e7c2529a6a7b2bb14694b97904eedc8, particleHash=75695b30c1738cf5cf96b8b125489592, particleId='87.10.0'
2015-06-30 10:36:56,263 - com.numenta.nupic.database.ClientJobsDAO.ClientJobsDAO(6151) - INFO - <BUILDID=N/A, WORKER=HW, WRKID=85, JOBID=1034> Model insert attempt failed with DUP_ENTRY: jobID=1034; paramsHash=6e7c2529a6a7b2bb14694b97904eedc8 OR particleHash=f27626b9026986c219600abb1501d645; IntegrityError(1062, u"Duplicate entry '1034-n|%)\\xA6\\xA7\\xB2\\xBB\\x14iK\\x97\\x90N\\xED\\xC8' for key 'job_id'")
2015-06-30 10:36:56,274 - com.numenta.nupic.swarming.HypersearchWorker(6151) - INFO - <BUILDID=N/A, WORKER=HW, WRKID=85, JOBID=1034> Adding model 3361 to our internal DB because modelInsertAndStart() failed to insert it: paramsHash=6e7c2529a6a7b2bb14694b97904eedc8, particleHash=75695b30c1738cf5cf96b8b125489592, particleId='87.10.0'
2015-06-30 10:36:56,463 - com.numenta.nupic.database.ClientJobsDAO.ClientJobsDAO(6151) - INFO - <BUILDID=N/A, WORKER=HW, WRKID=85, JOBID=1034> Model insert attempt failed with DUP_ENTRY: jobID=1034; paramsHash=73789c9faaf7a2e06e6557a38b2db575 OR particleHash=fb7e4c99f5134d1dde45d6e65f14fc09; IntegrityError(1062, u"Duplicate entry '1034-sx\\x9C\\x9F\\xAA\\xF7\\xA2\\xE0neW\\xA3\\x8B-\\xB5u' for key 'job_id'")
2015-06-30 10:36:56,483 - com.numenta.nupic.swarming.HypersearchWorker(6151) - INFO - <BUILDID=N/A, WORKER=HW, WRKID=85, JOBID=1034> Adding model 3382 to our internal DB because modelInsertAndStart() failed to insert it: paramsHash=73789c9faaf7a2e06e6557a38b2db575, particleHash=28cea9396e4a917d4fda6feb2195676e, particleId='84.10.0'
2015-06-30 10:36:56,490 - com.numenta.nupic.database.ClientJobsDAO.ClientJobsDAO(6151) - INFO - <BUILDID=N/A, WORKER=HW, WRKID=85, JOBID=1034> Model insert attempt failed with DUP_ENTRY: jobID=1034; paramsHash=73789c9faaf7a2e06e6557a38b2db575 OR particleHash=55366a02aa09e263a9560f60a460c4c9; IntegrityError(1062, u"Duplicate entry '1034-sx\\x9C\\x9F\\xAA\\xF7\\xA2\\xE0neW\\xA3\\x8B-\\xB5u' for key 'job_id'")
2015-06-30 10:36:56,497 - com.numenta.nupic.swarming.HypersearchWorker(6151) - INFO - <BUILDID=N/A, WORKER=HW, WRKID=85, JOBID=1034> Adding model 3382 to our internal DB because modelInsertAndStart() failed to insert it: paramsHash=73789c9faaf7a2e06e6557a38b2db575, particleHash=28cea9396e4a917d4fda6feb2195676e, particleId='84.10.0'
2015-06-30 10:36:56,511 - com.numenta.nupic.database.ClientJobsDAO.ClientJobsDAO(6151) - INFO - <BUILDID=N/A, WORKER=HW, WRKID=85, JOBID=1034> Model insert attempt failed with DUP_ENTRY: jobID=1034; paramsHash=73789c9faaf7a2e06e6557a38b2db575 OR particleHash=93e720c48911afdf63017ecd65b595e5; IntegrityError(1062, u"Duplicate entry '1034-sx\\x9C\\x9F\\xAA\\xF7\\xA2\\xE0neW\\xA3\\x8B-\\xB5u' for key 'job_id'")
2015-06-30 10:36:56,536 - com.numenta.nupic.swarming.HypersearchWorker(6151) - INFO - <BUILDID=N/A, WORKER=HW, WRKID=85, JOBID=1034> Adding model 3382 to our internal DB because modelInsertAndStart() failed to insert it: paramsHash=73789c9faaf7a2e06e6557a38b2db575, particleHash=28cea9396e4a917d4fda6feb2195676e, particleId='84.10.0'
2015-06-30 10:36:56,540 - com.numenta.nupic.database.ClientJobsDAO.ClientJobsDAO(6151) - INFO - <BUILDID=N/A, WORKER=HW, WRKID=85, JOBID=1034> Model insert attempt failed with DUP_ENTRY: jobID=1034; paramsHash=73789c9faaf7a2e06e6557a38b2db575 OR particleHash=50e98a5a858ab16e3a2dcb08900f1195; IntegrityError(1062, u"Duplicate entry '1034-sx\\x9C\\x9F\\xAA\\xF7\\xA2\\xE0neW\\xA3\\x8B-\\xB5u' for key 'job_id'")
2015-06-30 10:36:56,547 - com.numenta.nupic.swarming.HypersearchWorker(6151) - INFO - <BUILDID=N/A, WORKER=HW, WRKID=85, JOBID=1034> Adding model 3382 to our internal DB because modelInsertAndStart() failed to insert it: paramsHash=73789c9faaf7a2e06e6557a38b2db575, particleHash=28cea9396e4a917d4fda6feb2195676e, particleId='84.10.0'
2015-06-30 10:36:56,565 - com.numenta.nupic.database.ClientJobsDAO.ClientJobsDAO(6151) - INFO - <BUILDID=N/A, WORKER=HW, WRKID=85, JOBID=1034> Model insert attempt failed with DUP_ENTRY: jobID=1034; paramsHash=73789c9faaf7a2e06e6557a38b2db575 OR particleHash=b267ad0de80cf710eda6a2a5d4d53cb6; IntegrityError(1062, u"Duplicate entry '1034-sx\\x9C\\x9F\\xAA\\xF7\\xA2\\xE0neW\\xA3\\x8B-\\xB5u' for key 'job_id'")
2015-06-30 10:36:56,569 - com.numenta.nupic.swarming.HypersearchWorker(6151) - INFO - <BUILDID=N/A, WORKER=HW, WRKID=85, JOBID=1034> Adding model 3382 to our internal DB because modelInsertAndStart() failed to insert it: paramsHash=73789c9faaf7a2e06e6557a38b2db575, particleHash=28cea9396e4a917d4fda6feb2195676e, particleId='84.10.0'
2015-06-30 10:36:56,573 - com.numenta.nupic.database.ClientJobsDAO.ClientJobsDAO(6151) - INFO - <BUILDID=N/A, WORKER=HW, WRKID=85, JOBID=1034> Model insert attempt failed with DUP_ENTRY: jobID=1034; paramsHash=73789c9faaf7a2e06e6557a38b2db575 OR particleHash=a7fc83a12ab2111d706eb40631527a52; IntegrityError(1062, u"Duplicate entry '1034-sx\\x9C\\x9F\\xAA\\xF7\\xA2\\xE0neW\\xA3\\x8B-\\xB5u' for key 'job_id'")
2015-06-30 10:36:56,580 - com.numenta.nupic.swarming.HypersearchWorker(6151) - INFO - <BUILDID=N/A, WORKER=HW, WRKID=85, JOBID=1034> Adding model 3382 to our internal DB because modelInsertAndStart() failed to insert it: paramsHash=73789c9faaf7a2e06e6557a38b2db575, particleHash=28cea9396e4a917d4fda6feb2195676e, particleId='84.10.0'
2015-06-30 10:36:56,589 - com.numenta.nupic.database.ClientJobsDAO.ClientJobsDAO(6151) - INFO - <BUILDID=N/A, WORKER=HW, WRKID=85, JOBID=1034> Model insert attempt failed with DUP_ENTRY: jobID=1034; paramsHash=73789c9faaf7a2e06e6557a38b2db575 OR particleHash=1bec2b112d57215dddb11ca7029ca987; IntegrityError(1062, u"Duplicate entry '1034-sx\\x9C\\x9F\\xAA\\xF7\\xA2\\xE0neW\\xA3\\x8B-\\xB5u' for key 'job_id'")
2015-06-30 10:36:56,596 - com.numenta.nupic.swarming.HypersearchWorker(6151) - INFO - <BUILDID=N/A, WORKER=HW, WRKID=85, JOBID=1034> Adding model 3382 to our internal DB because modelInsertAndStart() failed to insert it: paramsHash=73789c9faaf7a2e06e6557a38b2db575, particleHash=28cea9396e4a917d4fda6feb2195676e, particleId='84.10.0'
2015-06-30 10:36:56,607 - com.numenta.nupic.database.ClientJobsDAO.ClientJobsDAO(6151) - INFO - <BUILDID=N/A, WORKER=HW, WRKID=85, JOBID=1034> Model insert attempt failed with DUP_ENTRY: jobID=1034; paramsHash=73789c9faaf7a2e06e6557a38b2db575 OR particleHash=fa30f004b11c41588ba17d3f2aad5246; IntegrityError(1062, u"Duplicate entry '1034-sx\\x9C\\x9F\\xAA\\xF7\\xA2\\xE0neW\\xA3\\x8B-\\xB5u' for key 'job_id'")
2015-06-30 10:36:56,631 - com.numenta.nupic.swarming.HypersearchWorker(6151) - INFO - <BUILDID=N/A, WORKER=HW, WRKID=85, JOBID=1034> Adding model 3382 to our internal DB because modelInsertAndStart() failed to insert it: paramsHash=73789c9faaf7a2e06e6557a38b2db575, particleHash=28cea9396e4a917d4fda6feb2195676e, particleId='84.10.0'
2015-06-30 10:36:56,634 - com.numenta.nupic.database.ClientJobsDAO.ClientJobsDAO(6151) - INFO - <BUILDID=N/A, WORKER=HW, WRKID=85, JOBID=1034> Model insert attempt failed with DUP_ENTRY: jobID=1034; paramsHash=73789c9faaf7a2e06e6557a38b2db575 OR particleHash=fc42b2555aef12fb79908718843363d7; IntegrityError(1062, u"Duplicate entry '1034-sx\\x9C\\x9F\\xAA\\xF7\\xA2\\xE0neW\\xA3\\x8B-\\xB5u' for key 'job_id'")
2015-06-30 10:36:56,637 - com.numenta.nupic.swarming.HypersearchWorker(6151) - INFO - <BUILDID=N/A, WORKER=HW, WRKID=85, JOBID=1034> Adding model 3382 to our internal DB because modelInsertAndStart() failed to insert it: paramsHash=73789c9faaf7a2e06e6557a38b2db575, particleHash=28cea9396e4a917d4fda6feb2195676e, particleId='84.10.0'
2015-06-30 10:36:56,640 - com.numenta.nupic.database.ClientJobsDAO.ClientJobsDAO(6151) - INFO - <BUILDID=N/A, WORKER=HW, WRKID=85, JOBID=1034> Model insert attempt failed with DUP_ENTRY: jobID=1034; paramsHash=73789c9faaf7a2e06e6557a38b2db575 OR particleHash=770dc013cecbe3798c0eb5ccc14f8870; IntegrityError(1062, u"Duplicate entry '1034-sx\\x9C\\x9F\\xAA\\xF7\\xA2\\xE0neW\\xA3\\x8B-\\xB5u' for key 'job_id'")
2015-06-30 10:36:56,651 - com.numenta.nupic.swarming.HypersearchWorker(6151) - INFO - <BUILDID=N/A, WORKER=HW, WRKID=85, JOBID=1034> Adding model 3382 to our internal DB because modelInsertAndStart() failed to insert it: paramsHash=73789c9faaf7a2e06e6557a38b2db575, particleHash=28cea9396e4a917d4fda6feb2195676e, particleId='84.10.0'
2015-06-30 10:36:56,720 - com.numenta.nupic.swarming.HypersearchWorker(6151) - INFO - <BUILDID=N/A, WORKER=HW, WRKID=85, JOBID=1034> RUNNING MODEL GID=3393, paramsHash=b8ae10f61231e55ebb893cc113e5ca12, params={'particleState': {'varStates': {u'modelParams|sensorParams|encoders|timestamp_weekend:radius': {'bestResult': None, 'position': 1, 'bestPosition': 1, '_position': 1, 'velocity': None}, 'modelParams|clParams|alpha': {'bestResult': None, 'position': 0.050050000000000004, 'bestPosition': 0.050050000000000004, '_position': 0.050050000000000004, 'velocity': 0.01998}, 'modelParams|tpParams|minThreshold': {'bestResult': None, 'position': 11, 'bestPosition': 11, '_position': 10.5, 'velocity': 0.6}, 'modelParams|tpParams|activationThreshold': {'bestResult': None, 'position': 14, 'bestPosition': 14, '_position': 14.0, 'velocity': 0.8}, 'modelParams|tpParams|pamLength': {'bestResult': None, 'position': 3, 'bestPosition': 3, '_position': 3.0, 'velocity': 0.8}, 'modelParams|sensorParams|encoders|_classifierInput|n': {'bestResult': None, 'position': 275, 'bestPosition': 275, '_position': 274.5, 'velocity': 98.6}, 'modelParams|spParams|synPermInactiveDec': {'bestResult': None, 'position': 0.05015, 'bestPosition': 0.05015, '_position': 0.05015, 'velocity': 0.019940000000000003}}, 'genIdx': 0, 'swarmId': u'modelParams|sensorParams|encoders|timestamp_weekend', 'id': '85.20'}, 'structuredParams': {'aggregationInfo': {'seconds': 0, 'fields': [], 'months': 0, 'days': 0, 'years': 0, 'hours': 0, 'microseconds': 0, 'weeks': 0, 'minutes': 0, 'milliseconds': 0}, 'modelParams': {'sensorParams': {'encoders': {'_classifierInput': {'maxval': 35.0, 'classifierOnly': True, 'minval': 10.0, 'clipInput': True, 'n': 275, 'fieldname': 'euse', 'w': 21, 'type': 'ScalarEncoder'}, u'timestamp_dayOfWeek': None, u'timestamp_timeOfDay': None, u'euse': None, u'timestamp_weekend': {'name': 'timestamp', 'type': 'DateEncoder', 'fieldname': 'timestamp', 'weekend': (21, 1)}}}, 'spParams': {'synPermInactiveDec': 0.05015}, 'tpParams': {'minThreshold': 11, 'activationThreshold': 14, 'pamLength': 3}, 'clParams': {'alpha': 0.050050000000000004}}}}
2015-06-30 10:36:56,724 - com.numenta.nupic.hypersearch.utils(6151) - INFO - <BUILDID=N/A, WORKER=HW, WRKID=85, JOBID=1034> Using experiment directory: /tmp/tmpywAz1X
