2014-12-27 10:11:14,167 - com.numenta.nupic.swarming.HypersearchWorker(7138) - INFO - <BUILDID=N/A, WORKER=HS, WRKID=N/A, JOBID=N/A> Launched with command line arguments: ['--jobID=1010']
2014-12-27 10:11:14,167 - com.numenta.nupic.swarming.HypersearchWorker(7138) - INFO - <BUILDID=N/A, WORKER=HS, WRKID=N/A, JOBID=N/A> Connecting to the jobs database
2014-12-27 10:11:14,167 - com.numenta.nupic.database.Connection.ConnectionFactory(7138) - INFO - <BUILDID=N/A, WORKER=HS, WRKID=N/A, JOBID=N/A> Creating db connection policy via provider <bound method type._createDefaultPolicy of <class 'nupic.database.Connection.ConnectionFactory'>>
2014-12-27 10:11:14,194 - com.numenta.nupic.database.Connection.PooledConnectionPolicy(7138) - INFO - <BUILDID=N/A, WORKER=HS, WRKID=N/A, JOBID=N/A> Created PooledConnectionPolicy
2014-12-27 10:11:14,204 - com.numenta.nupic.database.ClientJobsDAO.ClientJobsDAO(7138) - INFO - <BUILDID=N/A, WORKER=HS, WRKID=N/A, JOBID=N/A> clientJobsConnectionID=86
2014-12-27 10:11:14,211 - com.numenta.nupic.swarming.HypersearchWorker(7138) - INFO - <BUILDID=N/A, WORKER=HW, WRKID=86, JOBID=1010> Job info retrieved: {'engModelMilestones': 'None', 'clientInfo': '', 'numFailedWorkers': '0', 'engJobType': 'hypersearch', 'results': 'None', 'jobId': '1010', 'completionMsg': 'None', 'cancel': '0', 'engWorkerState': 'None', 'workerCompletionMsg': 'None', 'jobHash': "\xbeH8A\x8d\xf3\x11\xe4\x9c\x1f\x08\x00'\x16\xdf\xd4", 'genBaseDescription': 'None', 'completionReason': 'None', 'priority': '0', 'cmdLine': '$HYPERSEARCH', 'params': '{"hsVersion": "v2", "maxModels": null, "persistentJobGUID": "be4...', 'workerCompletionReason': 'success', 'engAllocateNewWorkers': '1', 'lastFailedWorkerErrorMsg': 'None', 'engUntendedDeadWorkers': '0', 'engLastUpdateTime': '2014-12-27 18:11:13', 'status': 'notStarted', 'engStatus': 'None', 'startTime': 'None', 'minimumWorkers': '1', 'endTime': 'None', 'engCjmConnId': 'None', 'genPermutations': 'None', 'client': 'GRP', 'engCleaningStatus': 'notdone', 'clientKey': '', 'maximumWorkers': '4'}
2014-12-27 10:11:14,221 - com.numenta.nupic.swarming.HypersearchV2.HypersearchV2(7138) - INFO - <BUILDID=N/A, WORKER=HW, WRKID=86, JOBID=1010> searchParams: 
{u'description': {u'includedFields': [{u'fieldName': 'timestamp',
                                       u'fieldType': 'datetime'},
                                      {u'fieldName': 'kw_energy_consumption',
                                       u'fieldType': 'float',
                                       u'maxValue': '5.18',
                                       u'minValue': '0.0'}],
                  u'inferenceArgs': {u'predictedField': 'kw_energy_consumption',
                                     u'predictionSteps': ['1']},
                  u'inferenceType': 'TemporalMultiStep',
                  u'iterationCount': '-1',
                  u'streamDef': {u'info': 'kw_energy_consumption',
                                 u'streams': [{u'columns': ['*'],
                                               u'info': 'San Diego',
                                               u'source': 'file://sandiego.csv'}],
                                 u'version': '1'},
                  u'swarmSize': 'small'},
 u'hsVersion': 'v2',
 u'maxModels': 'None',
 u'persistentJobGUID': 'be483840-8df3-11e4-9c1f-08002716dfd4',
 u'useTerminators': 'False'}
2014-12-27 10:11:14,423 - com.numenta.nupic.swarming.HypersearchV2.HypersearchV2(7138) - INFO - <BUILDID=N/A, WORKER=HW, WRKID=86, JOBID=1010> Active swarms changed to [u'modelParams|sensorParams|encoders|kw_energy_consumption'] (from None)
2014-12-27 10:11:14,560 - com.numenta.nupic.database.ClientJobsDAO.ClientJobsDAO(7138) - INFO - <BUILDID=N/A, WORKER=HW, WRKID=86, JOBID=1010> Model insert attempt failed with DUP_ENTRY: jobID=1010; paramsHash=b83e94a3acb214f3fdd3aee92e9fbdb5 OR particleHash=83a70d50e962706a2352ae713f8bdc37; IntegrityError(1062, u"Duplicate entry '1010-\\xB8>\\x94\\xA3\\xAC\\xB2\\x14\\xF3\\xFD\\xD3\\xAE\\xE9.\\x9F\\xBD\\xB5' for key 'job_id'")
2014-12-27 10:11:14,573 - com.numenta.nupic.swarming.HypersearchWorker(7138) - INFO - <BUILDID=N/A, WORKER=HW, WRKID=86, JOBID=1010> Adding model 1542 to our internal DB because modelInsertAndStart() failed to insert it: paramsHash=b83e94a3acb214f3fdd3aee92e9fbdb5, particleHash=9a02cd8248313b66146579a87edb88db, particleId='85.0.0'
2014-12-27 10:11:14,581 - com.numenta.nupic.database.ClientJobsDAO.ClientJobsDAO(7138) - INFO - <BUILDID=N/A, WORKER=HW, WRKID=86, JOBID=1010> Model insert attempt failed with DUP_ENTRY: jobID=1010; paramsHash=b83e94a3acb214f3fdd3aee92e9fbdb5 OR particleHash=2249b0e39a5bd54976b1c58cec2ec98d; IntegrityError(1062, u"Duplicate entry '1010-\\xB8>\\x94\\xA3\\xAC\\xB2\\x14\\xF3\\xFD\\xD3\\xAE\\xE9.\\x9F\\xBD\\xB5' for key 'job_id'")
2014-12-27 10:11:14,598 - com.numenta.nupic.swarming.HypersearchWorker(7138) - INFO - <BUILDID=N/A, WORKER=HW, WRKID=86, JOBID=1010> Adding model 1542 to our internal DB because modelInsertAndStart() failed to insert it: paramsHash=b83e94a3acb214f3fdd3aee92e9fbdb5, particleHash=9a02cd8248313b66146579a87edb88db, particleId='85.0.0'
2014-12-27 10:11:14,604 - com.numenta.nupic.database.ClientJobsDAO.ClientJobsDAO(7138) - INFO - <BUILDID=N/A, WORKER=HW, WRKID=86, JOBID=1010> Model insert attempt failed with DUP_ENTRY: jobID=1010; paramsHash=b83e94a3acb214f3fdd3aee92e9fbdb5 OR particleHash=0c08246fcfd01f7d14f7ff0086a6a56e; IntegrityError(1062, u"Duplicate entry '1010-\\xB8>\\x94\\xA3\\xAC\\xB2\\x14\\xF3\\xFD\\xD3\\xAE\\xE9.\\x9F\\xBD\\xB5' for key 'job_id'")
2014-12-27 10:11:14,611 - com.numenta.nupic.swarming.HypersearchWorker(7138) - INFO - <BUILDID=N/A, WORKER=HW, WRKID=86, JOBID=1010> Adding model 1542 to our internal DB because modelInsertAndStart() failed to insert it: paramsHash=b83e94a3acb214f3fdd3aee92e9fbdb5, particleHash=9a02cd8248313b66146579a87edb88db, particleId='85.0.0'
2014-12-27 10:11:14,617 - com.numenta.nupic.database.ClientJobsDAO.ClientJobsDAO(7138) - INFO - <BUILDID=N/A, WORKER=HW, WRKID=86, JOBID=1010> Model insert attempt failed with DUP_ENTRY: jobID=1010; paramsHash=b83e94a3acb214f3fdd3aee92e9fbdb5 OR particleHash=97bc98e016b740b4c42ed91da350ce0a; IntegrityError(1062, u"Duplicate entry '1010-\\xB8>\\x94\\xA3\\xAC\\xB2\\x14\\xF3\\xFD\\xD3\\xAE\\xE9.\\x9F\\xBD\\xB5' for key 'job_id'")
2014-12-27 10:11:14,622 - com.numenta.nupic.swarming.HypersearchWorker(7138) - INFO - <BUILDID=N/A, WORKER=HW, WRKID=86, JOBID=1010> Adding model 1542 to our internal DB because modelInsertAndStart() failed to insert it: paramsHash=b83e94a3acb214f3fdd3aee92e9fbdb5, particleHash=9a02cd8248313b66146579a87edb88db, particleId='85.0.0'
2014-12-27 10:11:14,627 - com.numenta.nupic.database.ClientJobsDAO.ClientJobsDAO(7138) - INFO - <BUILDID=N/A, WORKER=HW, WRKID=86, JOBID=1010> Model insert attempt failed with DUP_ENTRY: jobID=1010; paramsHash=b83e94a3acb214f3fdd3aee92e9fbdb5 OR particleHash=4fc95de3ec25d05496615c462fcf6cea; IntegrityError(1062, u"Duplicate entry '1010-\\xB8>\\x94\\xA3\\xAC\\xB2\\x14\\xF3\\xFD\\xD3\\xAE\\xE9.\\x9F\\xBD\\xB5' for key 'job_id'")
2014-12-27 10:11:14,633 - com.numenta.nupic.swarming.HypersearchWorker(7138) - INFO - <BUILDID=N/A, WORKER=HW, WRKID=86, JOBID=1010> Adding model 1542 to our internal DB because modelInsertAndStart() failed to insert it: paramsHash=b83e94a3acb214f3fdd3aee92e9fbdb5, particleHash=9a02cd8248313b66146579a87edb88db, particleId='85.0.0'
2014-12-27 10:11:14,636 - com.numenta.nupic.database.ClientJobsDAO.ClientJobsDAO(7138) - INFO - <BUILDID=N/A, WORKER=HW, WRKID=86, JOBID=1010> Model insert attempt failed with DUP_ENTRY: jobID=1010; paramsHash=b83e94a3acb214f3fdd3aee92e9fbdb5 OR particleHash=b01a09c3596efa497f1427f22c01c891; IntegrityError(1062, u"Duplicate entry '1010-\\xB8>\\x94\\xA3\\xAC\\xB2\\x14\\xF3\\xFD\\xD3\\xAE\\xE9.\\x9F\\xBD\\xB5' for key 'job_id'")
2014-12-27 10:11:14,647 - com.numenta.nupic.swarming.HypersearchWorker(7138) - INFO - <BUILDID=N/A, WORKER=HW, WRKID=86, JOBID=1010> Adding model 1542 to our internal DB because modelInsertAndStart() failed to insert it: paramsHash=b83e94a3acb214f3fdd3aee92e9fbdb5, particleHash=9a02cd8248313b66146579a87edb88db, particleId='85.0.0'
2014-12-27 10:11:14,650 - com.numenta.nupic.database.ClientJobsDAO.ClientJobsDAO(7138) - INFO - <BUILDID=N/A, WORKER=HW, WRKID=86, JOBID=1010> Model insert attempt failed with DUP_ENTRY: jobID=1010; paramsHash=b83e94a3acb214f3fdd3aee92e9fbdb5 OR particleHash=cd198d557446d96c31cb72ee7e338bfd; IntegrityError(1062, u"Duplicate entry '1010-\\xB8>\\x94\\xA3\\xAC\\xB2\\x14\\xF3\\xFD\\xD3\\xAE\\xE9.\\x9F\\xBD\\xB5' for key 'job_id'")
2014-12-27 10:11:14,654 - com.numenta.nupic.swarming.HypersearchWorker(7138) - INFO - <BUILDID=N/A, WORKER=HW, WRKID=86, JOBID=1010> Adding model 1542 to our internal DB because modelInsertAndStart() failed to insert it: paramsHash=b83e94a3acb214f3fdd3aee92e9fbdb5, particleHash=9a02cd8248313b66146579a87edb88db, particleId='85.0.0'
2014-12-27 10:11:14,658 - com.numenta.nupic.database.ClientJobsDAO.ClientJobsDAO(7138) - INFO - <BUILDID=N/A, WORKER=HW, WRKID=86, JOBID=1010> Model insert attempt failed with DUP_ENTRY: jobID=1010; paramsHash=b83e94a3acb214f3fdd3aee92e9fbdb5 OR particleHash=80fbe37abc6f3368f758439eea0bfd6e; IntegrityError(1062, u"Duplicate entry '1010-\\xB8>\\x94\\xA3\\xAC\\xB2\\x14\\xF3\\xFD\\xD3\\xAE\\xE9.\\x9F\\xBD\\xB5' for key 'job_id'")
2014-12-27 10:11:14,663 - com.numenta.nupic.swarming.HypersearchWorker(7138) - INFO - <BUILDID=N/A, WORKER=HW, WRKID=86, JOBID=1010> Adding model 1542 to our internal DB because modelInsertAndStart() failed to insert it: paramsHash=b83e94a3acb214f3fdd3aee92e9fbdb5, particleHash=9a02cd8248313b66146579a87edb88db, particleId='85.0.0'
2014-12-27 10:11:14,666 - com.numenta.nupic.database.ClientJobsDAO.ClientJobsDAO(7138) - INFO - <BUILDID=N/A, WORKER=HW, WRKID=86, JOBID=1010> Model insert attempt failed with DUP_ENTRY: jobID=1010; paramsHash=b83e94a3acb214f3fdd3aee92e9fbdb5 OR particleHash=4e9b938c110e7d4cecd6bfb64bf1fc5b; IntegrityError(1062, u"Duplicate entry '1010-\\xB8>\\x94\\xA3\\xAC\\xB2\\x14\\xF3\\xFD\\xD3\\xAE\\xE9.\\x9F\\xBD\\xB5' for key 'job_id'")
2014-12-27 10:11:14,669 - com.numenta.nupic.swarming.HypersearchWorker(7138) - INFO - <BUILDID=N/A, WORKER=HW, WRKID=86, JOBID=1010> Adding model 1542 to our internal DB because modelInsertAndStart() failed to insert it: paramsHash=b83e94a3acb214f3fdd3aee92e9fbdb5, particleHash=9a02cd8248313b66146579a87edb88db, particleId='85.0.0'
2014-12-27 10:11:14,672 - com.numenta.nupic.database.ClientJobsDAO.ClientJobsDAO(7138) - INFO - <BUILDID=N/A, WORKER=HW, WRKID=86, JOBID=1010> Model insert attempt failed with DUP_ENTRY: jobID=1010; paramsHash=b83e94a3acb214f3fdd3aee92e9fbdb5 OR particleHash=76c53160c4282507efd27be2e270611b; IntegrityError(1062, u"Duplicate entry '1010-\\xB8>\\x94\\xA3\\xAC\\xB2\\x14\\xF3\\xFD\\xD3\\xAE\\xE9.\\x9F\\xBD\\xB5' for key 'job_id'")
2014-12-27 10:11:14,675 - com.numenta.nupic.swarming.HypersearchWorker(7138) - INFO - <BUILDID=N/A, WORKER=HW, WRKID=86, JOBID=1010> Adding model 1542 to our internal DB because modelInsertAndStart() failed to insert it: paramsHash=b83e94a3acb214f3fdd3aee92e9fbdb5, particleHash=9a02cd8248313b66146579a87edb88db, particleId='85.0.0'
2014-12-27 10:11:14,724 - com.numenta.nupic.database.ClientJobsDAO.ClientJobsDAO(7138) - INFO - <BUILDID=N/A, WORKER=HW, WRKID=86, JOBID=1010> Model insert attempt failed with DUP_ENTRY: jobID=1010; paramsHash=19aec87b133d141c1453d8d3cfcea9d8 OR particleHash=f0bac5f2c625a026ff42baa3075aa8c9; IntegrityError(1062, u"Duplicate entry '1010-\\x19\\xAE\\xC8{\\x13=\\x14\\x1C\\x14S\\xD8\\xD3\\xCF\\xCE\\xA9\\xD8' for key 'job_id'")
2014-12-27 10:11:14,727 - com.numenta.nupic.swarming.HypersearchWorker(7138) - INFO - <BUILDID=N/A, WORKER=HW, WRKID=86, JOBID=1010> Adding model 1564 to our internal DB because modelInsertAndStart() failed to insert it: paramsHash=19aec87b133d141c1453d8d3cfcea9d8, particleHash=1d6e3ede9f8f4c1c590251091f2f9992, particleId='85.20.0'
2014-12-27 10:11:14,730 - com.numenta.nupic.database.ClientJobsDAO.ClientJobsDAO(7138) - INFO - <BUILDID=N/A, WORKER=HW, WRKID=86, JOBID=1010> Model insert attempt failed with DUP_ENTRY: jobID=1010; paramsHash=19aec87b133d141c1453d8d3cfcea9d8 OR particleHash=2c1fa2d7de040eb38a83b57b289e851c; IntegrityError(1062, u"Duplicate entry '1010-\\x19\\xAE\\xC8{\\x13=\\x14\\x1C\\x14S\\xD8\\xD3\\xCF\\xCE\\xA9\\xD8' for key 'job_id'")
2014-12-27 10:11:14,733 - com.numenta.nupic.swarming.HypersearchWorker(7138) - INFO - <BUILDID=N/A, WORKER=HW, WRKID=86, JOBID=1010> Adding model 1564 to our internal DB because modelInsertAndStart() failed to insert it: paramsHash=19aec87b133d141c1453d8d3cfcea9d8, particleHash=1d6e3ede9f8f4c1c590251091f2f9992, particleId='85.20.0'
2014-12-27 10:11:14,736 - com.numenta.nupic.database.ClientJobsDAO.ClientJobsDAO(7138) - INFO - <BUILDID=N/A, WORKER=HW, WRKID=86, JOBID=1010> Model insert attempt failed with DUP_ENTRY: jobID=1010; paramsHash=19aec87b133d141c1453d8d3cfcea9d8 OR particleHash=76515a6598168399ef90dcf9d07c2b95; IntegrityError(1062, u"Duplicate entry '1010-\\x19\\xAE\\xC8{\\x13=\\x14\\x1C\\x14S\\xD8\\xD3\\xCF\\xCE\\xA9\\xD8' for key 'job_id'")
2014-12-27 10:11:14,739 - com.numenta.nupic.swarming.HypersearchWorker(7138) - INFO - <BUILDID=N/A, WORKER=HW, WRKID=86, JOBID=1010> Adding model 1564 to our internal DB because modelInsertAndStart() failed to insert it: paramsHash=19aec87b133d141c1453d8d3cfcea9d8, particleHash=1d6e3ede9f8f4c1c590251091f2f9992, particleId='85.20.0'
2014-12-27 10:11:14,741 - com.numenta.nupic.database.ClientJobsDAO.ClientJobsDAO(7138) - INFO - <BUILDID=N/A, WORKER=HW, WRKID=86, JOBID=1010> Model insert attempt failed with DUP_ENTRY: jobID=1010; paramsHash=19aec87b133d141c1453d8d3cfcea9d8 OR particleHash=e5eb06e877dadb3b1e5bcbf756735026; IntegrityError(1062, u"Duplicate entry '1010-\\x19\\xAE\\xC8{\\x13=\\x14\\x1C\\x14S\\xD8\\xD3\\xCF\\xCE\\xA9\\xD8' for key 'job_id'")
2014-12-27 10:11:14,744 - com.numenta.nupic.swarming.HypersearchWorker(7138) - INFO - <BUILDID=N/A, WORKER=HW, WRKID=86, JOBID=1010> Adding model 1564 to our internal DB because modelInsertAndStart() failed to insert it: paramsHash=19aec87b133d141c1453d8d3cfcea9d8, particleHash=1d6e3ede9f8f4c1c590251091f2f9992, particleId='85.20.0'
2014-12-27 10:11:14,747 - com.numenta.nupic.database.ClientJobsDAO.ClientJobsDAO(7138) - INFO - <BUILDID=N/A, WORKER=HW, WRKID=86, JOBID=1010> Model insert attempt failed with DUP_ENTRY: jobID=1010; paramsHash=19aec87b133d141c1453d8d3cfcea9d8 OR particleHash=130ba1fb9543e5415e137415f514b5ba; IntegrityError(1062, u"Duplicate entry '1010-\\x19\\xAE\\xC8{\\x13=\\x14\\x1C\\x14S\\xD8\\xD3\\xCF\\xCE\\xA9\\xD8' for key 'job_id'")
2014-12-27 10:11:14,751 - com.numenta.nupic.swarming.HypersearchWorker(7138) - INFO - <BUILDID=N/A, WORKER=HW, WRKID=86, JOBID=1010> Adding model 1564 to our internal DB because modelInsertAndStart() failed to insert it: paramsHash=19aec87b133d141c1453d8d3cfcea9d8, particleHash=1d6e3ede9f8f4c1c590251091f2f9992, particleId='85.20.0'
2014-12-27 10:11:14,755 - com.numenta.nupic.database.ClientJobsDAO.ClientJobsDAO(7138) - INFO - <BUILDID=N/A, WORKER=HW, WRKID=86, JOBID=1010> Model insert attempt failed with DUP_ENTRY: jobID=1010; paramsHash=19aec87b133d141c1453d8d3cfcea9d8 OR particleHash=217563791a199b0f642fd7c0629cc5dc; IntegrityError(1062, u"Duplicate entry '1010-\\x19\\xAE\\xC8{\\x13=\\x14\\x1C\\x14S\\xD8\\xD3\\xCF\\xCE\\xA9\\xD8' for key 'job_id'")
2014-12-27 10:11:14,758 - com.numenta.nupic.swarming.HypersearchWorker(7138) - INFO - <BUILDID=N/A, WORKER=HW, WRKID=86, JOBID=1010> Adding model 1564 to our internal DB because modelInsertAndStart() failed to insert it: paramsHash=19aec87b133d141c1453d8d3cfcea9d8, particleHash=1d6e3ede9f8f4c1c590251091f2f9992, particleId='85.20.0'
2014-12-27 10:11:14,761 - com.numenta.nupic.database.ClientJobsDAO.ClientJobsDAO(7138) - INFO - <BUILDID=N/A, WORKER=HW, WRKID=86, JOBID=1010> Model insert attempt failed with DUP_ENTRY: jobID=1010; paramsHash=19aec87b133d141c1453d8d3cfcea9d8 OR particleHash=c585d6fe177509278463c882d8514b72; IntegrityError(1062, u"Duplicate entry '1010-\\x19\\xAE\\xC8{\\x13=\\x14\\x1C\\x14S\\xD8\\xD3\\xCF\\xCE\\xA9\\xD8' for key 'job_id'")
2014-12-27 10:11:14,763 - com.numenta.nupic.swarming.HypersearchWorker(7138) - INFO - <BUILDID=N/A, WORKER=HW, WRKID=86, JOBID=1010> Adding model 1564 to our internal DB because modelInsertAndStart() failed to insert it: paramsHash=19aec87b133d141c1453d8d3cfcea9d8, particleHash=1d6e3ede9f8f4c1c590251091f2f9992, particleId='85.20.0'
2014-12-27 10:11:14,768 - com.numenta.nupic.database.ClientJobsDAO.ClientJobsDAO(7138) - INFO - <BUILDID=N/A, WORKER=HW, WRKID=86, JOBID=1010> Model insert attempt failed with DUP_ENTRY: jobID=1010; paramsHash=19aec87b133d141c1453d8d3cfcea9d8 OR particleHash=b11d1c43e3d81332dd3ae79f96a296ac; IntegrityError(1062, u"Duplicate entry '1010-\\x19\\xAE\\xC8{\\x13=\\x14\\x1C\\x14S\\xD8\\xD3\\xCF\\xCE\\xA9\\xD8' for key 'job_id'")
2014-12-27 10:11:14,771 - com.numenta.nupic.swarming.HypersearchWorker(7138) - INFO - <BUILDID=N/A, WORKER=HW, WRKID=86, JOBID=1010> Adding model 1564 to our internal DB because modelInsertAndStart() failed to insert it: paramsHash=19aec87b133d141c1453d8d3cfcea9d8, particleHash=1d6e3ede9f8f4c1c590251091f2f9992, particleId='85.20.0'
2014-12-27 10:11:14,779 - com.numenta.nupic.database.ClientJobsDAO.ClientJobsDAO(7138) - INFO - <BUILDID=N/A, WORKER=HW, WRKID=86, JOBID=1010> Model insert attempt failed with DUP_ENTRY: jobID=1010; paramsHash=19aec87b133d141c1453d8d3cfcea9d8 OR particleHash=582e03f09619650b09b15be0b6341b54; IntegrityError(1062, u"Duplicate entry '1010-\\x19\\xAE\\xC8{\\x13=\\x14\\x1C\\x14S\\xD8\\xD3\\xCF\\xCE\\xA9\\xD8' for key 'job_id'")
2014-12-27 10:11:14,794 - com.numenta.nupic.swarming.HypersearchWorker(7138) - INFO - <BUILDID=N/A, WORKER=HW, WRKID=86, JOBID=1010> Adding model 1564 to our internal DB because modelInsertAndStart() failed to insert it: paramsHash=19aec87b133d141c1453d8d3cfcea9d8, particleHash=1d6e3ede9f8f4c1c590251091f2f9992, particleId='85.20.0'
2014-12-27 10:11:14,799 - com.numenta.nupic.database.ClientJobsDAO.ClientJobsDAO(7138) - INFO - <BUILDID=N/A, WORKER=HW, WRKID=86, JOBID=1010> Model insert attempt failed with DUP_ENTRY: jobID=1010; paramsHash=19aec87b133d141c1453d8d3cfcea9d8 OR particleHash=d80d55f3443bbfaf9070a07d30ec2598; IntegrityError(1062, u"Duplicate entry '1010-\\x19\\xAE\\xC8{\\x13=\\x14\\x1C\\x14S\\xD8\\xD3\\xCF\\xCE\\xA9\\xD8' for key 'job_id'")
2014-12-27 10:11:14,818 - com.numenta.nupic.swarming.HypersearchWorker(7138) - INFO - <BUILDID=N/A, WORKER=HW, WRKID=86, JOBID=1010> Adding model 1564 to our internal DB because modelInsertAndStart() failed to insert it: paramsHash=19aec87b133d141c1453d8d3cfcea9d8, particleHash=1d6e3ede9f8f4c1c590251091f2f9992, particleId='85.20.0'
2014-12-27 10:11:14,823 - com.numenta.nupic.swarming.HypersearchV2.HypersearchV2(7138) - INFO - <BUILDID=N/A, WORKER=HW, WRKID=86, JOBID=1010> Completed generation #0 of swarm 'modelParams|sensorParams|encoders|kw_energy_consumption' with a best errScore of inf
2014-12-27 10:11:14,925 - com.numenta.nupic.database.ClientJobsDAO.ClientJobsDAO(7138) - INFO - <BUILDID=N/A, WORKER=HW, WRKID=86, JOBID=1010> Model insert attempt failed with DUP_ENTRY: jobID=1010; paramsHash=64ee87e1fc85a50b6238a83ad6fd62da OR particleHash=3ccb69515b0eb765b95bb90a78d6a9dc; IntegrityError(1062, u"Duplicate entry '1010-<\\xCBiQ[\\x0E\\xB7e\\xB9[\\xB9\\x0Ax\\xD6\\xA9\\xDC' for key 'job_id_2'")
2014-12-27 10:11:14,933 - com.numenta.nupic.swarming.HypersearchWorker(7138) - INFO - <BUILDID=N/A, WORKER=HW, WRKID=86, JOBID=1010> Adding model 1576 to our internal DB because modelInsertAndStart() failed to insert it: paramsHash=54a66e30fe2eacf2eb9f523c28210f24, particleHash=3ccb69515b0eb765b95bb90a78d6a9dc, particleId='85.10.1'
2014-12-27 10:11:14,936 - com.numenta.nupic.database.ClientJobsDAO.ClientJobsDAO(7138) - INFO - <BUILDID=N/A, WORKER=HW, WRKID=86, JOBID=1010> Model insert attempt failed with DUP_ENTRY: jobID=1010; paramsHash=64ee87e1fc85a50b6238a83ad6fd62da OR particleHash=3ccb69515b0eb765b95bb90a78d6a9dc; IntegrityError(1062, u"Duplicate entry '1010-<\\xCBiQ[\\x0E\\xB7e\\xB9[\\xB9\\x0Ax\\xD6\\xA9\\xDC' for key 'job_id_2'")
2014-12-27 10:11:14,949 - com.numenta.nupic.swarming.HypersearchWorker(7138) - INFO - <BUILDID=N/A, WORKER=HW, WRKID=86, JOBID=1010> Adding model 1576 to our internal DB because modelInsertAndStart() failed to insert it: paramsHash=54a66e30fe2eacf2eb9f523c28210f24, particleHash=3ccb69515b0eb765b95bb90a78d6a9dc, particleId='85.10.1'
2014-12-27 10:11:14,957 - com.numenta.nupic.database.ClientJobsDAO.ClientJobsDAO(7138) - INFO - <BUILDID=N/A, WORKER=HW, WRKID=86, JOBID=1010> Model insert attempt failed with DUP_ENTRY: jobID=1010; paramsHash=64ee87e1fc85a50b6238a83ad6fd62da OR particleHash=3ccb69515b0eb765b95bb90a78d6a9dc; IntegrityError(1062, u"Duplicate entry '1010-<\\xCBiQ[\\x0E\\xB7e\\xB9[\\xB9\\x0Ax\\xD6\\xA9\\xDC' for key 'job_id_2'")
2014-12-27 10:11:14,959 - com.numenta.nupic.swarming.HypersearchWorker(7138) - INFO - <BUILDID=N/A, WORKER=HW, WRKID=86, JOBID=1010> Adding model 1576 to our internal DB because modelInsertAndStart() failed to insert it: paramsHash=54a66e30fe2eacf2eb9f523c28210f24, particleHash=3ccb69515b0eb765b95bb90a78d6a9dc, particleId='85.10.1'
2014-12-27 10:11:14,963 - com.numenta.nupic.database.ClientJobsDAO.ClientJobsDAO(7138) - INFO - <BUILDID=N/A, WORKER=HW, WRKID=86, JOBID=1010> Model insert attempt failed with DUP_ENTRY: jobID=1010; paramsHash=64ee87e1fc85a50b6238a83ad6fd62da OR particleHash=3ccb69515b0eb765b95bb90a78d6a9dc; IntegrityError(1062, u"Duplicate entry '1010-<\\xCBiQ[\\x0E\\xB7e\\xB9[\\xB9\\x0Ax\\xD6\\xA9\\xDC' for key 'job_id_2'")
2014-12-27 10:11:14,965 - com.numenta.nupic.swarming.HypersearchWorker(7138) - INFO - <BUILDID=N/A, WORKER=HW, WRKID=86, JOBID=1010> Adding model 1576 to our internal DB because modelInsertAndStart() failed to insert it: paramsHash=54a66e30fe2eacf2eb9f523c28210f24, particleHash=3ccb69515b0eb765b95bb90a78d6a9dc, particleId='85.10.1'
2014-12-27 10:11:14,972 - com.numenta.nupic.database.ClientJobsDAO.ClientJobsDAO(7138) - INFO - <BUILDID=N/A, WORKER=HW, WRKID=86, JOBID=1010> Model insert attempt failed with DUP_ENTRY: jobID=1010; paramsHash=64ee87e1fc85a50b6238a83ad6fd62da OR particleHash=3ccb69515b0eb765b95bb90a78d6a9dc; IntegrityError(1062, u"Duplicate entry '1010-<\\xCBiQ[\\x0E\\xB7e\\xB9[\\xB9\\x0Ax\\xD6\\xA9\\xDC' for key 'job_id_2'")
2014-12-27 10:11:14,974 - com.numenta.nupic.swarming.HypersearchWorker(7138) - INFO - <BUILDID=N/A, WORKER=HW, WRKID=86, JOBID=1010> Adding model 1576 to our internal DB because modelInsertAndStart() failed to insert it: paramsHash=54a66e30fe2eacf2eb9f523c28210f24, particleHash=3ccb69515b0eb765b95bb90a78d6a9dc, particleId='85.10.1'
2014-12-27 10:11:14,984 - com.numenta.nupic.database.ClientJobsDAO.ClientJobsDAO(7138) - INFO - <BUILDID=N/A, WORKER=HW, WRKID=86, JOBID=1010> Model insert attempt failed with DUP_ENTRY: jobID=1010; paramsHash=64ee87e1fc85a50b6238a83ad6fd62da OR particleHash=3ccb69515b0eb765b95bb90a78d6a9dc; IntegrityError(1062, u"Duplicate entry '1010-<\\xCBiQ[\\x0E\\xB7e\\xB9[\\xB9\\x0Ax\\xD6\\xA9\\xDC' for key 'job_id_2'")
2014-12-27 10:11:15,000 - com.numenta.nupic.swarming.HypersearchWorker(7138) - INFO - <BUILDID=N/A, WORKER=HW, WRKID=86, JOBID=1010> Adding model 1576 to our internal DB because modelInsertAndStart() failed to insert it: paramsHash=54a66e30fe2eacf2eb9f523c28210f24, particleHash=3ccb69515b0eb765b95bb90a78d6a9dc, particleId='85.10.1'
2014-12-27 10:11:15,003 - com.numenta.nupic.database.ClientJobsDAO.ClientJobsDAO(7138) - INFO - <BUILDID=N/A, WORKER=HW, WRKID=86, JOBID=1010> Model insert attempt failed with DUP_ENTRY: jobID=1010; paramsHash=64ee87e1fc85a50b6238a83ad6fd62da OR particleHash=3ccb69515b0eb765b95bb90a78d6a9dc; IntegrityError(1062, u"Duplicate entry '1010-<\\xCBiQ[\\x0E\\xB7e\\xB9[\\xB9\\x0Ax\\xD6\\xA9\\xDC' for key 'job_id_2'")
2014-12-27 10:11:15,013 - com.numenta.nupic.swarming.HypersearchWorker(7138) - INFO - <BUILDID=N/A, WORKER=HW, WRKID=86, JOBID=1010> Adding model 1576 to our internal DB because modelInsertAndStart() failed to insert it: paramsHash=54a66e30fe2eacf2eb9f523c28210f24, particleHash=3ccb69515b0eb765b95bb90a78d6a9dc, particleId='85.10.1'
2014-12-27 10:11:15,016 - com.numenta.nupic.database.ClientJobsDAO.ClientJobsDAO(7138) - INFO - <BUILDID=N/A, WORKER=HW, WRKID=86, JOBID=1010> Model insert attempt failed with DUP_ENTRY: jobID=1010; paramsHash=64ee87e1fc85a50b6238a83ad6fd62da OR particleHash=3ccb69515b0eb765b95bb90a78d6a9dc; IntegrityError(1062, u"Duplicate entry '1010-<\\xCBiQ[\\x0E\\xB7e\\xB9[\\xB9\\x0Ax\\xD6\\xA9\\xDC' for key 'job_id_2'")
2014-12-27 10:11:15,023 - com.numenta.nupic.swarming.HypersearchWorker(7138) - INFO - <BUILDID=N/A, WORKER=HW, WRKID=86, JOBID=1010> Adding model 1576 to our internal DB because modelInsertAndStart() failed to insert it: paramsHash=54a66e30fe2eacf2eb9f523c28210f24, particleHash=3ccb69515b0eb765b95bb90a78d6a9dc, particleId='85.10.1'
2014-12-27 10:11:15,029 - com.numenta.nupic.database.ClientJobsDAO.ClientJobsDAO(7138) - INFO - <BUILDID=N/A, WORKER=HW, WRKID=86, JOBID=1010> Model insert attempt failed with DUP_ENTRY: jobID=1010; paramsHash=64ee87e1fc85a50b6238a83ad6fd62da OR particleHash=3ccb69515b0eb765b95bb90a78d6a9dc; IntegrityError(1062, u"Duplicate entry '1010-<\\xCBiQ[\\x0E\\xB7e\\xB9[\\xB9\\x0Ax\\xD6\\xA9\\xDC' for key 'job_id_2'")
2014-12-27 10:11:15,034 - com.numenta.nupic.swarming.HypersearchWorker(7138) - INFO - <BUILDID=N/A, WORKER=HW, WRKID=86, JOBID=1010> Adding model 1576 to our internal DB because modelInsertAndStart() failed to insert it: paramsHash=54a66e30fe2eacf2eb9f523c28210f24, particleHash=3ccb69515b0eb765b95bb90a78d6a9dc, particleId='85.10.1'
2014-12-27 10:11:15,037 - com.numenta.nupic.database.ClientJobsDAO.ClientJobsDAO(7138) - INFO - <BUILDID=N/A, WORKER=HW, WRKID=86, JOBID=1010> Model insert attempt failed with DUP_ENTRY: jobID=1010; paramsHash=64ee87e1fc85a50b6238a83ad6fd62da OR particleHash=3ccb69515b0eb765b95bb90a78d6a9dc; IntegrityError(1062, u"Duplicate entry '1010-<\\xCBiQ[\\x0E\\xB7e\\xB9[\\xB9\\x0Ax\\xD6\\xA9\\xDC' for key 'job_id_2'")
2014-12-27 10:11:15,045 - com.numenta.nupic.swarming.HypersearchWorker(7138) - INFO - <BUILDID=N/A, WORKER=HW, WRKID=86, JOBID=1010> Adding model 1576 to our internal DB because modelInsertAndStart() failed to insert it: paramsHash=54a66e30fe2eacf2eb9f523c28210f24, particleHash=3ccb69515b0eb765b95bb90a78d6a9dc, particleId='85.10.1'
2014-12-27 10:11:15,050 - com.numenta.nupic.swarming.HypersearchV2.SwarmTerminator(7138) - INFO - <BUILDID=N/A, WORKER=HW, WRKID=86, JOBID=1010> Swarm modelParams|sensorParams|encoders|kw_energy_consumption has matured (no change in 2 generations).Stopping...
2014-12-27 10:11:15,050 - com.numenta.nupic.swarming.HypersearchV2.HypersearchV2(7138) - INFO - <BUILDID=N/A, WORKER=HW, WRKID=86, JOBID=1010> Completed generation #1 of swarm 'modelParams|sensorParams|encoders|kw_energy_consumption' with a best errScore of inf. Matured swarm(s): [u'modelParams|sensorParams|encoders|kw_energy_consumption']
2014-12-27 10:11:15,053 - com.numenta.nupic.swarming.HypersearchV2.HypersearchV2(7138) - INFO - <BUILDID=N/A, WORKER=HW, WRKID=86, JOBID=1010> Swarm matured: modelParams|sensorParams|encoders|kw_energy_consumption. Score at generation 1: inf
2014-12-27 10:11:15,057 - com.numenta.nupic.swarming.HypersearchV2.HypersearchV2(7138) - INFO - <BUILDID=N/A, WORKER=HW, WRKID=86, JOBID=1010> Active swarms changed to [] (from [u'modelParams|sensorParams|encoders|kw_energy_consumption'])
2014-12-27 10:11:15,058 - com.numenta.nupic.swarming.HypersearchV2.HypersearchV2(7138) - ERROR - <BUILDID=N/A, WORKER=HW, WRKID=86, JOBID=1010> E10002: Exiting due to receiving too many models failing from exceptions (6 out of 6). 
Model Exception: Exception occurred while running model 1572: Exception(u'Invalid file format for "/home/pat/workspace/nupic/examples/opf/clients/hotgym/prediction/sandiego/sandiego.csv" - field type ""2011-02-01 01:00:00"" not one of (\'string\', \'datetime\', \'int\', \'float\', \'bool\', \'sdr\') ',) (<type 'exceptions.Exception'>)
Traceback (most recent call last):
  File "/home/pat/workspace/nupic/nupic/swarming/utils.py", line 430, in runModelGivenBaseAndParams
    (completionReason, completionMsg) = runner.run()
  File "/home/pat/workspace/nupic/nupic/swarming/ModelRunner.py", line 237, in run
    maxTimeout=readTimeout)
  File "/home/pat/workspace/nupic/nupic/data/stream_reader.py", line 210, in __init__
    self._openStream(dataUrl, isBlocking, maxTimeout, bookmark, firstRecordIdx)
  File "/home/pat/workspace/nupic/nupic/data/stream_reader.py", line 298, in _openStream
    firstRecord=firstRecordIdx)
  File "/home/pat/workspace/nupic/nupic/data/file_record_stream.py", line 209, in __init__
    'not one of %s ' % (self._filename, t, allowedTypes))
Exception: Invalid file format for "/home/pat/workspace/nupic/examples/opf/clients/hotgym/prediction/sandiego/sandiego.csv" - field type ""2011-02-01 01:00:00"" not one of ('string', 'datetime', 'int', 'float', 'bool', 'sdr') 

2014-12-27 10:11:15,063 - com.numenta.nupic.swarming.HypersearchV2.HypersearchV2(7138) - INFO - <BUILDID=N/A, WORKER=HW, WRKID=86, JOBID=1010> Failed updating the field contributions, another hypersearch worker must have updated it
2014-12-27 10:11:15,064 - com.numenta.nupic.swarming.HypersearchWorker(7138) - INFO - <BUILDID=N/A, WORKER=HW, WRKID=86, JOBID=1010> FINISHED. Evaluated 0 models.
