2015-06-30 09:16:10,197 - com.numenta.nupic.swarming.HypersearchWorker(5907) - INFO - <BUILDID=N/A, WORKER=HS, WRKID=N/A, JOBID=N/A> Launched with command line arguments: ['--jobID=1030']
2015-06-30 09:16:10,198 - com.numenta.nupic.swarming.HypersearchWorker(5907) - INFO - <BUILDID=N/A, WORKER=HS, WRKID=N/A, JOBID=N/A> Connecting to the jobs database
2015-06-30 09:16:10,198 - com.numenta.nupic.database.Connection.ConnectionFactory(5907) - INFO - <BUILDID=N/A, WORKER=HS, WRKID=N/A, JOBID=N/A> Creating db connection policy via provider <bound method type._createDefaultPolicy of <class 'nupic.database.Connection.ConnectionFactory'>>
2015-06-30 09:16:10,204 - com.numenta.nupic.database.Connection.PooledConnectionPolicy(5907) - INFO - <BUILDID=N/A, WORKER=HS, WRKID=N/A, JOBID=N/A> Created PooledConnectionPolicy
2015-06-30 09:16:10,222 - com.numenta.nupic.database.ClientJobsDAO.ClientJobsDAO(5907) - INFO - <BUILDID=N/A, WORKER=HS, WRKID=N/A, JOBID=N/A> clientJobsConnectionID=66
2015-06-30 09:16:10,224 - com.numenta.nupic.swarming.HypersearchWorker(5907) - INFO - <BUILDID=N/A, WORKER=HW, WRKID=66, JOBID=1030> Job info retrieved: {'engModelMilestones': 'None', 'clientInfo': '', 'numFailedWorkers': '0', 'engJobType': 'hypersearch', 'results': 'None', 'jobId': '1030', 'completionMsg': 'None', 'cancel': '0', 'engWorkerState': 'None', 'workerCompletionMsg': 'None', 'jobHash': "Qy\xc0O\x1fC\x11\xe5\x97X\x08\x00'\x16\xdf\xd4", 'genBaseDescription': 'None', 'completionReason': 'None', 'priority': '0', 'cmdLine': '$HYPERSEARCH', 'params': '{"hsVersion": "v2", "maxModels": null, "persistentJobGUID": "517...', 'workerCompletionReason': 'success', 'engAllocateNewWorkers': '1', 'lastFailedWorkerErrorMsg': 'None', 'engUntendedDeadWorkers': '0', 'engLastUpdateTime': '2015-06-30 16:16:09', 'status': 'notStarted', 'engStatus': 'None', 'startTime': 'None', 'minimumWorkers': '1', 'endTime': 'None', 'engCjmConnId': 'None', 'genPermutations': 'None', 'client': 'GRP', 'engCleaningStatus': 'notdone', 'clientKey': '', 'maximumWorkers': '4'}
2015-06-30 09:16:10,228 - com.numenta.nupic.swarming.HypersearchV2.HypersearchV2(5907) - INFO - <BUILDID=N/A, WORKER=HW, WRKID=66, JOBID=1030> searchParams: 
{u'description': {u'includedFields': [{u'fieldName': 'timestamp',
                                       u'fieldType': 'datetime'},
                                      {u'fieldName': 'euse',
                                       u'fieldType': 'float',
                                       u'maxValue': '35.0',
                                       u'minValue': '10.0'}],
                  u'inferenceArgs': {u'predictedField': 'euse',
                                     u'predictionSteps': ['4']},
                  u'inferenceType': 'TemporalMultiStep',
                  u'iterationCount': '-1',
                  u'streamDef': {u'info': 'kwh',
                                 u'streams': [{u'columns': ['timestamp',
                                                            'euse'],
                                               u'info': 'energy_only_252',
                                               u'source': '/home/pat/workspace/pecan/house_data/252_data/252_clean_data.csv'}]},
                  u'swarmSize': 'small'},
 u'hsVersion': 'v2',
 u'maxModels': 'None',
 u'persistentJobGUID': '5179c04e-1f43-11e5-9758-08002716dfd4',
 u'useTerminators': 'False'}
2015-06-30 09:16:10,456 - com.numenta.nupic.swarming.HypersearchV2.HypersearchV2(5907) - INFO - <BUILDID=N/A, WORKER=HW, WRKID=66, JOBID=1030> Active swarms changed to [u'modelParams|sensorParams|encoders|euse'] (from None)
2015-06-30 09:16:10,574 - com.numenta.nupic.database.ClientJobsDAO.ClientJobsDAO(5907) - INFO - <BUILDID=N/A, WORKER=HW, WRKID=66, JOBID=1030> Model insert attempt failed with DUP_ENTRY: jobID=1030; paramsHash=507d0ba6bd8a1885ca1e4857d7ee15aa OR particleHash=b2b1d5f114b183feca6f856b9d4d3a16; IntegrityError(1062, u"Duplicate entry '1030-P}\\x0B\\xA6\\xBD\\x8A\\x18\\x85\\xCA\\x1EHW\\xD7\\xEE\\x15\\xAA' for key 'job_id'")
2015-06-30 09:16:10,579 - com.numenta.nupic.swarming.HypersearchWorker(5907) - INFO - <BUILDID=N/A, WORKER=HW, WRKID=66, JOBID=1030> Adding model 3182 to our internal DB because modelInsertAndStart() failed to insert it: paramsHash=507d0ba6bd8a1885ca1e4857d7ee15aa, particleHash=069e609ae31cd26b415c2a3fc71744f4, particleId='67.0.0'
2015-06-30 09:16:10,600 - com.numenta.nupic.database.ClientJobsDAO.ClientJobsDAO(5907) - INFO - <BUILDID=N/A, WORKER=HW, WRKID=66, JOBID=1030> Model insert attempt failed with DUP_ENTRY: jobID=1030; paramsHash=507d0ba6bd8a1885ca1e4857d7ee15aa OR particleHash=c340d9cfa5f2dd4a42eadab67daeb756; IntegrityError(1062, u"Duplicate entry '1030-P}\\x0B\\xA6\\xBD\\x8A\\x18\\x85\\xCA\\x1EHW\\xD7\\xEE\\x15\\xAA' for key 'job_id'")
2015-06-30 09:16:10,607 - com.numenta.nupic.swarming.HypersearchWorker(5907) - INFO - <BUILDID=N/A, WORKER=HW, WRKID=66, JOBID=1030> Adding model 3182 to our internal DB because modelInsertAndStart() failed to insert it: paramsHash=507d0ba6bd8a1885ca1e4857d7ee15aa, particleHash=069e609ae31cd26b415c2a3fc71744f4, particleId='67.0.0'
2015-06-30 09:16:10,665 - com.numenta.nupic.database.ClientJobsDAO.ClientJobsDAO(5907) - INFO - <BUILDID=N/A, WORKER=HW, WRKID=66, JOBID=1030> Model insert attempt failed with DUP_ENTRY: jobID=1030; paramsHash=507d0ba6bd8a1885ca1e4857d7ee15aa OR particleHash=12042114b2bdc79eea4d17d54cf6d914; IntegrityError(1062, u"Duplicate entry '1030-P}\\x0B\\xA6\\xBD\\x8A\\x18\\x85\\xCA\\x1EHW\\xD7\\xEE\\x15\\xAA' for key 'job_id'")
2015-06-30 09:16:10,675 - com.numenta.nupic.swarming.HypersearchWorker(5907) - INFO - <BUILDID=N/A, WORKER=HW, WRKID=66, JOBID=1030> Adding model 3182 to our internal DB because modelInsertAndStart() failed to insert it: paramsHash=507d0ba6bd8a1885ca1e4857d7ee15aa, particleHash=069e609ae31cd26b415c2a3fc71744f4, particleId='67.0.0'
2015-06-30 09:16:10,687 - com.numenta.nupic.database.ClientJobsDAO.ClientJobsDAO(5907) - INFO - <BUILDID=N/A, WORKER=HW, WRKID=66, JOBID=1030> Model insert attempt failed with DUP_ENTRY: jobID=1030; paramsHash=507d0ba6bd8a1885ca1e4857d7ee15aa OR particleHash=e8e640d0554d7279d2e77f808ace868c; IntegrityError(1062, u"Duplicate entry '1030-P}\\x0B\\xA6\\xBD\\x8A\\x18\\x85\\xCA\\x1EHW\\xD7\\xEE\\x15\\xAA' for key 'job_id'")
2015-06-30 09:16:10,700 - com.numenta.nupic.swarming.HypersearchWorker(5907) - INFO - <BUILDID=N/A, WORKER=HW, WRKID=66, JOBID=1030> Adding model 3182 to our internal DB because modelInsertAndStart() failed to insert it: paramsHash=507d0ba6bd8a1885ca1e4857d7ee15aa, particleHash=069e609ae31cd26b415c2a3fc71744f4, particleId='67.0.0'
2015-06-30 09:16:10,714 - com.numenta.nupic.database.ClientJobsDAO.ClientJobsDAO(5907) - INFO - <BUILDID=N/A, WORKER=HW, WRKID=66, JOBID=1030> Model insert attempt failed with DUP_ENTRY: jobID=1030; paramsHash=507d0ba6bd8a1885ca1e4857d7ee15aa OR particleHash=2775a265053338e72c234faaab15b08c; IntegrityError(1062, u"Duplicate entry '1030-P}\\x0B\\xA6\\xBD\\x8A\\x18\\x85\\xCA\\x1EHW\\xD7\\xEE\\x15\\xAA' for key 'job_id'")
2015-06-30 09:16:10,719 - com.numenta.nupic.swarming.HypersearchWorker(5907) - INFO - <BUILDID=N/A, WORKER=HW, WRKID=66, JOBID=1030> Adding model 3182 to our internal DB because modelInsertAndStart() failed to insert it: paramsHash=507d0ba6bd8a1885ca1e4857d7ee15aa, particleHash=069e609ae31cd26b415c2a3fc71744f4, particleId='67.0.0'
2015-06-30 09:16:10,728 - com.numenta.nupic.database.ClientJobsDAO.ClientJobsDAO(5907) - INFO - <BUILDID=N/A, WORKER=HW, WRKID=66, JOBID=1030> Model insert attempt failed with DUP_ENTRY: jobID=1030; paramsHash=507d0ba6bd8a1885ca1e4857d7ee15aa OR particleHash=6825d85f6282390b2bff016cf852087a; IntegrityError(1062, u"Duplicate entry '1030-P}\\x0B\\xA6\\xBD\\x8A\\x18\\x85\\xCA\\x1EHW\\xD7\\xEE\\x15\\xAA' for key 'job_id'")
2015-06-30 09:16:10,745 - com.numenta.nupic.swarming.HypersearchWorker(5907) - INFO - <BUILDID=N/A, WORKER=HW, WRKID=66, JOBID=1030> Adding model 3182 to our internal DB because modelInsertAndStart() failed to insert it: paramsHash=507d0ba6bd8a1885ca1e4857d7ee15aa, particleHash=069e609ae31cd26b415c2a3fc71744f4, particleId='67.0.0'
2015-06-30 09:16:10,755 - com.numenta.nupic.database.ClientJobsDAO.ClientJobsDAO(5907) - INFO - <BUILDID=N/A, WORKER=HW, WRKID=66, JOBID=1030> Model insert attempt failed with DUP_ENTRY: jobID=1030; paramsHash=507d0ba6bd8a1885ca1e4857d7ee15aa OR particleHash=fb03c9ef152621b7010542e782da8545; IntegrityError(1062, u"Duplicate entry '1030-P}\\x0B\\xA6\\xBD\\x8A\\x18\\x85\\xCA\\x1EHW\\xD7\\xEE\\x15\\xAA' for key 'job_id'")
2015-06-30 09:16:10,769 - com.numenta.nupic.swarming.HypersearchWorker(5907) - INFO - <BUILDID=N/A, WORKER=HW, WRKID=66, JOBID=1030> Adding model 3182 to our internal DB because modelInsertAndStart() failed to insert it: paramsHash=507d0ba6bd8a1885ca1e4857d7ee15aa, particleHash=069e609ae31cd26b415c2a3fc71744f4, particleId='67.0.0'
2015-06-30 09:16:10,778 - com.numenta.nupic.database.ClientJobsDAO.ClientJobsDAO(5907) - INFO - <BUILDID=N/A, WORKER=HW, WRKID=66, JOBID=1030> Model insert attempt failed with DUP_ENTRY: jobID=1030; paramsHash=507d0ba6bd8a1885ca1e4857d7ee15aa OR particleHash=aabd118bf2bf34b4703f36970da516bc; IntegrityError(1062, u"Duplicate entry '1030-P}\\x0B\\xA6\\xBD\\x8A\\x18\\x85\\xCA\\x1EHW\\xD7\\xEE\\x15\\xAA' for key 'job_id'")
2015-06-30 09:16:10,785 - com.numenta.nupic.swarming.HypersearchWorker(5907) - INFO - <BUILDID=N/A, WORKER=HW, WRKID=66, JOBID=1030> Adding model 3182 to our internal DB because modelInsertAndStart() failed to insert it: paramsHash=507d0ba6bd8a1885ca1e4857d7ee15aa, particleHash=069e609ae31cd26b415c2a3fc71744f4, particleId='67.0.0'
2015-06-30 09:16:10,796 - com.numenta.nupic.database.ClientJobsDAO.ClientJobsDAO(5907) - INFO - <BUILDID=N/A, WORKER=HW, WRKID=66, JOBID=1030> Model insert attempt failed with DUP_ENTRY: jobID=1030; paramsHash=507d0ba6bd8a1885ca1e4857d7ee15aa OR particleHash=1eedebe69a40384be5ca31056b30766b; IntegrityError(1062, u"Duplicate entry '1030-P}\\x0B\\xA6\\xBD\\x8A\\x18\\x85\\xCA\\x1EHW\\xD7\\xEE\\x15\\xAA' for key 'job_id'")
2015-06-30 09:16:10,810 - com.numenta.nupic.swarming.HypersearchWorker(5907) - INFO - <BUILDID=N/A, WORKER=HW, WRKID=66, JOBID=1030> Adding model 3182 to our internal DB because modelInsertAndStart() failed to insert it: paramsHash=507d0ba6bd8a1885ca1e4857d7ee15aa, particleHash=069e609ae31cd26b415c2a3fc71744f4, particleId='67.0.0'
2015-06-30 09:16:10,817 - com.numenta.nupic.database.ClientJobsDAO.ClientJobsDAO(5907) - INFO - <BUILDID=N/A, WORKER=HW, WRKID=66, JOBID=1030> Model insert attempt failed with DUP_ENTRY: jobID=1030; paramsHash=507d0ba6bd8a1885ca1e4857d7ee15aa OR particleHash=e8059cfa71e33911396abbdb0efc6065; IntegrityError(1062, u"Duplicate entry '1030-P}\\x0B\\xA6\\xBD\\x8A\\x18\\x85\\xCA\\x1EHW\\xD7\\xEE\\x15\\xAA' for key 'job_id'")
2015-06-30 09:16:10,834 - com.numenta.nupic.swarming.HypersearchWorker(5907) - INFO - <BUILDID=N/A, WORKER=HW, WRKID=66, JOBID=1030> Adding model 3182 to our internal DB because modelInsertAndStart() failed to insert it: paramsHash=507d0ba6bd8a1885ca1e4857d7ee15aa, particleHash=069e609ae31cd26b415c2a3fc71744f4, particleId='67.0.0'
2015-06-30 09:16:10,843 - com.numenta.nupic.swarming.HypersearchV2.HypersearchV2(5907) - INFO - <BUILDID=N/A, WORKER=HW, WRKID=66, JOBID=1030> Ready to end hyperseach, but not all models have matured yet. Sleeping a bit to wait for all models to mature.
2015-06-30 09:16:14,063 - com.numenta.nupic.swarming.HypersearchV2.HypersearchV2(5907) - ERROR - <BUILDID=N/A, WORKER=HW, WRKID=66, JOBID=1030> Exiting because some worker set the workerCompletionReason to error. WorkerCompletionMsg: Exiting because results did not improve in most recently completed sprint.
2015-06-30 09:16:14,077 - com.numenta.nupic.swarming.HypersearchV2.HypersearchV2(5907) - INFO - <BUILDID=N/A, WORKER=HW, WRKID=66, JOBID=1030> Successfully updated the field contributions:{u'euse': nan}
2015-06-30 09:16:14,077 - com.numenta.nupic.swarming.HypersearchWorker(5907) - INFO - <BUILDID=N/A, WORKER=HW, WRKID=66, JOBID=1030> FINISHED. Evaluated 0 models.
